[2022-07-04 16:06:49,502] {taskinstance.py:1159} INFO - Dependencies all met for <TaskInstance: first_dag.process_user manual__2022-07-04T16:06:44.457684+00:00 [queued]>
[2022-07-04 16:06:49,513] {taskinstance.py:1159} INFO - Dependencies all met for <TaskInstance: first_dag.process_user manual__2022-07-04T16:06:44.457684+00:00 [queued]>
[2022-07-04 16:06:49,514] {taskinstance.py:1356} INFO - 
--------------------------------------------------------------------------------
[2022-07-04 16:06:49,515] {taskinstance.py:1357} INFO - Starting attempt 1 of 1
[2022-07-04 16:06:49,515] {taskinstance.py:1358} INFO - 
--------------------------------------------------------------------------------
[2022-07-04 16:06:49,532] {taskinstance.py:1377} INFO - Executing <Task(PythonOperator): process_user> on 2022-07-04 16:06:44.457684+00:00
[2022-07-04 16:06:49,539] {standard_task_runner.py:52} INFO - Started process 1073 to run task
[2022-07-04 16:06:49,542] {standard_task_runner.py:79} INFO - Running: ['***', 'tasks', 'run', 'first_dag', 'process_user', 'manual__2022-07-04T16:06:44.457684+00:00', '--job-id', '29', '--raw', '--subdir', 'DAGS_FOLDER/first_dag.py', '--cfg-path', '/tmp/tmptejeq8tn', '--error-file', '/tmp/tmp73zqh1y1']
[2022-07-04 16:06:49,543] {standard_task_runner.py:80} INFO - Job 29: Subtask process_user
[2022-07-04 16:06:49,640] {task_command.py:370} INFO - Running <TaskInstance: first_dag.process_user manual__2022-07-04T16:06:44.457684+00:00 [running]> on host b631230cc7b5
[2022-07-04 16:06:49,753] {taskinstance.py:1571} INFO - Exporting the following env vars:
AIRFLOW_CTX_DAG_OWNER=***
AIRFLOW_CTX_DAG_ID=first_dag
AIRFLOW_CTX_TASK_ID=process_user
AIRFLOW_CTX_EXECUTION_DATE=2022-07-04T16:06:44.457684+00:00
AIRFLOW_CTX_TRY_NUMBER=1
AIRFLOW_CTX_DAG_RUN_ID=manual__2022-07-04T16:06:44.457684+00:00
[2022-07-04 16:06:49,807] {python.py:173} INFO - Done. Returned value was: None
[2022-07-04 16:06:49,826] {taskinstance.py:1400} INFO - Marking task as SUCCESS. dag_id=first_dag, task_id=process_user, execution_date=20220704T160644, start_date=20220704T160649, end_date=20220704T160649
[2022-07-04 16:06:49,880] {local_task_job.py:156} INFO - Task exited with return code 0
[2022-07-04 16:06:49,932] {local_task_job.py:273} INFO - 1 downstream tasks scheduled from follow-on schedule check
