[2022-07-05 04:55:50,859] {taskinstance.py:1159} INFO - Dependencies all met for <TaskInstance: parallel_dag.extract_a scheduled__2022-01-03T00:00:00+00:00 [queued]>
[2022-07-05 04:55:51,153] {taskinstance.py:1159} INFO - Dependencies all met for <TaskInstance: parallel_dag.extract_a scheduled__2022-01-03T00:00:00+00:00 [queued]>
[2022-07-05 04:55:51,154] {taskinstance.py:1356} INFO - 
--------------------------------------------------------------------------------
[2022-07-05 04:55:51,154] {taskinstance.py:1357} INFO - Starting attempt 1 of 1
[2022-07-05 04:55:51,154] {taskinstance.py:1358} INFO - 
--------------------------------------------------------------------------------
[2022-07-05 04:55:51,348] {taskinstance.py:1377} INFO - Executing <Task(BashOperator): extract_a> on 2022-01-03 00:00:00+00:00
[2022-07-05 04:55:51,372] {standard_task_runner.py:52} INFO - Started process 444 to run task
[2022-07-05 04:55:51,430] {standard_task_runner.py:79} INFO - Running: ['***', 'tasks', 'run', 'parallel_dag', 'extract_a', 'scheduled__2022-01-03T00:00:00+00:00', '--job-id', '22', '--raw', '--subdir', 'DAGS_FOLDER/parallel_dag.py', '--cfg-path', '/tmp/tmpgr79qcq2', '--error-file', '/tmp/tmp6frn9gnv']
[2022-07-05 04:55:51,441] {standard_task_runner.py:80} INFO - Job 22: Subtask extract_a
[2022-07-05 04:55:52,052] {task_command.py:370} INFO - Running <TaskInstance: parallel_dag.extract_a scheduled__2022-01-03T00:00:00+00:00 [running]> on host dfb99dfc9d64
[2022-07-05 04:55:53,202] {taskinstance.py:1571} INFO - Exporting the following env vars:
AIRFLOW_CTX_DAG_OWNER=***
AIRFLOW_CTX_DAG_ID=parallel_dag
AIRFLOW_CTX_TASK_ID=extract_a
AIRFLOW_CTX_EXECUTION_DATE=2022-01-03T00:00:00+00:00
AIRFLOW_CTX_TRY_NUMBER=1
AIRFLOW_CTX_DAG_RUN_ID=scheduled__2022-01-03T00:00:00+00:00
[2022-07-05 04:55:53,203] {subprocess.py:62} INFO - Tmp dir root location: 
 /tmp
[2022-07-05 04:55:53,204] {subprocess.py:74} INFO - Running command: ['bash', '-c', 'sleep 1']
[2022-07-05 04:55:53,386] {subprocess.py:85} INFO - Output:
[2022-07-05 04:55:54,415] {subprocess.py:96} INFO - Command exited with return code 0
[2022-07-05 04:55:55,008] {taskinstance.py:1400} INFO - Marking task as SUCCESS. dag_id=parallel_dag, task_id=extract_a, execution_date=20220103T000000, start_date=20220705T045550, end_date=20220705T045555
[2022-07-05 04:55:55,275] {local_task_job.py:156} INFO - Task exited with return code 0
[2022-07-05 04:55:55,835] {local_task_job.py:273} INFO - 1 downstream tasks scheduled from follow-on schedule check
