[2022-07-31 04:58:44,052] {taskinstance.py:1159} INFO - Dependencies all met for <TaskInstance: parallel_dag.task2 scheduled__2022-07-30T00:00:00+00:00 [queued]>
[2022-07-31 04:58:44,063] {taskinstance.py:1159} INFO - Dependencies all met for <TaskInstance: parallel_dag.task2 scheduled__2022-07-30T00:00:00+00:00 [queued]>
[2022-07-31 04:58:44,063] {taskinstance.py:1356} INFO - 
--------------------------------------------------------------------------------
[2022-07-31 04:58:44,063] {taskinstance.py:1357} INFO - Starting attempt 1 of 1
[2022-07-31 04:58:44,063] {taskinstance.py:1358} INFO - 
--------------------------------------------------------------------------------
[2022-07-31 04:58:44,081] {taskinstance.py:1377} INFO - Executing <Task(BashOperator): task2> on 2022-07-30 00:00:00+00:00
[2022-07-31 04:58:44,086] {standard_task_runner.py:52} INFO - Started process 177 to run task
[2022-07-31 04:58:44,091] {standard_task_runner.py:79} INFO - Running: ['***', 'tasks', 'run', 'parallel_dag', 'task2', 'scheduled__2022-07-30T00:00:00+00:00', '--job-id', '174', '--raw', '--subdir', 'DAGS_FOLDER/concurrency/parallel_dag.py', '--cfg-path', '/tmp/tmp7_mpqeyd', '--error-file', '/tmp/tmp9q6gui4b']
[2022-07-31 04:58:44,091] {standard_task_runner.py:80} INFO - Job 174: Subtask task2
[2022-07-31 04:58:44,155] {task_command.py:370} INFO - Running <TaskInstance: parallel_dag.task2 scheduled__2022-07-30T00:00:00+00:00 [running]> on host 5ea1e67392c5
[2022-07-31 04:58:44,311] {taskinstance.py:1571} INFO - Exporting the following env vars:
AIRFLOW_CTX_DAG_OWNER=Airflow
AIRFLOW_CTX_DAG_ID=parallel_dag
AIRFLOW_CTX_TASK_ID=task2
AIRFLOW_CTX_EXECUTION_DATE=2022-07-30T00:00:00+00:00
AIRFLOW_CTX_TRY_NUMBER=1
AIRFLOW_CTX_DAG_RUN_ID=scheduled__2022-07-30T00:00:00+00:00
[2022-07-31 04:58:44,312] {subprocess.py:62} INFO - Tmp dir root location: 
 /tmp
[2022-07-31 04:58:44,313] {subprocess.py:74} INFO - Running command: ['bash', '-c', 'sleep 10']
[2022-07-31 04:58:44,341] {subprocess.py:85} INFO - Output:
[2022-07-31 04:58:54,351] {subprocess.py:96} INFO - Command exited with return code 0
[2022-07-31 04:58:54,415] {taskinstance.py:1400} INFO - Marking task as SUCCESS. dag_id=parallel_dag, task_id=task2, execution_date=20220730T000000, start_date=20220731T045844, end_date=20220731T045854
[2022-07-31 04:58:54,450] {local_task_job.py:156} INFO - Task exited with return code 0
[2022-07-31 04:58:54,522] {local_task_job.py:273} INFO - 0 downstream tasks scheduled from follow-on schedule check
