[2022-07-05 05:32:19,753] {taskinstance.py:1159} INFO - Dependencies all met for <TaskInstance: task_group.download_files.Download_file2 manual__2022-07-05T05:32:18.155544+00:00 [queued]>
[2022-07-05 05:32:19,773] {taskinstance.py:1159} INFO - Dependencies all met for <TaskInstance: task_group.download_files.Download_file2 manual__2022-07-05T05:32:18.155544+00:00 [queued]>
[2022-07-05 05:32:19,773] {taskinstance.py:1356} INFO - 
--------------------------------------------------------------------------------
[2022-07-05 05:32:19,773] {taskinstance.py:1357} INFO - Starting attempt 1 of 1
[2022-07-05 05:32:19,774] {taskinstance.py:1358} INFO - 
--------------------------------------------------------------------------------
[2022-07-05 05:32:19,836] {taskinstance.py:1377} INFO - Executing <Task(BashOperator): download_files.Download_file2> on 2022-07-05 05:32:18.155544+00:00
[2022-07-05 05:32:19,865] {standard_task_runner.py:52} INFO - Started process 2385 to run task
[2022-07-05 05:32:19,898] {standard_task_runner.py:79} INFO - Running: ['***', 'tasks', 'run', 'task_group', 'download_files.Download_file2', 'manual__2022-07-05T05:32:18.155544+00:00', '--job-id', '107', '--raw', '--subdir', 'DAGS_FOLDER/task_group.py', '--cfg-path', '/tmp/tmp4romu8f0', '--error-file', '/tmp/tmp6gn314q8']
[2022-07-05 05:32:19,899] {standard_task_runner.py:80} INFO - Job 107: Subtask download_files.Download_file2
[2022-07-05 05:32:20,115] {task_command.py:370} INFO - Running <TaskInstance: task_group.download_files.Download_file2 manual__2022-07-05T05:32:18.155544+00:00 [running]> on host dfb99dfc9d64
[2022-07-05 05:32:20,450] {taskinstance.py:1571} INFO - Exporting the following env vars:
AIRFLOW_CTX_DAG_OWNER=***
AIRFLOW_CTX_DAG_ID=task_group
AIRFLOW_CTX_TASK_ID=download_files.Download_file2
AIRFLOW_CTX_EXECUTION_DATE=2022-07-05T05:32:18.155544+00:00
AIRFLOW_CTX_TRY_NUMBER=1
AIRFLOW_CTX_DAG_RUN_ID=manual__2022-07-05T05:32:18.155544+00:00
[2022-07-05 05:32:20,451] {subprocess.py:62} INFO - Tmp dir root location: 
 /tmp
[2022-07-05 05:32:20,452] {subprocess.py:74} INFO - Running command: ['bash', '-c', 'sleep 1']
[2022-07-05 05:32:20,468] {subprocess.py:85} INFO - Output:
[2022-07-05 05:32:21,502] {subprocess.py:96} INFO - Command exited with return code 0
[2022-07-05 05:32:21,538] {taskinstance.py:1400} INFO - Marking task as SUCCESS. dag_id=task_group, task_id=download_files.Download_file2, execution_date=20220705T053218, start_date=20220705T053219, end_date=20220705T053221
[2022-07-05 05:32:21,582] {local_task_job.py:156} INFO - Task exited with return code 0
[2022-07-05 05:32:21,680] {local_task_job.py:273} INFO - 0 downstream tasks scheduled from follow-on schedule check
