[2022-07-05 04:56:03,554] {taskinstance.py:1159} INFO - Dependencies all met for <TaskInstance: parallel_dag.extract_b scheduled__2022-01-12T00:00:00+00:00 [queued]>
[2022-07-05 04:56:03,945] {taskinstance.py:1159} INFO - Dependencies all met for <TaskInstance: parallel_dag.extract_b scheduled__2022-01-12T00:00:00+00:00 [queued]>
[2022-07-05 04:56:03,953] {taskinstance.py:1356} INFO - 
--------------------------------------------------------------------------------
[2022-07-05 04:56:03,961] {taskinstance.py:1357} INFO - Starting attempt 1 of 1
[2022-07-05 04:56:03,968] {taskinstance.py:1358} INFO - 
--------------------------------------------------------------------------------
[2022-07-05 04:56:04,470] {taskinstance.py:1377} INFO - Executing <Task(BashOperator): extract_b> on 2022-01-12 00:00:00+00:00
[2022-07-05 04:56:04,536] {standard_task_runner.py:52} INFO - Started process 505 to run task
[2022-07-05 04:56:04,696] {standard_task_runner.py:79} INFO - Running: ['***', 'tasks', 'run', 'parallel_dag', 'extract_b', 'scheduled__2022-01-12T00:00:00+00:00', '--job-id', '41', '--raw', '--subdir', 'DAGS_FOLDER/parallel_dag.py', '--cfg-path', '/tmp/tmptha5_3ev', '--error-file', '/tmp/tmp3anbkwo2']
[2022-07-05 04:56:04,697] {standard_task_runner.py:80} INFO - Job 41: Subtask extract_b
[2022-07-05 04:56:05,788] {task_command.py:370} INFO - Running <TaskInstance: parallel_dag.extract_b scheduled__2022-01-12T00:00:00+00:00 [running]> on host dfb99dfc9d64
[2022-07-05 04:56:07,229] {taskinstance.py:1571} INFO - Exporting the following env vars:
AIRFLOW_CTX_DAG_OWNER=***
AIRFLOW_CTX_DAG_ID=parallel_dag
AIRFLOW_CTX_TASK_ID=extract_b
AIRFLOW_CTX_EXECUTION_DATE=2022-01-12T00:00:00+00:00
AIRFLOW_CTX_TRY_NUMBER=1
AIRFLOW_CTX_DAG_RUN_ID=scheduled__2022-01-12T00:00:00+00:00
[2022-07-05 04:56:07,232] {subprocess.py:62} INFO - Tmp dir root location: 
 /tmp
[2022-07-05 04:56:07,239] {subprocess.py:74} INFO - Running command: ['bash', '-c', 'sleep 1']
[2022-07-05 04:56:07,383] {subprocess.py:85} INFO - Output:
[2022-07-05 04:56:08,449] {subprocess.py:96} INFO - Command exited with return code 0
[2022-07-05 04:56:08,995] {taskinstance.py:1400} INFO - Marking task as SUCCESS. dag_id=parallel_dag, task_id=extract_b, execution_date=20220112T000000, start_date=20220705T045603, end_date=20220705T045608
[2022-07-05 04:56:09,155] {local_task_job.py:156} INFO - Task exited with return code 0
[2022-07-05 04:56:10,184] {local_task_job.py:273} INFO - 0 downstream tasks scheduled from follow-on schedule check
