[2022-07-05 09:56:30,713] {taskinstance.py:1159} INFO - Dependencies all met for <TaskInstance: python_branch_operator.branching manual__2022-07-05T09:56:28.032294+00:00 [queued]>
[2022-07-05 09:56:30,778] {taskinstance.py:1159} INFO - Dependencies all met for <TaskInstance: python_branch_operator.branching manual__2022-07-05T09:56:28.032294+00:00 [queued]>
[2022-07-05 09:56:30,779] {taskinstance.py:1356} INFO - 
--------------------------------------------------------------------------------
[2022-07-05 09:56:30,780] {taskinstance.py:1357} INFO - Starting attempt 1 of 1
[2022-07-05 09:56:30,780] {taskinstance.py:1358} INFO - 
--------------------------------------------------------------------------------
[2022-07-05 09:56:30,869] {taskinstance.py:1377} INFO - Executing <Task(BranchPythonOperator): branching> on 2022-07-05 09:56:28.032294+00:00
[2022-07-05 09:56:30,894] {standard_task_runner.py:52} INFO - Started process 1609 to run task
[2022-07-05 09:56:30,900] {standard_task_runner.py:79} INFO - Running: ['***', 'tasks', 'run', 'python_branch_operator', 'branching', 'manual__2022-07-05T09:56:28.032294+00:00', '--job-id', '141', '--raw', '--subdir', 'DAGS_FOLDER/python_branch_operator.py', '--cfg-path', '/tmp/tmp1lg3o0da', '--error-file', '/tmp/tmpj55wospe']
[2022-07-05 09:56:30,900] {standard_task_runner.py:80} INFO - Job 141: Subtask branching
[2022-07-05 09:56:31,170] {task_command.py:370} INFO - Running <TaskInstance: python_branch_operator.branching manual__2022-07-05T09:56:28.032294+00:00 [running]> on host dfb99dfc9d64
[2022-07-05 09:56:31,529] {taskinstance.py:1571} INFO - Exporting the following env vars:
AIRFLOW_CTX_DAG_OWNER=***
AIRFLOW_CTX_DAG_ID=python_branch_operator
AIRFLOW_CTX_TASK_ID=branching
AIRFLOW_CTX_EXECUTION_DATE=2022-07-05T09:56:28.032294+00:00
AIRFLOW_CTX_TRY_NUMBER=1
AIRFLOW_CTX_DAG_RUN_ID=manual__2022-07-05T09:56:28.032294+00:00
[2022-07-05 09:56:31,536] {python.py:173} INFO - Done. Returned value was: branch_c
[2022-07-05 09:56:31,537] {skipmixin.py:140} INFO - Following branch branch_c
[2022-07-05 09:56:31,538] {skipmixin.py:175} INFO - Skipping tasks ['branch_a', 'branch_b']
[2022-07-05 09:56:31,722] {taskinstance.py:1400} INFO - Marking task as SUCCESS. dag_id=python_branch_operator, task_id=branching, execution_date=20220705T095628, start_date=20220705T095630, end_date=20220705T095631
[2022-07-05 09:56:31,829] {local_task_job.py:156} INFO - Task exited with return code 0
[2022-07-05 09:56:32,171] {local_task_job.py:273} INFO - 1 downstream tasks scheduled from follow-on schedule check
