[2022-07-04 09:50:01,248] {taskinstance.py:1159} INFO - Dependencies all met for <TaskInstance: example_bash_operator.this_will_skip manual__2022-07-04T09:49:59.473162+00:00 [queued]>
[2022-07-04 09:50:01,264] {taskinstance.py:1159} INFO - Dependencies all met for <TaskInstance: example_bash_operator.this_will_skip manual__2022-07-04T09:49:59.473162+00:00 [queued]>
[2022-07-04 09:50:01,265] {taskinstance.py:1356} INFO - 
--------------------------------------------------------------------------------
[2022-07-04 09:50:01,266] {taskinstance.py:1357} INFO - Starting attempt 1 of 1
[2022-07-04 09:50:01,267] {taskinstance.py:1358} INFO - 
--------------------------------------------------------------------------------
[2022-07-04 09:50:01,289] {taskinstance.py:1377} INFO - Executing <Task(BashOperator): this_will_skip> on 2022-07-04 09:49:59.473162+00:00
[2022-07-04 09:50:01,297] {standard_task_runner.py:52} INFO - Started process 397 to run task
[2022-07-04 09:50:01,309] {standard_task_runner.py:79} INFO - Running: ['***', 'tasks', 'run', 'example_bash_operator', 'this_will_skip', 'manual__2022-07-04T09:49:59.473162+00:00', '--job-id', '10', '--raw', '--subdir', '/home/***/.local/lib/python3.7/site-packages/***/example_dags/example_bash_operator.py', '--cfg-path', '/tmp/tmpt1tob9rl', '--error-file', '/tmp/tmpfwy4y_4j']
[2022-07-04 09:50:01,311] {standard_task_runner.py:80} INFO - Job 10: Subtask this_will_skip
[2022-07-04 09:50:01,615] {task_command.py:370} INFO - Running <TaskInstance: example_bash_operator.this_will_skip manual__2022-07-04T09:49:59.473162+00:00 [running]> on host b631230cc7b5
[2022-07-04 09:50:01,976] {taskinstance.py:1571} INFO - Exporting the following env vars:
AIRFLOW_CTX_DAG_OWNER=***
AIRFLOW_CTX_DAG_ID=example_bash_operator
AIRFLOW_CTX_TASK_ID=this_will_skip
AIRFLOW_CTX_EXECUTION_DATE=2022-07-04T09:49:59.473162+00:00
AIRFLOW_CTX_TRY_NUMBER=1
AIRFLOW_CTX_DAG_RUN_ID=manual__2022-07-04T09:49:59.473162+00:00
[2022-07-04 09:50:01,977] {subprocess.py:62} INFO - Tmp dir root location: 
 /tmp
[2022-07-04 09:50:01,978] {subprocess.py:74} INFO - Running command: ['bash', '-c', 'echo "hello world"; exit 99;']
[2022-07-04 09:50:01,990] {subprocess.py:85} INFO - Output:
[2022-07-04 09:50:01,992] {subprocess.py:92} INFO - hello world
[2022-07-04 09:50:01,993] {subprocess.py:96} INFO - Command exited with return code 99
[2022-07-04 09:50:01,994] {taskinstance.py:1478} INFO - Bash command returned exit code 99. Skipping.
[2022-07-04 09:50:02,015] {taskinstance.py:1400} INFO - Marking task as SKIPPED. dag_id=example_bash_operator, task_id=this_will_skip, execution_date=20220704T094959, start_date=20220704T095001, end_date=20220704T095002
[2022-07-04 09:50:02,060] {local_task_job.py:156} INFO - Task exited with return code 0
[2022-07-04 09:50:02,126] {local_task_job.py:273} INFO - 0 downstream tasks scheduled from follow-on schedule check
