[2022-07-05 04:56:12,789] {taskinstance.py:1159} INFO - Dependencies all met for <TaskInstance: parallel_dag.load_a scheduled__2022-01-02T00:00:00+00:00 [queued]>
[2022-07-05 04:56:13,157] {taskinstance.py:1159} INFO - Dependencies all met for <TaskInstance: parallel_dag.load_a scheduled__2022-01-02T00:00:00+00:00 [queued]>
[2022-07-05 04:56:13,184] {taskinstance.py:1356} INFO - 
--------------------------------------------------------------------------------
[2022-07-05 04:56:13,196] {taskinstance.py:1357} INFO - Starting attempt 1 of 1
[2022-07-05 04:56:13,201] {taskinstance.py:1358} INFO - 
--------------------------------------------------------------------------------
[2022-07-05 04:56:13,742] {taskinstance.py:1377} INFO - Executing <Task(BashOperator): load_a> on 2022-01-02 00:00:00+00:00
[2022-07-05 04:56:14,104] {standard_task_runner.py:79} INFO - Running: ['***', 'tasks', 'run', 'parallel_dag', 'load_a', 'scheduled__2022-01-02T00:00:00+00:00', '--job-id', '52', '--raw', '--subdir', 'DAGS_FOLDER/parallel_dag.py', '--cfg-path', '/tmp/tmp86d__wb4', '--error-file', '/tmp/tmpurck12ge']
[2022-07-05 04:56:14,245] {standard_task_runner.py:80} INFO - Job 52: Subtask load_a
[2022-07-05 04:56:13,963] {standard_task_runner.py:52} INFO - Started process 548 to run task
[2022-07-05 04:56:15,631] {task_command.py:370} INFO - Running <TaskInstance: parallel_dag.load_a scheduled__2022-01-02T00:00:00+00:00 [running]> on host dfb99dfc9d64
[2022-07-05 04:56:19,000] {taskinstance.py:1571} INFO - Exporting the following env vars:
AIRFLOW_CTX_DAG_OWNER=***
AIRFLOW_CTX_DAG_ID=parallel_dag
AIRFLOW_CTX_TASK_ID=load_a
AIRFLOW_CTX_EXECUTION_DATE=2022-01-02T00:00:00+00:00
AIRFLOW_CTX_TRY_NUMBER=1
AIRFLOW_CTX_DAG_RUN_ID=scheduled__2022-01-02T00:00:00+00:00
[2022-07-05 04:56:19,001] {subprocess.py:62} INFO - Tmp dir root location: 
 /tmp
[2022-07-05 04:56:19,002] {subprocess.py:74} INFO - Running command: ['bash', '-c', 'sleep 1']
[2022-07-05 04:56:19,431] {subprocess.py:85} INFO - Output:
[2022-07-05 04:56:20,534] {subprocess.py:96} INFO - Command exited with return code 0
[2022-07-05 04:56:21,334] {taskinstance.py:1400} INFO - Marking task as SUCCESS. dag_id=parallel_dag, task_id=load_a, execution_date=20220102T000000, start_date=20220705T045612, end_date=20220705T045621
[2022-07-05 04:56:21,880] {local_task_job.py:156} INFO - Task exited with return code 0
[2022-07-05 04:56:22,761] {local_task_job.py:273} INFO - 0 downstream tasks scheduled from follow-on schedule check
