[2022-07-04 09:45:07,584] {taskinstance.py:1159} INFO - Dependencies all met for <TaskInstance: example_bash_operator.runme_1 scheduled__2022-07-03T00:00:00+00:00 [queued]>
[2022-07-04 09:45:07,627] {taskinstance.py:1159} INFO - Dependencies all met for <TaskInstance: example_bash_operator.runme_1 scheduled__2022-07-03T00:00:00+00:00 [queued]>
[2022-07-04 09:45:07,627] {taskinstance.py:1356} INFO - 
--------------------------------------------------------------------------------
[2022-07-04 09:45:07,627] {taskinstance.py:1357} INFO - Starting attempt 1 of 1
[2022-07-04 09:45:07,627] {taskinstance.py:1358} INFO - 
--------------------------------------------------------------------------------
[2022-07-04 09:45:07,685] {taskinstance.py:1377} INFO - Executing <Task(BashOperator): runme_1> on 2022-07-03 00:00:00+00:00
[2022-07-04 09:45:07,703] {standard_task_runner.py:52} INFO - Started process 153 to run task
[2022-07-04 09:45:07,732] {standard_task_runner.py:79} INFO - Running: ['***', 'tasks', 'run', 'example_bash_operator', 'runme_1', 'scheduled__2022-07-03T00:00:00+00:00', '--job-id', '7', '--raw', '--subdir', '/home/***/.local/lib/python3.7/site-packages/***/example_dags/example_bash_operator.py', '--cfg-path', '/tmp/tmpcy0kmq9h', '--error-file', '/tmp/tmp8k8emtei']
[2022-07-04 09:45:07,732] {standard_task_runner.py:80} INFO - Job 7: Subtask runme_1
[2022-07-04 09:45:08,269] {task_command.py:370} INFO - Running <TaskInstance: example_bash_operator.runme_1 scheduled__2022-07-03T00:00:00+00:00 [running]> on host b631230cc7b5
[2022-07-04 09:45:08,610] {taskinstance.py:1571} INFO - Exporting the following env vars:
AIRFLOW_CTX_DAG_OWNER=***
AIRFLOW_CTX_DAG_ID=example_bash_operator
AIRFLOW_CTX_TASK_ID=runme_1
AIRFLOW_CTX_EXECUTION_DATE=2022-07-03T00:00:00+00:00
AIRFLOW_CTX_TRY_NUMBER=1
AIRFLOW_CTX_DAG_RUN_ID=scheduled__2022-07-03T00:00:00+00:00
[2022-07-04 09:45:08,612] {subprocess.py:62} INFO - Tmp dir root location: 
 /tmp
[2022-07-04 09:45:08,614] {subprocess.py:74} INFO - Running command: ['bash', '-c', 'echo "example_bash_operator__runme_1__20220703" && sleep 1']
[2022-07-04 09:45:08,653] {subprocess.py:85} INFO - Output:
[2022-07-04 09:45:08,674] {subprocess.py:92} INFO - example_bash_operator__runme_1__20220703
[2022-07-04 09:45:09,677] {subprocess.py:96} INFO - Command exited with return code 0
[2022-07-04 09:45:09,834] {taskinstance.py:1400} INFO - Marking task as SUCCESS. dag_id=example_bash_operator, task_id=runme_1, execution_date=20220703T000000, start_date=20220704T094507, end_date=20220704T094509
[2022-07-04 09:45:09,920] {local_task_job.py:156} INFO - Task exited with return code 0
[2022-07-04 09:45:10,057] {local_task_job.py:273} INFO - 0 downstream tasks scheduled from follow-on schedule check
