[2022-07-05 10:15:22,080] {taskinstance.py:1159} INFO - Dependencies all met for <TaskInstance: trigger_rules.task3 manual__2022-07-05T10:15:18.599943+00:00 [queued]>
[2022-07-05 10:15:22,140] {taskinstance.py:1159} INFO - Dependencies all met for <TaskInstance: trigger_rules.task3 manual__2022-07-05T10:15:18.599943+00:00 [queued]>
[2022-07-05 10:15:22,152] {taskinstance.py:1356} INFO - 
--------------------------------------------------------------------------------
[2022-07-05 10:15:22,153] {taskinstance.py:1357} INFO - Starting attempt 1 of 1
[2022-07-05 10:15:22,154] {taskinstance.py:1358} INFO - 
--------------------------------------------------------------------------------
[2022-07-05 10:15:22,270] {taskinstance.py:1377} INFO - Executing <Task(BashOperator): task3> on 2022-07-05 10:15:18.599943+00:00
[2022-07-05 10:15:22,286] {standard_task_runner.py:52} INFO - Started process 2375 to run task
[2022-07-05 10:15:22,310] {standard_task_runner.py:79} INFO - Running: ['***', 'tasks', 'run', 'trigger_rules', 'task3', 'manual__2022-07-05T10:15:18.599943+00:00', '--job-id', '152', '--raw', '--subdir', 'DAGS_FOLDER/triggers_rules.py', '--cfg-path', '/tmp/tmpsdp023w4', '--error-file', '/tmp/tmpu68fscec']
[2022-07-05 10:15:22,316] {standard_task_runner.py:80} INFO - Job 152: Subtask task3
[2022-07-05 10:15:22,513] {task_command.py:370} INFO - Running <TaskInstance: trigger_rules.task3 manual__2022-07-05T10:15:18.599943+00:00 [running]> on host dfb99dfc9d64
[2022-07-05 10:15:22,883] {taskinstance.py:1571} INFO - Exporting the following env vars:
AIRFLOW_CTX_DAG_OWNER=***
AIRFLOW_CTX_DAG_ID=trigger_rules
AIRFLOW_CTX_TASK_ID=task3
AIRFLOW_CTX_EXECUTION_DATE=2022-07-05T10:15:18.599943+00:00
AIRFLOW_CTX_TRY_NUMBER=1
AIRFLOW_CTX_DAG_RUN_ID=manual__2022-07-05T10:15:18.599943+00:00
[2022-07-05 10:15:22,885] {subprocess.py:62} INFO - Tmp dir root location: 
 /tmp
[2022-07-05 10:15:22,886] {subprocess.py:74} INFO - Running command: ['bash', '-c', 'exit 0']
[2022-07-05 10:15:22,932] {subprocess.py:85} INFO - Output:
[2022-07-05 10:15:22,945] {subprocess.py:96} INFO - Command exited with return code 0
[2022-07-05 10:15:23,074] {taskinstance.py:1400} INFO - Marking task as SUCCESS. dag_id=trigger_rules, task_id=task3, execution_date=20220705T101518, start_date=20220705T101522, end_date=20220705T101523
[2022-07-05 10:15:23,217] {local_task_job.py:156} INFO - Task exited with return code 0
[2022-07-05 10:15:23,355] {local_task_job.py:273} INFO - 0 downstream tasks scheduled from follow-on schedule check
