[2022-07-05 10:13:08,776] {taskinstance.py:1159} INFO - Dependencies all met for <TaskInstance: trigger_rules.task2 scheduled__2022-07-04T00:00:00+00:00 [queued]>
[2022-07-05 10:13:08,875] {taskinstance.py:1159} INFO - Dependencies all met for <TaskInstance: trigger_rules.task2 scheduled__2022-07-04T00:00:00+00:00 [queued]>
[2022-07-05 10:13:08,876] {taskinstance.py:1356} INFO - 
--------------------------------------------------------------------------------
[2022-07-05 10:13:08,876] {taskinstance.py:1357} INFO - Starting attempt 1 of 1
[2022-07-05 10:13:08,876] {taskinstance.py:1358} INFO - 
--------------------------------------------------------------------------------
[2022-07-05 10:13:08,987] {taskinstance.py:1377} INFO - Executing <Task(BashOperator): task2> on 2022-07-04 00:00:00+00:00
[2022-07-05 10:13:08,999] {standard_task_runner.py:52} INFO - Started process 2259 to run task
[2022-07-05 10:13:09,027] {standard_task_runner.py:79} INFO - Running: ['***', 'tasks', 'run', 'trigger_rules', 'task2', 'scheduled__2022-07-04T00:00:00+00:00', '--job-id', '142', '--raw', '--subdir', 'DAGS_FOLDER/triggers_rules.py', '--cfg-path', '/tmp/tmpdopav618', '--error-file', '/tmp/tmp3q7oxqbp']
[2022-07-05 10:13:09,027] {standard_task_runner.py:80} INFO - Job 142: Subtask task2
[2022-07-05 10:13:09,353] {task_command.py:370} INFO - Running <TaskInstance: trigger_rules.task2 scheduled__2022-07-04T00:00:00+00:00 [running]> on host dfb99dfc9d64
[2022-07-05 10:13:10,043] {taskinstance.py:1571} INFO - Exporting the following env vars:
AIRFLOW_CTX_DAG_OWNER=***
AIRFLOW_CTX_DAG_ID=trigger_rules
AIRFLOW_CTX_TASK_ID=task2
AIRFLOW_CTX_EXECUTION_DATE=2022-07-04T00:00:00+00:00
AIRFLOW_CTX_TRY_NUMBER=1
AIRFLOW_CTX_DAG_RUN_ID=scheduled__2022-07-04T00:00:00+00:00
[2022-07-05 10:13:10,047] {subprocess.py:62} INFO - Tmp dir root location: 
 /tmp
[2022-07-05 10:13:10,048] {subprocess.py:74} INFO - Running command: ['bash', '-c', 'exit 0']
[2022-07-05 10:13:10,110] {subprocess.py:85} INFO - Output:
[2022-07-05 10:13:10,136] {subprocess.py:96} INFO - Command exited with return code 0
[2022-07-05 10:13:10,286] {taskinstance.py:1400} INFO - Marking task as SUCCESS. dag_id=trigger_rules, task_id=task2, execution_date=20220704T000000, start_date=20220705T101308, end_date=20220705T101310
[2022-07-05 10:13:10,417] {local_task_job.py:156} INFO - Task exited with return code 0
[2022-07-05 10:13:10,728] {local_task_job.py:273} INFO - 0 downstream tasks scheduled from follow-on schedule check
