[2022-07-05 04:57:57,791] {taskinstance.py:1159} INFO - Dependencies all met for <TaskInstance: parallel_dag.transform scheduled__2022-01-07T00:00:00+00:00 [queued]>
[2022-07-05 04:57:58,048] {taskinstance.py:1159} INFO - Dependencies all met for <TaskInstance: parallel_dag.transform scheduled__2022-01-07T00:00:00+00:00 [queued]>
[2022-07-05 04:57:58,056] {taskinstance.py:1356} INFO - 
--------------------------------------------------------------------------------
[2022-07-05 04:57:58,060] {taskinstance.py:1357} INFO - Starting attempt 1 of 1
[2022-07-05 04:57:58,065] {taskinstance.py:1358} INFO - 
--------------------------------------------------------------------------------
[2022-07-05 04:57:58,447] {taskinstance.py:1377} INFO - Executing <Task(BashOperator): transform> on 2022-01-07 00:00:00+00:00
[2022-07-05 04:57:58,512] {standard_task_runner.py:52} INFO - Started process 723 to run task
[2022-07-05 04:57:58,627] {standard_task_runner.py:79} INFO - Running: ['***', 'tasks', 'run', 'parallel_dag', 'transform', 'scheduled__2022-01-07T00:00:00+00:00', '--job-id', '88', '--raw', '--subdir', 'DAGS_FOLDER/parallel_dag.py', '--cfg-path', '/tmp/tmp4zjmekg3', '--error-file', '/tmp/tmp7c1et1qf']
[2022-07-05 04:57:58,644] {standard_task_runner.py:80} INFO - Job 88: Subtask transform
[2022-07-05 04:58:00,349] {task_command.py:370} INFO - Running <TaskInstance: parallel_dag.transform scheduled__2022-01-07T00:00:00+00:00 [running]> on host dfb99dfc9d64
[2022-07-05 04:58:03,809] {taskinstance.py:1571} INFO - Exporting the following env vars:
AIRFLOW_CTX_DAG_OWNER=***
AIRFLOW_CTX_DAG_ID=parallel_dag
AIRFLOW_CTX_TASK_ID=transform
AIRFLOW_CTX_EXECUTION_DATE=2022-01-07T00:00:00+00:00
AIRFLOW_CTX_TRY_NUMBER=1
AIRFLOW_CTX_DAG_RUN_ID=scheduled__2022-01-07T00:00:00+00:00
[2022-07-05 04:58:03,837] {subprocess.py:62} INFO - Tmp dir root location: 
 /tmp
[2022-07-05 04:58:03,874] {subprocess.py:74} INFO - Running command: ['bash', '-c', 'sleep 1']
[2022-07-05 04:58:04,241] {subprocess.py:85} INFO - Output:
[2022-07-05 04:58:05,344] {subprocess.py:96} INFO - Command exited with return code 0
[2022-07-05 04:58:05,714] {taskinstance.py:1400} INFO - Marking task as SUCCESS. dag_id=parallel_dag, task_id=transform, execution_date=20220107T000000, start_date=20220705T045757, end_date=20220705T045805
[2022-07-05 04:58:05,987] {local_task_job.py:156} INFO - Task exited with return code 0
[2022-07-05 04:58:06,278] {local_task_job.py:273} INFO - 0 downstream tasks scheduled from follow-on schedule check
