[2022-07-04 09:50:01,098] {taskinstance.py:1159} INFO - Dependencies all met for <TaskInstance: example_bash_operator.runme_0 manual__2022-07-04T09:49:59.473162+00:00 [queued]>
[2022-07-04 09:50:01,125] {taskinstance.py:1159} INFO - Dependencies all met for <TaskInstance: example_bash_operator.runme_0 manual__2022-07-04T09:49:59.473162+00:00 [queued]>
[2022-07-04 09:50:01,126] {taskinstance.py:1356} INFO - 
--------------------------------------------------------------------------------
[2022-07-04 09:50:01,127] {taskinstance.py:1357} INFO - Starting attempt 1 of 1
[2022-07-04 09:50:01,128] {taskinstance.py:1358} INFO - 
--------------------------------------------------------------------------------
[2022-07-04 09:50:01,161] {taskinstance.py:1377} INFO - Executing <Task(BashOperator): runme_0> on 2022-07-04 09:49:59.473162+00:00
[2022-07-04 09:50:01,184] {standard_task_runner.py:52} INFO - Started process 395 to run task
[2022-07-04 09:50:01,189] {standard_task_runner.py:79} INFO - Running: ['***', 'tasks', 'run', 'example_bash_operator', 'runme_0', 'manual__2022-07-04T09:49:59.473162+00:00', '--job-id', '9', '--raw', '--subdir', '/home/***/.local/lib/python3.7/site-packages/***/example_dags/example_bash_operator.py', '--cfg-path', '/tmp/tmp0ejlwnnp', '--error-file', '/tmp/tmp4zki7tr3']
[2022-07-04 09:50:01,189] {standard_task_runner.py:80} INFO - Job 9: Subtask runme_0
[2022-07-04 09:50:01,317] {task_command.py:370} INFO - Running <TaskInstance: example_bash_operator.runme_0 manual__2022-07-04T09:49:59.473162+00:00 [running]> on host b631230cc7b5
[2022-07-04 09:50:01,777] {taskinstance.py:1571} INFO - Exporting the following env vars:
AIRFLOW_CTX_DAG_OWNER=***
AIRFLOW_CTX_DAG_ID=example_bash_operator
AIRFLOW_CTX_TASK_ID=runme_0
AIRFLOW_CTX_EXECUTION_DATE=2022-07-04T09:49:59.473162+00:00
AIRFLOW_CTX_TRY_NUMBER=1
AIRFLOW_CTX_DAG_RUN_ID=manual__2022-07-04T09:49:59.473162+00:00
[2022-07-04 09:50:01,778] {subprocess.py:62} INFO - Tmp dir root location: 
 /tmp
[2022-07-04 09:50:01,778] {subprocess.py:74} INFO - Running command: ['bash', '-c', 'echo "example_bash_operator__runme_0__20220704" && sleep 1']
[2022-07-04 09:50:01,823] {subprocess.py:85} INFO - Output:
[2022-07-04 09:50:01,832] {subprocess.py:92} INFO - example_bash_operator__runme_0__20220704
[2022-07-04 09:50:02,834] {subprocess.py:96} INFO - Command exited with return code 0
[2022-07-04 09:50:02,877] {taskinstance.py:1400} INFO - Marking task as SUCCESS. dag_id=example_bash_operator, task_id=runme_0, execution_date=20220704T094959, start_date=20220704T095001, end_date=20220704T095002
[2022-07-04 09:50:02,896] {local_task_job.py:156} INFO - Task exited with return code 0
[2022-07-04 09:50:02,947] {local_task_job.py:273} INFO - 0 downstream tasks scheduled from follow-on schedule check
