[2022-07-05 06:42:45,932] {taskinstance.py:1159} INFO - Dependencies all met for <TaskInstance: branch_operator.branching scheduled__2022-07-04T00:00:00+00:00 [queued]>
[2022-07-05 06:42:45,964] {taskinstance.py:1159} INFO - Dependencies all met for <TaskInstance: branch_operator.branching scheduled__2022-07-04T00:00:00+00:00 [queued]>
[2022-07-05 06:42:45,964] {taskinstance.py:1356} INFO - 
--------------------------------------------------------------------------------
[2022-07-05 06:42:45,964] {taskinstance.py:1357} INFO - Starting attempt 1 of 1
[2022-07-05 06:42:45,964] {taskinstance.py:1358} INFO - 
--------------------------------------------------------------------------------
[2022-07-05 06:42:45,999] {taskinstance.py:1377} INFO - Executing <Task(BranchPythonOperator): branching> on 2022-07-04 00:00:00+00:00
[2022-07-05 06:42:46,009] {standard_task_runner.py:52} INFO - Started process 5655 to run task
[2022-07-05 06:42:46,017] {standard_task_runner.py:79} INFO - Running: ['***', 'tasks', 'run', 'branch_operator', 'branching', 'scheduled__2022-07-04T00:00:00+00:00', '--job-id', '122', '--raw', '--subdir', 'DAGS_FOLDER/conditional_dag.py', '--cfg-path', '/tmp/tmpn_peq0r8', '--error-file', '/tmp/tmp1au9vdeh']
[2022-07-05 06:42:46,017] {standard_task_runner.py:80} INFO - Job 122: Subtask branching
[2022-07-05 06:42:46,183] {task_command.py:370} INFO - Running <TaskInstance: branch_operator.branching scheduled__2022-07-04T00:00:00+00:00 [running]> on host dfb99dfc9d64
[2022-07-05 06:42:46,529] {taskinstance.py:1571} INFO - Exporting the following env vars:
AIRFLOW_CTX_DAG_OWNER=***
AIRFLOW_CTX_DAG_ID=branch_operator
AIRFLOW_CTX_TASK_ID=branching
AIRFLOW_CTX_EXECUTION_DATE=2022-07-04T00:00:00+00:00
AIRFLOW_CTX_TRY_NUMBER=1
AIRFLOW_CTX_DAG_RUN_ID=scheduled__2022-07-04T00:00:00+00:00
[2022-07-05 06:42:46,531] {python.py:173} INFO - Done. Returned value was: branch_a
[2022-07-05 06:42:46,532] {skipmixin.py:140} INFO - Following branch branch_a
[2022-07-05 06:42:46,533] {skipmixin.py:175} INFO - Skipping tasks ['branch_b', 'branch_c']
[2022-07-05 06:42:46,763] {taskinstance.py:1400} INFO - Marking task as SUCCESS. dag_id=branch_operator, task_id=branching, execution_date=20220704T000000, start_date=20220705T064245, end_date=20220705T064246
[2022-07-05 06:42:46,843] {local_task_job.py:156} INFO - Task exited with return code 0
[2022-07-05 06:42:46,984] {local_task_job.py:273} INFO - 1 downstream tasks scheduled from follow-on schedule check
