[2022-07-31 04:35:36,269] {processor.py:153} INFO - Started process (PID=59) to work on /opt/airflow/dags/miscellaneous_operator/short_circuit.py
[2022-07-31 04:35:36,281] {processor.py:641} INFO - Processing file /opt/airflow/dags/miscellaneous_operator/short_circuit.py for tasks to queue
[2022-07-31 04:35:36,282] {logging_mixin.py:115} INFO - [2022-07-31 04:35:36,282] {dagbag.py:507} INFO - Filling up the DagBag from /opt/airflow/dags/miscellaneous_operator/short_circuit.py
[2022-07-31 04:35:36,347] {processor.py:651} INFO - DAG(s) dict_keys(['short_circuit']) retrieved from /opt/airflow/dags/miscellaneous_operator/short_circuit.py
[2022-07-31 04:35:36,510] {logging_mixin.py:115} INFO - [2022-07-31 04:35:36,510] {dag.py:2379} INFO - Sync 1 DAGs
[2022-07-31 04:35:36,643] {logging_mixin.py:115} INFO - [2022-07-31 04:35:36,643] {dag.py:2931} INFO - Setting next_dagrun for short_circuit to 2022-07-28T00:00:00+00:00, run_after=2022-07-29T00:00:00+00:00
[2022-07-31 04:35:36,714] {processor.py:161} INFO - Processing /opt/airflow/dags/miscellaneous_operator/short_circuit.py took 0.464 seconds
[2022-07-31 04:36:06,759] {processor.py:153} INFO - Started process (PID=130) to work on /opt/airflow/dags/miscellaneous_operator/short_circuit.py
[2022-07-31 04:36:06,759] {processor.py:641} INFO - Processing file /opt/airflow/dags/miscellaneous_operator/short_circuit.py for tasks to queue
[2022-07-31 04:36:06,760] {logging_mixin.py:115} INFO - [2022-07-31 04:36:06,760] {dagbag.py:507} INFO - Filling up the DagBag from /opt/airflow/dags/miscellaneous_operator/short_circuit.py
[2022-07-31 04:36:06,773] {processor.py:651} INFO - DAG(s) dict_keys(['short_circuit']) retrieved from /opt/airflow/dags/miscellaneous_operator/short_circuit.py
[2022-07-31 04:36:06,808] {logging_mixin.py:115} INFO - [2022-07-31 04:36:06,808] {dag.py:2379} INFO - Sync 1 DAGs
[2022-07-31 04:36:06,843] {logging_mixin.py:115} INFO - [2022-07-31 04:36:06,842] {dag.py:2931} INFO - Setting next_dagrun for short_circuit to 2022-07-28T00:00:00+00:00, run_after=2022-07-29T00:00:00+00:00
[2022-07-31 04:36:06,858] {processor.py:161} INFO - Processing /opt/airflow/dags/miscellaneous_operator/short_circuit.py took 0.104 seconds
[2022-07-31 04:36:36,997] {processor.py:153} INFO - Started process (PID=204) to work on /opt/airflow/dags/miscellaneous_operator/short_circuit.py
[2022-07-31 04:36:37,014] {processor.py:641} INFO - Processing file /opt/airflow/dags/miscellaneous_operator/short_circuit.py for tasks to queue
[2022-07-31 04:36:37,015] {logging_mixin.py:115} INFO - [2022-07-31 04:36:37,015] {dagbag.py:507} INFO - Filling up the DagBag from /opt/airflow/dags/miscellaneous_operator/short_circuit.py
[2022-07-31 04:36:37,044] {processor.py:651} INFO - DAG(s) dict_keys(['short_circuit']) retrieved from /opt/airflow/dags/miscellaneous_operator/short_circuit.py
[2022-07-31 04:36:37,100] {logging_mixin.py:115} INFO - [2022-07-31 04:36:37,100] {dag.py:2379} INFO - Sync 1 DAGs
[2022-07-31 04:36:37,151] {logging_mixin.py:115} INFO - [2022-07-31 04:36:37,151] {dag.py:2931} INFO - Setting next_dagrun for short_circuit to 2022-07-28T00:00:00+00:00, run_after=2022-07-29T00:00:00+00:00
[2022-07-31 04:36:37,176] {processor.py:161} INFO - Processing /opt/airflow/dags/miscellaneous_operator/short_circuit.py took 0.182 seconds
[2022-07-31 04:37:07,537] {processor.py:153} INFO - Started process (PID=285) to work on /opt/airflow/dags/miscellaneous_operator/short_circuit.py
[2022-07-31 04:37:07,538] {processor.py:641} INFO - Processing file /opt/airflow/dags/miscellaneous_operator/short_circuit.py for tasks to queue
[2022-07-31 04:37:07,539] {logging_mixin.py:115} INFO - [2022-07-31 04:37:07,538] {dagbag.py:507} INFO - Filling up the DagBag from /opt/airflow/dags/miscellaneous_operator/short_circuit.py
[2022-07-31 04:37:07,552] {processor.py:651} INFO - DAG(s) dict_keys(['short_circuit']) retrieved from /opt/airflow/dags/miscellaneous_operator/short_circuit.py
[2022-07-31 04:37:07,585] {logging_mixin.py:115} INFO - [2022-07-31 04:37:07,585] {dag.py:2379} INFO - Sync 1 DAGs
[2022-07-31 04:37:07,618] {logging_mixin.py:115} INFO - [2022-07-31 04:37:07,618] {dag.py:2931} INFO - Setting next_dagrun for short_circuit to 2022-07-28T00:00:00+00:00, run_after=2022-07-29T00:00:00+00:00
[2022-07-31 04:37:07,633] {processor.py:161} INFO - Processing /opt/airflow/dags/miscellaneous_operator/short_circuit.py took 0.100 seconds
[2022-07-31 04:37:38,009] {processor.py:153} INFO - Started process (PID=360) to work on /opt/airflow/dags/miscellaneous_operator/short_circuit.py
[2022-07-31 04:37:38,017] {processor.py:641} INFO - Processing file /opt/airflow/dags/miscellaneous_operator/short_circuit.py for tasks to queue
[2022-07-31 04:37:38,023] {logging_mixin.py:115} INFO - [2022-07-31 04:37:38,023] {dagbag.py:507} INFO - Filling up the DagBag from /opt/airflow/dags/miscellaneous_operator/short_circuit.py
[2022-07-31 04:37:38,047] {processor.py:651} INFO - DAG(s) dict_keys(['short_circuit']) retrieved from /opt/airflow/dags/miscellaneous_operator/short_circuit.py
[2022-07-31 04:37:38,110] {logging_mixin.py:115} INFO - [2022-07-31 04:37:38,110] {dag.py:2379} INFO - Sync 1 DAGs
[2022-07-31 04:37:38,177] {logging_mixin.py:115} INFO - [2022-07-31 04:37:38,176] {dag.py:2931} INFO - Setting next_dagrun for short_circuit to 2022-07-28T00:00:00+00:00, run_after=2022-07-29T00:00:00+00:00
[2022-07-31 04:37:38,200] {processor.py:161} INFO - Processing /opt/airflow/dags/miscellaneous_operator/short_circuit.py took 0.195 seconds
[2022-07-31 04:38:08,987] {processor.py:153} INFO - Started process (PID=433) to work on /opt/airflow/dags/miscellaneous_operator/short_circuit.py
[2022-07-31 04:38:08,987] {processor.py:641} INFO - Processing file /opt/airflow/dags/miscellaneous_operator/short_circuit.py for tasks to queue
[2022-07-31 04:38:08,991] {logging_mixin.py:115} INFO - [2022-07-31 04:38:08,991] {dagbag.py:507} INFO - Filling up the DagBag from /opt/airflow/dags/miscellaneous_operator/short_circuit.py
[2022-07-31 04:38:09,035] {processor.py:651} INFO - DAG(s) dict_keys(['short_circuit']) retrieved from /opt/airflow/dags/miscellaneous_operator/short_circuit.py
[2022-07-31 04:38:09,099] {logging_mixin.py:115} INFO - [2022-07-31 04:38:09,099] {dag.py:2379} INFO - Sync 1 DAGs
[2022-07-31 04:38:09,168] {logging_mixin.py:115} INFO - [2022-07-31 04:38:09,168] {dag.py:2931} INFO - Setting next_dagrun for short_circuit to 2022-07-28T00:00:00+00:00, run_after=2022-07-29T00:00:00+00:00
[2022-07-31 04:38:09,185] {processor.py:161} INFO - Processing /opt/airflow/dags/miscellaneous_operator/short_circuit.py took 0.221 seconds
[2022-07-31 04:38:39,260] {processor.py:153} INFO - Started process (PID=512) to work on /opt/airflow/dags/miscellaneous_operator/short_circuit.py
[2022-07-31 04:38:39,270] {processor.py:641} INFO - Processing file /opt/airflow/dags/miscellaneous_operator/short_circuit.py for tasks to queue
[2022-07-31 04:38:39,271] {logging_mixin.py:115} INFO - [2022-07-31 04:38:39,271] {dagbag.py:507} INFO - Filling up the DagBag from /opt/airflow/dags/miscellaneous_operator/short_circuit.py
[2022-07-31 04:38:39,288] {processor.py:651} INFO - DAG(s) dict_keys(['short_circuit']) retrieved from /opt/airflow/dags/miscellaneous_operator/short_circuit.py
[2022-07-31 04:38:39,329] {logging_mixin.py:115} INFO - [2022-07-31 04:38:39,329] {dag.py:2379} INFO - Sync 1 DAGs
[2022-07-31 04:38:39,361] {logging_mixin.py:115} INFO - [2022-07-31 04:38:39,361] {dag.py:2931} INFO - Setting next_dagrun for short_circuit to 2022-07-28T00:00:00+00:00, run_after=2022-07-29T00:00:00+00:00
[2022-07-31 04:38:39,386] {processor.py:161} INFO - Processing /opt/airflow/dags/miscellaneous_operator/short_circuit.py took 0.130 seconds
[2022-07-31 04:39:09,630] {processor.py:153} INFO - Started process (PID=584) to work on /opt/airflow/dags/miscellaneous_operator/short_circuit.py
[2022-07-31 04:39:09,630] {processor.py:641} INFO - Processing file /opt/airflow/dags/miscellaneous_operator/short_circuit.py for tasks to queue
[2022-07-31 04:39:09,631] {logging_mixin.py:115} INFO - [2022-07-31 04:39:09,631] {dagbag.py:507} INFO - Filling up the DagBag from /opt/airflow/dags/miscellaneous_operator/short_circuit.py
[2022-07-31 04:39:09,646] {processor.py:651} INFO - DAG(s) dict_keys(['short_circuit']) retrieved from /opt/airflow/dags/miscellaneous_operator/short_circuit.py
[2022-07-31 04:39:09,684] {logging_mixin.py:115} INFO - [2022-07-31 04:39:09,684] {dag.py:2379} INFO - Sync 1 DAGs
[2022-07-31 04:39:09,729] {logging_mixin.py:115} INFO - [2022-07-31 04:39:09,728] {dag.py:2931} INFO - Setting next_dagrun for short_circuit to 2022-07-28T00:00:00+00:00, run_after=2022-07-29T00:00:00+00:00
[2022-07-31 04:39:09,771] {processor.py:161} INFO - Processing /opt/airflow/dags/miscellaneous_operator/short_circuit.py took 0.147 seconds
[2022-07-31 04:39:41,741] {processor.py:153} INFO - Started process (PID=661) to work on /opt/airflow/dags/miscellaneous_operator/short_circuit.py
[2022-07-31 04:39:41,745] {processor.py:641} INFO - Processing file /opt/airflow/dags/miscellaneous_operator/short_circuit.py for tasks to queue
[2022-07-31 04:39:41,747] {logging_mixin.py:115} INFO - [2022-07-31 04:39:41,746] {dagbag.py:507} INFO - Filling up the DagBag from /opt/airflow/dags/miscellaneous_operator/short_circuit.py
[2022-07-31 04:39:41,777] {processor.py:651} INFO - DAG(s) dict_keys(['short_circuit']) retrieved from /opt/airflow/dags/miscellaneous_operator/short_circuit.py
[2022-07-31 04:39:41,834] {logging_mixin.py:115} INFO - [2022-07-31 04:39:41,834] {dag.py:2379} INFO - Sync 1 DAGs
[2022-07-31 04:39:41,881] {logging_mixin.py:115} INFO - [2022-07-31 04:39:41,881] {dag.py:2931} INFO - Setting next_dagrun for short_circuit to 2022-07-28T00:00:00+00:00, run_after=2022-07-29T00:00:00+00:00
[2022-07-31 04:39:41,896] {processor.py:161} INFO - Processing /opt/airflow/dags/miscellaneous_operator/short_circuit.py took 0.167 seconds
[2022-07-31 04:40:12,641] {processor.py:153} INFO - Started process (PID=734) to work on /opt/airflow/dags/miscellaneous_operator/short_circuit.py
[2022-07-31 04:40:12,643] {processor.py:641} INFO - Processing file /opt/airflow/dags/miscellaneous_operator/short_circuit.py for tasks to queue
[2022-07-31 04:40:12,644] {logging_mixin.py:115} INFO - [2022-07-31 04:40:12,644] {dagbag.py:507} INFO - Filling up the DagBag from /opt/airflow/dags/miscellaneous_operator/short_circuit.py
[2022-07-31 04:40:12,662] {processor.py:651} INFO - DAG(s) dict_keys(['short_circuit']) retrieved from /opt/airflow/dags/miscellaneous_operator/short_circuit.py
[2022-07-31 04:40:12,697] {logging_mixin.py:115} INFO - [2022-07-31 04:40:12,697] {dag.py:2379} INFO - Sync 1 DAGs
[2022-07-31 04:40:12,736] {logging_mixin.py:115} INFO - [2022-07-31 04:40:12,736] {dag.py:2931} INFO - Setting next_dagrun for short_circuit to 2022-07-28T00:00:00+00:00, run_after=2022-07-29T00:00:00+00:00
[2022-07-31 04:40:12,757] {processor.py:161} INFO - Processing /opt/airflow/dags/miscellaneous_operator/short_circuit.py took 0.121 seconds
[2022-07-31 04:40:43,389] {processor.py:153} INFO - Started process (PID=806) to work on /opt/airflow/dags/miscellaneous_operator/short_circuit.py
[2022-07-31 04:40:43,395] {processor.py:641} INFO - Processing file /opt/airflow/dags/miscellaneous_operator/short_circuit.py for tasks to queue
[2022-07-31 04:40:43,401] {logging_mixin.py:115} INFO - [2022-07-31 04:40:43,401] {dagbag.py:507} INFO - Filling up the DagBag from /opt/airflow/dags/miscellaneous_operator/short_circuit.py
[2022-07-31 04:40:43,445] {processor.py:651} INFO - DAG(s) dict_keys(['short_circuit']) retrieved from /opt/airflow/dags/miscellaneous_operator/short_circuit.py
[2022-07-31 04:40:43,561] {logging_mixin.py:115} INFO - [2022-07-31 04:40:43,561] {dag.py:2379} INFO - Sync 1 DAGs
[2022-07-31 04:40:43,642] {logging_mixin.py:115} INFO - [2022-07-31 04:40:43,642] {dag.py:2931} INFO - Setting next_dagrun for short_circuit to 2022-07-28T00:00:00+00:00, run_after=2022-07-29T00:00:00+00:00
[2022-07-31 04:40:43,666] {processor.py:161} INFO - Processing /opt/airflow/dags/miscellaneous_operator/short_circuit.py took 0.282 seconds
[2022-07-31 04:41:13,775] {processor.py:153} INFO - Started process (PID=890) to work on /opt/airflow/dags/miscellaneous_operator/short_circuit.py
[2022-07-31 04:41:13,775] {processor.py:641} INFO - Processing file /opt/airflow/dags/miscellaneous_operator/short_circuit.py for tasks to queue
[2022-07-31 04:41:13,776] {logging_mixin.py:115} INFO - [2022-07-31 04:41:13,776] {dagbag.py:507} INFO - Filling up the DagBag from /opt/airflow/dags/miscellaneous_operator/short_circuit.py
[2022-07-31 04:41:13,788] {processor.py:651} INFO - DAG(s) dict_keys(['short_circuit']) retrieved from /opt/airflow/dags/miscellaneous_operator/short_circuit.py
[2022-07-31 04:41:13,819] {logging_mixin.py:115} INFO - [2022-07-31 04:41:13,819] {dag.py:2379} INFO - Sync 1 DAGs
[2022-07-31 04:41:13,865] {logging_mixin.py:115} INFO - [2022-07-31 04:41:13,865] {dag.py:2931} INFO - Setting next_dagrun for short_circuit to 2022-07-28T00:00:00+00:00, run_after=2022-07-29T00:00:00+00:00
[2022-07-31 04:41:13,901] {processor.py:161} INFO - Processing /opt/airflow/dags/miscellaneous_operator/short_circuit.py took 0.130 seconds
[2022-07-31 04:41:44,389] {processor.py:153} INFO - Started process (PID=965) to work on /opt/airflow/dags/miscellaneous_operator/short_circuit.py
[2022-07-31 04:41:44,403] {processor.py:641} INFO - Processing file /opt/airflow/dags/miscellaneous_operator/short_circuit.py for tasks to queue
[2022-07-31 04:41:44,404] {logging_mixin.py:115} INFO - [2022-07-31 04:41:44,404] {dagbag.py:507} INFO - Filling up the DagBag from /opt/airflow/dags/miscellaneous_operator/short_circuit.py
[2022-07-31 04:41:44,428] {processor.py:651} INFO - DAG(s) dict_keys(['short_circuit']) retrieved from /opt/airflow/dags/miscellaneous_operator/short_circuit.py
[2022-07-31 04:41:44,494] {logging_mixin.py:115} INFO - [2022-07-31 04:41:44,494] {dag.py:2379} INFO - Sync 1 DAGs
[2022-07-31 04:41:44,537] {logging_mixin.py:115} INFO - [2022-07-31 04:41:44,536] {dag.py:2931} INFO - Setting next_dagrun for short_circuit to 2022-07-28T00:00:00+00:00, run_after=2022-07-29T00:00:00+00:00
[2022-07-31 04:41:44,567] {processor.py:161} INFO - Processing /opt/airflow/dags/miscellaneous_operator/short_circuit.py took 0.181 seconds
[2022-07-31 04:42:14,938] {processor.py:153} INFO - Started process (PID=1046) to work on /opt/airflow/dags/miscellaneous_operator/short_circuit.py
[2022-07-31 04:42:14,940] {processor.py:641} INFO - Processing file /opt/airflow/dags/miscellaneous_operator/short_circuit.py for tasks to queue
[2022-07-31 04:42:14,944] {logging_mixin.py:115} INFO - [2022-07-31 04:42:14,944] {dagbag.py:507} INFO - Filling up the DagBag from /opt/airflow/dags/miscellaneous_operator/short_circuit.py
[2022-07-31 04:42:14,960] {processor.py:651} INFO - DAG(s) dict_keys(['short_circuit']) retrieved from /opt/airflow/dags/miscellaneous_operator/short_circuit.py
[2022-07-31 04:42:15,006] {logging_mixin.py:115} INFO - [2022-07-31 04:42:15,006] {dag.py:2379} INFO - Sync 1 DAGs
[2022-07-31 04:42:15,040] {logging_mixin.py:115} INFO - [2022-07-31 04:42:15,040] {dag.py:2931} INFO - Setting next_dagrun for short_circuit to 2022-07-28T00:00:00+00:00, run_after=2022-07-29T00:00:00+00:00
[2022-07-31 04:42:15,063] {processor.py:161} INFO - Processing /opt/airflow/dags/miscellaneous_operator/short_circuit.py took 0.130 seconds
[2022-07-31 04:42:45,641] {processor.py:153} INFO - Started process (PID=1119) to work on /opt/airflow/dags/miscellaneous_operator/short_circuit.py
[2022-07-31 04:42:45,642] {processor.py:641} INFO - Processing file /opt/airflow/dags/miscellaneous_operator/short_circuit.py for tasks to queue
[2022-07-31 04:42:45,642] {logging_mixin.py:115} INFO - [2022-07-31 04:42:45,642] {dagbag.py:507} INFO - Filling up the DagBag from /opt/airflow/dags/miscellaneous_operator/short_circuit.py
[2022-07-31 04:42:45,656] {processor.py:651} INFO - DAG(s) dict_keys(['short_circuit']) retrieved from /opt/airflow/dags/miscellaneous_operator/short_circuit.py
[2022-07-31 04:42:45,691] {logging_mixin.py:115} INFO - [2022-07-31 04:42:45,691] {dag.py:2379} INFO - Sync 1 DAGs
[2022-07-31 04:42:45,724] {logging_mixin.py:115} INFO - [2022-07-31 04:42:45,724] {dag.py:2931} INFO - Setting next_dagrun for short_circuit to 2022-07-28T00:00:00+00:00, run_after=2022-07-29T00:00:00+00:00
[2022-07-31 04:42:45,741] {processor.py:161} INFO - Processing /opt/airflow/dags/miscellaneous_operator/short_circuit.py took 0.103 seconds
[2022-07-31 06:54:50,318] {processor.py:153} INFO - Started process (PID=67) to work on /opt/airflow/dags/miscellaneous_operator/short_circuit.py
[2022-07-31 06:54:50,323] {processor.py:641} INFO - Processing file /opt/airflow/dags/miscellaneous_operator/short_circuit.py for tasks to queue
[2022-07-31 06:54:50,327] {logging_mixin.py:115} INFO - [2022-07-31 06:54:50,327] {dagbag.py:507} INFO - Filling up the DagBag from /opt/airflow/dags/miscellaneous_operator/short_circuit.py
[2022-07-31 06:54:50,396] {processor.py:651} INFO - DAG(s) dict_keys(['short_circuit']) retrieved from /opt/airflow/dags/miscellaneous_operator/short_circuit.py
[2022-07-31 06:54:50,570] {logging_mixin.py:115} INFO - [2022-07-31 06:54:50,570] {dag.py:2379} INFO - Sync 1 DAGs
[2022-07-31 06:54:50,724] {logging_mixin.py:115} INFO - [2022-07-31 06:54:50,724] {dag.py:2931} INFO - Setting next_dagrun for short_circuit to 2022-07-28T00:00:00+00:00, run_after=2022-07-29T00:00:00+00:00
[2022-07-31 06:54:50,835] {processor.py:161} INFO - Processing /opt/airflow/dags/miscellaneous_operator/short_circuit.py took 0.577 seconds
[2022-07-31 06:55:21,599] {processor.py:153} INFO - Started process (PID=130) to work on /opt/airflow/dags/miscellaneous_operator/short_circuit.py
[2022-07-31 06:55:21,601] {processor.py:641} INFO - Processing file /opt/airflow/dags/miscellaneous_operator/short_circuit.py for tasks to queue
[2022-07-31 06:55:21,602] {logging_mixin.py:115} INFO - [2022-07-31 06:55:21,602] {dagbag.py:507} INFO - Filling up the DagBag from /opt/airflow/dags/miscellaneous_operator/short_circuit.py
[2022-07-31 06:55:21,672] {processor.py:651} INFO - DAG(s) dict_keys(['short_circuit']) retrieved from /opt/airflow/dags/miscellaneous_operator/short_circuit.py
[2022-07-31 06:55:21,797] {logging_mixin.py:115} INFO - [2022-07-31 06:55:21,797] {dag.py:2379} INFO - Sync 1 DAGs
[2022-07-31 06:55:21,913] {logging_mixin.py:115} INFO - [2022-07-31 06:55:21,913] {dag.py:2931} INFO - Setting next_dagrun for short_circuit to 2022-07-28T00:00:00+00:00, run_after=2022-07-29T00:00:00+00:00
[2022-07-31 06:55:21,973] {processor.py:161} INFO - Processing /opt/airflow/dags/miscellaneous_operator/short_circuit.py took 0.391 seconds
[2022-07-31 06:55:52,179] {processor.py:153} INFO - Started process (PID=201) to work on /opt/airflow/dags/miscellaneous_operator/short_circuit.py
[2022-07-31 06:55:52,183] {processor.py:641} INFO - Processing file /opt/airflow/dags/miscellaneous_operator/short_circuit.py for tasks to queue
[2022-07-31 06:55:52,184] {logging_mixin.py:115} INFO - [2022-07-31 06:55:52,184] {dagbag.py:507} INFO - Filling up the DagBag from /opt/airflow/dags/miscellaneous_operator/short_circuit.py
[2022-07-31 06:55:52,225] {processor.py:651} INFO - DAG(s) dict_keys(['short_circuit']) retrieved from /opt/airflow/dags/miscellaneous_operator/short_circuit.py
[2022-07-31 06:55:52,384] {logging_mixin.py:115} INFO - [2022-07-31 06:55:52,384] {dag.py:2379} INFO - Sync 1 DAGs
[2022-07-31 06:55:52,520] {logging_mixin.py:115} INFO - [2022-07-31 06:55:52,520] {dag.py:2931} INFO - Setting next_dagrun for short_circuit to 2022-07-28T00:00:00+00:00, run_after=2022-07-29T00:00:00+00:00
[2022-07-31 06:55:52,589] {processor.py:161} INFO - Processing /opt/airflow/dags/miscellaneous_operator/short_circuit.py took 0.430 seconds
[2022-07-31 06:56:23,169] {processor.py:153} INFO - Started process (PID=273) to work on /opt/airflow/dags/miscellaneous_operator/short_circuit.py
[2022-07-31 06:56:23,169] {processor.py:641} INFO - Processing file /opt/airflow/dags/miscellaneous_operator/short_circuit.py for tasks to queue
[2022-07-31 06:56:23,170] {logging_mixin.py:115} INFO - [2022-07-31 06:56:23,170] {dagbag.py:507} INFO - Filling up the DagBag from /opt/airflow/dags/miscellaneous_operator/short_circuit.py
[2022-07-31 06:56:23,182] {processor.py:651} INFO - DAG(s) dict_keys(['short_circuit']) retrieved from /opt/airflow/dags/miscellaneous_operator/short_circuit.py
[2022-07-31 06:56:23,213] {logging_mixin.py:115} INFO - [2022-07-31 06:56:23,213] {dag.py:2379} INFO - Sync 1 DAGs
[2022-07-31 06:56:23,245] {logging_mixin.py:115} INFO - [2022-07-31 06:56:23,245] {dag.py:2931} INFO - Setting next_dagrun for short_circuit to 2022-07-28T00:00:00+00:00, run_after=2022-07-29T00:00:00+00:00
[2022-07-31 06:56:23,267] {processor.py:161} INFO - Processing /opt/airflow/dags/miscellaneous_operator/short_circuit.py took 0.103 seconds
[2022-07-31 06:56:53,520] {processor.py:153} INFO - Started process (PID=355) to work on /opt/airflow/dags/miscellaneous_operator/short_circuit.py
[2022-07-31 06:56:53,521] {processor.py:641} INFO - Processing file /opt/airflow/dags/miscellaneous_operator/short_circuit.py for tasks to queue
[2022-07-31 06:56:53,521] {logging_mixin.py:115} INFO - [2022-07-31 06:56:53,521] {dagbag.py:507} INFO - Filling up the DagBag from /opt/airflow/dags/miscellaneous_operator/short_circuit.py
[2022-07-31 06:56:53,531] {processor.py:651} INFO - DAG(s) dict_keys(['short_circuit']) retrieved from /opt/airflow/dags/miscellaneous_operator/short_circuit.py
[2022-07-31 06:56:53,555] {logging_mixin.py:115} INFO - [2022-07-31 06:56:53,554] {dag.py:2379} INFO - Sync 1 DAGs
[2022-07-31 06:56:53,577] {logging_mixin.py:115} INFO - [2022-07-31 06:56:53,576] {dag.py:2931} INFO - Setting next_dagrun for short_circuit to 2022-07-28T00:00:00+00:00, run_after=2022-07-29T00:00:00+00:00
[2022-07-31 06:56:53,590] {processor.py:161} INFO - Processing /opt/airflow/dags/miscellaneous_operator/short_circuit.py took 0.073 seconds
[2022-07-31 06:57:24,257] {processor.py:153} INFO - Started process (PID=427) to work on /opt/airflow/dags/miscellaneous_operator/short_circuit.py
[2022-07-31 06:57:24,258] {processor.py:641} INFO - Processing file /opt/airflow/dags/miscellaneous_operator/short_circuit.py for tasks to queue
[2022-07-31 06:57:24,259] {logging_mixin.py:115} INFO - [2022-07-31 06:57:24,259] {dagbag.py:507} INFO - Filling up the DagBag from /opt/airflow/dags/miscellaneous_operator/short_circuit.py
[2022-07-31 06:57:24,269] {processor.py:651} INFO - DAG(s) dict_keys(['short_circuit']) retrieved from /opt/airflow/dags/miscellaneous_operator/short_circuit.py
[2022-07-31 06:57:24,293] {logging_mixin.py:115} INFO - [2022-07-31 06:57:24,292] {dag.py:2379} INFO - Sync 1 DAGs
[2022-07-31 06:57:24,314] {logging_mixin.py:115} INFO - [2022-07-31 06:57:24,314] {dag.py:2931} INFO - Setting next_dagrun for short_circuit to 2022-07-28T00:00:00+00:00, run_after=2022-07-29T00:00:00+00:00
[2022-07-31 06:57:24,328] {processor.py:161} INFO - Processing /opt/airflow/dags/miscellaneous_operator/short_circuit.py took 0.073 seconds
[2022-07-31 06:57:55,057] {processor.py:153} INFO - Started process (PID=499) to work on /opt/airflow/dags/miscellaneous_operator/short_circuit.py
[2022-07-31 06:57:55,063] {processor.py:641} INFO - Processing file /opt/airflow/dags/miscellaneous_operator/short_circuit.py for tasks to queue
[2022-07-31 06:57:55,065] {logging_mixin.py:115} INFO - [2022-07-31 06:57:55,064] {dagbag.py:507} INFO - Filling up the DagBag from /opt/airflow/dags/miscellaneous_operator/short_circuit.py
[2022-07-31 06:57:55,078] {processor.py:651} INFO - DAG(s) dict_keys(['short_circuit']) retrieved from /opt/airflow/dags/miscellaneous_operator/short_circuit.py
[2022-07-31 06:57:55,158] {logging_mixin.py:115} INFO - [2022-07-31 06:57:55,158] {dag.py:2379} INFO - Sync 1 DAGs
[2022-07-31 06:57:55,218] {logging_mixin.py:115} INFO - [2022-07-31 06:57:55,218] {dag.py:2931} INFO - Setting next_dagrun for short_circuit to 2022-07-28T00:00:00+00:00, run_after=2022-07-29T00:00:00+00:00
[2022-07-31 06:57:55,257] {processor.py:161} INFO - Processing /opt/airflow/dags/miscellaneous_operator/short_circuit.py took 0.212 seconds
[2022-07-31 06:58:25,324] {processor.py:153} INFO - Started process (PID=582) to work on /opt/airflow/dags/miscellaneous_operator/short_circuit.py
[2022-07-31 06:58:25,324] {processor.py:641} INFO - Processing file /opt/airflow/dags/miscellaneous_operator/short_circuit.py for tasks to queue
[2022-07-31 06:58:25,325] {logging_mixin.py:115} INFO - [2022-07-31 06:58:25,325] {dagbag.py:507} INFO - Filling up the DagBag from /opt/airflow/dags/miscellaneous_operator/short_circuit.py
[2022-07-31 06:58:25,336] {processor.py:651} INFO - DAG(s) dict_keys(['short_circuit']) retrieved from /opt/airflow/dags/miscellaneous_operator/short_circuit.py
[2022-07-31 06:58:25,364] {logging_mixin.py:115} INFO - [2022-07-31 06:58:25,364] {dag.py:2379} INFO - Sync 1 DAGs
[2022-07-31 06:58:25,389] {logging_mixin.py:115} INFO - [2022-07-31 06:58:25,389] {dag.py:2931} INFO - Setting next_dagrun for short_circuit to 2022-07-28T00:00:00+00:00, run_after=2022-07-29T00:00:00+00:00
[2022-07-31 06:58:25,405] {processor.py:161} INFO - Processing /opt/airflow/dags/miscellaneous_operator/short_circuit.py took 0.084 seconds
[2022-07-31 06:58:55,541] {processor.py:153} INFO - Started process (PID=653) to work on /opt/airflow/dags/miscellaneous_operator/short_circuit.py
[2022-07-31 06:58:55,542] {processor.py:641} INFO - Processing file /opt/airflow/dags/miscellaneous_operator/short_circuit.py for tasks to queue
[2022-07-31 06:58:55,543] {logging_mixin.py:115} INFO - [2022-07-31 06:58:55,543] {dagbag.py:507} INFO - Filling up the DagBag from /opt/airflow/dags/miscellaneous_operator/short_circuit.py
[2022-07-31 06:58:55,552] {processor.py:651} INFO - DAG(s) dict_keys(['short_circuit']) retrieved from /opt/airflow/dags/miscellaneous_operator/short_circuit.py
[2022-07-31 06:58:55,576] {logging_mixin.py:115} INFO - [2022-07-31 06:58:55,575] {dag.py:2379} INFO - Sync 1 DAGs
[2022-07-31 06:58:55,598] {logging_mixin.py:115} INFO - [2022-07-31 06:58:55,598] {dag.py:2931} INFO - Setting next_dagrun for short_circuit to 2022-07-28T00:00:00+00:00, run_after=2022-07-29T00:00:00+00:00
[2022-07-31 06:58:55,613] {processor.py:161} INFO - Processing /opt/airflow/dags/miscellaneous_operator/short_circuit.py took 0.075 seconds
[2022-07-31 06:59:26,126] {processor.py:153} INFO - Started process (PID=739) to work on /opt/airflow/dags/miscellaneous_operator/short_circuit.py
[2022-07-31 06:59:26,131] {processor.py:641} INFO - Processing file /opt/airflow/dags/miscellaneous_operator/short_circuit.py for tasks to queue
[2022-07-31 06:59:26,134] {logging_mixin.py:115} INFO - [2022-07-31 06:59:26,133] {dagbag.py:507} INFO - Filling up the DagBag from /opt/airflow/dags/miscellaneous_operator/short_circuit.py
[2022-07-31 06:59:26,177] {processor.py:651} INFO - DAG(s) dict_keys(['short_circuit']) retrieved from /opt/airflow/dags/miscellaneous_operator/short_circuit.py
[2022-07-31 06:59:26,256] {logging_mixin.py:115} INFO - [2022-07-31 06:59:26,256] {dag.py:2379} INFO - Sync 1 DAGs
[2022-07-31 06:59:26,338] {logging_mixin.py:115} INFO - [2022-07-31 06:59:26,337] {dag.py:2931} INFO - Setting next_dagrun for short_circuit to 2022-07-28T00:00:00+00:00, run_after=2022-07-29T00:00:00+00:00
[2022-07-31 06:59:26,401] {processor.py:161} INFO - Processing /opt/airflow/dags/miscellaneous_operator/short_circuit.py took 0.281 seconds
[2022-07-31 06:59:57,174] {processor.py:153} INFO - Started process (PID=815) to work on /opt/airflow/dags/miscellaneous_operator/short_circuit.py
[2022-07-31 06:59:57,176] {processor.py:641} INFO - Processing file /opt/airflow/dags/miscellaneous_operator/short_circuit.py for tasks to queue
[2022-07-31 06:59:57,176] {logging_mixin.py:115} INFO - [2022-07-31 06:59:57,176] {dagbag.py:507} INFO - Filling up the DagBag from /opt/airflow/dags/miscellaneous_operator/short_circuit.py
[2022-07-31 06:59:57,190] {processor.py:651} INFO - DAG(s) dict_keys(['short_circuit']) retrieved from /opt/airflow/dags/miscellaneous_operator/short_circuit.py
[2022-07-31 06:59:57,219] {logging_mixin.py:115} INFO - [2022-07-31 06:59:57,219] {dag.py:2379} INFO - Sync 1 DAGs
[2022-07-31 06:59:57,249] {logging_mixin.py:115} INFO - [2022-07-31 06:59:57,249] {dag.py:2931} INFO - Setting next_dagrun for short_circuit to 2022-07-28T00:00:00+00:00, run_after=2022-07-29T00:00:00+00:00
[2022-07-31 06:59:57,455] {processor.py:161} INFO - Processing /opt/airflow/dags/miscellaneous_operator/short_circuit.py took 0.285 seconds
[2022-07-31 07:00:27,500] {processor.py:153} INFO - Started process (PID=887) to work on /opt/airflow/dags/miscellaneous_operator/short_circuit.py
[2022-07-31 07:00:27,501] {processor.py:641} INFO - Processing file /opt/airflow/dags/miscellaneous_operator/short_circuit.py for tasks to queue
[2022-07-31 07:00:27,501] {logging_mixin.py:115} INFO - [2022-07-31 07:00:27,501] {dagbag.py:507} INFO - Filling up the DagBag from /opt/airflow/dags/miscellaneous_operator/short_circuit.py
[2022-07-31 07:00:27,513] {processor.py:651} INFO - DAG(s) dict_keys(['short_circuit']) retrieved from /opt/airflow/dags/miscellaneous_operator/short_circuit.py
[2022-07-31 07:00:27,544] {logging_mixin.py:115} INFO - [2022-07-31 07:00:27,544] {dag.py:2379} INFO - Sync 1 DAGs
[2022-07-31 07:00:27,579] {logging_mixin.py:115} INFO - [2022-07-31 07:00:27,578] {dag.py:2931} INFO - Setting next_dagrun for short_circuit to 2022-07-28T00:00:00+00:00, run_after=2022-07-29T00:00:00+00:00
[2022-07-31 07:00:27,771] {processor.py:161} INFO - Processing /opt/airflow/dags/miscellaneous_operator/short_circuit.py took 0.275 seconds
[2022-07-31 07:00:57,883] {processor.py:153} INFO - Started process (PID=968) to work on /opt/airflow/dags/miscellaneous_operator/short_circuit.py
[2022-07-31 07:00:57,886] {processor.py:641} INFO - Processing file /opt/airflow/dags/miscellaneous_operator/short_circuit.py for tasks to queue
[2022-07-31 07:00:57,887] {logging_mixin.py:115} INFO - [2022-07-31 07:00:57,887] {dagbag.py:507} INFO - Filling up the DagBag from /opt/airflow/dags/miscellaneous_operator/short_circuit.py
[2022-07-31 07:00:57,901] {processor.py:651} INFO - DAG(s) dict_keys(['short_circuit']) retrieved from /opt/airflow/dags/miscellaneous_operator/short_circuit.py
[2022-07-31 07:00:57,941] {logging_mixin.py:115} INFO - [2022-07-31 07:00:57,941] {dag.py:2379} INFO - Sync 1 DAGs
[2022-07-31 07:00:57,982] {logging_mixin.py:115} INFO - [2022-07-31 07:00:57,982] {dag.py:2931} INFO - Setting next_dagrun for short_circuit to 2022-07-28T00:00:00+00:00, run_after=2022-07-29T00:00:00+00:00
[2022-07-31 07:00:58,187] {processor.py:161} INFO - Processing /opt/airflow/dags/miscellaneous_operator/short_circuit.py took 0.308 seconds
[2022-07-31 07:01:28,227] {processor.py:153} INFO - Started process (PID=1040) to work on /opt/airflow/dags/miscellaneous_operator/short_circuit.py
[2022-07-31 07:01:28,229] {processor.py:641} INFO - Processing file /opt/airflow/dags/miscellaneous_operator/short_circuit.py for tasks to queue
[2022-07-31 07:01:28,231] {logging_mixin.py:115} INFO - [2022-07-31 07:01:28,231] {dagbag.py:507} INFO - Filling up the DagBag from /opt/airflow/dags/miscellaneous_operator/short_circuit.py
[2022-07-31 07:01:28,243] {processor.py:651} INFO - DAG(s) dict_keys(['short_circuit']) retrieved from /opt/airflow/dags/miscellaneous_operator/short_circuit.py
[2022-07-31 07:01:28,280] {logging_mixin.py:115} INFO - [2022-07-31 07:01:28,280] {dag.py:2379} INFO - Sync 1 DAGs
[2022-07-31 07:01:28,324] {logging_mixin.py:115} INFO - [2022-07-31 07:01:28,324] {dag.py:2931} INFO - Setting next_dagrun for short_circuit to 2022-07-28T00:00:00+00:00, run_after=2022-07-29T00:00:00+00:00
[2022-07-31 07:01:28,506] {processor.py:161} INFO - Processing /opt/airflow/dags/miscellaneous_operator/short_circuit.py took 0.283 seconds
[2022-07-31 07:01:59,097] {processor.py:153} INFO - Started process (PID=1115) to work on /opt/airflow/dags/miscellaneous_operator/short_circuit.py
[2022-07-31 07:01:59,101] {processor.py:641} INFO - Processing file /opt/airflow/dags/miscellaneous_operator/short_circuit.py for tasks to queue
[2022-07-31 07:01:59,103] {logging_mixin.py:115} INFO - [2022-07-31 07:01:59,103] {dagbag.py:507} INFO - Filling up the DagBag from /opt/airflow/dags/miscellaneous_operator/short_circuit.py
[2022-07-31 07:01:59,129] {processor.py:651} INFO - DAG(s) dict_keys(['short_circuit']) retrieved from /opt/airflow/dags/miscellaneous_operator/short_circuit.py
[2022-07-31 07:01:59,198] {logging_mixin.py:115} INFO - [2022-07-31 07:01:59,198] {dag.py:2379} INFO - Sync 1 DAGs
[2022-07-31 07:01:59,244] {logging_mixin.py:115} INFO - [2022-07-31 07:01:59,244] {dag.py:2931} INFO - Setting next_dagrun for short_circuit to 2022-07-28T00:00:00+00:00, run_after=2022-07-29T00:00:00+00:00
[2022-07-31 07:01:59,485] {processor.py:161} INFO - Processing /opt/airflow/dags/miscellaneous_operator/short_circuit.py took 0.400 seconds
[2022-07-31 07:02:29,917] {processor.py:153} INFO - Started process (PID=1186) to work on /opt/airflow/dags/miscellaneous_operator/short_circuit.py
[2022-07-31 07:02:29,917] {processor.py:641} INFO - Processing file /opt/airflow/dags/miscellaneous_operator/short_circuit.py for tasks to queue
[2022-07-31 07:02:29,918] {logging_mixin.py:115} INFO - [2022-07-31 07:02:29,918] {dagbag.py:507} INFO - Filling up the DagBag from /opt/airflow/dags/miscellaneous_operator/short_circuit.py
[2022-07-31 07:02:29,982] {processor.py:651} INFO - DAG(s) dict_keys(['short_circuit']) retrieved from /opt/airflow/dags/miscellaneous_operator/short_circuit.py
[2022-07-31 07:02:30,196] {logging_mixin.py:115} INFO - [2022-07-31 07:02:30,196] {dag.py:2379} INFO - Sync 1 DAGs
[2022-07-31 07:02:30,314] {logging_mixin.py:115} INFO - [2022-07-31 07:02:30,314] {dag.py:2931} INFO - Setting next_dagrun for short_circuit to 2022-07-28T00:00:00+00:00, run_after=2022-07-29T00:00:00+00:00
[2022-07-31 07:02:30,595] {processor.py:161} INFO - Processing /opt/airflow/dags/miscellaneous_operator/short_circuit.py took 0.682 seconds
[2022-07-31 07:03:00,777] {processor.py:153} INFO - Started process (PID=1265) to work on /opt/airflow/dags/miscellaneous_operator/short_circuit.py
[2022-07-31 07:03:00,787] {processor.py:641} INFO - Processing file /opt/airflow/dags/miscellaneous_operator/short_circuit.py for tasks to queue
[2022-07-31 07:03:00,788] {logging_mixin.py:115} INFO - [2022-07-31 07:03:00,788] {dagbag.py:507} INFO - Filling up the DagBag from /opt/airflow/dags/miscellaneous_operator/short_circuit.py
[2022-07-31 07:03:00,809] {processor.py:651} INFO - DAG(s) dict_keys(['short_circuit']) retrieved from /opt/airflow/dags/miscellaneous_operator/short_circuit.py
[2022-07-31 07:03:00,878] {logging_mixin.py:115} INFO - [2022-07-31 07:03:00,878] {dag.py:2379} INFO - Sync 1 DAGs
[2022-07-31 07:03:00,955] {logging_mixin.py:115} INFO - [2022-07-31 07:03:00,955] {dag.py:2931} INFO - Setting next_dagrun for short_circuit to 2022-07-28T00:00:00+00:00, run_after=2022-07-29T00:00:00+00:00
[2022-07-31 07:03:01,239] {processor.py:161} INFO - Processing /opt/airflow/dags/miscellaneous_operator/short_circuit.py took 0.469 seconds
