[2022-07-05 05:32:22,228] {taskinstance.py:1159} INFO - Dependencies all met for <TaskInstance: task_group.Check_files manual__2022-07-05T05:32:18.155544+00:00 [queued]>
[2022-07-05 05:32:22,239] {taskinstance.py:1159} INFO - Dependencies all met for <TaskInstance: task_group.Check_files manual__2022-07-05T05:32:18.155544+00:00 [queued]>
[2022-07-05 05:32:22,239] {taskinstance.py:1356} INFO - 
--------------------------------------------------------------------------------
[2022-07-05 05:32:22,239] {taskinstance.py:1357} INFO - Starting attempt 1 of 1
[2022-07-05 05:32:22,239] {taskinstance.py:1358} INFO - 
--------------------------------------------------------------------------------
[2022-07-05 05:32:22,258] {taskinstance.py:1377} INFO - Executing <Task(BashOperator): Check_files> on 2022-07-05 05:32:18.155544+00:00
[2022-07-05 05:32:22,263] {standard_task_runner.py:52} INFO - Started process 2394 to run task
[2022-07-05 05:32:22,267] {standard_task_runner.py:79} INFO - Running: ['***', 'tasks', 'run', 'task_group', 'Check_files', 'manual__2022-07-05T05:32:18.155544+00:00', '--job-id', '111', '--raw', '--subdir', 'DAGS_FOLDER/task_group.py', '--cfg-path', '/tmp/tmpv4ywxhr_', '--error-file', '/tmp/tmprnwry20_']
[2022-07-05 05:32:22,267] {standard_task_runner.py:80} INFO - Job 111: Subtask Check_files
[2022-07-05 05:32:22,327] {task_command.py:370} INFO - Running <TaskInstance: task_group.Check_files manual__2022-07-05T05:32:18.155544+00:00 [running]> on host dfb99dfc9d64
[2022-07-05 05:32:22,437] {taskinstance.py:1571} INFO - Exporting the following env vars:
AIRFLOW_CTX_DAG_OWNER=***
AIRFLOW_CTX_DAG_ID=task_group
AIRFLOW_CTX_TASK_ID=Check_files
AIRFLOW_CTX_EXECUTION_DATE=2022-07-05T05:32:18.155544+00:00
AIRFLOW_CTX_TRY_NUMBER=1
AIRFLOW_CTX_DAG_RUN_ID=manual__2022-07-05T05:32:18.155544+00:00
[2022-07-05 05:32:22,439] {subprocess.py:62} INFO - Tmp dir root location: 
 /tmp
[2022-07-05 05:32:22,440] {subprocess.py:74} INFO - Running command: ['bash', '-c', 'sleep 1']
[2022-07-05 05:32:22,450] {subprocess.py:85} INFO - Output:
[2022-07-05 05:32:23,454] {subprocess.py:96} INFO - Command exited with return code 0
[2022-07-05 05:32:23,486] {taskinstance.py:1400} INFO - Marking task as SUCCESS. dag_id=task_group, task_id=Check_files, execution_date=20220705T053218, start_date=20220705T053222, end_date=20220705T053223
[2022-07-05 05:32:23,522] {local_task_job.py:156} INFO - Task exited with return code 0
[2022-07-05 05:32:23,562] {local_task_job.py:273} INFO - 2 downstream tasks scheduled from follow-on schedule check
