[2022-07-30 16:39:38,163] {processor.py:153} INFO - Started process (PID=79) to work on /opt/airflow/dags/queues_priority/queues.py
[2022-07-30 16:39:38,169] {processor.py:641} INFO - Processing file /opt/airflow/dags/queues_priority/queues.py for tasks to queue
[2022-07-30 16:39:38,170] {logging_mixin.py:115} INFO - [2022-07-30 16:39:38,170] {dagbag.py:507} INFO - Filling up the DagBag from /opt/airflow/dags/queues_priority/queues.py
[2022-07-30 16:39:38,192] {processor.py:651} INFO - DAG(s) dict_keys(['specific_queues']) retrieved from /opt/airflow/dags/queues_priority/queues.py
[2022-07-30 16:39:39,483] {logging_mixin.py:115} INFO - [2022-07-30 16:39:39,483] {manager.py:508} INFO - Created Permission View: can read on DAG:specific_queues
[2022-07-30 16:39:39,541] {logging_mixin.py:115} INFO - [2022-07-30 16:39:39,541] {manager.py:508} INFO - Created Permission View: can delete on DAG:specific_queues
[2022-07-30 16:39:39,587] {logging_mixin.py:115} INFO - [2022-07-30 16:39:39,587] {manager.py:508} INFO - Created Permission View: can edit on DAG:specific_queues
[2022-07-30 16:39:39,587] {logging_mixin.py:115} INFO - [2022-07-30 16:39:39,587] {dag.py:2379} INFO - Sync 1 DAGs
[2022-07-30 16:39:39,650] {logging_mixin.py:115} INFO - [2022-07-30 16:39:39,650] {dag.py:2398} INFO - Creating ORM DAG for specific_queues
[2022-07-30 16:39:39,744] {logging_mixin.py:115} INFO - [2022-07-30 16:39:39,744] {dag.py:2931} INFO - Setting next_dagrun for specific_queues to 2022-07-27T06:25:00+00:00, run_after=2022-07-27T06:30:00+00:00
[2022-07-30 16:39:39,858] {processor.py:161} INFO - Processing /opt/airflow/dags/queues_priority/queues.py took 1.701 seconds
[2022-07-30 16:40:09,938] {processor.py:153} INFO - Started process (PID=150) to work on /opt/airflow/dags/queues_priority/queues.py
[2022-07-30 16:40:09,939] {processor.py:641} INFO - Processing file /opt/airflow/dags/queues_priority/queues.py for tasks to queue
[2022-07-30 16:40:09,939] {logging_mixin.py:115} INFO - [2022-07-30 16:40:09,939] {dagbag.py:507} INFO - Filling up the DagBag from /opt/airflow/dags/queues_priority/queues.py
[2022-07-30 16:40:09,947] {processor.py:651} INFO - DAG(s) dict_keys(['specific_queues']) retrieved from /opt/airflow/dags/queues_priority/queues.py
[2022-07-30 16:40:09,970] {logging_mixin.py:115} INFO - [2022-07-30 16:40:09,970] {dag.py:2379} INFO - Sync 1 DAGs
[2022-07-30 16:40:09,993] {logging_mixin.py:115} INFO - [2022-07-30 16:40:09,993] {dag.py:2931} INFO - Setting next_dagrun for specific_queues to 2022-07-27T06:25:00+00:00, run_after=2022-07-27T06:30:00+00:00
[2022-07-30 16:40:10,006] {processor.py:161} INFO - Processing /opt/airflow/dags/queues_priority/queues.py took 0.070 seconds
[2022-07-30 16:40:40,468] {processor.py:153} INFO - Started process (PID=222) to work on /opt/airflow/dags/queues_priority/queues.py
[2022-07-30 16:40:40,469] {processor.py:641} INFO - Processing file /opt/airflow/dags/queues_priority/queues.py for tasks to queue
[2022-07-30 16:40:40,469] {logging_mixin.py:115} INFO - [2022-07-30 16:40:40,469] {dagbag.py:507} INFO - Filling up the DagBag from /opt/airflow/dags/queues_priority/queues.py
[2022-07-30 16:40:40,477] {processor.py:651} INFO - DAG(s) dict_keys(['specific_queues']) retrieved from /opt/airflow/dags/queues_priority/queues.py
[2022-07-30 16:40:40,499] {logging_mixin.py:115} INFO - [2022-07-30 16:40:40,499] {dag.py:2379} INFO - Sync 1 DAGs
[2022-07-30 16:40:40,521] {logging_mixin.py:115} INFO - [2022-07-30 16:40:40,521] {dag.py:2931} INFO - Setting next_dagrun for specific_queues to 2022-07-27T06:25:00+00:00, run_after=2022-07-27T06:30:00+00:00
[2022-07-30 16:40:40,534] {processor.py:161} INFO - Processing /opt/airflow/dags/queues_priority/queues.py took 0.069 seconds
[2022-07-30 16:41:11,246] {processor.py:153} INFO - Started process (PID=295) to work on /opt/airflow/dags/queues_priority/queues.py
[2022-07-30 16:41:11,246] {processor.py:641} INFO - Processing file /opt/airflow/dags/queues_priority/queues.py for tasks to queue
[2022-07-30 16:41:11,247] {logging_mixin.py:115} INFO - [2022-07-30 16:41:11,247] {dagbag.py:507} INFO - Filling up the DagBag from /opt/airflow/dags/queues_priority/queues.py
[2022-07-30 16:41:11,257] {processor.py:651} INFO - DAG(s) dict_keys(['specific_queues']) retrieved from /opt/airflow/dags/queues_priority/queues.py
[2022-07-30 16:41:11,289] {logging_mixin.py:115} INFO - [2022-07-30 16:41:11,289] {dag.py:2379} INFO - Sync 1 DAGs
[2022-07-30 16:41:11,322] {logging_mixin.py:115} INFO - [2022-07-30 16:41:11,322] {dag.py:2931} INFO - Setting next_dagrun for specific_queues to 2022-07-27T06:25:00+00:00, run_after=2022-07-27T06:30:00+00:00
[2022-07-30 16:41:11,339] {processor.py:161} INFO - Processing /opt/airflow/dags/queues_priority/queues.py took 0.097 seconds
[2022-07-30 16:41:41,443] {processor.py:153} INFO - Started process (PID=380) to work on /opt/airflow/dags/queues_priority/queues.py
[2022-07-30 16:41:41,443] {processor.py:641} INFO - Processing file /opt/airflow/dags/queues_priority/queues.py for tasks to queue
[2022-07-30 16:41:41,444] {logging_mixin.py:115} INFO - [2022-07-30 16:41:41,444] {dagbag.py:507} INFO - Filling up the DagBag from /opt/airflow/dags/queues_priority/queues.py
[2022-07-30 16:41:41,454] {processor.py:651} INFO - DAG(s) dict_keys(['specific_queues']) retrieved from /opt/airflow/dags/queues_priority/queues.py
[2022-07-30 16:41:41,483] {logging_mixin.py:115} INFO - [2022-07-30 16:41:41,483] {dag.py:2379} INFO - Sync 1 DAGs
[2022-07-30 16:41:41,515] {logging_mixin.py:115} INFO - [2022-07-30 16:41:41,515] {dag.py:2931} INFO - Setting next_dagrun for specific_queues to 2022-07-27T06:25:00+00:00, run_after=2022-07-27T06:30:00+00:00
[2022-07-30 16:41:41,531] {processor.py:161} INFO - Processing /opt/airflow/dags/queues_priority/queues.py took 0.092 seconds
[2022-07-30 16:42:12,479] {processor.py:153} INFO - Started process (PID=458) to work on /opt/airflow/dags/queues_priority/queues.py
[2022-07-30 16:42:12,481] {processor.py:641} INFO - Processing file /opt/airflow/dags/queues_priority/queues.py for tasks to queue
[2022-07-30 16:42:12,483] {logging_mixin.py:115} INFO - [2022-07-30 16:42:12,483] {dagbag.py:507} INFO - Filling up the DagBag from /opt/airflow/dags/queues_priority/queues.py
[2022-07-30 16:42:12,514] {processor.py:651} INFO - DAG(s) dict_keys(['specific_queues']) retrieved from /opt/airflow/dags/queues_priority/queues.py
[2022-07-30 16:42:12,583] {logging_mixin.py:115} INFO - [2022-07-30 16:42:12,583] {dag.py:2379} INFO - Sync 1 DAGs
[2022-07-30 16:42:12,660] {logging_mixin.py:115} INFO - [2022-07-30 16:42:12,660] {dag.py:2931} INFO - Setting next_dagrun for specific_queues to 2022-07-27T06:25:00+00:00, run_after=2022-07-27T06:30:00+00:00
[2022-07-30 16:42:12,697] {processor.py:161} INFO - Processing /opt/airflow/dags/queues_priority/queues.py took 0.232 seconds
[2022-07-30 16:42:42,849] {processor.py:153} INFO - Started process (PID=541) to work on /opt/airflow/dags/queues_priority/queues.py
[2022-07-30 16:42:42,852] {processor.py:641} INFO - Processing file /opt/airflow/dags/queues_priority/queues.py for tasks to queue
[2022-07-30 16:42:42,853] {logging_mixin.py:115} INFO - [2022-07-30 16:42:42,853] {dagbag.py:507} INFO - Filling up the DagBag from /opt/airflow/dags/queues_priority/queues.py
[2022-07-30 16:42:42,864] {processor.py:651} INFO - DAG(s) dict_keys(['specific_queues']) retrieved from /opt/airflow/dags/queues_priority/queues.py
[2022-07-30 16:42:43,029] {logging_mixin.py:115} INFO - [2022-07-30 16:42:43,029] {dag.py:2379} INFO - Sync 1 DAGs
[2022-07-30 16:42:43,127] {logging_mixin.py:115} INFO - [2022-07-30 16:42:43,127] {dag.py:2931} INFO - Setting next_dagrun for specific_queues to 2022-07-27T06:25:00+00:00, run_after=2022-07-27T06:30:00+00:00
[2022-07-30 16:42:43,185] {processor.py:161} INFO - Processing /opt/airflow/dags/queues_priority/queues.py took 0.340 seconds
[2022-07-30 16:44:14,694] {processor.py:153} INFO - Started process (PID=67) to work on /opt/airflow/dags/queues_priority/queues.py
[2022-07-30 16:44:14,700] {processor.py:641} INFO - Processing file /opt/airflow/dags/queues_priority/queues.py for tasks to queue
[2022-07-30 16:44:14,701] {logging_mixin.py:115} INFO - [2022-07-30 16:44:14,700] {dagbag.py:507} INFO - Filling up the DagBag from /opt/airflow/dags/queues_priority/queues.py
[2022-07-30 16:44:14,731] {processor.py:651} INFO - DAG(s) dict_keys(['specific_queues']) retrieved from /opt/airflow/dags/queues_priority/queues.py
[2022-07-30 16:44:14,832] {logging_mixin.py:115} INFO - [2022-07-30 16:44:14,832] {dag.py:2379} INFO - Sync 1 DAGs
[2022-07-30 16:44:14,931] {logging_mixin.py:115} INFO - [2022-07-30 16:44:14,931] {dag.py:2931} INFO - Setting next_dagrun for specific_queues to 2022-07-27T06:25:00+00:00, run_after=2022-07-27T06:30:00+00:00
[2022-07-30 16:44:14,966] {processor.py:161} INFO - Processing /opt/airflow/dags/queues_priority/queues.py took 0.280 seconds
[2022-07-30 16:44:45,105] {processor.py:153} INFO - Started process (PID=137) to work on /opt/airflow/dags/queues_priority/queues.py
[2022-07-30 16:44:45,105] {processor.py:641} INFO - Processing file /opt/airflow/dags/queues_priority/queues.py for tasks to queue
[2022-07-30 16:44:45,106] {logging_mixin.py:115} INFO - [2022-07-30 16:44:45,106] {dagbag.py:507} INFO - Filling up the DagBag from /opt/airflow/dags/queues_priority/queues.py
[2022-07-30 16:44:45,124] {processor.py:651} INFO - DAG(s) dict_keys(['specific_queues']) retrieved from /opt/airflow/dags/queues_priority/queues.py
[2022-07-30 16:44:45,155] {logging_mixin.py:115} INFO - [2022-07-30 16:44:45,155] {dag.py:2379} INFO - Sync 1 DAGs
[2022-07-30 16:44:45,190] {logging_mixin.py:115} INFO - [2022-07-30 16:44:45,190] {dag.py:2931} INFO - Setting next_dagrun for specific_queues to 2022-07-27T06:25:00+00:00, run_after=2022-07-27T06:30:00+00:00
[2022-07-30 16:44:45,230] {processor.py:161} INFO - Processing /opt/airflow/dags/queues_priority/queues.py took 0.130 seconds
[2022-07-30 16:45:16,259] {processor.py:153} INFO - Started process (PID=217) to work on /opt/airflow/dags/queues_priority/queues.py
[2022-07-30 16:45:16,272] {processor.py:641} INFO - Processing file /opt/airflow/dags/queues_priority/queues.py for tasks to queue
[2022-07-30 16:45:16,273] {logging_mixin.py:115} INFO - [2022-07-30 16:45:16,272] {dagbag.py:507} INFO - Filling up the DagBag from /opt/airflow/dags/queues_priority/queues.py
[2022-07-30 16:45:16,303] {processor.py:651} INFO - DAG(s) dict_keys(['specific_queues']) retrieved from /opt/airflow/dags/queues_priority/queues.py
[2022-07-30 16:45:16,396] {logging_mixin.py:115} INFO - [2022-07-30 16:45:16,396] {dag.py:2379} INFO - Sync 1 DAGs
[2022-07-30 16:45:16,497] {logging_mixin.py:115} INFO - [2022-07-30 16:45:16,497] {dag.py:2931} INFO - Setting next_dagrun for specific_queues to 2022-07-27T06:25:00+00:00, run_after=2022-07-27T06:30:00+00:00
[2022-07-30 16:45:16,541] {processor.py:161} INFO - Processing /opt/airflow/dags/queues_priority/queues.py took 0.285 seconds
[2022-07-30 16:45:46,982] {processor.py:153} INFO - Started process (PID=296) to work on /opt/airflow/dags/queues_priority/queues.py
[2022-07-30 16:45:46,983] {processor.py:641} INFO - Processing file /opt/airflow/dags/queues_priority/queues.py for tasks to queue
[2022-07-30 16:45:46,983] {logging_mixin.py:115} INFO - [2022-07-30 16:45:46,983] {dagbag.py:507} INFO - Filling up the DagBag from /opt/airflow/dags/queues_priority/queues.py
[2022-07-30 16:45:46,994] {processor.py:651} INFO - DAG(s) dict_keys(['specific_queues']) retrieved from /opt/airflow/dags/queues_priority/queues.py
[2022-07-30 16:45:47,024] {logging_mixin.py:115} INFO - [2022-07-30 16:45:47,024] {dag.py:2379} INFO - Sync 1 DAGs
[2022-07-30 16:45:47,060] {logging_mixin.py:115} INFO - [2022-07-30 16:45:47,060] {dag.py:2931} INFO - Setting next_dagrun for specific_queues to 2022-07-27T06:25:00+00:00, run_after=2022-07-27T06:30:00+00:00
[2022-07-30 16:45:47,073] {processor.py:161} INFO - Processing /opt/airflow/dags/queues_priority/queues.py took 0.096 seconds
[2022-07-30 16:46:17,969] {processor.py:153} INFO - Started process (PID=370) to work on /opt/airflow/dags/queues_priority/queues.py
[2022-07-30 16:46:17,970] {processor.py:641} INFO - Processing file /opt/airflow/dags/queues_priority/queues.py for tasks to queue
[2022-07-30 16:46:17,971] {logging_mixin.py:115} INFO - [2022-07-30 16:46:17,970] {dagbag.py:507} INFO - Filling up the DagBag from /opt/airflow/dags/queues_priority/queues.py
[2022-07-30 16:46:17,982] {processor.py:651} INFO - DAG(s) dict_keys(['specific_queues']) retrieved from /opt/airflow/dags/queues_priority/queues.py
[2022-07-30 16:46:18,017] {logging_mixin.py:115} INFO - [2022-07-30 16:46:18,017] {dag.py:2379} INFO - Sync 1 DAGs
[2022-07-30 16:46:18,051] {logging_mixin.py:115} INFO - [2022-07-30 16:46:18,051] {dag.py:2931} INFO - Setting next_dagrun for specific_queues to 2022-07-27T06:25:00+00:00, run_after=2022-07-27T06:30:00+00:00
[2022-07-30 16:46:18,064] {processor.py:161} INFO - Processing /opt/airflow/dags/queues_priority/queues.py took 0.101 seconds
[2022-07-30 16:46:50,777] {processor.py:153} INFO - Started process (PID=452) to work on /opt/airflow/dags/queues_priority/queues.py
[2022-07-30 16:46:50,778] {processor.py:641} INFO - Processing file /opt/airflow/dags/queues_priority/queues.py for tasks to queue
[2022-07-30 16:46:50,778] {logging_mixin.py:115} INFO - [2022-07-30 16:46:50,778] {dagbag.py:507} INFO - Filling up the DagBag from /opt/airflow/dags/queues_priority/queues.py
[2022-07-30 16:46:50,788] {processor.py:651} INFO - DAG(s) dict_keys(['specific_queues']) retrieved from /opt/airflow/dags/queues_priority/queues.py
[2022-07-30 16:46:50,820] {logging_mixin.py:115} INFO - [2022-07-30 16:46:50,820] {dag.py:2379} INFO - Sync 1 DAGs
[2022-07-30 16:46:50,853] {logging_mixin.py:115} INFO - [2022-07-30 16:46:50,853] {dag.py:2931} INFO - Setting next_dagrun for specific_queues to 2022-07-27T06:25:00+00:00, run_after=2022-07-27T06:30:00+00:00
[2022-07-30 16:46:50,868] {processor.py:161} INFO - Processing /opt/airflow/dags/queues_priority/queues.py took 0.095 seconds
[2022-07-30 16:47:22,227] {processor.py:153} INFO - Started process (PID=525) to work on /opt/airflow/dags/queues_priority/queues.py
[2022-07-30 16:47:22,228] {processor.py:641} INFO - Processing file /opt/airflow/dags/queues_priority/queues.py for tasks to queue
[2022-07-30 16:47:22,228] {logging_mixin.py:115} INFO - [2022-07-30 16:47:22,228] {dagbag.py:507} INFO - Filling up the DagBag from /opt/airflow/dags/queues_priority/queues.py
[2022-07-30 16:47:22,263] {processor.py:651} INFO - DAG(s) dict_keys(['specific_queues']) retrieved from /opt/airflow/dags/queues_priority/queues.py
[2022-07-30 16:47:22,340] {logging_mixin.py:115} INFO - [2022-07-30 16:47:22,340] {dag.py:2379} INFO - Sync 1 DAGs
[2022-07-30 16:47:22,411] {logging_mixin.py:115} INFO - [2022-07-30 16:47:22,411] {dag.py:2931} INFO - Setting next_dagrun for specific_queues to 2022-07-27T06:25:00+00:00, run_after=2022-07-27T06:30:00+00:00
[2022-07-30 16:47:22,436] {processor.py:161} INFO - Processing /opt/airflow/dags/queues_priority/queues.py took 0.228 seconds
[2022-07-30 16:47:52,913] {processor.py:153} INFO - Started process (PID=608) to work on /opt/airflow/dags/queues_priority/queues.py
[2022-07-30 16:47:52,914] {processor.py:641} INFO - Processing file /opt/airflow/dags/queues_priority/queues.py for tasks to queue
[2022-07-30 16:47:52,915] {logging_mixin.py:115} INFO - [2022-07-30 16:47:52,915] {dagbag.py:507} INFO - Filling up the DagBag from /opt/airflow/dags/queues_priority/queues.py
[2022-07-30 16:47:52,924] {processor.py:651} INFO - DAG(s) dict_keys(['specific_queues']) retrieved from /opt/airflow/dags/queues_priority/queues.py
[2022-07-30 16:47:52,962] {logging_mixin.py:115} INFO - [2022-07-30 16:47:52,962] {dag.py:2379} INFO - Sync 1 DAGs
[2022-07-30 16:47:52,997] {logging_mixin.py:115} INFO - [2022-07-30 16:47:52,996] {dag.py:2931} INFO - Setting next_dagrun for specific_queues to 2022-07-27T06:25:00+00:00, run_after=2022-07-27T06:30:00+00:00
[2022-07-30 16:47:53,011] {processor.py:161} INFO - Processing /opt/airflow/dags/queues_priority/queues.py took 0.102 seconds
[2022-07-30 16:48:24,295] {processor.py:153} INFO - Started process (PID=685) to work on /opt/airflow/dags/queues_priority/queues.py
[2022-07-30 16:48:24,298] {processor.py:641} INFO - Processing file /opt/airflow/dags/queues_priority/queues.py for tasks to queue
[2022-07-30 16:48:24,299] {logging_mixin.py:115} INFO - [2022-07-30 16:48:24,299] {dagbag.py:507} INFO - Filling up the DagBag from /opt/airflow/dags/queues_priority/queues.py
[2022-07-30 16:48:24,317] {processor.py:651} INFO - DAG(s) dict_keys(['specific_queues']) retrieved from /opt/airflow/dags/queues_priority/queues.py
[2022-07-30 16:48:24,383] {logging_mixin.py:115} INFO - [2022-07-30 16:48:24,383] {dag.py:2379} INFO - Sync 1 DAGs
[2022-07-30 16:48:24,452] {logging_mixin.py:115} INFO - [2022-07-30 16:48:24,452] {dag.py:2931} INFO - Setting next_dagrun for specific_queues to 2022-07-27T06:25:00+00:00, run_after=2022-07-27T06:30:00+00:00
[2022-07-30 16:48:24,478] {processor.py:161} INFO - Processing /opt/airflow/dags/queues_priority/queues.py took 0.201 seconds
[2022-07-30 16:48:54,535] {processor.py:153} INFO - Started process (PID=764) to work on /opt/airflow/dags/queues_priority/queues.py
[2022-07-30 16:48:54,535] {processor.py:641} INFO - Processing file /opt/airflow/dags/queues_priority/queues.py for tasks to queue
[2022-07-30 16:48:54,536] {logging_mixin.py:115} INFO - [2022-07-30 16:48:54,536] {dagbag.py:507} INFO - Filling up the DagBag from /opt/airflow/dags/queues_priority/queues.py
[2022-07-30 16:48:54,554] {processor.py:651} INFO - DAG(s) dict_keys(['specific_queues']) retrieved from /opt/airflow/dags/queues_priority/queues.py
[2022-07-30 16:48:54,621] {logging_mixin.py:115} INFO - [2022-07-30 16:48:54,621] {dag.py:2379} INFO - Sync 1 DAGs
[2022-07-30 16:48:54,684] {logging_mixin.py:115} INFO - [2022-07-30 16:48:54,684] {dag.py:2931} INFO - Setting next_dagrun for specific_queues to 2022-07-27T06:25:00+00:00, run_after=2022-07-27T06:30:00+00:00
[2022-07-30 16:48:54,716] {processor.py:161} INFO - Processing /opt/airflow/dags/queues_priority/queues.py took 0.185 seconds
[2022-07-30 16:49:24,771] {processor.py:153} INFO - Started process (PID=841) to work on /opt/airflow/dags/queues_priority/queues.py
[2022-07-30 16:49:24,772] {processor.py:641} INFO - Processing file /opt/airflow/dags/queues_priority/queues.py for tasks to queue
[2022-07-30 16:49:24,772] {logging_mixin.py:115} INFO - [2022-07-30 16:49:24,772] {dagbag.py:507} INFO - Filling up the DagBag from /opt/airflow/dags/queues_priority/queues.py
[2022-07-30 16:49:24,779] {processor.py:651} INFO - DAG(s) dict_keys(['specific_queues']) retrieved from /opt/airflow/dags/queues_priority/queues.py
[2022-07-30 16:49:24,801] {logging_mixin.py:115} INFO - [2022-07-30 16:49:24,801] {dag.py:2379} INFO - Sync 1 DAGs
[2022-07-30 16:49:24,823] {logging_mixin.py:115} INFO - [2022-07-30 16:49:24,823] {dag.py:2931} INFO - Setting next_dagrun for specific_queues to 2022-07-27T06:25:00+00:00, run_after=2022-07-27T06:30:00+00:00
[2022-07-30 16:49:24,833] {processor.py:161} INFO - Processing /opt/airflow/dags/queues_priority/queues.py took 0.066 seconds
[2022-07-30 16:49:54,906] {processor.py:153} INFO - Started process (PID=913) to work on /opt/airflow/dags/queues_priority/queues.py
[2022-07-30 16:49:54,907] {processor.py:641} INFO - Processing file /opt/airflow/dags/queues_priority/queues.py for tasks to queue
[2022-07-30 16:49:54,909] {logging_mixin.py:115} INFO - [2022-07-30 16:49:54,909] {dagbag.py:507} INFO - Filling up the DagBag from /opt/airflow/dags/queues_priority/queues.py
[2022-07-30 16:49:54,931] {processor.py:651} INFO - DAG(s) dict_keys(['specific_queues']) retrieved from /opt/airflow/dags/queues_priority/queues.py
[2022-07-30 16:49:54,980] {logging_mixin.py:115} INFO - [2022-07-30 16:49:54,977] {dag.py:2379} INFO - Sync 1 DAGs
[2022-07-30 16:49:55,035] {logging_mixin.py:115} INFO - [2022-07-30 16:49:55,035] {dag.py:2931} INFO - Setting next_dagrun for specific_queues to 2022-07-27T06:25:00+00:00, run_after=2022-07-27T06:30:00+00:00
[2022-07-30 16:49:55,053] {processor.py:161} INFO - Processing /opt/airflow/dags/queues_priority/queues.py took 0.156 seconds
[2022-07-30 16:50:26,239] {processor.py:153} INFO - Started process (PID=990) to work on /opt/airflow/dags/queues_priority/queues.py
[2022-07-30 16:50:26,245] {processor.py:641} INFO - Processing file /opt/airflow/dags/queues_priority/queues.py for tasks to queue
[2022-07-30 16:50:26,246] {logging_mixin.py:115} INFO - [2022-07-30 16:50:26,246] {dagbag.py:507} INFO - Filling up the DagBag from /opt/airflow/dags/queues_priority/queues.py
[2022-07-30 16:50:26,269] {processor.py:651} INFO - DAG(s) dict_keys(['specific_queues']) retrieved from /opt/airflow/dags/queues_priority/queues.py
[2022-07-30 16:50:26,340] {logging_mixin.py:115} INFO - [2022-07-30 16:50:26,340] {dag.py:2379} INFO - Sync 1 DAGs
[2022-07-30 16:50:26,400] {logging_mixin.py:115} INFO - [2022-07-30 16:50:26,400] {dag.py:2931} INFO - Setting next_dagrun for specific_queues to 2022-07-27T06:25:00+00:00, run_after=2022-07-27T06:30:00+00:00
[2022-07-30 16:50:26,432] {processor.py:161} INFO - Processing /opt/airflow/dags/queues_priority/queues.py took 0.205 seconds
[2022-07-30 16:50:56,894] {processor.py:153} INFO - Started process (PID=1064) to work on /opt/airflow/dags/queues_priority/queues.py
[2022-07-30 16:50:56,895] {processor.py:641} INFO - Processing file /opt/airflow/dags/queues_priority/queues.py for tasks to queue
[2022-07-30 16:50:56,896] {logging_mixin.py:115} INFO - [2022-07-30 16:50:56,896] {dagbag.py:507} INFO - Filling up the DagBag from /opt/airflow/dags/queues_priority/queues.py
[2022-07-30 16:50:56,907] {processor.py:651} INFO - DAG(s) dict_keys(['specific_queues']) retrieved from /opt/airflow/dags/queues_priority/queues.py
[2022-07-30 16:50:56,970] {logging_mixin.py:115} INFO - [2022-07-30 16:50:56,970] {dag.py:2379} INFO - Sync 1 DAGs
[2022-07-30 16:50:57,051] {logging_mixin.py:115} INFO - [2022-07-30 16:50:57,051] {dag.py:2931} INFO - Setting next_dagrun for specific_queues to 2022-07-27T06:25:00+00:00, run_after=2022-07-27T06:30:00+00:00
[2022-07-30 16:50:57,071] {processor.py:161} INFO - Processing /opt/airflow/dags/queues_priority/queues.py took 0.182 seconds
[2022-07-30 16:51:27,750] {processor.py:153} INFO - Started process (PID=1138) to work on /opt/airflow/dags/queues_priority/queues.py
[2022-07-30 16:51:27,760] {processor.py:641} INFO - Processing file /opt/airflow/dags/queues_priority/queues.py for tasks to queue
[2022-07-30 16:51:27,761] {logging_mixin.py:115} INFO - [2022-07-30 16:51:27,760] {dagbag.py:507} INFO - Filling up the DagBag from /opt/airflow/dags/queues_priority/queues.py
[2022-07-30 16:51:27,783] {processor.py:651} INFO - DAG(s) dict_keys(['specific_queues']) retrieved from /opt/airflow/dags/queues_priority/queues.py
[2022-07-30 16:51:27,844] {logging_mixin.py:115} INFO - [2022-07-30 16:51:27,844] {dag.py:2379} INFO - Sync 1 DAGs
[2022-07-30 16:51:27,877] {logging_mixin.py:115} INFO - [2022-07-30 16:51:27,877] {dag.py:2931} INFO - Setting next_dagrun for specific_queues to 2022-07-27T06:25:00+00:00, run_after=2022-07-27T06:30:00+00:00
[2022-07-30 16:51:27,892] {processor.py:161} INFO - Processing /opt/airflow/dags/queues_priority/queues.py took 0.158 seconds
[2022-07-30 16:51:58,263] {processor.py:153} INFO - Started process (PID=1225) to work on /opt/airflow/dags/queues_priority/queues.py
[2022-07-30 16:51:58,272] {processor.py:641} INFO - Processing file /opt/airflow/dags/queues_priority/queues.py for tasks to queue
[2022-07-30 16:51:58,273] {logging_mixin.py:115} INFO - [2022-07-30 16:51:58,273] {dagbag.py:507} INFO - Filling up the DagBag from /opt/airflow/dags/queues_priority/queues.py
[2022-07-30 16:51:58,291] {processor.py:651} INFO - DAG(s) dict_keys(['specific_queues']) retrieved from /opt/airflow/dags/queues_priority/queues.py
[2022-07-30 16:51:58,350] {logging_mixin.py:115} INFO - [2022-07-30 16:51:58,350] {dag.py:2379} INFO - Sync 1 DAGs
[2022-07-30 16:51:58,383] {logging_mixin.py:115} INFO - [2022-07-30 16:51:58,383] {dag.py:2931} INFO - Setting next_dagrun for specific_queues to 2022-07-27T06:25:00+00:00, run_after=2022-07-27T06:30:00+00:00
[2022-07-30 16:51:58,397] {processor.py:161} INFO - Processing /opt/airflow/dags/queues_priority/queues.py took 0.138 seconds
[2022-07-30 16:52:29,246] {processor.py:153} INFO - Started process (PID=1297) to work on /opt/airflow/dags/queues_priority/queues.py
[2022-07-30 16:52:29,248] {processor.py:641} INFO - Processing file /opt/airflow/dags/queues_priority/queues.py for tasks to queue
[2022-07-30 16:52:29,248] {logging_mixin.py:115} INFO - [2022-07-30 16:52:29,248] {dagbag.py:507} INFO - Filling up the DagBag from /opt/airflow/dags/queues_priority/queues.py
[2022-07-30 16:52:29,268] {processor.py:651} INFO - DAG(s) dict_keys(['specific_queues']) retrieved from /opt/airflow/dags/queues_priority/queues.py
[2022-07-30 16:52:29,313] {logging_mixin.py:115} INFO - [2022-07-30 16:52:29,313] {dag.py:2379} INFO - Sync 1 DAGs
[2022-07-30 16:52:29,377] {logging_mixin.py:115} INFO - [2022-07-30 16:52:29,377] {dag.py:2931} INFO - Setting next_dagrun for specific_queues to 2022-07-27T06:25:00+00:00, run_after=2022-07-27T06:30:00+00:00
[2022-07-30 16:52:29,426] {processor.py:161} INFO - Processing /opt/airflow/dags/queues_priority/queues.py took 0.184 seconds
[2022-07-30 16:53:00,031] {processor.py:153} INFO - Started process (PID=1368) to work on /opt/airflow/dags/queues_priority/queues.py
[2022-07-30 16:53:00,044] {processor.py:641} INFO - Processing file /opt/airflow/dags/queues_priority/queues.py for tasks to queue
[2022-07-30 16:53:00,045] {logging_mixin.py:115} INFO - [2022-07-30 16:53:00,044] {dagbag.py:507} INFO - Filling up the DagBag from /opt/airflow/dags/queues_priority/queues.py
[2022-07-30 16:53:00,061] {processor.py:651} INFO - DAG(s) dict_keys(['specific_queues']) retrieved from /opt/airflow/dags/queues_priority/queues.py
[2022-07-30 16:53:00,111] {logging_mixin.py:115} INFO - [2022-07-30 16:53:00,111] {dag.py:2379} INFO - Sync 1 DAGs
[2022-07-30 16:53:00,158] {logging_mixin.py:115} INFO - [2022-07-30 16:53:00,158] {dag.py:2931} INFO - Setting next_dagrun for specific_queues to 2022-07-27T06:25:00+00:00, run_after=2022-07-27T06:30:00+00:00
[2022-07-30 16:53:00,202] {processor.py:161} INFO - Processing /opt/airflow/dags/queues_priority/queues.py took 0.175 seconds
[2022-07-30 16:53:30,288] {processor.py:153} INFO - Started process (PID=1456) to work on /opt/airflow/dags/queues_priority/queues.py
[2022-07-30 16:53:30,288] {processor.py:641} INFO - Processing file /opt/airflow/dags/queues_priority/queues.py for tasks to queue
[2022-07-30 16:53:30,289] {logging_mixin.py:115} INFO - [2022-07-30 16:53:30,289] {dagbag.py:507} INFO - Filling up the DagBag from /opt/airflow/dags/queues_priority/queues.py
[2022-07-30 16:53:30,306] {processor.py:651} INFO - DAG(s) dict_keys(['specific_queues']) retrieved from /opt/airflow/dags/queues_priority/queues.py
[2022-07-30 16:53:30,372] {logging_mixin.py:115} INFO - [2022-07-30 16:53:30,372] {dag.py:2379} INFO - Sync 1 DAGs
[2022-07-30 16:53:30,421] {logging_mixin.py:115} INFO - [2022-07-30 16:53:30,421] {dag.py:2931} INFO - Setting next_dagrun for specific_queues to 2022-07-27T06:25:00+00:00, run_after=2022-07-27T06:30:00+00:00
[2022-07-30 16:53:30,439] {processor.py:161} INFO - Processing /opt/airflow/dags/queues_priority/queues.py took 0.156 seconds
[2022-07-30 16:54:01,372] {processor.py:153} INFO - Started process (PID=1533) to work on /opt/airflow/dags/queues_priority/queues.py
[2022-07-30 16:54:01,373] {processor.py:641} INFO - Processing file /opt/airflow/dags/queues_priority/queues.py for tasks to queue
[2022-07-30 16:54:01,373] {logging_mixin.py:115} INFO - [2022-07-30 16:54:01,373] {dagbag.py:507} INFO - Filling up the DagBag from /opt/airflow/dags/queues_priority/queues.py
[2022-07-30 16:54:01,381] {processor.py:651} INFO - DAG(s) dict_keys(['specific_queues']) retrieved from /opt/airflow/dags/queues_priority/queues.py
[2022-07-30 16:54:01,407] {logging_mixin.py:115} INFO - [2022-07-30 16:54:01,407] {dag.py:2379} INFO - Sync 1 DAGs
[2022-07-30 16:54:01,443] {logging_mixin.py:115} INFO - [2022-07-30 16:54:01,443] {dag.py:2931} INFO - Setting next_dagrun for specific_queues to 2022-07-27T06:25:00+00:00, run_after=2022-07-27T06:30:00+00:00
[2022-07-30 16:54:01,456] {processor.py:161} INFO - Processing /opt/airflow/dags/queues_priority/queues.py took 0.087 seconds
[2022-07-30 16:54:31,642] {processor.py:153} INFO - Started process (PID=1607) to work on /opt/airflow/dags/queues_priority/queues.py
[2022-07-30 16:54:31,643] {processor.py:641} INFO - Processing file /opt/airflow/dags/queues_priority/queues.py for tasks to queue
[2022-07-30 16:54:31,643] {logging_mixin.py:115} INFO - [2022-07-30 16:54:31,643] {dagbag.py:507} INFO - Filling up the DagBag from /opt/airflow/dags/queues_priority/queues.py
[2022-07-30 16:54:31,659] {processor.py:651} INFO - DAG(s) dict_keys(['specific_queues']) retrieved from /opt/airflow/dags/queues_priority/queues.py
[2022-07-30 16:54:31,696] {logging_mixin.py:115} INFO - [2022-07-30 16:54:31,695] {dag.py:2379} INFO - Sync 1 DAGs
[2022-07-30 16:54:31,733] {logging_mixin.py:115} INFO - [2022-07-30 16:54:31,733] {dag.py:2931} INFO - Setting next_dagrun for specific_queues to 2022-07-27T06:25:00+00:00, run_after=2022-07-27T06:30:00+00:00
[2022-07-30 16:54:31,753] {processor.py:161} INFO - Processing /opt/airflow/dags/queues_priority/queues.py took 0.115 seconds
[2022-07-30 16:55:01,911] {processor.py:153} INFO - Started process (PID=1691) to work on /opt/airflow/dags/queues_priority/queues.py
[2022-07-30 16:55:01,912] {processor.py:641} INFO - Processing file /opt/airflow/dags/queues_priority/queues.py for tasks to queue
[2022-07-30 16:55:01,913] {logging_mixin.py:115} INFO - [2022-07-30 16:55:01,913] {dagbag.py:507} INFO - Filling up the DagBag from /opt/airflow/dags/queues_priority/queues.py
[2022-07-30 16:55:01,924] {processor.py:651} INFO - DAG(s) dict_keys(['specific_queues']) retrieved from /opt/airflow/dags/queues_priority/queues.py
[2022-07-30 16:55:01,964] {logging_mixin.py:115} INFO - [2022-07-30 16:55:01,963] {dag.py:2379} INFO - Sync 1 DAGs
[2022-07-30 16:55:02,002] {logging_mixin.py:115} INFO - [2022-07-30 16:55:02,002] {dag.py:2931} INFO - Setting next_dagrun for specific_queues to 2022-07-27T06:25:00+00:00, run_after=2022-07-27T06:30:00+00:00
[2022-07-30 16:55:02,020] {processor.py:161} INFO - Processing /opt/airflow/dags/queues_priority/queues.py took 0.115 seconds
[2022-07-30 16:55:32,195] {processor.py:153} INFO - Started process (PID=1767) to work on /opt/airflow/dags/queues_priority/queues.py
[2022-07-30 16:55:32,195] {processor.py:641} INFO - Processing file /opt/airflow/dags/queues_priority/queues.py for tasks to queue
[2022-07-30 16:55:32,196] {logging_mixin.py:115} INFO - [2022-07-30 16:55:32,196] {dagbag.py:507} INFO - Filling up the DagBag from /opt/airflow/dags/queues_priority/queues.py
[2022-07-30 16:55:32,207] {processor.py:651} INFO - DAG(s) dict_keys(['specific_queues']) retrieved from /opt/airflow/dags/queues_priority/queues.py
[2022-07-30 16:55:32,245] {logging_mixin.py:115} INFO - [2022-07-30 16:55:32,245] {dag.py:2379} INFO - Sync 1 DAGs
[2022-07-30 16:55:32,280] {logging_mixin.py:115} INFO - [2022-07-30 16:55:32,280] {dag.py:2931} INFO - Setting next_dagrun for specific_queues to 2022-07-27T06:25:00+00:00, run_after=2022-07-27T06:30:00+00:00
[2022-07-30 16:55:32,300] {processor.py:161} INFO - Processing /opt/airflow/dags/queues_priority/queues.py took 0.110 seconds
[2022-07-30 16:56:02,540] {processor.py:153} INFO - Started process (PID=1852) to work on /opt/airflow/dags/queues_priority/queues.py
[2022-07-30 16:56:02,541] {processor.py:641} INFO - Processing file /opt/airflow/dags/queues_priority/queues.py for tasks to queue
[2022-07-30 16:56:02,542] {logging_mixin.py:115} INFO - [2022-07-30 16:56:02,541] {dagbag.py:507} INFO - Filling up the DagBag from /opt/airflow/dags/queues_priority/queues.py
[2022-07-30 16:56:02,552] {processor.py:651} INFO - DAG(s) dict_keys(['specific_queues']) retrieved from /opt/airflow/dags/queues_priority/queues.py
[2022-07-30 16:56:02,583] {logging_mixin.py:115} INFO - [2022-07-30 16:56:02,583] {dag.py:2379} INFO - Sync 1 DAGs
[2022-07-30 16:56:02,614] {logging_mixin.py:115} INFO - [2022-07-30 16:56:02,614] {dag.py:2931} INFO - Setting next_dagrun for specific_queues to 2022-07-27T06:25:00+00:00, run_after=2022-07-27T06:30:00+00:00
[2022-07-30 16:56:02,627] {processor.py:161} INFO - Processing /opt/airflow/dags/queues_priority/queues.py took 0.092 seconds
[2022-07-30 16:56:33,759] {processor.py:153} INFO - Started process (PID=1926) to work on /opt/airflow/dags/queues_priority/queues.py
[2022-07-30 16:56:33,764] {processor.py:641} INFO - Processing file /opt/airflow/dags/queues_priority/queues.py for tasks to queue
[2022-07-30 16:56:33,764] {logging_mixin.py:115} INFO - [2022-07-30 16:56:33,764] {dagbag.py:507} INFO - Filling up the DagBag from /opt/airflow/dags/queues_priority/queues.py
[2022-07-30 16:56:33,786] {processor.py:651} INFO - DAG(s) dict_keys(['specific_queues']) retrieved from /opt/airflow/dags/queues_priority/queues.py
[2022-07-30 16:56:33,864] {logging_mixin.py:115} INFO - [2022-07-30 16:56:33,863] {dag.py:2379} INFO - Sync 1 DAGs
[2022-07-30 16:56:33,935] {logging_mixin.py:115} INFO - [2022-07-30 16:56:33,935] {dag.py:2931} INFO - Setting next_dagrun for specific_queues to 2022-07-27T06:25:00+00:00, run_after=2022-07-27T06:30:00+00:00
[2022-07-30 16:56:33,964] {processor.py:161} INFO - Processing /opt/airflow/dags/queues_priority/queues.py took 0.208 seconds
[2022-07-30 16:57:04,824] {processor.py:153} INFO - Started process (PID=2009) to work on /opt/airflow/dags/queues_priority/queues.py
[2022-07-30 16:57:04,825] {processor.py:641} INFO - Processing file /opt/airflow/dags/queues_priority/queues.py for tasks to queue
[2022-07-30 16:57:04,826] {logging_mixin.py:115} INFO - [2022-07-30 16:57:04,826] {dagbag.py:507} INFO - Filling up the DagBag from /opt/airflow/dags/queues_priority/queues.py
[2022-07-30 16:57:04,833] {processor.py:651} INFO - DAG(s) dict_keys(['specific_queues']) retrieved from /opt/airflow/dags/queues_priority/queues.py
[2022-07-30 16:57:04,856] {logging_mixin.py:115} INFO - [2022-07-30 16:57:04,856] {dag.py:2379} INFO - Sync 1 DAGs
[2022-07-30 16:57:04,878] {logging_mixin.py:115} INFO - [2022-07-30 16:57:04,878] {dag.py:2931} INFO - Setting next_dagrun for specific_queues to 2022-07-27T06:25:00+00:00, run_after=2022-07-27T06:30:00+00:00
[2022-07-30 16:57:04,888] {processor.py:161} INFO - Processing /opt/airflow/dags/queues_priority/queues.py took 0.067 seconds
[2022-07-30 16:57:35,932] {processor.py:153} INFO - Started process (PID=2081) to work on /opt/airflow/dags/queues_priority/queues.py
[2022-07-30 16:57:35,932] {processor.py:641} INFO - Processing file /opt/airflow/dags/queues_priority/queues.py for tasks to queue
[2022-07-30 16:57:35,933] {logging_mixin.py:115} INFO - [2022-07-30 16:57:35,933] {dagbag.py:507} INFO - Filling up the DagBag from /opt/airflow/dags/queues_priority/queues.py
[2022-07-30 16:57:35,942] {processor.py:651} INFO - DAG(s) dict_keys(['specific_queues']) retrieved from /opt/airflow/dags/queues_priority/queues.py
[2022-07-30 16:57:35,974] {logging_mixin.py:115} INFO - [2022-07-30 16:57:35,974] {dag.py:2379} INFO - Sync 1 DAGs
[2022-07-30 16:57:36,023] {logging_mixin.py:115} INFO - [2022-07-30 16:57:36,023] {dag.py:2931} INFO - Setting next_dagrun for specific_queues to 2022-07-27T06:25:00+00:00, run_after=2022-07-27T06:30:00+00:00
[2022-07-30 16:57:36,046] {processor.py:161} INFO - Processing /opt/airflow/dags/queues_priority/queues.py took 0.118 seconds
[2022-07-30 16:58:06,277] {processor.py:153} INFO - Started process (PID=2164) to work on /opt/airflow/dags/queues_priority/queues.py
[2022-07-30 16:58:06,278] {processor.py:641} INFO - Processing file /opt/airflow/dags/queues_priority/queues.py for tasks to queue
[2022-07-30 16:58:06,278] {logging_mixin.py:115} INFO - [2022-07-30 16:58:06,278] {dagbag.py:507} INFO - Filling up the DagBag from /opt/airflow/dags/queues_priority/queues.py
[2022-07-30 16:58:06,286] {processor.py:651} INFO - DAG(s) dict_keys(['specific_queues']) retrieved from /opt/airflow/dags/queues_priority/queues.py
[2022-07-30 16:58:06,309] {logging_mixin.py:115} INFO - [2022-07-30 16:58:06,309] {dag.py:2379} INFO - Sync 1 DAGs
[2022-07-30 16:58:06,331] {logging_mixin.py:115} INFO - [2022-07-30 16:58:06,331] {dag.py:2931} INFO - Setting next_dagrun for specific_queues to 2022-07-27T06:25:00+00:00, run_after=2022-07-27T06:30:00+00:00
[2022-07-30 16:58:06,346] {processor.py:161} INFO - Processing /opt/airflow/dags/queues_priority/queues.py took 0.074 seconds
[2022-07-30 16:58:36,657] {processor.py:153} INFO - Started process (PID=2237) to work on /opt/airflow/dags/queues_priority/queues.py
[2022-07-30 16:58:36,658] {processor.py:641} INFO - Processing file /opt/airflow/dags/queues_priority/queues.py for tasks to queue
[2022-07-30 16:58:36,658] {logging_mixin.py:115} INFO - [2022-07-30 16:58:36,658] {dagbag.py:507} INFO - Filling up the DagBag from /opt/airflow/dags/queues_priority/queues.py
[2022-07-30 16:58:36,670] {processor.py:651} INFO - DAG(s) dict_keys(['specific_queues']) retrieved from /opt/airflow/dags/queues_priority/queues.py
[2022-07-30 16:58:36,696] {logging_mixin.py:115} INFO - [2022-07-30 16:58:36,696] {dag.py:2379} INFO - Sync 1 DAGs
[2022-07-30 16:58:36,718] {logging_mixin.py:115} INFO - [2022-07-30 16:58:36,718] {dag.py:2931} INFO - Setting next_dagrun for specific_queues to 2022-07-27T06:25:00+00:00, run_after=2022-07-27T06:30:00+00:00
[2022-07-30 16:58:36,729] {processor.py:161} INFO - Processing /opt/airflow/dags/queues_priority/queues.py took 0.076 seconds
[2022-07-30 16:59:07,412] {processor.py:153} INFO - Started process (PID=2322) to work on /opt/airflow/dags/queues_priority/queues.py
[2022-07-30 16:59:07,413] {processor.py:641} INFO - Processing file /opt/airflow/dags/queues_priority/queues.py for tasks to queue
[2022-07-30 16:59:07,413] {logging_mixin.py:115} INFO - [2022-07-30 16:59:07,413] {dagbag.py:507} INFO - Filling up the DagBag from /opt/airflow/dags/queues_priority/queues.py
[2022-07-30 16:59:07,423] {processor.py:651} INFO - DAG(s) dict_keys(['specific_queues']) retrieved from /opt/airflow/dags/queues_priority/queues.py
[2022-07-30 16:59:07,456] {logging_mixin.py:115} INFO - [2022-07-30 16:59:07,456] {dag.py:2379} INFO - Sync 1 DAGs
[2022-07-30 16:59:07,480] {logging_mixin.py:115} INFO - [2022-07-30 16:59:07,480] {dag.py:2931} INFO - Setting next_dagrun for specific_queues to 2022-07-27T06:25:00+00:00, run_after=2022-07-27T06:30:00+00:00
[2022-07-30 16:59:07,491] {processor.py:161} INFO - Processing /opt/airflow/dags/queues_priority/queues.py took 0.082 seconds
[2022-07-30 16:59:38,592] {processor.py:153} INFO - Started process (PID=2398) to work on /opt/airflow/dags/queues_priority/queues.py
[2022-07-30 16:59:38,593] {processor.py:641} INFO - Processing file /opt/airflow/dags/queues_priority/queues.py for tasks to queue
[2022-07-30 16:59:38,593] {logging_mixin.py:115} INFO - [2022-07-30 16:59:38,593] {dagbag.py:507} INFO - Filling up the DagBag from /opt/airflow/dags/queues_priority/queues.py
[2022-07-30 16:59:38,629] {processor.py:651} INFO - DAG(s) dict_keys(['specific_queues']) retrieved from /opt/airflow/dags/queues_priority/queues.py
[2022-07-30 16:59:38,742] {logging_mixin.py:115} INFO - [2022-07-30 16:59:38,742] {dag.py:2379} INFO - Sync 1 DAGs
[2022-07-30 16:59:38,871] {logging_mixin.py:115} INFO - [2022-07-30 16:59:38,870] {dag.py:2931} INFO - Setting next_dagrun for specific_queues to 2022-07-27T06:25:00+00:00, run_after=2022-07-27T06:30:00+00:00
[2022-07-30 16:59:38,929] {processor.py:161} INFO - Processing /opt/airflow/dags/queues_priority/queues.py took 0.341 seconds
[2022-07-30 17:00:09,298] {processor.py:153} INFO - Started process (PID=2482) to work on /opt/airflow/dags/queues_priority/queues.py
[2022-07-30 17:00:09,299] {processor.py:641} INFO - Processing file /opt/airflow/dags/queues_priority/queues.py for tasks to queue
[2022-07-30 17:00:09,300] {logging_mixin.py:115} INFO - [2022-07-30 17:00:09,300] {dagbag.py:507} INFO - Filling up the DagBag from /opt/airflow/dags/queues_priority/queues.py
[2022-07-30 17:00:09,310] {processor.py:651} INFO - DAG(s) dict_keys(['specific_queues']) retrieved from /opt/airflow/dags/queues_priority/queues.py
[2022-07-30 17:00:09,342] {logging_mixin.py:115} INFO - [2022-07-30 17:00:09,342] {dag.py:2379} INFO - Sync 1 DAGs
[2022-07-30 17:00:09,382] {logging_mixin.py:115} INFO - [2022-07-30 17:00:09,382] {dag.py:2931} INFO - Setting next_dagrun for specific_queues to 2022-07-27T06:25:00+00:00, run_after=2022-07-27T06:30:00+00:00
[2022-07-30 17:00:09,398] {processor.py:161} INFO - Processing /opt/airflow/dags/queues_priority/queues.py took 0.103 seconds
[2022-07-30 17:00:40,468] {processor.py:153} INFO - Started process (PID=2556) to work on /opt/airflow/dags/queues_priority/queues.py
[2022-07-30 17:00:40,469] {processor.py:641} INFO - Processing file /opt/airflow/dags/queues_priority/queues.py for tasks to queue
[2022-07-30 17:00:40,469] {logging_mixin.py:115} INFO - [2022-07-30 17:00:40,469] {dagbag.py:507} INFO - Filling up the DagBag from /opt/airflow/dags/queues_priority/queues.py
[2022-07-30 17:00:40,485] {processor.py:651} INFO - DAG(s) dict_keys(['specific_queues']) retrieved from /opt/airflow/dags/queues_priority/queues.py
[2022-07-30 17:00:40,534] {logging_mixin.py:115} INFO - [2022-07-30 17:00:40,534] {dag.py:2379} INFO - Sync 1 DAGs
[2022-07-30 17:00:40,572] {logging_mixin.py:115} INFO - [2022-07-30 17:00:40,572] {dag.py:2931} INFO - Setting next_dagrun for specific_queues to 2022-07-27T06:25:00+00:00, run_after=2022-07-27T06:30:00+00:00
[2022-07-30 17:00:40,584] {processor.py:161} INFO - Processing /opt/airflow/dags/queues_priority/queues.py took 0.121 seconds
[2022-07-30 17:01:11,676] {processor.py:153} INFO - Started process (PID=2632) to work on /opt/airflow/dags/queues_priority/queues.py
[2022-07-30 17:01:11,677] {processor.py:641} INFO - Processing file /opt/airflow/dags/queues_priority/queues.py for tasks to queue
[2022-07-30 17:01:11,678] {logging_mixin.py:115} INFO - [2022-07-30 17:01:11,678] {dagbag.py:507} INFO - Filling up the DagBag from /opt/airflow/dags/queues_priority/queues.py
[2022-07-30 17:01:11,687] {processor.py:651} INFO - DAG(s) dict_keys(['specific_queues']) retrieved from /opt/airflow/dags/queues_priority/queues.py
[2022-07-30 17:01:11,720] {logging_mixin.py:115} INFO - [2022-07-30 17:01:11,719] {dag.py:2379} INFO - Sync 1 DAGs
[2022-07-30 17:01:11,754] {logging_mixin.py:115} INFO - [2022-07-30 17:01:11,754] {dag.py:2931} INFO - Setting next_dagrun for specific_queues to 2022-07-27T06:25:00+00:00, run_after=2022-07-27T06:30:00+00:00
[2022-07-30 17:01:11,768] {processor.py:161} INFO - Processing /opt/airflow/dags/queues_priority/queues.py took 0.096 seconds
[2022-07-30 17:01:42,077] {processor.py:153} INFO - Started process (PID=2717) to work on /opt/airflow/dags/queues_priority/queues.py
[2022-07-30 17:01:42,078] {processor.py:641} INFO - Processing file /opt/airflow/dags/queues_priority/queues.py for tasks to queue
[2022-07-30 17:01:42,079] {logging_mixin.py:115} INFO - [2022-07-30 17:01:42,078] {dagbag.py:507} INFO - Filling up the DagBag from /opt/airflow/dags/queues_priority/queues.py
[2022-07-30 17:01:42,101] {processor.py:651} INFO - DAG(s) dict_keys(['specific_queues']) retrieved from /opt/airflow/dags/queues_priority/queues.py
[2022-07-30 17:01:42,161] {logging_mixin.py:115} INFO - [2022-07-30 17:01:42,161] {dag.py:2379} INFO - Sync 1 DAGs
[2022-07-30 17:01:42,219] {logging_mixin.py:115} INFO - [2022-07-30 17:01:42,219] {dag.py:2931} INFO - Setting next_dagrun for specific_queues to 2022-07-27T06:25:00+00:00, run_after=2022-07-27T06:30:00+00:00
[2022-07-30 17:01:42,252] {processor.py:161} INFO - Processing /opt/airflow/dags/queues_priority/queues.py took 0.187 seconds
[2022-07-30 17:02:12,354] {processor.py:153} INFO - Started process (PID=2790) to work on /opt/airflow/dags/queues_priority/queues.py
[2022-07-30 17:02:12,355] {processor.py:641} INFO - Processing file /opt/airflow/dags/queues_priority/queues.py for tasks to queue
[2022-07-30 17:02:12,355] {logging_mixin.py:115} INFO - [2022-07-30 17:02:12,355] {dagbag.py:507} INFO - Filling up the DagBag from /opt/airflow/dags/queues_priority/queues.py
[2022-07-30 17:02:12,367] {processor.py:651} INFO - DAG(s) dict_keys(['specific_queues']) retrieved from /opt/airflow/dags/queues_priority/queues.py
[2022-07-30 17:02:12,404] {logging_mixin.py:115} INFO - [2022-07-30 17:02:12,404] {dag.py:2379} INFO - Sync 1 DAGs
[2022-07-30 17:02:12,447] {logging_mixin.py:115} INFO - [2022-07-30 17:02:12,447] {dag.py:2931} INFO - Setting next_dagrun for specific_queues to 2022-07-27T06:25:00+00:00, run_after=2022-07-27T06:30:00+00:00
[2022-07-30 17:02:12,465] {processor.py:161} INFO - Processing /opt/airflow/dags/queues_priority/queues.py took 0.115 seconds
[2022-07-30 17:02:42,579] {processor.py:153} INFO - Started process (PID=2874) to work on /opt/airflow/dags/queues_priority/queues.py
[2022-07-30 17:02:42,581] {processor.py:641} INFO - Processing file /opt/airflow/dags/queues_priority/queues.py for tasks to queue
[2022-07-30 17:02:42,581] {logging_mixin.py:115} INFO - [2022-07-30 17:02:42,581] {dagbag.py:507} INFO - Filling up the DagBag from /opt/airflow/dags/queues_priority/queues.py
[2022-07-30 17:02:42,590] {processor.py:651} INFO - DAG(s) dict_keys(['specific_queues']) retrieved from /opt/airflow/dags/queues_priority/queues.py
[2022-07-30 17:02:42,625] {logging_mixin.py:115} INFO - [2022-07-30 17:02:42,625] {dag.py:2379} INFO - Sync 1 DAGs
[2022-07-30 17:02:42,659] {logging_mixin.py:115} INFO - [2022-07-30 17:02:42,659] {dag.py:2931} INFO - Setting next_dagrun for specific_queues to 2022-07-27T06:25:00+00:00, run_after=2022-07-27T06:30:00+00:00
[2022-07-30 17:02:42,674] {processor.py:161} INFO - Processing /opt/airflow/dags/queues_priority/queues.py took 0.099 seconds
[2022-07-30 17:03:12,854] {processor.py:153} INFO - Started process (PID=2950) to work on /opt/airflow/dags/queues_priority/queues.py
[2022-07-30 17:03:12,854] {processor.py:641} INFO - Processing file /opt/airflow/dags/queues_priority/queues.py for tasks to queue
[2022-07-30 17:03:12,855] {logging_mixin.py:115} INFO - [2022-07-30 17:03:12,855] {dagbag.py:507} INFO - Filling up the DagBag from /opt/airflow/dags/queues_priority/queues.py
[2022-07-30 17:03:12,863] {processor.py:651} INFO - DAG(s) dict_keys(['specific_queues']) retrieved from /opt/airflow/dags/queues_priority/queues.py
[2022-07-30 17:03:12,885] {logging_mixin.py:115} INFO - [2022-07-30 17:03:12,885] {dag.py:2379} INFO - Sync 1 DAGs
[2022-07-30 17:03:12,911] {logging_mixin.py:115} INFO - [2022-07-30 17:03:12,911] {dag.py:2931} INFO - Setting next_dagrun for specific_queues to 2022-07-27T06:25:00+00:00, run_after=2022-07-27T06:30:00+00:00
[2022-07-30 17:03:12,922] {processor.py:161} INFO - Processing /opt/airflow/dags/queues_priority/queues.py took 0.071 seconds
[2022-07-30 17:03:43,185] {processor.py:153} INFO - Started process (PID=3024) to work on /opt/airflow/dags/queues_priority/queues.py
[2022-07-30 17:03:43,186] {processor.py:641} INFO - Processing file /opt/airflow/dags/queues_priority/queues.py for tasks to queue
[2022-07-30 17:03:43,186] {logging_mixin.py:115} INFO - [2022-07-30 17:03:43,186] {dagbag.py:507} INFO - Filling up the DagBag from /opt/airflow/dags/queues_priority/queues.py
[2022-07-30 17:03:43,196] {processor.py:651} INFO - DAG(s) dict_keys(['specific_queues']) retrieved from /opt/airflow/dags/queues_priority/queues.py
[2022-07-30 17:03:43,227] {logging_mixin.py:115} INFO - [2022-07-30 17:03:43,227] {dag.py:2379} INFO - Sync 1 DAGs
[2022-07-30 17:03:43,261] {logging_mixin.py:115} INFO - [2022-07-30 17:03:43,261] {dag.py:2931} INFO - Setting next_dagrun for specific_queues to 2022-07-27T06:25:00+00:00, run_after=2022-07-27T06:30:00+00:00
[2022-07-30 17:03:43,281] {processor.py:161} INFO - Processing /opt/airflow/dags/queues_priority/queues.py took 0.100 seconds
[2022-07-30 17:04:13,951] {processor.py:153} INFO - Started process (PID=3107) to work on /opt/airflow/dags/queues_priority/queues.py
[2022-07-30 17:04:13,952] {processor.py:641} INFO - Processing file /opt/airflow/dags/queues_priority/queues.py for tasks to queue
[2022-07-30 17:04:13,952] {logging_mixin.py:115} INFO - [2022-07-30 17:04:13,952] {dagbag.py:507} INFO - Filling up the DagBag from /opt/airflow/dags/queues_priority/queues.py
[2022-07-30 17:04:13,961] {processor.py:651} INFO - DAG(s) dict_keys(['specific_queues']) retrieved from /opt/airflow/dags/queues_priority/queues.py
[2022-07-30 17:04:13,993] {logging_mixin.py:115} INFO - [2022-07-30 17:04:13,992] {dag.py:2379} INFO - Sync 1 DAGs
[2022-07-30 17:04:14,025] {logging_mixin.py:115} INFO - [2022-07-30 17:04:14,025] {dag.py:2931} INFO - Setting next_dagrun for specific_queues to 2022-07-27T06:25:00+00:00, run_after=2022-07-27T06:30:00+00:00
[2022-07-30 17:04:14,065] {processor.py:161} INFO - Processing /opt/airflow/dags/queues_priority/queues.py took 0.118 seconds
[2022-07-30 17:04:44,348] {processor.py:153} INFO - Started process (PID=3181) to work on /opt/airflow/dags/queues_priority/queues.py
[2022-07-30 17:04:44,349] {processor.py:641} INFO - Processing file /opt/airflow/dags/queues_priority/queues.py for tasks to queue
[2022-07-30 17:04:44,350] {logging_mixin.py:115} INFO - [2022-07-30 17:04:44,349] {dagbag.py:507} INFO - Filling up the DagBag from /opt/airflow/dags/queues_priority/queues.py
[2022-07-30 17:04:44,359] {processor.py:651} INFO - DAG(s) dict_keys(['specific_queues']) retrieved from /opt/airflow/dags/queues_priority/queues.py
[2022-07-30 17:04:44,391] {logging_mixin.py:115} INFO - [2022-07-30 17:04:44,391] {dag.py:2379} INFO - Sync 1 DAGs
[2022-07-30 17:04:44,428] {logging_mixin.py:115} INFO - [2022-07-30 17:04:44,428] {dag.py:2931} INFO - Setting next_dagrun for specific_queues to 2022-07-27T06:25:00+00:00, run_after=2022-07-27T06:30:00+00:00
[2022-07-30 17:04:44,444] {processor.py:161} INFO - Processing /opt/airflow/dags/queues_priority/queues.py took 0.099 seconds
[2022-07-30 17:05:15,302] {processor.py:153} INFO - Started process (PID=3265) to work on /opt/airflow/dags/queues_priority/queues.py
[2022-07-30 17:05:15,303] {processor.py:641} INFO - Processing file /opt/airflow/dags/queues_priority/queues.py for tasks to queue
[2022-07-30 17:05:15,303] {logging_mixin.py:115} INFO - [2022-07-30 17:05:15,303] {dagbag.py:507} INFO - Filling up the DagBag from /opt/airflow/dags/queues_priority/queues.py
[2022-07-30 17:05:15,313] {processor.py:651} INFO - DAG(s) dict_keys(['specific_queues']) retrieved from /opt/airflow/dags/queues_priority/queues.py
[2022-07-30 17:05:15,345] {logging_mixin.py:115} INFO - [2022-07-30 17:05:15,344] {dag.py:2379} INFO - Sync 1 DAGs
[2022-07-30 17:05:15,377] {logging_mixin.py:115} INFO - [2022-07-30 17:05:15,377] {dag.py:2931} INFO - Setting next_dagrun for specific_queues to 2022-07-27T06:25:00+00:00, run_after=2022-07-27T06:30:00+00:00
[2022-07-30 17:05:15,392] {processor.py:161} INFO - Processing /opt/airflow/dags/queues_priority/queues.py took 0.094 seconds
[2022-07-30 17:05:45,588] {processor.py:153} INFO - Started process (PID=3341) to work on /opt/airflow/dags/queues_priority/queues.py
[2022-07-30 17:05:45,589] {processor.py:641} INFO - Processing file /opt/airflow/dags/queues_priority/queues.py for tasks to queue
[2022-07-30 17:05:45,590] {logging_mixin.py:115} INFO - [2022-07-30 17:05:45,590] {dagbag.py:507} INFO - Filling up the DagBag from /opt/airflow/dags/queues_priority/queues.py
[2022-07-30 17:05:45,607] {processor.py:651} INFO - DAG(s) dict_keys(['specific_queues']) retrieved from /opt/airflow/dags/queues_priority/queues.py
[2022-07-30 17:05:45,678] {logging_mixin.py:115} INFO - [2022-07-30 17:05:45,678] {dag.py:2379} INFO - Sync 1 DAGs
[2022-07-30 17:05:45,754] {logging_mixin.py:115} INFO - [2022-07-30 17:05:45,754] {dag.py:2931} INFO - Setting next_dagrun for specific_queues to 2022-07-27T06:25:00+00:00, run_after=2022-07-27T06:30:00+00:00
[2022-07-30 17:05:45,791] {processor.py:161} INFO - Processing /opt/airflow/dags/queues_priority/queues.py took 0.214 seconds
[2022-07-30 17:06:15,859] {processor.py:153} INFO - Started process (PID=3430) to work on /opt/airflow/dags/queues_priority/queues.py
[2022-07-30 17:06:15,859] {processor.py:641} INFO - Processing file /opt/airflow/dags/queues_priority/queues.py for tasks to queue
[2022-07-30 17:06:15,864] {logging_mixin.py:115} INFO - [2022-07-30 17:06:15,864] {dagbag.py:507} INFO - Filling up the DagBag from /opt/airflow/dags/queues_priority/queues.py
[2022-07-30 17:06:15,894] {processor.py:651} INFO - DAG(s) dict_keys(['specific_queues']) retrieved from /opt/airflow/dags/queues_priority/queues.py
[2022-07-30 17:06:15,980] {logging_mixin.py:115} INFO - [2022-07-30 17:06:15,980] {dag.py:2379} INFO - Sync 1 DAGs
[2022-07-30 17:06:16,054] {logging_mixin.py:115} INFO - [2022-07-30 17:06:16,054] {dag.py:2931} INFO - Setting next_dagrun for specific_queues to 2022-07-27T06:25:00+00:00, run_after=2022-07-27T06:30:00+00:00
[2022-07-30 17:06:16,088] {processor.py:161} INFO - Processing /opt/airflow/dags/queues_priority/queues.py took 0.233 seconds
[2022-07-30 17:06:46,277] {processor.py:153} INFO - Started process (PID=3504) to work on /opt/airflow/dags/queues_priority/queues.py
[2022-07-30 17:06:46,284] {processor.py:641} INFO - Processing file /opt/airflow/dags/queues_priority/queues.py for tasks to queue
[2022-07-30 17:06:46,285] {logging_mixin.py:115} INFO - [2022-07-30 17:06:46,285] {dagbag.py:507} INFO - Filling up the DagBag from /opt/airflow/dags/queues_priority/queues.py
[2022-07-30 17:06:46,313] {processor.py:651} INFO - DAG(s) dict_keys(['specific_queues']) retrieved from /opt/airflow/dags/queues_priority/queues.py
[2022-07-30 17:06:46,388] {logging_mixin.py:115} INFO - [2022-07-30 17:06:46,388] {dag.py:2379} INFO - Sync 1 DAGs
[2022-07-30 17:06:46,445] {logging_mixin.py:115} INFO - [2022-07-30 17:06:46,445] {dag.py:2931} INFO - Setting next_dagrun for specific_queues to 2022-07-27T06:25:00+00:00, run_after=2022-07-27T06:30:00+00:00
[2022-07-30 17:06:46,489] {processor.py:161} INFO - Processing /opt/airflow/dags/queues_priority/queues.py took 0.225 seconds
[2022-07-30 17:07:16,696] {processor.py:153} INFO - Started process (PID=3577) to work on /opt/airflow/dags/queues_priority/queues.py
[2022-07-30 17:07:16,696] {processor.py:641} INFO - Processing file /opt/airflow/dags/queues_priority/queues.py for tasks to queue
[2022-07-30 17:07:16,697] {logging_mixin.py:115} INFO - [2022-07-30 17:07:16,697] {dagbag.py:507} INFO - Filling up the DagBag from /opt/airflow/dags/queues_priority/queues.py
[2022-07-30 17:07:16,706] {processor.py:651} INFO - DAG(s) dict_keys(['specific_queues']) retrieved from /opt/airflow/dags/queues_priority/queues.py
[2022-07-30 17:07:16,739] {logging_mixin.py:115} INFO - [2022-07-30 17:07:16,738] {dag.py:2379} INFO - Sync 1 DAGs
[2022-07-30 17:07:16,773] {logging_mixin.py:115} INFO - [2022-07-30 17:07:16,773] {dag.py:2931} INFO - Setting next_dagrun for specific_queues to 2022-07-27T06:25:00+00:00, run_after=2022-07-27T06:30:00+00:00
[2022-07-30 17:07:16,788] {processor.py:161} INFO - Processing /opt/airflow/dags/queues_priority/queues.py took 0.096 seconds
[2022-07-30 17:07:46,979] {processor.py:153} INFO - Started process (PID=3658) to work on /opt/airflow/dags/queues_priority/queues.py
[2022-07-30 17:07:46,980] {processor.py:641} INFO - Processing file /opt/airflow/dags/queues_priority/queues.py for tasks to queue
[2022-07-30 17:07:46,980] {logging_mixin.py:115} INFO - [2022-07-30 17:07:46,980] {dagbag.py:507} INFO - Filling up the DagBag from /opt/airflow/dags/queues_priority/queues.py
[2022-07-30 17:07:46,989] {processor.py:651} INFO - DAG(s) dict_keys(['specific_queues']) retrieved from /opt/airflow/dags/queues_priority/queues.py
[2022-07-30 17:07:47,018] {logging_mixin.py:115} INFO - [2022-07-30 17:07:47,018] {dag.py:2379} INFO - Sync 1 DAGs
[2022-07-30 17:07:47,049] {logging_mixin.py:115} INFO - [2022-07-30 17:07:47,049] {dag.py:2931} INFO - Setting next_dagrun for specific_queues to 2022-07-27T06:25:00+00:00, run_after=2022-07-27T06:30:00+00:00
[2022-07-30 17:07:47,064] {processor.py:161} INFO - Processing /opt/airflow/dags/queues_priority/queues.py took 0.089 seconds
[2022-07-30 17:08:17,238] {processor.py:153} INFO - Started process (PID=3735) to work on /opt/airflow/dags/queues_priority/queues.py
[2022-07-30 17:08:17,238] {processor.py:641} INFO - Processing file /opt/airflow/dags/queues_priority/queues.py for tasks to queue
[2022-07-30 17:08:17,239] {logging_mixin.py:115} INFO - [2022-07-30 17:08:17,239] {dagbag.py:507} INFO - Filling up the DagBag from /opt/airflow/dags/queues_priority/queues.py
[2022-07-30 17:08:17,248] {processor.py:651} INFO - DAG(s) dict_keys(['specific_queues']) retrieved from /opt/airflow/dags/queues_priority/queues.py
[2022-07-30 17:08:17,296] {logging_mixin.py:115} INFO - [2022-07-30 17:08:17,296] {dag.py:2379} INFO - Sync 1 DAGs
[2022-07-30 17:08:17,330] {logging_mixin.py:115} INFO - [2022-07-30 17:08:17,330] {dag.py:2931} INFO - Setting next_dagrun for specific_queues to 2022-07-27T06:25:00+00:00, run_after=2022-07-27T06:30:00+00:00
[2022-07-30 17:08:17,345] {processor.py:161} INFO - Processing /opt/airflow/dags/queues_priority/queues.py took 0.111 seconds
[2022-07-30 17:08:47,857] {processor.py:153} INFO - Started process (PID=3821) to work on /opt/airflow/dags/queues_priority/queues.py
[2022-07-30 17:08:47,858] {processor.py:641} INFO - Processing file /opt/airflow/dags/queues_priority/queues.py for tasks to queue
[2022-07-30 17:08:47,859] {logging_mixin.py:115} INFO - [2022-07-30 17:08:47,859] {dagbag.py:507} INFO - Filling up the DagBag from /opt/airflow/dags/queues_priority/queues.py
[2022-07-30 17:08:47,869] {processor.py:651} INFO - DAG(s) dict_keys(['specific_queues']) retrieved from /opt/airflow/dags/queues_priority/queues.py
[2022-07-30 17:08:47,909] {logging_mixin.py:115} INFO - [2022-07-30 17:08:47,909] {dag.py:2379} INFO - Sync 1 DAGs
[2022-07-30 17:08:47,948] {logging_mixin.py:115} INFO - [2022-07-30 17:08:47,948] {dag.py:2931} INFO - Setting next_dagrun for specific_queues to 2022-07-27T06:25:00+00:00, run_after=2022-07-27T06:30:00+00:00
[2022-07-30 17:08:47,981] {processor.py:161} INFO - Processing /opt/airflow/dags/queues_priority/queues.py took 0.128 seconds
[2022-07-30 17:09:18,059] {processor.py:153} INFO - Started process (PID=3892) to work on /opt/airflow/dags/queues_priority/queues.py
[2022-07-30 17:09:18,061] {processor.py:641} INFO - Processing file /opt/airflow/dags/queues_priority/queues.py for tasks to queue
[2022-07-30 17:09:18,061] {logging_mixin.py:115} INFO - [2022-07-30 17:09:18,061] {dagbag.py:507} INFO - Filling up the DagBag from /opt/airflow/dags/queues_priority/queues.py
[2022-07-30 17:09:18,076] {processor.py:651} INFO - DAG(s) dict_keys(['specific_queues']) retrieved from /opt/airflow/dags/queues_priority/queues.py
[2022-07-30 17:09:18,132] {logging_mixin.py:115} INFO - [2022-07-30 17:09:18,132] {dag.py:2379} INFO - Sync 1 DAGs
[2022-07-30 17:09:18,195] {logging_mixin.py:115} INFO - [2022-07-30 17:09:18,195] {dag.py:2931} INFO - Setting next_dagrun for specific_queues to 2022-07-27T06:25:00+00:00, run_after=2022-07-27T06:30:00+00:00
[2022-07-30 17:09:18,682] {processor.py:161} INFO - Processing /opt/airflow/dags/queues_priority/queues.py took 0.630 seconds
[2022-07-30 17:09:49,072] {processor.py:153} INFO - Started process (PID=3975) to work on /opt/airflow/dags/queues_priority/queues.py
[2022-07-30 17:09:49,073] {processor.py:641} INFO - Processing file /opt/airflow/dags/queues_priority/queues.py for tasks to queue
[2022-07-30 17:09:49,073] {logging_mixin.py:115} INFO - [2022-07-30 17:09:49,073] {dagbag.py:507} INFO - Filling up the DagBag from /opt/airflow/dags/queues_priority/queues.py
[2022-07-30 17:09:49,084] {processor.py:651} INFO - DAG(s) dict_keys(['specific_queues']) retrieved from /opt/airflow/dags/queues_priority/queues.py
[2022-07-30 17:09:49,120] {logging_mixin.py:115} INFO - [2022-07-30 17:09:49,120] {dag.py:2379} INFO - Sync 1 DAGs
[2022-07-30 17:09:49,162] {logging_mixin.py:115} INFO - [2022-07-30 17:09:49,161] {dag.py:2931} INFO - Setting next_dagrun for specific_queues to 2022-07-27T06:25:00+00:00, run_after=2022-07-27T06:30:00+00:00
[2022-07-30 17:09:49,364] {processor.py:161} INFO - Processing /opt/airflow/dags/queues_priority/queues.py took 0.296 seconds
[2022-07-30 17:10:20,275] {processor.py:153} INFO - Started process (PID=4049) to work on /opt/airflow/dags/queues_priority/queues.py
[2022-07-30 17:10:20,284] {processor.py:641} INFO - Processing file /opt/airflow/dags/queues_priority/queues.py for tasks to queue
[2022-07-30 17:10:20,285] {logging_mixin.py:115} INFO - [2022-07-30 17:10:20,284] {dagbag.py:507} INFO - Filling up the DagBag from /opt/airflow/dags/queues_priority/queues.py
[2022-07-30 17:10:20,298] {processor.py:651} INFO - DAG(s) dict_keys(['specific_queues']) retrieved from /opt/airflow/dags/queues_priority/queues.py
[2022-07-30 17:10:20,338] {logging_mixin.py:115} INFO - [2022-07-30 17:10:20,338] {dag.py:2379} INFO - Sync 1 DAGs
[2022-07-30 17:10:20,373] {logging_mixin.py:115} INFO - [2022-07-30 17:10:20,373] {dag.py:2931} INFO - Setting next_dagrun for specific_queues to 2022-07-27T06:25:00+00:00, run_after=2022-07-27T06:30:00+00:00
[2022-07-30 17:10:20,596] {processor.py:161} INFO - Processing /opt/airflow/dags/queues_priority/queues.py took 0.325 seconds
[2022-07-30 17:10:50,880] {processor.py:153} INFO - Started process (PID=4141) to work on /opt/airflow/dags/queues_priority/queues.py
[2022-07-30 17:10:50,881] {processor.py:641} INFO - Processing file /opt/airflow/dags/queues_priority/queues.py for tasks to queue
[2022-07-30 17:10:50,882] {logging_mixin.py:115} INFO - [2022-07-30 17:10:50,882] {dagbag.py:507} INFO - Filling up the DagBag from /opt/airflow/dags/queues_priority/queues.py
[2022-07-30 17:10:50,912] {processor.py:651} INFO - DAG(s) dict_keys(['specific_queues']) retrieved from /opt/airflow/dags/queues_priority/queues.py
[2022-07-30 17:10:50,961] {logging_mixin.py:115} INFO - [2022-07-30 17:10:50,961] {dag.py:2379} INFO - Sync 1 DAGs
[2022-07-30 17:10:51,001] {logging_mixin.py:115} INFO - [2022-07-30 17:10:51,001] {dag.py:2931} INFO - Setting next_dagrun for specific_queues to 2022-07-27T06:25:00+00:00, run_after=2022-07-27T06:30:00+00:00
[2022-07-30 17:10:51,207] {processor.py:161} INFO - Processing /opt/airflow/dags/queues_priority/queues.py took 0.343 seconds
[2022-07-30 17:11:21,303] {processor.py:153} INFO - Started process (PID=4212) to work on /opt/airflow/dags/queues_priority/queues.py
[2022-07-30 17:11:21,304] {processor.py:641} INFO - Processing file /opt/airflow/dags/queues_priority/queues.py for tasks to queue
[2022-07-30 17:11:21,304] {logging_mixin.py:115} INFO - [2022-07-30 17:11:21,304] {dagbag.py:507} INFO - Filling up the DagBag from /opt/airflow/dags/queues_priority/queues.py
[2022-07-30 17:11:21,312] {processor.py:651} INFO - DAG(s) dict_keys(['specific_queues']) retrieved from /opt/airflow/dags/queues_priority/queues.py
[2022-07-30 17:11:21,338] {logging_mixin.py:115} INFO - [2022-07-30 17:11:21,338] {dag.py:2379} INFO - Sync 1 DAGs
[2022-07-30 17:11:21,362] {logging_mixin.py:115} INFO - [2022-07-30 17:11:21,362] {dag.py:2931} INFO - Setting next_dagrun for specific_queues to 2022-07-27T06:25:00+00:00, run_after=2022-07-27T06:30:00+00:00
[2022-07-30 17:11:21,518] {processor.py:161} INFO - Processing /opt/airflow/dags/queues_priority/queues.py took 0.218 seconds
[2022-07-30 17:11:52,711] {processor.py:153} INFO - Started process (PID=4293) to work on /opt/airflow/dags/queues_priority/queues.py
[2022-07-30 17:11:52,720] {processor.py:641} INFO - Processing file /opt/airflow/dags/queues_priority/queues.py for tasks to queue
[2022-07-30 17:11:52,721] {logging_mixin.py:115} INFO - [2022-07-30 17:11:52,720] {dagbag.py:507} INFO - Filling up the DagBag from /opt/airflow/dags/queues_priority/queues.py
[2022-07-30 17:11:52,743] {processor.py:651} INFO - DAG(s) dict_keys(['specific_queues']) retrieved from /opt/airflow/dags/queues_priority/queues.py
[2022-07-30 17:11:52,825] {logging_mixin.py:115} INFO - [2022-07-30 17:11:52,825] {dag.py:2379} INFO - Sync 1 DAGs
[2022-07-30 17:11:52,896] {logging_mixin.py:115} INFO - [2022-07-30 17:11:52,895] {dag.py:2931} INFO - Setting next_dagrun for specific_queues to 2022-07-27T06:25:00+00:00, run_after=2022-07-27T06:30:00+00:00
[2022-07-30 17:11:53,260] {processor.py:161} INFO - Processing /opt/airflow/dags/queues_priority/queues.py took 0.553 seconds
[2022-07-30 17:12:24,144] {processor.py:153} INFO - Started process (PID=4367) to work on /opt/airflow/dags/queues_priority/queues.py
[2022-07-30 17:12:24,145] {processor.py:641} INFO - Processing file /opt/airflow/dags/queues_priority/queues.py for tasks to queue
[2022-07-30 17:12:24,145] {logging_mixin.py:115} INFO - [2022-07-30 17:12:24,145] {dagbag.py:507} INFO - Filling up the DagBag from /opt/airflow/dags/queues_priority/queues.py
[2022-07-30 17:12:24,166] {processor.py:651} INFO - DAG(s) dict_keys(['specific_queues']) retrieved from /opt/airflow/dags/queues_priority/queues.py
[2022-07-30 17:12:24,228] {logging_mixin.py:115} INFO - [2022-07-30 17:12:24,228] {dag.py:2379} INFO - Sync 1 DAGs
[2022-07-30 17:12:24,262] {logging_mixin.py:115} INFO - [2022-07-30 17:12:24,261] {dag.py:2931} INFO - Setting next_dagrun for specific_queues to 2022-07-27T06:25:00+00:00, run_after=2022-07-27T06:30:00+00:00
[2022-07-30 17:12:24,440] {processor.py:161} INFO - Processing /opt/airflow/dags/queues_priority/queues.py took 0.308 seconds
[2022-07-30 17:12:55,319] {processor.py:153} INFO - Started process (PID=4440) to work on /opt/airflow/dags/queues_priority/queues.py
[2022-07-30 17:12:55,326] {processor.py:641} INFO - Processing file /opt/airflow/dags/queues_priority/queues.py for tasks to queue
[2022-07-30 17:12:55,326] {logging_mixin.py:115} INFO - [2022-07-30 17:12:55,326] {dagbag.py:507} INFO - Filling up the DagBag from /opt/airflow/dags/queues_priority/queues.py
[2022-07-30 17:12:55,352] {processor.py:651} INFO - DAG(s) dict_keys(['specific_queues']) retrieved from /opt/airflow/dags/queues_priority/queues.py
[2022-07-30 17:12:55,416] {logging_mixin.py:115} INFO - [2022-07-30 17:12:55,416] {dag.py:2379} INFO - Sync 1 DAGs
[2022-07-30 17:12:55,483] {logging_mixin.py:115} INFO - [2022-07-30 17:12:55,483] {dag.py:2931} INFO - Setting next_dagrun for specific_queues to 2022-07-27T06:25:00+00:00, run_after=2022-07-27T06:30:00+00:00
[2022-07-30 17:12:55,687] {processor.py:161} INFO - Processing /opt/airflow/dags/queues_priority/queues.py took 0.376 seconds
[2022-07-30 17:13:27,022] {processor.py:153} INFO - Started process (PID=4519) to work on /opt/airflow/dags/queues_priority/queues.py
[2022-07-30 17:13:27,023] {processor.py:641} INFO - Processing file /opt/airflow/dags/queues_priority/queues.py for tasks to queue
[2022-07-30 17:13:27,023] {logging_mixin.py:115} INFO - [2022-07-30 17:13:27,023] {dagbag.py:507} INFO - Filling up the DagBag from /opt/airflow/dags/queues_priority/queues.py
[2022-07-30 17:13:27,053] {processor.py:651} INFO - DAG(s) dict_keys(['specific_queues']) retrieved from /opt/airflow/dags/queues_priority/queues.py
[2022-07-30 17:13:27,108] {logging_mixin.py:115} INFO - [2022-07-30 17:13:27,108] {dag.py:2379} INFO - Sync 1 DAGs
[2022-07-30 17:13:27,218] {logging_mixin.py:115} INFO - [2022-07-30 17:13:27,218] {dag.py:2931} INFO - Setting next_dagrun for specific_queues to 2022-07-27T06:25:00+00:00, run_after=2022-07-27T06:30:00+00:00
[2022-07-30 17:13:27,800] {processor.py:161} INFO - Processing /opt/airflow/dags/queues_priority/queues.py took 0.783 seconds
[2022-07-30 17:13:58,604] {processor.py:153} INFO - Started process (PID=4594) to work on /opt/airflow/dags/queues_priority/queues.py
[2022-07-30 17:13:58,605] {processor.py:641} INFO - Processing file /opt/airflow/dags/queues_priority/queues.py for tasks to queue
[2022-07-30 17:13:58,606] {logging_mixin.py:115} INFO - [2022-07-30 17:13:58,606] {dagbag.py:507} INFO - Filling up the DagBag from /opt/airflow/dags/queues_priority/queues.py
[2022-07-30 17:13:58,616] {processor.py:651} INFO - DAG(s) dict_keys(['specific_queues']) retrieved from /opt/airflow/dags/queues_priority/queues.py
[2022-07-30 17:13:58,652] {logging_mixin.py:115} INFO - [2022-07-30 17:13:58,652] {dag.py:2379} INFO - Sync 1 DAGs
[2022-07-30 17:13:58,691] {logging_mixin.py:115} INFO - [2022-07-30 17:13:58,691] {dag.py:2931} INFO - Setting next_dagrun for specific_queues to 2022-07-27T06:25:00+00:00, run_after=2022-07-27T06:30:00+00:00
[2022-07-30 17:13:58,907] {processor.py:161} INFO - Processing /opt/airflow/dags/queues_priority/queues.py took 0.306 seconds
[2022-07-30 17:14:29,141] {processor.py:153} INFO - Started process (PID=4666) to work on /opt/airflow/dags/queues_priority/queues.py
[2022-07-30 17:14:29,142] {processor.py:641} INFO - Processing file /opt/airflow/dags/queues_priority/queues.py for tasks to queue
[2022-07-30 17:14:29,142] {logging_mixin.py:115} INFO - [2022-07-30 17:14:29,142] {dagbag.py:507} INFO - Filling up the DagBag from /opt/airflow/dags/queues_priority/queues.py
[2022-07-30 17:14:29,152] {processor.py:651} INFO - DAG(s) dict_keys(['specific_queues']) retrieved from /opt/airflow/dags/queues_priority/queues.py
[2022-07-30 17:14:29,183] {logging_mixin.py:115} INFO - [2022-07-30 17:14:29,183] {dag.py:2379} INFO - Sync 1 DAGs
[2022-07-30 17:14:29,218] {logging_mixin.py:115} INFO - [2022-07-30 17:14:29,217] {dag.py:2931} INFO - Setting next_dagrun for specific_queues to 2022-07-27T06:25:00+00:00, run_after=2022-07-27T06:30:00+00:00
[2022-07-30 17:14:29,232] {processor.py:161} INFO - Processing /opt/airflow/dags/queues_priority/queues.py took 0.095 seconds
[2022-07-30 17:14:59,312] {processor.py:153} INFO - Started process (PID=4737) to work on /opt/airflow/dags/queues_priority/queues.py
[2022-07-30 17:14:59,313] {processor.py:641} INFO - Processing file /opt/airflow/dags/queues_priority/queues.py for tasks to queue
[2022-07-30 17:14:59,314] {logging_mixin.py:115} INFO - [2022-07-30 17:14:59,313] {dagbag.py:507} INFO - Filling up the DagBag from /opt/airflow/dags/queues_priority/queues.py
[2022-07-30 17:14:59,355] {processor.py:651} INFO - DAG(s) dict_keys(['specific_queues']) retrieved from /opt/airflow/dags/queues_priority/queues.py
[2022-07-30 17:14:59,587] {logging_mixin.py:115} INFO - [2022-07-30 17:14:59,587] {dag.py:2379} INFO - Sync 1 DAGs
[2022-07-30 17:14:59,703] {logging_mixin.py:115} INFO - [2022-07-30 17:14:59,702] {dag.py:2931} INFO - Setting next_dagrun for specific_queues to 2022-07-27T06:25:00+00:00, run_after=2022-07-27T06:30:00+00:00
[2022-07-30 17:14:59,780] {processor.py:161} INFO - Processing /opt/airflow/dags/queues_priority/queues.py took 0.484 seconds
[2022-07-30 17:15:30,791] {processor.py:153} INFO - Started process (PID=4822) to work on /opt/airflow/dags/queues_priority/queues.py
[2022-07-30 17:15:30,791] {processor.py:641} INFO - Processing file /opt/airflow/dags/queues_priority/queues.py for tasks to queue
[2022-07-30 17:15:30,795] {logging_mixin.py:115} INFO - [2022-07-30 17:15:30,795] {dagbag.py:507} INFO - Filling up the DagBag from /opt/airflow/dags/queues_priority/queues.py
[2022-07-30 17:15:30,804] {processor.py:651} INFO - DAG(s) dict_keys(['specific_queues']) retrieved from /opt/airflow/dags/queues_priority/queues.py
[2022-07-30 17:15:30,865] {logging_mixin.py:115} INFO - [2022-07-30 17:15:30,865] {dag.py:2379} INFO - Sync 1 DAGs
[2022-07-30 17:15:30,905] {logging_mixin.py:115} INFO - [2022-07-30 17:15:30,905] {dag.py:2931} INFO - Setting next_dagrun for specific_queues to 2022-07-27T06:25:00+00:00, run_after=2022-07-27T06:30:00+00:00
[2022-07-30 17:15:30,919] {processor.py:161} INFO - Processing /opt/airflow/dags/queues_priority/queues.py took 0.132 seconds
[2022-07-30 17:16:01,023] {processor.py:153} INFO - Started process (PID=4894) to work on /opt/airflow/dags/queues_priority/queues.py
[2022-07-30 17:16:01,024] {processor.py:641} INFO - Processing file /opt/airflow/dags/queues_priority/queues.py for tasks to queue
[2022-07-30 17:16:01,024] {logging_mixin.py:115} INFO - [2022-07-30 17:16:01,024] {dagbag.py:507} INFO - Filling up the DagBag from /opt/airflow/dags/queues_priority/queues.py
[2022-07-30 17:16:01,032] {processor.py:651} INFO - DAG(s) dict_keys(['specific_queues']) retrieved from /opt/airflow/dags/queues_priority/queues.py
[2022-07-30 17:16:01,054] {logging_mixin.py:115} INFO - [2022-07-30 17:16:01,054] {dag.py:2379} INFO - Sync 1 DAGs
[2022-07-30 17:16:01,077] {logging_mixin.py:115} INFO - [2022-07-30 17:16:01,077] {dag.py:2931} INFO - Setting next_dagrun for specific_queues to 2022-07-27T06:25:00+00:00, run_after=2022-07-27T06:30:00+00:00
[2022-07-30 17:16:01,088] {processor.py:161} INFO - Processing /opt/airflow/dags/queues_priority/queues.py took 0.069 seconds
[2022-07-30 17:16:31,704] {processor.py:153} INFO - Started process (PID=4968) to work on /opt/airflow/dags/queues_priority/queues.py
[2022-07-30 17:16:31,705] {processor.py:641} INFO - Processing file /opt/airflow/dags/queues_priority/queues.py for tasks to queue
[2022-07-30 17:16:31,705] {logging_mixin.py:115} INFO - [2022-07-30 17:16:31,705] {dagbag.py:507} INFO - Filling up the DagBag from /opt/airflow/dags/queues_priority/queues.py
[2022-07-30 17:16:31,731] {processor.py:651} INFO - DAG(s) dict_keys(['specific_queues']) retrieved from /opt/airflow/dags/queues_priority/queues.py
[2022-07-30 17:16:31,819] {logging_mixin.py:115} INFO - [2022-07-30 17:16:31,819] {dag.py:2379} INFO - Sync 1 DAGs
[2022-07-30 17:16:31,877] {logging_mixin.py:115} INFO - [2022-07-30 17:16:31,877] {dag.py:2931} INFO - Setting next_dagrun for specific_queues to 2022-07-27T06:25:00+00:00, run_after=2022-07-27T06:30:00+00:00
[2022-07-30 17:16:31,905] {processor.py:161} INFO - Processing /opt/airflow/dags/queues_priority/queues.py took 0.216 seconds
[2022-07-30 17:17:02,846] {processor.py:153} INFO - Started process (PID=5050) to work on /opt/airflow/dags/queues_priority/queues.py
[2022-07-30 17:17:02,852] {processor.py:641} INFO - Processing file /opt/airflow/dags/queues_priority/queues.py for tasks to queue
[2022-07-30 17:17:02,853] {logging_mixin.py:115} INFO - [2022-07-30 17:17:02,853] {dagbag.py:507} INFO - Filling up the DagBag from /opt/airflow/dags/queues_priority/queues.py
[2022-07-30 17:17:02,879] {processor.py:651} INFO - DAG(s) dict_keys(['specific_queues']) retrieved from /opt/airflow/dags/queues_priority/queues.py
[2022-07-30 17:17:02,952] {logging_mixin.py:115} INFO - [2022-07-30 17:17:02,952] {dag.py:2379} INFO - Sync 1 DAGs
[2022-07-30 17:17:03,023] {logging_mixin.py:115} INFO - [2022-07-30 17:17:03,023] {dag.py:2931} INFO - Setting next_dagrun for specific_queues to 2022-07-27T06:25:00+00:00, run_after=2022-07-27T06:30:00+00:00
[2022-07-30 17:17:03,064] {processor.py:161} INFO - Processing /opt/airflow/dags/queues_priority/queues.py took 0.230 seconds
[2022-07-30 17:17:33,201] {processor.py:153} INFO - Started process (PID=5125) to work on /opt/airflow/dags/queues_priority/queues.py
[2022-07-30 17:17:33,201] {processor.py:641} INFO - Processing file /opt/airflow/dags/queues_priority/queues.py for tasks to queue
[2022-07-30 17:17:33,202] {logging_mixin.py:115} INFO - [2022-07-30 17:17:33,202] {dagbag.py:507} INFO - Filling up the DagBag from /opt/airflow/dags/queues_priority/queues.py
[2022-07-30 17:17:33,209] {processor.py:651} INFO - DAG(s) dict_keys(['specific_queues']) retrieved from /opt/airflow/dags/queues_priority/queues.py
[2022-07-30 17:17:33,233] {logging_mixin.py:115} INFO - [2022-07-30 17:17:33,233] {dag.py:2379} INFO - Sync 1 DAGs
[2022-07-30 17:17:33,256] {logging_mixin.py:115} INFO - [2022-07-30 17:17:33,256] {dag.py:2931} INFO - Setting next_dagrun for specific_queues to 2022-07-27T06:25:00+00:00, run_after=2022-07-27T06:30:00+00:00
[2022-07-30 17:17:33,267] {processor.py:161} INFO - Processing /opt/airflow/dags/queues_priority/queues.py took 0.073 seconds
[2022-07-30 17:18:03,580] {processor.py:153} INFO - Started process (PID=5203) to work on /opt/airflow/dags/queues_priority/queues.py
[2022-07-30 17:18:03,581] {processor.py:641} INFO - Processing file /opt/airflow/dags/queues_priority/queues.py for tasks to queue
[2022-07-30 17:18:03,582] {logging_mixin.py:115} INFO - [2022-07-30 17:18:03,581] {dagbag.py:507} INFO - Filling up the DagBag from /opt/airflow/dags/queues_priority/queues.py
[2022-07-30 17:18:03,594] {processor.py:651} INFO - DAG(s) dict_keys(['specific_queues']) retrieved from /opt/airflow/dags/queues_priority/queues.py
[2022-07-30 17:18:03,625] {logging_mixin.py:115} INFO - [2022-07-30 17:18:03,625] {dag.py:2379} INFO - Sync 1 DAGs
[2022-07-30 17:18:03,660] {logging_mixin.py:115} INFO - [2022-07-30 17:18:03,660] {dag.py:2931} INFO - Setting next_dagrun for specific_queues to 2022-07-27T06:25:00+00:00, run_after=2022-07-27T06:30:00+00:00
[2022-07-30 17:18:03,675] {processor.py:161} INFO - Processing /opt/airflow/dags/queues_priority/queues.py took 0.099 seconds
[2022-07-30 17:18:34,053] {processor.py:153} INFO - Started process (PID=5290) to work on /opt/airflow/dags/queues_priority/queues.py
[2022-07-30 17:18:34,054] {processor.py:641} INFO - Processing file /opt/airflow/dags/queues_priority/queues.py for tasks to queue
[2022-07-30 17:18:34,054] {logging_mixin.py:115} INFO - [2022-07-30 17:18:34,054] {dagbag.py:507} INFO - Filling up the DagBag from /opt/airflow/dags/queues_priority/queues.py
[2022-07-30 17:18:34,061] {processor.py:651} INFO - DAG(s) dict_keys(['specific_queues']) retrieved from /opt/airflow/dags/queues_priority/queues.py
[2022-07-30 17:18:34,084] {logging_mixin.py:115} INFO - [2022-07-30 17:18:34,084] {dag.py:2379} INFO - Sync 1 DAGs
[2022-07-30 17:18:34,108] {logging_mixin.py:115} INFO - [2022-07-30 17:18:34,108] {dag.py:2931} INFO - Setting next_dagrun for specific_queues to 2022-07-27T06:25:00+00:00, run_after=2022-07-27T06:30:00+00:00
[2022-07-30 17:18:34,118] {processor.py:161} INFO - Processing /opt/airflow/dags/queues_priority/queues.py took 0.068 seconds
[2022-07-30 17:19:04,183] {processor.py:153} INFO - Started process (PID=5367) to work on /opt/airflow/dags/queues_priority/queues.py
[2022-07-30 17:19:04,185] {processor.py:641} INFO - Processing file /opt/airflow/dags/queues_priority/queues.py for tasks to queue
[2022-07-30 17:19:04,185] {logging_mixin.py:115} INFO - [2022-07-30 17:19:04,185] {dagbag.py:507} INFO - Filling up the DagBag from /opt/airflow/dags/queues_priority/queues.py
[2022-07-30 17:19:04,197] {processor.py:651} INFO - DAG(s) dict_keys(['specific_queues']) retrieved from /opt/airflow/dags/queues_priority/queues.py
[2022-07-30 17:19:04,228] {logging_mixin.py:115} INFO - [2022-07-30 17:19:04,228] {dag.py:2379} INFO - Sync 1 DAGs
[2022-07-30 17:19:04,261] {logging_mixin.py:115} INFO - [2022-07-30 17:19:04,261] {dag.py:2931} INFO - Setting next_dagrun for specific_queues to 2022-07-27T06:25:00+00:00, run_after=2022-07-27T06:30:00+00:00
[2022-07-30 17:19:04,275] {processor.py:161} INFO - Processing /opt/airflow/dags/queues_priority/queues.py took 0.096 seconds
[2022-07-30 17:19:34,477] {processor.py:153} INFO - Started process (PID=5440) to work on /opt/airflow/dags/queues_priority/queues.py
[2022-07-30 17:19:34,477] {processor.py:641} INFO - Processing file /opt/airflow/dags/queues_priority/queues.py for tasks to queue
[2022-07-30 17:19:34,478] {logging_mixin.py:115} INFO - [2022-07-30 17:19:34,478] {dagbag.py:507} INFO - Filling up the DagBag from /opt/airflow/dags/queues_priority/queues.py
[2022-07-30 17:19:34,509] {processor.py:651} INFO - DAG(s) dict_keys(['specific_queues']) retrieved from /opt/airflow/dags/queues_priority/queues.py
[2022-07-30 17:19:34,576] {logging_mixin.py:115} INFO - [2022-07-30 17:19:34,576] {dag.py:2379} INFO - Sync 1 DAGs
[2022-07-30 17:19:34,633] {logging_mixin.py:115} INFO - [2022-07-30 17:19:34,633] {dag.py:2931} INFO - Setting next_dagrun for specific_queues to 2022-07-27T06:25:00+00:00, run_after=2022-07-27T06:30:00+00:00
[2022-07-30 17:19:34,668] {processor.py:161} INFO - Processing /opt/airflow/dags/queues_priority/queues.py took 0.206 seconds
