[2022-07-04 09:50:01,482] {taskinstance.py:1159} INFO - Dependencies all met for <TaskInstance: example_bash_operator.runme_1 manual__2022-07-04T09:49:59.473162+00:00 [queued]>
[2022-07-04 09:50:01,531] {taskinstance.py:1159} INFO - Dependencies all met for <TaskInstance: example_bash_operator.runme_1 manual__2022-07-04T09:49:59.473162+00:00 [queued]>
[2022-07-04 09:50:01,533] {taskinstance.py:1356} INFO - 
--------------------------------------------------------------------------------
[2022-07-04 09:50:01,535] {taskinstance.py:1357} INFO - Starting attempt 1 of 1
[2022-07-04 09:50:01,536] {taskinstance.py:1358} INFO - 
--------------------------------------------------------------------------------
[2022-07-04 09:50:01,627] {taskinstance.py:1377} INFO - Executing <Task(BashOperator): runme_1> on 2022-07-04 09:49:59.473162+00:00
[2022-07-04 09:50:01,667] {standard_task_runner.py:52} INFO - Started process 399 to run task
[2022-07-04 09:50:01,677] {standard_task_runner.py:79} INFO - Running: ['***', 'tasks', 'run', 'example_bash_operator', 'runme_1', 'manual__2022-07-04T09:49:59.473162+00:00', '--job-id', '13', '--raw', '--subdir', '/home/***/.local/lib/python3.7/site-packages/***/example_dags/example_bash_operator.py', '--cfg-path', '/tmp/tmpi_tz8v74', '--error-file', '/tmp/tmpl_uuyt23']
[2022-07-04 09:50:01,699] {standard_task_runner.py:80} INFO - Job 13: Subtask runme_1
[2022-07-04 09:50:01,881] {task_command.py:370} INFO - Running <TaskInstance: example_bash_operator.runme_1 manual__2022-07-04T09:49:59.473162+00:00 [running]> on host b631230cc7b5
[2022-07-04 09:50:02,087] {taskinstance.py:1571} INFO - Exporting the following env vars:
AIRFLOW_CTX_DAG_OWNER=***
AIRFLOW_CTX_DAG_ID=example_bash_operator
AIRFLOW_CTX_TASK_ID=runme_1
AIRFLOW_CTX_EXECUTION_DATE=2022-07-04T09:49:59.473162+00:00
AIRFLOW_CTX_TRY_NUMBER=1
AIRFLOW_CTX_DAG_RUN_ID=manual__2022-07-04T09:49:59.473162+00:00
[2022-07-04 09:50:02,090] {subprocess.py:62} INFO - Tmp dir root location: 
 /tmp
[2022-07-04 09:50:02,090] {subprocess.py:74} INFO - Running command: ['bash', '-c', 'echo "example_bash_operator__runme_1__20220704" && sleep 1']
[2022-07-04 09:50:02,105] {subprocess.py:85} INFO - Output:
[2022-07-04 09:50:02,107] {subprocess.py:92} INFO - example_bash_operator__runme_1__20220704
[2022-07-04 09:50:03,109] {subprocess.py:96} INFO - Command exited with return code 0
[2022-07-04 09:50:03,154] {taskinstance.py:1400} INFO - Marking task as SUCCESS. dag_id=example_bash_operator, task_id=runme_1, execution_date=20220704T094959, start_date=20220704T095001, end_date=20220704T095003
[2022-07-04 09:50:03,208] {local_task_job.py:156} INFO - Task exited with return code 0
[2022-07-04 09:50:03,247] {local_task_job.py:273} INFO - 1 downstream tasks scheduled from follow-on schedule check
