[2022-07-05 10:13:10,847] {taskinstance.py:1159} INFO - Dependencies all met for <TaskInstance: trigger_rules.task1 manual__2022-07-05T10:13:07.904694+00:00 [queued]>
[2022-07-05 10:13:10,943] {taskinstance.py:1159} INFO - Dependencies all met for <TaskInstance: trigger_rules.task1 manual__2022-07-05T10:13:07.904694+00:00 [queued]>
[2022-07-05 10:13:10,945] {taskinstance.py:1356} INFO - 
--------------------------------------------------------------------------------
[2022-07-05 10:13:10,946] {taskinstance.py:1357} INFO - Starting attempt 1 of 1
[2022-07-05 10:13:10,946] {taskinstance.py:1358} INFO - 
--------------------------------------------------------------------------------
[2022-07-05 10:13:11,021] {taskinstance.py:1377} INFO - Executing <Task(BashOperator): task1> on 2022-07-05 10:13:07.904694+00:00
[2022-07-05 10:13:11,048] {standard_task_runner.py:52} INFO - Started process 2266 to run task
[2022-07-05 10:13:11,074] {standard_task_runner.py:79} INFO - Running: ['***', 'tasks', 'run', 'trigger_rules', 'task1', 'manual__2022-07-05T10:13:07.904694+00:00', '--job-id', '145', '--raw', '--subdir', 'DAGS_FOLDER/triggers_rules.py', '--cfg-path', '/tmp/tmpofflpqnz', '--error-file', '/tmp/tmpremcuoo7']
[2022-07-05 10:13:11,088] {standard_task_runner.py:80} INFO - Job 145: Subtask task1
[2022-07-05 10:13:11,409] {task_command.py:370} INFO - Running <TaskInstance: trigger_rules.task1 manual__2022-07-05T10:13:07.904694+00:00 [running]> on host dfb99dfc9d64
[2022-07-05 10:13:12,181] {taskinstance.py:1571} INFO - Exporting the following env vars:
AIRFLOW_CTX_DAG_OWNER=***
AIRFLOW_CTX_DAG_ID=trigger_rules
AIRFLOW_CTX_TASK_ID=task1
AIRFLOW_CTX_EXECUTION_DATE=2022-07-05T10:13:07.904694+00:00
AIRFLOW_CTX_TRY_NUMBER=1
AIRFLOW_CTX_DAG_RUN_ID=manual__2022-07-05T10:13:07.904694+00:00
[2022-07-05 10:13:12,183] {subprocess.py:62} INFO - Tmp dir root location: 
 /tmp
[2022-07-05 10:13:12,185] {subprocess.py:74} INFO - Running command: ['bash', '-c', 'exit 0']
[2022-07-05 10:13:12,248] {subprocess.py:85} INFO - Output:
[2022-07-05 10:13:12,270] {subprocess.py:96} INFO - Command exited with return code 0
[2022-07-05 10:13:12,504] {taskinstance.py:1400} INFO - Marking task as SUCCESS. dag_id=trigger_rules, task_id=task1, execution_date=20220705T101307, start_date=20220705T101310, end_date=20220705T101312
[2022-07-05 10:13:12,636] {local_task_job.py:156} INFO - Task exited with return code 0
[2022-07-05 10:13:12,843] {local_task_job.py:273} INFO - 1 downstream tasks scheduled from follow-on schedule check
