[2022-07-04 09:50:04,447] {taskinstance.py:1159} INFO - Dependencies all met for <TaskInstance: example_bash_operator.run_after_loop manual__2022-07-04T09:49:59.473162+00:00 [queued]>
[2022-07-04 09:50:04,457] {taskinstance.py:1159} INFO - Dependencies all met for <TaskInstance: example_bash_operator.run_after_loop manual__2022-07-04T09:49:59.473162+00:00 [queued]>
[2022-07-04 09:50:04,457] {taskinstance.py:1356} INFO - 
--------------------------------------------------------------------------------
[2022-07-04 09:50:04,457] {taskinstance.py:1357} INFO - Starting attempt 1 of 1
[2022-07-04 09:50:04,458] {taskinstance.py:1358} INFO - 
--------------------------------------------------------------------------------
[2022-07-04 09:50:04,474] {taskinstance.py:1377} INFO - Executing <Task(BashOperator): run_after_loop> on 2022-07-04 09:49:59.473162+00:00
[2022-07-04 09:50:04,478] {standard_task_runner.py:52} INFO - Started process 406 to run task
[2022-07-04 09:50:04,482] {standard_task_runner.py:79} INFO - Running: ['***', 'tasks', 'run', 'example_bash_operator', 'run_after_loop', 'manual__2022-07-04T09:49:59.473162+00:00', '--job-id', '14', '--raw', '--subdir', '/home/***/.local/lib/python3.7/site-packages/***/example_dags/example_bash_operator.py', '--cfg-path', '/tmp/tmpx7q8lb0w', '--error-file', '/tmp/tmpo5ljr46s']
[2022-07-04 09:50:04,483] {standard_task_runner.py:80} INFO - Job 14: Subtask run_after_loop
[2022-07-04 09:50:04,540] {task_command.py:370} INFO - Running <TaskInstance: example_bash_operator.run_after_loop manual__2022-07-04T09:49:59.473162+00:00 [running]> on host b631230cc7b5
[2022-07-04 09:50:04,622] {taskinstance.py:1571} INFO - Exporting the following env vars:
AIRFLOW_CTX_DAG_OWNER=***
AIRFLOW_CTX_DAG_ID=example_bash_operator
AIRFLOW_CTX_TASK_ID=run_after_loop
AIRFLOW_CTX_EXECUTION_DATE=2022-07-04T09:49:59.473162+00:00
AIRFLOW_CTX_TRY_NUMBER=1
AIRFLOW_CTX_DAG_RUN_ID=manual__2022-07-04T09:49:59.473162+00:00
[2022-07-04 09:50:04,623] {subprocess.py:62} INFO - Tmp dir root location: 
 /tmp
[2022-07-04 09:50:04,623] {subprocess.py:74} INFO - Running command: ['bash', '-c', 'echo 1']
[2022-07-04 09:50:04,632] {subprocess.py:85} INFO - Output:
[2022-07-04 09:50:04,634] {subprocess.py:92} INFO - 1
[2022-07-04 09:50:04,635] {subprocess.py:96} INFO - Command exited with return code 0
[2022-07-04 09:50:04,667] {taskinstance.py:1400} INFO - Marking task as SUCCESS. dag_id=example_bash_operator, task_id=run_after_loop, execution_date=20220704T094959, start_date=20220704T095004, end_date=20220704T095004
[2022-07-04 09:50:04,695] {local_task_job.py:156} INFO - Task exited with return code 0
[2022-07-04 09:50:04,734] {local_task_job.py:273} INFO - 0 downstream tasks scheduled from follow-on schedule check
