[2022-07-05 05:32:24,530] {taskinstance.py:1159} INFO - Dependencies all met for <TaskInstance: task_group.process_files.Process_file1 manual__2022-07-05T05:32:18.155544+00:00 [queued]>
[2022-07-05 05:32:24,549] {taskinstance.py:1159} INFO - Dependencies all met for <TaskInstance: task_group.process_files.Process_file1 manual__2022-07-05T05:32:18.155544+00:00 [queued]>
[2022-07-05 05:32:24,549] {taskinstance.py:1356} INFO - 
--------------------------------------------------------------------------------
[2022-07-05 05:32:24,549] {taskinstance.py:1357} INFO - Starting attempt 1 of 1
[2022-07-05 05:32:24,549] {taskinstance.py:1358} INFO - 
--------------------------------------------------------------------------------
[2022-07-05 05:32:24,581] {taskinstance.py:1377} INFO - Executing <Task(BashOperator): process_files.Process_file1> on 2022-07-05 05:32:18.155544+00:00
[2022-07-05 05:32:24,611] {standard_task_runner.py:52} INFO - Started process 2399 to run task
[2022-07-05 05:32:24,624] {standard_task_runner.py:79} INFO - Running: ['***', 'tasks', 'run', 'task_group', 'process_files.Process_file1', 'manual__2022-07-05T05:32:18.155544+00:00', '--job-id', '113', '--raw', '--subdir', 'DAGS_FOLDER/task_group.py', '--cfg-path', '/tmp/tmp640ednr3', '--error-file', '/tmp/tmpj_mexd6d']
[2022-07-05 05:32:24,625] {standard_task_runner.py:80} INFO - Job 113: Subtask process_files.Process_file1
[2022-07-05 05:32:24,795] {task_command.py:370} INFO - Running <TaskInstance: task_group.process_files.Process_file1 manual__2022-07-05T05:32:18.155544+00:00 [running]> on host dfb99dfc9d64
[2022-07-05 05:32:25,013] {taskinstance.py:1571} INFO - Exporting the following env vars:
AIRFLOW_CTX_DAG_OWNER=***
AIRFLOW_CTX_DAG_ID=task_group
AIRFLOW_CTX_TASK_ID=process_files.Process_file1
AIRFLOW_CTX_EXECUTION_DATE=2022-07-05T05:32:18.155544+00:00
AIRFLOW_CTX_TRY_NUMBER=1
AIRFLOW_CTX_DAG_RUN_ID=manual__2022-07-05T05:32:18.155544+00:00
[2022-07-05 05:32:25,014] {subprocess.py:62} INFO - Tmp dir root location: 
 /tmp
[2022-07-05 05:32:25,014] {subprocess.py:74} INFO - Running command: ['bash', '-c', 'sleep 1']
[2022-07-05 05:32:25,028] {subprocess.py:85} INFO - Output:
[2022-07-05 05:32:26,033] {subprocess.py:96} INFO - Command exited with return code 0
[2022-07-05 05:32:26,076] {taskinstance.py:1400} INFO - Marking task as SUCCESS. dag_id=task_group, task_id=process_files.Process_file1, execution_date=20220705T053218, start_date=20220705T053224, end_date=20220705T053226
[2022-07-05 05:32:26,130] {local_task_job.py:156} INFO - Task exited with return code 0
[2022-07-05 05:32:26,193] {local_task_job.py:273} INFO - 0 downstream tasks scheduled from follow-on schedule check
