[2022-07-05 10:21:59,988] {taskinstance.py:1159} INFO - Dependencies all met for <TaskInstance: branch_operator_trigger_rules.branching manual__2022-07-05T10:21:57.934330+00:00 [queued]>
[2022-07-05 10:21:59,999] {taskinstance.py:1159} INFO - Dependencies all met for <TaskInstance: branch_operator_trigger_rules.branching manual__2022-07-05T10:21:57.934330+00:00 [queued]>
[2022-07-05 10:22:00,000] {taskinstance.py:1356} INFO - 
--------------------------------------------------------------------------------
[2022-07-05 10:22:00,000] {taskinstance.py:1357} INFO - Starting attempt 1 of 1
[2022-07-05 10:22:00,000] {taskinstance.py:1358} INFO - 
--------------------------------------------------------------------------------
[2022-07-05 10:22:00,019] {taskinstance.py:1377} INFO - Executing <Task(BranchPythonOperator): branching> on 2022-07-05 10:21:57.934330+00:00
[2022-07-05 10:22:00,025] {standard_task_runner.py:52} INFO - Started process 2640 to run task
[2022-07-05 10:22:00,029] {standard_task_runner.py:79} INFO - Running: ['***', 'tasks', 'run', 'branch_operator_trigger_rules', 'branching', 'manual__2022-07-05T10:21:57.934330+00:00', '--job-id', '154', '--raw', '--subdir', 'DAGS_FOLDER/trigger_rules2.py', '--cfg-path', '/tmp/tmpfrtektj6', '--error-file', '/tmp/tmpc3frw_bs']
[2022-07-05 10:22:00,030] {standard_task_runner.py:80} INFO - Job 154: Subtask branching
[2022-07-05 10:22:00,086] {task_command.py:370} INFO - Running <TaskInstance: branch_operator_trigger_rules.branching manual__2022-07-05T10:21:57.934330+00:00 [running]> on host dfb99dfc9d64
[2022-07-05 10:22:00,164] {taskinstance.py:1571} INFO - Exporting the following env vars:
AIRFLOW_CTX_DAG_OWNER=***
AIRFLOW_CTX_DAG_ID=branch_operator_trigger_rules
AIRFLOW_CTX_TASK_ID=branching
AIRFLOW_CTX_EXECUTION_DATE=2022-07-05T10:21:57.934330+00:00
AIRFLOW_CTX_TRY_NUMBER=1
AIRFLOW_CTX_DAG_RUN_ID=manual__2022-07-05T10:21:57.934330+00:00
[2022-07-05 10:22:00,166] {python.py:173} INFO - Done. Returned value was: branch_c
[2022-07-05 10:22:00,167] {skipmixin.py:140} INFO - Following branch branch_c
[2022-07-05 10:22:00,167] {skipmixin.py:175} INFO - Skipping tasks ['branch_a', 'branch_b']
[2022-07-05 10:22:00,251] {taskinstance.py:1400} INFO - Marking task as SUCCESS. dag_id=branch_operator_trigger_rules, task_id=branching, execution_date=20220705T102157, start_date=20220705T102159, end_date=20220705T102200
[2022-07-05 10:22:00,283] {local_task_job.py:156} INFO - Task exited with return code 0
[2022-07-05 10:22:00,367] {local_task_job.py:273} INFO - 1 downstream tasks scheduled from follow-on schedule check
