[2022-07-04 09:45:11,449] {taskinstance.py:1159} INFO - Dependencies all met for <TaskInstance: example_bash_operator.run_after_loop scheduled__2022-07-03T00:00:00+00:00 [queued]>
[2022-07-04 09:45:11,482] {taskinstance.py:1159} INFO - Dependencies all met for <TaskInstance: example_bash_operator.run_after_loop scheduled__2022-07-03T00:00:00+00:00 [queued]>
[2022-07-04 09:45:11,483] {taskinstance.py:1356} INFO - 
--------------------------------------------------------------------------------
[2022-07-04 09:45:11,484] {taskinstance.py:1357} INFO - Starting attempt 1 of 1
[2022-07-04 09:45:11,487] {taskinstance.py:1358} INFO - 
--------------------------------------------------------------------------------
[2022-07-04 09:45:11,552] {taskinstance.py:1377} INFO - Executing <Task(BashOperator): run_after_loop> on 2022-07-03 00:00:00+00:00
[2022-07-04 09:45:11,559] {standard_task_runner.py:52} INFO - Started process 162 to run task
[2022-07-04 09:45:11,563] {standard_task_runner.py:79} INFO - Running: ['***', 'tasks', 'run', 'example_bash_operator', 'run_after_loop', 'scheduled__2022-07-03T00:00:00+00:00', '--job-id', '8', '--raw', '--subdir', '/home/***/.local/lib/python3.7/site-packages/***/example_dags/example_bash_operator.py', '--cfg-path', '/tmp/tmpl603x16y', '--error-file', '/tmp/tmpxz6lm22f']
[2022-07-04 09:45:11,563] {standard_task_runner.py:80} INFO - Job 8: Subtask run_after_loop
[2022-07-04 09:45:11,689] {task_command.py:370} INFO - Running <TaskInstance: example_bash_operator.run_after_loop scheduled__2022-07-03T00:00:00+00:00 [running]> on host b631230cc7b5
[2022-07-04 09:45:11,911] {taskinstance.py:1571} INFO - Exporting the following env vars:
AIRFLOW_CTX_DAG_OWNER=***
AIRFLOW_CTX_DAG_ID=example_bash_operator
AIRFLOW_CTX_TASK_ID=run_after_loop
AIRFLOW_CTX_EXECUTION_DATE=2022-07-03T00:00:00+00:00
AIRFLOW_CTX_TRY_NUMBER=1
AIRFLOW_CTX_DAG_RUN_ID=scheduled__2022-07-03T00:00:00+00:00
[2022-07-04 09:45:11,912] {subprocess.py:62} INFO - Tmp dir root location: 
 /tmp
[2022-07-04 09:45:11,913] {subprocess.py:74} INFO - Running command: ['bash', '-c', 'echo 1']
[2022-07-04 09:45:11,927] {subprocess.py:85} INFO - Output:
[2022-07-04 09:45:11,941] {subprocess.py:92} INFO - 1
[2022-07-04 09:45:11,942] {subprocess.py:96} INFO - Command exited with return code 0
[2022-07-04 09:45:12,009] {taskinstance.py:1400} INFO - Marking task as SUCCESS. dag_id=example_bash_operator, task_id=run_after_loop, execution_date=20220703T000000, start_date=20220704T094511, end_date=20220704T094512
[2022-07-04 09:45:12,073] {local_task_job.py:156} INFO - Task exited with return code 0
[2022-07-04 09:45:12,135] {local_task_job.py:273} INFO - 0 downstream tasks scheduled from follow-on schedule check
