[2022-07-05 04:55:52,905] {taskinstance.py:1159} INFO - Dependencies all met for <TaskInstance: parallel_dag.extract_a scheduled__2022-01-05T00:00:00+00:00 [queued]>
[2022-07-05 04:55:53,141] {taskinstance.py:1159} INFO - Dependencies all met for <TaskInstance: parallel_dag.extract_a scheduled__2022-01-05T00:00:00+00:00 [queued]>
[2022-07-05 04:55:53,146] {taskinstance.py:1356} INFO - 
--------------------------------------------------------------------------------
[2022-07-05 04:55:53,148] {taskinstance.py:1357} INFO - Starting attempt 1 of 1
[2022-07-05 04:55:53,150] {taskinstance.py:1358} INFO - 
--------------------------------------------------------------------------------
[2022-07-05 04:55:53,469] {taskinstance.py:1377} INFO - Executing <Task(BashOperator): extract_a> on 2022-01-05 00:00:00+00:00
[2022-07-05 04:55:53,536] {standard_task_runner.py:52} INFO - Started process 458 to run task
[2022-07-05 04:55:53,590] {standard_task_runner.py:79} INFO - Running: ['***', 'tasks', 'run', 'parallel_dag', 'extract_a', 'scheduled__2022-01-05T00:00:00+00:00', '--job-id', '27', '--raw', '--subdir', 'DAGS_FOLDER/parallel_dag.py', '--cfg-path', '/tmp/tmp5vgvjnem', '--error-file', '/tmp/tmpw9rpjddu']
[2022-07-05 04:55:53,633] {standard_task_runner.py:80} INFO - Job 27: Subtask extract_a
[2022-07-05 04:55:54,236] {task_command.py:370} INFO - Running <TaskInstance: parallel_dag.extract_a scheduled__2022-01-05T00:00:00+00:00 [running]> on host dfb99dfc9d64
[2022-07-05 04:55:55,608] {taskinstance.py:1571} INFO - Exporting the following env vars:
AIRFLOW_CTX_DAG_OWNER=***
AIRFLOW_CTX_DAG_ID=parallel_dag
AIRFLOW_CTX_TASK_ID=extract_a
AIRFLOW_CTX_EXECUTION_DATE=2022-01-05T00:00:00+00:00
AIRFLOW_CTX_TRY_NUMBER=1
AIRFLOW_CTX_DAG_RUN_ID=scheduled__2022-01-05T00:00:00+00:00
[2022-07-05 04:55:55,611] {subprocess.py:62} INFO - Tmp dir root location: 
 /tmp
[2022-07-05 04:55:55,622] {subprocess.py:74} INFO - Running command: ['bash', '-c', 'sleep 1']
[2022-07-05 04:55:55,730] {subprocess.py:85} INFO - Output:
[2022-07-05 04:55:56,793] {subprocess.py:96} INFO - Command exited with return code 0
[2022-07-05 04:55:58,019] {taskinstance.py:1400} INFO - Marking task as SUCCESS. dag_id=parallel_dag, task_id=extract_a, execution_date=20220105T000000, start_date=20220705T045552, end_date=20220705T045558
[2022-07-05 04:55:58,393] {local_task_job.py:156} INFO - Task exited with return code 0
[2022-07-05 04:56:00,121] {local_task_job.py:273} INFO - 1 downstream tasks scheduled from follow-on schedule check
