[2022-07-31 04:35:45,809] {processor.py:153} INFO - Started process (PID=79) to work on /opt/airflow/dags/trigger_dag_run/controller_dag.py
[2022-07-31 04:35:45,852] {processor.py:641} INFO - Processing file /opt/airflow/dags/trigger_dag_run/controller_dag.py for tasks to queue
[2022-07-31 04:35:45,855] {logging_mixin.py:115} INFO - [2022-07-31 04:35:45,855] {dagbag.py:507} INFO - Filling up the DagBag from /opt/airflow/dags/trigger_dag_run/controller_dag.py
[2022-07-31 04:35:45,889] {processor.py:651} INFO - DAG(s) dict_keys(['triggerdagop_controller_dag']) retrieved from /opt/airflow/dags/trigger_dag_run/controller_dag.py
[2022-07-31 04:35:46,430] {logging_mixin.py:115} INFO - [2022-07-31 04:35:46,430] {dag.py:2379} INFO - Sync 1 DAGs
[2022-07-31 04:35:46,595] {logging_mixin.py:115} INFO - [2022-07-31 04:35:46,595] {dag.py:2931} INFO - Setting next_dagrun for triggerdagop_controller_dag to 2022-07-30T00:00:00+00:00, run_after=2022-07-31T00:00:00+00:00
[2022-07-31 04:35:47,922] {processor.py:161} INFO - Processing /opt/airflow/dags/trigger_dag_run/controller_dag.py took 2.123 seconds
[2022-07-31 04:36:18,694] {processor.py:153} INFO - Started process (PID=153) to work on /opt/airflow/dags/trigger_dag_run/controller_dag.py
[2022-07-31 04:36:18,696] {processor.py:641} INFO - Processing file /opt/airflow/dags/trigger_dag_run/controller_dag.py for tasks to queue
[2022-07-31 04:36:18,698] {logging_mixin.py:115} INFO - [2022-07-31 04:36:18,698] {dagbag.py:507} INFO - Filling up the DagBag from /opt/airflow/dags/trigger_dag_run/controller_dag.py
[2022-07-31 04:36:18,707] {processor.py:651} INFO - DAG(s) dict_keys(['triggerdagop_controller_dag']) retrieved from /opt/airflow/dags/trigger_dag_run/controller_dag.py
[2022-07-31 04:36:18,741] {logging_mixin.py:115} INFO - [2022-07-31 04:36:18,741] {dag.py:2379} INFO - Sync 1 DAGs
[2022-07-31 04:36:18,778] {logging_mixin.py:115} INFO - [2022-07-31 04:36:18,778] {dag.py:2931} INFO - Setting next_dagrun for triggerdagop_controller_dag to 2022-07-30T00:00:00+00:00, run_after=2022-07-31T00:00:00+00:00
[2022-07-31 04:36:18,796] {processor.py:161} INFO - Processing /opt/airflow/dags/trigger_dag_run/controller_dag.py took 0.106 seconds
[2022-07-31 04:36:49,635] {processor.py:153} INFO - Started process (PID=226) to work on /opt/airflow/dags/trigger_dag_run/controller_dag.py
[2022-07-31 04:36:49,638] {processor.py:641} INFO - Processing file /opt/airflow/dags/trigger_dag_run/controller_dag.py for tasks to queue
[2022-07-31 04:36:49,641] {logging_mixin.py:115} INFO - [2022-07-31 04:36:49,641] {dagbag.py:507} INFO - Filling up the DagBag from /opt/airflow/dags/trigger_dag_run/controller_dag.py
[2022-07-31 04:36:49,654] {processor.py:651} INFO - DAG(s) dict_keys(['triggerdagop_controller_dag']) retrieved from /opt/airflow/dags/trigger_dag_run/controller_dag.py
[2022-07-31 04:36:49,762] {logging_mixin.py:115} INFO - [2022-07-31 04:36:49,762] {dag.py:2379} INFO - Sync 1 DAGs
[2022-07-31 04:36:49,815] {logging_mixin.py:115} INFO - [2022-07-31 04:36:49,814] {dag.py:2931} INFO - Setting next_dagrun for triggerdagop_controller_dag to 2022-07-30T00:00:00+00:00, run_after=2022-07-31T00:00:00+00:00
[2022-07-31 04:36:49,847] {processor.py:161} INFO - Processing /opt/airflow/dags/trigger_dag_run/controller_dag.py took 0.225 seconds
[2022-07-31 04:37:20,611] {processor.py:153} INFO - Started process (PID=301) to work on /opt/airflow/dags/trigger_dag_run/controller_dag.py
[2022-07-31 04:37:20,612] {processor.py:641} INFO - Processing file /opt/airflow/dags/trigger_dag_run/controller_dag.py for tasks to queue
[2022-07-31 04:37:20,615] {logging_mixin.py:115} INFO - [2022-07-31 04:37:20,615] {dagbag.py:507} INFO - Filling up the DagBag from /opt/airflow/dags/trigger_dag_run/controller_dag.py
[2022-07-31 04:37:20,640] {processor.py:651} INFO - DAG(s) dict_keys(['triggerdagop_controller_dag']) retrieved from /opt/airflow/dags/trigger_dag_run/controller_dag.py
[2022-07-31 04:37:20,748] {logging_mixin.py:115} INFO - [2022-07-31 04:37:20,748] {dag.py:2379} INFO - Sync 1 DAGs
[2022-07-31 04:37:20,947] {logging_mixin.py:115} INFO - [2022-07-31 04:37:20,947] {dag.py:2931} INFO - Setting next_dagrun for triggerdagop_controller_dag to 2022-07-30T00:00:00+00:00, run_after=2022-07-31T00:00:00+00:00
[2022-07-31 04:37:21,004] {processor.py:161} INFO - Processing /opt/airflow/dags/trigger_dag_run/controller_dag.py took 0.415 seconds
[2022-07-31 04:37:51,721] {processor.py:153} INFO - Started process (PID=384) to work on /opt/airflow/dags/trigger_dag_run/controller_dag.py
[2022-07-31 04:37:51,723] {processor.py:641} INFO - Processing file /opt/airflow/dags/trigger_dag_run/controller_dag.py for tasks to queue
[2022-07-31 04:37:51,724] {logging_mixin.py:115} INFO - [2022-07-31 04:37:51,723] {dagbag.py:507} INFO - Filling up the DagBag from /opt/airflow/dags/trigger_dag_run/controller_dag.py
[2022-07-31 04:37:51,734] {processor.py:651} INFO - DAG(s) dict_keys(['triggerdagop_controller_dag']) retrieved from /opt/airflow/dags/trigger_dag_run/controller_dag.py
[2022-07-31 04:37:51,777] {logging_mixin.py:115} INFO - [2022-07-31 04:37:51,777] {dag.py:2379} INFO - Sync 1 DAGs
[2022-07-31 04:37:51,826] {logging_mixin.py:115} INFO - [2022-07-31 04:37:51,826] {dag.py:2931} INFO - Setting next_dagrun for triggerdagop_controller_dag to 2022-07-30T00:00:00+00:00, run_after=2022-07-31T00:00:00+00:00
[2022-07-31 04:37:51,849] {processor.py:161} INFO - Processing /opt/airflow/dags/trigger_dag_run/controller_dag.py took 0.133 seconds
[2022-07-31 04:38:22,026] {processor.py:153} INFO - Started process (PID=455) to work on /opt/airflow/dags/trigger_dag_run/controller_dag.py
[2022-07-31 04:38:22,028] {processor.py:641} INFO - Processing file /opt/airflow/dags/trigger_dag_run/controller_dag.py for tasks to queue
[2022-07-31 04:38:22,030] {logging_mixin.py:115} INFO - [2022-07-31 04:38:22,030] {dagbag.py:507} INFO - Filling up the DagBag from /opt/airflow/dags/trigger_dag_run/controller_dag.py
[2022-07-31 04:38:22,041] {processor.py:651} INFO - DAG(s) dict_keys(['triggerdagop_controller_dag']) retrieved from /opt/airflow/dags/trigger_dag_run/controller_dag.py
[2022-07-31 04:38:22,077] {logging_mixin.py:115} INFO - [2022-07-31 04:38:22,077] {dag.py:2379} INFO - Sync 1 DAGs
[2022-07-31 04:38:22,111] {logging_mixin.py:115} INFO - [2022-07-31 04:38:22,111] {dag.py:2931} INFO - Setting next_dagrun for triggerdagop_controller_dag to 2022-07-30T00:00:00+00:00, run_after=2022-07-31T00:00:00+00:00
[2022-07-31 04:38:22,126] {processor.py:161} INFO - Processing /opt/airflow/dags/trigger_dag_run/controller_dag.py took 0.104 seconds
[2022-07-31 04:38:52,627] {processor.py:153} INFO - Started process (PID=536) to work on /opt/airflow/dags/trigger_dag_run/controller_dag.py
[2022-07-31 04:38:52,630] {processor.py:641} INFO - Processing file /opt/airflow/dags/trigger_dag_run/controller_dag.py for tasks to queue
[2022-07-31 04:38:52,631] {logging_mixin.py:115} INFO - [2022-07-31 04:38:52,631] {dagbag.py:507} INFO - Filling up the DagBag from /opt/airflow/dags/trigger_dag_run/controller_dag.py
[2022-07-31 04:38:52,640] {processor.py:651} INFO - DAG(s) dict_keys(['triggerdagop_controller_dag']) retrieved from /opt/airflow/dags/trigger_dag_run/controller_dag.py
[2022-07-31 04:38:52,674] {logging_mixin.py:115} INFO - [2022-07-31 04:38:52,674] {dag.py:2379} INFO - Sync 1 DAGs
[2022-07-31 04:38:52,711] {logging_mixin.py:115} INFO - [2022-07-31 04:38:52,711] {dag.py:2931} INFO - Setting next_dagrun for triggerdagop_controller_dag to 2022-07-30T00:00:00+00:00, run_after=2022-07-31T00:00:00+00:00
[2022-07-31 04:38:52,728] {processor.py:161} INFO - Processing /opt/airflow/dags/trigger_dag_run/controller_dag.py took 0.105 seconds
[2022-07-31 04:39:22,805] {processor.py:153} INFO - Started process (PID=608) to work on /opt/airflow/dags/trigger_dag_run/controller_dag.py
[2022-07-31 04:39:22,806] {processor.py:641} INFO - Processing file /opt/airflow/dags/trigger_dag_run/controller_dag.py for tasks to queue
[2022-07-31 04:39:22,807] {logging_mixin.py:115} INFO - [2022-07-31 04:39:22,807] {dagbag.py:507} INFO - Filling up the DagBag from /opt/airflow/dags/trigger_dag_run/controller_dag.py
[2022-07-31 04:39:22,822] {processor.py:651} INFO - DAG(s) dict_keys(['triggerdagop_controller_dag']) retrieved from /opt/airflow/dags/trigger_dag_run/controller_dag.py
[2022-07-31 04:39:22,870] {logging_mixin.py:115} INFO - [2022-07-31 04:39:22,870] {dag.py:2379} INFO - Sync 1 DAGs
[2022-07-31 04:39:22,910] {logging_mixin.py:115} INFO - [2022-07-31 04:39:22,910] {dag.py:2931} INFO - Setting next_dagrun for triggerdagop_controller_dag to 2022-07-30T00:00:00+00:00, run_after=2022-07-31T00:00:00+00:00
[2022-07-31 04:39:22,926] {processor.py:161} INFO - Processing /opt/airflow/dags/trigger_dag_run/controller_dag.py took 0.126 seconds
[2022-07-31 04:39:53,054] {processor.py:153} INFO - Started process (PID=680) to work on /opt/airflow/dags/trigger_dag_run/controller_dag.py
[2022-07-31 04:39:53,054] {processor.py:641} INFO - Processing file /opt/airflow/dags/trigger_dag_run/controller_dag.py for tasks to queue
[2022-07-31 04:39:53,055] {logging_mixin.py:115} INFO - [2022-07-31 04:39:53,055] {dagbag.py:507} INFO - Filling up the DagBag from /opt/airflow/dags/trigger_dag_run/controller_dag.py
[2022-07-31 04:39:53,083] {processor.py:651} INFO - DAG(s) dict_keys(['triggerdagop_controller_dag']) retrieved from /opt/airflow/dags/trigger_dag_run/controller_dag.py
[2022-07-31 04:39:53,178] {logging_mixin.py:115} INFO - [2022-07-31 04:39:53,178] {dag.py:2379} INFO - Sync 1 DAGs
[2022-07-31 04:39:53,264] {logging_mixin.py:115} INFO - [2022-07-31 04:39:53,264] {dag.py:2931} INFO - Setting next_dagrun for triggerdagop_controller_dag to 2022-07-30T00:00:00+00:00, run_after=2022-07-31T00:00:00+00:00
[2022-07-31 04:39:53,350] {processor.py:161} INFO - Processing /opt/airflow/dags/trigger_dag_run/controller_dag.py took 0.301 seconds
[2022-07-31 04:40:24,172] {processor.py:153} INFO - Started process (PID=761) to work on /opt/airflow/dags/trigger_dag_run/controller_dag.py
[2022-07-31 04:40:24,198] {processor.py:641} INFO - Processing file /opt/airflow/dags/trigger_dag_run/controller_dag.py for tasks to queue
[2022-07-31 04:40:24,200] {logging_mixin.py:115} INFO - [2022-07-31 04:40:24,200] {dagbag.py:507} INFO - Filling up the DagBag from /opt/airflow/dags/trigger_dag_run/controller_dag.py
[2022-07-31 04:40:24,211] {processor.py:651} INFO - DAG(s) dict_keys(['triggerdagop_controller_dag']) retrieved from /opt/airflow/dags/trigger_dag_run/controller_dag.py
[2022-07-31 04:40:24,254] {logging_mixin.py:115} INFO - [2022-07-31 04:40:24,254] {dag.py:2379} INFO - Sync 1 DAGs
[2022-07-31 04:40:24,295] {logging_mixin.py:115} INFO - [2022-07-31 04:40:24,294] {dag.py:2931} INFO - Setting next_dagrun for triggerdagop_controller_dag to 2022-07-30T00:00:00+00:00, run_after=2022-07-31T00:00:00+00:00
[2022-07-31 04:40:24,324] {processor.py:161} INFO - Processing /opt/airflow/dags/trigger_dag_run/controller_dag.py took 0.156 seconds
[2022-07-31 04:40:54,406] {processor.py:153} INFO - Started process (PID=833) to work on /opt/airflow/dags/trigger_dag_run/controller_dag.py
[2022-07-31 04:40:54,408] {processor.py:641} INFO - Processing file /opt/airflow/dags/trigger_dag_run/controller_dag.py for tasks to queue
[2022-07-31 04:40:54,409] {logging_mixin.py:115} INFO - [2022-07-31 04:40:54,409] {dagbag.py:507} INFO - Filling up the DagBag from /opt/airflow/dags/trigger_dag_run/controller_dag.py
[2022-07-31 04:40:54,455] {processor.py:651} INFO - DAG(s) dict_keys(['triggerdagop_controller_dag']) retrieved from /opt/airflow/dags/trigger_dag_run/controller_dag.py
[2022-07-31 04:40:54,588] {logging_mixin.py:115} INFO - [2022-07-31 04:40:54,588] {dag.py:2379} INFO - Sync 1 DAGs
[2022-07-31 04:40:54,695] {logging_mixin.py:115} INFO - [2022-07-31 04:40:54,695] {dag.py:2931} INFO - Setting next_dagrun for triggerdagop_controller_dag to 2022-07-30T00:00:00+00:00, run_after=2022-07-31T00:00:00+00:00
[2022-07-31 04:40:54,735] {processor.py:161} INFO - Processing /opt/airflow/dags/trigger_dag_run/controller_dag.py took 0.341 seconds
[2022-07-31 04:41:24,930] {processor.py:153} INFO - Started process (PID=919) to work on /opt/airflow/dags/trigger_dag_run/controller_dag.py
[2022-07-31 04:41:24,939] {processor.py:641} INFO - Processing file /opt/airflow/dags/trigger_dag_run/controller_dag.py for tasks to queue
[2022-07-31 04:41:24,940] {logging_mixin.py:115} INFO - [2022-07-31 04:41:24,940] {dagbag.py:507} INFO - Filling up the DagBag from /opt/airflow/dags/trigger_dag_run/controller_dag.py
[2022-07-31 04:41:24,949] {processor.py:651} INFO - DAG(s) dict_keys(['triggerdagop_controller_dag']) retrieved from /opt/airflow/dags/trigger_dag_run/controller_dag.py
[2022-07-31 04:41:25,025] {logging_mixin.py:115} INFO - [2022-07-31 04:41:25,025] {dag.py:2379} INFO - Sync 1 DAGs
[2022-07-31 04:41:25,105] {logging_mixin.py:115} INFO - [2022-07-31 04:41:25,105] {dag.py:2931} INFO - Setting next_dagrun for triggerdagop_controller_dag to 2022-07-30T00:00:00+00:00, run_after=2022-07-31T00:00:00+00:00
[2022-07-31 04:41:25,135] {processor.py:161} INFO - Processing /opt/airflow/dags/trigger_dag_run/controller_dag.py took 0.212 seconds
[2022-07-31 04:41:55,503] {processor.py:153} INFO - Started process (PID=993) to work on /opt/airflow/dags/trigger_dag_run/controller_dag.py
[2022-07-31 04:41:55,503] {processor.py:641} INFO - Processing file /opt/airflow/dags/trigger_dag_run/controller_dag.py for tasks to queue
[2022-07-31 04:41:55,504] {logging_mixin.py:115} INFO - [2022-07-31 04:41:55,504] {dagbag.py:507} INFO - Filling up the DagBag from /opt/airflow/dags/trigger_dag_run/controller_dag.py
[2022-07-31 04:41:55,515] {processor.py:651} INFO - DAG(s) dict_keys(['triggerdagop_controller_dag']) retrieved from /opt/airflow/dags/trigger_dag_run/controller_dag.py
[2022-07-31 04:41:55,561] {logging_mixin.py:115} INFO - [2022-07-31 04:41:55,561] {dag.py:2379} INFO - Sync 1 DAGs
[2022-07-31 04:41:55,598] {logging_mixin.py:115} INFO - [2022-07-31 04:41:55,597] {dag.py:2931} INFO - Setting next_dagrun for triggerdagop_controller_dag to 2022-07-30T00:00:00+00:00, run_after=2022-07-31T00:00:00+00:00
[2022-07-31 04:41:55,614] {processor.py:161} INFO - Processing /opt/airflow/dags/trigger_dag_run/controller_dag.py took 0.116 seconds
[2022-07-31 04:42:25,645] {processor.py:153} INFO - Started process (PID=1072) to work on /opt/airflow/dags/trigger_dag_run/controller_dag.py
[2022-07-31 04:42:25,646] {processor.py:641} INFO - Processing file /opt/airflow/dags/trigger_dag_run/controller_dag.py for tasks to queue
[2022-07-31 04:42:25,647] {logging_mixin.py:115} INFO - [2022-07-31 04:42:25,647] {dagbag.py:507} INFO - Filling up the DagBag from /opt/airflow/dags/trigger_dag_run/controller_dag.py
[2022-07-31 04:42:25,655] {processor.py:651} INFO - DAG(s) dict_keys(['triggerdagop_controller_dag']) retrieved from /opt/airflow/dags/trigger_dag_run/controller_dag.py
[2022-07-31 04:42:25,687] {logging_mixin.py:115} INFO - [2022-07-31 04:42:25,687] {dag.py:2379} INFO - Sync 1 DAGs
[2022-07-31 04:42:25,720] {logging_mixin.py:115} INFO - [2022-07-31 04:42:25,720] {dag.py:2931} INFO - Setting next_dagrun for triggerdagop_controller_dag to 2022-07-30T00:00:00+00:00, run_after=2022-07-31T00:00:00+00:00
[2022-07-31 04:42:25,736] {processor.py:161} INFO - Processing /opt/airflow/dags/trigger_dag_run/controller_dag.py took 0.095 seconds
[2022-07-31 04:42:56,262] {processor.py:153} INFO - Started process (PID=1148) to work on /opt/airflow/dags/trigger_dag_run/controller_dag.py
[2022-07-31 04:42:56,264] {processor.py:641} INFO - Processing file /opt/airflow/dags/trigger_dag_run/controller_dag.py for tasks to queue
[2022-07-31 04:42:56,265] {logging_mixin.py:115} INFO - [2022-07-31 04:42:56,265] {dagbag.py:507} INFO - Filling up the DagBag from /opt/airflow/dags/trigger_dag_run/controller_dag.py
[2022-07-31 04:42:56,277] {processor.py:651} INFO - DAG(s) dict_keys(['triggerdagop_controller_dag']) retrieved from /opt/airflow/dags/trigger_dag_run/controller_dag.py
[2022-07-31 04:42:56,315] {logging_mixin.py:115} INFO - [2022-07-31 04:42:56,314] {dag.py:2379} INFO - Sync 1 DAGs
[2022-07-31 04:42:56,354] {logging_mixin.py:115} INFO - [2022-07-31 04:42:56,354] {dag.py:2931} INFO - Setting next_dagrun for triggerdagop_controller_dag to 2022-07-30T00:00:00+00:00, run_after=2022-07-31T00:00:00+00:00
[2022-07-31 04:42:56,374] {processor.py:161} INFO - Processing /opt/airflow/dags/trigger_dag_run/controller_dag.py took 0.117 seconds
