[2022-07-05 09:53:06,187] {taskinstance.py:1159} INFO - Dependencies all met for <TaskInstance: week_branch_operator.branch_week_choice manual__2022-07-05T09:53:05.358761+00:00 [queued]>
[2022-07-05 09:53:06,209] {taskinstance.py:1159} INFO - Dependencies all met for <TaskInstance: week_branch_operator.branch_week_choice manual__2022-07-05T09:53:05.358761+00:00 [queued]>
[2022-07-05 09:53:06,209] {taskinstance.py:1356} INFO - 
--------------------------------------------------------------------------------
[2022-07-05 09:53:06,209] {taskinstance.py:1357} INFO - Starting attempt 1 of 1
[2022-07-05 09:53:06,209] {taskinstance.py:1358} INFO - 
--------------------------------------------------------------------------------
[2022-07-05 09:53:06,251] {taskinstance.py:1377} INFO - Executing <Task(BranchDayOfWeekOperator): branch_week_choice> on 2022-07-05 09:53:05.358761+00:00
[2022-07-05 09:53:06,257] {standard_task_runner.py:52} INFO - Started process 1444 to run task
[2022-07-05 09:53:06,268] {standard_task_runner.py:79} INFO - Running: ['***', 'tasks', 'run', 'week_branch_operator', 'branch_week_choice', 'manual__2022-07-05T09:53:05.358761+00:00', '--job-id', '139', '--raw', '--subdir', 'DAGS_FOLDER/branch_week_operator.py', '--cfg-path', '/tmp/tmpi8ah3mds', '--error-file', '/tmp/tmpue_b58rd']
[2022-07-05 09:53:06,269] {standard_task_runner.py:80} INFO - Job 139: Subtask branch_week_choice
[2022-07-05 09:53:06,413] {task_command.py:370} INFO - Running <TaskInstance: week_branch_operator.branch_week_choice manual__2022-07-05T09:53:05.358761+00:00 [running]> on host dfb99dfc9d64
[2022-07-05 09:53:06,623] {taskinstance.py:1571} INFO - Exporting the following env vars:
AIRFLOW_CTX_DAG_OWNER=***
AIRFLOW_CTX_DAG_ID=week_branch_operator
AIRFLOW_CTX_TASK_ID=branch_week_choice
AIRFLOW_CTX_EXECUTION_DATE=2022-07-05T09:53:05.358761+00:00
AIRFLOW_CTX_TRY_NUMBER=1
AIRFLOW_CTX_DAG_RUN_ID=manual__2022-07-05T09:53:05.358761+00:00
[2022-07-05 09:53:06,625] {skipmixin.py:140} INFO - Following branch branch_others
[2022-07-05 09:53:06,626] {skipmixin.py:175} INFO - Skipping tasks ['branch_monday']
[2022-07-05 09:53:06,726] {taskinstance.py:1400} INFO - Marking task as SUCCESS. dag_id=week_branch_operator, task_id=branch_week_choice, execution_date=20220705T095305, start_date=20220705T095306, end_date=20220705T095306
[2022-07-05 09:53:06,789] {local_task_job.py:156} INFO - Task exited with return code 0
[2022-07-05 09:53:06,910] {local_task_job.py:273} INFO - 1 downstream tasks scheduled from follow-on schedule check
