[2022-07-30 16:39:55,469] {processor.py:153} INFO - Started process (PID=117) to work on /opt/airflow/dags/assignment_solution/assignment1.py
[2022-07-30 16:39:55,484] {processor.py:641} INFO - Processing file /opt/airflow/dags/assignment_solution/assignment1.py for tasks to queue
[2022-07-30 16:39:55,485] {logging_mixin.py:115} INFO - [2022-07-30 16:39:55,484] {dagbag.py:507} INFO - Filling up the DagBag from /opt/airflow/dags/assignment_solution/assignment1.py
[2022-07-30 16:39:55,531] {processor.py:651} INFO - DAG(s) dict_keys(['assignment_solution']) retrieved from /opt/airflow/dags/assignment_solution/assignment1.py
[2022-07-30 16:39:56,267] {logging_mixin.py:115} INFO - [2022-07-30 16:39:56,267] {manager.py:508} INFO - Created Permission View: can read on DAG:assignment_solution
[2022-07-30 16:39:56,319] {logging_mixin.py:115} INFO - [2022-07-30 16:39:56,318] {manager.py:508} INFO - Created Permission View: can delete on DAG:assignment_solution
[2022-07-30 16:39:56,331] {logging_mixin.py:115} INFO - [2022-07-30 16:39:56,331] {manager.py:508} INFO - Created Permission View: can edit on DAG:assignment_solution
[2022-07-30 16:39:56,331] {logging_mixin.py:115} INFO - [2022-07-30 16:39:56,331] {dag.py:2379} INFO - Sync 1 DAGs
[2022-07-30 16:39:56,364] {logging_mixin.py:115} INFO - [2022-07-30 16:39:56,364] {dag.py:2398} INFO - Creating ORM DAG for assignment_solution
[2022-07-30 16:39:56,382] {logging_mixin.py:115} INFO - [2022-07-30 16:39:56,382] {dag.py:2931} INFO - Setting next_dagrun for assignment_solution to 2022-07-29T00:00:00+00:00, run_after=2022-07-30T00:00:00+00:00
[2022-07-30 16:39:56,409] {processor.py:161} INFO - Processing /opt/airflow/dags/assignment_solution/assignment1.py took 0.944 seconds
[2022-07-30 16:40:26,492] {processor.py:153} INFO - Started process (PID=188) to work on /opt/airflow/dags/assignment_solution/assignment1.py
[2022-07-30 16:40:26,494] {processor.py:641} INFO - Processing file /opt/airflow/dags/assignment_solution/assignment1.py for tasks to queue
[2022-07-30 16:40:26,497] {logging_mixin.py:115} INFO - [2022-07-30 16:40:26,497] {dagbag.py:507} INFO - Filling up the DagBag from /opt/airflow/dags/assignment_solution/assignment1.py
[2022-07-30 16:40:26,544] {processor.py:651} INFO - DAG(s) dict_keys(['assignment_solution']) retrieved from /opt/airflow/dags/assignment_solution/assignment1.py
[2022-07-30 16:40:26,603] {logging_mixin.py:115} INFO - [2022-07-30 16:40:26,603] {dag.py:2379} INFO - Sync 1 DAGs
[2022-07-30 16:40:26,673] {logging_mixin.py:115} INFO - [2022-07-30 16:40:26,672] {dag.py:2931} INFO - Setting next_dagrun for assignment_solution to 2022-07-29T00:00:00+00:00, run_after=2022-07-30T00:00:00+00:00
[2022-07-30 16:40:27,094] {processor.py:161} INFO - Processing /opt/airflow/dags/assignment_solution/assignment1.py took 0.606 seconds
[2022-07-30 16:40:57,714] {processor.py:153} INFO - Started process (PID=259) to work on /opt/airflow/dags/assignment_solution/assignment1.py
[2022-07-30 16:40:57,721] {processor.py:641} INFO - Processing file /opt/airflow/dags/assignment_solution/assignment1.py for tasks to queue
[2022-07-30 16:40:57,722] {logging_mixin.py:115} INFO - [2022-07-30 16:40:57,722] {dagbag.py:507} INFO - Filling up the DagBag from /opt/airflow/dags/assignment_solution/assignment1.py
[2022-07-30 16:40:57,763] {processor.py:651} INFO - DAG(s) dict_keys(['assignment_solution']) retrieved from /opt/airflow/dags/assignment_solution/assignment1.py
[2022-07-30 16:40:57,826] {logging_mixin.py:115} INFO - [2022-07-30 16:40:57,826] {dag.py:2379} INFO - Sync 1 DAGs
[2022-07-30 16:40:57,865] {logging_mixin.py:115} INFO - [2022-07-30 16:40:57,865] {dag.py:2931} INFO - Setting next_dagrun for assignment_solution to 2022-07-29T00:00:00+00:00, run_after=2022-07-30T00:00:00+00:00
[2022-07-30 16:40:58,473] {processor.py:161} INFO - Processing /opt/airflow/dags/assignment_solution/assignment1.py took 0.766 seconds
[2022-07-30 16:41:28,530] {processor.py:153} INFO - Started process (PID=345) to work on /opt/airflow/dags/assignment_solution/assignment1.py
[2022-07-30 16:41:28,531] {processor.py:641} INFO - Processing file /opt/airflow/dags/assignment_solution/assignment1.py for tasks to queue
[2022-07-30 16:41:28,531] {logging_mixin.py:115} INFO - [2022-07-30 16:41:28,531] {dagbag.py:507} INFO - Filling up the DagBag from /opt/airflow/dags/assignment_solution/assignment1.py
[2022-07-30 16:41:28,545] {processor.py:651} INFO - DAG(s) dict_keys(['assignment_solution']) retrieved from /opt/airflow/dags/assignment_solution/assignment1.py
[2022-07-30 16:41:28,567] {logging_mixin.py:115} INFO - [2022-07-30 16:41:28,567] {dag.py:2379} INFO - Sync 1 DAGs
[2022-07-30 16:41:28,591] {logging_mixin.py:115} INFO - [2022-07-30 16:41:28,591] {dag.py:2931} INFO - Setting next_dagrun for assignment_solution to 2022-07-29T00:00:00+00:00, run_after=2022-07-30T00:00:00+00:00
[2022-07-30 16:41:28,734] {processor.py:161} INFO - Processing /opt/airflow/dags/assignment_solution/assignment1.py took 0.207 seconds
[2022-07-30 16:41:58,907] {processor.py:153} INFO - Started process (PID=423) to work on /opt/airflow/dags/assignment_solution/assignment1.py
[2022-07-30 16:41:58,913] {processor.py:641} INFO - Processing file /opt/airflow/dags/assignment_solution/assignment1.py for tasks to queue
[2022-07-30 16:41:58,914] {logging_mixin.py:115} INFO - [2022-07-30 16:41:58,914] {dagbag.py:507} INFO - Filling up the DagBag from /opt/airflow/dags/assignment_solution/assignment1.py
[2022-07-30 16:41:58,945] {processor.py:651} INFO - DAG(s) dict_keys(['assignment_solution']) retrieved from /opt/airflow/dags/assignment_solution/assignment1.py
[2022-07-30 16:41:58,978] {logging_mixin.py:115} INFO - [2022-07-30 16:41:58,978] {dag.py:2379} INFO - Sync 1 DAGs
[2022-07-30 16:41:59,013] {logging_mixin.py:115} INFO - [2022-07-30 16:41:59,013] {dag.py:2931} INFO - Setting next_dagrun for assignment_solution to 2022-07-29T00:00:00+00:00, run_after=2022-07-30T00:00:00+00:00
[2022-07-30 16:41:59,225] {processor.py:161} INFO - Processing /opt/airflow/dags/assignment_solution/assignment1.py took 0.322 seconds
[2022-07-30 16:42:29,335] {processor.py:153} INFO - Started process (PID=506) to work on /opt/airflow/dags/assignment_solution/assignment1.py
[2022-07-30 16:42:29,336] {processor.py:641} INFO - Processing file /opt/airflow/dags/assignment_solution/assignment1.py for tasks to queue
[2022-07-30 16:42:29,336] {logging_mixin.py:115} INFO - [2022-07-30 16:42:29,336] {dagbag.py:507} INFO - Filling up the DagBag from /opt/airflow/dags/assignment_solution/assignment1.py
[2022-07-30 16:42:29,358] {processor.py:651} INFO - DAG(s) dict_keys(['assignment_solution']) retrieved from /opt/airflow/dags/assignment_solution/assignment1.py
[2022-07-30 16:42:29,388] {logging_mixin.py:115} INFO - [2022-07-30 16:42:29,388] {dag.py:2379} INFO - Sync 1 DAGs
[2022-07-30 16:42:29,423] {logging_mixin.py:115} INFO - [2022-07-30 16:42:29,423] {dag.py:2931} INFO - Setting next_dagrun for assignment_solution to 2022-07-29T00:00:00+00:00, run_after=2022-07-30T00:00:00+00:00
[2022-07-30 16:42:29,591] {processor.py:161} INFO - Processing /opt/airflow/dags/assignment_solution/assignment1.py took 0.260 seconds
[2022-07-30 16:44:20,838] {processor.py:153} INFO - Started process (PID=95) to work on /opt/airflow/dags/assignment_solution/assignment1.py
[2022-07-30 16:44:20,844] {processor.py:641} INFO - Processing file /opt/airflow/dags/assignment_solution/assignment1.py for tasks to queue
[2022-07-30 16:44:20,844] {logging_mixin.py:115} INFO - [2022-07-30 16:44:20,844] {dagbag.py:507} INFO - Filling up the DagBag from /opt/airflow/dags/assignment_solution/assignment1.py
[2022-07-30 16:44:20,942] {processor.py:651} INFO - DAG(s) dict_keys(['assignment_solution']) retrieved from /opt/airflow/dags/assignment_solution/assignment1.py
[2022-07-30 16:44:21,096] {logging_mixin.py:115} INFO - [2022-07-30 16:44:21,096] {dag.py:2379} INFO - Sync 1 DAGs
[2022-07-30 16:44:21,225] {logging_mixin.py:115} INFO - [2022-07-30 16:44:21,225] {dag.py:2931} INFO - Setting next_dagrun for assignment_solution to 2022-07-29T00:00:00+00:00, run_after=2022-07-30T00:00:00+00:00
[2022-07-30 16:44:21,300] {processor.py:161} INFO - Processing /opt/airflow/dags/assignment_solution/assignment1.py took 0.482 seconds
[2022-07-30 16:44:51,840] {processor.py:153} INFO - Started process (PID=173) to work on /opt/airflow/dags/assignment_solution/assignment1.py
[2022-07-30 16:44:51,850] {processor.py:641} INFO - Processing file /opt/airflow/dags/assignment_solution/assignment1.py for tasks to queue
[2022-07-30 16:44:51,851] {logging_mixin.py:115} INFO - [2022-07-30 16:44:51,851] {dagbag.py:507} INFO - Filling up the DagBag from /opt/airflow/dags/assignment_solution/assignment1.py
[2022-07-30 16:44:51,906] {processor.py:651} INFO - DAG(s) dict_keys(['assignment_solution']) retrieved from /opt/airflow/dags/assignment_solution/assignment1.py
[2022-07-30 16:44:51,976] {logging_mixin.py:115} INFO - [2022-07-30 16:44:51,976] {dag.py:2379} INFO - Sync 1 DAGs
[2022-07-30 16:44:52,035] {logging_mixin.py:115} INFO - [2022-07-30 16:44:52,035] {dag.py:2931} INFO - Setting next_dagrun for assignment_solution to 2022-07-29T00:00:00+00:00, run_after=2022-07-30T00:00:00+00:00
[2022-07-30 16:44:52,066] {processor.py:161} INFO - Processing /opt/airflow/dags/assignment_solution/assignment1.py took 0.231 seconds
[2022-07-30 16:45:22,476] {processor.py:153} INFO - Started process (PID=247) to work on /opt/airflow/dags/assignment_solution/assignment1.py
[2022-07-30 16:45:22,477] {processor.py:641} INFO - Processing file /opt/airflow/dags/assignment_solution/assignment1.py for tasks to queue
[2022-07-30 16:45:22,478] {logging_mixin.py:115} INFO - [2022-07-30 16:45:22,478] {dagbag.py:507} INFO - Filling up the DagBag from /opt/airflow/dags/assignment_solution/assignment1.py
[2022-07-30 16:45:22,490] {processor.py:651} INFO - DAG(s) dict_keys(['assignment_solution']) retrieved from /opt/airflow/dags/assignment_solution/assignment1.py
[2022-07-30 16:45:22,513] {logging_mixin.py:115} INFO - [2022-07-30 16:45:22,513] {dag.py:2379} INFO - Sync 1 DAGs
[2022-07-30 16:45:22,540] {logging_mixin.py:115} INFO - [2022-07-30 16:45:22,540] {dag.py:2931} INFO - Setting next_dagrun for assignment_solution to 2022-07-29T00:00:00+00:00, run_after=2022-07-30T00:00:00+00:00
[2022-07-30 16:45:22,555] {processor.py:161} INFO - Processing /opt/airflow/dags/assignment_solution/assignment1.py took 0.082 seconds
[2022-07-30 16:45:53,012] {processor.py:153} INFO - Started process (PID=324) to work on /opt/airflow/dags/assignment_solution/assignment1.py
[2022-07-30 16:45:53,013] {processor.py:641} INFO - Processing file /opt/airflow/dags/assignment_solution/assignment1.py for tasks to queue
[2022-07-30 16:45:53,013] {logging_mixin.py:115} INFO - [2022-07-30 16:45:53,013] {dagbag.py:507} INFO - Filling up the DagBag from /opt/airflow/dags/assignment_solution/assignment1.py
[2022-07-30 16:45:53,028] {processor.py:651} INFO - DAG(s) dict_keys(['assignment_solution']) retrieved from /opt/airflow/dags/assignment_solution/assignment1.py
[2022-07-30 16:45:53,099] {logging_mixin.py:115} INFO - [2022-07-30 16:45:53,098] {dag.py:2379} INFO - Sync 1 DAGs
[2022-07-30 16:45:53,151] {logging_mixin.py:115} INFO - [2022-07-30 16:45:53,151] {dag.py:2931} INFO - Setting next_dagrun for assignment_solution to 2022-07-29T00:00:00+00:00, run_after=2022-07-30T00:00:00+00:00
[2022-07-30 16:45:53,165] {processor.py:161} INFO - Processing /opt/airflow/dags/assignment_solution/assignment1.py took 0.156 seconds
[2022-07-30 16:46:24,653] {processor.py:153} INFO - Started process (PID=405) to work on /opt/airflow/dags/assignment_solution/assignment1.py
[2022-07-30 16:46:24,654] {processor.py:641} INFO - Processing file /opt/airflow/dags/assignment_solution/assignment1.py for tasks to queue
[2022-07-30 16:46:24,655] {logging_mixin.py:115} INFO - [2022-07-30 16:46:24,655] {dagbag.py:507} INFO - Filling up the DagBag from /opt/airflow/dags/assignment_solution/assignment1.py
[2022-07-30 16:46:24,671] {processor.py:651} INFO - DAG(s) dict_keys(['assignment_solution']) retrieved from /opt/airflow/dags/assignment_solution/assignment1.py
[2022-07-30 16:46:24,705] {logging_mixin.py:115} INFO - [2022-07-30 16:46:24,705] {dag.py:2379} INFO - Sync 1 DAGs
[2022-07-30 16:46:24,736] {logging_mixin.py:115} INFO - [2022-07-30 16:46:24,735] {dag.py:2931} INFO - Setting next_dagrun for assignment_solution to 2022-07-29T00:00:00+00:00, run_after=2022-07-30T00:00:00+00:00
[2022-07-30 16:46:24,750] {processor.py:161} INFO - Processing /opt/airflow/dags/assignment_solution/assignment1.py took 0.100 seconds
[2022-07-30 16:46:55,565] {processor.py:153} INFO - Started process (PID=479) to work on /opt/airflow/dags/assignment_solution/assignment1.py
[2022-07-30 16:46:55,565] {processor.py:641} INFO - Processing file /opt/airflow/dags/assignment_solution/assignment1.py for tasks to queue
[2022-07-30 16:46:55,566] {logging_mixin.py:115} INFO - [2022-07-30 16:46:55,566] {dagbag.py:507} INFO - Filling up the DagBag from /opt/airflow/dags/assignment_solution/assignment1.py
[2022-07-30 16:46:55,584] {processor.py:651} INFO - DAG(s) dict_keys(['assignment_solution']) retrieved from /opt/airflow/dags/assignment_solution/assignment1.py
[2022-07-30 16:46:55,615] {logging_mixin.py:115} INFO - [2022-07-30 16:46:55,615] {dag.py:2379} INFO - Sync 1 DAGs
[2022-07-30 16:46:55,656] {logging_mixin.py:115} INFO - [2022-07-30 16:46:55,655] {dag.py:2931} INFO - Setting next_dagrun for assignment_solution to 2022-07-29T00:00:00+00:00, run_after=2022-07-30T00:00:00+00:00
[2022-07-30 16:46:55,689] {processor.py:161} INFO - Processing /opt/airflow/dags/assignment_solution/assignment1.py took 0.129 seconds
[2022-07-30 16:47:26,432] {processor.py:153} INFO - Started process (PID=558) to work on /opt/airflow/dags/assignment_solution/assignment1.py
[2022-07-30 16:47:26,437] {processor.py:641} INFO - Processing file /opt/airflow/dags/assignment_solution/assignment1.py for tasks to queue
[2022-07-30 16:47:26,438] {logging_mixin.py:115} INFO - [2022-07-30 16:47:26,438] {dagbag.py:507} INFO - Filling up the DagBag from /opt/airflow/dags/assignment_solution/assignment1.py
[2022-07-30 16:47:26,464] {processor.py:651} INFO - DAG(s) dict_keys(['assignment_solution']) retrieved from /opt/airflow/dags/assignment_solution/assignment1.py
[2022-07-30 16:47:26,504] {logging_mixin.py:115} INFO - [2022-07-30 16:47:26,504] {dag.py:2379} INFO - Sync 1 DAGs
[2022-07-30 16:47:26,536] {logging_mixin.py:115} INFO - [2022-07-30 16:47:26,536] {dag.py:2931} INFO - Setting next_dagrun for assignment_solution to 2022-07-29T00:00:00+00:00, run_after=2022-07-30T00:00:00+00:00
[2022-07-30 16:47:26,550] {processor.py:161} INFO - Processing /opt/airflow/dags/assignment_solution/assignment1.py took 0.126 seconds
[2022-07-30 16:47:56,684] {processor.py:153} INFO - Started process (PID=635) to work on /opt/airflow/dags/assignment_solution/assignment1.py
[2022-07-30 16:47:56,684] {processor.py:641} INFO - Processing file /opt/airflow/dags/assignment_solution/assignment1.py for tasks to queue
[2022-07-30 16:47:56,685] {logging_mixin.py:115} INFO - [2022-07-30 16:47:56,685] {dagbag.py:507} INFO - Filling up the DagBag from /opt/airflow/dags/assignment_solution/assignment1.py
[2022-07-30 16:47:56,704] {processor.py:651} INFO - DAG(s) dict_keys(['assignment_solution']) retrieved from /opt/airflow/dags/assignment_solution/assignment1.py
[2022-07-30 16:47:56,736] {logging_mixin.py:115} INFO - [2022-07-30 16:47:56,736] {dag.py:2379} INFO - Sync 1 DAGs
[2022-07-30 16:47:56,772] {logging_mixin.py:115} INFO - [2022-07-30 16:47:56,772] {dag.py:2931} INFO - Setting next_dagrun for assignment_solution to 2022-07-29T00:00:00+00:00, run_after=2022-07-30T00:00:00+00:00
[2022-07-30 16:47:56,790] {processor.py:161} INFO - Processing /opt/airflow/dags/assignment_solution/assignment1.py took 0.110 seconds
[2022-07-30 16:48:29,143] {processor.py:153} INFO - Started process (PID=721) to work on /opt/airflow/dags/assignment_solution/assignment1.py
[2022-07-30 16:48:29,148] {processor.py:641} INFO - Processing file /opt/airflow/dags/assignment_solution/assignment1.py for tasks to queue
[2022-07-30 16:48:29,148] {logging_mixin.py:115} INFO - [2022-07-30 16:48:29,148] {dagbag.py:507} INFO - Filling up the DagBag from /opt/airflow/dags/assignment_solution/assignment1.py
[2022-07-30 16:48:29,182] {processor.py:651} INFO - DAG(s) dict_keys(['assignment_solution']) retrieved from /opt/airflow/dags/assignment_solution/assignment1.py
[2022-07-30 16:48:29,240] {logging_mixin.py:115} INFO - [2022-07-30 16:48:29,240] {dag.py:2379} INFO - Sync 1 DAGs
[2022-07-30 16:48:29,307] {logging_mixin.py:115} INFO - [2022-07-30 16:48:29,307] {dag.py:2931} INFO - Setting next_dagrun for assignment_solution to 2022-07-29T00:00:00+00:00, run_after=2022-07-30T00:00:00+00:00
[2022-07-30 16:48:29,362] {processor.py:161} INFO - Processing /opt/airflow/dags/assignment_solution/assignment1.py took 0.227 seconds
[2022-07-30 16:48:59,852] {processor.py:153} INFO - Started process (PID=793) to work on /opt/airflow/dags/assignment_solution/assignment1.py
[2022-07-30 16:48:59,852] {processor.py:641} INFO - Processing file /opt/airflow/dags/assignment_solution/assignment1.py for tasks to queue
[2022-07-30 16:48:59,853] {logging_mixin.py:115} INFO - [2022-07-30 16:48:59,853] {dagbag.py:507} INFO - Filling up the DagBag from /opt/airflow/dags/assignment_solution/assignment1.py
[2022-07-30 16:48:59,876] {processor.py:651} INFO - DAG(s) dict_keys(['assignment_solution']) retrieved from /opt/airflow/dags/assignment_solution/assignment1.py
[2022-07-30 16:48:59,914] {logging_mixin.py:115} INFO - [2022-07-30 16:48:59,914] {dag.py:2379} INFO - Sync 1 DAGs
[2022-07-30 16:48:59,999] {logging_mixin.py:115} INFO - [2022-07-30 16:48:59,998] {dag.py:2931} INFO - Setting next_dagrun for assignment_solution to 2022-07-29T00:00:00+00:00, run_after=2022-07-30T00:00:00+00:00
[2022-07-30 16:49:00,028] {processor.py:161} INFO - Processing /opt/airflow/dags/assignment_solution/assignment1.py took 0.180 seconds
[2022-07-30 16:49:32,791] {processor.py:153} INFO - Started process (PID=879) to work on /opt/airflow/dags/assignment_solution/assignment1.py
[2022-07-30 16:49:32,800] {processor.py:641} INFO - Processing file /opt/airflow/dags/assignment_solution/assignment1.py for tasks to queue
[2022-07-30 16:49:32,801] {logging_mixin.py:115} INFO - [2022-07-30 16:49:32,800] {dagbag.py:507} INFO - Filling up the DagBag from /opt/airflow/dags/assignment_solution/assignment1.py
[2022-07-30 16:49:32,828] {processor.py:651} INFO - DAG(s) dict_keys(['assignment_solution']) retrieved from /opt/airflow/dags/assignment_solution/assignment1.py
[2022-07-30 16:49:32,892] {logging_mixin.py:115} INFO - [2022-07-30 16:49:32,892] {dag.py:2379} INFO - Sync 1 DAGs
[2022-07-30 16:49:32,953] {logging_mixin.py:115} INFO - [2022-07-30 16:49:32,953] {dag.py:2931} INFO - Setting next_dagrun for assignment_solution to 2022-07-29T00:00:00+00:00, run_after=2022-07-30T00:00:00+00:00
[2022-07-30 16:49:32,978] {processor.py:161} INFO - Processing /opt/airflow/dags/assignment_solution/assignment1.py took 0.191 seconds
[2022-07-30 16:50:03,212] {processor.py:153} INFO - Started process (PID=952) to work on /opt/airflow/dags/assignment_solution/assignment1.py
[2022-07-30 16:50:03,212] {processor.py:641} INFO - Processing file /opt/airflow/dags/assignment_solution/assignment1.py for tasks to queue
[2022-07-30 16:50:03,213] {logging_mixin.py:115} INFO - [2022-07-30 16:50:03,213] {dagbag.py:507} INFO - Filling up the DagBag from /opt/airflow/dags/assignment_solution/assignment1.py
[2022-07-30 16:50:03,234] {processor.py:651} INFO - DAG(s) dict_keys(['assignment_solution']) retrieved from /opt/airflow/dags/assignment_solution/assignment1.py
[2022-07-30 16:50:03,296] {logging_mixin.py:115} INFO - [2022-07-30 16:50:03,296] {dag.py:2379} INFO - Sync 1 DAGs
[2022-07-30 16:50:03,357] {logging_mixin.py:115} INFO - [2022-07-30 16:50:03,357] {dag.py:2931} INFO - Setting next_dagrun for assignment_solution to 2022-07-29T00:00:00+00:00, run_after=2022-07-30T00:00:00+00:00
[2022-07-30 16:50:03,373] {processor.py:161} INFO - Processing /opt/airflow/dags/assignment_solution/assignment1.py took 0.171 seconds
[2022-07-30 16:50:33,625] {processor.py:153} INFO - Started process (PID=1023) to work on /opt/airflow/dags/assignment_solution/assignment1.py
[2022-07-30 16:50:33,626] {processor.py:641} INFO - Processing file /opt/airflow/dags/assignment_solution/assignment1.py for tasks to queue
[2022-07-30 16:50:33,627] {logging_mixin.py:115} INFO - [2022-07-30 16:50:33,627] {dagbag.py:507} INFO - Filling up the DagBag from /opt/airflow/dags/assignment_solution/assignment1.py
[2022-07-30 16:50:33,643] {processor.py:651} INFO - DAG(s) dict_keys(['assignment_solution']) retrieved from /opt/airflow/dags/assignment_solution/assignment1.py
[2022-07-30 16:50:33,676] {logging_mixin.py:115} INFO - [2022-07-30 16:50:33,676] {dag.py:2379} INFO - Sync 1 DAGs
[2022-07-30 16:50:33,709] {logging_mixin.py:115} INFO - [2022-07-30 16:50:33,708] {dag.py:2931} INFO - Setting next_dagrun for assignment_solution to 2022-07-29T00:00:00+00:00, run_after=2022-07-30T00:00:00+00:00
[2022-07-30 16:50:33,723] {processor.py:161} INFO - Processing /opt/airflow/dags/assignment_solution/assignment1.py took 0.102 seconds
[2022-07-30 16:51:05,971] {processor.py:153} INFO - Started process (PID=1103) to work on /opt/airflow/dags/assignment_solution/assignment1.py
[2022-07-30 16:51:05,972] {processor.py:641} INFO - Processing file /opt/airflow/dags/assignment_solution/assignment1.py for tasks to queue
[2022-07-30 16:51:05,972] {logging_mixin.py:115} INFO - [2022-07-30 16:51:05,972] {dagbag.py:507} INFO - Filling up the DagBag from /opt/airflow/dags/assignment_solution/assignment1.py
[2022-07-30 16:51:06,016] {processor.py:651} INFO - DAG(s) dict_keys(['assignment_solution']) retrieved from /opt/airflow/dags/assignment_solution/assignment1.py
[2022-07-30 16:51:06,072] {logging_mixin.py:115} INFO - [2022-07-30 16:51:06,072] {dag.py:2379} INFO - Sync 1 DAGs
[2022-07-30 16:51:06,183] {logging_mixin.py:115} INFO - [2022-07-30 16:51:06,183] {dag.py:2931} INFO - Setting next_dagrun for assignment_solution to 2022-07-29T00:00:00+00:00, run_after=2022-07-30T00:00:00+00:00
[2022-07-30 16:51:06,224] {processor.py:161} INFO - Processing /opt/airflow/dags/assignment_solution/assignment1.py took 0.261 seconds
[2022-07-30 16:51:36,976] {processor.py:153} INFO - Started process (PID=1178) to work on /opt/airflow/dags/assignment_solution/assignment1.py
[2022-07-30 16:51:36,977] {processor.py:641} INFO - Processing file /opt/airflow/dags/assignment_solution/assignment1.py for tasks to queue
[2022-07-30 16:51:36,978] {logging_mixin.py:115} INFO - [2022-07-30 16:51:36,978] {dagbag.py:507} INFO - Filling up the DagBag from /opt/airflow/dags/assignment_solution/assignment1.py
[2022-07-30 16:51:36,995] {processor.py:651} INFO - DAG(s) dict_keys(['assignment_solution']) retrieved from /opt/airflow/dags/assignment_solution/assignment1.py
[2022-07-30 16:51:37,030] {logging_mixin.py:115} INFO - [2022-07-30 16:51:37,030] {dag.py:2379} INFO - Sync 1 DAGs
[2022-07-30 16:51:37,065] {logging_mixin.py:115} INFO - [2022-07-30 16:51:37,064] {dag.py:2931} INFO - Setting next_dagrun for assignment_solution to 2022-07-29T00:00:00+00:00, run_after=2022-07-30T00:00:00+00:00
[2022-07-30 16:51:37,081] {processor.py:161} INFO - Processing /opt/airflow/dags/assignment_solution/assignment1.py took 0.108 seconds
[2022-07-30 16:52:08,060] {processor.py:153} INFO - Started process (PID=1256) to work on /opt/airflow/dags/assignment_solution/assignment1.py
[2022-07-30 16:52:08,061] {processor.py:641} INFO - Processing file /opt/airflow/dags/assignment_solution/assignment1.py for tasks to queue
[2022-07-30 16:52:08,062] {logging_mixin.py:115} INFO - [2022-07-30 16:52:08,061] {dagbag.py:507} INFO - Filling up the DagBag from /opt/airflow/dags/assignment_solution/assignment1.py
[2022-07-30 16:52:08,102] {processor.py:651} INFO - DAG(s) dict_keys(['assignment_solution']) retrieved from /opt/airflow/dags/assignment_solution/assignment1.py
[2022-07-30 16:52:08,179] {logging_mixin.py:115} INFO - [2022-07-30 16:52:08,179] {dag.py:2379} INFO - Sync 1 DAGs
[2022-07-30 16:52:08,286] {logging_mixin.py:115} INFO - [2022-07-30 16:52:08,286] {dag.py:2931} INFO - Setting next_dagrun for assignment_solution to 2022-07-29T00:00:00+00:00, run_after=2022-07-30T00:00:00+00:00
[2022-07-30 16:52:08,330] {processor.py:161} INFO - Processing /opt/airflow/dags/assignment_solution/assignment1.py took 0.276 seconds
[2022-07-30 16:52:38,493] {processor.py:153} INFO - Started process (PID=1337) to work on /opt/airflow/dags/assignment_solution/assignment1.py
[2022-07-30 16:52:38,496] {processor.py:641} INFO - Processing file /opt/airflow/dags/assignment_solution/assignment1.py for tasks to queue
[2022-07-30 16:52:38,497] {logging_mixin.py:115} INFO - [2022-07-30 16:52:38,497] {dagbag.py:507} INFO - Filling up the DagBag from /opt/airflow/dags/assignment_solution/assignment1.py
[2022-07-30 16:52:38,544] {processor.py:651} INFO - DAG(s) dict_keys(['assignment_solution']) retrieved from /opt/airflow/dags/assignment_solution/assignment1.py
[2022-07-30 16:52:38,604] {logging_mixin.py:115} INFO - [2022-07-30 16:52:38,604] {dag.py:2379} INFO - Sync 1 DAGs
[2022-07-30 16:52:38,683] {logging_mixin.py:115} INFO - [2022-07-30 16:52:38,683] {dag.py:2931} INFO - Setting next_dagrun for assignment_solution to 2022-07-29T00:00:00+00:00, run_after=2022-07-30T00:00:00+00:00
[2022-07-30 16:52:38,713] {processor.py:161} INFO - Processing /opt/airflow/dags/assignment_solution/assignment1.py took 0.234 seconds
[2022-07-30 16:53:08,826] {processor.py:153} INFO - Started process (PID=1416) to work on /opt/airflow/dags/assignment_solution/assignment1.py
[2022-07-30 16:53:08,827] {processor.py:641} INFO - Processing file /opt/airflow/dags/assignment_solution/assignment1.py for tasks to queue
[2022-07-30 16:53:08,827] {logging_mixin.py:115} INFO - [2022-07-30 16:53:08,827] {dagbag.py:507} INFO - Filling up the DagBag from /opt/airflow/dags/assignment_solution/assignment1.py
[2022-07-30 16:53:08,846] {processor.py:651} INFO - DAG(s) dict_keys(['assignment_solution']) retrieved from /opt/airflow/dags/assignment_solution/assignment1.py
[2022-07-30 16:53:08,876] {logging_mixin.py:115} INFO - [2022-07-30 16:53:08,876] {dag.py:2379} INFO - Sync 1 DAGs
[2022-07-30 16:53:08,909] {logging_mixin.py:115} INFO - [2022-07-30 16:53:08,909] {dag.py:2931} INFO - Setting next_dagrun for assignment_solution to 2022-07-29T00:00:00+00:00, run_after=2022-07-30T00:00:00+00:00
[2022-07-30 16:53:08,924] {processor.py:161} INFO - Processing /opt/airflow/dags/assignment_solution/assignment1.py took 0.102 seconds
[2022-07-30 16:53:40,643] {processor.py:153} INFO - Started process (PID=1495) to work on /opt/airflow/dags/assignment_solution/assignment1.py
[2022-07-30 16:53:40,653] {processor.py:641} INFO - Processing file /opt/airflow/dags/assignment_solution/assignment1.py for tasks to queue
[2022-07-30 16:53:40,653] {logging_mixin.py:115} INFO - [2022-07-30 16:53:40,653] {dagbag.py:507} INFO - Filling up the DagBag from /opt/airflow/dags/assignment_solution/assignment1.py
[2022-07-30 16:53:40,688] {processor.py:651} INFO - DAG(s) dict_keys(['assignment_solution']) retrieved from /opt/airflow/dags/assignment_solution/assignment1.py
[2022-07-30 16:53:40,736] {logging_mixin.py:115} INFO - [2022-07-30 16:53:40,736] {dag.py:2379} INFO - Sync 1 DAGs
[2022-07-30 16:53:40,768] {logging_mixin.py:115} INFO - [2022-07-30 16:53:40,767] {dag.py:2931} INFO - Setting next_dagrun for assignment_solution to 2022-07-29T00:00:00+00:00, run_after=2022-07-30T00:00:00+00:00
[2022-07-30 16:53:40,800] {processor.py:161} INFO - Processing /opt/airflow/dags/assignment_solution/assignment1.py took 0.161 seconds
[2022-07-30 16:54:11,376] {processor.py:153} INFO - Started process (PID=1576) to work on /opt/airflow/dags/assignment_solution/assignment1.py
[2022-07-30 16:54:11,376] {processor.py:641} INFO - Processing file /opt/airflow/dags/assignment_solution/assignment1.py for tasks to queue
[2022-07-30 16:54:11,377] {logging_mixin.py:115} INFO - [2022-07-30 16:54:11,377] {dagbag.py:507} INFO - Filling up the DagBag from /opt/airflow/dags/assignment_solution/assignment1.py
[2022-07-30 16:54:11,396] {processor.py:651} INFO - DAG(s) dict_keys(['assignment_solution']) retrieved from /opt/airflow/dags/assignment_solution/assignment1.py
[2022-07-30 16:54:11,426] {logging_mixin.py:115} INFO - [2022-07-30 16:54:11,426] {dag.py:2379} INFO - Sync 1 DAGs
[2022-07-30 16:54:11,460] {logging_mixin.py:115} INFO - [2022-07-30 16:54:11,460] {dag.py:2931} INFO - Setting next_dagrun for assignment_solution to 2022-07-29T00:00:00+00:00, run_after=2022-07-30T00:00:00+00:00
[2022-07-30 16:54:11,477] {processor.py:161} INFO - Processing /opt/airflow/dags/assignment_solution/assignment1.py took 0.106 seconds
[2022-07-30 16:54:42,039] {processor.py:153} INFO - Started process (PID=1651) to work on /opt/airflow/dags/assignment_solution/assignment1.py
[2022-07-30 16:54:42,040] {processor.py:641} INFO - Processing file /opt/airflow/dags/assignment_solution/assignment1.py for tasks to queue
[2022-07-30 16:54:42,040] {logging_mixin.py:115} INFO - [2022-07-30 16:54:42,040] {dagbag.py:507} INFO - Filling up the DagBag from /opt/airflow/dags/assignment_solution/assignment1.py
[2022-07-30 16:54:42,058] {processor.py:651} INFO - DAG(s) dict_keys(['assignment_solution']) retrieved from /opt/airflow/dags/assignment_solution/assignment1.py
[2022-07-30 16:54:42,090] {logging_mixin.py:115} INFO - [2022-07-30 16:54:42,089] {dag.py:2379} INFO - Sync 1 DAGs
[2022-07-30 16:54:42,123] {logging_mixin.py:115} INFO - [2022-07-30 16:54:42,123] {dag.py:2931} INFO - Setting next_dagrun for assignment_solution to 2022-07-29T00:00:00+00:00, run_after=2022-07-30T00:00:00+00:00
[2022-07-30 16:54:42,141] {processor.py:161} INFO - Processing /opt/airflow/dags/assignment_solution/assignment1.py took 0.106 seconds
[2022-07-30 16:55:12,556] {processor.py:153} INFO - Started process (PID=1735) to work on /opt/airflow/dags/assignment_solution/assignment1.py
[2022-07-30 16:55:12,556] {processor.py:641} INFO - Processing file /opt/airflow/dags/assignment_solution/assignment1.py for tasks to queue
[2022-07-30 16:55:12,557] {logging_mixin.py:115} INFO - [2022-07-30 16:55:12,557] {dagbag.py:507} INFO - Filling up the DagBag from /opt/airflow/dags/assignment_solution/assignment1.py
[2022-07-30 16:55:12,595] {processor.py:651} INFO - DAG(s) dict_keys(['assignment_solution']) retrieved from /opt/airflow/dags/assignment_solution/assignment1.py
[2022-07-30 16:55:12,652] {logging_mixin.py:115} INFO - [2022-07-30 16:55:12,652] {dag.py:2379} INFO - Sync 1 DAGs
[2022-07-30 16:55:12,715] {logging_mixin.py:115} INFO - [2022-07-30 16:55:12,715] {dag.py:2931} INFO - Setting next_dagrun for assignment_solution to 2022-07-29T00:00:00+00:00, run_after=2022-07-30T00:00:00+00:00
[2022-07-30 16:55:12,750] {processor.py:161} INFO - Processing /opt/airflow/dags/assignment_solution/assignment1.py took 0.198 seconds
[2022-07-30 16:55:43,522] {processor.py:153} INFO - Started process (PID=1810) to work on /opt/airflow/dags/assignment_solution/assignment1.py
[2022-07-30 16:55:43,523] {processor.py:641} INFO - Processing file /opt/airflow/dags/assignment_solution/assignment1.py for tasks to queue
[2022-07-30 16:55:43,524] {logging_mixin.py:115} INFO - [2022-07-30 16:55:43,524] {dagbag.py:507} INFO - Filling up the DagBag from /opt/airflow/dags/assignment_solution/assignment1.py
[2022-07-30 16:55:43,540] {processor.py:651} INFO - DAG(s) dict_keys(['assignment_solution']) retrieved from /opt/airflow/dags/assignment_solution/assignment1.py
[2022-07-30 16:55:43,573] {logging_mixin.py:115} INFO - [2022-07-30 16:55:43,573] {dag.py:2379} INFO - Sync 1 DAGs
[2022-07-30 16:55:43,609] {logging_mixin.py:115} INFO - [2022-07-30 16:55:43,609] {dag.py:2931} INFO - Setting next_dagrun for assignment_solution to 2022-07-29T00:00:00+00:00, run_after=2022-07-30T00:00:00+00:00
[2022-07-30 16:55:43,627] {processor.py:161} INFO - Processing /opt/airflow/dags/assignment_solution/assignment1.py took 0.109 seconds
[2022-07-30 16:56:14,695] {processor.py:153} INFO - Started process (PID=1893) to work on /opt/airflow/dags/assignment_solution/assignment1.py
[2022-07-30 16:56:14,704] {processor.py:641} INFO - Processing file /opt/airflow/dags/assignment_solution/assignment1.py for tasks to queue
[2022-07-30 16:56:14,705] {logging_mixin.py:115} INFO - [2022-07-30 16:56:14,704] {dagbag.py:507} INFO - Filling up the DagBag from /opt/airflow/dags/assignment_solution/assignment1.py
[2022-07-30 16:56:14,739] {processor.py:651} INFO - DAG(s) dict_keys(['assignment_solution']) retrieved from /opt/airflow/dags/assignment_solution/assignment1.py
[2022-07-30 16:56:14,792] {logging_mixin.py:115} INFO - [2022-07-30 16:56:14,792] {dag.py:2379} INFO - Sync 1 DAGs
[2022-07-30 16:56:14,854] {logging_mixin.py:115} INFO - [2022-07-30 16:56:14,854] {dag.py:2931} INFO - Setting next_dagrun for assignment_solution to 2022-07-29T00:00:00+00:00, run_after=2022-07-30T00:00:00+00:00
[2022-07-30 16:56:14,870] {processor.py:161} INFO - Processing /opt/airflow/dags/assignment_solution/assignment1.py took 0.179 seconds
[2022-07-30 16:56:44,942] {processor.py:153} INFO - Started process (PID=1966) to work on /opt/airflow/dags/assignment_solution/assignment1.py
[2022-07-30 16:56:44,942] {processor.py:641} INFO - Processing file /opt/airflow/dags/assignment_solution/assignment1.py for tasks to queue
[2022-07-30 16:56:44,943] {logging_mixin.py:115} INFO - [2022-07-30 16:56:44,943] {dagbag.py:507} INFO - Filling up the DagBag from /opt/airflow/dags/assignment_solution/assignment1.py
[2022-07-30 16:56:44,964] {processor.py:651} INFO - DAG(s) dict_keys(['assignment_solution']) retrieved from /opt/airflow/dags/assignment_solution/assignment1.py
[2022-07-30 16:56:44,989] {logging_mixin.py:115} INFO - [2022-07-30 16:56:44,989] {dag.py:2379} INFO - Sync 1 DAGs
[2022-07-30 16:56:45,013] {logging_mixin.py:115} INFO - [2022-07-30 16:56:45,012] {dag.py:2931} INFO - Setting next_dagrun for assignment_solution to 2022-07-29T00:00:00+00:00, run_after=2022-07-30T00:00:00+00:00
[2022-07-30 16:56:45,026] {processor.py:161} INFO - Processing /opt/airflow/dags/assignment_solution/assignment1.py took 0.087 seconds
[2022-07-30 16:57:15,436] {processor.py:153} INFO - Started process (PID=2048) to work on /opt/airflow/dags/assignment_solution/assignment1.py
[2022-07-30 16:57:15,437] {processor.py:641} INFO - Processing file /opt/airflow/dags/assignment_solution/assignment1.py for tasks to queue
[2022-07-30 16:57:15,437] {logging_mixin.py:115} INFO - [2022-07-30 16:57:15,437] {dagbag.py:507} INFO - Filling up the DagBag from /opt/airflow/dags/assignment_solution/assignment1.py
[2022-07-30 16:57:15,469] {processor.py:651} INFO - DAG(s) dict_keys(['assignment_solution']) retrieved from /opt/airflow/dags/assignment_solution/assignment1.py
[2022-07-30 16:57:15,519] {logging_mixin.py:115} INFO - [2022-07-30 16:57:15,519] {dag.py:2379} INFO - Sync 1 DAGs
[2022-07-30 16:57:15,555] {logging_mixin.py:115} INFO - [2022-07-30 16:57:15,555] {dag.py:2931} INFO - Setting next_dagrun for assignment_solution to 2022-07-29T00:00:00+00:00, run_after=2022-07-30T00:00:00+00:00
[2022-07-30 16:57:15,604] {processor.py:161} INFO - Processing /opt/airflow/dags/assignment_solution/assignment1.py took 0.172 seconds
[2022-07-30 16:57:46,211] {processor.py:153} INFO - Started process (PID=2121) to work on /opt/airflow/dags/assignment_solution/assignment1.py
[2022-07-30 16:57:46,213] {processor.py:641} INFO - Processing file /opt/airflow/dags/assignment_solution/assignment1.py for tasks to queue
[2022-07-30 16:57:46,214] {logging_mixin.py:115} INFO - [2022-07-30 16:57:46,214] {dagbag.py:507} INFO - Filling up the DagBag from /opt/airflow/dags/assignment_solution/assignment1.py
[2022-07-30 16:57:46,277] {processor.py:651} INFO - DAG(s) dict_keys(['assignment_solution']) retrieved from /opt/airflow/dags/assignment_solution/assignment1.py
[2022-07-30 16:57:46,359] {logging_mixin.py:115} INFO - [2022-07-30 16:57:46,359] {dag.py:2379} INFO - Sync 1 DAGs
[2022-07-30 16:57:46,442] {logging_mixin.py:115} INFO - [2022-07-30 16:57:46,442] {dag.py:2931} INFO - Setting next_dagrun for assignment_solution to 2022-07-29T00:00:00+00:00, run_after=2022-07-30T00:00:00+00:00
[2022-07-30 16:57:46,471] {processor.py:161} INFO - Processing /opt/airflow/dags/assignment_solution/assignment1.py took 0.273 seconds
[2022-07-30 16:58:17,269] {processor.py:153} INFO - Started process (PID=2204) to work on /opt/airflow/dags/assignment_solution/assignment1.py
[2022-07-30 16:58:17,270] {processor.py:641} INFO - Processing file /opt/airflow/dags/assignment_solution/assignment1.py for tasks to queue
[2022-07-30 16:58:17,271] {logging_mixin.py:115} INFO - [2022-07-30 16:58:17,271] {dagbag.py:507} INFO - Filling up the DagBag from /opt/airflow/dags/assignment_solution/assignment1.py
[2022-07-30 16:58:17,288] {processor.py:651} INFO - DAG(s) dict_keys(['assignment_solution']) retrieved from /opt/airflow/dags/assignment_solution/assignment1.py
[2022-07-30 16:58:17,319] {logging_mixin.py:115} INFO - [2022-07-30 16:58:17,319] {dag.py:2379} INFO - Sync 1 DAGs
[2022-07-30 16:58:17,352] {logging_mixin.py:115} INFO - [2022-07-30 16:58:17,352] {dag.py:2931} INFO - Setting next_dagrun for assignment_solution to 2022-07-29T00:00:00+00:00, run_after=2022-07-30T00:00:00+00:00
[2022-07-30 16:58:17,368] {processor.py:161} INFO - Processing /opt/airflow/dags/assignment_solution/assignment1.py took 0.103 seconds
[2022-07-30 16:58:47,694] {processor.py:153} INFO - Started process (PID=2276) to work on /opt/airflow/dags/assignment_solution/assignment1.py
[2022-07-30 16:58:47,694] {processor.py:641} INFO - Processing file /opt/airflow/dags/assignment_solution/assignment1.py for tasks to queue
[2022-07-30 16:58:47,695] {logging_mixin.py:115} INFO - [2022-07-30 16:58:47,695] {dagbag.py:507} INFO - Filling up the DagBag from /opt/airflow/dags/assignment_solution/assignment1.py
[2022-07-30 16:58:47,713] {processor.py:651} INFO - DAG(s) dict_keys(['assignment_solution']) retrieved from /opt/airflow/dags/assignment_solution/assignment1.py
[2022-07-30 16:58:47,744] {logging_mixin.py:115} INFO - [2022-07-30 16:58:47,744] {dag.py:2379} INFO - Sync 1 DAGs
[2022-07-30 16:58:47,776] {logging_mixin.py:115} INFO - [2022-07-30 16:58:47,776] {dag.py:2931} INFO - Setting next_dagrun for assignment_solution to 2022-07-29T00:00:00+00:00, run_after=2022-07-30T00:00:00+00:00
[2022-07-30 16:58:47,797] {processor.py:161} INFO - Processing /opt/airflow/dags/assignment_solution/assignment1.py took 0.107 seconds
[2022-07-30 16:59:18,118] {processor.py:153} INFO - Started process (PID=2359) to work on /opt/airflow/dags/assignment_solution/assignment1.py
[2022-07-30 16:59:18,119] {processor.py:641} INFO - Processing file /opt/airflow/dags/assignment_solution/assignment1.py for tasks to queue
[2022-07-30 16:59:18,120] {logging_mixin.py:115} INFO - [2022-07-30 16:59:18,120] {dagbag.py:507} INFO - Filling up the DagBag from /opt/airflow/dags/assignment_solution/assignment1.py
[2022-07-30 16:59:18,139] {processor.py:651} INFO - DAG(s) dict_keys(['assignment_solution']) retrieved from /opt/airflow/dags/assignment_solution/assignment1.py
[2022-07-30 16:59:18,171] {logging_mixin.py:115} INFO - [2022-07-30 16:59:18,171] {dag.py:2379} INFO - Sync 1 DAGs
[2022-07-30 16:59:18,205] {logging_mixin.py:115} INFO - [2022-07-30 16:59:18,205] {dag.py:2931} INFO - Setting next_dagrun for assignment_solution to 2022-07-29T00:00:00+00:00, run_after=2022-07-30T00:00:00+00:00
[2022-07-30 16:59:18,386] {processor.py:161} INFO - Processing /opt/airflow/dags/assignment_solution/assignment1.py took 0.274 seconds
[2022-07-30 16:59:49,001] {processor.py:153} INFO - Started process (PID=2439) to work on /opt/airflow/dags/assignment_solution/assignment1.py
[2022-07-30 16:59:49,002] {processor.py:641} INFO - Processing file /opt/airflow/dags/assignment_solution/assignment1.py for tasks to queue
[2022-07-30 16:59:49,002] {logging_mixin.py:115} INFO - [2022-07-30 16:59:49,002] {dagbag.py:507} INFO - Filling up the DagBag from /opt/airflow/dags/assignment_solution/assignment1.py
[2022-07-30 16:59:49,021] {processor.py:651} INFO - DAG(s) dict_keys(['assignment_solution']) retrieved from /opt/airflow/dags/assignment_solution/assignment1.py
[2022-07-30 16:59:49,053] {logging_mixin.py:115} INFO - [2022-07-30 16:59:49,053] {dag.py:2379} INFO - Sync 1 DAGs
[2022-07-30 16:59:49,088] {logging_mixin.py:115} INFO - [2022-07-30 16:59:49,088] {dag.py:2931} INFO - Setting next_dagrun for assignment_solution to 2022-07-29T00:00:00+00:00, run_after=2022-07-30T00:00:00+00:00
[2022-07-30 16:59:49,277] {processor.py:161} INFO - Processing /opt/airflow/dags/assignment_solution/assignment1.py took 0.284 seconds
[2022-07-30 17:00:19,425] {processor.py:153} INFO - Started process (PID=2511) to work on /opt/airflow/dags/assignment_solution/assignment1.py
[2022-07-30 17:00:19,426] {processor.py:641} INFO - Processing file /opt/airflow/dags/assignment_solution/assignment1.py for tasks to queue
[2022-07-30 17:00:19,426] {logging_mixin.py:115} INFO - [2022-07-30 17:00:19,426] {dagbag.py:507} INFO - Filling up the DagBag from /opt/airflow/dags/assignment_solution/assignment1.py
[2022-07-30 17:00:19,443] {processor.py:651} INFO - DAG(s) dict_keys(['assignment_solution']) retrieved from /opt/airflow/dags/assignment_solution/assignment1.py
[2022-07-30 17:00:19,474] {logging_mixin.py:115} INFO - [2022-07-30 17:00:19,474] {dag.py:2379} INFO - Sync 1 DAGs
[2022-07-30 17:00:19,508] {logging_mixin.py:115} INFO - [2022-07-30 17:00:19,508] {dag.py:2931} INFO - Setting next_dagrun for assignment_solution to 2022-07-29T00:00:00+00:00, run_after=2022-07-30T00:00:00+00:00
[2022-07-30 17:00:19,760] {processor.py:161} INFO - Processing /opt/airflow/dags/assignment_solution/assignment1.py took 0.339 seconds
[2022-07-30 17:00:50,115] {processor.py:153} INFO - Started process (PID=2597) to work on /opt/airflow/dags/assignment_solution/assignment1.py
[2022-07-30 17:00:50,116] {processor.py:641} INFO - Processing file /opt/airflow/dags/assignment_solution/assignment1.py for tasks to queue
[2022-07-30 17:00:50,116] {logging_mixin.py:115} INFO - [2022-07-30 17:00:50,116] {dagbag.py:507} INFO - Filling up the DagBag from /opt/airflow/dags/assignment_solution/assignment1.py
[2022-07-30 17:00:50,157] {processor.py:651} INFO - DAG(s) dict_keys(['assignment_solution']) retrieved from /opt/airflow/dags/assignment_solution/assignment1.py
[2022-07-30 17:00:50,202] {logging_mixin.py:115} INFO - [2022-07-30 17:00:50,202] {dag.py:2379} INFO - Sync 1 DAGs
[2022-07-30 17:00:50,250] {logging_mixin.py:115} INFO - [2022-07-30 17:00:50,250] {dag.py:2931} INFO - Setting next_dagrun for assignment_solution to 2022-07-29T00:00:00+00:00, run_after=2022-07-30T00:00:00+00:00
[2022-07-30 17:00:50,596] {processor.py:161} INFO - Processing /opt/airflow/dags/assignment_solution/assignment1.py took 0.485 seconds
[2022-07-30 17:01:20,634] {processor.py:153} INFO - Started process (PID=2670) to work on /opt/airflow/dags/assignment_solution/assignment1.py
[2022-07-30 17:01:20,635] {processor.py:641} INFO - Processing file /opt/airflow/dags/assignment_solution/assignment1.py for tasks to queue
[2022-07-30 17:01:20,636] {logging_mixin.py:115} INFO - [2022-07-30 17:01:20,636] {dagbag.py:507} INFO - Filling up the DagBag from /opt/airflow/dags/assignment_solution/assignment1.py
[2022-07-30 17:01:20,648] {processor.py:651} INFO - DAG(s) dict_keys(['assignment_solution']) retrieved from /opt/airflow/dags/assignment_solution/assignment1.py
[2022-07-30 17:01:20,671] {logging_mixin.py:115} INFO - [2022-07-30 17:01:20,671] {dag.py:2379} INFO - Sync 1 DAGs
[2022-07-30 17:01:20,693] {logging_mixin.py:115} INFO - [2022-07-30 17:01:20,693] {dag.py:2931} INFO - Setting next_dagrun for assignment_solution to 2022-07-29T00:00:00+00:00, run_after=2022-07-30T00:00:00+00:00
[2022-07-30 17:01:20,828] {processor.py:161} INFO - Processing /opt/airflow/dags/assignment_solution/assignment1.py took 0.197 seconds
[2022-07-30 17:01:52,746] {processor.py:153} INFO - Started process (PID=2752) to work on /opt/airflow/dags/assignment_solution/assignment1.py
[2022-07-30 17:01:52,748] {processor.py:641} INFO - Processing file /opt/airflow/dags/assignment_solution/assignment1.py for tasks to queue
[2022-07-30 17:01:52,749] {logging_mixin.py:115} INFO - [2022-07-30 17:01:52,748] {dagbag.py:507} INFO - Filling up the DagBag from /opt/airflow/dags/assignment_solution/assignment1.py
[2022-07-30 17:01:52,787] {processor.py:651} INFO - DAG(s) dict_keys(['assignment_solution']) retrieved from /opt/airflow/dags/assignment_solution/assignment1.py
[2022-07-30 17:01:52,844] {logging_mixin.py:115} INFO - [2022-07-30 17:01:52,844] {dag.py:2379} INFO - Sync 1 DAGs
[2022-07-30 17:01:52,926] {logging_mixin.py:115} INFO - [2022-07-30 17:01:52,926] {dag.py:2931} INFO - Setting next_dagrun for assignment_solution to 2022-07-29T00:00:00+00:00, run_after=2022-07-30T00:00:00+00:00
[2022-07-30 17:01:53,273] {processor.py:161} INFO - Processing /opt/airflow/dags/assignment_solution/assignment1.py took 0.532 seconds
[2022-07-30 17:02:23,432] {processor.py:153} INFO - Started process (PID=2830) to work on /opt/airflow/dags/assignment_solution/assignment1.py
[2022-07-30 17:02:23,433] {processor.py:641} INFO - Processing file /opt/airflow/dags/assignment_solution/assignment1.py for tasks to queue
[2022-07-30 17:02:23,433] {logging_mixin.py:115} INFO - [2022-07-30 17:02:23,433] {dagbag.py:507} INFO - Filling up the DagBag from /opt/airflow/dags/assignment_solution/assignment1.py
[2022-07-30 17:02:23,456] {processor.py:651} INFO - DAG(s) dict_keys(['assignment_solution']) retrieved from /opt/airflow/dags/assignment_solution/assignment1.py
[2022-07-30 17:02:23,495] {logging_mixin.py:115} INFO - [2022-07-30 17:02:23,495] {dag.py:2379} INFO - Sync 1 DAGs
[2022-07-30 17:02:23,534] {logging_mixin.py:115} INFO - [2022-07-30 17:02:23,534] {dag.py:2931} INFO - Setting next_dagrun for assignment_solution to 2022-07-29T00:00:00+00:00, run_after=2022-07-30T00:00:00+00:00
[2022-07-30 17:02:23,718] {processor.py:161} INFO - Processing /opt/airflow/dags/assignment_solution/assignment1.py took 0.290 seconds
[2022-07-30 17:02:54,142] {processor.py:153} INFO - Started process (PID=2909) to work on /opt/airflow/dags/assignment_solution/assignment1.py
[2022-07-30 17:02:54,152] {processor.py:641} INFO - Processing file /opt/airflow/dags/assignment_solution/assignment1.py for tasks to queue
[2022-07-30 17:02:54,153] {logging_mixin.py:115} INFO - [2022-07-30 17:02:54,152] {dagbag.py:507} INFO - Filling up the DagBag from /opt/airflow/dags/assignment_solution/assignment1.py
[2022-07-30 17:02:54,187] {processor.py:651} INFO - DAG(s) dict_keys(['assignment_solution']) retrieved from /opt/airflow/dags/assignment_solution/assignment1.py
[2022-07-30 17:02:54,240] {logging_mixin.py:115} INFO - [2022-07-30 17:02:54,240] {dag.py:2379} INFO - Sync 1 DAGs
[2022-07-30 17:02:54,306] {logging_mixin.py:115} INFO - [2022-07-30 17:02:54,306] {dag.py:2931} INFO - Setting next_dagrun for assignment_solution to 2022-07-29T00:00:00+00:00, run_after=2022-07-30T00:00:00+00:00
[2022-07-30 17:02:54,669] {processor.py:161} INFO - Processing /opt/airflow/dags/assignment_solution/assignment1.py took 0.533 seconds
[2022-07-30 17:03:25,256] {processor.py:153} INFO - Started process (PID=2991) to work on /opt/airflow/dags/assignment_solution/assignment1.py
[2022-07-30 17:03:25,256] {processor.py:641} INFO - Processing file /opt/airflow/dags/assignment_solution/assignment1.py for tasks to queue
[2022-07-30 17:03:25,257] {logging_mixin.py:115} INFO - [2022-07-30 17:03:25,257] {dagbag.py:507} INFO - Filling up the DagBag from /opt/airflow/dags/assignment_solution/assignment1.py
[2022-07-30 17:03:25,275] {processor.py:651} INFO - DAG(s) dict_keys(['assignment_solution']) retrieved from /opt/airflow/dags/assignment_solution/assignment1.py
[2022-07-30 17:03:25,309] {logging_mixin.py:115} INFO - [2022-07-30 17:03:25,308] {dag.py:2379} INFO - Sync 1 DAGs
[2022-07-30 17:03:25,343] {logging_mixin.py:115} INFO - [2022-07-30 17:03:25,343] {dag.py:2931} INFO - Setting next_dagrun for assignment_solution to 2022-07-29T00:00:00+00:00, run_after=2022-07-30T00:00:00+00:00
[2022-07-30 17:03:25,524] {processor.py:161} INFO - Processing /opt/airflow/dags/assignment_solution/assignment1.py took 0.273 seconds
[2022-07-30 17:03:56,167] {processor.py:153} INFO - Started process (PID=3065) to work on /opt/airflow/dags/assignment_solution/assignment1.py
[2022-07-30 17:03:56,167] {processor.py:641} INFO - Processing file /opt/airflow/dags/assignment_solution/assignment1.py for tasks to queue
[2022-07-30 17:03:56,168] {logging_mixin.py:115} INFO - [2022-07-30 17:03:56,168] {dagbag.py:507} INFO - Filling up the DagBag from /opt/airflow/dags/assignment_solution/assignment1.py
[2022-07-30 17:03:56,185] {processor.py:651} INFO - DAG(s) dict_keys(['assignment_solution']) retrieved from /opt/airflow/dags/assignment_solution/assignment1.py
[2022-07-30 17:03:56,216] {logging_mixin.py:115} INFO - [2022-07-30 17:03:56,216] {dag.py:2379} INFO - Sync 1 DAGs
[2022-07-30 17:03:56,252] {logging_mixin.py:115} INFO - [2022-07-30 17:03:56,252] {dag.py:2931} INFO - Setting next_dagrun for assignment_solution to 2022-07-29T00:00:00+00:00, run_after=2022-07-30T00:00:00+00:00
[2022-07-30 17:03:56,464] {processor.py:161} INFO - Processing /opt/airflow/dags/assignment_solution/assignment1.py took 0.301 seconds
[2022-07-30 17:04:27,248] {processor.py:153} INFO - Started process (PID=3147) to work on /opt/airflow/dags/assignment_solution/assignment1.py
[2022-07-30 17:04:27,249] {processor.py:641} INFO - Processing file /opt/airflow/dags/assignment_solution/assignment1.py for tasks to queue
[2022-07-30 17:04:27,250] {logging_mixin.py:115} INFO - [2022-07-30 17:04:27,249] {dagbag.py:507} INFO - Filling up the DagBag from /opt/airflow/dags/assignment_solution/assignment1.py
[2022-07-30 17:04:27,267] {processor.py:651} INFO - DAG(s) dict_keys(['assignment_solution']) retrieved from /opt/airflow/dags/assignment_solution/assignment1.py
[2022-07-30 17:04:27,300] {logging_mixin.py:115} INFO - [2022-07-30 17:04:27,300] {dag.py:2379} INFO - Sync 1 DAGs
[2022-07-30 17:04:27,494] {logging_mixin.py:115} INFO - [2022-07-30 17:04:27,494] {dag.py:2931} INFO - Setting next_dagrun for assignment_solution to 2022-07-29T00:00:00+00:00, run_after=2022-07-30T00:00:00+00:00
[2022-07-30 17:04:27,508] {processor.py:161} INFO - Processing /opt/airflow/dags/assignment_solution/assignment1.py took 0.264 seconds
[2022-07-30 17:04:58,471] {processor.py:153} INFO - Started process (PID=3224) to work on /opt/airflow/dags/assignment_solution/assignment1.py
[2022-07-30 17:04:58,471] {processor.py:641} INFO - Processing file /opt/airflow/dags/assignment_solution/assignment1.py for tasks to queue
[2022-07-30 17:04:58,472] {logging_mixin.py:115} INFO - [2022-07-30 17:04:58,472] {dagbag.py:507} INFO - Filling up the DagBag from /opt/airflow/dags/assignment_solution/assignment1.py
[2022-07-30 17:04:58,490] {processor.py:651} INFO - DAG(s) dict_keys(['assignment_solution']) retrieved from /opt/airflow/dags/assignment_solution/assignment1.py
[2022-07-30 17:04:58,520] {logging_mixin.py:115} INFO - [2022-07-30 17:04:58,520] {dag.py:2379} INFO - Sync 1 DAGs
[2022-07-30 17:04:58,734] {logging_mixin.py:115} INFO - [2022-07-30 17:04:58,733] {dag.py:2931} INFO - Setting next_dagrun for assignment_solution to 2022-07-29T00:00:00+00:00, run_after=2022-07-30T00:00:00+00:00
[2022-07-30 17:04:58,748] {processor.py:161} INFO - Processing /opt/airflow/dags/assignment_solution/assignment1.py took 0.281 seconds
[2022-07-30 17:05:28,771] {processor.py:153} INFO - Started process (PID=3308) to work on /opt/airflow/dags/assignment_solution/assignment1.py
[2022-07-30 17:05:28,772] {processor.py:641} INFO - Processing file /opt/airflow/dags/assignment_solution/assignment1.py for tasks to queue
[2022-07-30 17:05:28,772] {logging_mixin.py:115} INFO - [2022-07-30 17:05:28,772] {dagbag.py:507} INFO - Filling up the DagBag from /opt/airflow/dags/assignment_solution/assignment1.py
[2022-07-30 17:05:28,785] {processor.py:651} INFO - DAG(s) dict_keys(['assignment_solution']) retrieved from /opt/airflow/dags/assignment_solution/assignment1.py
[2022-07-30 17:05:28,806] {logging_mixin.py:115} INFO - [2022-07-30 17:05:28,806] {dag.py:2379} INFO - Sync 1 DAGs
[2022-07-30 17:05:28,956] {logging_mixin.py:115} INFO - [2022-07-30 17:05:28,956] {dag.py:2931} INFO - Setting next_dagrun for assignment_solution to 2022-07-29T00:00:00+00:00, run_after=2022-07-30T00:00:00+00:00
[2022-07-30 17:05:28,967] {processor.py:161} INFO - Processing /opt/airflow/dags/assignment_solution/assignment1.py took 0.199 seconds
[2022-07-30 17:05:59,034] {processor.py:153} INFO - Started process (PID=3387) to work on /opt/airflow/dags/assignment_solution/assignment1.py
[2022-07-30 17:05:59,034] {processor.py:641} INFO - Processing file /opt/airflow/dags/assignment_solution/assignment1.py for tasks to queue
[2022-07-30 17:05:59,035] {logging_mixin.py:115} INFO - [2022-07-30 17:05:59,034] {dagbag.py:507} INFO - Filling up the DagBag from /opt/airflow/dags/assignment_solution/assignment1.py
[2022-07-30 17:05:59,051] {processor.py:651} INFO - DAG(s) dict_keys(['assignment_solution']) retrieved from /opt/airflow/dags/assignment_solution/assignment1.py
[2022-07-30 17:05:59,080] {logging_mixin.py:115} INFO - [2022-07-30 17:05:59,080] {dag.py:2379} INFO - Sync 1 DAGs
[2022-07-30 17:05:59,296] {logging_mixin.py:115} INFO - [2022-07-30 17:05:59,296] {dag.py:2931} INFO - Setting next_dagrun for assignment_solution to 2022-07-29T00:00:00+00:00, run_after=2022-07-30T00:00:00+00:00
[2022-07-30 17:05:59,310] {processor.py:161} INFO - Processing /opt/airflow/dags/assignment_solution/assignment1.py took 0.280 seconds
[2022-07-30 17:06:29,649] {processor.py:153} INFO - Started process (PID=3469) to work on /opt/airflow/dags/assignment_solution/assignment1.py
[2022-07-30 17:06:29,650] {processor.py:641} INFO - Processing file /opt/airflow/dags/assignment_solution/assignment1.py for tasks to queue
[2022-07-30 17:06:29,651] {logging_mixin.py:115} INFO - [2022-07-30 17:06:29,651] {dagbag.py:507} INFO - Filling up the DagBag from /opt/airflow/dags/assignment_solution/assignment1.py
[2022-07-30 17:06:29,678] {processor.py:651} INFO - DAG(s) dict_keys(['assignment_solution']) retrieved from /opt/airflow/dags/assignment_solution/assignment1.py
[2022-07-30 17:06:29,775] {logging_mixin.py:115} INFO - [2022-07-30 17:06:29,774] {dag.py:2379} INFO - Sync 1 DAGs
[2022-07-30 17:06:30,075] {logging_mixin.py:115} INFO - [2022-07-30 17:06:30,075] {dag.py:2931} INFO - Setting next_dagrun for assignment_solution to 2022-07-29T00:00:00+00:00, run_after=2022-07-30T00:00:00+00:00
[2022-07-30 17:06:30,091] {processor.py:161} INFO - Processing /opt/airflow/dags/assignment_solution/assignment1.py took 0.454 seconds
[2022-07-30 17:07:00,504] {processor.py:153} INFO - Started process (PID=3544) to work on /opt/airflow/dags/assignment_solution/assignment1.py
[2022-07-30 17:07:00,505] {processor.py:641} INFO - Processing file /opt/airflow/dags/assignment_solution/assignment1.py for tasks to queue
[2022-07-30 17:07:00,505] {logging_mixin.py:115} INFO - [2022-07-30 17:07:00,505] {dagbag.py:507} INFO - Filling up the DagBag from /opt/airflow/dags/assignment_solution/assignment1.py
[2022-07-30 17:07:00,522] {processor.py:651} INFO - DAG(s) dict_keys(['assignment_solution']) retrieved from /opt/airflow/dags/assignment_solution/assignment1.py
[2022-07-30 17:07:00,555] {logging_mixin.py:115} INFO - [2022-07-30 17:07:00,555] {dag.py:2379} INFO - Sync 1 DAGs
[2022-07-30 17:07:00,754] {logging_mixin.py:115} INFO - [2022-07-30 17:07:00,754] {dag.py:2931} INFO - Setting next_dagrun for assignment_solution to 2022-07-29T00:00:00+00:00, run_after=2022-07-30T00:00:00+00:00
[2022-07-30 17:07:00,768] {processor.py:161} INFO - Processing /opt/airflow/dags/assignment_solution/assignment1.py took 0.267 seconds
[2022-07-30 17:07:30,921] {processor.py:153} INFO - Started process (PID=3625) to work on /opt/airflow/dags/assignment_solution/assignment1.py
[2022-07-30 17:07:30,936] {processor.py:641} INFO - Processing file /opt/airflow/dags/assignment_solution/assignment1.py for tasks to queue
[2022-07-30 17:07:30,937] {logging_mixin.py:115} INFO - [2022-07-30 17:07:30,937] {dagbag.py:507} INFO - Filling up the DagBag from /opt/airflow/dags/assignment_solution/assignment1.py
[2022-07-30 17:07:30,993] {processor.py:651} INFO - DAG(s) dict_keys(['assignment_solution']) retrieved from /opt/airflow/dags/assignment_solution/assignment1.py
[2022-07-30 17:07:31,048] {logging_mixin.py:115} INFO - [2022-07-30 17:07:31,048] {dag.py:2379} INFO - Sync 1 DAGs
[2022-07-30 17:07:31,261] {logging_mixin.py:115} INFO - [2022-07-30 17:07:31,261] {dag.py:2931} INFO - Setting next_dagrun for assignment_solution to 2022-07-29T00:00:00+00:00, run_after=2022-07-30T00:00:00+00:00
[2022-07-30 17:07:31,274] {processor.py:161} INFO - Processing /opt/airflow/dags/assignment_solution/assignment1.py took 0.371 seconds
[2022-07-30 17:08:01,448] {processor.py:153} INFO - Started process (PID=3699) to work on /opt/airflow/dags/assignment_solution/assignment1.py
[2022-07-30 17:08:01,449] {processor.py:641} INFO - Processing file /opt/airflow/dags/assignment_solution/assignment1.py for tasks to queue
[2022-07-30 17:08:01,450] {logging_mixin.py:115} INFO - [2022-07-30 17:08:01,449] {dagbag.py:507} INFO - Filling up the DagBag from /opt/airflow/dags/assignment_solution/assignment1.py
[2022-07-30 17:08:01,542] {processor.py:651} INFO - DAG(s) dict_keys(['assignment_solution']) retrieved from /opt/airflow/dags/assignment_solution/assignment1.py
[2022-07-30 17:08:01,656] {logging_mixin.py:115} INFO - [2022-07-30 17:08:01,656] {dag.py:2379} INFO - Sync 1 DAGs
[2022-07-30 17:08:02,011] {logging_mixin.py:115} INFO - [2022-07-30 17:08:02,010] {dag.py:2931} INFO - Setting next_dagrun for assignment_solution to 2022-07-29T00:00:00+00:00, run_after=2022-07-30T00:00:00+00:00
[2022-07-30 17:08:02,051] {processor.py:161} INFO - Processing /opt/airflow/dags/assignment_solution/assignment1.py took 0.615 seconds
[2022-07-30 17:08:32,120] {processor.py:153} INFO - Started process (PID=3784) to work on /opt/airflow/dags/assignment_solution/assignment1.py
[2022-07-30 17:08:32,128] {processor.py:641} INFO - Processing file /opt/airflow/dags/assignment_solution/assignment1.py for tasks to queue
[2022-07-30 17:08:32,129] {logging_mixin.py:115} INFO - [2022-07-30 17:08:32,129] {dagbag.py:507} INFO - Filling up the DagBag from /opt/airflow/dags/assignment_solution/assignment1.py
[2022-07-30 17:08:32,163] {processor.py:651} INFO - DAG(s) dict_keys(['assignment_solution']) retrieved from /opt/airflow/dags/assignment_solution/assignment1.py
[2022-07-30 17:08:32,227] {logging_mixin.py:115} INFO - [2022-07-30 17:08:32,227] {dag.py:2379} INFO - Sync 1 DAGs
[2022-07-30 17:08:32,491] {logging_mixin.py:115} INFO - [2022-07-30 17:08:32,491] {dag.py:2931} INFO - Setting next_dagrun for assignment_solution to 2022-07-29T00:00:00+00:00, run_after=2022-07-30T00:00:00+00:00
[2022-07-30 17:08:32,510] {processor.py:161} INFO - Processing /opt/airflow/dags/assignment_solution/assignment1.py took 0.402 seconds
[2022-07-30 17:09:03,055] {processor.py:153} INFO - Started process (PID=3861) to work on /opt/airflow/dags/assignment_solution/assignment1.py
[2022-07-30 17:09:03,068] {processor.py:641} INFO - Processing file /opt/airflow/dags/assignment_solution/assignment1.py for tasks to queue
[2022-07-30 17:09:03,068] {logging_mixin.py:115} INFO - [2022-07-30 17:09:03,068] {dagbag.py:507} INFO - Filling up the DagBag from /opt/airflow/dags/assignment_solution/assignment1.py
[2022-07-30 17:09:03,103] {processor.py:651} INFO - DAG(s) dict_keys(['assignment_solution']) retrieved from /opt/airflow/dags/assignment_solution/assignment1.py
[2022-07-30 17:09:03,143] {logging_mixin.py:115} INFO - [2022-07-30 17:09:03,143] {dag.py:2379} INFO - Sync 1 DAGs
[2022-07-30 17:09:03,398] {logging_mixin.py:115} INFO - [2022-07-30 17:09:03,398] {dag.py:2931} INFO - Setting next_dagrun for assignment_solution to 2022-07-29T00:00:00+00:00, run_after=2022-07-30T00:00:00+00:00
[2022-07-30 17:09:03,424] {processor.py:161} INFO - Processing /opt/airflow/dags/assignment_solution/assignment1.py took 0.372 seconds
[2022-07-30 17:09:33,867] {processor.py:153} INFO - Started process (PID=3941) to work on /opt/airflow/dags/assignment_solution/assignment1.py
[2022-07-30 17:09:33,876] {processor.py:641} INFO - Processing file /opt/airflow/dags/assignment_solution/assignment1.py for tasks to queue
[2022-07-30 17:09:33,876] {logging_mixin.py:115} INFO - [2022-07-30 17:09:33,876] {dagbag.py:507} INFO - Filling up the DagBag from /opt/airflow/dags/assignment_solution/assignment1.py
[2022-07-30 17:09:33,910] {processor.py:651} INFO - DAG(s) dict_keys(['assignment_solution']) retrieved from /opt/airflow/dags/assignment_solution/assignment1.py
[2022-07-30 17:09:33,971] {logging_mixin.py:115} INFO - [2022-07-30 17:09:33,971] {dag.py:2379} INFO - Sync 1 DAGs
[2022-07-30 17:09:34,136] {logging_mixin.py:115} INFO - [2022-07-30 17:09:34,136] {dag.py:2931} INFO - Setting next_dagrun for assignment_solution to 2022-07-29T00:00:00+00:00, run_after=2022-07-30T00:00:00+00:00
[2022-07-30 17:09:34,147] {processor.py:161} INFO - Processing /opt/airflow/dags/assignment_solution/assignment1.py took 0.284 seconds
[2022-07-30 17:10:04,270] {processor.py:153} INFO - Started process (PID=4016) to work on /opt/airflow/dags/assignment_solution/assignment1.py
[2022-07-30 17:10:04,284] {processor.py:641} INFO - Processing file /opt/airflow/dags/assignment_solution/assignment1.py for tasks to queue
[2022-07-30 17:10:04,285] {logging_mixin.py:115} INFO - [2022-07-30 17:10:04,284] {dagbag.py:507} INFO - Filling up the DagBag from /opt/airflow/dags/assignment_solution/assignment1.py
[2022-07-30 17:10:04,319] {processor.py:651} INFO - DAG(s) dict_keys(['assignment_solution']) retrieved from /opt/airflow/dags/assignment_solution/assignment1.py
[2022-07-30 17:10:04,407] {logging_mixin.py:115} INFO - [2022-07-30 17:10:04,407] {dag.py:2379} INFO - Sync 1 DAGs
[2022-07-30 17:10:04,602] {logging_mixin.py:115} INFO - [2022-07-30 17:10:04,601] {dag.py:2931} INFO - Setting next_dagrun for assignment_solution to 2022-07-29T00:00:00+00:00, run_after=2022-07-30T00:00:00+00:00
[2022-07-30 17:10:04,616] {processor.py:161} INFO - Processing /opt/airflow/dags/assignment_solution/assignment1.py took 0.350 seconds
[2022-07-30 17:10:35,123] {processor.py:153} INFO - Started process (PID=4104) to work on /opt/airflow/dags/assignment_solution/assignment1.py
[2022-07-30 17:10:35,127] {processor.py:641} INFO - Processing file /opt/airflow/dags/assignment_solution/assignment1.py for tasks to queue
[2022-07-30 17:10:35,128] {logging_mixin.py:115} INFO - [2022-07-30 17:10:35,128] {dagbag.py:507} INFO - Filling up the DagBag from /opt/airflow/dags/assignment_solution/assignment1.py
[2022-07-30 17:10:35,157] {processor.py:651} INFO - DAG(s) dict_keys(['assignment_solution']) retrieved from /opt/airflow/dags/assignment_solution/assignment1.py
[2022-07-30 17:10:35,193] {logging_mixin.py:115} INFO - [2022-07-30 17:10:35,193] {dag.py:2379} INFO - Sync 1 DAGs
[2022-07-30 17:10:35,638] {logging_mixin.py:115} INFO - [2022-07-30 17:10:35,638] {dag.py:2931} INFO - Setting next_dagrun for assignment_solution to 2022-07-29T00:00:00+00:00, run_after=2022-07-30T00:00:00+00:00
[2022-07-30 17:10:35,653] {processor.py:161} INFO - Processing /opt/airflow/dags/assignment_solution/assignment1.py took 0.534 seconds
[2022-07-30 17:11:06,415] {processor.py:153} INFO - Started process (PID=4180) to work on /opt/airflow/dags/assignment_solution/assignment1.py
[2022-07-30 17:11:06,416] {processor.py:641} INFO - Processing file /opt/airflow/dags/assignment_solution/assignment1.py for tasks to queue
[2022-07-30 17:11:06,416] {logging_mixin.py:115} INFO - [2022-07-30 17:11:06,416] {dagbag.py:507} INFO - Filling up the DagBag from /opt/airflow/dags/assignment_solution/assignment1.py
[2022-07-30 17:11:06,444] {processor.py:651} INFO - DAG(s) dict_keys(['assignment_solution']) retrieved from /opt/airflow/dags/assignment_solution/assignment1.py
[2022-07-30 17:11:06,509] {logging_mixin.py:115} INFO - [2022-07-30 17:11:06,509] {dag.py:2379} INFO - Sync 1 DAGs
[2022-07-30 17:11:06,746] {logging_mixin.py:115} INFO - [2022-07-30 17:11:06,746] {dag.py:2931} INFO - Setting next_dagrun for assignment_solution to 2022-07-29T00:00:00+00:00, run_after=2022-07-30T00:00:00+00:00
[2022-07-30 17:11:06,760] {processor.py:161} INFO - Processing /opt/airflow/dags/assignment_solution/assignment1.py took 0.349 seconds
[2022-07-30 17:11:37,425] {processor.py:153} INFO - Started process (PID=4253) to work on /opt/airflow/dags/assignment_solution/assignment1.py
[2022-07-30 17:11:37,426] {processor.py:641} INFO - Processing file /opt/airflow/dags/assignment_solution/assignment1.py for tasks to queue
[2022-07-30 17:11:37,426] {logging_mixin.py:115} INFO - [2022-07-30 17:11:37,426] {dagbag.py:507} INFO - Filling up the DagBag from /opt/airflow/dags/assignment_solution/assignment1.py
[2022-07-30 17:11:37,501] {processor.py:651} INFO - DAG(s) dict_keys(['assignment_solution']) retrieved from /opt/airflow/dags/assignment_solution/assignment1.py
[2022-07-30 17:11:37,594] {logging_mixin.py:115} INFO - [2022-07-30 17:11:37,594] {dag.py:2379} INFO - Sync 1 DAGs
[2022-07-30 17:11:37,881] {logging_mixin.py:115} INFO - [2022-07-30 17:11:37,880] {dag.py:2931} INFO - Setting next_dagrun for assignment_solution to 2022-07-29T00:00:00+00:00, run_after=2022-07-30T00:00:00+00:00
[2022-07-30 17:11:38,022] {processor.py:161} INFO - Processing /opt/airflow/dags/assignment_solution/assignment1.py took 0.613 seconds
[2022-07-30 17:12:10,189] {processor.py:153} INFO - Started process (PID=4337) to work on /opt/airflow/dags/assignment_solution/assignment1.py
[2022-07-30 17:12:10,191] {processor.py:641} INFO - Processing file /opt/airflow/dags/assignment_solution/assignment1.py for tasks to queue
[2022-07-30 17:12:10,191] {logging_mixin.py:115} INFO - [2022-07-30 17:12:10,191] {dagbag.py:507} INFO - Filling up the DagBag from /opt/airflow/dags/assignment_solution/assignment1.py
[2022-07-30 17:12:10,209] {processor.py:651} INFO - DAG(s) dict_keys(['assignment_solution']) retrieved from /opt/airflow/dags/assignment_solution/assignment1.py
[2022-07-30 17:12:10,244] {logging_mixin.py:115} INFO - [2022-07-30 17:12:10,244] {dag.py:2379} INFO - Sync 1 DAGs
[2022-07-30 17:12:10,478] {logging_mixin.py:115} INFO - [2022-07-30 17:12:10,478] {dag.py:2931} INFO - Setting next_dagrun for assignment_solution to 2022-07-29T00:00:00+00:00, run_after=2022-07-30T00:00:00+00:00
[2022-07-30 17:12:10,493] {processor.py:161} INFO - Processing /opt/airflow/dags/assignment_solution/assignment1.py took 0.308 seconds
[2022-07-30 17:12:40,709] {processor.py:153} INFO - Started process (PID=4410) to work on /opt/airflow/dags/assignment_solution/assignment1.py
[2022-07-30 17:12:40,709] {processor.py:641} INFO - Processing file /opt/airflow/dags/assignment_solution/assignment1.py for tasks to queue
[2022-07-30 17:12:40,709] {logging_mixin.py:115} INFO - [2022-07-30 17:12:40,709] {dagbag.py:507} INFO - Filling up the DagBag from /opt/airflow/dags/assignment_solution/assignment1.py
[2022-07-30 17:12:40,722] {processor.py:651} INFO - DAG(s) dict_keys(['assignment_solution']) retrieved from /opt/airflow/dags/assignment_solution/assignment1.py
[2022-07-30 17:12:40,744] {logging_mixin.py:115} INFO - [2022-07-30 17:12:40,744] {dag.py:2379} INFO - Sync 1 DAGs
[2022-07-30 17:12:40,893] {logging_mixin.py:115} INFO - [2022-07-30 17:12:40,893] {dag.py:2931} INFO - Setting next_dagrun for assignment_solution to 2022-07-29T00:00:00+00:00, run_after=2022-07-30T00:00:00+00:00
[2022-07-30 17:12:40,903] {processor.py:161} INFO - Processing /opt/airflow/dags/assignment_solution/assignment1.py took 0.197 seconds
[2022-07-30 17:13:14,480] {processor.py:153} INFO - Started process (PID=4492) to work on /opt/airflow/dags/assignment_solution/assignment1.py
[2022-07-30 17:13:14,481] {processor.py:641} INFO - Processing file /opt/airflow/dags/assignment_solution/assignment1.py for tasks to queue
[2022-07-30 17:13:14,481] {logging_mixin.py:115} INFO - [2022-07-30 17:13:14,481] {dagbag.py:507} INFO - Filling up the DagBag from /opt/airflow/dags/assignment_solution/assignment1.py
[2022-07-30 17:13:14,516] {processor.py:651} INFO - DAG(s) dict_keys(['assignment_solution']) retrieved from /opt/airflow/dags/assignment_solution/assignment1.py
[2022-07-30 17:13:14,579] {logging_mixin.py:115} INFO - [2022-07-30 17:13:14,578] {dag.py:2379} INFO - Sync 1 DAGs
[2022-07-30 17:13:14,946] {logging_mixin.py:115} INFO - [2022-07-30 17:13:14,946] {dag.py:2931} INFO - Setting next_dagrun for assignment_solution to 2022-07-29T00:00:00+00:00, run_after=2022-07-30T00:00:00+00:00
[2022-07-30 17:13:14,979] {processor.py:161} INFO - Processing /opt/airflow/dags/assignment_solution/assignment1.py took 0.515 seconds
[2022-07-30 17:13:45,217] {processor.py:153} INFO - Started process (PID=4565) to work on /opt/airflow/dags/assignment_solution/assignment1.py
[2022-07-30 17:13:45,217] {processor.py:641} INFO - Processing file /opt/airflow/dags/assignment_solution/assignment1.py for tasks to queue
[2022-07-30 17:13:45,218] {logging_mixin.py:115} INFO - [2022-07-30 17:13:45,218] {dagbag.py:507} INFO - Filling up the DagBag from /opt/airflow/dags/assignment_solution/assignment1.py
[2022-07-30 17:13:45,235] {processor.py:651} INFO - DAG(s) dict_keys(['assignment_solution']) retrieved from /opt/airflow/dags/assignment_solution/assignment1.py
[2022-07-30 17:13:45,267] {logging_mixin.py:115} INFO - [2022-07-30 17:13:45,267] {dag.py:2379} INFO - Sync 1 DAGs
[2022-07-30 17:13:45,470] {logging_mixin.py:115} INFO - [2022-07-30 17:13:45,470] {dag.py:2931} INFO - Setting next_dagrun for assignment_solution to 2022-07-29T00:00:00+00:00, run_after=2022-07-30T00:00:00+00:00
[2022-07-30 17:13:45,485] {processor.py:161} INFO - Processing /opt/airflow/dags/assignment_solution/assignment1.py took 0.272 seconds
[2022-07-30 17:14:15,770] {processor.py:153} INFO - Started process (PID=4637) to work on /opt/airflow/dags/assignment_solution/assignment1.py
[2022-07-30 17:14:15,771] {processor.py:641} INFO - Processing file /opt/airflow/dags/assignment_solution/assignment1.py for tasks to queue
[2022-07-30 17:14:15,772] {logging_mixin.py:115} INFO - [2022-07-30 17:14:15,772] {dagbag.py:507} INFO - Filling up the DagBag from /opt/airflow/dags/assignment_solution/assignment1.py
[2022-07-30 17:14:15,794] {processor.py:651} INFO - DAG(s) dict_keys(['assignment_solution']) retrieved from /opt/airflow/dags/assignment_solution/assignment1.py
[2022-07-30 17:14:15,824] {logging_mixin.py:115} INFO - [2022-07-30 17:14:15,824] {dag.py:2379} INFO - Sync 1 DAGs
[2022-07-30 17:14:15,858] {logging_mixin.py:115} INFO - [2022-07-30 17:14:15,858] {dag.py:2931} INFO - Setting next_dagrun for assignment_solution to 2022-07-29T00:00:00+00:00, run_after=2022-07-30T00:00:00+00:00
[2022-07-30 17:14:15,874] {processor.py:161} INFO - Processing /opt/airflow/dags/assignment_solution/assignment1.py took 0.107 seconds
[2022-07-30 17:14:46,260] {processor.py:153} INFO - Started process (PID=4709) to work on /opt/airflow/dags/assignment_solution/assignment1.py
[2022-07-30 17:14:46,260] {processor.py:641} INFO - Processing file /opt/airflow/dags/assignment_solution/assignment1.py for tasks to queue
[2022-07-30 17:14:46,261] {logging_mixin.py:115} INFO - [2022-07-30 17:14:46,261] {dagbag.py:507} INFO - Filling up the DagBag from /opt/airflow/dags/assignment_solution/assignment1.py
[2022-07-30 17:14:46,307] {processor.py:651} INFO - DAG(s) dict_keys(['assignment_solution']) retrieved from /opt/airflow/dags/assignment_solution/assignment1.py
[2022-07-30 17:14:46,366] {logging_mixin.py:115} INFO - [2022-07-30 17:14:46,366] {dag.py:2379} INFO - Sync 1 DAGs
[2022-07-30 17:14:46,444] {logging_mixin.py:115} INFO - [2022-07-30 17:14:46,444] {dag.py:2931} INFO - Setting next_dagrun for assignment_solution to 2022-07-29T00:00:00+00:00, run_after=2022-07-30T00:00:00+00:00
[2022-07-30 17:14:46,492] {processor.py:161} INFO - Processing /opt/airflow/dags/assignment_solution/assignment1.py took 0.236 seconds
[2022-07-30 17:15:17,459] {processor.py:153} INFO - Started process (PID=4789) to work on /opt/airflow/dags/assignment_solution/assignment1.py
[2022-07-30 17:15:17,476] {processor.py:641} INFO - Processing file /opt/airflow/dags/assignment_solution/assignment1.py for tasks to queue
[2022-07-30 17:15:17,477] {logging_mixin.py:115} INFO - [2022-07-30 17:15:17,476] {dagbag.py:507} INFO - Filling up the DagBag from /opt/airflow/dags/assignment_solution/assignment1.py
[2022-07-30 17:15:17,527] {processor.py:651} INFO - DAG(s) dict_keys(['assignment_solution']) retrieved from /opt/airflow/dags/assignment_solution/assignment1.py
[2022-07-30 17:15:17,640] {logging_mixin.py:115} INFO - [2022-07-30 17:15:17,640] {dag.py:2379} INFO - Sync 1 DAGs
[2022-07-30 17:15:17,752] {logging_mixin.py:115} INFO - [2022-07-30 17:15:17,752] {dag.py:2931} INFO - Setting next_dagrun for assignment_solution to 2022-07-29T00:00:00+00:00, run_after=2022-07-30T00:00:00+00:00
[2022-07-30 17:15:17,792] {processor.py:161} INFO - Processing /opt/airflow/dags/assignment_solution/assignment1.py took 0.336 seconds
[2022-07-30 17:15:48,433] {processor.py:153} INFO - Started process (PID=4867) to work on /opt/airflow/dags/assignment_solution/assignment1.py
[2022-07-30 17:15:48,434] {processor.py:641} INFO - Processing file /opt/airflow/dags/assignment_solution/assignment1.py for tasks to queue
[2022-07-30 17:15:48,435] {logging_mixin.py:115} INFO - [2022-07-30 17:15:48,435] {dagbag.py:507} INFO - Filling up the DagBag from /opt/airflow/dags/assignment_solution/assignment1.py
[2022-07-30 17:15:48,459] {processor.py:651} INFO - DAG(s) dict_keys(['assignment_solution']) retrieved from /opt/airflow/dags/assignment_solution/assignment1.py
[2022-07-30 17:15:48,501] {logging_mixin.py:115} INFO - [2022-07-30 17:15:48,500] {dag.py:2379} INFO - Sync 1 DAGs
[2022-07-30 17:15:48,562] {logging_mixin.py:115} INFO - [2022-07-30 17:15:48,562] {dag.py:2931} INFO - Setting next_dagrun for assignment_solution to 2022-07-29T00:00:00+00:00, run_after=2022-07-30T00:00:00+00:00
[2022-07-30 17:15:48,580] {processor.py:161} INFO - Processing /opt/airflow/dags/assignment_solution/assignment1.py took 0.152 seconds
[2022-07-30 17:16:18,849] {processor.py:153} INFO - Started process (PID=4940) to work on /opt/airflow/dags/assignment_solution/assignment1.py
[2022-07-30 17:16:18,849] {processor.py:641} INFO - Processing file /opt/airflow/dags/assignment_solution/assignment1.py for tasks to queue
[2022-07-30 17:16:18,850] {logging_mixin.py:115} INFO - [2022-07-30 17:16:18,850] {dagbag.py:507} INFO - Filling up the DagBag from /opt/airflow/dags/assignment_solution/assignment1.py
[2022-07-30 17:16:18,867] {processor.py:651} INFO - DAG(s) dict_keys(['assignment_solution']) retrieved from /opt/airflow/dags/assignment_solution/assignment1.py
[2022-07-30 17:16:18,899] {logging_mixin.py:115} INFO - [2022-07-30 17:16:18,899] {dag.py:2379} INFO - Sync 1 DAGs
[2022-07-30 17:16:18,936] {logging_mixin.py:115} INFO - [2022-07-30 17:16:18,935] {dag.py:2931} INFO - Setting next_dagrun for assignment_solution to 2022-07-29T00:00:00+00:00, run_after=2022-07-30T00:00:00+00:00
[2022-07-30 17:16:18,952] {processor.py:161} INFO - Processing /opt/airflow/dags/assignment_solution/assignment1.py took 0.108 seconds
[2022-07-30 17:16:50,160] {processor.py:153} INFO - Started process (PID=5027) to work on /opt/airflow/dags/assignment_solution/assignment1.py
[2022-07-30 17:16:50,160] {processor.py:641} INFO - Processing file /opt/airflow/dags/assignment_solution/assignment1.py for tasks to queue
[2022-07-30 17:16:50,161] {logging_mixin.py:115} INFO - [2022-07-30 17:16:50,161] {dagbag.py:507} INFO - Filling up the DagBag from /opt/airflow/dags/assignment_solution/assignment1.py
[2022-07-30 17:16:50,194] {processor.py:651} INFO - DAG(s) dict_keys(['assignment_solution']) retrieved from /opt/airflow/dags/assignment_solution/assignment1.py
[2022-07-30 17:16:50,252] {logging_mixin.py:115} INFO - [2022-07-30 17:16:50,252] {dag.py:2379} INFO - Sync 1 DAGs
[2022-07-30 17:16:50,366] {logging_mixin.py:115} INFO - [2022-07-30 17:16:50,366] {dag.py:2931} INFO - Setting next_dagrun for assignment_solution to 2022-07-29T00:00:00+00:00, run_after=2022-07-30T00:00:00+00:00
[2022-07-30 17:16:50,412] {processor.py:161} INFO - Processing /opt/airflow/dags/assignment_solution/assignment1.py took 0.264 seconds
[2022-07-30 17:17:20,761] {processor.py:153} INFO - Started process (PID=5098) to work on /opt/airflow/dags/assignment_solution/assignment1.py
[2022-07-30 17:17:20,762] {processor.py:641} INFO - Processing file /opt/airflow/dags/assignment_solution/assignment1.py for tasks to queue
[2022-07-30 17:17:20,763] {logging_mixin.py:115} INFO - [2022-07-30 17:17:20,763] {dagbag.py:507} INFO - Filling up the DagBag from /opt/airflow/dags/assignment_solution/assignment1.py
[2022-07-30 17:17:20,780] {processor.py:651} INFO - DAG(s) dict_keys(['assignment_solution']) retrieved from /opt/airflow/dags/assignment_solution/assignment1.py
[2022-07-30 17:17:20,813] {logging_mixin.py:115} INFO - [2022-07-30 17:17:20,813] {dag.py:2379} INFO - Sync 1 DAGs
[2022-07-30 17:17:20,846] {logging_mixin.py:115} INFO - [2022-07-30 17:17:20,846] {dag.py:2931} INFO - Setting next_dagrun for assignment_solution to 2022-07-29T00:00:00+00:00, run_after=2022-07-30T00:00:00+00:00
[2022-07-30 17:17:20,862] {processor.py:161} INFO - Processing /opt/airflow/dags/assignment_solution/assignment1.py took 0.104 seconds
[2022-07-30 17:17:51,645] {processor.py:153} INFO - Started process (PID=5176) to work on /opt/airflow/dags/assignment_solution/assignment1.py
[2022-07-30 17:17:51,645] {processor.py:641} INFO - Processing file /opt/airflow/dags/assignment_solution/assignment1.py for tasks to queue
[2022-07-30 17:17:51,646] {logging_mixin.py:115} INFO - [2022-07-30 17:17:51,646] {dagbag.py:507} INFO - Filling up the DagBag from /opt/airflow/dags/assignment_solution/assignment1.py
[2022-07-30 17:17:51,687] {processor.py:651} INFO - DAG(s) dict_keys(['assignment_solution']) retrieved from /opt/airflow/dags/assignment_solution/assignment1.py
[2022-07-30 17:17:51,764] {logging_mixin.py:115} INFO - [2022-07-30 17:17:51,764] {dag.py:2379} INFO - Sync 1 DAGs
[2022-07-30 17:17:51,892] {logging_mixin.py:115} INFO - [2022-07-30 17:17:51,892] {dag.py:2931} INFO - Setting next_dagrun for assignment_solution to 2022-07-29T00:00:00+00:00, run_after=2022-07-30T00:00:00+00:00
[2022-07-30 17:17:51,972] {processor.py:161} INFO - Processing /opt/airflow/dags/assignment_solution/assignment1.py took 0.335 seconds
[2022-07-30 17:18:22,296] {processor.py:153} INFO - Started process (PID=5264) to work on /opt/airflow/dags/assignment_solution/assignment1.py
[2022-07-30 17:18:22,296] {processor.py:641} INFO - Processing file /opt/airflow/dags/assignment_solution/assignment1.py for tasks to queue
[2022-07-30 17:18:22,297] {logging_mixin.py:115} INFO - [2022-07-30 17:18:22,297] {dagbag.py:507} INFO - Filling up the DagBag from /opt/airflow/dags/assignment_solution/assignment1.py
[2022-07-30 17:18:22,310] {processor.py:651} INFO - DAG(s) dict_keys(['assignment_solution']) retrieved from /opt/airflow/dags/assignment_solution/assignment1.py
[2022-07-30 17:18:22,332] {logging_mixin.py:115} INFO - [2022-07-30 17:18:22,332] {dag.py:2379} INFO - Sync 1 DAGs
[2022-07-30 17:18:22,354] {logging_mixin.py:115} INFO - [2022-07-30 17:18:22,354] {dag.py:2931} INFO - Setting next_dagrun for assignment_solution to 2022-07-29T00:00:00+00:00, run_after=2022-07-30T00:00:00+00:00
[2022-07-30 17:18:22,364] {processor.py:161} INFO - Processing /opt/airflow/dags/assignment_solution/assignment1.py took 0.072 seconds
[2022-07-30 17:18:52,723] {processor.py:153} INFO - Started process (PID=5340) to work on /opt/airflow/dags/assignment_solution/assignment1.py
[2022-07-30 17:18:52,726] {processor.py:641} INFO - Processing file /opt/airflow/dags/assignment_solution/assignment1.py for tasks to queue
[2022-07-30 17:18:52,726] {logging_mixin.py:115} INFO - [2022-07-30 17:18:52,726] {dagbag.py:507} INFO - Filling up the DagBag from /opt/airflow/dags/assignment_solution/assignment1.py
[2022-07-30 17:18:52,763] {processor.py:651} INFO - DAG(s) dict_keys(['assignment_solution']) retrieved from /opt/airflow/dags/assignment_solution/assignment1.py
[2022-07-30 17:18:52,827] {logging_mixin.py:115} INFO - [2022-07-30 17:18:52,827] {dag.py:2379} INFO - Sync 1 DAGs
[2022-07-30 17:18:52,926] {logging_mixin.py:115} INFO - [2022-07-30 17:18:52,926] {dag.py:2931} INFO - Setting next_dagrun for assignment_solution to 2022-07-29T00:00:00+00:00, run_after=2022-07-30T00:00:00+00:00
[2022-07-30 17:18:52,986] {processor.py:161} INFO - Processing /opt/airflow/dags/assignment_solution/assignment1.py took 0.271 seconds
[2022-07-30 17:19:23,351] {processor.py:153} INFO - Started process (PID=5420) to work on /opt/airflow/dags/assignment_solution/assignment1.py
[2022-07-30 17:19:23,356] {processor.py:641} INFO - Processing file /opt/airflow/dags/assignment_solution/assignment1.py for tasks to queue
[2022-07-30 17:19:23,356] {logging_mixin.py:115} INFO - [2022-07-30 17:19:23,356] {dagbag.py:507} INFO - Filling up the DagBag from /opt/airflow/dags/assignment_solution/assignment1.py
[2022-07-30 17:19:23,416] {processor.py:651} INFO - DAG(s) dict_keys(['assignment_solution']) retrieved from /opt/airflow/dags/assignment_solution/assignment1.py
[2022-07-30 17:19:23,488] {logging_mixin.py:115} INFO - [2022-07-30 17:19:23,488] {dag.py:2379} INFO - Sync 1 DAGs
[2022-07-30 17:19:23,603] {logging_mixin.py:115} INFO - [2022-07-30 17:19:23,603] {dag.py:2931} INFO - Setting next_dagrun for assignment_solution to 2022-07-29T00:00:00+00:00, run_after=2022-07-30T00:00:00+00:00
[2022-07-30 17:19:23,653] {processor.py:161} INFO - Processing /opt/airflow/dags/assignment_solution/assignment1.py took 0.313 seconds
[2022-07-30 17:19:53,720] {processor.py:153} INFO - Started process (PID=5499) to work on /opt/airflow/dags/assignment_solution/assignment1.py
[2022-07-30 17:19:53,720] {processor.py:641} INFO - Processing file /opt/airflow/dags/assignment_solution/assignment1.py for tasks to queue
[2022-07-30 17:19:53,721] {logging_mixin.py:115} INFO - [2022-07-30 17:19:53,721] {dagbag.py:507} INFO - Filling up the DagBag from /opt/airflow/dags/assignment_solution/assignment1.py
[2022-07-30 17:19:53,740] {processor.py:651} INFO - DAG(s) dict_keys(['assignment_solution']) retrieved from /opt/airflow/dags/assignment_solution/assignment1.py
[2022-07-30 17:19:53,772] {logging_mixin.py:115} INFO - [2022-07-30 17:19:53,772] {dag.py:2379} INFO - Sync 1 DAGs
[2022-07-30 17:19:53,805] {logging_mixin.py:115} INFO - [2022-07-30 17:19:53,805] {dag.py:2931} INFO - Setting next_dagrun for assignment_solution to 2022-07-29T00:00:00+00:00, run_after=2022-07-30T00:00:00+00:00
[2022-07-30 17:19:53,819] {processor.py:161} INFO - Processing /opt/airflow/dags/assignment_solution/assignment1.py took 0.103 seconds
