[2022-07-05 10:13:14,601] {taskinstance.py:1159} INFO - Dependencies all met for <TaskInstance: trigger_rules.task3 manual__2022-07-05T10:13:07.904694+00:00 [queued]>
[2022-07-05 10:13:14,727] {taskinstance.py:1159} INFO - Dependencies all met for <TaskInstance: trigger_rules.task3 manual__2022-07-05T10:13:07.904694+00:00 [queued]>
[2022-07-05 10:13:14,728] {taskinstance.py:1356} INFO - 
--------------------------------------------------------------------------------
[2022-07-05 10:13:14,729] {taskinstance.py:1357} INFO - Starting attempt 1 of 1
[2022-07-05 10:13:14,733] {taskinstance.py:1358} INFO - 
--------------------------------------------------------------------------------
[2022-07-05 10:13:14,917] {taskinstance.py:1377} INFO - Executing <Task(BashOperator): task3> on 2022-07-05 10:13:07.904694+00:00
[2022-07-05 10:13:14,932] {standard_task_runner.py:52} INFO - Started process 2273 to run task
[2022-07-05 10:13:14,948] {standard_task_runner.py:79} INFO - Running: ['***', 'tasks', 'run', 'trigger_rules', 'task3', 'manual__2022-07-05T10:13:07.904694+00:00', '--job-id', '147', '--raw', '--subdir', 'DAGS_FOLDER/triggers_rules.py', '--cfg-path', '/tmp/tmp35d6rxn9', '--error-file', '/tmp/tmptoq_zxhn']
[2022-07-05 10:13:14,949] {standard_task_runner.py:80} INFO - Job 147: Subtask task3
[2022-07-05 10:13:15,332] {task_command.py:370} INFO - Running <TaskInstance: trigger_rules.task3 manual__2022-07-05T10:13:07.904694+00:00 [running]> on host dfb99dfc9d64
[2022-07-05 10:13:15,820] {taskinstance.py:1571} INFO - Exporting the following env vars:
AIRFLOW_CTX_DAG_OWNER=***
AIRFLOW_CTX_DAG_ID=trigger_rules
AIRFLOW_CTX_TASK_ID=task3
AIRFLOW_CTX_EXECUTION_DATE=2022-07-05T10:13:07.904694+00:00
AIRFLOW_CTX_TRY_NUMBER=1
AIRFLOW_CTX_DAG_RUN_ID=manual__2022-07-05T10:13:07.904694+00:00
[2022-07-05 10:13:15,821] {subprocess.py:62} INFO - Tmp dir root location: 
 /tmp
[2022-07-05 10:13:15,822] {subprocess.py:74} INFO - Running command: ['bash', '-c', 'exit 0']
[2022-07-05 10:13:15,869] {subprocess.py:85} INFO - Output:
[2022-07-05 10:13:15,881] {subprocess.py:96} INFO - Command exited with return code 0
[2022-07-05 10:13:16,038] {taskinstance.py:1400} INFO - Marking task as SUCCESS. dag_id=trigger_rules, task_id=task3, execution_date=20220705T101307, start_date=20220705T101314, end_date=20220705T101316
[2022-07-05 10:13:16,170] {local_task_job.py:156} INFO - Task exited with return code 0
[2022-07-05 10:13:16,288] {local_task_job.py:273} INFO - 0 downstream tasks scheduled from follow-on schedule check
