[2022-07-31 04:35:44,653] {processor.py:153} INFO - Started process (PID=77) to work on /opt/airflow/dags/queues_priority/queues.py
[2022-07-31 04:35:44,655] {processor.py:641} INFO - Processing file /opt/airflow/dags/queues_priority/queues.py for tasks to queue
[2022-07-31 04:35:44,660] {logging_mixin.py:115} INFO - [2022-07-31 04:35:44,660] {dagbag.py:507} INFO - Filling up the DagBag from /opt/airflow/dags/queues_priority/queues.py
[2022-07-31 04:35:44,733] {processor.py:651} INFO - DAG(s) dict_keys(['specific_queues']) retrieved from /opt/airflow/dags/queues_priority/queues.py
[2022-07-31 04:35:44,922] {logging_mixin.py:115} INFO - [2022-07-31 04:35:44,922] {dag.py:2379} INFO - Sync 1 DAGs
[2022-07-31 04:35:45,065] {logging_mixin.py:115} INFO - [2022-07-31 04:35:45,065] {dag.py:2931} INFO - Setting next_dagrun for specific_queues to 2022-07-27T06:25:00+00:00, run_after=2022-07-27T06:30:00+00:00
[2022-07-31 04:35:45,150] {processor.py:161} INFO - Processing /opt/airflow/dags/queues_priority/queues.py took 0.513 seconds
[2022-07-31 04:36:15,422] {processor.py:153} INFO - Started process (PID=150) to work on /opt/airflow/dags/queues_priority/queues.py
[2022-07-31 04:36:15,422] {processor.py:641} INFO - Processing file /opt/airflow/dags/queues_priority/queues.py for tasks to queue
[2022-07-31 04:36:15,428] {logging_mixin.py:115} INFO - [2022-07-31 04:36:15,428] {dagbag.py:507} INFO - Filling up the DagBag from /opt/airflow/dags/queues_priority/queues.py
[2022-07-31 04:36:15,470] {processor.py:651} INFO - DAG(s) dict_keys(['specific_queues']) retrieved from /opt/airflow/dags/queues_priority/queues.py
[2022-07-31 04:36:15,527] {logging_mixin.py:115} INFO - [2022-07-31 04:36:15,526] {dag.py:2379} INFO - Sync 1 DAGs
[2022-07-31 04:36:15,595] {logging_mixin.py:115} INFO - [2022-07-31 04:36:15,595] {dag.py:2931} INFO - Setting next_dagrun for specific_queues to 2022-07-27T06:25:00+00:00, run_after=2022-07-27T06:30:00+00:00
[2022-07-31 04:36:15,626] {processor.py:161} INFO - Processing /opt/airflow/dags/queues_priority/queues.py took 0.208 seconds
[2022-07-31 04:36:45,963] {processor.py:153} INFO - Started process (PID=223) to work on /opt/airflow/dags/queues_priority/queues.py
[2022-07-31 04:36:45,971] {processor.py:641} INFO - Processing file /opt/airflow/dags/queues_priority/queues.py for tasks to queue
[2022-07-31 04:36:45,972] {logging_mixin.py:115} INFO - [2022-07-31 04:36:45,972] {dagbag.py:507} INFO - Filling up the DagBag from /opt/airflow/dags/queues_priority/queues.py
[2022-07-31 04:36:46,026] {processor.py:651} INFO - DAG(s) dict_keys(['specific_queues']) retrieved from /opt/airflow/dags/queues_priority/queues.py
[2022-07-31 04:36:46,136] {logging_mixin.py:115} INFO - [2022-07-31 04:36:46,135] {dag.py:2379} INFO - Sync 1 DAGs
[2022-07-31 04:36:46,224] {logging_mixin.py:115} INFO - [2022-07-31 04:36:46,224] {dag.py:2931} INFO - Setting next_dagrun for specific_queues to 2022-07-27T06:25:00+00:00, run_after=2022-07-27T06:30:00+00:00
[2022-07-31 04:36:46,281] {processor.py:161} INFO - Processing /opt/airflow/dags/queues_priority/queues.py took 0.329 seconds
[2022-07-31 04:37:17,095] {processor.py:153} INFO - Started process (PID=298) to work on /opt/airflow/dags/queues_priority/queues.py
[2022-07-31 04:37:17,107] {processor.py:641} INFO - Processing file /opt/airflow/dags/queues_priority/queues.py for tasks to queue
[2022-07-31 04:37:17,110] {logging_mixin.py:115} INFO - [2022-07-31 04:37:17,109] {dagbag.py:507} INFO - Filling up the DagBag from /opt/airflow/dags/queues_priority/queues.py
[2022-07-31 04:37:17,153] {processor.py:651} INFO - DAG(s) dict_keys(['specific_queues']) retrieved from /opt/airflow/dags/queues_priority/queues.py
[2022-07-31 04:37:17,196] {logging_mixin.py:115} INFO - [2022-07-31 04:37:17,196] {dag.py:2379} INFO - Sync 1 DAGs
[2022-07-31 04:37:17,250] {logging_mixin.py:115} INFO - [2022-07-31 04:37:17,249] {dag.py:2931} INFO - Setting next_dagrun for specific_queues to 2022-07-27T06:25:00+00:00, run_after=2022-07-27T06:30:00+00:00
[2022-07-31 04:37:17,279] {processor.py:161} INFO - Processing /opt/airflow/dags/queues_priority/queues.py took 0.201 seconds
[2022-07-31 04:37:48,205] {processor.py:153} INFO - Started process (PID=371) to work on /opt/airflow/dags/queues_priority/queues.py
[2022-07-31 04:37:48,206] {processor.py:641} INFO - Processing file /opt/airflow/dags/queues_priority/queues.py for tasks to queue
[2022-07-31 04:37:48,208] {logging_mixin.py:115} INFO - [2022-07-31 04:37:48,208] {dagbag.py:507} INFO - Filling up the DagBag from /opt/airflow/dags/queues_priority/queues.py
[2022-07-31 04:37:48,230] {processor.py:651} INFO - DAG(s) dict_keys(['specific_queues']) retrieved from /opt/airflow/dags/queues_priority/queues.py
[2022-07-31 04:37:48,297] {logging_mixin.py:115} INFO - [2022-07-31 04:37:48,297] {dag.py:2379} INFO - Sync 1 DAGs
[2022-07-31 04:37:48,365] {logging_mixin.py:115} INFO - [2022-07-31 04:37:48,365] {dag.py:2931} INFO - Setting next_dagrun for specific_queues to 2022-07-27T06:25:00+00:00, run_after=2022-07-27T06:30:00+00:00
[2022-07-31 04:37:48,413] {processor.py:161} INFO - Processing /opt/airflow/dags/queues_priority/queues.py took 0.214 seconds
[2022-07-31 04:38:18,691] {processor.py:153} INFO - Started process (PID=452) to work on /opt/airflow/dags/queues_priority/queues.py
[2022-07-31 04:38:18,692] {processor.py:641} INFO - Processing file /opt/airflow/dags/queues_priority/queues.py for tasks to queue
[2022-07-31 04:38:18,693] {logging_mixin.py:115} INFO - [2022-07-31 04:38:18,693] {dagbag.py:507} INFO - Filling up the DagBag from /opt/airflow/dags/queues_priority/queues.py
[2022-07-31 04:38:18,709] {processor.py:651} INFO - DAG(s) dict_keys(['specific_queues']) retrieved from /opt/airflow/dags/queues_priority/queues.py
[2022-07-31 04:38:18,741] {logging_mixin.py:115} INFO - [2022-07-31 04:38:18,741] {dag.py:2379} INFO - Sync 1 DAGs
[2022-07-31 04:38:18,777] {logging_mixin.py:115} INFO - [2022-07-31 04:38:18,777] {dag.py:2931} INFO - Setting next_dagrun for specific_queues to 2022-07-27T06:25:00+00:00, run_after=2022-07-27T06:30:00+00:00
[2022-07-31 04:38:18,793] {processor.py:161} INFO - Processing /opt/airflow/dags/queues_priority/queues.py took 0.106 seconds
[2022-07-31 04:38:49,314] {processor.py:153} INFO - Started process (PID=524) to work on /opt/airflow/dags/queues_priority/queues.py
[2022-07-31 04:38:49,317] {processor.py:641} INFO - Processing file /opt/airflow/dags/queues_priority/queues.py for tasks to queue
[2022-07-31 04:38:49,322] {logging_mixin.py:115} INFO - [2022-07-31 04:38:49,322] {dagbag.py:507} INFO - Filling up the DagBag from /opt/airflow/dags/queues_priority/queues.py
[2022-07-31 04:38:49,333] {processor.py:651} INFO - DAG(s) dict_keys(['specific_queues']) retrieved from /opt/airflow/dags/queues_priority/queues.py
[2022-07-31 04:38:49,371] {logging_mixin.py:115} INFO - [2022-07-31 04:38:49,371] {dag.py:2379} INFO - Sync 1 DAGs
[2022-07-31 04:38:49,418] {logging_mixin.py:115} INFO - [2022-07-31 04:38:49,418] {dag.py:2931} INFO - Setting next_dagrun for specific_queues to 2022-07-27T06:25:00+00:00, run_after=2022-07-27T06:30:00+00:00
[2022-07-31 04:38:49,430] {processor.py:161} INFO - Processing /opt/airflow/dags/queues_priority/queues.py took 0.120 seconds
[2022-07-31 04:39:19,490] {processor.py:153} INFO - Started process (PID=605) to work on /opt/airflow/dags/queues_priority/queues.py
[2022-07-31 04:39:19,491] {processor.py:641} INFO - Processing file /opt/airflow/dags/queues_priority/queues.py for tasks to queue
[2022-07-31 04:39:19,493] {logging_mixin.py:115} INFO - [2022-07-31 04:39:19,492] {dagbag.py:507} INFO - Filling up the DagBag from /opt/airflow/dags/queues_priority/queues.py
[2022-07-31 04:39:19,508] {processor.py:651} INFO - DAG(s) dict_keys(['specific_queues']) retrieved from /opt/airflow/dags/queues_priority/queues.py
[2022-07-31 04:39:19,544] {logging_mixin.py:115} INFO - [2022-07-31 04:39:19,544] {dag.py:2379} INFO - Sync 1 DAGs
[2022-07-31 04:39:19,579] {logging_mixin.py:115} INFO - [2022-07-31 04:39:19,579] {dag.py:2931} INFO - Setting next_dagrun for specific_queues to 2022-07-27T06:25:00+00:00, run_after=2022-07-27T06:30:00+00:00
[2022-07-31 04:39:19,600] {processor.py:161} INFO - Processing /opt/airflow/dags/queues_priority/queues.py took 0.114 seconds
[2022-07-31 04:39:50,351] {processor.py:153} INFO - Started process (PID=677) to work on /opt/airflow/dags/queues_priority/queues.py
[2022-07-31 04:39:50,376] {processor.py:641} INFO - Processing file /opt/airflow/dags/queues_priority/queues.py for tasks to queue
[2022-07-31 04:39:50,377] {logging_mixin.py:115} INFO - [2022-07-31 04:39:50,377] {dagbag.py:507} INFO - Filling up the DagBag from /opt/airflow/dags/queues_priority/queues.py
[2022-07-31 04:39:50,439] {processor.py:651} INFO - DAG(s) dict_keys(['specific_queues']) retrieved from /opt/airflow/dags/queues_priority/queues.py
[2022-07-31 04:39:50,504] {logging_mixin.py:115} INFO - [2022-07-31 04:39:50,504] {dag.py:2379} INFO - Sync 1 DAGs
[2022-07-31 04:39:50,570] {logging_mixin.py:115} INFO - [2022-07-31 04:39:50,570] {dag.py:2931} INFO - Setting next_dagrun for specific_queues to 2022-07-27T06:25:00+00:00, run_after=2022-07-27T06:30:00+00:00
[2022-07-31 04:39:50,605] {processor.py:161} INFO - Processing /opt/airflow/dags/queues_priority/queues.py took 0.293 seconds
[2022-07-31 04:40:20,872] {processor.py:153} INFO - Started process (PID=758) to work on /opt/airflow/dags/queues_priority/queues.py
[2022-07-31 04:40:20,874] {processor.py:641} INFO - Processing file /opt/airflow/dags/queues_priority/queues.py for tasks to queue
[2022-07-31 04:40:20,875] {logging_mixin.py:115} INFO - [2022-07-31 04:40:20,875] {dagbag.py:507} INFO - Filling up the DagBag from /opt/airflow/dags/queues_priority/queues.py
[2022-07-31 04:40:20,891] {processor.py:651} INFO - DAG(s) dict_keys(['specific_queues']) retrieved from /opt/airflow/dags/queues_priority/queues.py
[2022-07-31 04:40:20,925] {logging_mixin.py:115} INFO - [2022-07-31 04:40:20,925] {dag.py:2379} INFO - Sync 1 DAGs
[2022-07-31 04:40:20,963] {logging_mixin.py:115} INFO - [2022-07-31 04:40:20,963] {dag.py:2931} INFO - Setting next_dagrun for specific_queues to 2022-07-27T06:25:00+00:00, run_after=2022-07-27T06:30:00+00:00
[2022-07-31 04:40:20,985] {processor.py:161} INFO - Processing /opt/airflow/dags/queues_priority/queues.py took 0.116 seconds
[2022-07-31 04:40:51,020] {processor.py:153} INFO - Started process (PID=829) to work on /opt/airflow/dags/queues_priority/queues.py
[2022-07-31 04:40:51,021] {processor.py:641} INFO - Processing file /opt/airflow/dags/queues_priority/queues.py for tasks to queue
[2022-07-31 04:40:51,022] {logging_mixin.py:115} INFO - [2022-07-31 04:40:51,022] {dagbag.py:507} INFO - Filling up the DagBag from /opt/airflow/dags/queues_priority/queues.py
[2022-07-31 04:40:51,029] {processor.py:651} INFO - DAG(s) dict_keys(['specific_queues']) retrieved from /opt/airflow/dags/queues_priority/queues.py
[2022-07-31 04:40:51,053] {logging_mixin.py:115} INFO - [2022-07-31 04:40:51,053] {dag.py:2379} INFO - Sync 1 DAGs
[2022-07-31 04:40:51,077] {logging_mixin.py:115} INFO - [2022-07-31 04:40:51,077] {dag.py:2931} INFO - Setting next_dagrun for specific_queues to 2022-07-27T06:25:00+00:00, run_after=2022-07-27T06:30:00+00:00
[2022-07-31 04:40:51,090] {processor.py:161} INFO - Processing /opt/airflow/dags/queues_priority/queues.py took 0.073 seconds
[2022-07-31 04:41:21,457] {processor.py:153} INFO - Started process (PID=904) to work on /opt/airflow/dags/queues_priority/queues.py
[2022-07-31 04:41:21,464] {processor.py:641} INFO - Processing file /opt/airflow/dags/queues_priority/queues.py for tasks to queue
[2022-07-31 04:41:21,465] {logging_mixin.py:115} INFO - [2022-07-31 04:41:21,465] {dagbag.py:507} INFO - Filling up the DagBag from /opt/airflow/dags/queues_priority/queues.py
[2022-07-31 04:41:21,476] {processor.py:651} INFO - DAG(s) dict_keys(['specific_queues']) retrieved from /opt/airflow/dags/queues_priority/queues.py
[2022-07-31 04:41:21,510] {logging_mixin.py:115} INFO - [2022-07-31 04:41:21,510] {dag.py:2379} INFO - Sync 1 DAGs
[2022-07-31 04:41:21,543] {logging_mixin.py:115} INFO - [2022-07-31 04:41:21,543] {dag.py:2931} INFO - Setting next_dagrun for specific_queues to 2022-07-27T06:25:00+00:00, run_after=2022-07-27T06:30:00+00:00
[2022-07-31 04:41:21,562] {processor.py:161} INFO - Processing /opt/airflow/dags/queues_priority/queues.py took 0.108 seconds
[2022-07-31 04:41:51,654] {processor.py:153} INFO - Started process (PID=988) to work on /opt/airflow/dags/queues_priority/queues.py
[2022-07-31 04:41:51,654] {processor.py:641} INFO - Processing file /opt/airflow/dags/queues_priority/queues.py for tasks to queue
[2022-07-31 04:41:51,655] {logging_mixin.py:115} INFO - [2022-07-31 04:41:51,655] {dagbag.py:507} INFO - Filling up the DagBag from /opt/airflow/dags/queues_priority/queues.py
[2022-07-31 04:41:51,662] {processor.py:651} INFO - DAG(s) dict_keys(['specific_queues']) retrieved from /opt/airflow/dags/queues_priority/queues.py
[2022-07-31 04:41:51,687] {logging_mixin.py:115} INFO - [2022-07-31 04:41:51,687] {dag.py:2379} INFO - Sync 1 DAGs
[2022-07-31 04:41:51,719] {logging_mixin.py:115} INFO - [2022-07-31 04:41:51,719] {dag.py:2931} INFO - Setting next_dagrun for specific_queues to 2022-07-27T06:25:00+00:00, run_after=2022-07-27T06:30:00+00:00
[2022-07-31 04:41:51,731] {processor.py:161} INFO - Processing /opt/airflow/dags/queues_priority/queues.py took 0.080 seconds
[2022-07-31 04:42:22,545] {processor.py:153} INFO - Started process (PID=1059) to work on /opt/airflow/dags/queues_priority/queues.py
[2022-07-31 04:42:22,554] {processor.py:641} INFO - Processing file /opt/airflow/dags/queues_priority/queues.py for tasks to queue
[2022-07-31 04:42:22,555] {logging_mixin.py:115} INFO - [2022-07-31 04:42:22,555] {dagbag.py:507} INFO - Filling up the DagBag from /opt/airflow/dags/queues_priority/queues.py
[2022-07-31 04:42:22,569] {processor.py:651} INFO - DAG(s) dict_keys(['specific_queues']) retrieved from /opt/airflow/dags/queues_priority/queues.py
[2022-07-31 04:42:22,666] {logging_mixin.py:115} INFO - [2022-07-31 04:42:22,666] {dag.py:2379} INFO - Sync 1 DAGs
[2022-07-31 04:42:22,741] {logging_mixin.py:115} INFO - [2022-07-31 04:42:22,741] {dag.py:2931} INFO - Setting next_dagrun for specific_queues to 2022-07-27T06:25:00+00:00, run_after=2022-07-27T06:30:00+00:00
[2022-07-31 04:42:22,767] {processor.py:161} INFO - Processing /opt/airflow/dags/queues_priority/queues.py took 0.226 seconds
[2022-07-31 04:42:52,827] {processor.py:153} INFO - Started process (PID=1142) to work on /opt/airflow/dags/queues_priority/queues.py
[2022-07-31 04:42:52,827] {processor.py:641} INFO - Processing file /opt/airflow/dags/queues_priority/queues.py for tasks to queue
[2022-07-31 04:42:52,828] {logging_mixin.py:115} INFO - [2022-07-31 04:42:52,828] {dagbag.py:507} INFO - Filling up the DagBag from /opt/airflow/dags/queues_priority/queues.py
[2022-07-31 04:42:52,836] {processor.py:651} INFO - DAG(s) dict_keys(['specific_queues']) retrieved from /opt/airflow/dags/queues_priority/queues.py
[2022-07-31 04:42:52,859] {logging_mixin.py:115} INFO - [2022-07-31 04:42:52,859] {dag.py:2379} INFO - Sync 1 DAGs
[2022-07-31 04:42:52,883] {logging_mixin.py:115} INFO - [2022-07-31 04:42:52,883] {dag.py:2931} INFO - Setting next_dagrun for specific_queues to 2022-07-27T06:25:00+00:00, run_after=2022-07-27T06:30:00+00:00
[2022-07-31 04:42:52,894] {processor.py:161} INFO - Processing /opt/airflow/dags/queues_priority/queues.py took 0.070 seconds
