[2022-07-05 04:56:18,922] {taskinstance.py:1159} INFO - Dependencies all met for <TaskInstance: parallel_dag.load_a scheduled__2022-01-07T00:00:00+00:00 [queued]>
[2022-07-05 04:56:19,382] {taskinstance.py:1159} INFO - Dependencies all met for <TaskInstance: parallel_dag.load_a scheduled__2022-01-07T00:00:00+00:00 [queued]>
[2022-07-05 04:56:19,388] {taskinstance.py:1356} INFO - 
--------------------------------------------------------------------------------
[2022-07-05 04:56:19,389] {taskinstance.py:1357} INFO - Starting attempt 1 of 1
[2022-07-05 04:56:19,394] {taskinstance.py:1358} INFO - 
--------------------------------------------------------------------------------
[2022-07-05 04:56:20,016] {taskinstance.py:1377} INFO - Executing <Task(BashOperator): load_a> on 2022-01-07 00:00:00+00:00
[2022-07-05 04:56:20,166] {standard_task_runner.py:52} INFO - Started process 572 to run task
[2022-07-05 04:56:20,260] {standard_task_runner.py:79} INFO - Running: ['***', 'tasks', 'run', 'parallel_dag', 'load_a', 'scheduled__2022-01-07T00:00:00+00:00', '--job-id', '64', '--raw', '--subdir', 'DAGS_FOLDER/parallel_dag.py', '--cfg-path', '/tmp/tmpl0jdbyzx', '--error-file', '/tmp/tmpil_51kgy']
[2022-07-05 04:56:20,307] {standard_task_runner.py:80} INFO - Job 64: Subtask load_a
[2022-07-05 04:56:21,849] {task_command.py:370} INFO - Running <TaskInstance: parallel_dag.load_a scheduled__2022-01-07T00:00:00+00:00 [running]> on host dfb99dfc9d64
[2022-07-05 04:56:24,438] {taskinstance.py:1571} INFO - Exporting the following env vars:
AIRFLOW_CTX_DAG_OWNER=***
AIRFLOW_CTX_DAG_ID=parallel_dag
AIRFLOW_CTX_TASK_ID=load_a
AIRFLOW_CTX_EXECUTION_DATE=2022-01-07T00:00:00+00:00
AIRFLOW_CTX_TRY_NUMBER=1
AIRFLOW_CTX_DAG_RUN_ID=scheduled__2022-01-07T00:00:00+00:00
[2022-07-05 04:56:24,469] {subprocess.py:62} INFO - Tmp dir root location: 
 /tmp
[2022-07-05 04:56:24,478] {subprocess.py:74} INFO - Running command: ['bash', '-c', 'sleep 1']
[2022-07-05 04:56:24,755] {subprocess.py:85} INFO - Output:
[2022-07-05 04:56:25,881] {subprocess.py:96} INFO - Command exited with return code 0
[2022-07-05 04:56:26,042] {taskinstance.py:1400} INFO - Marking task as SUCCESS. dag_id=parallel_dag, task_id=load_a, execution_date=20220107T000000, start_date=20220705T045618, end_date=20220705T045626
[2022-07-05 04:56:26,317] {local_task_job.py:156} INFO - Task exited with return code 0
[2022-07-05 04:56:26,739] {local_task_job.py:273} INFO - 1 downstream tasks scheduled from follow-on schedule check
