[2022-07-31 04:35:53,313] {processor.py:153} INFO - Started process (PID=96) to work on /opt/airflow/dags/branch_operator/branch_week_operator.py
[2022-07-31 04:35:53,321] {processor.py:641} INFO - Processing file /opt/airflow/dags/branch_operator/branch_week_operator.py for tasks to queue
[2022-07-31 04:35:53,323] {logging_mixin.py:115} INFO - [2022-07-31 04:35:53,322] {dagbag.py:507} INFO - Filling up the DagBag from /opt/airflow/dags/branch_operator/branch_week_operator.py
[2022-07-31 04:35:53,368] {processor.py:651} INFO - DAG(s) dict_keys(['week_branch_operator']) retrieved from /opt/airflow/dags/branch_operator/branch_week_operator.py
[2022-07-31 04:35:53,504] {logging_mixin.py:115} INFO - [2022-07-31 04:35:53,504] {dag.py:2379} INFO - Sync 1 DAGs
[2022-07-31 04:35:53,650] {logging_mixin.py:115} INFO - [2022-07-31 04:35:53,649] {dag.py:2931} INFO - Setting next_dagrun for week_branch_operator to 2022-07-30T00:00:00+00:00, run_after=2022-07-31T00:00:00+00:00
[2022-07-31 04:35:53,734] {processor.py:161} INFO - Processing /opt/airflow/dags/branch_operator/branch_week_operator.py took 0.434 seconds
[2022-07-31 04:36:24,106] {processor.py:153} INFO - Started process (PID=169) to work on /opt/airflow/dags/branch_operator/branch_week_operator.py
[2022-07-31 04:36:24,107] {processor.py:641} INFO - Processing file /opt/airflow/dags/branch_operator/branch_week_operator.py for tasks to queue
[2022-07-31 04:36:24,108] {logging_mixin.py:115} INFO - [2022-07-31 04:36:24,108] {dagbag.py:507} INFO - Filling up the DagBag from /opt/airflow/dags/branch_operator/branch_week_operator.py
[2022-07-31 04:36:24,119] {processor.py:651} INFO - DAG(s) dict_keys(['week_branch_operator']) retrieved from /opt/airflow/dags/branch_operator/branch_week_operator.py
[2022-07-31 04:36:24,154] {logging_mixin.py:115} INFO - [2022-07-31 04:36:24,154] {dag.py:2379} INFO - Sync 1 DAGs
[2022-07-31 04:36:24,196] {logging_mixin.py:115} INFO - [2022-07-31 04:36:24,196] {dag.py:2931} INFO - Setting next_dagrun for week_branch_operator to 2022-07-30T00:00:00+00:00, run_after=2022-07-31T00:00:00+00:00
[2022-07-31 04:36:24,219] {processor.py:161} INFO - Processing /opt/airflow/dags/branch_operator/branch_week_operator.py took 0.117 seconds
[2022-07-31 04:36:54,880] {processor.py:153} INFO - Started process (PID=255) to work on /opt/airflow/dags/branch_operator/branch_week_operator.py
[2022-07-31 04:36:54,894] {processor.py:641} INFO - Processing file /opt/airflow/dags/branch_operator/branch_week_operator.py for tasks to queue
[2022-07-31 04:36:54,895] {logging_mixin.py:115} INFO - [2022-07-31 04:36:54,895] {dagbag.py:507} INFO - Filling up the DagBag from /opt/airflow/dags/branch_operator/branch_week_operator.py
[2022-07-31 04:36:54,928] {processor.py:651} INFO - DAG(s) dict_keys(['week_branch_operator']) retrieved from /opt/airflow/dags/branch_operator/branch_week_operator.py
[2022-07-31 04:36:55,046] {logging_mixin.py:115} INFO - [2022-07-31 04:36:55,046] {dag.py:2379} INFO - Sync 1 DAGs
[2022-07-31 04:36:55,128] {logging_mixin.py:115} INFO - [2022-07-31 04:36:55,128] {dag.py:2931} INFO - Setting next_dagrun for week_branch_operator to 2022-07-30T00:00:00+00:00, run_after=2022-07-31T00:00:00+00:00
[2022-07-31 04:36:55,163] {processor.py:161} INFO - Processing /opt/airflow/dags/branch_operator/branch_week_operator.py took 0.290 seconds
[2022-07-31 04:37:26,069] {processor.py:153} INFO - Started process (PID=327) to work on /opt/airflow/dags/branch_operator/branch_week_operator.py
[2022-07-31 04:37:26,072] {processor.py:641} INFO - Processing file /opt/airflow/dags/branch_operator/branch_week_operator.py for tasks to queue
[2022-07-31 04:37:26,074] {logging_mixin.py:115} INFO - [2022-07-31 04:37:26,074] {dagbag.py:507} INFO - Filling up the DagBag from /opt/airflow/dags/branch_operator/branch_week_operator.py
[2022-07-31 04:37:26,091] {processor.py:651} INFO - DAG(s) dict_keys(['week_branch_operator']) retrieved from /opt/airflow/dags/branch_operator/branch_week_operator.py
[2022-07-31 04:37:26,130] {logging_mixin.py:115} INFO - [2022-07-31 04:37:26,130] {dag.py:2379} INFO - Sync 1 DAGs
[2022-07-31 04:37:26,182] {logging_mixin.py:115} INFO - [2022-07-31 04:37:26,182] {dag.py:2931} INFO - Setting next_dagrun for week_branch_operator to 2022-07-30T00:00:00+00:00, run_after=2022-07-31T00:00:00+00:00
[2022-07-31 04:37:26,220] {processor.py:161} INFO - Processing /opt/airflow/dags/branch_operator/branch_week_operator.py took 0.154 seconds
[2022-07-31 04:37:56,474] {processor.py:153} INFO - Started process (PID=401) to work on /opt/airflow/dags/branch_operator/branch_week_operator.py
[2022-07-31 04:37:56,480] {processor.py:641} INFO - Processing file /opt/airflow/dags/branch_operator/branch_week_operator.py for tasks to queue
[2022-07-31 04:37:56,484] {logging_mixin.py:115} INFO - [2022-07-31 04:37:56,483] {dagbag.py:507} INFO - Filling up the DagBag from /opt/airflow/dags/branch_operator/branch_week_operator.py
[2022-07-31 04:37:56,536] {processor.py:651} INFO - DAG(s) dict_keys(['week_branch_operator']) retrieved from /opt/airflow/dags/branch_operator/branch_week_operator.py
[2022-07-31 04:37:56,584] {logging_mixin.py:115} INFO - [2022-07-31 04:37:56,583] {dag.py:2379} INFO - Sync 1 DAGs
[2022-07-31 04:37:56,619] {logging_mixin.py:115} INFO - [2022-07-31 04:37:56,619] {dag.py:2931} INFO - Setting next_dagrun for week_branch_operator to 2022-07-30T00:00:00+00:00, run_after=2022-07-31T00:00:00+00:00
[2022-07-31 04:37:56,646] {processor.py:161} INFO - Processing /opt/airflow/dags/branch_operator/branch_week_operator.py took 0.182 seconds
[2022-07-31 04:38:26,995] {processor.py:153} INFO - Started process (PID=481) to work on /opt/airflow/dags/branch_operator/branch_week_operator.py
[2022-07-31 04:38:26,996] {processor.py:641} INFO - Processing file /opt/airflow/dags/branch_operator/branch_week_operator.py for tasks to queue
[2022-07-31 04:38:26,996] {logging_mixin.py:115} INFO - [2022-07-31 04:38:26,996] {dagbag.py:507} INFO - Filling up the DagBag from /opt/airflow/dags/branch_operator/branch_week_operator.py
[2022-07-31 04:38:27,023] {processor.py:651} INFO - DAG(s) dict_keys(['week_branch_operator']) retrieved from /opt/airflow/dags/branch_operator/branch_week_operator.py
[2022-07-31 04:38:27,072] {logging_mixin.py:115} INFO - [2022-07-31 04:38:27,072] {dag.py:2379} INFO - Sync 1 DAGs
[2022-07-31 04:38:27,149] {logging_mixin.py:115} INFO - [2022-07-31 04:38:27,149] {dag.py:2931} INFO - Setting next_dagrun for week_branch_operator to 2022-07-30T00:00:00+00:00, run_after=2022-07-31T00:00:00+00:00
[2022-07-31 04:38:27,168] {processor.py:161} INFO - Processing /opt/airflow/dags/branch_operator/branch_week_operator.py took 0.176 seconds
[2022-07-31 04:38:57,961] {processor.py:153} INFO - Started process (PID=553) to work on /opt/airflow/dags/branch_operator/branch_week_operator.py
[2022-07-31 04:38:57,975] {processor.py:641} INFO - Processing file /opt/airflow/dags/branch_operator/branch_week_operator.py for tasks to queue
[2022-07-31 04:38:57,979] {logging_mixin.py:115} INFO - [2022-07-31 04:38:57,979] {dagbag.py:507} INFO - Filling up the DagBag from /opt/airflow/dags/branch_operator/branch_week_operator.py
[2022-07-31 04:38:58,003] {processor.py:651} INFO - DAG(s) dict_keys(['week_branch_operator']) retrieved from /opt/airflow/dags/branch_operator/branch_week_operator.py
[2022-07-31 04:38:58,071] {logging_mixin.py:115} INFO - [2022-07-31 04:38:58,070] {dag.py:2379} INFO - Sync 1 DAGs
[2022-07-31 04:38:58,125] {logging_mixin.py:115} INFO - [2022-07-31 04:38:58,125] {dag.py:2931} INFO - Setting next_dagrun for week_branch_operator to 2022-07-30T00:00:00+00:00, run_after=2022-07-31T00:00:00+00:00
[2022-07-31 04:38:58,159] {processor.py:161} INFO - Processing /opt/airflow/dags/branch_operator/branch_week_operator.py took 0.201 seconds
[2022-07-31 04:39:28,412] {processor.py:153} INFO - Started process (PID=634) to work on /opt/airflow/dags/branch_operator/branch_week_operator.py
[2022-07-31 04:39:28,414] {processor.py:641} INFO - Processing file /opt/airflow/dags/branch_operator/branch_week_operator.py for tasks to queue
[2022-07-31 04:39:28,416] {logging_mixin.py:115} INFO - [2022-07-31 04:39:28,416] {dagbag.py:507} INFO - Filling up the DagBag from /opt/airflow/dags/branch_operator/branch_week_operator.py
[2022-07-31 04:39:28,445] {processor.py:651} INFO - DAG(s) dict_keys(['week_branch_operator']) retrieved from /opt/airflow/dags/branch_operator/branch_week_operator.py
[2022-07-31 04:39:28,508] {logging_mixin.py:115} INFO - [2022-07-31 04:39:28,508] {dag.py:2379} INFO - Sync 1 DAGs
[2022-07-31 04:39:28,588] {logging_mixin.py:115} INFO - [2022-07-31 04:39:28,581] {dag.py:2931} INFO - Setting next_dagrun for week_branch_operator to 2022-07-30T00:00:00+00:00, run_after=2022-07-31T00:00:00+00:00
[2022-07-31 04:39:28,622] {processor.py:161} INFO - Processing /opt/airflow/dags/branch_operator/branch_week_operator.py took 0.216 seconds
[2022-07-31 04:39:59,551] {processor.py:153} INFO - Started process (PID=705) to work on /opt/airflow/dags/branch_operator/branch_week_operator.py
[2022-07-31 04:39:59,554] {processor.py:641} INFO - Processing file /opt/airflow/dags/branch_operator/branch_week_operator.py for tasks to queue
[2022-07-31 04:39:59,556] {logging_mixin.py:115} INFO - [2022-07-31 04:39:59,556] {dagbag.py:507} INFO - Filling up the DagBag from /opt/airflow/dags/branch_operator/branch_week_operator.py
[2022-07-31 04:39:59,570] {processor.py:651} INFO - DAG(s) dict_keys(['week_branch_operator']) retrieved from /opt/airflow/dags/branch_operator/branch_week_operator.py
[2022-07-31 04:39:59,612] {logging_mixin.py:115} INFO - [2022-07-31 04:39:59,612] {dag.py:2379} INFO - Sync 1 DAGs
[2022-07-31 04:39:59,661] {logging_mixin.py:115} INFO - [2022-07-31 04:39:59,661] {dag.py:2931} INFO - Setting next_dagrun for week_branch_operator to 2022-07-30T00:00:00+00:00, run_after=2022-07-31T00:00:00+00:00
[2022-07-31 04:39:59,698] {processor.py:161} INFO - Processing /opt/airflow/dags/branch_operator/branch_week_operator.py took 0.152 seconds
[2022-07-31 04:40:29,849] {processor.py:153} INFO - Started process (PID=778) to work on /opt/airflow/dags/branch_operator/branch_week_operator.py
[2022-07-31 04:40:29,850] {processor.py:641} INFO - Processing file /opt/airflow/dags/branch_operator/branch_week_operator.py for tasks to queue
[2022-07-31 04:40:29,850] {logging_mixin.py:115} INFO - [2022-07-31 04:40:29,850] {dagbag.py:507} INFO - Filling up the DagBag from /opt/airflow/dags/branch_operator/branch_week_operator.py
[2022-07-31 04:40:29,860] {processor.py:651} INFO - DAG(s) dict_keys(['week_branch_operator']) retrieved from /opt/airflow/dags/branch_operator/branch_week_operator.py
[2022-07-31 04:40:29,895] {logging_mixin.py:115} INFO - [2022-07-31 04:40:29,895] {dag.py:2379} INFO - Sync 1 DAGs
[2022-07-31 04:40:29,931] {logging_mixin.py:115} INFO - [2022-07-31 04:40:29,931] {dag.py:2931} INFO - Setting next_dagrun for week_branch_operator to 2022-07-30T00:00:00+00:00, run_after=2022-07-31T00:00:00+00:00
[2022-07-31 04:40:29,948] {processor.py:161} INFO - Processing /opt/airflow/dags/branch_operator/branch_week_operator.py took 0.103 seconds
[2022-07-31 04:41:00,304] {processor.py:153} INFO - Started process (PID=861) to work on /opt/airflow/dags/branch_operator/branch_week_operator.py
[2022-07-31 04:41:00,306] {processor.py:641} INFO - Processing file /opt/airflow/dags/branch_operator/branch_week_operator.py for tasks to queue
[2022-07-31 04:41:00,307] {logging_mixin.py:115} INFO - [2022-07-31 04:41:00,306] {dagbag.py:507} INFO - Filling up the DagBag from /opt/airflow/dags/branch_operator/branch_week_operator.py
[2022-07-31 04:41:00,316] {processor.py:651} INFO - DAG(s) dict_keys(['week_branch_operator']) retrieved from /opt/airflow/dags/branch_operator/branch_week_operator.py
[2022-07-31 04:41:00,348] {logging_mixin.py:115} INFO - [2022-07-31 04:41:00,348] {dag.py:2379} INFO - Sync 1 DAGs
[2022-07-31 04:41:00,382] {logging_mixin.py:115} INFO - [2022-07-31 04:41:00,382] {dag.py:2931} INFO - Setting next_dagrun for week_branch_operator to 2022-07-30T00:00:00+00:00, run_after=2022-07-31T00:00:00+00:00
[2022-07-31 04:41:00,400] {processor.py:161} INFO - Processing /opt/airflow/dags/branch_operator/branch_week_operator.py took 0.099 seconds
[2022-07-31 04:41:30,984] {processor.py:153} INFO - Started process (PID=936) to work on /opt/airflow/dags/branch_operator/branch_week_operator.py
[2022-07-31 04:41:30,988] {processor.py:641} INFO - Processing file /opt/airflow/dags/branch_operator/branch_week_operator.py for tasks to queue
[2022-07-31 04:41:30,994] {logging_mixin.py:115} INFO - [2022-07-31 04:41:30,993] {dagbag.py:507} INFO - Filling up the DagBag from /opt/airflow/dags/branch_operator/branch_week_operator.py
[2022-07-31 04:41:31,012] {processor.py:651} INFO - DAG(s) dict_keys(['week_branch_operator']) retrieved from /opt/airflow/dags/branch_operator/branch_week_operator.py
[2022-07-31 04:41:31,080] {logging_mixin.py:115} INFO - [2022-07-31 04:41:31,079] {dag.py:2379} INFO - Sync 1 DAGs
[2022-07-31 04:41:31,222] {logging_mixin.py:115} INFO - [2022-07-31 04:41:31,222] {dag.py:2931} INFO - Setting next_dagrun for week_branch_operator to 2022-07-30T00:00:00+00:00, run_after=2022-07-31T00:00:00+00:00
[2022-07-31 04:41:31,305] {processor.py:161} INFO - Processing /opt/airflow/dags/branch_operator/branch_week_operator.py took 0.326 seconds
[2022-07-31 04:42:01,515] {processor.py:153} INFO - Started process (PID=1018) to work on /opt/airflow/dags/branch_operator/branch_week_operator.py
[2022-07-31 04:42:01,518] {processor.py:641} INFO - Processing file /opt/airflow/dags/branch_operator/branch_week_operator.py for tasks to queue
[2022-07-31 04:42:01,519] {logging_mixin.py:115} INFO - [2022-07-31 04:42:01,519] {dagbag.py:507} INFO - Filling up the DagBag from /opt/airflow/dags/branch_operator/branch_week_operator.py
[2022-07-31 04:42:01,544] {processor.py:651} INFO - DAG(s) dict_keys(['week_branch_operator']) retrieved from /opt/airflow/dags/branch_operator/branch_week_operator.py
[2022-07-31 04:42:01,620] {logging_mixin.py:115} INFO - [2022-07-31 04:42:01,620] {dag.py:2379} INFO - Sync 1 DAGs
[2022-07-31 04:42:01,750] {logging_mixin.py:115} INFO - [2022-07-31 04:42:01,750] {dag.py:2931} INFO - Setting next_dagrun for week_branch_operator to 2022-07-30T00:00:00+00:00, run_after=2022-07-31T00:00:00+00:00
[2022-07-31 04:42:01,792] {processor.py:161} INFO - Processing /opt/airflow/dags/branch_operator/branch_week_operator.py took 0.281 seconds
[2022-07-31 04:42:32,040] {processor.py:153} INFO - Started process (PID=1091) to work on /opt/airflow/dags/branch_operator/branch_week_operator.py
[2022-07-31 04:42:32,041] {processor.py:641} INFO - Processing file /opt/airflow/dags/branch_operator/branch_week_operator.py for tasks to queue
[2022-07-31 04:42:32,044] {logging_mixin.py:115} INFO - [2022-07-31 04:42:32,044] {dagbag.py:507} INFO - Filling up the DagBag from /opt/airflow/dags/branch_operator/branch_week_operator.py
[2022-07-31 04:42:32,061] {processor.py:651} INFO - DAG(s) dict_keys(['week_branch_operator']) retrieved from /opt/airflow/dags/branch_operator/branch_week_operator.py
[2022-07-31 04:42:32,120] {logging_mixin.py:115} INFO - [2022-07-31 04:42:32,119] {dag.py:2379} INFO - Sync 1 DAGs
[2022-07-31 04:42:32,164] {logging_mixin.py:115} INFO - [2022-07-31 04:42:32,164] {dag.py:2931} INFO - Setting next_dagrun for week_branch_operator to 2022-07-30T00:00:00+00:00, run_after=2022-07-31T00:00:00+00:00
[2022-07-31 04:42:32,193] {processor.py:161} INFO - Processing /opt/airflow/dags/branch_operator/branch_week_operator.py took 0.164 seconds
[2022-07-31 06:55:01,862] {processor.py:153} INFO - Started process (PID=96) to work on /opt/airflow/dags/branch_operator/branch_week_operator.py
[2022-07-31 06:55:01,875] {processor.py:641} INFO - Processing file /opt/airflow/dags/branch_operator/branch_week_operator.py for tasks to queue
[2022-07-31 06:55:01,876] {logging_mixin.py:115} INFO - [2022-07-31 06:55:01,876] {dagbag.py:507} INFO - Filling up the DagBag from /opt/airflow/dags/branch_operator/branch_week_operator.py
[2022-07-31 06:55:01,926] {processor.py:651} INFO - DAG(s) dict_keys(['week_branch_operator']) retrieved from /opt/airflow/dags/branch_operator/branch_week_operator.py
[2022-07-31 06:55:02,083] {logging_mixin.py:115} INFO - [2022-07-31 06:55:02,083] {dag.py:2379} INFO - Sync 1 DAGs
[2022-07-31 06:55:02,182] {logging_mixin.py:115} INFO - [2022-07-31 06:55:02,182] {dag.py:2931} INFO - Setting next_dagrun for week_branch_operator to 2022-07-30T00:00:00+00:00, run_after=2022-07-31T00:00:00+00:00
[2022-07-31 06:55:02,229] {processor.py:161} INFO - Processing /opt/airflow/dags/branch_operator/branch_week_operator.py took 0.371 seconds
[2022-07-31 06:55:33,526] {processor.py:153} INFO - Started process (PID=168) to work on /opt/airflow/dags/branch_operator/branch_week_operator.py
[2022-07-31 06:55:33,538] {processor.py:641} INFO - Processing file /opt/airflow/dags/branch_operator/branch_week_operator.py for tasks to queue
[2022-07-31 06:55:33,540] {logging_mixin.py:115} INFO - [2022-07-31 06:55:33,540] {dagbag.py:507} INFO - Filling up the DagBag from /opt/airflow/dags/branch_operator/branch_week_operator.py
[2022-07-31 06:55:33,568] {processor.py:651} INFO - DAG(s) dict_keys(['week_branch_operator']) retrieved from /opt/airflow/dags/branch_operator/branch_week_operator.py
[2022-07-31 06:55:33,716] {logging_mixin.py:115} INFO - [2022-07-31 06:55:33,716] {dag.py:2379} INFO - Sync 1 DAGs
[2022-07-31 06:55:33,908] {logging_mixin.py:115} INFO - [2022-07-31 06:55:33,908] {dag.py:2931} INFO - Setting next_dagrun for week_branch_operator to 2022-07-30T00:00:00+00:00, run_after=2022-07-31T00:00:00+00:00
[2022-07-31 06:55:33,975] {processor.py:161} INFO - Processing /opt/airflow/dags/branch_operator/branch_week_operator.py took 0.453 seconds
[2022-07-31 06:56:04,816] {processor.py:153} INFO - Started process (PID=239) to work on /opt/airflow/dags/branch_operator/branch_week_operator.py
[2022-07-31 06:56:04,817] {processor.py:641} INFO - Processing file /opt/airflow/dags/branch_operator/branch_week_operator.py for tasks to queue
[2022-07-31 06:56:04,818] {logging_mixin.py:115} INFO - [2022-07-31 06:56:04,818] {dagbag.py:507} INFO - Filling up the DagBag from /opt/airflow/dags/branch_operator/branch_week_operator.py
[2022-07-31 06:56:04,836] {processor.py:651} INFO - DAG(s) dict_keys(['week_branch_operator']) retrieved from /opt/airflow/dags/branch_operator/branch_week_operator.py
[2022-07-31 06:56:04,929] {logging_mixin.py:115} INFO - [2022-07-31 06:56:04,929] {dag.py:2379} INFO - Sync 1 DAGs
[2022-07-31 06:56:04,971] {logging_mixin.py:115} INFO - [2022-07-31 06:56:04,970] {dag.py:2931} INFO - Setting next_dagrun for week_branch_operator to 2022-07-30T00:00:00+00:00, run_after=2022-07-31T00:00:00+00:00
[2022-07-31 06:56:05,004] {processor.py:161} INFO - Processing /opt/airflow/dags/branch_operator/branch_week_operator.py took 0.209 seconds
[2022-07-31 06:56:35,678] {processor.py:153} INFO - Started process (PID=314) to work on /opt/airflow/dags/branch_operator/branch_week_operator.py
[2022-07-31 06:56:35,683] {processor.py:641} INFO - Processing file /opt/airflow/dags/branch_operator/branch_week_operator.py for tasks to queue
[2022-07-31 06:56:35,686] {logging_mixin.py:115} INFO - [2022-07-31 06:56:35,686] {dagbag.py:507} INFO - Filling up the DagBag from /opt/airflow/dags/branch_operator/branch_week_operator.py
[2022-07-31 06:56:35,711] {processor.py:651} INFO - DAG(s) dict_keys(['week_branch_operator']) retrieved from /opt/airflow/dags/branch_operator/branch_week_operator.py
[2022-07-31 06:56:35,762] {logging_mixin.py:115} INFO - [2022-07-31 06:56:35,762] {dag.py:2379} INFO - Sync 1 DAGs
[2022-07-31 06:56:35,846] {logging_mixin.py:115} INFO - [2022-07-31 06:56:35,846] {dag.py:2931} INFO - Setting next_dagrun for week_branch_operator to 2022-07-30T00:00:00+00:00, run_after=2022-07-31T00:00:00+00:00
[2022-07-31 06:56:35,900] {processor.py:161} INFO - Processing /opt/airflow/dags/branch_operator/branch_week_operator.py took 0.235 seconds
[2022-07-31 06:57:06,023] {processor.py:153} INFO - Started process (PID=395) to work on /opt/airflow/dags/branch_operator/branch_week_operator.py
[2022-07-31 06:57:06,025] {processor.py:641} INFO - Processing file /opt/airflow/dags/branch_operator/branch_week_operator.py for tasks to queue
[2022-07-31 06:57:06,026] {logging_mixin.py:115} INFO - [2022-07-31 06:57:06,026] {dagbag.py:507} INFO - Filling up the DagBag from /opt/airflow/dags/branch_operator/branch_week_operator.py
[2022-07-31 06:57:06,049] {processor.py:651} INFO - DAG(s) dict_keys(['week_branch_operator']) retrieved from /opt/airflow/dags/branch_operator/branch_week_operator.py
[2022-07-31 06:57:06,119] {logging_mixin.py:115} INFO - [2022-07-31 06:57:06,119] {dag.py:2379} INFO - Sync 1 DAGs
[2022-07-31 06:57:06,159] {logging_mixin.py:115} INFO - [2022-07-31 06:57:06,159] {dag.py:2931} INFO - Setting next_dagrun for week_branch_operator to 2022-07-30T00:00:00+00:00, run_after=2022-07-31T00:00:00+00:00
[2022-07-31 06:57:06,189] {processor.py:161} INFO - Processing /opt/airflow/dags/branch_operator/branch_week_operator.py took 0.170 seconds
[2022-07-31 06:57:36,736] {processor.py:153} INFO - Started process (PID=467) to work on /opt/airflow/dags/branch_operator/branch_week_operator.py
[2022-07-31 06:57:36,737] {processor.py:641} INFO - Processing file /opt/airflow/dags/branch_operator/branch_week_operator.py for tasks to queue
[2022-07-31 06:57:36,738] {logging_mixin.py:115} INFO - [2022-07-31 06:57:36,738] {dagbag.py:507} INFO - Filling up the DagBag from /opt/airflow/dags/branch_operator/branch_week_operator.py
[2022-07-31 06:57:36,748] {processor.py:651} INFO - DAG(s) dict_keys(['week_branch_operator']) retrieved from /opt/airflow/dags/branch_operator/branch_week_operator.py
[2022-07-31 06:57:36,782] {logging_mixin.py:115} INFO - [2022-07-31 06:57:36,782] {dag.py:2379} INFO - Sync 1 DAGs
[2022-07-31 06:57:36,816] {logging_mixin.py:115} INFO - [2022-07-31 06:57:36,816] {dag.py:2931} INFO - Setting next_dagrun for week_branch_operator to 2022-07-30T00:00:00+00:00, run_after=2022-07-31T00:00:00+00:00
[2022-07-31 06:57:36,835] {processor.py:161} INFO - Processing /opt/airflow/dags/branch_operator/branch_week_operator.py took 0.104 seconds
[2022-07-31 06:58:07,757] {processor.py:153} INFO - Started process (PID=539) to work on /opt/airflow/dags/branch_operator/branch_week_operator.py
[2022-07-31 06:58:07,764] {processor.py:641} INFO - Processing file /opt/airflow/dags/branch_operator/branch_week_operator.py for tasks to queue
[2022-07-31 06:58:07,765] {logging_mixin.py:115} INFO - [2022-07-31 06:58:07,765] {dagbag.py:507} INFO - Filling up the DagBag from /opt/airflow/dags/branch_operator/branch_week_operator.py
[2022-07-31 06:58:07,783] {processor.py:651} INFO - DAG(s) dict_keys(['week_branch_operator']) retrieved from /opt/airflow/dags/branch_operator/branch_week_operator.py
[2022-07-31 06:58:07,839] {logging_mixin.py:115} INFO - [2022-07-31 06:58:07,838] {dag.py:2379} INFO - Sync 1 DAGs
[2022-07-31 06:58:07,873] {logging_mixin.py:115} INFO - [2022-07-31 06:58:07,873] {dag.py:2931} INFO - Setting next_dagrun for week_branch_operator to 2022-07-30T00:00:00+00:00, run_after=2022-07-31T00:00:00+00:00
[2022-07-31 06:58:07,899] {processor.py:161} INFO - Processing /opt/airflow/dags/branch_operator/branch_week_operator.py took 0.154 seconds
[2022-07-31 06:58:38,383] {processor.py:153} INFO - Started process (PID=621) to work on /opt/airflow/dags/branch_operator/branch_week_operator.py
[2022-07-31 06:58:38,384] {processor.py:641} INFO - Processing file /opt/airflow/dags/branch_operator/branch_week_operator.py for tasks to queue
[2022-07-31 06:58:38,385] {logging_mixin.py:115} INFO - [2022-07-31 06:58:38,384] {dagbag.py:507} INFO - Filling up the DagBag from /opt/airflow/dags/branch_operator/branch_week_operator.py
[2022-07-31 06:58:38,395] {processor.py:651} INFO - DAG(s) dict_keys(['week_branch_operator']) retrieved from /opt/airflow/dags/branch_operator/branch_week_operator.py
[2022-07-31 06:58:38,451] {logging_mixin.py:115} INFO - [2022-07-31 06:58:38,451] {dag.py:2379} INFO - Sync 1 DAGs
[2022-07-31 06:58:38,490] {logging_mixin.py:115} INFO - [2022-07-31 06:58:38,490] {dag.py:2931} INFO - Setting next_dagrun for week_branch_operator to 2022-07-30T00:00:00+00:00, run_after=2022-07-31T00:00:00+00:00
[2022-07-31 06:58:38,508] {processor.py:161} INFO - Processing /opt/airflow/dags/branch_operator/branch_week_operator.py took 0.129 seconds
[2022-07-31 06:59:08,861] {processor.py:153} INFO - Started process (PID=698) to work on /opt/airflow/dags/branch_operator/branch_week_operator.py
[2022-07-31 06:59:08,870] {processor.py:641} INFO - Processing file /opt/airflow/dags/branch_operator/branch_week_operator.py for tasks to queue
[2022-07-31 06:59:08,870] {logging_mixin.py:115} INFO - [2022-07-31 06:59:08,870] {dagbag.py:507} INFO - Filling up the DagBag from /opt/airflow/dags/branch_operator/branch_week_operator.py
[2022-07-31 06:59:08,890] {processor.py:651} INFO - DAG(s) dict_keys(['week_branch_operator']) retrieved from /opt/airflow/dags/branch_operator/branch_week_operator.py
[2022-07-31 06:59:08,960] {logging_mixin.py:115} INFO - [2022-07-31 06:59:08,959] {dag.py:2379} INFO - Sync 1 DAGs
[2022-07-31 06:59:09,114] {logging_mixin.py:115} INFO - [2022-07-31 06:59:09,114] {dag.py:2931} INFO - Setting next_dagrun for week_branch_operator to 2022-07-30T00:00:00+00:00, run_after=2022-07-31T00:00:00+00:00
[2022-07-31 06:59:09,176] {processor.py:161} INFO - Processing /opt/airflow/dags/branch_operator/branch_week_operator.py took 0.322 seconds
[2022-07-31 06:59:40,966] {processor.py:153} INFO - Started process (PID=781) to work on /opt/airflow/dags/branch_operator/branch_week_operator.py
[2022-07-31 06:59:40,972] {processor.py:641} INFO - Processing file /opt/airflow/dags/branch_operator/branch_week_operator.py for tasks to queue
[2022-07-31 06:59:40,974] {logging_mixin.py:115} INFO - [2022-07-31 06:59:40,974] {dagbag.py:507} INFO - Filling up the DagBag from /opt/airflow/dags/branch_operator/branch_week_operator.py
[2022-07-31 06:59:40,998] {processor.py:651} INFO - DAG(s) dict_keys(['week_branch_operator']) retrieved from /opt/airflow/dags/branch_operator/branch_week_operator.py
[2022-07-31 06:59:41,071] {logging_mixin.py:115} INFO - [2022-07-31 06:59:41,071] {dag.py:2379} INFO - Sync 1 DAGs
[2022-07-31 06:59:41,137] {logging_mixin.py:115} INFO - [2022-07-31 06:59:41,137] {dag.py:2931} INFO - Setting next_dagrun for week_branch_operator to 2022-07-30T00:00:00+00:00, run_after=2022-07-31T00:00:00+00:00
[2022-07-31 06:59:41,456] {processor.py:161} INFO - Processing /opt/airflow/dags/branch_operator/branch_week_operator.py took 0.501 seconds
[2022-07-31 07:00:12,177] {processor.py:153} INFO - Started process (PID=855) to work on /opt/airflow/dags/branch_operator/branch_week_operator.py
[2022-07-31 07:00:12,181] {processor.py:641} INFO - Processing file /opt/airflow/dags/branch_operator/branch_week_operator.py for tasks to queue
[2022-07-31 07:00:12,191] {logging_mixin.py:115} INFO - [2022-07-31 07:00:12,191] {dagbag.py:507} INFO - Filling up the DagBag from /opt/airflow/dags/branch_operator/branch_week_operator.py
[2022-07-31 07:00:12,214] {processor.py:651} INFO - DAG(s) dict_keys(['week_branch_operator']) retrieved from /opt/airflow/dags/branch_operator/branch_week_operator.py
[2022-07-31 07:00:12,249] {logging_mixin.py:115} INFO - [2022-07-31 07:00:12,249] {dag.py:2379} INFO - Sync 1 DAGs
[2022-07-31 07:00:12,288] {logging_mixin.py:115} INFO - [2022-07-31 07:00:12,288] {dag.py:2931} INFO - Setting next_dagrun for week_branch_operator to 2022-07-30T00:00:00+00:00, run_after=2022-07-31T00:00:00+00:00
[2022-07-31 07:00:12,567] {processor.py:161} INFO - Processing /opt/airflow/dags/branch_operator/branch_week_operator.py took 0.402 seconds
[2022-07-31 07:00:45,023] {processor.py:153} INFO - Started process (PID=936) to work on /opt/airflow/dags/branch_operator/branch_week_operator.py
[2022-07-31 07:00:45,028] {processor.py:641} INFO - Processing file /opt/airflow/dags/branch_operator/branch_week_operator.py for tasks to queue
[2022-07-31 07:00:45,029] {logging_mixin.py:115} INFO - [2022-07-31 07:00:45,029] {dagbag.py:507} INFO - Filling up the DagBag from /opt/airflow/dags/branch_operator/branch_week_operator.py
[2022-07-31 07:00:45,048] {processor.py:651} INFO - DAG(s) dict_keys(['week_branch_operator']) retrieved from /opt/airflow/dags/branch_operator/branch_week_operator.py
[2022-07-31 07:00:45,110] {logging_mixin.py:115} INFO - [2022-07-31 07:00:45,110] {dag.py:2379} INFO - Sync 1 DAGs
[2022-07-31 07:00:45,186] {logging_mixin.py:115} INFO - [2022-07-31 07:00:45,186] {dag.py:2931} INFO - Setting next_dagrun for week_branch_operator to 2022-07-30T00:00:00+00:00, run_after=2022-07-31T00:00:00+00:00
[2022-07-31 07:00:45,452] {processor.py:161} INFO - Processing /opt/airflow/dags/branch_operator/branch_week_operator.py took 0.442 seconds
[2022-07-31 07:01:16,253] {processor.py:153} INFO - Started process (PID=1008) to work on /opt/airflow/dags/branch_operator/branch_week_operator.py
[2022-07-31 07:01:16,253] {processor.py:641} INFO - Processing file /opt/airflow/dags/branch_operator/branch_week_operator.py for tasks to queue
[2022-07-31 07:01:16,254] {logging_mixin.py:115} INFO - [2022-07-31 07:01:16,254] {dagbag.py:507} INFO - Filling up the DagBag from /opt/airflow/dags/branch_operator/branch_week_operator.py
[2022-07-31 07:01:16,276] {processor.py:651} INFO - DAG(s) dict_keys(['week_branch_operator']) retrieved from /opt/airflow/dags/branch_operator/branch_week_operator.py
[2022-07-31 07:01:16,331] {logging_mixin.py:115} INFO - [2022-07-31 07:01:16,331] {dag.py:2379} INFO - Sync 1 DAGs
[2022-07-31 07:01:16,386] {logging_mixin.py:115} INFO - [2022-07-31 07:01:16,386] {dag.py:2931} INFO - Setting next_dagrun for week_branch_operator to 2022-07-30T00:00:00+00:00, run_after=2022-07-31T00:00:00+00:00
[2022-07-31 07:01:16,706] {processor.py:161} INFO - Processing /opt/airflow/dags/branch_operator/branch_week_operator.py took 0.463 seconds
[2022-07-31 07:01:47,281] {processor.py:153} INFO - Started process (PID=1081) to work on /opt/airflow/dags/branch_operator/branch_week_operator.py
[2022-07-31 07:01:47,282] {processor.py:641} INFO - Processing file /opt/airflow/dags/branch_operator/branch_week_operator.py for tasks to queue
[2022-07-31 07:01:47,283] {logging_mixin.py:115} INFO - [2022-07-31 07:01:47,283] {dagbag.py:507} INFO - Filling up the DagBag from /opt/airflow/dags/branch_operator/branch_week_operator.py
[2022-07-31 07:01:47,292] {processor.py:651} INFO - DAG(s) dict_keys(['week_branch_operator']) retrieved from /opt/airflow/dags/branch_operator/branch_week_operator.py
[2022-07-31 07:01:47,329] {logging_mixin.py:115} INFO - [2022-07-31 07:01:47,329] {dag.py:2379} INFO - Sync 1 DAGs
[2022-07-31 07:01:47,385] {logging_mixin.py:115} INFO - [2022-07-31 07:01:47,385] {dag.py:2931} INFO - Setting next_dagrun for week_branch_operator to 2022-07-30T00:00:00+00:00, run_after=2022-07-31T00:00:00+00:00
[2022-07-31 07:01:47,634] {processor.py:161} INFO - Processing /opt/airflow/dags/branch_operator/branch_week_operator.py took 0.357 seconds
[2022-07-31 07:02:18,713] {processor.py:153} INFO - Started process (PID=1155) to work on /opt/airflow/dags/branch_operator/branch_week_operator.py
[2022-07-31 07:02:18,723] {processor.py:641} INFO - Processing file /opt/airflow/dags/branch_operator/branch_week_operator.py for tasks to queue
[2022-07-31 07:02:18,725] {logging_mixin.py:115} INFO - [2022-07-31 07:02:18,725] {dagbag.py:507} INFO - Filling up the DagBag from /opt/airflow/dags/branch_operator/branch_week_operator.py
[2022-07-31 07:02:18,767] {processor.py:651} INFO - DAG(s) dict_keys(['week_branch_operator']) retrieved from /opt/airflow/dags/branch_operator/branch_week_operator.py
[2022-07-31 07:02:18,949] {logging_mixin.py:115} INFO - [2022-07-31 07:02:18,949] {dag.py:2379} INFO - Sync 1 DAGs
[2022-07-31 07:02:19,114] {logging_mixin.py:115} INFO - [2022-07-31 07:02:19,114] {dag.py:2931} INFO - Setting next_dagrun for week_branch_operator to 2022-07-30T00:00:00+00:00, run_after=2022-07-31T00:00:00+00:00
[2022-07-31 07:02:19,677] {processor.py:161} INFO - Processing /opt/airflow/dags/branch_operator/branch_week_operator.py took 0.975 seconds
[2022-07-31 07:02:50,009] {processor.py:153} INFO - Started process (PID=1234) to work on /opt/airflow/dags/branch_operator/branch_week_operator.py
[2022-07-31 07:02:50,010] {processor.py:641} INFO - Processing file /opt/airflow/dags/branch_operator/branch_week_operator.py for tasks to queue
[2022-07-31 07:02:50,011] {logging_mixin.py:115} INFO - [2022-07-31 07:02:50,011] {dagbag.py:507} INFO - Filling up the DagBag from /opt/airflow/dags/branch_operator/branch_week_operator.py
[2022-07-31 07:02:50,026] {processor.py:651} INFO - DAG(s) dict_keys(['week_branch_operator']) retrieved from /opt/airflow/dags/branch_operator/branch_week_operator.py
[2022-07-31 07:02:50,067] {logging_mixin.py:115} INFO - [2022-07-31 07:02:50,067] {dag.py:2379} INFO - Sync 1 DAGs
[2022-07-31 07:02:50,108] {logging_mixin.py:115} INFO - [2022-07-31 07:02:50,108] {dag.py:2931} INFO - Setting next_dagrun for week_branch_operator to 2022-07-30T00:00:00+00:00, run_after=2022-07-31T00:00:00+00:00
[2022-07-31 07:02:50,308] {processor.py:161} INFO - Processing /opt/airflow/dags/branch_operator/branch_week_operator.py took 0.302 seconds
