[2022-07-31 04:35:54,226] {processor.py:153} INFO - Started process (PID=98) to work on /opt/airflow/dags/branch_operator/sql_branch_operator.py
[2022-07-31 04:35:54,233] {processor.py:641} INFO - Processing file /opt/airflow/dags/branch_operator/sql_branch_operator.py for tasks to queue
[2022-07-31 04:35:54,234] {logging_mixin.py:115} INFO - [2022-07-31 04:35:54,234] {dagbag.py:507} INFO - Filling up the DagBag from /opt/airflow/dags/branch_operator/sql_branch_operator.py
[2022-07-31 04:35:54,260] {processor.py:651} INFO - DAG(s) dict_keys(['sql_branch_operator']) retrieved from /opt/airflow/dags/branch_operator/sql_branch_operator.py
[2022-07-31 04:35:54,322] {logging_mixin.py:115} INFO - [2022-07-31 04:35:54,321] {dag.py:2379} INFO - Sync 1 DAGs
[2022-07-31 04:35:54,398] {logging_mixin.py:115} INFO - [2022-07-31 04:35:54,398] {dag.py:2931} INFO - Setting next_dagrun for sql_branch_operator to 2022-07-30T00:00:00+00:00, run_after=2022-07-31T00:00:00+00:00
[2022-07-31 04:35:54,422] {processor.py:161} INFO - Processing /opt/airflow/dags/branch_operator/sql_branch_operator.py took 0.201 seconds
[2022-07-31 04:36:25,376] {processor.py:153} INFO - Started process (PID=172) to work on /opt/airflow/dags/branch_operator/sql_branch_operator.py
[2022-07-31 04:36:25,388] {processor.py:641} INFO - Processing file /opt/airflow/dags/branch_operator/sql_branch_operator.py for tasks to queue
[2022-07-31 04:36:25,389] {logging_mixin.py:115} INFO - [2022-07-31 04:36:25,389] {dagbag.py:507} INFO - Filling up the DagBag from /opt/airflow/dags/branch_operator/sql_branch_operator.py
[2022-07-31 04:36:25,413] {processor.py:651} INFO - DAG(s) dict_keys(['sql_branch_operator']) retrieved from /opt/airflow/dags/branch_operator/sql_branch_operator.py
[2022-07-31 04:36:25,447] {logging_mixin.py:115} INFO - [2022-07-31 04:36:25,446] {dag.py:2379} INFO - Sync 1 DAGs
[2022-07-31 04:36:25,483] {logging_mixin.py:115} INFO - [2022-07-31 04:36:25,483] {dag.py:2931} INFO - Setting next_dagrun for sql_branch_operator to 2022-07-30T00:00:00+00:00, run_after=2022-07-31T00:00:00+00:00
[2022-07-31 04:36:25,507] {processor.py:161} INFO - Processing /opt/airflow/dags/branch_operator/sql_branch_operator.py took 0.134 seconds
[2022-07-31 04:36:56,254] {processor.py:153} INFO - Started process (PID=257) to work on /opt/airflow/dags/branch_operator/sql_branch_operator.py
[2022-07-31 04:36:56,254] {processor.py:641} INFO - Processing file /opt/airflow/dags/branch_operator/sql_branch_operator.py for tasks to queue
[2022-07-31 04:36:56,255] {logging_mixin.py:115} INFO - [2022-07-31 04:36:56,255] {dagbag.py:507} INFO - Filling up the DagBag from /opt/airflow/dags/branch_operator/sql_branch_operator.py
[2022-07-31 04:36:56,335] {processor.py:651} INFO - DAG(s) dict_keys(['sql_branch_operator']) retrieved from /opt/airflow/dags/branch_operator/sql_branch_operator.py
[2022-07-31 04:36:56,453] {logging_mixin.py:115} INFO - [2022-07-31 04:36:56,453] {dag.py:2379} INFO - Sync 1 DAGs
[2022-07-31 04:36:56,545] {logging_mixin.py:115} INFO - [2022-07-31 04:36:56,545] {dag.py:2931} INFO - Setting next_dagrun for sql_branch_operator to 2022-07-30T00:00:00+00:00, run_after=2022-07-31T00:00:00+00:00
[2022-07-31 04:36:56,570] {processor.py:161} INFO - Processing /opt/airflow/dags/branch_operator/sql_branch_operator.py took 0.340 seconds
[2022-07-31 04:37:27,261] {processor.py:153} INFO - Started process (PID=329) to work on /opt/airflow/dags/branch_operator/sql_branch_operator.py
[2022-07-31 04:37:27,262] {processor.py:641} INFO - Processing file /opt/airflow/dags/branch_operator/sql_branch_operator.py for tasks to queue
[2022-07-31 04:37:27,262] {logging_mixin.py:115} INFO - [2022-07-31 04:37:27,262] {dagbag.py:507} INFO - Filling up the DagBag from /opt/airflow/dags/branch_operator/sql_branch_operator.py
[2022-07-31 04:37:27,274] {processor.py:651} INFO - DAG(s) dict_keys(['sql_branch_operator']) retrieved from /opt/airflow/dags/branch_operator/sql_branch_operator.py
[2022-07-31 04:37:27,298] {logging_mixin.py:115} INFO - [2022-07-31 04:37:27,298] {dag.py:2379} INFO - Sync 1 DAGs
[2022-07-31 04:37:27,322] {logging_mixin.py:115} INFO - [2022-07-31 04:37:27,322] {dag.py:2931} INFO - Setting next_dagrun for sql_branch_operator to 2022-07-30T00:00:00+00:00, run_after=2022-07-31T00:00:00+00:00
[2022-07-31 04:37:27,334] {processor.py:161} INFO - Processing /opt/airflow/dags/branch_operator/sql_branch_operator.py took 0.076 seconds
[2022-07-31 04:37:57,672] {processor.py:153} INFO - Started process (PID=403) to work on /opt/airflow/dags/branch_operator/sql_branch_operator.py
[2022-07-31 04:37:57,673] {processor.py:641} INFO - Processing file /opt/airflow/dags/branch_operator/sql_branch_operator.py for tasks to queue
[2022-07-31 04:37:57,674] {logging_mixin.py:115} INFO - [2022-07-31 04:37:57,674] {dagbag.py:507} INFO - Filling up the DagBag from /opt/airflow/dags/branch_operator/sql_branch_operator.py
[2022-07-31 04:37:57,687] {processor.py:651} INFO - DAG(s) dict_keys(['sql_branch_operator']) retrieved from /opt/airflow/dags/branch_operator/sql_branch_operator.py
[2022-07-31 04:37:57,717] {logging_mixin.py:115} INFO - [2022-07-31 04:37:57,717] {dag.py:2379} INFO - Sync 1 DAGs
[2022-07-31 04:37:57,751] {logging_mixin.py:115} INFO - [2022-07-31 04:37:57,751] {dag.py:2931} INFO - Setting next_dagrun for sql_branch_operator to 2022-07-30T00:00:00+00:00, run_after=2022-07-31T00:00:00+00:00
[2022-07-31 04:37:57,780] {processor.py:161} INFO - Processing /opt/airflow/dags/branch_operator/sql_branch_operator.py took 0.111 seconds
[2022-07-31 04:38:28,195] {processor.py:153} INFO - Started process (PID=483) to work on /opt/airflow/dags/branch_operator/sql_branch_operator.py
[2022-07-31 04:38:28,196] {processor.py:641} INFO - Processing file /opt/airflow/dags/branch_operator/sql_branch_operator.py for tasks to queue
[2022-07-31 04:38:28,196] {logging_mixin.py:115} INFO - [2022-07-31 04:38:28,196] {dagbag.py:507} INFO - Filling up the DagBag from /opt/airflow/dags/branch_operator/sql_branch_operator.py
[2022-07-31 04:38:28,207] {processor.py:651} INFO - DAG(s) dict_keys(['sql_branch_operator']) retrieved from /opt/airflow/dags/branch_operator/sql_branch_operator.py
[2022-07-31 04:38:28,231] {logging_mixin.py:115} INFO - [2022-07-31 04:38:28,231] {dag.py:2379} INFO - Sync 1 DAGs
[2022-07-31 04:38:28,254] {logging_mixin.py:115} INFO - [2022-07-31 04:38:28,253] {dag.py:2931} INFO - Setting next_dagrun for sql_branch_operator to 2022-07-30T00:00:00+00:00, run_after=2022-07-31T00:00:00+00:00
[2022-07-31 04:38:28,266] {processor.py:161} INFO - Processing /opt/airflow/dags/branch_operator/sql_branch_operator.py took 0.074 seconds
[2022-07-31 04:38:58,300] {processor.py:153} INFO - Started process (PID=555) to work on /opt/airflow/dags/branch_operator/sql_branch_operator.py
[2022-07-31 04:38:58,300] {processor.py:641} INFO - Processing file /opt/airflow/dags/branch_operator/sql_branch_operator.py for tasks to queue
[2022-07-31 04:38:58,301] {logging_mixin.py:115} INFO - [2022-07-31 04:38:58,301] {dagbag.py:507} INFO - Filling up the DagBag from /opt/airflow/dags/branch_operator/sql_branch_operator.py
[2022-07-31 04:38:58,315] {processor.py:651} INFO - DAG(s) dict_keys(['sql_branch_operator']) retrieved from /opt/airflow/dags/branch_operator/sql_branch_operator.py
[2022-07-31 04:38:58,346] {logging_mixin.py:115} INFO - [2022-07-31 04:38:58,346] {dag.py:2379} INFO - Sync 1 DAGs
[2022-07-31 04:38:58,380] {logging_mixin.py:115} INFO - [2022-07-31 04:38:58,380] {dag.py:2931} INFO - Setting next_dagrun for sql_branch_operator to 2022-07-30T00:00:00+00:00, run_after=2022-07-31T00:00:00+00:00
[2022-07-31 04:38:58,395] {processor.py:161} INFO - Processing /opt/airflow/dags/branch_operator/sql_branch_operator.py took 0.099 seconds
[2022-07-31 04:39:28,669] {processor.py:153} INFO - Started process (PID=636) to work on /opt/airflow/dags/branch_operator/sql_branch_operator.py
[2022-07-31 04:39:28,686] {processor.py:641} INFO - Processing file /opt/airflow/dags/branch_operator/sql_branch_operator.py for tasks to queue
[2022-07-31 04:39:28,687] {logging_mixin.py:115} INFO - [2022-07-31 04:39:28,686] {dagbag.py:507} INFO - Filling up the DagBag from /opt/airflow/dags/branch_operator/sql_branch_operator.py
[2022-07-31 04:39:28,707] {processor.py:651} INFO - DAG(s) dict_keys(['sql_branch_operator']) retrieved from /opt/airflow/dags/branch_operator/sql_branch_operator.py
[2022-07-31 04:39:28,776] {logging_mixin.py:115} INFO - [2022-07-31 04:39:28,776] {dag.py:2379} INFO - Sync 1 DAGs
[2022-07-31 04:39:28,835] {logging_mixin.py:115} INFO - [2022-07-31 04:39:28,835] {dag.py:2931} INFO - Setting next_dagrun for sql_branch_operator to 2022-07-30T00:00:00+00:00, run_after=2022-07-31T00:00:00+00:00
[2022-07-31 04:39:28,851] {processor.py:161} INFO - Processing /opt/airflow/dags/branch_operator/sql_branch_operator.py took 0.188 seconds
[2022-07-31 04:39:59,731] {processor.py:153} INFO - Started process (PID=707) to work on /opt/airflow/dags/branch_operator/sql_branch_operator.py
[2022-07-31 04:39:59,736] {processor.py:641} INFO - Processing file /opt/airflow/dags/branch_operator/sql_branch_operator.py for tasks to queue
[2022-07-31 04:39:59,737] {logging_mixin.py:115} INFO - [2022-07-31 04:39:59,737] {dagbag.py:507} INFO - Filling up the DagBag from /opt/airflow/dags/branch_operator/sql_branch_operator.py
[2022-07-31 04:39:59,763] {processor.py:651} INFO - DAG(s) dict_keys(['sql_branch_operator']) retrieved from /opt/airflow/dags/branch_operator/sql_branch_operator.py
[2022-07-31 04:39:59,808] {logging_mixin.py:115} INFO - [2022-07-31 04:39:59,808] {dag.py:2379} INFO - Sync 1 DAGs
[2022-07-31 04:39:59,867] {logging_mixin.py:115} INFO - [2022-07-31 04:39:59,867] {dag.py:2931} INFO - Setting next_dagrun for sql_branch_operator to 2022-07-30T00:00:00+00:00, run_after=2022-07-31T00:00:00+00:00
[2022-07-31 04:39:59,908] {processor.py:161} INFO - Processing /opt/airflow/dags/branch_operator/sql_branch_operator.py took 0.183 seconds
[2022-07-31 04:40:29,986] {processor.py:153} INFO - Started process (PID=780) to work on /opt/airflow/dags/branch_operator/sql_branch_operator.py
[2022-07-31 04:40:29,988] {processor.py:641} INFO - Processing file /opt/airflow/dags/branch_operator/sql_branch_operator.py for tasks to queue
[2022-07-31 04:40:29,994] {logging_mixin.py:115} INFO - [2022-07-31 04:40:29,989] {dagbag.py:507} INFO - Filling up the DagBag from /opt/airflow/dags/branch_operator/sql_branch_operator.py
[2022-07-31 04:40:30,040] {processor.py:651} INFO - DAG(s) dict_keys(['sql_branch_operator']) retrieved from /opt/airflow/dags/branch_operator/sql_branch_operator.py
[2022-07-31 04:40:30,201] {logging_mixin.py:115} INFO - [2022-07-31 04:40:30,193] {dag.py:2379} INFO - Sync 1 DAGs
[2022-07-31 04:40:30,307] {logging_mixin.py:115} INFO - [2022-07-31 04:40:30,301] {dag.py:2931} INFO - Setting next_dagrun for sql_branch_operator to 2022-07-30T00:00:00+00:00, run_after=2022-07-31T00:00:00+00:00
[2022-07-31 04:40:30,352] {processor.py:161} INFO - Processing /opt/airflow/dags/branch_operator/sql_branch_operator.py took 0.377 seconds
[2022-07-31 04:41:00,446] {processor.py:153} INFO - Started process (PID=863) to work on /opt/airflow/dags/branch_operator/sql_branch_operator.py
[2022-07-31 04:41:00,446] {processor.py:641} INFO - Processing file /opt/airflow/dags/branch_operator/sql_branch_operator.py for tasks to queue
[2022-07-31 04:41:00,447] {logging_mixin.py:115} INFO - [2022-07-31 04:41:00,447] {dagbag.py:507} INFO - Filling up the DagBag from /opt/airflow/dags/branch_operator/sql_branch_operator.py
[2022-07-31 04:41:00,478] {processor.py:651} INFO - DAG(s) dict_keys(['sql_branch_operator']) retrieved from /opt/airflow/dags/branch_operator/sql_branch_operator.py
[2022-07-31 04:41:00,514] {logging_mixin.py:115} INFO - [2022-07-31 04:41:00,514] {dag.py:2379} INFO - Sync 1 DAGs
[2022-07-31 04:41:00,549] {logging_mixin.py:115} INFO - [2022-07-31 04:41:00,549] {dag.py:2931} INFO - Setting next_dagrun for sql_branch_operator to 2022-07-30T00:00:00+00:00, run_after=2022-07-31T00:00:00+00:00
[2022-07-31 04:41:00,564] {processor.py:161} INFO - Processing /opt/airflow/dags/branch_operator/sql_branch_operator.py took 0.130 seconds
[2022-07-31 04:41:31,451] {processor.py:153} INFO - Started process (PID=938) to work on /opt/airflow/dags/branch_operator/sql_branch_operator.py
[2022-07-31 04:41:31,457] {processor.py:641} INFO - Processing file /opt/airflow/dags/branch_operator/sql_branch_operator.py for tasks to queue
[2022-07-31 04:41:31,462] {logging_mixin.py:115} INFO - [2022-07-31 04:41:31,462] {dagbag.py:507} INFO - Filling up the DagBag from /opt/airflow/dags/branch_operator/sql_branch_operator.py
[2022-07-31 04:41:31,525] {processor.py:651} INFO - DAG(s) dict_keys(['sql_branch_operator']) retrieved from /opt/airflow/dags/branch_operator/sql_branch_operator.py
[2022-07-31 04:41:31,698] {logging_mixin.py:115} INFO - [2022-07-31 04:41:31,698] {dag.py:2379} INFO - Sync 1 DAGs
[2022-07-31 04:41:31,808] {logging_mixin.py:115} INFO - [2022-07-31 04:41:31,808] {dag.py:2931} INFO - Setting next_dagrun for sql_branch_operator to 2022-07-30T00:00:00+00:00, run_after=2022-07-31T00:00:00+00:00
[2022-07-31 04:41:31,833] {processor.py:161} INFO - Processing /opt/airflow/dags/branch_operator/sql_branch_operator.py took 0.413 seconds
[2022-07-31 04:42:01,938] {processor.py:153} INFO - Started process (PID=1020) to work on /opt/airflow/dags/branch_operator/sql_branch_operator.py
[2022-07-31 04:42:01,938] {processor.py:641} INFO - Processing file /opt/airflow/dags/branch_operator/sql_branch_operator.py for tasks to queue
[2022-07-31 04:42:01,939] {logging_mixin.py:115} INFO - [2022-07-31 04:42:01,939] {dagbag.py:507} INFO - Filling up the DagBag from /opt/airflow/dags/branch_operator/sql_branch_operator.py
[2022-07-31 04:42:01,955] {processor.py:651} INFO - DAG(s) dict_keys(['sql_branch_operator']) retrieved from /opt/airflow/dags/branch_operator/sql_branch_operator.py
[2022-07-31 04:42:01,987] {logging_mixin.py:115} INFO - [2022-07-31 04:42:01,987] {dag.py:2379} INFO - Sync 1 DAGs
[2022-07-31 04:42:02,022] {logging_mixin.py:115} INFO - [2022-07-31 04:42:02,022] {dag.py:2931} INFO - Setting next_dagrun for sql_branch_operator to 2022-07-30T00:00:00+00:00, run_after=2022-07-31T00:00:00+00:00
[2022-07-31 04:42:02,038] {processor.py:161} INFO - Processing /opt/airflow/dags/branch_operator/sql_branch_operator.py took 0.104 seconds
[2022-07-31 04:42:32,229] {processor.py:153} INFO - Started process (PID=1093) to work on /opt/airflow/dags/branch_operator/sql_branch_operator.py
[2022-07-31 04:42:32,230] {processor.py:641} INFO - Processing file /opt/airflow/dags/branch_operator/sql_branch_operator.py for tasks to queue
[2022-07-31 04:42:32,231] {logging_mixin.py:115} INFO - [2022-07-31 04:42:32,231] {dagbag.py:507} INFO - Filling up the DagBag from /opt/airflow/dags/branch_operator/sql_branch_operator.py
[2022-07-31 04:42:32,247] {processor.py:651} INFO - DAG(s) dict_keys(['sql_branch_operator']) retrieved from /opt/airflow/dags/branch_operator/sql_branch_operator.py
[2022-07-31 04:42:32,285] {logging_mixin.py:115} INFO - [2022-07-31 04:42:32,284] {dag.py:2379} INFO - Sync 1 DAGs
[2022-07-31 04:42:32,323] {logging_mixin.py:115} INFO - [2022-07-31 04:42:32,323] {dag.py:2931} INFO - Setting next_dagrun for sql_branch_operator to 2022-07-30T00:00:00+00:00, run_after=2022-07-31T00:00:00+00:00
[2022-07-31 04:42:32,336] {processor.py:161} INFO - Processing /opt/airflow/dags/branch_operator/sql_branch_operator.py took 0.112 seconds
