[2022-07-31 04:35:55,728] {processor.py:153} INFO - Started process (PID=101) to work on /opt/airflow/dags/external_task_sensor/external_task_sensor_parent_dag1.py
[2022-07-31 04:35:55,734] {processor.py:641} INFO - Processing file /opt/airflow/dags/external_task_sensor/external_task_sensor_parent_dag1.py for tasks to queue
[2022-07-31 04:35:55,736] {logging_mixin.py:115} INFO - [2022-07-31 04:35:55,736] {dagbag.py:507} INFO - Filling up the DagBag from /opt/airflow/dags/external_task_sensor/external_task_sensor_parent_dag1.py
[2022-07-31 04:35:55,763] {processor.py:651} INFO - DAG(s) dict_keys(['external_sensor_parent_dag_s3']) retrieved from /opt/airflow/dags/external_task_sensor/external_task_sensor_parent_dag1.py
[2022-07-31 04:35:56,099] {logging_mixin.py:115} INFO - [2022-07-31 04:35:56,099] {dag.py:2379} INFO - Sync 1 DAGs
[2022-07-31 04:35:56,175] {logging_mixin.py:115} INFO - [2022-07-31 04:35:56,174] {dag.py:2931} INFO - Setting next_dagrun for external_sensor_parent_dag_s3 to 2022-07-30T00:00:00+00:00, run_after=2022-07-31T00:00:00+00:00
[2022-07-31 04:35:56,824] {processor.py:161} INFO - Processing /opt/airflow/dags/external_task_sensor/external_task_sensor_parent_dag1.py took 1.107 seconds
[2022-07-31 04:36:27,711] {processor.py:153} INFO - Started process (PID=185) to work on /opt/airflow/dags/external_task_sensor/external_task_sensor_parent_dag1.py
[2022-07-31 04:36:27,712] {processor.py:641} INFO - Processing file /opt/airflow/dags/external_task_sensor/external_task_sensor_parent_dag1.py for tasks to queue
[2022-07-31 04:36:27,713] {logging_mixin.py:115} INFO - [2022-07-31 04:36:27,713] {dagbag.py:507} INFO - Filling up the DagBag from /opt/airflow/dags/external_task_sensor/external_task_sensor_parent_dag1.py
[2022-07-31 04:36:27,736] {processor.py:651} INFO - DAG(s) dict_keys(['external_sensor_parent_dag_s3']) retrieved from /opt/airflow/dags/external_task_sensor/external_task_sensor_parent_dag1.py
[2022-07-31 04:36:27,796] {logging_mixin.py:115} INFO - [2022-07-31 04:36:27,796] {dag.py:2379} INFO - Sync 1 DAGs
[2022-07-31 04:36:27,862] {logging_mixin.py:115} INFO - [2022-07-31 04:36:27,862] {dag.py:2931} INFO - Setting next_dagrun for external_sensor_parent_dag_s3 to 2022-07-30T00:00:00+00:00, run_after=2022-07-31T00:00:00+00:00
[2022-07-31 04:36:27,893] {processor.py:161} INFO - Processing /opt/airflow/dags/external_task_sensor/external_task_sensor_parent_dag1.py took 0.191 seconds
[2022-07-31 04:36:58,649] {processor.py:153} INFO - Started process (PID=260) to work on /opt/airflow/dags/external_task_sensor/external_task_sensor_parent_dag1.py
[2022-07-31 04:36:58,656] {processor.py:641} INFO - Processing file /opt/airflow/dags/external_task_sensor/external_task_sensor_parent_dag1.py for tasks to queue
[2022-07-31 04:36:58,663] {logging_mixin.py:115} INFO - [2022-07-31 04:36:58,662] {dagbag.py:507} INFO - Filling up the DagBag from /opt/airflow/dags/external_task_sensor/external_task_sensor_parent_dag1.py
[2022-07-31 04:36:58,723] {processor.py:651} INFO - DAG(s) dict_keys(['external_sensor_parent_dag_s3']) retrieved from /opt/airflow/dags/external_task_sensor/external_task_sensor_parent_dag1.py
[2022-07-31 04:36:58,817] {logging_mixin.py:115} INFO - [2022-07-31 04:36:58,816] {dag.py:2379} INFO - Sync 1 DAGs
[2022-07-31 04:36:58,996] {logging_mixin.py:115} INFO - [2022-07-31 04:36:58,996] {dag.py:2931} INFO - Setting next_dagrun for external_sensor_parent_dag_s3 to 2022-07-30T00:00:00+00:00, run_after=2022-07-31T00:00:00+00:00
[2022-07-31 04:36:59,064] {processor.py:161} INFO - Processing /opt/airflow/dags/external_task_sensor/external_task_sensor_parent_dag1.py took 0.447 seconds
[2022-07-31 04:37:29,486] {processor.py:153} INFO - Started process (PID=332) to work on /opt/airflow/dags/external_task_sensor/external_task_sensor_parent_dag1.py
[2022-07-31 04:37:29,487] {processor.py:641} INFO - Processing file /opt/airflow/dags/external_task_sensor/external_task_sensor_parent_dag1.py for tasks to queue
[2022-07-31 04:37:29,489] {logging_mixin.py:115} INFO - [2022-07-31 04:37:29,489] {dagbag.py:507} INFO - Filling up the DagBag from /opt/airflow/dags/external_task_sensor/external_task_sensor_parent_dag1.py
[2022-07-31 04:37:29,509] {processor.py:651} INFO - DAG(s) dict_keys(['external_sensor_parent_dag_s3']) retrieved from /opt/airflow/dags/external_task_sensor/external_task_sensor_parent_dag1.py
[2022-07-31 04:37:29,566] {logging_mixin.py:115} INFO - [2022-07-31 04:37:29,566] {dag.py:2379} INFO - Sync 1 DAGs
[2022-07-31 04:37:29,680] {logging_mixin.py:115} INFO - [2022-07-31 04:37:29,680] {dag.py:2931} INFO - Setting next_dagrun for external_sensor_parent_dag_s3 to 2022-07-30T00:00:00+00:00, run_after=2022-07-31T00:00:00+00:00
[2022-07-31 04:37:29,719] {processor.py:161} INFO - Processing /opt/airflow/dags/external_task_sensor/external_task_sensor_parent_dag1.py took 0.242 seconds
[2022-07-31 04:38:00,005] {processor.py:153} INFO - Started process (PID=406) to work on /opt/airflow/dags/external_task_sensor/external_task_sensor_parent_dag1.py
[2022-07-31 04:38:00,008] {processor.py:641} INFO - Processing file /opt/airflow/dags/external_task_sensor/external_task_sensor_parent_dag1.py for tasks to queue
[2022-07-31 04:38:00,010] {logging_mixin.py:115} INFO - [2022-07-31 04:38:00,010] {dagbag.py:507} INFO - Filling up the DagBag from /opt/airflow/dags/external_task_sensor/external_task_sensor_parent_dag1.py
[2022-07-31 04:38:00,026] {processor.py:651} INFO - DAG(s) dict_keys(['external_sensor_parent_dag_s3']) retrieved from /opt/airflow/dags/external_task_sensor/external_task_sensor_parent_dag1.py
[2022-07-31 04:38:00,098] {logging_mixin.py:115} INFO - [2022-07-31 04:38:00,098] {dag.py:2379} INFO - Sync 1 DAGs
[2022-07-31 04:38:00,192] {logging_mixin.py:115} INFO - [2022-07-31 04:38:00,192] {dag.py:2931} INFO - Setting next_dagrun for external_sensor_parent_dag_s3 to 2022-07-30T00:00:00+00:00, run_after=2022-07-31T00:00:00+00:00
[2022-07-31 04:38:00,226] {processor.py:161} INFO - Processing /opt/airflow/dags/external_task_sensor/external_task_sensor_parent_dag1.py took 0.225 seconds
[2022-07-31 04:38:30,473] {processor.py:153} INFO - Started process (PID=486) to work on /opt/airflow/dags/external_task_sensor/external_task_sensor_parent_dag1.py
[2022-07-31 04:38:30,475] {processor.py:641} INFO - Processing file /opt/airflow/dags/external_task_sensor/external_task_sensor_parent_dag1.py for tasks to queue
[2022-07-31 04:38:30,476] {logging_mixin.py:115} INFO - [2022-07-31 04:38:30,476] {dagbag.py:507} INFO - Filling up the DagBag from /opt/airflow/dags/external_task_sensor/external_task_sensor_parent_dag1.py
[2022-07-31 04:38:30,489] {processor.py:651} INFO - DAG(s) dict_keys(['external_sensor_parent_dag_s3']) retrieved from /opt/airflow/dags/external_task_sensor/external_task_sensor_parent_dag1.py
[2022-07-31 04:38:30,524] {logging_mixin.py:115} INFO - [2022-07-31 04:38:30,524] {dag.py:2379} INFO - Sync 1 DAGs
[2022-07-31 04:38:30,559] {logging_mixin.py:115} INFO - [2022-07-31 04:38:30,559] {dag.py:2931} INFO - Setting next_dagrun for external_sensor_parent_dag_s3 to 2022-07-30T00:00:00+00:00, run_after=2022-07-31T00:00:00+00:00
[2022-07-31 04:38:30,582] {processor.py:161} INFO - Processing /opt/airflow/dags/external_task_sensor/external_task_sensor_parent_dag1.py took 0.114 seconds
[2022-07-31 04:39:01,551] {processor.py:153} INFO - Started process (PID=558) to work on /opt/airflow/dags/external_task_sensor/external_task_sensor_parent_dag1.py
[2022-07-31 04:39:01,552] {processor.py:641} INFO - Processing file /opt/airflow/dags/external_task_sensor/external_task_sensor_parent_dag1.py for tasks to queue
[2022-07-31 04:39:01,553] {logging_mixin.py:115} INFO - [2022-07-31 04:39:01,553] {dagbag.py:507} INFO - Filling up the DagBag from /opt/airflow/dags/external_task_sensor/external_task_sensor_parent_dag1.py
[2022-07-31 04:39:01,562] {processor.py:651} INFO - DAG(s) dict_keys(['external_sensor_parent_dag_s3']) retrieved from /opt/airflow/dags/external_task_sensor/external_task_sensor_parent_dag1.py
[2022-07-31 04:39:01,599] {logging_mixin.py:115} INFO - [2022-07-31 04:39:01,599] {dag.py:2379} INFO - Sync 1 DAGs
[2022-07-31 04:39:01,636] {logging_mixin.py:115} INFO - [2022-07-31 04:39:01,636] {dag.py:2931} INFO - Setting next_dagrun for external_sensor_parent_dag_s3 to 2022-07-30T00:00:00+00:00, run_after=2022-07-31T00:00:00+00:00
[2022-07-31 04:39:01,653] {processor.py:161} INFO - Processing /opt/airflow/dags/external_task_sensor/external_task_sensor_parent_dag1.py took 0.106 seconds
[2022-07-31 04:39:31,880] {processor.py:153} INFO - Started process (PID=639) to work on /opt/airflow/dags/external_task_sensor/external_task_sensor_parent_dag1.py
[2022-07-31 04:39:31,881] {processor.py:641} INFO - Processing file /opt/airflow/dags/external_task_sensor/external_task_sensor_parent_dag1.py for tasks to queue
[2022-07-31 04:39:31,881] {logging_mixin.py:115} INFO - [2022-07-31 04:39:31,881] {dagbag.py:507} INFO - Filling up the DagBag from /opt/airflow/dags/external_task_sensor/external_task_sensor_parent_dag1.py
[2022-07-31 04:39:31,891] {processor.py:651} INFO - DAG(s) dict_keys(['external_sensor_parent_dag_s3']) retrieved from /opt/airflow/dags/external_task_sensor/external_task_sensor_parent_dag1.py
[2022-07-31 04:39:31,929] {logging_mixin.py:115} INFO - [2022-07-31 04:39:31,929] {dag.py:2379} INFO - Sync 1 DAGs
[2022-07-31 04:39:31,967] {logging_mixin.py:115} INFO - [2022-07-31 04:39:31,966] {dag.py:2931} INFO - Setting next_dagrun for external_sensor_parent_dag_s3 to 2022-07-30T00:00:00+00:00, run_after=2022-07-31T00:00:00+00:00
[2022-07-31 04:39:31,982] {processor.py:161} INFO - Processing /opt/airflow/dags/external_task_sensor/external_task_sensor_parent_dag1.py took 0.106 seconds
[2022-07-31 04:40:02,302] {processor.py:153} INFO - Started process (PID=710) to work on /opt/airflow/dags/external_task_sensor/external_task_sensor_parent_dag1.py
[2022-07-31 04:40:02,304] {processor.py:641} INFO - Processing file /opt/airflow/dags/external_task_sensor/external_task_sensor_parent_dag1.py for tasks to queue
[2022-07-31 04:40:02,306] {logging_mixin.py:115} INFO - [2022-07-31 04:40:02,306] {dagbag.py:507} INFO - Filling up the DagBag from /opt/airflow/dags/external_task_sensor/external_task_sensor_parent_dag1.py
[2022-07-31 04:40:02,317] {processor.py:651} INFO - DAG(s) dict_keys(['external_sensor_parent_dag_s3']) retrieved from /opt/airflow/dags/external_task_sensor/external_task_sensor_parent_dag1.py
[2022-07-31 04:40:02,360] {logging_mixin.py:115} INFO - [2022-07-31 04:40:02,360] {dag.py:2379} INFO - Sync 1 DAGs
[2022-07-31 04:40:02,439] {logging_mixin.py:115} INFO - [2022-07-31 04:40:02,439] {dag.py:2931} INFO - Setting next_dagrun for external_sensor_parent_dag_s3 to 2022-07-30T00:00:00+00:00, run_after=2022-07-31T00:00:00+00:00
[2022-07-31 04:40:02,475] {processor.py:161} INFO - Processing /opt/airflow/dags/external_task_sensor/external_task_sensor_parent_dag1.py took 0.178 seconds
[2022-07-31 04:40:32,840] {processor.py:153} INFO - Started process (PID=790) to work on /opt/airflow/dags/external_task_sensor/external_task_sensor_parent_dag1.py
[2022-07-31 04:40:32,849] {processor.py:641} INFO - Processing file /opt/airflow/dags/external_task_sensor/external_task_sensor_parent_dag1.py for tasks to queue
[2022-07-31 04:40:32,851] {logging_mixin.py:115} INFO - [2022-07-31 04:40:32,851] {dagbag.py:507} INFO - Filling up the DagBag from /opt/airflow/dags/external_task_sensor/external_task_sensor_parent_dag1.py
[2022-07-31 04:40:32,873] {processor.py:651} INFO - DAG(s) dict_keys(['external_sensor_parent_dag_s3']) retrieved from /opt/airflow/dags/external_task_sensor/external_task_sensor_parent_dag1.py
[2022-07-31 04:40:33,069] {logging_mixin.py:115} INFO - [2022-07-31 04:40:33,069] {dag.py:2379} INFO - Sync 1 DAGs
[2022-07-31 04:40:33,140] {logging_mixin.py:115} INFO - [2022-07-31 04:40:33,140] {dag.py:2931} INFO - Setting next_dagrun for external_sensor_parent_dag_s3 to 2022-07-30T00:00:00+00:00, run_after=2022-07-31T00:00:00+00:00
[2022-07-31 04:40:33,174] {processor.py:161} INFO - Processing /opt/airflow/dags/external_task_sensor/external_task_sensor_parent_dag1.py took 0.337 seconds
[2022-07-31 04:41:03,822] {processor.py:153} INFO - Started process (PID=866) to work on /opt/airflow/dags/external_task_sensor/external_task_sensor_parent_dag1.py
[2022-07-31 04:41:03,826] {processor.py:641} INFO - Processing file /opt/airflow/dags/external_task_sensor/external_task_sensor_parent_dag1.py for tasks to queue
[2022-07-31 04:41:03,827] {logging_mixin.py:115} INFO - [2022-07-31 04:41:03,827] {dagbag.py:507} INFO - Filling up the DagBag from /opt/airflow/dags/external_task_sensor/external_task_sensor_parent_dag1.py
[2022-07-31 04:41:03,836] {processor.py:651} INFO - DAG(s) dict_keys(['external_sensor_parent_dag_s3']) retrieved from /opt/airflow/dags/external_task_sensor/external_task_sensor_parent_dag1.py
[2022-07-31 04:41:03,898] {logging_mixin.py:115} INFO - [2022-07-31 04:41:03,898] {dag.py:2379} INFO - Sync 1 DAGs
[2022-07-31 04:41:03,945] {logging_mixin.py:115} INFO - [2022-07-31 04:41:03,945] {dag.py:2931} INFO - Setting next_dagrun for external_sensor_parent_dag_s3 to 2022-07-30T00:00:00+00:00, run_after=2022-07-31T00:00:00+00:00
[2022-07-31 04:41:03,980] {processor.py:161} INFO - Processing /opt/airflow/dags/external_task_sensor/external_task_sensor_parent_dag1.py took 0.161 seconds
[2022-07-31 04:41:34,025] {processor.py:153} INFO - Started process (PID=941) to work on /opt/airflow/dags/external_task_sensor/external_task_sensor_parent_dag1.py
[2022-07-31 04:41:34,026] {processor.py:641} INFO - Processing file /opt/airflow/dags/external_task_sensor/external_task_sensor_parent_dag1.py for tasks to queue
[2022-07-31 04:41:34,027] {logging_mixin.py:115} INFO - [2022-07-31 04:41:34,026] {dagbag.py:507} INFO - Filling up the DagBag from /opt/airflow/dags/external_task_sensor/external_task_sensor_parent_dag1.py
[2022-07-31 04:41:34,037] {processor.py:651} INFO - DAG(s) dict_keys(['external_sensor_parent_dag_s3']) retrieved from /opt/airflow/dags/external_task_sensor/external_task_sensor_parent_dag1.py
[2022-07-31 04:41:34,070] {logging_mixin.py:115} INFO - [2022-07-31 04:41:34,070] {dag.py:2379} INFO - Sync 1 DAGs
[2022-07-31 04:41:34,103] {logging_mixin.py:115} INFO - [2022-07-31 04:41:34,103] {dag.py:2931} INFO - Setting next_dagrun for external_sensor_parent_dag_s3 to 2022-07-30T00:00:00+00:00, run_after=2022-07-31T00:00:00+00:00
[2022-07-31 04:41:34,118] {processor.py:161} INFO - Processing /opt/airflow/dags/external_task_sensor/external_task_sensor_parent_dag1.py took 0.096 seconds
[2022-07-31 04:42:04,411] {processor.py:153} INFO - Started process (PID=1023) to work on /opt/airflow/dags/external_task_sensor/external_task_sensor_parent_dag1.py
[2022-07-31 04:42:04,415] {processor.py:641} INFO - Processing file /opt/airflow/dags/external_task_sensor/external_task_sensor_parent_dag1.py for tasks to queue
[2022-07-31 04:42:04,416] {logging_mixin.py:115} INFO - [2022-07-31 04:42:04,416] {dagbag.py:507} INFO - Filling up the DagBag from /opt/airflow/dags/external_task_sensor/external_task_sensor_parent_dag1.py
[2022-07-31 04:42:04,484] {processor.py:651} INFO - DAG(s) dict_keys(['external_sensor_parent_dag_s3']) retrieved from /opt/airflow/dags/external_task_sensor/external_task_sensor_parent_dag1.py
[2022-07-31 04:42:04,630] {logging_mixin.py:115} INFO - [2022-07-31 04:42:04,630] {dag.py:2379} INFO - Sync 1 DAGs
[2022-07-31 04:42:04,709] {logging_mixin.py:115} INFO - [2022-07-31 04:42:04,709] {dag.py:2931} INFO - Setting next_dagrun for external_sensor_parent_dag_s3 to 2022-07-30T00:00:00+00:00, run_after=2022-07-31T00:00:00+00:00
[2022-07-31 04:42:04,765] {processor.py:161} INFO - Processing /opt/airflow/dags/external_task_sensor/external_task_sensor_parent_dag1.py took 0.383 seconds
[2022-07-31 04:42:35,499] {processor.py:153} INFO - Started process (PID=1096) to work on /opt/airflow/dags/external_task_sensor/external_task_sensor_parent_dag1.py
[2022-07-31 04:42:35,505] {processor.py:641} INFO - Processing file /opt/airflow/dags/external_task_sensor/external_task_sensor_parent_dag1.py for tasks to queue
[2022-07-31 04:42:35,508] {logging_mixin.py:115} INFO - [2022-07-31 04:42:35,507] {dagbag.py:507} INFO - Filling up the DagBag from /opt/airflow/dags/external_task_sensor/external_task_sensor_parent_dag1.py
[2022-07-31 04:42:35,542] {processor.py:651} INFO - DAG(s) dict_keys(['external_sensor_parent_dag_s3']) retrieved from /opt/airflow/dags/external_task_sensor/external_task_sensor_parent_dag1.py
[2022-07-31 04:42:35,606] {logging_mixin.py:115} INFO - [2022-07-31 04:42:35,606] {dag.py:2379} INFO - Sync 1 DAGs
[2022-07-31 04:42:35,674] {logging_mixin.py:115} INFO - [2022-07-31 04:42:35,673] {dag.py:2931} INFO - Setting next_dagrun for external_sensor_parent_dag_s3 to 2022-07-30T00:00:00+00:00, run_after=2022-07-31T00:00:00+00:00
[2022-07-31 04:42:35,710] {processor.py:161} INFO - Processing /opt/airflow/dags/external_task_sensor/external_task_sensor_parent_dag1.py took 0.221 seconds
