[2022-07-31 04:35:55,850] {processor.py:153} INFO - Started process (PID=102) to work on /opt/airflow/dags/external_task_sensor/external_task_sensor_parent_dag2.py
[2022-07-31 04:35:55,851] {processor.py:641} INFO - Processing file /opt/airflow/dags/external_task_sensor/external_task_sensor_parent_dag2.py for tasks to queue
[2022-07-31 04:35:55,851] {logging_mixin.py:115} INFO - [2022-07-31 04:35:55,851] {dagbag.py:507} INFO - Filling up the DagBag from /opt/airflow/dags/external_task_sensor/external_task_sensor_parent_dag2.py
[2022-07-31 04:35:55,877] {processor.py:651} INFO - DAG(s) dict_keys(['external_sensor_parent_dag_http']) retrieved from /opt/airflow/dags/external_task_sensor/external_task_sensor_parent_dag2.py
[2022-07-31 04:35:56,147] {logging_mixin.py:115} INFO - [2022-07-31 04:35:56,147] {dag.py:2379} INFO - Sync 1 DAGs
[2022-07-31 04:35:56,216] {logging_mixin.py:115} INFO - [2022-07-31 04:35:56,216] {dag.py:2931} INFO - Setting next_dagrun for external_sensor_parent_dag_http to 2022-07-30T00:00:00+00:00, run_after=2022-07-31T00:00:00+00:00
[2022-07-31 04:35:57,013] {processor.py:161} INFO - Processing /opt/airflow/dags/external_task_sensor/external_task_sensor_parent_dag2.py took 1.176 seconds
[2022-07-31 04:36:27,709] {processor.py:153} INFO - Started process (PID=186) to work on /opt/airflow/dags/external_task_sensor/external_task_sensor_parent_dag2.py
[2022-07-31 04:36:27,721] {processor.py:641} INFO - Processing file /opt/airflow/dags/external_task_sensor/external_task_sensor_parent_dag2.py for tasks to queue
[2022-07-31 04:36:27,722] {logging_mixin.py:115} INFO - [2022-07-31 04:36:27,722] {dagbag.py:507} INFO - Filling up the DagBag from /opt/airflow/dags/external_task_sensor/external_task_sensor_parent_dag2.py
[2022-07-31 04:36:27,734] {processor.py:651} INFO - DAG(s) dict_keys(['external_sensor_parent_dag_http']) retrieved from /opt/airflow/dags/external_task_sensor/external_task_sensor_parent_dag2.py
[2022-07-31 04:36:27,795] {logging_mixin.py:115} INFO - [2022-07-31 04:36:27,795] {dag.py:2379} INFO - Sync 1 DAGs
[2022-07-31 04:36:27,860] {logging_mixin.py:115} INFO - [2022-07-31 04:36:27,860] {dag.py:2931} INFO - Setting next_dagrun for external_sensor_parent_dag_http to 2022-07-30T00:00:00+00:00, run_after=2022-07-31T00:00:00+00:00
[2022-07-31 04:36:27,890] {processor.py:161} INFO - Processing /opt/airflow/dags/external_task_sensor/external_task_sensor_parent_dag2.py took 0.184 seconds
[2022-07-31 04:36:58,674] {processor.py:153} INFO - Started process (PID=261) to work on /opt/airflow/dags/external_task_sensor/external_task_sensor_parent_dag2.py
[2022-07-31 04:36:58,682] {processor.py:641} INFO - Processing file /opt/airflow/dags/external_task_sensor/external_task_sensor_parent_dag2.py for tasks to queue
[2022-07-31 04:36:58,689] {logging_mixin.py:115} INFO - [2022-07-31 04:36:58,689] {dagbag.py:507} INFO - Filling up the DagBag from /opt/airflow/dags/external_task_sensor/external_task_sensor_parent_dag2.py
[2022-07-31 04:36:58,720] {processor.py:651} INFO - DAG(s) dict_keys(['external_sensor_parent_dag_http']) retrieved from /opt/airflow/dags/external_task_sensor/external_task_sensor_parent_dag2.py
[2022-07-31 04:36:58,827] {logging_mixin.py:115} INFO - [2022-07-31 04:36:58,826] {dag.py:2379} INFO - Sync 1 DAGs
[2022-07-31 04:36:59,005] {logging_mixin.py:115} INFO - [2022-07-31 04:36:59,005] {dag.py:2931} INFO - Setting next_dagrun for external_sensor_parent_dag_http to 2022-07-30T00:00:00+00:00, run_after=2022-07-31T00:00:00+00:00
[2022-07-31 04:36:59,054] {processor.py:161} INFO - Processing /opt/airflow/dags/external_task_sensor/external_task_sensor_parent_dag2.py took 0.438 seconds
[2022-07-31 04:37:29,484] {processor.py:153} INFO - Started process (PID=333) to work on /opt/airflow/dags/external_task_sensor/external_task_sensor_parent_dag2.py
[2022-07-31 04:37:29,496] {processor.py:641} INFO - Processing file /opt/airflow/dags/external_task_sensor/external_task_sensor_parent_dag2.py for tasks to queue
[2022-07-31 04:37:29,498] {logging_mixin.py:115} INFO - [2022-07-31 04:37:29,497] {dagbag.py:507} INFO - Filling up the DagBag from /opt/airflow/dags/external_task_sensor/external_task_sensor_parent_dag2.py
[2022-07-31 04:37:29,522] {processor.py:651} INFO - DAG(s) dict_keys(['external_sensor_parent_dag_http']) retrieved from /opt/airflow/dags/external_task_sensor/external_task_sensor_parent_dag2.py
[2022-07-31 04:37:29,585] {logging_mixin.py:115} INFO - [2022-07-31 04:37:29,584] {dag.py:2379} INFO - Sync 1 DAGs
[2022-07-31 04:37:29,692] {logging_mixin.py:115} INFO - [2022-07-31 04:37:29,692] {dag.py:2931} INFO - Setting next_dagrun for external_sensor_parent_dag_http to 2022-07-30T00:00:00+00:00, run_after=2022-07-31T00:00:00+00:00
[2022-07-31 04:37:29,729] {processor.py:161} INFO - Processing /opt/airflow/dags/external_task_sensor/external_task_sensor_parent_dag2.py took 0.249 seconds
[2022-07-31 04:38:00,031] {processor.py:153} INFO - Started process (PID=407) to work on /opt/airflow/dags/external_task_sensor/external_task_sensor_parent_dag2.py
[2022-07-31 04:38:00,036] {processor.py:641} INFO - Processing file /opt/airflow/dags/external_task_sensor/external_task_sensor_parent_dag2.py for tasks to queue
[2022-07-31 04:38:00,038] {logging_mixin.py:115} INFO - [2022-07-31 04:38:00,038] {dagbag.py:507} INFO - Filling up the DagBag from /opt/airflow/dags/external_task_sensor/external_task_sensor_parent_dag2.py
[2022-07-31 04:38:00,058] {processor.py:651} INFO - DAG(s) dict_keys(['external_sensor_parent_dag_http']) retrieved from /opt/airflow/dags/external_task_sensor/external_task_sensor_parent_dag2.py
[2022-07-31 04:38:00,130] {logging_mixin.py:115} INFO - [2022-07-31 04:38:00,130] {dag.py:2379} INFO - Sync 1 DAGs
[2022-07-31 04:38:00,221] {logging_mixin.py:115} INFO - [2022-07-31 04:38:00,221] {dag.py:2931} INFO - Setting next_dagrun for external_sensor_parent_dag_http to 2022-07-30T00:00:00+00:00, run_after=2022-07-31T00:00:00+00:00
[2022-07-31 04:38:00,250] {processor.py:161} INFO - Processing /opt/airflow/dags/external_task_sensor/external_task_sensor_parent_dag2.py took 0.230 seconds
[2022-07-31 04:38:30,482] {processor.py:153} INFO - Started process (PID=487) to work on /opt/airflow/dags/external_task_sensor/external_task_sensor_parent_dag2.py
[2022-07-31 04:38:30,483] {processor.py:641} INFO - Processing file /opt/airflow/dags/external_task_sensor/external_task_sensor_parent_dag2.py for tasks to queue
[2022-07-31 04:38:30,484] {logging_mixin.py:115} INFO - [2022-07-31 04:38:30,483] {dagbag.py:507} INFO - Filling up the DagBag from /opt/airflow/dags/external_task_sensor/external_task_sensor_parent_dag2.py
[2022-07-31 04:38:30,493] {processor.py:651} INFO - DAG(s) dict_keys(['external_sensor_parent_dag_http']) retrieved from /opt/airflow/dags/external_task_sensor/external_task_sensor_parent_dag2.py
[2022-07-31 04:38:30,525] {logging_mixin.py:115} INFO - [2022-07-31 04:38:30,525] {dag.py:2379} INFO - Sync 1 DAGs
[2022-07-31 04:38:30,559] {logging_mixin.py:115} INFO - [2022-07-31 04:38:30,559] {dag.py:2931} INFO - Setting next_dagrun for external_sensor_parent_dag_http to 2022-07-30T00:00:00+00:00, run_after=2022-07-31T00:00:00+00:00
[2022-07-31 04:38:30,582] {processor.py:161} INFO - Processing /opt/airflow/dags/external_task_sensor/external_task_sensor_parent_dag2.py took 0.104 seconds
[2022-07-31 04:39:01,560] {processor.py:153} INFO - Started process (PID=559) to work on /opt/airflow/dags/external_task_sensor/external_task_sensor_parent_dag2.py
[2022-07-31 04:39:01,564] {processor.py:641} INFO - Processing file /opt/airflow/dags/external_task_sensor/external_task_sensor_parent_dag2.py for tasks to queue
[2022-07-31 04:39:01,566] {logging_mixin.py:115} INFO - [2022-07-31 04:39:01,566] {dagbag.py:507} INFO - Filling up the DagBag from /opt/airflow/dags/external_task_sensor/external_task_sensor_parent_dag2.py
[2022-07-31 04:39:01,577] {processor.py:651} INFO - DAG(s) dict_keys(['external_sensor_parent_dag_http']) retrieved from /opt/airflow/dags/external_task_sensor/external_task_sensor_parent_dag2.py
[2022-07-31 04:39:01,608] {logging_mixin.py:115} INFO - [2022-07-31 04:39:01,608] {dag.py:2379} INFO - Sync 1 DAGs
[2022-07-31 04:39:01,641] {logging_mixin.py:115} INFO - [2022-07-31 04:39:01,641] {dag.py:2931} INFO - Setting next_dagrun for external_sensor_parent_dag_http to 2022-07-30T00:00:00+00:00, run_after=2022-07-31T00:00:00+00:00
[2022-07-31 04:39:01,655] {processor.py:161} INFO - Processing /opt/airflow/dags/external_task_sensor/external_task_sensor_parent_dag2.py took 0.098 seconds
[2022-07-31 04:39:31,891] {processor.py:153} INFO - Started process (PID=640) to work on /opt/airflow/dags/external_task_sensor/external_task_sensor_parent_dag2.py
[2022-07-31 04:39:31,895] {processor.py:641} INFO - Processing file /opt/airflow/dags/external_task_sensor/external_task_sensor_parent_dag2.py for tasks to queue
[2022-07-31 04:39:31,898] {logging_mixin.py:115} INFO - [2022-07-31 04:39:31,897] {dagbag.py:507} INFO - Filling up the DagBag from /opt/airflow/dags/external_task_sensor/external_task_sensor_parent_dag2.py
[2022-07-31 04:39:31,911] {processor.py:651} INFO - DAG(s) dict_keys(['external_sensor_parent_dag_http']) retrieved from /opt/airflow/dags/external_task_sensor/external_task_sensor_parent_dag2.py
[2022-07-31 04:39:31,955] {logging_mixin.py:115} INFO - [2022-07-31 04:39:31,955] {dag.py:2379} INFO - Sync 1 DAGs
[2022-07-31 04:39:31,992] {logging_mixin.py:115} INFO - [2022-07-31 04:39:31,992] {dag.py:2931} INFO - Setting next_dagrun for external_sensor_parent_dag_http to 2022-07-30T00:00:00+00:00, run_after=2022-07-31T00:00:00+00:00
[2022-07-31 04:39:32,008] {processor.py:161} INFO - Processing /opt/airflow/dags/external_task_sensor/external_task_sensor_parent_dag2.py took 0.122 seconds
[2022-07-31 04:40:02,363] {processor.py:153} INFO - Started process (PID=711) to work on /opt/airflow/dags/external_task_sensor/external_task_sensor_parent_dag2.py
[2022-07-31 04:40:02,369] {processor.py:641} INFO - Processing file /opt/airflow/dags/external_task_sensor/external_task_sensor_parent_dag2.py for tasks to queue
[2022-07-31 04:40:02,372] {logging_mixin.py:115} INFO - [2022-07-31 04:40:02,372] {dagbag.py:507} INFO - Filling up the DagBag from /opt/airflow/dags/external_task_sensor/external_task_sensor_parent_dag2.py
[2022-07-31 04:40:02,386] {processor.py:651} INFO - DAG(s) dict_keys(['external_sensor_parent_dag_http']) retrieved from /opt/airflow/dags/external_task_sensor/external_task_sensor_parent_dag2.py
[2022-07-31 04:40:02,443] {logging_mixin.py:115} INFO - [2022-07-31 04:40:02,443] {dag.py:2379} INFO - Sync 1 DAGs
[2022-07-31 04:40:02,483] {logging_mixin.py:115} INFO - [2022-07-31 04:40:02,483] {dag.py:2931} INFO - Setting next_dagrun for external_sensor_parent_dag_http to 2022-07-30T00:00:00+00:00, run_after=2022-07-31T00:00:00+00:00
[2022-07-31 04:40:02,505] {processor.py:161} INFO - Processing /opt/airflow/dags/external_task_sensor/external_task_sensor_parent_dag2.py took 0.147 seconds
[2022-07-31 04:40:32,894] {processor.py:153} INFO - Started process (PID=791) to work on /opt/airflow/dags/external_task_sensor/external_task_sensor_parent_dag2.py
[2022-07-31 04:40:32,895] {processor.py:641} INFO - Processing file /opt/airflow/dags/external_task_sensor/external_task_sensor_parent_dag2.py for tasks to queue
[2022-07-31 04:40:32,895] {logging_mixin.py:115} INFO - [2022-07-31 04:40:32,895] {dagbag.py:507} INFO - Filling up the DagBag from /opt/airflow/dags/external_task_sensor/external_task_sensor_parent_dag2.py
[2022-07-31 04:40:32,912] {processor.py:651} INFO - DAG(s) dict_keys(['external_sensor_parent_dag_http']) retrieved from /opt/airflow/dags/external_task_sensor/external_task_sensor_parent_dag2.py
[2022-07-31 04:40:32,982] {logging_mixin.py:115} INFO - [2022-07-31 04:40:32,982] {dag.py:2379} INFO - Sync 1 DAGs
[2022-07-31 04:40:33,040] {logging_mixin.py:115} INFO - [2022-07-31 04:40:33,040] {dag.py:2931} INFO - Setting next_dagrun for external_sensor_parent_dag_http to 2022-07-30T00:00:00+00:00, run_after=2022-07-31T00:00:00+00:00
[2022-07-31 04:40:33,077] {processor.py:161} INFO - Processing /opt/airflow/dags/external_task_sensor/external_task_sensor_parent_dag2.py took 0.187 seconds
[2022-07-31 04:41:03,874] {processor.py:153} INFO - Started process (PID=867) to work on /opt/airflow/dags/external_task_sensor/external_task_sensor_parent_dag2.py
[2022-07-31 04:41:03,882] {processor.py:641} INFO - Processing file /opt/airflow/dags/external_task_sensor/external_task_sensor_parent_dag2.py for tasks to queue
[2022-07-31 04:41:03,883] {logging_mixin.py:115} INFO - [2022-07-31 04:41:03,883] {dagbag.py:507} INFO - Filling up the DagBag from /opt/airflow/dags/external_task_sensor/external_task_sensor_parent_dag2.py
[2022-07-31 04:41:03,900] {processor.py:651} INFO - DAG(s) dict_keys(['external_sensor_parent_dag_http']) retrieved from /opt/airflow/dags/external_task_sensor/external_task_sensor_parent_dag2.py
[2022-07-31 04:41:03,973] {logging_mixin.py:115} INFO - [2022-07-31 04:41:03,973] {dag.py:2379} INFO - Sync 1 DAGs
[2022-07-31 04:41:04,016] {logging_mixin.py:115} INFO - [2022-07-31 04:41:04,016] {dag.py:2931} INFO - Setting next_dagrun for external_sensor_parent_dag_http to 2022-07-30T00:00:00+00:00, run_after=2022-07-31T00:00:00+00:00
[2022-07-31 04:41:04,032] {processor.py:161} INFO - Processing /opt/airflow/dags/external_task_sensor/external_task_sensor_parent_dag2.py took 0.165 seconds
[2022-07-31 04:41:34,144] {processor.py:153} INFO - Started process (PID=942) to work on /opt/airflow/dags/external_task_sensor/external_task_sensor_parent_dag2.py
[2022-07-31 04:41:34,146] {processor.py:641} INFO - Processing file /opt/airflow/dags/external_task_sensor/external_task_sensor_parent_dag2.py for tasks to queue
[2022-07-31 04:41:34,147] {logging_mixin.py:115} INFO - [2022-07-31 04:41:34,147] {dagbag.py:507} INFO - Filling up the DagBag from /opt/airflow/dags/external_task_sensor/external_task_sensor_parent_dag2.py
[2022-07-31 04:41:34,166] {processor.py:651} INFO - DAG(s) dict_keys(['external_sensor_parent_dag_http']) retrieved from /opt/airflow/dags/external_task_sensor/external_task_sensor_parent_dag2.py
[2022-07-31 04:41:34,218] {logging_mixin.py:115} INFO - [2022-07-31 04:41:34,218] {dag.py:2379} INFO - Sync 1 DAGs
[2022-07-31 04:41:34,261] {logging_mixin.py:115} INFO - [2022-07-31 04:41:34,261] {dag.py:2931} INFO - Setting next_dagrun for external_sensor_parent_dag_http to 2022-07-30T00:00:00+00:00, run_after=2022-07-31T00:00:00+00:00
[2022-07-31 04:41:34,285] {processor.py:161} INFO - Processing /opt/airflow/dags/external_task_sensor/external_task_sensor_parent_dag2.py took 0.145 seconds
[2022-07-31 04:42:04,427] {processor.py:153} INFO - Started process (PID=1024) to work on /opt/airflow/dags/external_task_sensor/external_task_sensor_parent_dag2.py
[2022-07-31 04:42:04,434] {processor.py:641} INFO - Processing file /opt/airflow/dags/external_task_sensor/external_task_sensor_parent_dag2.py for tasks to queue
[2022-07-31 04:42:04,436] {logging_mixin.py:115} INFO - [2022-07-31 04:42:04,436] {dagbag.py:507} INFO - Filling up the DagBag from /opt/airflow/dags/external_task_sensor/external_task_sensor_parent_dag2.py
[2022-07-31 04:42:04,459] {processor.py:651} INFO - DAG(s) dict_keys(['external_sensor_parent_dag_http']) retrieved from /opt/airflow/dags/external_task_sensor/external_task_sensor_parent_dag2.py
[2022-07-31 04:42:04,586] {logging_mixin.py:115} INFO - [2022-07-31 04:42:04,586] {dag.py:2379} INFO - Sync 1 DAGs
[2022-07-31 04:42:04,751] {logging_mixin.py:115} INFO - [2022-07-31 04:42:04,751] {dag.py:2931} INFO - Setting next_dagrun for external_sensor_parent_dag_http to 2022-07-30T00:00:00+00:00, run_after=2022-07-31T00:00:00+00:00
[2022-07-31 04:42:04,794] {processor.py:161} INFO - Processing /opt/airflow/dags/external_task_sensor/external_task_sensor_parent_dag2.py took 0.386 seconds
[2022-07-31 04:42:35,522] {processor.py:153} INFO - Started process (PID=1097) to work on /opt/airflow/dags/external_task_sensor/external_task_sensor_parent_dag2.py
[2022-07-31 04:42:35,524] {processor.py:641} INFO - Processing file /opt/airflow/dags/external_task_sensor/external_task_sensor_parent_dag2.py for tasks to queue
[2022-07-31 04:42:35,526] {logging_mixin.py:115} INFO - [2022-07-31 04:42:35,526] {dagbag.py:507} INFO - Filling up the DagBag from /opt/airflow/dags/external_task_sensor/external_task_sensor_parent_dag2.py
[2022-07-31 04:42:35,549] {processor.py:651} INFO - DAG(s) dict_keys(['external_sensor_parent_dag_http']) retrieved from /opt/airflow/dags/external_task_sensor/external_task_sensor_parent_dag2.py
[2022-07-31 04:42:35,622] {logging_mixin.py:115} INFO - [2022-07-31 04:42:35,622] {dag.py:2379} INFO - Sync 1 DAGs
[2022-07-31 04:42:35,691] {logging_mixin.py:115} INFO - [2022-07-31 04:42:35,691] {dag.py:2931} INFO - Setting next_dagrun for external_sensor_parent_dag_http to 2022-07-30T00:00:00+00:00, run_after=2022-07-31T00:00:00+00:00
[2022-07-31 04:42:35,758] {processor.py:161} INFO - Processing /opt/airflow/dags/external_task_sensor/external_task_sensor_parent_dag2.py took 0.250 seconds
[2022-07-31 06:55:03,619] {processor.py:153} INFO - Started process (PID=102) to work on /opt/airflow/dags/external_task_sensor/external_task_sensor_parent_dag2.py
[2022-07-31 06:55:03,623] {processor.py:641} INFO - Processing file /opt/airflow/dags/external_task_sensor/external_task_sensor_parent_dag2.py for tasks to queue
[2022-07-31 06:55:03,624] {logging_mixin.py:115} INFO - [2022-07-31 06:55:03,624] {dagbag.py:507} INFO - Filling up the DagBag from /opt/airflow/dags/external_task_sensor/external_task_sensor_parent_dag2.py
[2022-07-31 06:55:03,646] {processor.py:651} INFO - DAG(s) dict_keys(['external_sensor_parent_dag_http']) retrieved from /opt/airflow/dags/external_task_sensor/external_task_sensor_parent_dag2.py
[2022-07-31 06:55:03,775] {logging_mixin.py:115} INFO - [2022-07-31 06:55:03,775] {dag.py:2379} INFO - Sync 1 DAGs
[2022-07-31 06:55:03,935] {logging_mixin.py:115} INFO - [2022-07-31 06:55:03,935] {dag.py:2931} INFO - Setting next_dagrun for external_sensor_parent_dag_http to 2022-07-30T00:00:00+00:00, run_after=2022-07-31T00:00:00+00:00
[2022-07-31 06:55:03,983] {processor.py:161} INFO - Processing /opt/airflow/dags/external_task_sensor/external_task_sensor_parent_dag2.py took 0.376 seconds
[2022-07-31 06:55:35,656] {processor.py:153} INFO - Started process (PID=174) to work on /opt/airflow/dags/external_task_sensor/external_task_sensor_parent_dag2.py
[2022-07-31 06:55:35,657] {processor.py:641} INFO - Processing file /opt/airflow/dags/external_task_sensor/external_task_sensor_parent_dag2.py for tasks to queue
[2022-07-31 06:55:35,658] {logging_mixin.py:115} INFO - [2022-07-31 06:55:35,658] {dagbag.py:507} INFO - Filling up the DagBag from /opt/airflow/dags/external_task_sensor/external_task_sensor_parent_dag2.py
[2022-07-31 06:55:35,671] {processor.py:651} INFO - DAG(s) dict_keys(['external_sensor_parent_dag_http']) retrieved from /opt/airflow/dags/external_task_sensor/external_task_sensor_parent_dag2.py
[2022-07-31 06:55:35,702] {logging_mixin.py:115} INFO - [2022-07-31 06:55:35,702] {dag.py:2379} INFO - Sync 1 DAGs
[2022-07-31 06:55:35,761] {logging_mixin.py:115} INFO - [2022-07-31 06:55:35,761] {dag.py:2931} INFO - Setting next_dagrun for external_sensor_parent_dag_http to 2022-07-30T00:00:00+00:00, run_after=2022-07-31T00:00:00+00:00
[2022-07-31 06:55:35,801] {processor.py:161} INFO - Processing /opt/airflow/dags/external_task_sensor/external_task_sensor_parent_dag2.py took 0.152 seconds
[2022-07-31 06:56:07,186] {processor.py:153} INFO - Started process (PID=245) to work on /opt/airflow/dags/external_task_sensor/external_task_sensor_parent_dag2.py
[2022-07-31 06:56:07,217] {processor.py:641} INFO - Processing file /opt/airflow/dags/external_task_sensor/external_task_sensor_parent_dag2.py for tasks to queue
[2022-07-31 06:56:07,219] {logging_mixin.py:115} INFO - [2022-07-31 06:56:07,219] {dagbag.py:507} INFO - Filling up the DagBag from /opt/airflow/dags/external_task_sensor/external_task_sensor_parent_dag2.py
[2022-07-31 06:56:07,262] {processor.py:651} INFO - DAG(s) dict_keys(['external_sensor_parent_dag_http']) retrieved from /opt/airflow/dags/external_task_sensor/external_task_sensor_parent_dag2.py
[2022-07-31 06:56:07,364] {logging_mixin.py:115} INFO - [2022-07-31 06:56:07,364] {dag.py:2379} INFO - Sync 1 DAGs
[2022-07-31 06:56:07,515] {logging_mixin.py:115} INFO - [2022-07-31 06:56:07,501] {dag.py:2931} INFO - Setting next_dagrun for external_sensor_parent_dag_http to 2022-07-30T00:00:00+00:00, run_after=2022-07-31T00:00:00+00:00
[2022-07-31 06:56:07,595] {processor.py:161} INFO - Processing /opt/airflow/dags/external_task_sensor/external_task_sensor_parent_dag2.py took 0.429 seconds
[2022-07-31 06:56:38,293] {processor.py:153} INFO - Started process (PID=320) to work on /opt/airflow/dags/external_task_sensor/external_task_sensor_parent_dag2.py
[2022-07-31 06:56:38,295] {processor.py:641} INFO - Processing file /opt/airflow/dags/external_task_sensor/external_task_sensor_parent_dag2.py for tasks to queue
[2022-07-31 06:56:38,296] {logging_mixin.py:115} INFO - [2022-07-31 06:56:38,296] {dagbag.py:507} INFO - Filling up the DagBag from /opt/airflow/dags/external_task_sensor/external_task_sensor_parent_dag2.py
[2022-07-31 06:56:38,312] {processor.py:651} INFO - DAG(s) dict_keys(['external_sensor_parent_dag_http']) retrieved from /opt/airflow/dags/external_task_sensor/external_task_sensor_parent_dag2.py
[2022-07-31 06:56:38,347] {logging_mixin.py:115} INFO - [2022-07-31 06:56:38,347] {dag.py:2379} INFO - Sync 1 DAGs
[2022-07-31 06:56:38,380] {logging_mixin.py:115} INFO - [2022-07-31 06:56:38,380] {dag.py:2931} INFO - Setting next_dagrun for external_sensor_parent_dag_http to 2022-07-30T00:00:00+00:00, run_after=2022-07-31T00:00:00+00:00
[2022-07-31 06:56:38,399] {processor.py:161} INFO - Processing /opt/airflow/dags/external_task_sensor/external_task_sensor_parent_dag2.py took 0.110 seconds
[2022-07-31 06:57:08,572] {processor.py:153} INFO - Started process (PID=400) to work on /opt/airflow/dags/external_task_sensor/external_task_sensor_parent_dag2.py
[2022-07-31 06:57:08,572] {processor.py:641} INFO - Processing file /opt/airflow/dags/external_task_sensor/external_task_sensor_parent_dag2.py for tasks to queue
[2022-07-31 06:57:08,573] {logging_mixin.py:115} INFO - [2022-07-31 06:57:08,573] {dagbag.py:507} INFO - Filling up the DagBag from /opt/airflow/dags/external_task_sensor/external_task_sensor_parent_dag2.py
[2022-07-31 06:57:08,583] {processor.py:651} INFO - DAG(s) dict_keys(['external_sensor_parent_dag_http']) retrieved from /opt/airflow/dags/external_task_sensor/external_task_sensor_parent_dag2.py
[2022-07-31 06:57:08,623] {logging_mixin.py:115} INFO - [2022-07-31 06:57:08,623] {dag.py:2379} INFO - Sync 1 DAGs
[2022-07-31 06:57:08,658] {logging_mixin.py:115} INFO - [2022-07-31 06:57:08,658] {dag.py:2931} INFO - Setting next_dagrun for external_sensor_parent_dag_http to 2022-07-30T00:00:00+00:00, run_after=2022-07-31T00:00:00+00:00
[2022-07-31 06:57:08,677] {processor.py:161} INFO - Processing /opt/airflow/dags/external_task_sensor/external_task_sensor_parent_dag2.py took 0.113 seconds
[2022-07-31 06:57:39,191] {processor.py:153} INFO - Started process (PID=473) to work on /opt/airflow/dags/external_task_sensor/external_task_sensor_parent_dag2.py
[2022-07-31 06:57:39,194] {processor.py:641} INFO - Processing file /opt/airflow/dags/external_task_sensor/external_task_sensor_parent_dag2.py for tasks to queue
[2022-07-31 06:57:39,205] {logging_mixin.py:115} INFO - [2022-07-31 06:57:39,205] {dagbag.py:507} INFO - Filling up the DagBag from /opt/airflow/dags/external_task_sensor/external_task_sensor_parent_dag2.py
[2022-07-31 06:57:39,245] {processor.py:651} INFO - DAG(s) dict_keys(['external_sensor_parent_dag_http']) retrieved from /opt/airflow/dags/external_task_sensor/external_task_sensor_parent_dag2.py
[2022-07-31 06:57:39,361] {logging_mixin.py:115} INFO - [2022-07-31 06:57:39,360] {dag.py:2379} INFO - Sync 1 DAGs
[2022-07-31 06:57:39,460] {logging_mixin.py:115} INFO - [2022-07-31 06:57:39,460] {dag.py:2931} INFO - Setting next_dagrun for external_sensor_parent_dag_http to 2022-07-30T00:00:00+00:00, run_after=2022-07-31T00:00:00+00:00
[2022-07-31 06:57:39,503] {processor.py:161} INFO - Processing /opt/airflow/dags/external_task_sensor/external_task_sensor_parent_dag2.py took 0.331 seconds
[2022-07-31 06:58:10,233] {processor.py:153} INFO - Started process (PID=554) to work on /opt/airflow/dags/external_task_sensor/external_task_sensor_parent_dag2.py
[2022-07-31 06:58:10,240] {processor.py:641} INFO - Processing file /opt/airflow/dags/external_task_sensor/external_task_sensor_parent_dag2.py for tasks to queue
[2022-07-31 06:58:10,242] {logging_mixin.py:115} INFO - [2022-07-31 06:58:10,242] {dagbag.py:507} INFO - Filling up the DagBag from /opt/airflow/dags/external_task_sensor/external_task_sensor_parent_dag2.py
[2022-07-31 06:58:10,267] {processor.py:651} INFO - DAG(s) dict_keys(['external_sensor_parent_dag_http']) retrieved from /opt/airflow/dags/external_task_sensor/external_task_sensor_parent_dag2.py
[2022-07-31 06:58:10,302] {logging_mixin.py:115} INFO - [2022-07-31 06:58:10,302] {dag.py:2379} INFO - Sync 1 DAGs
[2022-07-31 06:58:10,342] {logging_mixin.py:115} INFO - [2022-07-31 06:58:10,342] {dag.py:2931} INFO - Setting next_dagrun for external_sensor_parent_dag_http to 2022-07-30T00:00:00+00:00, run_after=2022-07-31T00:00:00+00:00
[2022-07-31 06:58:10,380] {processor.py:161} INFO - Processing /opt/airflow/dags/external_task_sensor/external_task_sensor_parent_dag2.py took 0.151 seconds
[2022-07-31 06:58:40,794] {processor.py:153} INFO - Started process (PID=627) to work on /opt/airflow/dags/external_task_sensor/external_task_sensor_parent_dag2.py
[2022-07-31 06:58:40,796] {processor.py:641} INFO - Processing file /opt/airflow/dags/external_task_sensor/external_task_sensor_parent_dag2.py for tasks to queue
[2022-07-31 06:58:40,797] {logging_mixin.py:115} INFO - [2022-07-31 06:58:40,797] {dagbag.py:507} INFO - Filling up the DagBag from /opt/airflow/dags/external_task_sensor/external_task_sensor_parent_dag2.py
[2022-07-31 06:58:40,810] {processor.py:651} INFO - DAG(s) dict_keys(['external_sensor_parent_dag_http']) retrieved from /opt/airflow/dags/external_task_sensor/external_task_sensor_parent_dag2.py
[2022-07-31 06:58:40,848] {logging_mixin.py:115} INFO - [2022-07-31 06:58:40,847] {dag.py:2379} INFO - Sync 1 DAGs
[2022-07-31 06:58:40,889] {logging_mixin.py:115} INFO - [2022-07-31 06:58:40,889] {dag.py:2931} INFO - Setting next_dagrun for external_sensor_parent_dag_http to 2022-07-30T00:00:00+00:00, run_after=2022-07-31T00:00:00+00:00
[2022-07-31 06:58:40,911] {processor.py:161} INFO - Processing /opt/airflow/dags/external_task_sensor/external_task_sensor_parent_dag2.py took 0.121 seconds
[2022-07-31 06:59:10,976] {processor.py:153} INFO - Started process (PID=703) to work on /opt/airflow/dags/external_task_sensor/external_task_sensor_parent_dag2.py
[2022-07-31 06:59:10,977] {processor.py:641} INFO - Processing file /opt/airflow/dags/external_task_sensor/external_task_sensor_parent_dag2.py for tasks to queue
[2022-07-31 06:59:10,978] {logging_mixin.py:115} INFO - [2022-07-31 06:59:10,978] {dagbag.py:507} INFO - Filling up the DagBag from /opt/airflow/dags/external_task_sensor/external_task_sensor_parent_dag2.py
[2022-07-31 06:59:10,989] {processor.py:651} INFO - DAG(s) dict_keys(['external_sensor_parent_dag_http']) retrieved from /opt/airflow/dags/external_task_sensor/external_task_sensor_parent_dag2.py
[2022-07-31 06:59:11,021] {logging_mixin.py:115} INFO - [2022-07-31 06:59:11,020] {dag.py:2379} INFO - Sync 1 DAGs
[2022-07-31 06:59:11,054] {logging_mixin.py:115} INFO - [2022-07-31 06:59:11,054] {dag.py:2931} INFO - Setting next_dagrun for external_sensor_parent_dag_http to 2022-07-30T00:00:00+00:00, run_after=2022-07-31T00:00:00+00:00
[2022-07-31 06:59:11,072] {processor.py:161} INFO - Processing /opt/airflow/dags/external_task_sensor/external_task_sensor_parent_dag2.py took 0.100 seconds
[2022-07-31 06:59:42,319] {processor.py:153} INFO - Started process (PID=786) to work on /opt/airflow/dags/external_task_sensor/external_task_sensor_parent_dag2.py
[2022-07-31 06:59:42,321] {processor.py:641} INFO - Processing file /opt/airflow/dags/external_task_sensor/external_task_sensor_parent_dag2.py for tasks to queue
[2022-07-31 06:59:42,331] {logging_mixin.py:115} INFO - [2022-07-31 06:59:42,331] {dagbag.py:507} INFO - Filling up the DagBag from /opt/airflow/dags/external_task_sensor/external_task_sensor_parent_dag2.py
[2022-07-31 06:59:42,342] {processor.py:651} INFO - DAG(s) dict_keys(['external_sensor_parent_dag_http']) retrieved from /opt/airflow/dags/external_task_sensor/external_task_sensor_parent_dag2.py
[2022-07-31 06:59:42,407] {logging_mixin.py:115} INFO - [2022-07-31 06:59:42,407] {dag.py:2379} INFO - Sync 1 DAGs
[2022-07-31 06:59:42,464] {logging_mixin.py:115} INFO - [2022-07-31 06:59:42,464] {dag.py:2931} INFO - Setting next_dagrun for external_sensor_parent_dag_http to 2022-07-30T00:00:00+00:00, run_after=2022-07-31T00:00:00+00:00
[2022-07-31 06:59:42,770] {processor.py:161} INFO - Processing /opt/airflow/dags/external_task_sensor/external_task_sensor_parent_dag2.py took 0.457 seconds
[2022-07-31 07:00:13,997] {processor.py:153} INFO - Started process (PID=861) to work on /opt/airflow/dags/external_task_sensor/external_task_sensor_parent_dag2.py
[2022-07-31 07:00:14,000] {processor.py:641} INFO - Processing file /opt/airflow/dags/external_task_sensor/external_task_sensor_parent_dag2.py for tasks to queue
[2022-07-31 07:00:14,002] {logging_mixin.py:115} INFO - [2022-07-31 07:00:14,001] {dagbag.py:507} INFO - Filling up the DagBag from /opt/airflow/dags/external_task_sensor/external_task_sensor_parent_dag2.py
[2022-07-31 07:00:14,026] {processor.py:651} INFO - DAG(s) dict_keys(['external_sensor_parent_dag_http']) retrieved from /opt/airflow/dags/external_task_sensor/external_task_sensor_parent_dag2.py
[2022-07-31 07:00:14,148] {logging_mixin.py:115} INFO - [2022-07-31 07:00:14,148] {dag.py:2379} INFO - Sync 1 DAGs
[2022-07-31 07:00:14,265] {logging_mixin.py:115} INFO - [2022-07-31 07:00:14,265] {dag.py:2931} INFO - Setting next_dagrun for external_sensor_parent_dag_http to 2022-07-30T00:00:00+00:00, run_after=2022-07-31T00:00:00+00:00
[2022-07-31 07:00:14,802] {processor.py:161} INFO - Processing /opt/airflow/dags/external_task_sensor/external_task_sensor_parent_dag2.py took 0.822 seconds
[2022-07-31 07:00:46,647] {processor.py:153} INFO - Started process (PID=942) to work on /opt/airflow/dags/external_task_sensor/external_task_sensor_parent_dag2.py
[2022-07-31 07:00:46,647] {processor.py:641} INFO - Processing file /opt/airflow/dags/external_task_sensor/external_task_sensor_parent_dag2.py for tasks to queue
[2022-07-31 07:00:46,648] {logging_mixin.py:115} INFO - [2022-07-31 07:00:46,648] {dagbag.py:507} INFO - Filling up the DagBag from /opt/airflow/dags/external_task_sensor/external_task_sensor_parent_dag2.py
[2022-07-31 07:00:46,657] {processor.py:651} INFO - DAG(s) dict_keys(['external_sensor_parent_dag_http']) retrieved from /opt/airflow/dags/external_task_sensor/external_task_sensor_parent_dag2.py
[2022-07-31 07:00:46,690] {logging_mixin.py:115} INFO - [2022-07-31 07:00:46,690] {dag.py:2379} INFO - Sync 1 DAGs
[2022-07-31 07:00:46,728] {logging_mixin.py:115} INFO - [2022-07-31 07:00:46,727] {dag.py:2931} INFO - Setting next_dagrun for external_sensor_parent_dag_http to 2022-07-30T00:00:00+00:00, run_after=2022-07-31T00:00:00+00:00
[2022-07-31 07:00:47,085] {processor.py:161} INFO - Processing /opt/airflow/dags/external_task_sensor/external_task_sensor_parent_dag2.py took 0.451 seconds
[2022-07-31 07:01:17,605] {processor.py:153} INFO - Started process (PID=1014) to work on /opt/airflow/dags/external_task_sensor/external_task_sensor_parent_dag2.py
[2022-07-31 07:01:17,608] {processor.py:641} INFO - Processing file /opt/airflow/dags/external_task_sensor/external_task_sensor_parent_dag2.py for tasks to queue
[2022-07-31 07:01:17,609] {logging_mixin.py:115} INFO - [2022-07-31 07:01:17,609] {dagbag.py:507} INFO - Filling up the DagBag from /opt/airflow/dags/external_task_sensor/external_task_sensor_parent_dag2.py
[2022-07-31 07:01:17,621] {processor.py:651} INFO - DAG(s) dict_keys(['external_sensor_parent_dag_http']) retrieved from /opt/airflow/dags/external_task_sensor/external_task_sensor_parent_dag2.py
[2022-07-31 07:01:17,662] {logging_mixin.py:115} INFO - [2022-07-31 07:01:17,662] {dag.py:2379} INFO - Sync 1 DAGs
[2022-07-31 07:01:17,699] {logging_mixin.py:115} INFO - [2022-07-31 07:01:17,699] {dag.py:2931} INFO - Setting next_dagrun for external_sensor_parent_dag_http to 2022-07-30T00:00:00+00:00, run_after=2022-07-31T00:00:00+00:00
[2022-07-31 07:01:17,912] {processor.py:161} INFO - Processing /opt/airflow/dags/external_task_sensor/external_task_sensor_parent_dag2.py took 0.311 seconds
[2022-07-31 07:01:48,562] {processor.py:153} INFO - Started process (PID=1087) to work on /opt/airflow/dags/external_task_sensor/external_task_sensor_parent_dag2.py
[2022-07-31 07:01:48,575] {processor.py:641} INFO - Processing file /opt/airflow/dags/external_task_sensor/external_task_sensor_parent_dag2.py for tasks to queue
[2022-07-31 07:01:48,576] {logging_mixin.py:115} INFO - [2022-07-31 07:01:48,575] {dagbag.py:507} INFO - Filling up the DagBag from /opt/airflow/dags/external_task_sensor/external_task_sensor_parent_dag2.py
[2022-07-31 07:01:48,610] {processor.py:651} INFO - DAG(s) dict_keys(['external_sensor_parent_dag_http']) retrieved from /opt/airflow/dags/external_task_sensor/external_task_sensor_parent_dag2.py
[2022-07-31 07:01:48,710] {logging_mixin.py:115} INFO - [2022-07-31 07:01:48,710] {dag.py:2379} INFO - Sync 1 DAGs
[2022-07-31 07:01:48,858] {logging_mixin.py:115} INFO - [2022-07-31 07:01:48,858] {dag.py:2931} INFO - Setting next_dagrun for external_sensor_parent_dag_http to 2022-07-30T00:00:00+00:00, run_after=2022-07-31T00:00:00+00:00
[2022-07-31 07:01:49,743] {processor.py:161} INFO - Processing /opt/airflow/dags/external_task_sensor/external_task_sensor_parent_dag2.py took 1.195 seconds
[2022-07-31 07:02:21,698] {processor.py:153} INFO - Started process (PID=1169) to work on /opt/airflow/dags/external_task_sensor/external_task_sensor_parent_dag2.py
[2022-07-31 07:02:21,703] {processor.py:641} INFO - Processing file /opt/airflow/dags/external_task_sensor/external_task_sensor_parent_dag2.py for tasks to queue
[2022-07-31 07:02:21,706] {logging_mixin.py:115} INFO - [2022-07-31 07:02:21,706] {dagbag.py:507} INFO - Filling up the DagBag from /opt/airflow/dags/external_task_sensor/external_task_sensor_parent_dag2.py
[2022-07-31 07:02:21,744] {processor.py:651} INFO - DAG(s) dict_keys(['external_sensor_parent_dag_http']) retrieved from /opt/airflow/dags/external_task_sensor/external_task_sensor_parent_dag2.py
[2022-07-31 07:02:21,885] {logging_mixin.py:115} INFO - [2022-07-31 07:02:21,884] {dag.py:2379} INFO - Sync 1 DAGs
[2022-07-31 07:02:22,057] {logging_mixin.py:115} INFO - [2022-07-31 07:02:22,057] {dag.py:2931} INFO - Setting next_dagrun for external_sensor_parent_dag_http to 2022-07-30T00:00:00+00:00, run_after=2022-07-31T00:00:00+00:00
[2022-07-31 07:02:22,329] {processor.py:161} INFO - Processing /opt/airflow/dags/external_task_sensor/external_task_sensor_parent_dag2.py took 0.645 seconds
[2022-07-31 07:02:52,713] {processor.py:153} INFO - Started process (PID=1240) to work on /opt/airflow/dags/external_task_sensor/external_task_sensor_parent_dag2.py
[2022-07-31 07:02:52,722] {processor.py:641} INFO - Processing file /opt/airflow/dags/external_task_sensor/external_task_sensor_parent_dag2.py for tasks to queue
[2022-07-31 07:02:52,723] {logging_mixin.py:115} INFO - [2022-07-31 07:02:52,723] {dagbag.py:507} INFO - Filling up the DagBag from /opt/airflow/dags/external_task_sensor/external_task_sensor_parent_dag2.py
[2022-07-31 07:02:52,745] {processor.py:651} INFO - DAG(s) dict_keys(['external_sensor_parent_dag_http']) retrieved from /opt/airflow/dags/external_task_sensor/external_task_sensor_parent_dag2.py
[2022-07-31 07:02:52,817] {logging_mixin.py:115} INFO - [2022-07-31 07:02:52,817] {dag.py:2379} INFO - Sync 1 DAGs
[2022-07-31 07:02:52,854] {logging_mixin.py:115} INFO - [2022-07-31 07:02:52,854] {dag.py:2931} INFO - Setting next_dagrun for external_sensor_parent_dag_http to 2022-07-30T00:00:00+00:00, run_after=2022-07-31T00:00:00+00:00
[2022-07-31 07:02:53,069] {processor.py:161} INFO - Processing /opt/airflow/dags/external_task_sensor/external_task_sensor_parent_dag2.py took 0.359 seconds
