[2022-07-30 16:39:28,854] {processor.py:153} INFO - Started process (PID=69) to work on /opt/airflow/dags/miscellaneous_operator/short_circuit.py
[2022-07-30 16:39:28,862] {processor.py:641} INFO - Processing file /opt/airflow/dags/miscellaneous_operator/short_circuit.py for tasks to queue
[2022-07-30 16:39:28,864] {logging_mixin.py:115} INFO - [2022-07-30 16:39:28,864] {dagbag.py:507} INFO - Filling up the DagBag from /opt/airflow/dags/miscellaneous_operator/short_circuit.py
[2022-07-30 16:39:28,924] {processor.py:651} INFO - DAG(s) dict_keys(['short_circuit']) retrieved from /opt/airflow/dags/miscellaneous_operator/short_circuit.py
[2022-07-30 16:39:31,054] {logging_mixin.py:115} INFO - [2022-07-30 16:39:31,053] {manager.py:508} INFO - Created Permission View: can read on DAG:short_circuit
[2022-07-30 16:39:31,189] {logging_mixin.py:115} INFO - [2022-07-30 16:39:31,188] {manager.py:508} INFO - Created Permission View: can delete on DAG:short_circuit
[2022-07-30 16:39:31,268] {logging_mixin.py:115} INFO - [2022-07-30 16:39:31,268] {manager.py:508} INFO - Created Permission View: can edit on DAG:short_circuit
[2022-07-30 16:39:31,268] {logging_mixin.py:115} INFO - [2022-07-30 16:39:31,268] {dag.py:2379} INFO - Sync 1 DAGs
[2022-07-30 16:39:31,335] {logging_mixin.py:115} INFO - [2022-07-30 16:39:31,334] {dag.py:2398} INFO - Creating ORM DAG for short_circuit
[2022-07-30 16:39:31,437] {logging_mixin.py:115} INFO - [2022-07-30 16:39:31,437] {dag.py:2931} INFO - Setting next_dagrun for short_circuit to 2022-07-28T00:00:00+00:00, run_after=2022-07-29T00:00:00+00:00
[2022-07-30 16:39:31,533] {processor.py:161} INFO - Processing /opt/airflow/dags/miscellaneous_operator/short_circuit.py took 2.704 seconds
[2022-07-30 16:40:01,897] {processor.py:153} INFO - Started process (PID=134) to work on /opt/airflow/dags/miscellaneous_operator/short_circuit.py
[2022-07-30 16:40:01,899] {processor.py:641} INFO - Processing file /opt/airflow/dags/miscellaneous_operator/short_circuit.py for tasks to queue
[2022-07-30 16:40:01,900] {logging_mixin.py:115} INFO - [2022-07-30 16:40:01,900] {dagbag.py:507} INFO - Filling up the DagBag from /opt/airflow/dags/miscellaneous_operator/short_circuit.py
[2022-07-30 16:40:01,916] {processor.py:651} INFO - DAG(s) dict_keys(['short_circuit']) retrieved from /opt/airflow/dags/miscellaneous_operator/short_circuit.py
[2022-07-30 16:40:01,964] {logging_mixin.py:115} INFO - [2022-07-30 16:40:01,964] {dag.py:2379} INFO - Sync 1 DAGs
[2022-07-30 16:40:02,021] {logging_mixin.py:115} INFO - [2022-07-30 16:40:02,021] {dag.py:2931} INFO - Setting next_dagrun for short_circuit to 2022-07-28T00:00:00+00:00, run_after=2022-07-29T00:00:00+00:00
[2022-07-30 16:40:02,043] {processor.py:161} INFO - Processing /opt/airflow/dags/miscellaneous_operator/short_circuit.py took 0.150 seconds
[2022-07-30 16:40:32,796] {processor.py:153} INFO - Started process (PID=206) to work on /opt/airflow/dags/miscellaneous_operator/short_circuit.py
[2022-07-30 16:40:32,800] {processor.py:641} INFO - Processing file /opt/airflow/dags/miscellaneous_operator/short_circuit.py for tasks to queue
[2022-07-30 16:40:32,802] {logging_mixin.py:115} INFO - [2022-07-30 16:40:32,802] {dagbag.py:507} INFO - Filling up the DagBag from /opt/airflow/dags/miscellaneous_operator/short_circuit.py
[2022-07-30 16:40:32,831] {processor.py:651} INFO - DAG(s) dict_keys(['short_circuit']) retrieved from /opt/airflow/dags/miscellaneous_operator/short_circuit.py
[2022-07-30 16:40:32,910] {logging_mixin.py:115} INFO - [2022-07-30 16:40:32,910] {dag.py:2379} INFO - Sync 1 DAGs
[2022-07-30 16:40:32,986] {logging_mixin.py:115} INFO - [2022-07-30 16:40:32,986] {dag.py:2931} INFO - Setting next_dagrun for short_circuit to 2022-07-28T00:00:00+00:00, run_after=2022-07-29T00:00:00+00:00
[2022-07-30 16:40:33,029] {processor.py:161} INFO - Processing /opt/airflow/dags/miscellaneous_operator/short_circuit.py took 0.237 seconds
[2022-07-30 16:41:03,446] {processor.py:153} INFO - Started process (PID=288) to work on /opt/airflow/dags/miscellaneous_operator/short_circuit.py
[2022-07-30 16:41:03,447] {processor.py:641} INFO - Processing file /opt/airflow/dags/miscellaneous_operator/short_circuit.py for tasks to queue
[2022-07-30 16:41:03,447] {logging_mixin.py:115} INFO - [2022-07-30 16:41:03,447] {dagbag.py:507} INFO - Filling up the DagBag from /opt/airflow/dags/miscellaneous_operator/short_circuit.py
[2022-07-30 16:41:03,468] {processor.py:651} INFO - DAG(s) dict_keys(['short_circuit']) retrieved from /opt/airflow/dags/miscellaneous_operator/short_circuit.py
[2022-07-30 16:41:03,553] {logging_mixin.py:115} INFO - [2022-07-30 16:41:03,551] {dag.py:2379} INFO - Sync 1 DAGs
[2022-07-30 16:41:03,620] {logging_mixin.py:115} INFO - [2022-07-30 16:41:03,620] {dag.py:2931} INFO - Setting next_dagrun for short_circuit to 2022-07-28T00:00:00+00:00, run_after=2022-07-29T00:00:00+00:00
[2022-07-30 16:41:03,633] {processor.py:161} INFO - Processing /opt/airflow/dags/miscellaneous_operator/short_circuit.py took 0.204 seconds
[2022-07-30 16:41:34,404] {processor.py:153} INFO - Started process (PID=362) to work on /opt/airflow/dags/miscellaneous_operator/short_circuit.py
[2022-07-30 16:41:34,405] {processor.py:641} INFO - Processing file /opt/airflow/dags/miscellaneous_operator/short_circuit.py for tasks to queue
[2022-07-30 16:41:34,406] {logging_mixin.py:115} INFO - [2022-07-30 16:41:34,406] {dagbag.py:507} INFO - Filling up the DagBag from /opt/airflow/dags/miscellaneous_operator/short_circuit.py
[2022-07-30 16:41:34,426] {processor.py:651} INFO - DAG(s) dict_keys(['short_circuit']) retrieved from /opt/airflow/dags/miscellaneous_operator/short_circuit.py
[2022-07-30 16:41:34,459] {logging_mixin.py:115} INFO - [2022-07-30 16:41:34,459] {dag.py:2379} INFO - Sync 1 DAGs
[2022-07-30 16:41:34,491] {logging_mixin.py:115} INFO - [2022-07-30 16:41:34,490] {dag.py:2931} INFO - Setting next_dagrun for short_circuit to 2022-07-28T00:00:00+00:00, run_after=2022-07-29T00:00:00+00:00
[2022-07-30 16:41:34,509] {processor.py:161} INFO - Processing /opt/airflow/dags/miscellaneous_operator/short_circuit.py took 0.109 seconds
[2022-07-30 16:42:04,570] {processor.py:153} INFO - Started process (PID=451) to work on /opt/airflow/dags/miscellaneous_operator/short_circuit.py
[2022-07-30 16:42:04,572] {processor.py:641} INFO - Processing file /opt/airflow/dags/miscellaneous_operator/short_circuit.py for tasks to queue
[2022-07-30 16:42:04,573] {logging_mixin.py:115} INFO - [2022-07-30 16:42:04,573] {dagbag.py:507} INFO - Filling up the DagBag from /opt/airflow/dags/miscellaneous_operator/short_circuit.py
[2022-07-30 16:42:04,589] {processor.py:651} INFO - DAG(s) dict_keys(['short_circuit']) retrieved from /opt/airflow/dags/miscellaneous_operator/short_circuit.py
[2022-07-30 16:42:04,639] {logging_mixin.py:115} INFO - [2022-07-30 16:42:04,639] {dag.py:2379} INFO - Sync 1 DAGs
[2022-07-30 16:42:04,681] {logging_mixin.py:115} INFO - [2022-07-30 16:42:04,681] {dag.py:2931} INFO - Setting next_dagrun for short_circuit to 2022-07-28T00:00:00+00:00, run_after=2022-07-29T00:00:00+00:00
[2022-07-30 16:42:04,714] {processor.py:161} INFO - Processing /opt/airflow/dags/miscellaneous_operator/short_circuit.py took 0.151 seconds
[2022-07-30 16:42:35,963] {processor.py:153} INFO - Started process (PID=525) to work on /opt/airflow/dags/miscellaneous_operator/short_circuit.py
[2022-07-30 16:42:35,965] {processor.py:641} INFO - Processing file /opt/airflow/dags/miscellaneous_operator/short_circuit.py for tasks to queue
[2022-07-30 16:42:35,966] {logging_mixin.py:115} INFO - [2022-07-30 16:42:35,966] {dagbag.py:507} INFO - Filling up the DagBag from /opt/airflow/dags/miscellaneous_operator/short_circuit.py
[2022-07-30 16:42:35,980] {processor.py:651} INFO - DAG(s) dict_keys(['short_circuit']) retrieved from /opt/airflow/dags/miscellaneous_operator/short_circuit.py
[2022-07-30 16:42:36,009] {logging_mixin.py:115} INFO - [2022-07-30 16:42:36,009] {dag.py:2379} INFO - Sync 1 DAGs
[2022-07-30 16:42:36,031] {logging_mixin.py:115} INFO - [2022-07-30 16:42:36,030] {dag.py:2931} INFO - Setting next_dagrun for short_circuit to 2022-07-28T00:00:00+00:00, run_after=2022-07-29T00:00:00+00:00
[2022-07-30 16:42:36,043] {processor.py:161} INFO - Processing /opt/airflow/dags/miscellaneous_operator/short_circuit.py took 0.085 seconds
[2022-07-30 16:44:13,038] {processor.py:153} INFO - Started process (PID=59) to work on /opt/airflow/dags/miscellaneous_operator/short_circuit.py
[2022-07-30 16:44:13,047] {processor.py:641} INFO - Processing file /opt/airflow/dags/miscellaneous_operator/short_circuit.py for tasks to queue
[2022-07-30 16:44:13,048] {logging_mixin.py:115} INFO - [2022-07-30 16:44:13,048] {dagbag.py:507} INFO - Filling up the DagBag from /opt/airflow/dags/miscellaneous_operator/short_circuit.py
[2022-07-30 16:44:13,087] {processor.py:651} INFO - DAG(s) dict_keys(['short_circuit']) retrieved from /opt/airflow/dags/miscellaneous_operator/short_circuit.py
[2022-07-30 16:44:13,207] {logging_mixin.py:115} INFO - [2022-07-30 16:44:13,205] {dag.py:2379} INFO - Sync 1 DAGs
[2022-07-30 16:44:13,314] {logging_mixin.py:115} INFO - [2022-07-30 16:44:13,314] {dag.py:2931} INFO - Setting next_dagrun for short_circuit to 2022-07-28T00:00:00+00:00, run_after=2022-07-29T00:00:00+00:00
[2022-07-30 16:44:13,361] {processor.py:161} INFO - Processing /opt/airflow/dags/miscellaneous_operator/short_circuit.py took 0.334 seconds
[2022-07-30 16:44:43,662] {processor.py:153} INFO - Started process (PID=128) to work on /opt/airflow/dags/miscellaneous_operator/short_circuit.py
[2022-07-30 16:44:43,663] {processor.py:641} INFO - Processing file /opt/airflow/dags/miscellaneous_operator/short_circuit.py for tasks to queue
[2022-07-30 16:44:43,663] {logging_mixin.py:115} INFO - [2022-07-30 16:44:43,663] {dagbag.py:507} INFO - Filling up the DagBag from /opt/airflow/dags/miscellaneous_operator/short_circuit.py
[2022-07-30 16:44:43,679] {processor.py:651} INFO - DAG(s) dict_keys(['short_circuit']) retrieved from /opt/airflow/dags/miscellaneous_operator/short_circuit.py
[2022-07-30 16:44:43,715] {logging_mixin.py:115} INFO - [2022-07-30 16:44:43,715] {dag.py:2379} INFO - Sync 1 DAGs
[2022-07-30 16:44:43,766] {logging_mixin.py:115} INFO - [2022-07-30 16:44:43,766] {dag.py:2931} INFO - Setting next_dagrun for short_circuit to 2022-07-28T00:00:00+00:00, run_after=2022-07-29T00:00:00+00:00
[2022-07-30 16:44:43,789] {processor.py:161} INFO - Processing /opt/airflow/dags/miscellaneous_operator/short_circuit.py took 0.132 seconds
[2022-07-30 16:45:14,078] {processor.py:153} INFO - Started process (PID=199) to work on /opt/airflow/dags/miscellaneous_operator/short_circuit.py
[2022-07-30 16:45:14,079] {processor.py:641} INFO - Processing file /opt/airflow/dags/miscellaneous_operator/short_circuit.py for tasks to queue
[2022-07-30 16:45:14,080] {logging_mixin.py:115} INFO - [2022-07-30 16:45:14,080] {dagbag.py:507} INFO - Filling up the DagBag from /opt/airflow/dags/miscellaneous_operator/short_circuit.py
[2022-07-30 16:45:14,093] {processor.py:651} INFO - DAG(s) dict_keys(['short_circuit']) retrieved from /opt/airflow/dags/miscellaneous_operator/short_circuit.py
[2022-07-30 16:45:14,172] {logging_mixin.py:115} INFO - [2022-07-30 16:45:14,172] {dag.py:2379} INFO - Sync 1 DAGs
[2022-07-30 16:45:14,252] {logging_mixin.py:115} INFO - [2022-07-30 16:45:14,252] {dag.py:2931} INFO - Setting next_dagrun for short_circuit to 2022-07-28T00:00:00+00:00, run_after=2022-07-29T00:00:00+00:00
[2022-07-30 16:45:14,298] {processor.py:161} INFO - Processing /opt/airflow/dags/miscellaneous_operator/short_circuit.py took 0.226 seconds
[2022-07-30 16:45:44,698] {processor.py:153} INFO - Started process (PID=284) to work on /opt/airflow/dags/miscellaneous_operator/short_circuit.py
[2022-07-30 16:45:44,708] {processor.py:641} INFO - Processing file /opt/airflow/dags/miscellaneous_operator/short_circuit.py for tasks to queue
[2022-07-30 16:45:44,709] {logging_mixin.py:115} INFO - [2022-07-30 16:45:44,708] {dagbag.py:507} INFO - Filling up the DagBag from /opt/airflow/dags/miscellaneous_operator/short_circuit.py
[2022-07-30 16:45:44,726] {processor.py:651} INFO - DAG(s) dict_keys(['short_circuit']) retrieved from /opt/airflow/dags/miscellaneous_operator/short_circuit.py
[2022-07-30 16:45:44,760] {logging_mixin.py:115} INFO - [2022-07-30 16:45:44,760] {dag.py:2379} INFO - Sync 1 DAGs
[2022-07-30 16:45:44,793] {logging_mixin.py:115} INFO - [2022-07-30 16:45:44,793] {dag.py:2931} INFO - Setting next_dagrun for short_circuit to 2022-07-28T00:00:00+00:00, run_after=2022-07-29T00:00:00+00:00
[2022-07-30 16:45:44,821] {processor.py:161} INFO - Processing /opt/airflow/dags/miscellaneous_operator/short_circuit.py took 0.127 seconds
[2022-07-30 16:46:15,673] {processor.py:153} INFO - Started process (PID=358) to work on /opt/airflow/dags/miscellaneous_operator/short_circuit.py
[2022-07-30 16:46:15,674] {processor.py:641} INFO - Processing file /opt/airflow/dags/miscellaneous_operator/short_circuit.py for tasks to queue
[2022-07-30 16:46:15,675] {logging_mixin.py:115} INFO - [2022-07-30 16:46:15,675] {dagbag.py:507} INFO - Filling up the DagBag from /opt/airflow/dags/miscellaneous_operator/short_circuit.py
[2022-07-30 16:46:15,709] {processor.py:651} INFO - DAG(s) dict_keys(['short_circuit']) retrieved from /opt/airflow/dags/miscellaneous_operator/short_circuit.py
[2022-07-30 16:46:15,791] {logging_mixin.py:115} INFO - [2022-07-30 16:46:15,791] {dag.py:2379} INFO - Sync 1 DAGs
[2022-07-30 16:46:15,859] {logging_mixin.py:115} INFO - [2022-07-30 16:46:15,859] {dag.py:2931} INFO - Setting next_dagrun for short_circuit to 2022-07-28T00:00:00+00:00, run_after=2022-07-29T00:00:00+00:00
[2022-07-30 16:46:15,886] {processor.py:161} INFO - Processing /opt/airflow/dags/miscellaneous_operator/short_circuit.py took 0.218 seconds
[2022-07-30 16:46:45,974] {processor.py:153} INFO - Started process (PID=429) to work on /opt/airflow/dags/miscellaneous_operator/short_circuit.py
[2022-07-30 16:46:45,974] {processor.py:641} INFO - Processing file /opt/airflow/dags/miscellaneous_operator/short_circuit.py for tasks to queue
[2022-07-30 16:46:45,975] {logging_mixin.py:115} INFO - [2022-07-30 16:46:45,975] {dagbag.py:507} INFO - Filling up the DagBag from /opt/airflow/dags/miscellaneous_operator/short_circuit.py
[2022-07-30 16:46:45,999] {processor.py:651} INFO - DAG(s) dict_keys(['short_circuit']) retrieved from /opt/airflow/dags/miscellaneous_operator/short_circuit.py
[2022-07-30 16:46:46,033] {logging_mixin.py:115} INFO - [2022-07-30 16:46:46,033] {dag.py:2379} INFO - Sync 1 DAGs
[2022-07-30 16:46:46,066] {logging_mixin.py:115} INFO - [2022-07-30 16:46:46,066] {dag.py:2931} INFO - Setting next_dagrun for short_circuit to 2022-07-28T00:00:00+00:00, run_after=2022-07-29T00:00:00+00:00
[2022-07-30 16:46:46,081] {processor.py:161} INFO - Processing /opt/airflow/dags/miscellaneous_operator/short_circuit.py took 0.115 seconds
[2022-07-30 16:47:16,111] {processor.py:153} INFO - Started process (PID=513) to work on /opt/airflow/dags/miscellaneous_operator/short_circuit.py
[2022-07-30 16:47:16,112] {processor.py:641} INFO - Processing file /opt/airflow/dags/miscellaneous_operator/short_circuit.py for tasks to queue
[2022-07-30 16:47:16,112] {logging_mixin.py:115} INFO - [2022-07-30 16:47:16,112] {dagbag.py:507} INFO - Filling up the DagBag from /opt/airflow/dags/miscellaneous_operator/short_circuit.py
[2022-07-30 16:47:16,127] {processor.py:651} INFO - DAG(s) dict_keys(['short_circuit']) retrieved from /opt/airflow/dags/miscellaneous_operator/short_circuit.py
[2022-07-30 16:47:16,160] {logging_mixin.py:115} INFO - [2022-07-30 16:47:16,160] {dag.py:2379} INFO - Sync 1 DAGs
[2022-07-30 16:47:16,193] {logging_mixin.py:115} INFO - [2022-07-30 16:47:16,192] {dag.py:2931} INFO - Setting next_dagrun for short_circuit to 2022-07-28T00:00:00+00:00, run_after=2022-07-29T00:00:00+00:00
[2022-07-30 16:47:16,206] {processor.py:161} INFO - Processing /opt/airflow/dags/miscellaneous_operator/short_circuit.py took 0.101 seconds
[2022-07-30 16:47:46,365] {processor.py:153} INFO - Started process (PID=586) to work on /opt/airflow/dags/miscellaneous_operator/short_circuit.py
[2022-07-30 16:47:46,376] {processor.py:641} INFO - Processing file /opt/airflow/dags/miscellaneous_operator/short_circuit.py for tasks to queue
[2022-07-30 16:47:46,376] {logging_mixin.py:115} INFO - [2022-07-30 16:47:46,376] {dagbag.py:507} INFO - Filling up the DagBag from /opt/airflow/dags/miscellaneous_operator/short_circuit.py
[2022-07-30 16:47:46,400] {processor.py:651} INFO - DAG(s) dict_keys(['short_circuit']) retrieved from /opt/airflow/dags/miscellaneous_operator/short_circuit.py
[2022-07-30 16:47:46,468] {logging_mixin.py:115} INFO - [2022-07-30 16:47:46,468] {dag.py:2379} INFO - Sync 1 DAGs
[2022-07-30 16:47:46,532] {logging_mixin.py:115} INFO - [2022-07-30 16:47:46,532] {dag.py:2931} INFO - Setting next_dagrun for short_circuit to 2022-07-28T00:00:00+00:00, run_after=2022-07-29T00:00:00+00:00
[2022-07-30 16:47:46,566] {processor.py:161} INFO - Processing /opt/airflow/dags/miscellaneous_operator/short_circuit.py took 0.205 seconds
[2022-07-30 16:48:16,826] {processor.py:153} INFO - Started process (PID=673) to work on /opt/airflow/dags/miscellaneous_operator/short_circuit.py
[2022-07-30 16:48:16,826] {processor.py:641} INFO - Processing file /opt/airflow/dags/miscellaneous_operator/short_circuit.py for tasks to queue
[2022-07-30 16:48:16,827] {logging_mixin.py:115} INFO - [2022-07-30 16:48:16,827] {dagbag.py:507} INFO - Filling up the DagBag from /opt/airflow/dags/miscellaneous_operator/short_circuit.py
[2022-07-30 16:48:16,841] {processor.py:651} INFO - DAG(s) dict_keys(['short_circuit']) retrieved from /opt/airflow/dags/miscellaneous_operator/short_circuit.py
[2022-07-30 16:48:16,873] {logging_mixin.py:115} INFO - [2022-07-30 16:48:16,872] {dag.py:2379} INFO - Sync 1 DAGs
[2022-07-30 16:48:16,904] {logging_mixin.py:115} INFO - [2022-07-30 16:48:16,903] {dag.py:2931} INFO - Setting next_dagrun for short_circuit to 2022-07-28T00:00:00+00:00, run_after=2022-07-29T00:00:00+00:00
[2022-07-30 16:48:16,918] {processor.py:161} INFO - Processing /opt/airflow/dags/miscellaneous_operator/short_circuit.py took 0.096 seconds
[2022-07-30 16:48:47,050] {processor.py:153} INFO - Started process (PID=745) to work on /opt/airflow/dags/miscellaneous_operator/short_circuit.py
[2022-07-30 16:48:47,051] {processor.py:641} INFO - Processing file /opt/airflow/dags/miscellaneous_operator/short_circuit.py for tasks to queue
[2022-07-30 16:48:47,051] {logging_mixin.py:115} INFO - [2022-07-30 16:48:47,051] {dagbag.py:507} INFO - Filling up the DagBag from /opt/airflow/dags/miscellaneous_operator/short_circuit.py
[2022-07-30 16:48:47,064] {processor.py:651} INFO - DAG(s) dict_keys(['short_circuit']) retrieved from /opt/airflow/dags/miscellaneous_operator/short_circuit.py
[2022-07-30 16:48:47,101] {logging_mixin.py:115} INFO - [2022-07-30 16:48:47,101] {dag.py:2379} INFO - Sync 1 DAGs
[2022-07-30 16:48:47,135] {logging_mixin.py:115} INFO - [2022-07-30 16:48:47,135] {dag.py:2931} INFO - Setting next_dagrun for short_circuit to 2022-07-28T00:00:00+00:00, run_after=2022-07-29T00:00:00+00:00
[2022-07-30 16:48:47,155] {processor.py:161} INFO - Processing /opt/airflow/dags/miscellaneous_operator/short_circuit.py took 0.110 seconds
[2022-07-30 16:49:17,687] {processor.py:153} INFO - Started process (PID=831) to work on /opt/airflow/dags/miscellaneous_operator/short_circuit.py
[2022-07-30 16:49:17,688] {processor.py:641} INFO - Processing file /opt/airflow/dags/miscellaneous_operator/short_circuit.py for tasks to queue
[2022-07-30 16:49:17,689] {logging_mixin.py:115} INFO - [2022-07-30 16:49:17,688] {dagbag.py:507} INFO - Filling up the DagBag from /opt/airflow/dags/miscellaneous_operator/short_circuit.py
[2022-07-30 16:49:17,757] {processor.py:651} INFO - DAG(s) dict_keys(['short_circuit']) retrieved from /opt/airflow/dags/miscellaneous_operator/short_circuit.py
[2022-07-30 16:49:17,851] {logging_mixin.py:115} INFO - [2022-07-30 16:49:17,851] {dag.py:2379} INFO - Sync 1 DAGs
[2022-07-30 16:49:17,989] {logging_mixin.py:115} INFO - [2022-07-30 16:49:17,989] {dag.py:2931} INFO - Setting next_dagrun for short_circuit to 2022-07-28T00:00:00+00:00, run_after=2022-07-29T00:00:00+00:00
[2022-07-30 16:49:18,070] {processor.py:161} INFO - Processing /opt/airflow/dags/miscellaneous_operator/short_circuit.py took 0.394 seconds
[2022-07-30 16:49:48,391] {processor.py:153} INFO - Started process (PID=905) to work on /opt/airflow/dags/miscellaneous_operator/short_circuit.py
[2022-07-30 16:49:48,392] {processor.py:641} INFO - Processing file /opt/airflow/dags/miscellaneous_operator/short_circuit.py for tasks to queue
[2022-07-30 16:49:48,393] {logging_mixin.py:115} INFO - [2022-07-30 16:49:48,393] {dagbag.py:507} INFO - Filling up the DagBag from /opt/airflow/dags/miscellaneous_operator/short_circuit.py
[2022-07-30 16:49:48,412] {processor.py:651} INFO - DAG(s) dict_keys(['short_circuit']) retrieved from /opt/airflow/dags/miscellaneous_operator/short_circuit.py
[2022-07-30 16:49:48,449] {logging_mixin.py:115} INFO - [2022-07-30 16:49:48,449] {dag.py:2379} INFO - Sync 1 DAGs
[2022-07-30 16:49:48,480] {logging_mixin.py:115} INFO - [2022-07-30 16:49:48,480] {dag.py:2931} INFO - Setting next_dagrun for short_circuit to 2022-07-28T00:00:00+00:00, run_after=2022-07-29T00:00:00+00:00
[2022-07-30 16:49:48,492] {processor.py:161} INFO - Processing /opt/airflow/dags/miscellaneous_operator/short_circuit.py took 0.104 seconds
[2022-07-30 16:50:18,748] {processor.py:153} INFO - Started process (PID=975) to work on /opt/airflow/dags/miscellaneous_operator/short_circuit.py
[2022-07-30 16:50:18,749] {processor.py:641} INFO - Processing file /opt/airflow/dags/miscellaneous_operator/short_circuit.py for tasks to queue
[2022-07-30 16:50:18,751] {logging_mixin.py:115} INFO - [2022-07-30 16:50:18,751] {dagbag.py:507} INFO - Filling up the DagBag from /opt/airflow/dags/miscellaneous_operator/short_circuit.py
[2022-07-30 16:50:18,770] {processor.py:651} INFO - DAG(s) dict_keys(['short_circuit']) retrieved from /opt/airflow/dags/miscellaneous_operator/short_circuit.py
[2022-07-30 16:50:18,809] {logging_mixin.py:115} INFO - [2022-07-30 16:50:18,809] {dag.py:2379} INFO - Sync 1 DAGs
[2022-07-30 16:50:18,845] {logging_mixin.py:115} INFO - [2022-07-30 16:50:18,845] {dag.py:2931} INFO - Setting next_dagrun for short_circuit to 2022-07-28T00:00:00+00:00, run_after=2022-07-29T00:00:00+00:00
[2022-07-30 16:50:18,860] {processor.py:161} INFO - Processing /opt/airflow/dags/miscellaneous_operator/short_circuit.py took 0.119 seconds
[2022-07-30 16:50:48,962] {processor.py:153} INFO - Started process (PID=1047) to work on /opt/airflow/dags/miscellaneous_operator/short_circuit.py
[2022-07-30 16:50:48,962] {processor.py:641} INFO - Processing file /opt/airflow/dags/miscellaneous_operator/short_circuit.py for tasks to queue
[2022-07-30 16:50:48,963] {logging_mixin.py:115} INFO - [2022-07-30 16:50:48,963] {dagbag.py:507} INFO - Filling up the DagBag from /opt/airflow/dags/miscellaneous_operator/short_circuit.py
[2022-07-30 16:50:49,005] {processor.py:651} INFO - DAG(s) dict_keys(['short_circuit']) retrieved from /opt/airflow/dags/miscellaneous_operator/short_circuit.py
[2022-07-30 16:50:49,085] {logging_mixin.py:115} INFO - [2022-07-30 16:50:49,084] {dag.py:2379} INFO - Sync 1 DAGs
[2022-07-30 16:50:49,127] {logging_mixin.py:115} INFO - [2022-07-30 16:50:49,127] {dag.py:2931} INFO - Setting next_dagrun for short_circuit to 2022-07-28T00:00:00+00:00, run_after=2022-07-29T00:00:00+00:00
[2022-07-30 16:50:49,146] {processor.py:161} INFO - Processing /opt/airflow/dags/miscellaneous_operator/short_circuit.py took 0.192 seconds
[2022-07-30 16:51:19,868] {processor.py:153} INFO - Started process (PID=1130) to work on /opt/airflow/dags/miscellaneous_operator/short_circuit.py
[2022-07-30 16:51:19,869] {processor.py:641} INFO - Processing file /opt/airflow/dags/miscellaneous_operator/short_circuit.py for tasks to queue
[2022-07-30 16:51:19,876] {logging_mixin.py:115} INFO - [2022-07-30 16:51:19,876] {dagbag.py:507} INFO - Filling up the DagBag from /opt/airflow/dags/miscellaneous_operator/short_circuit.py
[2022-07-30 16:51:19,899] {processor.py:651} INFO - DAG(s) dict_keys(['short_circuit']) retrieved from /opt/airflow/dags/miscellaneous_operator/short_circuit.py
[2022-07-30 16:51:19,988] {logging_mixin.py:115} INFO - [2022-07-30 16:51:19,988] {dag.py:2379} INFO - Sync 1 DAGs
[2022-07-30 16:51:20,090] {logging_mixin.py:115} INFO - [2022-07-30 16:51:20,090] {dag.py:2931} INFO - Setting next_dagrun for short_circuit to 2022-07-28T00:00:00+00:00, run_after=2022-07-29T00:00:00+00:00
[2022-07-30 16:51:20,136] {processor.py:161} INFO - Processing /opt/airflow/dags/miscellaneous_operator/short_circuit.py took 0.280 seconds
[2022-07-30 16:51:50,346] {processor.py:153} INFO - Started process (PID=1208) to work on /opt/airflow/dags/miscellaneous_operator/short_circuit.py
[2022-07-30 16:51:50,347] {processor.py:641} INFO - Processing file /opt/airflow/dags/miscellaneous_operator/short_circuit.py for tasks to queue
[2022-07-30 16:51:50,348] {logging_mixin.py:115} INFO - [2022-07-30 16:51:50,348] {dagbag.py:507} INFO - Filling up the DagBag from /opt/airflow/dags/miscellaneous_operator/short_circuit.py
[2022-07-30 16:51:50,375] {processor.py:651} INFO - DAG(s) dict_keys(['short_circuit']) retrieved from /opt/airflow/dags/miscellaneous_operator/short_circuit.py
[2022-07-30 16:51:50,424] {logging_mixin.py:115} INFO - [2022-07-30 16:51:50,424] {dag.py:2379} INFO - Sync 1 DAGs
[2022-07-30 16:51:50,471] {logging_mixin.py:115} INFO - [2022-07-30 16:51:50,470] {dag.py:2931} INFO - Setting next_dagrun for short_circuit to 2022-07-28T00:00:00+00:00, run_after=2022-07-29T00:00:00+00:00
[2022-07-30 16:51:50,489] {processor.py:161} INFO - Processing /opt/airflow/dags/miscellaneous_operator/short_circuit.py took 0.147 seconds
[2022-07-30 16:52:21,271] {processor.py:153} INFO - Started process (PID=1280) to work on /opt/airflow/dags/miscellaneous_operator/short_circuit.py
[2022-07-30 16:52:21,271] {processor.py:641} INFO - Processing file /opt/airflow/dags/miscellaneous_operator/short_circuit.py for tasks to queue
[2022-07-30 16:52:21,272] {logging_mixin.py:115} INFO - [2022-07-30 16:52:21,272] {dagbag.py:507} INFO - Filling up the DagBag from /opt/airflow/dags/miscellaneous_operator/short_circuit.py
[2022-07-30 16:52:21,302] {processor.py:651} INFO - DAG(s) dict_keys(['short_circuit']) retrieved from /opt/airflow/dags/miscellaneous_operator/short_circuit.py
[2022-07-30 16:52:21,343] {logging_mixin.py:115} INFO - [2022-07-30 16:52:21,342] {dag.py:2379} INFO - Sync 1 DAGs
[2022-07-30 16:52:21,388] {logging_mixin.py:115} INFO - [2022-07-30 16:52:21,387] {dag.py:2931} INFO - Setting next_dagrun for short_circuit to 2022-07-28T00:00:00+00:00, run_after=2022-07-29T00:00:00+00:00
[2022-07-30 16:52:21,402] {processor.py:161} INFO - Processing /opt/airflow/dags/miscellaneous_operator/short_circuit.py took 0.140 seconds
[2022-07-30 16:52:52,095] {processor.py:153} INFO - Started process (PID=1360) to work on /opt/airflow/dags/miscellaneous_operator/short_circuit.py
[2022-07-30 16:52:52,104] {processor.py:641} INFO - Processing file /opt/airflow/dags/miscellaneous_operator/short_circuit.py for tasks to queue
[2022-07-30 16:52:52,105] {logging_mixin.py:115} INFO - [2022-07-30 16:52:52,105] {dagbag.py:507} INFO - Filling up the DagBag from /opt/airflow/dags/miscellaneous_operator/short_circuit.py
[2022-07-30 16:52:52,125] {processor.py:651} INFO - DAG(s) dict_keys(['short_circuit']) retrieved from /opt/airflow/dags/miscellaneous_operator/short_circuit.py
[2022-07-30 16:52:52,209] {logging_mixin.py:115} INFO - [2022-07-30 16:52:52,209] {dag.py:2379} INFO - Sync 1 DAGs
[2022-07-30 16:52:52,272] {logging_mixin.py:115} INFO - [2022-07-30 16:52:52,272] {dag.py:2931} INFO - Setting next_dagrun for short_circuit to 2022-07-28T00:00:00+00:00, run_after=2022-07-29T00:00:00+00:00
[2022-07-30 16:52:52,308] {processor.py:161} INFO - Processing /opt/airflow/dags/miscellaneous_operator/short_circuit.py took 0.217 seconds
[2022-07-30 16:53:22,469] {processor.py:153} INFO - Started process (PID=1439) to work on /opt/airflow/dags/miscellaneous_operator/short_circuit.py
[2022-07-30 16:53:22,469] {processor.py:641} INFO - Processing file /opt/airflow/dags/miscellaneous_operator/short_circuit.py for tasks to queue
[2022-07-30 16:53:22,470] {logging_mixin.py:115} INFO - [2022-07-30 16:53:22,469] {dagbag.py:507} INFO - Filling up the DagBag from /opt/airflow/dags/miscellaneous_operator/short_circuit.py
[2022-07-30 16:53:22,485] {processor.py:651} INFO - DAG(s) dict_keys(['short_circuit']) retrieved from /opt/airflow/dags/miscellaneous_operator/short_circuit.py
[2022-07-30 16:53:22,532] {logging_mixin.py:115} INFO - [2022-07-30 16:53:22,532] {dag.py:2379} INFO - Sync 1 DAGs
[2022-07-30 16:53:22,572] {logging_mixin.py:115} INFO - [2022-07-30 16:53:22,572] {dag.py:2931} INFO - Setting next_dagrun for short_circuit to 2022-07-28T00:00:00+00:00, run_after=2022-07-29T00:00:00+00:00
[2022-07-30 16:53:22,585] {processor.py:161} INFO - Processing /opt/airflow/dags/miscellaneous_operator/short_circuit.py took 0.120 seconds
[2022-07-30 16:53:53,255] {processor.py:153} INFO - Started process (PID=1511) to work on /opt/airflow/dags/miscellaneous_operator/short_circuit.py
[2022-07-30 16:53:53,256] {processor.py:641} INFO - Processing file /opt/airflow/dags/miscellaneous_operator/short_circuit.py for tasks to queue
[2022-07-30 16:53:53,256] {logging_mixin.py:115} INFO - [2022-07-30 16:53:53,256] {dagbag.py:507} INFO - Filling up the DagBag from /opt/airflow/dags/miscellaneous_operator/short_circuit.py
[2022-07-30 16:53:53,270] {processor.py:651} INFO - DAG(s) dict_keys(['short_circuit']) retrieved from /opt/airflow/dags/miscellaneous_operator/short_circuit.py
[2022-07-30 16:53:53,302] {logging_mixin.py:115} INFO - [2022-07-30 16:53:53,302] {dag.py:2379} INFO - Sync 1 DAGs
[2022-07-30 16:53:53,335] {logging_mixin.py:115} INFO - [2022-07-30 16:53:53,334] {dag.py:2931} INFO - Setting next_dagrun for short_circuit to 2022-07-28T00:00:00+00:00, run_after=2022-07-29T00:00:00+00:00
[2022-07-30 16:53:53,350] {processor.py:161} INFO - Processing /opt/airflow/dags/miscellaneous_operator/short_circuit.py took 0.099 seconds
[2022-07-30 16:54:23,754] {processor.py:153} INFO - Started process (PID=1599) to work on /opt/airflow/dags/miscellaneous_operator/short_circuit.py
[2022-07-30 16:54:23,754] {processor.py:641} INFO - Processing file /opt/airflow/dags/miscellaneous_operator/short_circuit.py for tasks to queue
[2022-07-30 16:54:23,755] {logging_mixin.py:115} INFO - [2022-07-30 16:54:23,755] {dagbag.py:507} INFO - Filling up the DagBag from /opt/airflow/dags/miscellaneous_operator/short_circuit.py
[2022-07-30 16:54:23,767] {processor.py:651} INFO - DAG(s) dict_keys(['short_circuit']) retrieved from /opt/airflow/dags/miscellaneous_operator/short_circuit.py
[2022-07-30 16:54:23,797] {logging_mixin.py:115} INFO - [2022-07-30 16:54:23,797] {dag.py:2379} INFO - Sync 1 DAGs
[2022-07-30 16:54:23,829] {logging_mixin.py:115} INFO - [2022-07-30 16:54:23,829] {dag.py:2931} INFO - Setting next_dagrun for short_circuit to 2022-07-28T00:00:00+00:00, run_after=2022-07-29T00:00:00+00:00
[2022-07-30 16:54:23,852] {processor.py:161} INFO - Processing /opt/airflow/dags/miscellaneous_operator/short_circuit.py took 0.102 seconds
[2022-07-30 16:54:54,049] {processor.py:153} INFO - Started process (PID=1675) to work on /opt/airflow/dags/miscellaneous_operator/short_circuit.py
[2022-07-30 16:54:54,050] {processor.py:641} INFO - Processing file /opt/airflow/dags/miscellaneous_operator/short_circuit.py for tasks to queue
[2022-07-30 16:54:54,050] {logging_mixin.py:115} INFO - [2022-07-30 16:54:54,050] {dagbag.py:507} INFO - Filling up the DagBag from /opt/airflow/dags/miscellaneous_operator/short_circuit.py
[2022-07-30 16:54:54,063] {processor.py:651} INFO - DAG(s) dict_keys(['short_circuit']) retrieved from /opt/airflow/dags/miscellaneous_operator/short_circuit.py
[2022-07-30 16:54:54,095] {logging_mixin.py:115} INFO - [2022-07-30 16:54:54,095] {dag.py:2379} INFO - Sync 1 DAGs
[2022-07-30 16:54:54,137] {logging_mixin.py:115} INFO - [2022-07-30 16:54:54,137] {dag.py:2931} INFO - Setting next_dagrun for short_circuit to 2022-07-28T00:00:00+00:00, run_after=2022-07-29T00:00:00+00:00
[2022-07-30 16:54:54,154] {processor.py:161} INFO - Processing /opt/airflow/dags/miscellaneous_operator/short_circuit.py took 0.110 seconds
[2022-07-30 16:55:24,632] {processor.py:153} INFO - Started process (PID=1760) to work on /opt/airflow/dags/miscellaneous_operator/short_circuit.py
[2022-07-30 16:55:24,632] {processor.py:641} INFO - Processing file /opt/airflow/dags/miscellaneous_operator/short_circuit.py for tasks to queue
[2022-07-30 16:55:24,633] {logging_mixin.py:115} INFO - [2022-07-30 16:55:24,633] {dagbag.py:507} INFO - Filling up the DagBag from /opt/airflow/dags/miscellaneous_operator/short_circuit.py
[2022-07-30 16:55:24,662] {processor.py:651} INFO - DAG(s) dict_keys(['short_circuit']) retrieved from /opt/airflow/dags/miscellaneous_operator/short_circuit.py
[2022-07-30 16:55:24,703] {logging_mixin.py:115} INFO - [2022-07-30 16:55:24,703] {dag.py:2379} INFO - Sync 1 DAGs
[2022-07-30 16:55:24,736] {logging_mixin.py:115} INFO - [2022-07-30 16:55:24,736] {dag.py:2931} INFO - Setting next_dagrun for short_circuit to 2022-07-28T00:00:00+00:00, run_after=2022-07-29T00:00:00+00:00
[2022-07-30 16:55:24,750] {processor.py:161} INFO - Processing /opt/airflow/dags/miscellaneous_operator/short_circuit.py took 0.122 seconds
[2022-07-30 16:55:54,918] {processor.py:153} INFO - Started process (PID=1835) to work on /opt/airflow/dags/miscellaneous_operator/short_circuit.py
[2022-07-30 16:55:54,921] {processor.py:641} INFO - Processing file /opt/airflow/dags/miscellaneous_operator/short_circuit.py for tasks to queue
[2022-07-30 16:55:54,921] {logging_mixin.py:115} INFO - [2022-07-30 16:55:54,921] {dagbag.py:507} INFO - Filling up the DagBag from /opt/airflow/dags/miscellaneous_operator/short_circuit.py
[2022-07-30 16:55:54,946] {processor.py:651} INFO - DAG(s) dict_keys(['short_circuit']) retrieved from /opt/airflow/dags/miscellaneous_operator/short_circuit.py
[2022-07-30 16:55:55,024] {logging_mixin.py:115} INFO - [2022-07-30 16:55:55,024] {dag.py:2379} INFO - Sync 1 DAGs
[2022-07-30 16:55:55,081] {logging_mixin.py:115} INFO - [2022-07-30 16:55:55,081] {dag.py:2931} INFO - Setting next_dagrun for short_circuit to 2022-07-28T00:00:00+00:00, run_after=2022-07-29T00:00:00+00:00
[2022-07-30 16:55:55,104] {processor.py:161} INFO - Processing /opt/airflow/dags/miscellaneous_operator/short_circuit.py took 0.193 seconds
[2022-07-30 16:56:25,453] {processor.py:153} INFO - Started process (PID=1916) to work on /opt/airflow/dags/miscellaneous_operator/short_circuit.py
[2022-07-30 16:56:25,454] {processor.py:641} INFO - Processing file /opt/airflow/dags/miscellaneous_operator/short_circuit.py for tasks to queue
[2022-07-30 16:56:25,455] {logging_mixin.py:115} INFO - [2022-07-30 16:56:25,455] {dagbag.py:507} INFO - Filling up the DagBag from /opt/airflow/dags/miscellaneous_operator/short_circuit.py
[2022-07-30 16:56:25,483] {processor.py:651} INFO - DAG(s) dict_keys(['short_circuit']) retrieved from /opt/airflow/dags/miscellaneous_operator/short_circuit.py
[2022-07-30 16:56:25,564] {logging_mixin.py:115} INFO - [2022-07-30 16:56:25,564] {dag.py:2379} INFO - Sync 1 DAGs
[2022-07-30 16:56:25,650] {logging_mixin.py:115} INFO - [2022-07-30 16:56:25,649] {dag.py:2931} INFO - Setting next_dagrun for short_circuit to 2022-07-28T00:00:00+00:00, run_after=2022-07-29T00:00:00+00:00
[2022-07-30 16:56:25,683] {processor.py:161} INFO - Processing /opt/airflow/dags/miscellaneous_operator/short_circuit.py took 0.233 seconds
[2022-07-30 16:56:55,881] {processor.py:153} INFO - Started process (PID=1992) to work on /opt/airflow/dags/miscellaneous_operator/short_circuit.py
[2022-07-30 16:56:55,882] {processor.py:641} INFO - Processing file /opt/airflow/dags/miscellaneous_operator/short_circuit.py for tasks to queue
[2022-07-30 16:56:55,883] {logging_mixin.py:115} INFO - [2022-07-30 16:56:55,883] {dagbag.py:507} INFO - Filling up the DagBag from /opt/airflow/dags/miscellaneous_operator/short_circuit.py
[2022-07-30 16:56:55,899] {processor.py:651} INFO - DAG(s) dict_keys(['short_circuit']) retrieved from /opt/airflow/dags/miscellaneous_operator/short_circuit.py
[2022-07-30 16:56:55,937] {logging_mixin.py:115} INFO - [2022-07-30 16:56:55,937] {dag.py:2379} INFO - Sync 1 DAGs
[2022-07-30 16:56:55,969] {logging_mixin.py:115} INFO - [2022-07-30 16:56:55,969] {dag.py:2931} INFO - Setting next_dagrun for short_circuit to 2022-07-28T00:00:00+00:00, run_after=2022-07-29T00:00:00+00:00
[2022-07-30 16:56:55,981] {processor.py:161} INFO - Processing /opt/airflow/dags/miscellaneous_operator/short_circuit.py took 0.104 seconds
[2022-07-30 16:57:26,797] {processor.py:153} INFO - Started process (PID=2073) to work on /opt/airflow/dags/miscellaneous_operator/short_circuit.py
[2022-07-30 16:57:26,799] {processor.py:641} INFO - Processing file /opt/airflow/dags/miscellaneous_operator/short_circuit.py for tasks to queue
[2022-07-30 16:57:26,800] {logging_mixin.py:115} INFO - [2022-07-30 16:57:26,800] {dagbag.py:507} INFO - Filling up the DagBag from /opt/airflow/dags/miscellaneous_operator/short_circuit.py
[2022-07-30 16:57:26,861] {processor.py:651} INFO - DAG(s) dict_keys(['short_circuit']) retrieved from /opt/airflow/dags/miscellaneous_operator/short_circuit.py
[2022-07-30 16:57:26,970] {logging_mixin.py:115} INFO - [2022-07-30 16:57:26,967] {dag.py:2379} INFO - Sync 1 DAGs
[2022-07-30 16:57:27,089] {logging_mixin.py:115} INFO - [2022-07-30 16:57:27,088] {dag.py:2931} INFO - Setting next_dagrun for short_circuit to 2022-07-28T00:00:00+00:00, run_after=2022-07-29T00:00:00+00:00
[2022-07-30 16:57:27,116] {processor.py:161} INFO - Processing /opt/airflow/dags/miscellaneous_operator/short_circuit.py took 0.344 seconds
[2022-07-30 16:57:57,296] {processor.py:153} INFO - Started process (PID=2147) to work on /opt/airflow/dags/miscellaneous_operator/short_circuit.py
[2022-07-30 16:57:57,296] {processor.py:641} INFO - Processing file /opt/airflow/dags/miscellaneous_operator/short_circuit.py for tasks to queue
[2022-07-30 16:57:57,297] {logging_mixin.py:115} INFO - [2022-07-30 16:57:57,297] {dagbag.py:507} INFO - Filling up the DagBag from /opt/airflow/dags/miscellaneous_operator/short_circuit.py
[2022-07-30 16:57:57,318] {processor.py:651} INFO - DAG(s) dict_keys(['short_circuit']) retrieved from /opt/airflow/dags/miscellaneous_operator/short_circuit.py
[2022-07-30 16:57:57,349] {logging_mixin.py:115} INFO - [2022-07-30 16:57:57,349] {dag.py:2379} INFO - Sync 1 DAGs
[2022-07-30 16:57:57,382] {logging_mixin.py:115} INFO - [2022-07-30 16:57:57,381] {dag.py:2931} INFO - Setting next_dagrun for short_circuit to 2022-07-28T00:00:00+00:00, run_after=2022-07-29T00:00:00+00:00
[2022-07-30 16:57:57,397] {processor.py:161} INFO - Processing /opt/airflow/dags/miscellaneous_operator/short_circuit.py took 0.113 seconds
[2022-07-30 16:58:27,584] {processor.py:153} INFO - Started process (PID=2227) to work on /opt/airflow/dags/miscellaneous_operator/short_circuit.py
[2022-07-30 16:58:27,604] {processor.py:641} INFO - Processing file /opt/airflow/dags/miscellaneous_operator/short_circuit.py for tasks to queue
[2022-07-30 16:58:27,604] {logging_mixin.py:115} INFO - [2022-07-30 16:58:27,604] {dagbag.py:507} INFO - Filling up the DagBag from /opt/airflow/dags/miscellaneous_operator/short_circuit.py
[2022-07-30 16:58:27,677] {processor.py:651} INFO - DAG(s) dict_keys(['short_circuit']) retrieved from /opt/airflow/dags/miscellaneous_operator/short_circuit.py
[2022-07-30 16:58:27,744] {logging_mixin.py:115} INFO - [2022-07-30 16:58:27,744] {dag.py:2379} INFO - Sync 1 DAGs
[2022-07-30 16:58:27,810] {logging_mixin.py:115} INFO - [2022-07-30 16:58:27,810] {dag.py:2931} INFO - Setting next_dagrun for short_circuit to 2022-07-28T00:00:00+00:00, run_after=2022-07-29T00:00:00+00:00
[2022-07-30 16:58:27,854] {processor.py:161} INFO - Processing /opt/airflow/dags/miscellaneous_operator/short_circuit.py took 0.298 seconds
[2022-07-30 16:58:57,994] {processor.py:153} INFO - Started process (PID=2303) to work on /opt/airflow/dags/miscellaneous_operator/short_circuit.py
[2022-07-30 16:58:57,995] {processor.py:641} INFO - Processing file /opt/airflow/dags/miscellaneous_operator/short_circuit.py for tasks to queue
[2022-07-30 16:58:57,996] {logging_mixin.py:115} INFO - [2022-07-30 16:58:57,996] {dagbag.py:507} INFO - Filling up the DagBag from /opt/airflow/dags/miscellaneous_operator/short_circuit.py
[2022-07-30 16:58:58,039] {processor.py:651} INFO - DAG(s) dict_keys(['short_circuit']) retrieved from /opt/airflow/dags/miscellaneous_operator/short_circuit.py
[2022-07-30 16:58:58,185] {logging_mixin.py:115} INFO - [2022-07-30 16:58:58,183] {dag.py:2379} INFO - Sync 1 DAGs
[2022-07-30 16:58:58,244] {logging_mixin.py:115} INFO - [2022-07-30 16:58:58,244] {dag.py:2931} INFO - Setting next_dagrun for short_circuit to 2022-07-28T00:00:00+00:00, run_after=2022-07-29T00:00:00+00:00
[2022-07-30 16:58:58,297] {processor.py:161} INFO - Processing /opt/airflow/dags/miscellaneous_operator/short_circuit.py took 0.309 seconds
[2022-07-30 16:59:28,496] {processor.py:153} INFO - Started process (PID=2388) to work on /opt/airflow/dags/miscellaneous_operator/short_circuit.py
[2022-07-30 16:59:28,496] {processor.py:641} INFO - Processing file /opt/airflow/dags/miscellaneous_operator/short_circuit.py for tasks to queue
[2022-07-30 16:59:28,497] {logging_mixin.py:115} INFO - [2022-07-30 16:59:28,496] {dagbag.py:507} INFO - Filling up the DagBag from /opt/airflow/dags/miscellaneous_operator/short_circuit.py
[2022-07-30 16:59:28,525] {processor.py:651} INFO - DAG(s) dict_keys(['short_circuit']) retrieved from /opt/airflow/dags/miscellaneous_operator/short_circuit.py
[2022-07-30 16:59:28,597] {logging_mixin.py:115} INFO - [2022-07-30 16:59:28,597] {dag.py:2379} INFO - Sync 1 DAGs
[2022-07-30 16:59:28,658] {logging_mixin.py:115} INFO - [2022-07-30 16:59:28,658] {dag.py:2931} INFO - Setting next_dagrun for short_circuit to 2022-07-28T00:00:00+00:00, run_after=2022-07-29T00:00:00+00:00
[2022-07-30 16:59:28,708] {processor.py:161} INFO - Processing /opt/airflow/dags/miscellaneous_operator/short_circuit.py took 0.216 seconds
[2022-07-30 16:59:59,235] {processor.py:153} INFO - Started process (PID=2463) to work on /opt/airflow/dags/miscellaneous_operator/short_circuit.py
[2022-07-30 16:59:59,236] {processor.py:641} INFO - Processing file /opt/airflow/dags/miscellaneous_operator/short_circuit.py for tasks to queue
[2022-07-30 16:59:59,237] {logging_mixin.py:115} INFO - [2022-07-30 16:59:59,237] {dagbag.py:507} INFO - Filling up the DagBag from /opt/airflow/dags/miscellaneous_operator/short_circuit.py
[2022-07-30 16:59:59,256] {processor.py:651} INFO - DAG(s) dict_keys(['short_circuit']) retrieved from /opt/airflow/dags/miscellaneous_operator/short_circuit.py
[2022-07-30 16:59:59,292] {logging_mixin.py:115} INFO - [2022-07-30 16:59:59,292] {dag.py:2379} INFO - Sync 1 DAGs
[2022-07-30 16:59:59,340] {logging_mixin.py:115} INFO - [2022-07-30 16:59:59,340] {dag.py:2931} INFO - Setting next_dagrun for short_circuit to 2022-07-28T00:00:00+00:00, run_after=2022-07-29T00:00:00+00:00
[2022-07-30 16:59:59,364] {processor.py:161} INFO - Processing /opt/airflow/dags/miscellaneous_operator/short_circuit.py took 0.135 seconds
[2022-07-30 17:00:30,263] {processor.py:153} INFO - Started process (PID=2535) to work on /opt/airflow/dags/miscellaneous_operator/short_circuit.py
[2022-07-30 17:00:30,264] {processor.py:641} INFO - Processing file /opt/airflow/dags/miscellaneous_operator/short_circuit.py for tasks to queue
[2022-07-30 17:00:30,264] {logging_mixin.py:115} INFO - [2022-07-30 17:00:30,264] {dagbag.py:507} INFO - Filling up the DagBag from /opt/airflow/dags/miscellaneous_operator/short_circuit.py
[2022-07-30 17:00:30,294] {processor.py:651} INFO - DAG(s) dict_keys(['short_circuit']) retrieved from /opt/airflow/dags/miscellaneous_operator/short_circuit.py
[2022-07-30 17:00:30,360] {logging_mixin.py:115} INFO - [2022-07-30 17:00:30,360] {dag.py:2379} INFO - Sync 1 DAGs
[2022-07-30 17:00:30,426] {logging_mixin.py:115} INFO - [2022-07-30 17:00:30,426] {dag.py:2931} INFO - Setting next_dagrun for short_circuit to 2022-07-28T00:00:00+00:00, run_after=2022-07-29T00:00:00+00:00
[2022-07-30 17:00:30,458] {processor.py:161} INFO - Processing /opt/airflow/dags/miscellaneous_operator/short_circuit.py took 0.198 seconds
[2022-07-30 17:01:00,680] {processor.py:153} INFO - Started process (PID=2613) to work on /opt/airflow/dags/miscellaneous_operator/short_circuit.py
[2022-07-30 17:01:00,680] {processor.py:641} INFO - Processing file /opt/airflow/dags/miscellaneous_operator/short_circuit.py for tasks to queue
[2022-07-30 17:01:00,681] {logging_mixin.py:115} INFO - [2022-07-30 17:01:00,681] {dagbag.py:507} INFO - Filling up the DagBag from /opt/airflow/dags/miscellaneous_operator/short_circuit.py
[2022-07-30 17:01:00,713] {processor.py:651} INFO - DAG(s) dict_keys(['short_circuit']) retrieved from /opt/airflow/dags/miscellaneous_operator/short_circuit.py
[2022-07-30 17:01:00,808] {logging_mixin.py:115} INFO - [2022-07-30 17:01:00,808] {dag.py:2379} INFO - Sync 1 DAGs
[2022-07-30 17:01:00,891] {logging_mixin.py:115} INFO - [2022-07-30 17:01:00,891] {dag.py:2931} INFO - Setting next_dagrun for short_circuit to 2022-07-28T00:00:00+00:00, run_after=2022-07-29T00:00:00+00:00
[2022-07-30 17:01:00,913] {processor.py:161} INFO - Processing /opt/airflow/dags/miscellaneous_operator/short_circuit.py took 0.237 seconds
[2022-07-30 17:01:31,605] {processor.py:153} INFO - Started process (PID=2694) to work on /opt/airflow/dags/miscellaneous_operator/short_circuit.py
[2022-07-30 17:01:31,606] {processor.py:641} INFO - Processing file /opt/airflow/dags/miscellaneous_operator/short_circuit.py for tasks to queue
[2022-07-30 17:01:31,607] {logging_mixin.py:115} INFO - [2022-07-30 17:01:31,607] {dagbag.py:507} INFO - Filling up the DagBag from /opt/airflow/dags/miscellaneous_operator/short_circuit.py
[2022-07-30 17:01:31,623] {processor.py:651} INFO - DAG(s) dict_keys(['short_circuit']) retrieved from /opt/airflow/dags/miscellaneous_operator/short_circuit.py
[2022-07-30 17:01:31,656] {logging_mixin.py:115} INFO - [2022-07-30 17:01:31,655] {dag.py:2379} INFO - Sync 1 DAGs
[2022-07-30 17:01:31,688] {logging_mixin.py:115} INFO - [2022-07-30 17:01:31,688] {dag.py:2931} INFO - Setting next_dagrun for short_circuit to 2022-07-28T00:00:00+00:00, run_after=2022-07-29T00:00:00+00:00
[2022-07-30 17:01:31,702] {processor.py:161} INFO - Processing /opt/airflow/dags/miscellaneous_operator/short_circuit.py took 0.101 seconds
[2022-07-30 17:02:02,089] {processor.py:153} INFO - Started process (PID=2770) to work on /opt/airflow/dags/miscellaneous_operator/short_circuit.py
[2022-07-30 17:02:02,089] {processor.py:641} INFO - Processing file /opt/airflow/dags/miscellaneous_operator/short_circuit.py for tasks to queue
[2022-07-30 17:02:02,090] {logging_mixin.py:115} INFO - [2022-07-30 17:02:02,090] {dagbag.py:507} INFO - Filling up the DagBag from /opt/airflow/dags/miscellaneous_operator/short_circuit.py
[2022-07-30 17:02:02,104] {processor.py:651} INFO - DAG(s) dict_keys(['short_circuit']) retrieved from /opt/airflow/dags/miscellaneous_operator/short_circuit.py
[2022-07-30 17:02:02,137] {logging_mixin.py:115} INFO - [2022-07-30 17:02:02,137] {dag.py:2379} INFO - Sync 1 DAGs
[2022-07-30 17:02:02,171] {logging_mixin.py:115} INFO - [2022-07-30 17:02:02,171] {dag.py:2931} INFO - Setting next_dagrun for short_circuit to 2022-07-28T00:00:00+00:00, run_after=2022-07-29T00:00:00+00:00
[2022-07-30 17:02:02,186] {processor.py:161} INFO - Processing /opt/airflow/dags/miscellaneous_operator/short_circuit.py took 0.102 seconds
[2022-07-30 17:02:32,291] {processor.py:153} INFO - Started process (PID=2857) to work on /opt/airflow/dags/miscellaneous_operator/short_circuit.py
[2022-07-30 17:02:32,300] {processor.py:641} INFO - Processing file /opt/airflow/dags/miscellaneous_operator/short_circuit.py for tasks to queue
[2022-07-30 17:02:32,301] {logging_mixin.py:115} INFO - [2022-07-30 17:02:32,300] {dagbag.py:507} INFO - Filling up the DagBag from /opt/airflow/dags/miscellaneous_operator/short_circuit.py
[2022-07-30 17:02:32,320] {processor.py:651} INFO - DAG(s) dict_keys(['short_circuit']) retrieved from /opt/airflow/dags/miscellaneous_operator/short_circuit.py
[2022-07-30 17:02:32,395] {logging_mixin.py:115} INFO - [2022-07-30 17:02:32,395] {dag.py:2379} INFO - Sync 1 DAGs
[2022-07-30 17:02:32,477] {logging_mixin.py:115} INFO - [2022-07-30 17:02:32,477] {dag.py:2931} INFO - Setting next_dagrun for short_circuit to 2022-07-28T00:00:00+00:00, run_after=2022-07-29T00:00:00+00:00
[2022-07-30 17:02:32,505] {processor.py:161} INFO - Processing /opt/airflow/dags/miscellaneous_operator/short_circuit.py took 0.223 seconds
[2022-07-30 17:03:02,678] {processor.py:153} INFO - Started process (PID=2932) to work on /opt/airflow/dags/miscellaneous_operator/short_circuit.py
[2022-07-30 17:03:02,679] {processor.py:641} INFO - Processing file /opt/airflow/dags/miscellaneous_operator/short_circuit.py for tasks to queue
[2022-07-30 17:03:02,680] {logging_mixin.py:115} INFO - [2022-07-30 17:03:02,679] {dagbag.py:507} INFO - Filling up the DagBag from /opt/airflow/dags/miscellaneous_operator/short_circuit.py
[2022-07-30 17:03:02,697] {processor.py:651} INFO - DAG(s) dict_keys(['short_circuit']) retrieved from /opt/airflow/dags/miscellaneous_operator/short_circuit.py
[2022-07-30 17:03:02,756] {logging_mixin.py:115} INFO - [2022-07-30 17:03:02,756] {dag.py:2379} INFO - Sync 1 DAGs
[2022-07-30 17:03:02,833] {logging_mixin.py:115} INFO - [2022-07-30 17:03:02,833] {dag.py:2931} INFO - Setting next_dagrun for short_circuit to 2022-07-28T00:00:00+00:00, run_after=2022-07-29T00:00:00+00:00
[2022-07-30 17:03:02,848] {processor.py:161} INFO - Processing /opt/airflow/dags/miscellaneous_operator/short_circuit.py took 0.178 seconds
[2022-07-30 17:03:33,682] {processor.py:153} INFO - Started process (PID=3005) to work on /opt/airflow/dags/miscellaneous_operator/short_circuit.py
[2022-07-30 17:03:33,692] {processor.py:641} INFO - Processing file /opt/airflow/dags/miscellaneous_operator/short_circuit.py for tasks to queue
[2022-07-30 17:03:33,693] {logging_mixin.py:115} INFO - [2022-07-30 17:03:33,693] {dagbag.py:507} INFO - Filling up the DagBag from /opt/airflow/dags/miscellaneous_operator/short_circuit.py
[2022-07-30 17:03:33,705] {processor.py:651} INFO - DAG(s) dict_keys(['short_circuit']) retrieved from /opt/airflow/dags/miscellaneous_operator/short_circuit.py
[2022-07-30 17:03:33,766] {logging_mixin.py:115} INFO - [2022-07-30 17:03:33,765] {dag.py:2379} INFO - Sync 1 DAGs
[2022-07-30 17:03:33,829] {logging_mixin.py:115} INFO - [2022-07-30 17:03:33,829] {dag.py:2931} INFO - Setting next_dagrun for short_circuit to 2022-07-28T00:00:00+00:00, run_after=2022-07-29T00:00:00+00:00
[2022-07-30 17:03:33,857] {processor.py:161} INFO - Processing /opt/airflow/dags/miscellaneous_operator/short_circuit.py took 0.179 seconds
[2022-07-30 17:04:04,241] {processor.py:153} INFO - Started process (PID=3087) to work on /opt/airflow/dags/miscellaneous_operator/short_circuit.py
[2022-07-30 17:04:04,242] {processor.py:641} INFO - Processing file /opt/airflow/dags/miscellaneous_operator/short_circuit.py for tasks to queue
[2022-07-30 17:04:04,243] {logging_mixin.py:115} INFO - [2022-07-30 17:04:04,242] {dagbag.py:507} INFO - Filling up the DagBag from /opt/airflow/dags/miscellaneous_operator/short_circuit.py
[2022-07-30 17:04:04,263] {processor.py:651} INFO - DAG(s) dict_keys(['short_circuit']) retrieved from /opt/airflow/dags/miscellaneous_operator/short_circuit.py
[2022-07-30 17:04:04,337] {logging_mixin.py:115} INFO - [2022-07-30 17:04:04,336] {dag.py:2379} INFO - Sync 1 DAGs
[2022-07-30 17:04:04,413] {logging_mixin.py:115} INFO - [2022-07-30 17:04:04,413] {dag.py:2931} INFO - Setting next_dagrun for short_circuit to 2022-07-28T00:00:00+00:00, run_after=2022-07-29T00:00:00+00:00
[2022-07-30 17:04:04,453] {processor.py:161} INFO - Processing /opt/airflow/dags/miscellaneous_operator/short_circuit.py took 0.216 seconds
[2022-07-30 17:04:35,238] {processor.py:153} INFO - Started process (PID=3160) to work on /opt/airflow/dags/miscellaneous_operator/short_circuit.py
[2022-07-30 17:04:35,239] {processor.py:641} INFO - Processing file /opt/airflow/dags/miscellaneous_operator/short_circuit.py for tasks to queue
[2022-07-30 17:04:35,240] {logging_mixin.py:115} INFO - [2022-07-30 17:04:35,240] {dagbag.py:507} INFO - Filling up the DagBag from /opt/airflow/dags/miscellaneous_operator/short_circuit.py
[2022-07-30 17:04:35,280] {processor.py:651} INFO - DAG(s) dict_keys(['short_circuit']) retrieved from /opt/airflow/dags/miscellaneous_operator/short_circuit.py
[2022-07-30 17:04:35,334] {logging_mixin.py:115} INFO - [2022-07-30 17:04:35,334] {dag.py:2379} INFO - Sync 1 DAGs
[2022-07-30 17:04:35,368] {logging_mixin.py:115} INFO - [2022-07-30 17:04:35,368] {dag.py:2931} INFO - Setting next_dagrun for short_circuit to 2022-07-28T00:00:00+00:00, run_after=2022-07-29T00:00:00+00:00
[2022-07-30 17:04:35,382] {processor.py:161} INFO - Processing /opt/airflow/dags/miscellaneous_operator/short_circuit.py took 0.158 seconds
[2022-07-30 17:05:05,921] {processor.py:153} INFO - Started process (PID=3246) to work on /opt/airflow/dags/miscellaneous_operator/short_circuit.py
[2022-07-30 17:05:05,925] {processor.py:641} INFO - Processing file /opt/airflow/dags/miscellaneous_operator/short_circuit.py for tasks to queue
[2022-07-30 17:05:05,926] {logging_mixin.py:115} INFO - [2022-07-30 17:05:05,926] {dagbag.py:507} INFO - Filling up the DagBag from /opt/airflow/dags/miscellaneous_operator/short_circuit.py
[2022-07-30 17:05:05,953] {processor.py:651} INFO - DAG(s) dict_keys(['short_circuit']) retrieved from /opt/airflow/dags/miscellaneous_operator/short_circuit.py
[2022-07-30 17:05:06,031] {logging_mixin.py:115} INFO - [2022-07-30 17:05:06,031] {dag.py:2379} INFO - Sync 1 DAGs
[2022-07-30 17:05:06,120] {logging_mixin.py:115} INFO - [2022-07-30 17:05:06,120] {dag.py:2931} INFO - Setting next_dagrun for short_circuit to 2022-07-28T00:00:00+00:00, run_after=2022-07-29T00:00:00+00:00
[2022-07-30 17:05:06,190] {processor.py:161} INFO - Processing /opt/airflow/dags/miscellaneous_operator/short_circuit.py took 0.282 seconds
[2022-07-30 17:05:36,680] {processor.py:153} INFO - Started process (PID=3322) to work on /opt/airflow/dags/miscellaneous_operator/short_circuit.py
[2022-07-30 17:05:36,684] {processor.py:641} INFO - Processing file /opt/airflow/dags/miscellaneous_operator/short_circuit.py for tasks to queue
[2022-07-30 17:05:36,685] {logging_mixin.py:115} INFO - [2022-07-30 17:05:36,684] {dagbag.py:507} INFO - Filling up the DagBag from /opt/airflow/dags/miscellaneous_operator/short_circuit.py
[2022-07-30 17:05:36,711] {processor.py:651} INFO - DAG(s) dict_keys(['short_circuit']) retrieved from /opt/airflow/dags/miscellaneous_operator/short_circuit.py
[2022-07-30 17:05:36,795] {logging_mixin.py:115} INFO - [2022-07-30 17:05:36,795] {dag.py:2379} INFO - Sync 1 DAGs
[2022-07-30 17:05:36,889] {logging_mixin.py:115} INFO - [2022-07-30 17:05:36,889] {dag.py:2931} INFO - Setting next_dagrun for short_circuit to 2022-07-28T00:00:00+00:00, run_after=2022-07-29T00:00:00+00:00
[2022-07-30 17:05:36,932] {processor.py:161} INFO - Processing /opt/airflow/dags/miscellaneous_operator/short_circuit.py took 0.260 seconds
[2022-07-30 17:06:07,190] {processor.py:153} INFO - Started process (PID=3410) to work on /opt/airflow/dags/miscellaneous_operator/short_circuit.py
[2022-07-30 17:06:07,191] {processor.py:641} INFO - Processing file /opt/airflow/dags/miscellaneous_operator/short_circuit.py for tasks to queue
[2022-07-30 17:06:07,191] {logging_mixin.py:115} INFO - [2022-07-30 17:06:07,191] {dagbag.py:507} INFO - Filling up the DagBag from /opt/airflow/dags/miscellaneous_operator/short_circuit.py
[2022-07-30 17:06:07,213] {processor.py:651} INFO - DAG(s) dict_keys(['short_circuit']) retrieved from /opt/airflow/dags/miscellaneous_operator/short_circuit.py
[2022-07-30 17:06:07,260] {logging_mixin.py:115} INFO - [2022-07-30 17:06:07,260] {dag.py:2379} INFO - Sync 1 DAGs
[2022-07-30 17:06:07,329] {logging_mixin.py:115} INFO - [2022-07-30 17:06:07,329] {dag.py:2931} INFO - Setting next_dagrun for short_circuit to 2022-07-28T00:00:00+00:00, run_after=2022-07-29T00:00:00+00:00
[2022-07-30 17:06:07,354] {processor.py:161} INFO - Processing /opt/airflow/dags/miscellaneous_operator/short_circuit.py took 0.168 seconds
[2022-07-30 17:06:37,869] {processor.py:153} INFO - Started process (PID=3483) to work on /opt/airflow/dags/miscellaneous_operator/short_circuit.py
[2022-07-30 17:06:37,870] {processor.py:641} INFO - Processing file /opt/airflow/dags/miscellaneous_operator/short_circuit.py for tasks to queue
[2022-07-30 17:06:37,870] {logging_mixin.py:115} INFO - [2022-07-30 17:06:37,870] {dagbag.py:507} INFO - Filling up the DagBag from /opt/airflow/dags/miscellaneous_operator/short_circuit.py
[2022-07-30 17:06:37,895] {processor.py:651} INFO - DAG(s) dict_keys(['short_circuit']) retrieved from /opt/airflow/dags/miscellaneous_operator/short_circuit.py
[2022-07-30 17:06:37,965] {logging_mixin.py:115} INFO - [2022-07-30 17:06:37,964] {dag.py:2379} INFO - Sync 1 DAGs
[2022-07-30 17:06:38,003] {logging_mixin.py:115} INFO - [2022-07-30 17:06:38,002] {dag.py:2931} INFO - Setting next_dagrun for short_circuit to 2022-07-28T00:00:00+00:00, run_after=2022-07-29T00:00:00+00:00
[2022-07-30 17:06:38,017] {processor.py:161} INFO - Processing /opt/airflow/dags/miscellaneous_operator/short_circuit.py took 0.155 seconds
[2022-07-30 17:07:08,788] {processor.py:153} INFO - Started process (PID=3567) to work on /opt/airflow/dags/miscellaneous_operator/short_circuit.py
[2022-07-30 17:07:08,788] {processor.py:641} INFO - Processing file /opt/airflow/dags/miscellaneous_operator/short_circuit.py for tasks to queue
[2022-07-30 17:07:08,789] {logging_mixin.py:115} INFO - [2022-07-30 17:07:08,789] {dagbag.py:507} INFO - Filling up the DagBag from /opt/airflow/dags/miscellaneous_operator/short_circuit.py
[2022-07-30 17:07:08,802] {processor.py:651} INFO - DAG(s) dict_keys(['short_circuit']) retrieved from /opt/airflow/dags/miscellaneous_operator/short_circuit.py
[2022-07-30 17:07:08,834] {logging_mixin.py:115} INFO - [2022-07-30 17:07:08,834] {dag.py:2379} INFO - Sync 1 DAGs
[2022-07-30 17:07:08,867] {logging_mixin.py:115} INFO - [2022-07-30 17:07:08,867] {dag.py:2931} INFO - Setting next_dagrun for short_circuit to 2022-07-28T00:00:00+00:00, run_after=2022-07-29T00:00:00+00:00
[2022-07-30 17:07:08,881] {processor.py:161} INFO - Processing /opt/airflow/dags/miscellaneous_operator/short_circuit.py took 0.098 seconds
[2022-07-30 17:07:39,712] {processor.py:153} INFO - Started process (PID=3639) to work on /opt/airflow/dags/miscellaneous_operator/short_circuit.py
[2022-07-30 17:07:39,714] {processor.py:641} INFO - Processing file /opt/airflow/dags/miscellaneous_operator/short_circuit.py for tasks to queue
[2022-07-30 17:07:39,714] {logging_mixin.py:115} INFO - [2022-07-30 17:07:39,714] {dagbag.py:507} INFO - Filling up the DagBag from /opt/airflow/dags/miscellaneous_operator/short_circuit.py
[2022-07-30 17:07:39,782] {processor.py:651} INFO - DAG(s) dict_keys(['short_circuit']) retrieved from /opt/airflow/dags/miscellaneous_operator/short_circuit.py
[2022-07-30 17:07:39,845] {logging_mixin.py:115} INFO - [2022-07-30 17:07:39,845] {dag.py:2379} INFO - Sync 1 DAGs
[2022-07-30 17:07:39,904] {logging_mixin.py:115} INFO - [2022-07-30 17:07:39,904] {dag.py:2931} INFO - Setting next_dagrun for short_circuit to 2022-07-28T00:00:00+00:00, run_after=2022-07-29T00:00:00+00:00
[2022-07-30 17:07:39,926] {processor.py:161} INFO - Processing /opt/airflow/dags/miscellaneous_operator/short_circuit.py took 0.239 seconds
[2022-07-30 17:08:10,740] {processor.py:153} INFO - Started process (PID=3725) to work on /opt/airflow/dags/miscellaneous_operator/short_circuit.py
[2022-07-30 17:08:10,741] {processor.py:641} INFO - Processing file /opt/airflow/dags/miscellaneous_operator/short_circuit.py for tasks to queue
[2022-07-30 17:08:10,742] {logging_mixin.py:115} INFO - [2022-07-30 17:08:10,741] {dagbag.py:507} INFO - Filling up the DagBag from /opt/airflow/dags/miscellaneous_operator/short_circuit.py
[2022-07-30 17:08:10,759] {processor.py:651} INFO - DAG(s) dict_keys(['short_circuit']) retrieved from /opt/airflow/dags/miscellaneous_operator/short_circuit.py
[2022-07-30 17:08:10,794] {logging_mixin.py:115} INFO - [2022-07-30 17:08:10,793] {dag.py:2379} INFO - Sync 1 DAGs
[2022-07-30 17:08:10,845] {logging_mixin.py:115} INFO - [2022-07-30 17:08:10,844] {dag.py:2931} INFO - Setting next_dagrun for short_circuit to 2022-07-28T00:00:00+00:00, run_after=2022-07-29T00:00:00+00:00
[2022-07-30 17:08:10,865] {processor.py:161} INFO - Processing /opt/airflow/dags/miscellaneous_operator/short_circuit.py took 0.128 seconds
[2022-07-30 17:08:41,661] {processor.py:153} INFO - Started process (PID=3798) to work on /opt/airflow/dags/miscellaneous_operator/short_circuit.py
[2022-07-30 17:08:41,670] {processor.py:641} INFO - Processing file /opt/airflow/dags/miscellaneous_operator/short_circuit.py for tasks to queue
[2022-07-30 17:08:41,671] {logging_mixin.py:115} INFO - [2022-07-30 17:08:41,671] {dagbag.py:507} INFO - Filling up the DagBag from /opt/airflow/dags/miscellaneous_operator/short_circuit.py
[2022-07-30 17:08:41,700] {processor.py:651} INFO - DAG(s) dict_keys(['short_circuit']) retrieved from /opt/airflow/dags/miscellaneous_operator/short_circuit.py
[2022-07-30 17:08:41,780] {logging_mixin.py:115} INFO - [2022-07-30 17:08:41,780] {dag.py:2379} INFO - Sync 1 DAGs
[2022-07-30 17:08:41,837] {logging_mixin.py:115} INFO - [2022-07-30 17:08:41,837] {dag.py:2931} INFO - Setting next_dagrun for short_circuit to 2022-07-28T00:00:00+00:00, run_after=2022-07-29T00:00:00+00:00
[2022-07-30 17:08:41,867] {processor.py:161} INFO - Processing /opt/airflow/dags/miscellaneous_operator/short_circuit.py took 0.210 seconds
[2022-07-30 17:09:12,206] {processor.py:153} INFO - Started process (PID=3883) to work on /opt/airflow/dags/miscellaneous_operator/short_circuit.py
[2022-07-30 17:09:12,206] {processor.py:641} INFO - Processing file /opt/airflow/dags/miscellaneous_operator/short_circuit.py for tasks to queue
[2022-07-30 17:09:12,207] {logging_mixin.py:115} INFO - [2022-07-30 17:09:12,207] {dagbag.py:507} INFO - Filling up the DagBag from /opt/airflow/dags/miscellaneous_operator/short_circuit.py
[2022-07-30 17:09:12,221] {processor.py:651} INFO - DAG(s) dict_keys(['short_circuit']) retrieved from /opt/airflow/dags/miscellaneous_operator/short_circuit.py
[2022-07-30 17:09:12,258] {logging_mixin.py:115} INFO - [2022-07-30 17:09:12,257] {dag.py:2379} INFO - Sync 1 DAGs
[2022-07-30 17:09:12,492] {logging_mixin.py:115} INFO - [2022-07-30 17:09:12,492] {dag.py:2931} INFO - Setting next_dagrun for short_circuit to 2022-07-28T00:00:00+00:00, run_after=2022-07-29T00:00:00+00:00
[2022-07-30 17:09:12,508] {processor.py:161} INFO - Processing /opt/airflow/dags/miscellaneous_operator/short_circuit.py took 0.307 seconds
[2022-07-30 17:09:43,394] {processor.py:153} INFO - Started process (PID=3955) to work on /opt/airflow/dags/miscellaneous_operator/short_circuit.py
[2022-07-30 17:09:43,400] {processor.py:641} INFO - Processing file /opt/airflow/dags/miscellaneous_operator/short_circuit.py for tasks to queue
[2022-07-30 17:09:43,400] {logging_mixin.py:115} INFO - [2022-07-30 17:09:43,400] {dagbag.py:507} INFO - Filling up the DagBag from /opt/airflow/dags/miscellaneous_operator/short_circuit.py
[2022-07-30 17:09:43,420] {processor.py:651} INFO - DAG(s) dict_keys(['short_circuit']) retrieved from /opt/airflow/dags/miscellaneous_operator/short_circuit.py
[2022-07-30 17:09:43,486] {logging_mixin.py:115} INFO - [2022-07-30 17:09:43,486] {dag.py:2379} INFO - Sync 1 DAGs
[2022-07-30 17:09:43,734] {logging_mixin.py:115} INFO - [2022-07-30 17:09:43,734] {dag.py:2931} INFO - Setting next_dagrun for short_circuit to 2022-07-28T00:00:00+00:00, run_after=2022-07-29T00:00:00+00:00
[2022-07-30 17:09:43,744] {processor.py:161} INFO - Processing /opt/airflow/dags/miscellaneous_operator/short_circuit.py took 0.357 seconds
[2022-07-30 17:10:14,017] {processor.py:153} INFO - Started process (PID=4039) to work on /opt/airflow/dags/miscellaneous_operator/short_circuit.py
[2022-07-30 17:10:14,017] {processor.py:641} INFO - Processing file /opt/airflow/dags/miscellaneous_operator/short_circuit.py for tasks to queue
[2022-07-30 17:10:14,018] {logging_mixin.py:115} INFO - [2022-07-30 17:10:14,018] {dagbag.py:507} INFO - Filling up the DagBag from /opt/airflow/dags/miscellaneous_operator/short_circuit.py
[2022-07-30 17:10:14,032] {processor.py:651} INFO - DAG(s) dict_keys(['short_circuit']) retrieved from /opt/airflow/dags/miscellaneous_operator/short_circuit.py
[2022-07-30 17:10:14,068] {logging_mixin.py:115} INFO - [2022-07-30 17:10:14,068] {dag.py:2379} INFO - Sync 1 DAGs
[2022-07-30 17:10:14,323] {logging_mixin.py:115} INFO - [2022-07-30 17:10:14,323] {dag.py:2931} INFO - Setting next_dagrun for short_circuit to 2022-07-28T00:00:00+00:00, run_after=2022-07-29T00:00:00+00:00
[2022-07-30 17:10:14,334] {processor.py:161} INFO - Processing /opt/airflow/dags/miscellaneous_operator/short_circuit.py took 0.322 seconds
[2022-07-30 17:10:44,914] {processor.py:153} INFO - Started process (PID=4120) to work on /opt/airflow/dags/miscellaneous_operator/short_circuit.py
[2022-07-30 17:10:44,914] {processor.py:641} INFO - Processing file /opt/airflow/dags/miscellaneous_operator/short_circuit.py for tasks to queue
[2022-07-30 17:10:44,915] {logging_mixin.py:115} INFO - [2022-07-30 17:10:44,915] {dagbag.py:507} INFO - Filling up the DagBag from /opt/airflow/dags/miscellaneous_operator/short_circuit.py
[2022-07-30 17:10:44,983] {processor.py:651} INFO - DAG(s) dict_keys(['short_circuit']) retrieved from /opt/airflow/dags/miscellaneous_operator/short_circuit.py
[2022-07-30 17:10:45,141] {logging_mixin.py:115} INFO - [2022-07-30 17:10:45,141] {dag.py:2379} INFO - Sync 1 DAGs
[2022-07-30 17:10:45,798] {logging_mixin.py:115} INFO - [2022-07-30 17:10:45,798] {dag.py:2931} INFO - Setting next_dagrun for short_circuit to 2022-07-28T00:00:00+00:00, run_after=2022-07-29T00:00:00+00:00
[2022-07-30 17:10:45,849] {processor.py:161} INFO - Processing /opt/airflow/dags/miscellaneous_operator/short_circuit.py took 0.963 seconds
[2022-07-30 17:11:16,583] {processor.py:153} INFO - Started process (PID=4204) to work on /opt/airflow/dags/miscellaneous_operator/short_circuit.py
[2022-07-30 17:11:16,584] {processor.py:641} INFO - Processing file /opt/airflow/dags/miscellaneous_operator/short_circuit.py for tasks to queue
[2022-07-30 17:11:16,584] {logging_mixin.py:115} INFO - [2022-07-30 17:11:16,584] {dagbag.py:507} INFO - Filling up the DagBag from /opt/airflow/dags/miscellaneous_operator/short_circuit.py
[2022-07-30 17:11:16,601] {processor.py:651} INFO - DAG(s) dict_keys(['short_circuit']) retrieved from /opt/airflow/dags/miscellaneous_operator/short_circuit.py
[2022-07-30 17:11:16,637] {logging_mixin.py:115} INFO - [2022-07-30 17:11:16,637] {dag.py:2379} INFO - Sync 1 DAGs
[2022-07-30 17:11:16,842] {logging_mixin.py:115} INFO - [2022-07-30 17:11:16,841] {dag.py:2931} INFO - Setting next_dagrun for short_circuit to 2022-07-28T00:00:00+00:00, run_after=2022-07-29T00:00:00+00:00
[2022-07-30 17:11:16,858] {processor.py:161} INFO - Processing /opt/airflow/dags/miscellaneous_operator/short_circuit.py took 0.279 seconds
[2022-07-30 17:11:47,103] {processor.py:153} INFO - Started process (PID=4278) to work on /opt/airflow/dags/miscellaneous_operator/short_circuit.py
[2022-07-30 17:11:47,103] {processor.py:641} INFO - Processing file /opt/airflow/dags/miscellaneous_operator/short_circuit.py for tasks to queue
[2022-07-30 17:11:47,104] {logging_mixin.py:115} INFO - [2022-07-30 17:11:47,103] {dagbag.py:507} INFO - Filling up the DagBag from /opt/airflow/dags/miscellaneous_operator/short_circuit.py
[2022-07-30 17:11:47,118] {processor.py:651} INFO - DAG(s) dict_keys(['short_circuit']) retrieved from /opt/airflow/dags/miscellaneous_operator/short_circuit.py
[2022-07-30 17:11:47,149] {logging_mixin.py:115} INFO - [2022-07-30 17:11:47,149] {dag.py:2379} INFO - Sync 1 DAGs
[2022-07-30 17:11:47,358] {logging_mixin.py:115} INFO - [2022-07-30 17:11:47,358] {dag.py:2931} INFO - Setting next_dagrun for short_circuit to 2022-07-28T00:00:00+00:00, run_after=2022-07-29T00:00:00+00:00
[2022-07-30 17:11:47,371] {processor.py:161} INFO - Processing /opt/airflow/dags/miscellaneous_operator/short_circuit.py took 0.272 seconds
[2022-07-30 17:12:17,488] {processor.py:153} INFO - Started process (PID=4350) to work on /opt/airflow/dags/miscellaneous_operator/short_circuit.py
[2022-07-30 17:12:17,491] {processor.py:641} INFO - Processing file /opt/airflow/dags/miscellaneous_operator/short_circuit.py for tasks to queue
[2022-07-30 17:12:17,491] {logging_mixin.py:115} INFO - [2022-07-30 17:12:17,491] {dagbag.py:507} INFO - Filling up the DagBag from /opt/airflow/dags/miscellaneous_operator/short_circuit.py
[2022-07-30 17:12:17,569] {processor.py:651} INFO - DAG(s) dict_keys(['short_circuit']) retrieved from /opt/airflow/dags/miscellaneous_operator/short_circuit.py
[2022-07-30 17:12:17,792] {logging_mixin.py:115} INFO - [2022-07-30 17:12:17,792] {dag.py:2379} INFO - Sync 1 DAGs
[2022-07-30 17:12:19,078] {logging_mixin.py:115} INFO - [2022-07-30 17:12:19,078] {dag.py:2931} INFO - Setting next_dagrun for short_circuit to 2022-07-28T00:00:00+00:00, run_after=2022-07-29T00:00:00+00:00
[2022-07-30 17:12:19,132] {processor.py:161} INFO - Processing /opt/airflow/dags/miscellaneous_operator/short_circuit.py took 1.652 seconds
[2022-07-30 17:12:49,289] {processor.py:153} INFO - Started process (PID=4430) to work on /opt/airflow/dags/miscellaneous_operator/short_circuit.py
[2022-07-30 17:12:49,289] {processor.py:641} INFO - Processing file /opt/airflow/dags/miscellaneous_operator/short_circuit.py for tasks to queue
[2022-07-30 17:12:49,290] {logging_mixin.py:115} INFO - [2022-07-30 17:12:49,290] {dagbag.py:507} INFO - Filling up the DagBag from /opt/airflow/dags/miscellaneous_operator/short_circuit.py
[2022-07-30 17:12:49,314] {processor.py:651} INFO - DAG(s) dict_keys(['short_circuit']) retrieved from /opt/airflow/dags/miscellaneous_operator/short_circuit.py
[2022-07-30 17:12:49,412] {logging_mixin.py:115} INFO - [2022-07-30 17:12:49,412] {dag.py:2379} INFO - Sync 1 DAGs
[2022-07-30 17:12:49,967] {logging_mixin.py:115} INFO - [2022-07-30 17:12:49,967] {dag.py:2931} INFO - Setting next_dagrun for short_circuit to 2022-07-28T00:00:00+00:00, run_after=2022-07-29T00:00:00+00:00
[2022-07-30 17:12:49,996] {processor.py:161} INFO - Processing /opt/airflow/dags/miscellaneous_operator/short_circuit.py took 0.725 seconds
[2022-07-30 17:13:20,426] {processor.py:153} INFO - Started process (PID=4506) to work on /opt/airflow/dags/miscellaneous_operator/short_circuit.py
[2022-07-30 17:13:20,427] {processor.py:641} INFO - Processing file /opt/airflow/dags/miscellaneous_operator/short_circuit.py for tasks to queue
[2022-07-30 17:13:20,428] {logging_mixin.py:115} INFO - [2022-07-30 17:13:20,428] {dagbag.py:507} INFO - Filling up the DagBag from /opt/airflow/dags/miscellaneous_operator/short_circuit.py
[2022-07-30 17:13:20,441] {processor.py:651} INFO - DAG(s) dict_keys(['short_circuit']) retrieved from /opt/airflow/dags/miscellaneous_operator/short_circuit.py
[2022-07-30 17:13:20,487] {logging_mixin.py:115} INFO - [2022-07-30 17:13:20,487] {dag.py:2379} INFO - Sync 1 DAGs
[2022-07-30 17:13:20,740] {logging_mixin.py:115} INFO - [2022-07-30 17:13:20,740] {dag.py:2931} INFO - Setting next_dagrun for short_circuit to 2022-07-28T00:00:00+00:00, run_after=2022-07-29T00:00:00+00:00
[2022-07-30 17:13:20,754] {processor.py:161} INFO - Processing /opt/airflow/dags/miscellaneous_operator/short_circuit.py took 0.332 seconds
[2022-07-30 17:13:51,581] {processor.py:153} INFO - Started process (PID=4577) to work on /opt/airflow/dags/miscellaneous_operator/short_circuit.py
[2022-07-30 17:13:51,582] {processor.py:641} INFO - Processing file /opt/airflow/dags/miscellaneous_operator/short_circuit.py for tasks to queue
[2022-07-30 17:13:51,582] {logging_mixin.py:115} INFO - [2022-07-30 17:13:51,582] {dagbag.py:507} INFO - Filling up the DagBag from /opt/airflow/dags/miscellaneous_operator/short_circuit.py
[2022-07-30 17:13:51,639] {processor.py:651} INFO - DAG(s) dict_keys(['short_circuit']) retrieved from /opt/airflow/dags/miscellaneous_operator/short_circuit.py
[2022-07-30 17:13:51,764] {logging_mixin.py:115} INFO - [2022-07-30 17:13:51,764] {dag.py:2379} INFO - Sync 1 DAGs
[2022-07-30 17:13:52,479] {logging_mixin.py:115} INFO - [2022-07-30 17:13:52,479] {dag.py:2931} INFO - Setting next_dagrun for short_circuit to 2022-07-28T00:00:00+00:00, run_after=2022-07-29T00:00:00+00:00
[2022-07-30 17:13:52,508] {processor.py:161} INFO - Processing /opt/airflow/dags/miscellaneous_operator/short_circuit.py took 0.956 seconds
[2022-07-30 17:14:22,684] {processor.py:153} INFO - Started process (PID=4658) to work on /opt/airflow/dags/miscellaneous_operator/short_circuit.py
[2022-07-30 17:14:22,684] {processor.py:641} INFO - Processing file /opt/airflow/dags/miscellaneous_operator/short_circuit.py for tasks to queue
[2022-07-30 17:14:22,685] {logging_mixin.py:115} INFO - [2022-07-30 17:14:22,685] {dagbag.py:507} INFO - Filling up the DagBag from /opt/airflow/dags/miscellaneous_operator/short_circuit.py
[2022-07-30 17:14:22,706] {processor.py:651} INFO - DAG(s) dict_keys(['short_circuit']) retrieved from /opt/airflow/dags/miscellaneous_operator/short_circuit.py
[2022-07-30 17:14:22,769] {logging_mixin.py:115} INFO - [2022-07-30 17:14:22,768] {dag.py:2379} INFO - Sync 1 DAGs
[2022-07-30 17:14:22,826] {logging_mixin.py:115} INFO - [2022-07-30 17:14:22,826] {dag.py:2931} INFO - Setting next_dagrun for short_circuit to 2022-07-28T00:00:00+00:00, run_after=2022-07-29T00:00:00+00:00
[2022-07-30 17:14:22,864] {processor.py:161} INFO - Processing /opt/airflow/dags/miscellaneous_operator/short_circuit.py took 0.184 seconds
[2022-07-30 17:14:53,734] {processor.py:153} INFO - Started process (PID=4730) to work on /opt/airflow/dags/miscellaneous_operator/short_circuit.py
[2022-07-30 17:14:53,735] {processor.py:641} INFO - Processing file /opt/airflow/dags/miscellaneous_operator/short_circuit.py for tasks to queue
[2022-07-30 17:14:53,735] {logging_mixin.py:115} INFO - [2022-07-30 17:14:53,735] {dagbag.py:507} INFO - Filling up the DagBag from /opt/airflow/dags/miscellaneous_operator/short_circuit.py
[2022-07-30 17:14:53,747] {processor.py:651} INFO - DAG(s) dict_keys(['short_circuit']) retrieved from /opt/airflow/dags/miscellaneous_operator/short_circuit.py
[2022-07-30 17:14:53,780] {logging_mixin.py:115} INFO - [2022-07-30 17:14:53,780] {dag.py:2379} INFO - Sync 1 DAGs
[2022-07-30 17:14:53,819] {logging_mixin.py:115} INFO - [2022-07-30 17:14:53,818] {dag.py:2931} INFO - Setting next_dagrun for short_circuit to 2022-07-28T00:00:00+00:00, run_after=2022-07-29T00:00:00+00:00
[2022-07-30 17:14:53,833] {processor.py:161} INFO - Processing /opt/airflow/dags/miscellaneous_operator/short_circuit.py took 0.103 seconds
[2022-07-30 17:15:24,138] {processor.py:153} INFO - Started process (PID=4801) to work on /opt/airflow/dags/miscellaneous_operator/short_circuit.py
[2022-07-30 17:15:24,138] {processor.py:641} INFO - Processing file /opt/airflow/dags/miscellaneous_operator/short_circuit.py for tasks to queue
[2022-07-30 17:15:24,139] {logging_mixin.py:115} INFO - [2022-07-30 17:15:24,139] {dagbag.py:507} INFO - Filling up the DagBag from /opt/airflow/dags/miscellaneous_operator/short_circuit.py
[2022-07-30 17:15:24,151] {processor.py:651} INFO - DAG(s) dict_keys(['short_circuit']) retrieved from /opt/airflow/dags/miscellaneous_operator/short_circuit.py
[2022-07-30 17:15:24,175] {logging_mixin.py:115} INFO - [2022-07-30 17:15:24,175] {dag.py:2379} INFO - Sync 1 DAGs
[2022-07-30 17:15:24,200] {logging_mixin.py:115} INFO - [2022-07-30 17:15:24,199] {dag.py:2931} INFO - Setting next_dagrun for short_circuit to 2022-07-28T00:00:00+00:00, run_after=2022-07-29T00:00:00+00:00
[2022-07-30 17:15:24,211] {processor.py:161} INFO - Processing /opt/airflow/dags/miscellaneous_operator/short_circuit.py took 0.078 seconds
[2022-07-30 17:15:54,620] {processor.py:153} INFO - Started process (PID=4879) to work on /opt/airflow/dags/miscellaneous_operator/short_circuit.py
[2022-07-30 17:15:54,621] {processor.py:641} INFO - Processing file /opt/airflow/dags/miscellaneous_operator/short_circuit.py for tasks to queue
[2022-07-30 17:15:54,622] {logging_mixin.py:115} INFO - [2022-07-30 17:15:54,622] {dagbag.py:507} INFO - Filling up the DagBag from /opt/airflow/dags/miscellaneous_operator/short_circuit.py
[2022-07-30 17:15:54,631] {processor.py:651} INFO - DAG(s) dict_keys(['short_circuit']) retrieved from /opt/airflow/dags/miscellaneous_operator/short_circuit.py
[2022-07-30 17:15:54,661] {logging_mixin.py:115} INFO - [2022-07-30 17:15:54,661] {dag.py:2379} INFO - Sync 1 DAGs
[2022-07-30 17:15:54,694] {logging_mixin.py:115} INFO - [2022-07-30 17:15:54,694] {dag.py:2931} INFO - Setting next_dagrun for short_circuit to 2022-07-28T00:00:00+00:00, run_after=2022-07-29T00:00:00+00:00
[2022-07-30 17:15:54,714] {processor.py:161} INFO - Processing /opt/airflow/dags/miscellaneous_operator/short_circuit.py took 0.099 seconds
[2022-07-30 17:16:25,128] {processor.py:153} INFO - Started process (PID=4962) to work on /opt/airflow/dags/miscellaneous_operator/short_circuit.py
[2022-07-30 17:16:25,128] {processor.py:641} INFO - Processing file /opt/airflow/dags/miscellaneous_operator/short_circuit.py for tasks to queue
[2022-07-30 17:16:25,129] {logging_mixin.py:115} INFO - [2022-07-30 17:16:25,129] {dagbag.py:507} INFO - Filling up the DagBag from /opt/airflow/dags/miscellaneous_operator/short_circuit.py
[2022-07-30 17:16:25,138] {processor.py:651} INFO - DAG(s) dict_keys(['short_circuit']) retrieved from /opt/airflow/dags/miscellaneous_operator/short_circuit.py
[2022-07-30 17:16:25,161] {logging_mixin.py:115} INFO - [2022-07-30 17:16:25,161] {dag.py:2379} INFO - Sync 1 DAGs
[2022-07-30 17:16:25,183] {logging_mixin.py:115} INFO - [2022-07-30 17:16:25,183] {dag.py:2931} INFO - Setting next_dagrun for short_circuit to 2022-07-28T00:00:00+00:00, run_after=2022-07-29T00:00:00+00:00
[2022-07-30 17:16:25,195] {processor.py:161} INFO - Processing /opt/airflow/dags/miscellaneous_operator/short_circuit.py took 0.070 seconds
[2022-07-30 17:16:55,338] {processor.py:153} INFO - Started process (PID=5039) to work on /opt/airflow/dags/miscellaneous_operator/short_circuit.py
[2022-07-30 17:16:55,338] {processor.py:641} INFO - Processing file /opt/airflow/dags/miscellaneous_operator/short_circuit.py for tasks to queue
[2022-07-30 17:16:55,339] {logging_mixin.py:115} INFO - [2022-07-30 17:16:55,339] {dagbag.py:507} INFO - Filling up the DagBag from /opt/airflow/dags/miscellaneous_operator/short_circuit.py
[2022-07-30 17:16:55,348] {processor.py:651} INFO - DAG(s) dict_keys(['short_circuit']) retrieved from /opt/airflow/dags/miscellaneous_operator/short_circuit.py
[2022-07-30 17:16:55,370] {logging_mixin.py:115} INFO - [2022-07-30 17:16:55,370] {dag.py:2379} INFO - Sync 1 DAGs
[2022-07-30 17:16:55,392] {logging_mixin.py:115} INFO - [2022-07-30 17:16:55,392] {dag.py:2931} INFO - Setting next_dagrun for short_circuit to 2022-07-28T00:00:00+00:00, run_after=2022-07-29T00:00:00+00:00
[2022-07-30 17:16:55,403] {processor.py:161} INFO - Processing /opt/airflow/dags/miscellaneous_operator/short_circuit.py took 0.068 seconds
[2022-07-30 17:17:25,623] {processor.py:153} INFO - Started process (PID=5110) to work on /opt/airflow/dags/miscellaneous_operator/short_circuit.py
[2022-07-30 17:17:25,635] {processor.py:641} INFO - Processing file /opt/airflow/dags/miscellaneous_operator/short_circuit.py for tasks to queue
[2022-07-30 17:17:25,636] {logging_mixin.py:115} INFO - [2022-07-30 17:17:25,636] {dagbag.py:507} INFO - Filling up the DagBag from /opt/airflow/dags/miscellaneous_operator/short_circuit.py
[2022-07-30 17:17:25,671] {processor.py:651} INFO - DAG(s) dict_keys(['short_circuit']) retrieved from /opt/airflow/dags/miscellaneous_operator/short_circuit.py
[2022-07-30 17:17:25,746] {logging_mixin.py:115} INFO - [2022-07-30 17:17:25,746] {dag.py:2379} INFO - Sync 1 DAGs
[2022-07-30 17:17:25,818] {logging_mixin.py:115} INFO - [2022-07-30 17:17:25,818] {dag.py:2931} INFO - Setting next_dagrun for short_circuit to 2022-07-28T00:00:00+00:00, run_after=2022-07-29T00:00:00+00:00
[2022-07-30 17:17:25,841] {processor.py:161} INFO - Processing /opt/airflow/dags/miscellaneous_operator/short_circuit.py took 0.222 seconds
[2022-07-30 17:17:56,627] {processor.py:153} INFO - Started process (PID=5196) to work on /opt/airflow/dags/miscellaneous_operator/short_circuit.py
[2022-07-30 17:17:56,628] {processor.py:641} INFO - Processing file /opt/airflow/dags/miscellaneous_operator/short_circuit.py for tasks to queue
[2022-07-30 17:17:56,629] {logging_mixin.py:115} INFO - [2022-07-30 17:17:56,629] {dagbag.py:507} INFO - Filling up the DagBag from /opt/airflow/dags/miscellaneous_operator/short_circuit.py
[2022-07-30 17:17:56,641] {processor.py:651} INFO - DAG(s) dict_keys(['short_circuit']) retrieved from /opt/airflow/dags/miscellaneous_operator/short_circuit.py
[2022-07-30 17:17:56,691] {logging_mixin.py:115} INFO - [2022-07-30 17:17:56,691] {dag.py:2379} INFO - Sync 1 DAGs
[2022-07-30 17:17:56,725] {logging_mixin.py:115} INFO - [2022-07-30 17:17:56,725] {dag.py:2931} INFO - Setting next_dagrun for short_circuit to 2022-07-28T00:00:00+00:00, run_after=2022-07-29T00:00:00+00:00
[2022-07-30 17:17:56,744] {processor.py:161} INFO - Processing /opt/airflow/dags/miscellaneous_operator/short_circuit.py took 0.121 seconds
[2022-07-30 17:18:26,864] {processor.py:153} INFO - Started process (PID=5273) to work on /opt/airflow/dags/miscellaneous_operator/short_circuit.py
[2022-07-30 17:18:26,865] {processor.py:641} INFO - Processing file /opt/airflow/dags/miscellaneous_operator/short_circuit.py for tasks to queue
[2022-07-30 17:18:26,865] {logging_mixin.py:115} INFO - [2022-07-30 17:18:26,865] {dagbag.py:507} INFO - Filling up the DagBag from /opt/airflow/dags/miscellaneous_operator/short_circuit.py
[2022-07-30 17:18:26,879] {processor.py:651} INFO - DAG(s) dict_keys(['short_circuit']) retrieved from /opt/airflow/dags/miscellaneous_operator/short_circuit.py
[2022-07-30 17:18:26,914] {logging_mixin.py:115} INFO - [2022-07-30 17:18:26,914] {dag.py:2379} INFO - Sync 1 DAGs
[2022-07-30 17:18:26,955] {logging_mixin.py:115} INFO - [2022-07-30 17:18:26,955] {dag.py:2931} INFO - Setting next_dagrun for short_circuit to 2022-07-28T00:00:00+00:00, run_after=2022-07-29T00:00:00+00:00
[2022-07-30 17:18:26,972] {processor.py:161} INFO - Processing /opt/airflow/dags/miscellaneous_operator/short_circuit.py took 0.112 seconds
[2022-07-30 17:18:57,425] {processor.py:153} INFO - Started process (PID=5359) to work on /opt/airflow/dags/miscellaneous_operator/short_circuit.py
[2022-07-30 17:18:57,426] {processor.py:641} INFO - Processing file /opt/airflow/dags/miscellaneous_operator/short_circuit.py for tasks to queue
[2022-07-30 17:18:57,427] {logging_mixin.py:115} INFO - [2022-07-30 17:18:57,427] {dagbag.py:507} INFO - Filling up the DagBag from /opt/airflow/dags/miscellaneous_operator/short_circuit.py
[2022-07-30 17:18:57,439] {processor.py:651} INFO - DAG(s) dict_keys(['short_circuit']) retrieved from /opt/airflow/dags/miscellaneous_operator/short_circuit.py
[2022-07-30 17:18:57,470] {logging_mixin.py:115} INFO - [2022-07-30 17:18:57,470] {dag.py:2379} INFO - Sync 1 DAGs
[2022-07-30 17:18:57,503] {logging_mixin.py:115} INFO - [2022-07-30 17:18:57,503] {dag.py:2931} INFO - Setting next_dagrun for short_circuit to 2022-07-28T00:00:00+00:00, run_after=2022-07-29T00:00:00+00:00
[2022-07-30 17:18:57,516] {processor.py:161} INFO - Processing /opt/airflow/dags/miscellaneous_operator/short_circuit.py took 0.095 seconds
[2022-07-30 17:19:28,391] {processor.py:153} INFO - Started process (PID=5432) to work on /opt/airflow/dags/miscellaneous_operator/short_circuit.py
[2022-07-30 17:19:28,391] {processor.py:641} INFO - Processing file /opt/airflow/dags/miscellaneous_operator/short_circuit.py for tasks to queue
[2022-07-30 17:19:28,391] {logging_mixin.py:115} INFO - [2022-07-30 17:19:28,391] {dagbag.py:507} INFO - Filling up the DagBag from /opt/airflow/dags/miscellaneous_operator/short_circuit.py
[2022-07-30 17:19:28,401] {processor.py:651} INFO - DAG(s) dict_keys(['short_circuit']) retrieved from /opt/airflow/dags/miscellaneous_operator/short_circuit.py
[2022-07-30 17:19:28,427] {logging_mixin.py:115} INFO - [2022-07-30 17:19:28,427] {dag.py:2379} INFO - Sync 1 DAGs
[2022-07-30 17:19:28,452] {logging_mixin.py:115} INFO - [2022-07-30 17:19:28,452] {dag.py:2931} INFO - Setting next_dagrun for short_circuit to 2022-07-28T00:00:00+00:00, run_after=2022-07-29T00:00:00+00:00
[2022-07-30 17:19:28,463] {processor.py:161} INFO - Processing /opt/airflow/dags/miscellaneous_operator/short_circuit.py took 0.079 seconds
[2022-07-30 17:19:58,492] {processor.py:153} INFO - Started process (PID=5509) to work on /opt/airflow/dags/miscellaneous_operator/short_circuit.py
[2022-07-30 17:19:58,494] {processor.py:641} INFO - Processing file /opt/airflow/dags/miscellaneous_operator/short_circuit.py for tasks to queue
[2022-07-30 17:19:58,495] {logging_mixin.py:115} INFO - [2022-07-30 17:19:58,495] {dagbag.py:507} INFO - Filling up the DagBag from /opt/airflow/dags/miscellaneous_operator/short_circuit.py
[2022-07-30 17:19:58,517] {processor.py:651} INFO - DAG(s) dict_keys(['short_circuit']) retrieved from /opt/airflow/dags/miscellaneous_operator/short_circuit.py
[2022-07-30 17:19:58,586] {logging_mixin.py:115} INFO - [2022-07-30 17:19:58,586] {dag.py:2379} INFO - Sync 1 DAGs
[2022-07-30 17:19:58,655] {logging_mixin.py:115} INFO - [2022-07-30 17:19:58,655] {dag.py:2931} INFO - Setting next_dagrun for short_circuit to 2022-07-28T00:00:00+00:00, run_after=2022-07-29T00:00:00+00:00
[2022-07-30 17:19:58,680] {processor.py:161} INFO - Processing /opt/airflow/dags/miscellaneous_operator/short_circuit.py took 0.192 seconds
