[2022-07-05 04:57:57,583] {taskinstance.py:1159} INFO - Dependencies all met for <TaskInstance: parallel_dag.transform scheduled__2022-01-02T00:00:00+00:00 [queued]>
[2022-07-05 04:57:58,009] {taskinstance.py:1159} INFO - Dependencies all met for <TaskInstance: parallel_dag.transform scheduled__2022-01-02T00:00:00+00:00 [queued]>
[2022-07-05 04:57:58,009] {taskinstance.py:1356} INFO - 
--------------------------------------------------------------------------------
[2022-07-05 04:57:58,009] {taskinstance.py:1357} INFO - Starting attempt 1 of 1
[2022-07-05 04:57:58,009] {taskinstance.py:1358} INFO - 
--------------------------------------------------------------------------------
[2022-07-05 04:57:58,445] {taskinstance.py:1377} INFO - Executing <Task(BashOperator): transform> on 2022-01-02 00:00:00+00:00
[2022-07-05 04:57:58,559] {standard_task_runner.py:52} INFO - Started process 724 to run task
[2022-07-05 04:57:58,663] {standard_task_runner.py:79} INFO - Running: ['***', 'tasks', 'run', 'parallel_dag', 'transform', 'scheduled__2022-01-02T00:00:00+00:00', '--job-id', '91', '--raw', '--subdir', 'DAGS_FOLDER/parallel_dag.py', '--cfg-path', '/tmp/tmpn3wahuui', '--error-file', '/tmp/tmp43w_m4p_']
[2022-07-05 04:57:58,672] {standard_task_runner.py:80} INFO - Job 91: Subtask transform
[2022-07-05 04:58:00,272] {task_command.py:370} INFO - Running <TaskInstance: parallel_dag.transform scheduled__2022-01-02T00:00:00+00:00 [running]> on host dfb99dfc9d64
[2022-07-05 04:58:03,944] {taskinstance.py:1571} INFO - Exporting the following env vars:
AIRFLOW_CTX_DAG_OWNER=***
AIRFLOW_CTX_DAG_ID=parallel_dag
AIRFLOW_CTX_TASK_ID=transform
AIRFLOW_CTX_EXECUTION_DATE=2022-01-02T00:00:00+00:00
AIRFLOW_CTX_TRY_NUMBER=1
AIRFLOW_CTX_DAG_RUN_ID=scheduled__2022-01-02T00:00:00+00:00
[2022-07-05 04:58:03,977] {subprocess.py:62} INFO - Tmp dir root location: 
 /tmp
[2022-07-05 04:58:03,978] {subprocess.py:74} INFO - Running command: ['bash', '-c', 'sleep 1']
[2022-07-05 04:58:04,427] {subprocess.py:85} INFO - Output:
[2022-07-05 04:58:05,511] {subprocess.py:96} INFO - Command exited with return code 0
[2022-07-05 04:58:05,709] {taskinstance.py:1400} INFO - Marking task as SUCCESS. dag_id=parallel_dag, task_id=transform, execution_date=20220102T000000, start_date=20220705T045757, end_date=20220705T045805
[2022-07-05 04:58:05,821] {local_task_job.py:156} INFO - Task exited with return code 0
[2022-07-05 04:58:06,200] {local_task_job.py:273} INFO - 0 downstream tasks scheduled from follow-on schedule check
