[2022-07-05 09:46:28,137] {taskinstance.py:1159} INFO - Dependencies all met for <TaskInstance: sql_branch_dag.create_table manual__2022-07-05T09:46:27.134545+00:00 [queued]>
[2022-07-05 09:46:28,159] {taskinstance.py:1159} INFO - Dependencies all met for <TaskInstance: sql_branch_dag.create_table manual__2022-07-05T09:46:27.134545+00:00 [queued]>
[2022-07-05 09:46:28,160] {taskinstance.py:1356} INFO - 
--------------------------------------------------------------------------------
[2022-07-05 09:46:28,161] {taskinstance.py:1357} INFO - Starting attempt 1 of 1
[2022-07-05 09:46:28,162] {taskinstance.py:1358} INFO - 
--------------------------------------------------------------------------------
[2022-07-05 09:46:28,208] {taskinstance.py:1377} INFO - Executing <Task(PostgresOperator): create_table> on 2022-07-05 09:46:27.134545+00:00
[2022-07-05 09:46:28,218] {standard_task_runner.py:52} INFO - Started process 1136 to run task
[2022-07-05 09:46:28,241] {standard_task_runner.py:79} INFO - Running: ['***', 'tasks', 'run', 'sql_branch_dag', 'create_table', 'manual__2022-07-05T09:46:27.134545+00:00', '--job-id', '133', '--raw', '--subdir', 'DAGS_FOLDER/sql_branch_operator.py', '--cfg-path', '/tmp/tmp4yrprctb', '--error-file', '/tmp/tmpiofgw7ic']
[2022-07-05 09:46:28,246] {standard_task_runner.py:80} INFO - Job 133: Subtask create_table
[2022-07-05 09:46:28,387] {task_command.py:370} INFO - Running <TaskInstance: sql_branch_dag.create_table manual__2022-07-05T09:46:27.134545+00:00 [running]> on host dfb99dfc9d64
[2022-07-05 09:46:28,586] {taskinstance.py:1571} INFO - Exporting the following env vars:
AIRFLOW_CTX_DAG_OWNER=***
AIRFLOW_CTX_DAG_ID=sql_branch_dag
AIRFLOW_CTX_TASK_ID=create_table
AIRFLOW_CTX_EXECUTION_DATE=2022-07-05T09:46:27.134545+00:00
AIRFLOW_CTX_TRY_NUMBER=1
AIRFLOW_CTX_DAG_RUN_ID=manual__2022-07-05T09:46:27.134545+00:00
[2022-07-05 09:46:28,607] {base.py:68} INFO - Using connection ID 'postgres_con' for task execution.
[2022-07-05 09:46:28,616] {dbapi.py:213} INFO - Running statement: 
            CREATE TABLE IF NOT EXISTS customer (
                firstname TEXT NOT NULL,
                lastname TEXT NOT NULL,
                country TEXT NOT NULL
            );, parameters: None
[2022-07-05 09:46:28,693] {taskinstance.py:1400} INFO - Marking task as SUCCESS. dag_id=sql_branch_dag, task_id=create_table, execution_date=20220705T094627, start_date=20220705T094628, end_date=20220705T094628
[2022-07-05 09:46:28,771] {local_task_job.py:156} INFO - Task exited with return code 0
[2022-07-05 09:46:28,857] {local_task_job.py:273} INFO - 1 downstream tasks scheduled from follow-on schedule check
