[2022-07-05 04:50:36,139] {taskinstance.py:1159} INFO - Dependencies all met for <TaskInstance: parallel_dag.extract_b scheduled__2022-07-04T00:00:00+00:00 [queued]>
[2022-07-05 04:50:36,155] {taskinstance.py:1159} INFO - Dependencies all met for <TaskInstance: parallel_dag.extract_b scheduled__2022-07-04T00:00:00+00:00 [queued]>
[2022-07-05 04:50:36,156] {taskinstance.py:1356} INFO - 
--------------------------------------------------------------------------------
[2022-07-05 04:50:36,157] {taskinstance.py:1357} INFO - Starting attempt 1 of 1
[2022-07-05 04:50:36,159] {taskinstance.py:1358} INFO - 
--------------------------------------------------------------------------------
[2022-07-05 04:50:36,189] {taskinstance.py:1377} INFO - Executing <Task(BashOperator): extract_b> on 2022-07-04 00:00:00+00:00
[2022-07-05 04:50:36,197] {standard_task_runner.py:52} INFO - Started process 142 to run task
[2022-07-05 04:50:36,210] {standard_task_runner.py:79} INFO - Running: ['***', 'tasks', 'run', 'parallel_dag', 'extract_b', 'scheduled__2022-07-04T00:00:00+00:00', '--job-id', '3', '--raw', '--subdir', 'DAGS_FOLDER/parallel_dag.py', '--cfg-path', '/tmp/tmph7yelewr', '--error-file', '/tmp/tmpggull3up']
[2022-07-05 04:50:36,213] {standard_task_runner.py:80} INFO - Job 3: Subtask extract_b
[2022-07-05 04:50:36,330] {task_command.py:370} INFO - Running <TaskInstance: parallel_dag.extract_b scheduled__2022-07-04T00:00:00+00:00 [running]> on host dfb99dfc9d64
[2022-07-05 04:50:36,546] {taskinstance.py:1571} INFO - Exporting the following env vars:
AIRFLOW_CTX_DAG_OWNER=***
AIRFLOW_CTX_DAG_ID=parallel_dag
AIRFLOW_CTX_TASK_ID=extract_b
AIRFLOW_CTX_EXECUTION_DATE=2022-07-04T00:00:00+00:00
AIRFLOW_CTX_TRY_NUMBER=1
AIRFLOW_CTX_DAG_RUN_ID=scheduled__2022-07-04T00:00:00+00:00
[2022-07-05 04:50:36,548] {subprocess.py:62} INFO - Tmp dir root location: 
 /tmp
[2022-07-05 04:50:36,551] {subprocess.py:74} INFO - Running command: ['bash', '-c', 'sleep 1']
[2022-07-05 04:50:36,575] {subprocess.py:85} INFO - Output:
[2022-07-05 04:50:37,588] {subprocess.py:96} INFO - Command exited with return code 0
[2022-07-05 04:50:37,643] {taskinstance.py:1400} INFO - Marking task as SUCCESS. dag_id=parallel_dag, task_id=extract_b, execution_date=20220704T000000, start_date=20220705T045036, end_date=20220705T045037
[2022-07-05 04:50:37,709] {local_task_job.py:156} INFO - Task exited with return code 0
[2022-07-05 04:50:37,811] {local_task_job.py:273} INFO - 1 downstream tasks scheduled from follow-on schedule check
[2022-07-05 04:51:30,191] {taskinstance.py:1159} INFO - Dependencies all met for <TaskInstance: parallel_dag.extract_b scheduled__2022-07-04T00:00:00+00:00 [queued]>
[2022-07-05 04:51:30,210] {taskinstance.py:1159} INFO - Dependencies all met for <TaskInstance: parallel_dag.extract_b scheduled__2022-07-04T00:00:00+00:00 [queued]>
[2022-07-05 04:51:30,210] {taskinstance.py:1356} INFO - 
--------------------------------------------------------------------------------
[2022-07-05 04:51:30,210] {taskinstance.py:1357} INFO - Starting attempt 1 of 1
[2022-07-05 04:51:30,210] {taskinstance.py:1358} INFO - 
--------------------------------------------------------------------------------
[2022-07-05 04:51:30,236] {taskinstance.py:1377} INFO - Executing <Task(BashOperator): extract_b> on 2022-07-04 00:00:00+00:00
[2022-07-05 04:51:30,242] {standard_task_runner.py:52} INFO - Started process 215 to run task
[2022-07-05 04:51:30,250] {standard_task_runner.py:79} INFO - Running: ['***', 'tasks', 'run', 'parallel_dag', 'extract_b', 'scheduled__2022-07-04T00:00:00+00:00', '--job-id', '14', '--raw', '--subdir', 'DAGS_FOLDER/parallel_dag.py', '--cfg-path', '/tmp/tmpa92805o8', '--error-file', '/tmp/tmplqln7cqr']
[2022-07-05 04:51:30,250] {standard_task_runner.py:80} INFO - Job 14: Subtask extract_b
[2022-07-05 04:51:30,331] {task_command.py:370} INFO - Running <TaskInstance: parallel_dag.extract_b scheduled__2022-07-04T00:00:00+00:00 [running]> on host dfb99dfc9d64
[2022-07-05 04:51:30,445] {taskinstance.py:1571} INFO - Exporting the following env vars:
AIRFLOW_CTX_DAG_OWNER=***
AIRFLOW_CTX_DAG_ID=parallel_dag
AIRFLOW_CTX_TASK_ID=extract_b
AIRFLOW_CTX_EXECUTION_DATE=2022-07-04T00:00:00+00:00
AIRFLOW_CTX_TRY_NUMBER=1
AIRFLOW_CTX_DAG_RUN_ID=scheduled__2022-07-04T00:00:00+00:00
[2022-07-05 04:51:30,447] {subprocess.py:62} INFO - Tmp dir root location: 
 /tmp
[2022-07-05 04:51:30,447] {subprocess.py:74} INFO - Running command: ['bash', '-c', 'sleep 1']
[2022-07-05 04:51:30,457] {subprocess.py:85} INFO - Output:
[2022-07-05 04:51:31,461] {subprocess.py:96} INFO - Command exited with return code 0
[2022-07-05 04:51:31,515] {taskinstance.py:1400} INFO - Marking task as SUCCESS. dag_id=parallel_dag, task_id=extract_b, execution_date=20220704T000000, start_date=20220705T045130, end_date=20220705T045131
[2022-07-05 04:51:31,545] {local_task_job.py:156} INFO - Task exited with return code 0
[2022-07-05 04:51:31,620] {local_task_job.py:273} INFO - 1 downstream tasks scheduled from follow-on schedule check
[2022-07-05 04:57:58,242] {taskinstance.py:1159} INFO - Dependencies all met for <TaskInstance: parallel_dag.extract_b scheduled__2022-07-04T00:00:00+00:00 [queued]>
[2022-07-05 04:57:58,479] {taskinstance.py:1159} INFO - Dependencies all met for <TaskInstance: parallel_dag.extract_b scheduled__2022-07-04T00:00:00+00:00 [queued]>
[2022-07-05 04:57:58,491] {taskinstance.py:1356} INFO - 
--------------------------------------------------------------------------------
[2022-07-05 04:57:58,493] {taskinstance.py:1357} INFO - Starting attempt 1 of 1
[2022-07-05 04:57:58,498] {taskinstance.py:1358} INFO - 
--------------------------------------------------------------------------------
[2022-07-05 04:57:59,241] {taskinstance.py:1377} INFO - Executing <Task(BashOperator): extract_b> on 2022-07-04 00:00:00+00:00
[2022-07-05 04:57:59,445] {standard_task_runner.py:52} INFO - Started process 730 to run task
[2022-07-05 04:57:59,528] {standard_task_runner.py:79} INFO - Running: ['***', 'tasks', 'run', 'parallel_dag', 'extract_b', 'scheduled__2022-07-04T00:00:00+00:00', '--job-id', '86', '--raw', '--subdir', 'DAGS_FOLDER/parallel_dag.py', '--cfg-path', '/tmp/tmpdz612mdf', '--error-file', '/tmp/tmpr2h4xsdx']
[2022-07-05 04:57:59,600] {standard_task_runner.py:80} INFO - Job 86: Subtask extract_b
[2022-07-05 04:58:02,084] {task_command.py:370} INFO - Running <TaskInstance: parallel_dag.extract_b scheduled__2022-07-04T00:00:00+00:00 [running]> on host dfb99dfc9d64
[2022-07-05 04:58:04,733] {taskinstance.py:1571} INFO - Exporting the following env vars:
AIRFLOW_CTX_DAG_OWNER=***
AIRFLOW_CTX_DAG_ID=parallel_dag
AIRFLOW_CTX_TASK_ID=extract_b
AIRFLOW_CTX_EXECUTION_DATE=2022-07-04T00:00:00+00:00
AIRFLOW_CTX_TRY_NUMBER=1
AIRFLOW_CTX_DAG_RUN_ID=scheduled__2022-07-04T00:00:00+00:00
[2022-07-05 04:58:04,744] {subprocess.py:62} INFO - Tmp dir root location: 
 /tmp
[2022-07-05 04:58:04,744] {subprocess.py:74} INFO - Running command: ['bash', '-c', 'sleep 1']
[2022-07-05 04:58:04,909] {subprocess.py:85} INFO - Output:
[2022-07-05 04:58:06,038] {subprocess.py:96} INFO - Command exited with return code 0
[2022-07-05 04:58:06,453] {taskinstance.py:1400} INFO - Marking task as SUCCESS. dag_id=parallel_dag, task_id=extract_b, execution_date=20220704T000000, start_date=20220705T045758, end_date=20220705T045806
[2022-07-05 04:58:06,715] {local_task_job.py:156} INFO - Task exited with return code 0
[2022-07-05 04:58:07,505] {local_task_job.py:273} INFO - 1 downstream tasks scheduled from follow-on schedule check
