[2022-07-05 04:56:03,516] {taskinstance.py:1159} INFO - Dependencies all met for <TaskInstance: parallel_dag.extract_b scheduled__2022-01-11T00:00:00+00:00 [queued]>
[2022-07-05 04:56:03,832] {taskinstance.py:1159} INFO - Dependencies all met for <TaskInstance: parallel_dag.extract_b scheduled__2022-01-11T00:00:00+00:00 [queued]>
[2022-07-05 04:56:03,847] {taskinstance.py:1356} INFO - 
--------------------------------------------------------------------------------
[2022-07-05 04:56:03,854] {taskinstance.py:1357} INFO - Starting attempt 1 of 1
[2022-07-05 04:56:03,862] {taskinstance.py:1358} INFO - 
--------------------------------------------------------------------------------
[2022-07-05 04:56:04,298] {taskinstance.py:1377} INFO - Executing <Task(BashOperator): extract_b> on 2022-01-11 00:00:00+00:00
[2022-07-05 04:56:04,370] {standard_task_runner.py:52} INFO - Started process 504 to run task
[2022-07-05 04:56:04,465] {standard_task_runner.py:79} INFO - Running: ['***', 'tasks', 'run', 'parallel_dag', 'extract_b', 'scheduled__2022-01-11T00:00:00+00:00', '--job-id', '40', '--raw', '--subdir', 'DAGS_FOLDER/parallel_dag.py', '--cfg-path', '/tmp/tmprtw05tr0', '--error-file', '/tmp/tmpb5u29dbm']
[2022-07-05 04:56:04,484] {standard_task_runner.py:80} INFO - Job 40: Subtask extract_b
[2022-07-05 04:56:05,582] {task_command.py:370} INFO - Running <TaskInstance: parallel_dag.extract_b scheduled__2022-01-11T00:00:00+00:00 [running]> on host dfb99dfc9d64
[2022-07-05 04:56:06,997] {taskinstance.py:1571} INFO - Exporting the following env vars:
AIRFLOW_CTX_DAG_OWNER=***
AIRFLOW_CTX_DAG_ID=parallel_dag
AIRFLOW_CTX_TASK_ID=extract_b
AIRFLOW_CTX_EXECUTION_DATE=2022-01-11T00:00:00+00:00
AIRFLOW_CTX_TRY_NUMBER=1
AIRFLOW_CTX_DAG_RUN_ID=scheduled__2022-01-11T00:00:00+00:00
[2022-07-05 04:56:07,006] {subprocess.py:62} INFO - Tmp dir root location: 
 /tmp
[2022-07-05 04:56:07,013] {subprocess.py:74} INFO - Running command: ['bash', '-c', 'sleep 1']
[2022-07-05 04:56:07,146] {subprocess.py:85} INFO - Output:
[2022-07-05 04:56:08,209] {subprocess.py:96} INFO - Command exited with return code 0
[2022-07-05 04:56:08,694] {taskinstance.py:1400} INFO - Marking task as SUCCESS. dag_id=parallel_dag, task_id=extract_b, execution_date=20220111T000000, start_date=20220705T045603, end_date=20220705T045608
[2022-07-05 04:56:08,952] {local_task_job.py:156} INFO - Task exited with return code 0
[2022-07-05 04:56:09,912] {local_task_job.py:273} INFO - 1 downstream tasks scheduled from follow-on schedule check
