[2022-07-05 06:14:08,963] {taskinstance.py:1159} INFO - Dependencies all met for <TaskInstance: xcom_dag_basic.push_task scheduled__2022-07-04T00:00:00+00:00 [queued]>
[2022-07-05 06:14:08,978] {taskinstance.py:1159} INFO - Dependencies all met for <TaskInstance: xcom_dag_basic.push_task scheduled__2022-07-04T00:00:00+00:00 [queued]>
[2022-07-05 06:14:08,978] {taskinstance.py:1356} INFO - 
--------------------------------------------------------------------------------
[2022-07-05 06:14:08,978] {taskinstance.py:1357} INFO - Starting attempt 1 of 1
[2022-07-05 06:14:08,978] {taskinstance.py:1358} INFO - 
--------------------------------------------------------------------------------
[2022-07-05 06:14:09,005] {taskinstance.py:1377} INFO - Executing <Task(PythonOperator): push_task> on 2022-07-04 00:00:00+00:00
[2022-07-05 06:14:09,011] {standard_task_runner.py:52} INFO - Started process 4317 to run task
[2022-07-05 06:14:09,017] {standard_task_runner.py:79} INFO - Running: ['***', 'tasks', 'run', 'xcom_dag_basic', 'push_task', 'scheduled__2022-07-04T00:00:00+00:00', '--job-id', '118', '--raw', '--subdir', 'DAGS_FOLDER/xcom_dag_basic.py', '--cfg-path', '/tmp/tmpujla7r10', '--error-file', '/tmp/tmp7aa7xe10']
[2022-07-05 06:14:09,017] {standard_task_runner.py:80} INFO - Job 118: Subtask push_task
[2022-07-05 06:14:09,099] {task_command.py:370} INFO - Running <TaskInstance: xcom_dag_basic.push_task scheduled__2022-07-04T00:00:00+00:00 [running]> on host dfb99dfc9d64
[2022-07-05 06:14:09,225] {taskinstance.py:1571} INFO - Exporting the following env vars:
AIRFLOW_CTX_DAG_OWNER=***
AIRFLOW_CTX_DAG_ID=xcom_dag_basic
AIRFLOW_CTX_TASK_ID=push_task
AIRFLOW_CTX_EXECUTION_DATE=2022-07-04T00:00:00+00:00
AIRFLOW_CTX_TRY_NUMBER=1
AIRFLOW_CTX_DAG_RUN_ID=scheduled__2022-07-04T00:00:00+00:00
[2022-07-05 06:14:09,227] {logging_mixin.py:115} INFO - message to push: 'the_message'
[2022-07-05 06:14:09,242] {python.py:173} INFO - Done. Returned value was: None
[2022-07-05 06:14:09,259] {taskinstance.py:1400} INFO - Marking task as SUCCESS. dag_id=xcom_dag_basic, task_id=push_task, execution_date=20220704T000000, start_date=20220705T061408, end_date=20220705T061409
[2022-07-05 06:14:09,307] {local_task_job.py:156} INFO - Task exited with return code 0
[2022-07-05 06:14:09,349] {local_task_job.py:273} INFO - 1 downstream tasks scheduled from follow-on schedule check
