[2022-07-05 04:56:32,083] {taskinstance.py:1159} INFO - Dependencies all met for <TaskInstance: parallel_dag.load_b scheduled__2022-01-15T00:00:00+00:00 [queued]>
[2022-07-05 04:56:32,452] {taskinstance.py:1159} INFO - Dependencies all met for <TaskInstance: parallel_dag.load_b scheduled__2022-01-15T00:00:00+00:00 [queued]>
[2022-07-05 04:56:32,452] {taskinstance.py:1356} INFO - 
--------------------------------------------------------------------------------
[2022-07-05 04:56:32,453] {taskinstance.py:1357} INFO - Starting attempt 1 of 1
[2022-07-05 04:56:32,453] {taskinstance.py:1358} INFO - 
--------------------------------------------------------------------------------
[2022-07-05 04:56:33,302] {taskinstance.py:1377} INFO - Executing <Task(BashOperator): load_b> on 2022-01-15 00:00:00+00:00
[2022-07-05 04:56:33,577] {standard_task_runner.py:52} INFO - Started process 621 to run task
[2022-07-05 04:56:33,677] {standard_task_runner.py:79} INFO - Running: ['***', 'tasks', 'run', 'parallel_dag', 'load_b', 'scheduled__2022-01-15T00:00:00+00:00', '--job-id', '79', '--raw', '--subdir', 'DAGS_FOLDER/parallel_dag.py', '--cfg-path', '/tmp/tmplqdpn8d2', '--error-file', '/tmp/tmpke1oqlfx']
[2022-07-05 04:56:33,677] {standard_task_runner.py:80} INFO - Job 79: Subtask load_b
[2022-07-05 04:56:35,193] {task_command.py:370} INFO - Running <TaskInstance: parallel_dag.load_b scheduled__2022-01-15T00:00:00+00:00 [running]> on host dfb99dfc9d64
[2022-07-05 04:56:37,227] {taskinstance.py:1571} INFO - Exporting the following env vars:
AIRFLOW_CTX_DAG_OWNER=***
AIRFLOW_CTX_DAG_ID=parallel_dag
AIRFLOW_CTX_TASK_ID=load_b
AIRFLOW_CTX_EXECUTION_DATE=2022-01-15T00:00:00+00:00
AIRFLOW_CTX_TRY_NUMBER=1
AIRFLOW_CTX_DAG_RUN_ID=scheduled__2022-01-15T00:00:00+00:00
[2022-07-05 04:56:37,233] {subprocess.py:62} INFO - Tmp dir root location: 
 /tmp
[2022-07-05 04:56:37,234] {subprocess.py:74} INFO - Running command: ['bash', '-c', 'sleep 1']
[2022-07-05 04:56:37,407] {subprocess.py:85} INFO - Output:
[2022-07-05 04:56:38,452] {subprocess.py:96} INFO - Command exited with return code 0
[2022-07-05 04:56:38,588] {taskinstance.py:1400} INFO - Marking task as SUCCESS. dag_id=parallel_dag, task_id=load_b, execution_date=20220115T000000, start_date=20220705T045632, end_date=20220705T045638
[2022-07-05 04:56:38,825] {local_task_job.py:156} INFO - Task exited with return code 0
[2022-07-05 04:56:39,052] {local_task_job.py:273} INFO - 1 downstream tasks scheduled from follow-on schedule check
