[2022-07-05 04:56:17,483] {taskinstance.py:1159} INFO - Dependencies all met for <TaskInstance: parallel_dag.load_b scheduled__2022-01-08T00:00:00+00:00 [queued]>
[2022-07-05 04:56:18,222] {taskinstance.py:1159} INFO - Dependencies all met for <TaskInstance: parallel_dag.load_b scheduled__2022-01-08T00:00:00+00:00 [queued]>
[2022-07-05 04:56:18,243] {taskinstance.py:1356} INFO - 
--------------------------------------------------------------------------------
[2022-07-05 04:56:18,260] {taskinstance.py:1357} INFO - Starting attempt 1 of 1
[2022-07-05 04:56:18,291] {taskinstance.py:1358} INFO - 
--------------------------------------------------------------------------------
[2022-07-05 04:56:19,053] {taskinstance.py:1377} INFO - Executing <Task(BashOperator): load_b> on 2022-01-08 00:00:00+00:00
[2022-07-05 04:56:19,205] {standard_task_runner.py:52} INFO - Started process 569 to run task
[2022-07-05 04:56:19,234] {standard_task_runner.py:79} INFO - Running: ['***', 'tasks', 'run', 'parallel_dag', 'load_b', 'scheduled__2022-01-08T00:00:00+00:00', '--job-id', '63', '--raw', '--subdir', 'DAGS_FOLDER/parallel_dag.py', '--cfg-path', '/tmp/tmp30li4skq', '--error-file', '/tmp/tmpkj7y0hm2']
[2022-07-05 04:56:19,235] {standard_task_runner.py:80} INFO - Job 63: Subtask load_b
[2022-07-05 04:56:20,896] {task_command.py:370} INFO - Running <TaskInstance: parallel_dag.load_b scheduled__2022-01-08T00:00:00+00:00 [running]> on host dfb99dfc9d64
[2022-07-05 04:56:23,365] {taskinstance.py:1571} INFO - Exporting the following env vars:
AIRFLOW_CTX_DAG_OWNER=***
AIRFLOW_CTX_DAG_ID=parallel_dag
AIRFLOW_CTX_TASK_ID=load_b
AIRFLOW_CTX_EXECUTION_DATE=2022-01-08T00:00:00+00:00
AIRFLOW_CTX_TRY_NUMBER=1
AIRFLOW_CTX_DAG_RUN_ID=scheduled__2022-01-08T00:00:00+00:00
[2022-07-05 04:56:23,406] {subprocess.py:62} INFO - Tmp dir root location: 
 /tmp
[2022-07-05 04:56:23,430] {subprocess.py:74} INFO - Running command: ['bash', '-c', 'sleep 1']
[2022-07-05 04:56:23,943] {subprocess.py:85} INFO - Output:
[2022-07-05 04:56:25,080] {subprocess.py:96} INFO - Command exited with return code 0
[2022-07-05 04:56:25,739] {taskinstance.py:1400} INFO - Marking task as SUCCESS. dag_id=parallel_dag, task_id=load_b, execution_date=20220108T000000, start_date=20220705T045617, end_date=20220705T045625
[2022-07-05 04:56:25,984] {local_task_job.py:156} INFO - Task exited with return code 0
[2022-07-05 04:56:26,491] {local_task_job.py:273} INFO - 0 downstream tasks scheduled from follow-on schedule check
