[2022-07-05 04:55:55,630] {taskinstance.py:1159} INFO - Dependencies all met for <TaskInstance: parallel_dag.extract_a scheduled__2022-01-09T00:00:00+00:00 [queued]>
[2022-07-05 04:55:55,777] {taskinstance.py:1159} INFO - Dependencies all met for <TaskInstance: parallel_dag.extract_a scheduled__2022-01-09T00:00:00+00:00 [queued]>
[2022-07-05 04:55:55,787] {taskinstance.py:1356} INFO - 
--------------------------------------------------------------------------------
[2022-07-05 04:55:55,791] {taskinstance.py:1357} INFO - Starting attempt 1 of 1
[2022-07-05 04:55:55,803] {taskinstance.py:1358} INFO - 
--------------------------------------------------------------------------------
[2022-07-05 04:55:56,110] {taskinstance.py:1377} INFO - Executing <Task(BashOperator): extract_a> on 2022-01-09 00:00:00+00:00
[2022-07-05 04:55:56,251] {standard_task_runner.py:52} INFO - Started process 483 to run task
[2022-07-05 04:55:56,325] {standard_task_runner.py:79} INFO - Running: ['***', 'tasks', 'run', 'parallel_dag', 'extract_a', 'scheduled__2022-01-09T00:00:00+00:00', '--job-id', '34', '--raw', '--subdir', 'DAGS_FOLDER/parallel_dag.py', '--cfg-path', '/tmp/tmp35yr8zsk', '--error-file', '/tmp/tmp8ywwhbdx']
[2022-07-05 04:55:56,325] {standard_task_runner.py:80} INFO - Job 34: Subtask extract_a
[2022-07-05 04:55:57,326] {task_command.py:370} INFO - Running <TaskInstance: parallel_dag.extract_a scheduled__2022-01-09T00:00:00+00:00 [running]> on host dfb99dfc9d64
[2022-07-05 04:56:00,747] {taskinstance.py:1571} INFO - Exporting the following env vars:
AIRFLOW_CTX_DAG_OWNER=***
AIRFLOW_CTX_DAG_ID=parallel_dag
AIRFLOW_CTX_TASK_ID=extract_a
AIRFLOW_CTX_EXECUTION_DATE=2022-01-09T00:00:00+00:00
AIRFLOW_CTX_TRY_NUMBER=1
AIRFLOW_CTX_DAG_RUN_ID=scheduled__2022-01-09T00:00:00+00:00
[2022-07-05 04:56:00,748] {subprocess.py:62} INFO - Tmp dir root location: 
 /tmp
[2022-07-05 04:56:00,853] {subprocess.py:74} INFO - Running command: ['bash', '-c', 'sleep 1']
[2022-07-05 04:56:01,406] {subprocess.py:85} INFO - Output:
[2022-07-05 04:56:02,619] {subprocess.py:96} INFO - Command exited with return code 0
[2022-07-05 04:56:03,402] {taskinstance.py:1400} INFO - Marking task as SUCCESS. dag_id=parallel_dag, task_id=extract_a, execution_date=20220109T000000, start_date=20220705T045555, end_date=20220705T045603
[2022-07-05 04:56:03,829] {local_task_job.py:156} INFO - Task exited with return code 0
[2022-07-05 04:56:04,577] {local_task_job.py:273} INFO - 1 downstream tasks scheduled from follow-on schedule check
