[2022-07-05 04:55:53,078] {taskinstance.py:1159} INFO - Dependencies all met for <TaskInstance: parallel_dag.extract_a scheduled__2022-01-08T00:00:00+00:00 [queued]>
[2022-07-05 04:55:53,249] {taskinstance.py:1159} INFO - Dependencies all met for <TaskInstance: parallel_dag.extract_a scheduled__2022-01-08T00:00:00+00:00 [queued]>
[2022-07-05 04:55:53,253] {taskinstance.py:1356} INFO - 
--------------------------------------------------------------------------------
[2022-07-05 04:55:53,257] {taskinstance.py:1357} INFO - Starting attempt 1 of 1
[2022-07-05 04:55:53,260] {taskinstance.py:1358} INFO - 
--------------------------------------------------------------------------------
[2022-07-05 04:55:53,524] {taskinstance.py:1377} INFO - Executing <Task(BashOperator): extract_a> on 2022-01-08 00:00:00+00:00
[2022-07-05 04:55:53,571] {standard_task_runner.py:52} INFO - Started process 459 to run task
[2022-07-05 04:55:53,656] {standard_task_runner.py:79} INFO - Running: ['***', 'tasks', 'run', 'parallel_dag', 'extract_a', 'scheduled__2022-01-08T00:00:00+00:00', '--job-id', '33', '--raw', '--subdir', 'DAGS_FOLDER/parallel_dag.py', '--cfg-path', '/tmp/tmpiff6979b', '--error-file', '/tmp/tmps98731so']
[2022-07-05 04:55:53,659] {standard_task_runner.py:80} INFO - Job 33: Subtask extract_a
[2022-07-05 04:55:54,027] {task_command.py:370} INFO - Running <TaskInstance: parallel_dag.extract_a scheduled__2022-01-08T00:00:00+00:00 [running]> on host dfb99dfc9d64
[2022-07-05 04:55:55,440] {taskinstance.py:1571} INFO - Exporting the following env vars:
AIRFLOW_CTX_DAG_OWNER=***
AIRFLOW_CTX_DAG_ID=parallel_dag
AIRFLOW_CTX_TASK_ID=extract_a
AIRFLOW_CTX_EXECUTION_DATE=2022-01-08T00:00:00+00:00
AIRFLOW_CTX_TRY_NUMBER=1
AIRFLOW_CTX_DAG_RUN_ID=scheduled__2022-01-08T00:00:00+00:00
[2022-07-05 04:55:55,442] {subprocess.py:62} INFO - Tmp dir root location: 
 /tmp
[2022-07-05 04:55:55,459] {subprocess.py:74} INFO - Running command: ['bash', '-c', 'sleep 1']
[2022-07-05 04:55:55,553] {subprocess.py:85} INFO - Output:
[2022-07-05 04:55:56,622] {subprocess.py:96} INFO - Command exited with return code 0
[2022-07-05 04:55:57,104] {taskinstance.py:1400} INFO - Marking task as SUCCESS. dag_id=parallel_dag, task_id=extract_a, execution_date=20220108T000000, start_date=20220705T045553, end_date=20220705T045557
[2022-07-05 04:55:57,612] {local_task_job.py:156} INFO - Task exited with return code 0
[2022-07-05 04:55:58,917] {local_task_job.py:273} INFO - 0 downstream tasks scheduled from follow-on schedule check
