[2022-07-31 04:35:45,254] {processor.py:153} INFO - Started process (PID=78) to work on /opt/airflow/dags/task_group/task_group.py
[2022-07-31 04:35:45,261] {processor.py:641} INFO - Processing file /opt/airflow/dags/task_group/task_group.py for tasks to queue
[2022-07-31 04:35:45,262] {logging_mixin.py:115} INFO - [2022-07-31 04:35:45,262] {dagbag.py:507} INFO - Filling up the DagBag from /opt/airflow/dags/task_group/task_group.py
[2022-07-31 04:35:45,330] {processor.py:651} INFO - DAG(s) dict_keys(['task_group']) retrieved from /opt/airflow/dags/task_group/task_group.py
[2022-07-31 04:35:45,509] {logging_mixin.py:115} INFO - [2022-07-31 04:35:45,509] {dag.py:2379} INFO - Sync 1 DAGs
[2022-07-31 04:35:45,669] {logging_mixin.py:115} INFO - [2022-07-31 04:35:45,668] {dag.py:2931} INFO - Setting next_dagrun for task_group to 2022-07-30T00:00:00+00:00, run_after=2022-07-31T00:00:00+00:00
[2022-07-31 04:35:45,754] {processor.py:161} INFO - Processing /opt/airflow/dags/task_group/task_group.py took 0.523 seconds
[2022-07-31 04:36:16,497] {processor.py:153} INFO - Started process (PID=152) to work on /opt/airflow/dags/task_group/task_group.py
[2022-07-31 04:36:16,514] {processor.py:641} INFO - Processing file /opt/airflow/dags/task_group/task_group.py for tasks to queue
[2022-07-31 04:36:16,515] {logging_mixin.py:115} INFO - [2022-07-31 04:36:16,515] {dagbag.py:507} INFO - Filling up the DagBag from /opt/airflow/dags/task_group/task_group.py
[2022-07-31 04:36:16,539] {processor.py:651} INFO - DAG(s) dict_keys(['task_group']) retrieved from /opt/airflow/dags/task_group/task_group.py
[2022-07-31 04:36:16,600] {logging_mixin.py:115} INFO - [2022-07-31 04:36:16,600] {dag.py:2379} INFO - Sync 1 DAGs
[2022-07-31 04:36:16,644] {logging_mixin.py:115} INFO - [2022-07-31 04:36:16,644] {dag.py:2931} INFO - Setting next_dagrun for task_group to 2022-07-30T00:00:00+00:00, run_after=2022-07-31T00:00:00+00:00
[2022-07-31 04:36:16,665] {processor.py:161} INFO - Processing /opt/airflow/dags/task_group/task_group.py took 0.172 seconds
[2022-07-31 04:36:47,354] {processor.py:153} INFO - Started process (PID=225) to work on /opt/airflow/dags/task_group/task_group.py
[2022-07-31 04:36:47,356] {processor.py:641} INFO - Processing file /opt/airflow/dags/task_group/task_group.py for tasks to queue
[2022-07-31 04:36:47,356] {logging_mixin.py:115} INFO - [2022-07-31 04:36:47,356] {dagbag.py:507} INFO - Filling up the DagBag from /opt/airflow/dags/task_group/task_group.py
[2022-07-31 04:36:47,384] {processor.py:651} INFO - DAG(s) dict_keys(['task_group']) retrieved from /opt/airflow/dags/task_group/task_group.py
[2022-07-31 04:36:47,472] {logging_mixin.py:115} INFO - [2022-07-31 04:36:47,472] {dag.py:2379} INFO - Sync 1 DAGs
[2022-07-31 04:36:47,551] {logging_mixin.py:115} INFO - [2022-07-31 04:36:47,551] {dag.py:2931} INFO - Setting next_dagrun for task_group to 2022-07-30T00:00:00+00:00, run_after=2022-07-31T00:00:00+00:00
[2022-07-31 04:36:47,589] {processor.py:161} INFO - Processing /opt/airflow/dags/task_group/task_group.py took 0.251 seconds
[2022-07-31 04:37:18,323] {processor.py:153} INFO - Started process (PID=300) to work on /opt/airflow/dags/task_group/task_group.py
[2022-07-31 04:37:18,329] {processor.py:641} INFO - Processing file /opt/airflow/dags/task_group/task_group.py for tasks to queue
[2022-07-31 04:37:18,331] {logging_mixin.py:115} INFO - [2022-07-31 04:37:18,330] {dagbag.py:507} INFO - Filling up the DagBag from /opt/airflow/dags/task_group/task_group.py
[2022-07-31 04:37:18,353] {processor.py:651} INFO - DAG(s) dict_keys(['task_group']) retrieved from /opt/airflow/dags/task_group/task_group.py
[2022-07-31 04:37:18,413] {logging_mixin.py:115} INFO - [2022-07-31 04:37:18,413] {dag.py:2379} INFO - Sync 1 DAGs
[2022-07-31 04:37:18,503] {logging_mixin.py:115} INFO - [2022-07-31 04:37:18,502] {dag.py:2931} INFO - Setting next_dagrun for task_group to 2022-07-30T00:00:00+00:00, run_after=2022-07-31T00:00:00+00:00
[2022-07-31 04:37:18,537] {processor.py:161} INFO - Processing /opt/airflow/dags/task_group/task_group.py took 0.220 seconds
[2022-07-31 04:37:49,473] {processor.py:153} INFO - Started process (PID=383) to work on /opt/airflow/dags/task_group/task_group.py
[2022-07-31 04:37:49,486] {processor.py:641} INFO - Processing file /opt/airflow/dags/task_group/task_group.py for tasks to queue
[2022-07-31 04:37:49,487] {logging_mixin.py:115} INFO - [2022-07-31 04:37:49,487] {dagbag.py:507} INFO - Filling up the DagBag from /opt/airflow/dags/task_group/task_group.py
[2022-07-31 04:37:49,518] {processor.py:651} INFO - DAG(s) dict_keys(['task_group']) retrieved from /opt/airflow/dags/task_group/task_group.py
[2022-07-31 04:37:49,586] {logging_mixin.py:115} INFO - [2022-07-31 04:37:49,586] {dag.py:2379} INFO - Sync 1 DAGs
[2022-07-31 04:37:49,660] {logging_mixin.py:115} INFO - [2022-07-31 04:37:49,659] {dag.py:2931} INFO - Setting next_dagrun for task_group to 2022-07-30T00:00:00+00:00, run_after=2022-07-31T00:00:00+00:00
[2022-07-31 04:37:49,690] {processor.py:161} INFO - Processing /opt/airflow/dags/task_group/task_group.py took 0.221 seconds
[2022-07-31 04:38:19,851] {processor.py:153} INFO - Started process (PID=454) to work on /opt/airflow/dags/task_group/task_group.py
[2022-07-31 04:38:19,858] {processor.py:641} INFO - Processing file /opt/airflow/dags/task_group/task_group.py for tasks to queue
[2022-07-31 04:38:19,859] {logging_mixin.py:115} INFO - [2022-07-31 04:38:19,859] {dagbag.py:507} INFO - Filling up the DagBag from /opt/airflow/dags/task_group/task_group.py
[2022-07-31 04:38:19,875] {processor.py:651} INFO - DAG(s) dict_keys(['task_group']) retrieved from /opt/airflow/dags/task_group/task_group.py
[2022-07-31 04:38:19,926] {logging_mixin.py:115} INFO - [2022-07-31 04:38:19,925] {dag.py:2379} INFO - Sync 1 DAGs
[2022-07-31 04:38:19,979] {logging_mixin.py:115} INFO - [2022-07-31 04:38:19,978] {dag.py:2931} INFO - Setting next_dagrun for task_group to 2022-07-30T00:00:00+00:00, run_after=2022-07-31T00:00:00+00:00
[2022-07-31 04:38:20,002] {processor.py:161} INFO - Processing /opt/airflow/dags/task_group/task_group.py took 0.157 seconds
[2022-07-31 04:38:50,478] {processor.py:153} INFO - Started process (PID=532) to work on /opt/airflow/dags/task_group/task_group.py
[2022-07-31 04:38:50,482] {processor.py:641} INFO - Processing file /opt/airflow/dags/task_group/task_group.py for tasks to queue
[2022-07-31 04:38:50,483] {logging_mixin.py:115} INFO - [2022-07-31 04:38:50,483] {dagbag.py:507} INFO - Filling up the DagBag from /opt/airflow/dags/task_group/task_group.py
[2022-07-31 04:38:50,510] {processor.py:651} INFO - DAG(s) dict_keys(['task_group']) retrieved from /opt/airflow/dags/task_group/task_group.py
[2022-07-31 04:38:50,594] {logging_mixin.py:115} INFO - [2022-07-31 04:38:50,594] {dag.py:2379} INFO - Sync 1 DAGs
[2022-07-31 04:38:50,639] {logging_mixin.py:115} INFO - [2022-07-31 04:38:50,639] {dag.py:2931} INFO - Setting next_dagrun for task_group to 2022-07-30T00:00:00+00:00, run_after=2022-07-31T00:00:00+00:00
[2022-07-31 04:38:50,659] {processor.py:161} INFO - Processing /opt/airflow/dags/task_group/task_group.py took 0.196 seconds
[2022-07-31 04:39:21,636] {processor.py:153} INFO - Started process (PID=607) to work on /opt/airflow/dags/task_group/task_group.py
[2022-07-31 04:39:21,638] {processor.py:641} INFO - Processing file /opt/airflow/dags/task_group/task_group.py for tasks to queue
[2022-07-31 04:39:21,639] {logging_mixin.py:115} INFO - [2022-07-31 04:39:21,639] {dagbag.py:507} INFO - Filling up the DagBag from /opt/airflow/dags/task_group/task_group.py
[2022-07-31 04:39:21,654] {processor.py:651} INFO - DAG(s) dict_keys(['task_group']) retrieved from /opt/airflow/dags/task_group/task_group.py
[2022-07-31 04:39:21,703] {logging_mixin.py:115} INFO - [2022-07-31 04:39:21,703] {dag.py:2379} INFO - Sync 1 DAGs
[2022-07-31 04:39:21,754] {logging_mixin.py:115} INFO - [2022-07-31 04:39:21,754] {dag.py:2931} INFO - Setting next_dagrun for task_group to 2022-07-30T00:00:00+00:00, run_after=2022-07-31T00:00:00+00:00
[2022-07-31 04:39:21,775] {processor.py:161} INFO - Processing /opt/airflow/dags/task_group/task_group.py took 0.142 seconds
[2022-07-31 04:39:52,690] {processor.py:153} INFO - Started process (PID=679) to work on /opt/airflow/dags/task_group/task_group.py
[2022-07-31 04:39:52,695] {processor.py:641} INFO - Processing file /opt/airflow/dags/task_group/task_group.py for tasks to queue
[2022-07-31 04:39:52,699] {logging_mixin.py:115} INFO - [2022-07-31 04:39:52,699] {dagbag.py:507} INFO - Filling up the DagBag from /opt/airflow/dags/task_group/task_group.py
[2022-07-31 04:39:52,754] {processor.py:651} INFO - DAG(s) dict_keys(['task_group']) retrieved from /opt/airflow/dags/task_group/task_group.py
[2022-07-31 04:39:52,854] {logging_mixin.py:115} INFO - [2022-07-31 04:39:52,854] {dag.py:2379} INFO - Sync 1 DAGs
[2022-07-31 04:39:52,937] {logging_mixin.py:115} INFO - [2022-07-31 04:39:52,937] {dag.py:2931} INFO - Setting next_dagrun for task_group to 2022-07-30T00:00:00+00:00, run_after=2022-07-31T00:00:00+00:00
[2022-07-31 04:39:52,999] {processor.py:161} INFO - Processing /opt/airflow/dags/task_group/task_group.py took 0.339 seconds
[2022-07-31 04:40:23,037] {processor.py:153} INFO - Started process (PID=760) to work on /opt/airflow/dags/task_group/task_group.py
[2022-07-31 04:40:23,041] {processor.py:641} INFO - Processing file /opt/airflow/dags/task_group/task_group.py for tasks to queue
[2022-07-31 04:40:23,042] {logging_mixin.py:115} INFO - [2022-07-31 04:40:23,042] {dagbag.py:507} INFO - Filling up the DagBag from /opt/airflow/dags/task_group/task_group.py
[2022-07-31 04:40:23,055] {processor.py:651} INFO - DAG(s) dict_keys(['task_group']) retrieved from /opt/airflow/dags/task_group/task_group.py
[2022-07-31 04:40:23,091] {logging_mixin.py:115} INFO - [2022-07-31 04:40:23,091] {dag.py:2379} INFO - Sync 1 DAGs
[2022-07-31 04:40:23,126] {logging_mixin.py:115} INFO - [2022-07-31 04:40:23,126] {dag.py:2931} INFO - Setting next_dagrun for task_group to 2022-07-30T00:00:00+00:00, run_after=2022-07-31T00:00:00+00:00
[2022-07-31 04:40:23,142] {processor.py:161} INFO - Processing /opt/airflow/dags/task_group/task_group.py took 0.115 seconds
[2022-07-31 04:40:53,215] {processor.py:153} INFO - Started process (PID=832) to work on /opt/airflow/dags/task_group/task_group.py
[2022-07-31 04:40:53,218] {processor.py:641} INFO - Processing file /opt/airflow/dags/task_group/task_group.py for tasks to queue
[2022-07-31 04:40:53,219] {logging_mixin.py:115} INFO - [2022-07-31 04:40:53,219] {dagbag.py:507} INFO - Filling up the DagBag from /opt/airflow/dags/task_group/task_group.py
[2022-07-31 04:40:53,235] {processor.py:651} INFO - DAG(s) dict_keys(['task_group']) retrieved from /opt/airflow/dags/task_group/task_group.py
[2022-07-31 04:40:53,277] {logging_mixin.py:115} INFO - [2022-07-31 04:40:53,277] {dag.py:2379} INFO - Sync 1 DAGs
[2022-07-31 04:40:53,313] {logging_mixin.py:115} INFO - [2022-07-31 04:40:53,313] {dag.py:2931} INFO - Setting next_dagrun for task_group to 2022-07-30T00:00:00+00:00, run_after=2022-07-31T00:00:00+00:00
[2022-07-31 04:40:53,370] {processor.py:161} INFO - Processing /opt/airflow/dags/task_group/task_group.py took 0.160 seconds
[2022-07-31 04:41:23,627] {processor.py:153} INFO - Started process (PID=907) to work on /opt/airflow/dags/task_group/task_group.py
[2022-07-31 04:41:23,633] {processor.py:641} INFO - Processing file /opt/airflow/dags/task_group/task_group.py for tasks to queue
[2022-07-31 04:41:23,636] {logging_mixin.py:115} INFO - [2022-07-31 04:41:23,636] {dagbag.py:507} INFO - Filling up the DagBag from /opt/airflow/dags/task_group/task_group.py
[2022-07-31 04:41:23,680] {processor.py:651} INFO - DAG(s) dict_keys(['task_group']) retrieved from /opt/airflow/dags/task_group/task_group.py
[2022-07-31 04:41:23,776] {logging_mixin.py:115} INFO - [2022-07-31 04:41:23,776] {dag.py:2379} INFO - Sync 1 DAGs
[2022-07-31 04:41:23,885] {logging_mixin.py:115} INFO - [2022-07-31 04:41:23,885] {dag.py:2931} INFO - Setting next_dagrun for task_group to 2022-07-30T00:00:00+00:00, run_after=2022-07-31T00:00:00+00:00
[2022-07-31 04:41:23,946] {processor.py:161} INFO - Processing /opt/airflow/dags/task_group/task_group.py took 0.322 seconds
[2022-07-31 04:41:54,323] {processor.py:153} INFO - Started process (PID=992) to work on /opt/airflow/dags/task_group/task_group.py
[2022-07-31 04:41:54,325] {processor.py:641} INFO - Processing file /opt/airflow/dags/task_group/task_group.py for tasks to queue
[2022-07-31 04:41:54,326] {logging_mixin.py:115} INFO - [2022-07-31 04:41:54,326] {dagbag.py:507} INFO - Filling up the DagBag from /opt/airflow/dags/task_group/task_group.py
[2022-07-31 04:41:54,352] {processor.py:651} INFO - DAG(s) dict_keys(['task_group']) retrieved from /opt/airflow/dags/task_group/task_group.py
[2022-07-31 04:41:54,405] {logging_mixin.py:115} INFO - [2022-07-31 04:41:54,405] {dag.py:2379} INFO - Sync 1 DAGs
[2022-07-31 04:41:54,452] {logging_mixin.py:115} INFO - [2022-07-31 04:41:54,452] {dag.py:2931} INFO - Setting next_dagrun for task_group to 2022-07-30T00:00:00+00:00, run_after=2022-07-31T00:00:00+00:00
[2022-07-31 04:41:54,472] {processor.py:161} INFO - Processing /opt/airflow/dags/task_group/task_group.py took 0.153 seconds
[2022-07-31 04:42:24,515] {processor.py:153} INFO - Started process (PID=1062) to work on /opt/airflow/dags/task_group/task_group.py
[2022-07-31 04:42:24,519] {processor.py:641} INFO - Processing file /opt/airflow/dags/task_group/task_group.py for tasks to queue
[2022-07-31 04:42:24,520] {logging_mixin.py:115} INFO - [2022-07-31 04:42:24,520] {dagbag.py:507} INFO - Filling up the DagBag from /opt/airflow/dags/task_group/task_group.py
[2022-07-31 04:42:24,531] {processor.py:651} INFO - DAG(s) dict_keys(['task_group']) retrieved from /opt/airflow/dags/task_group/task_group.py
[2022-07-31 04:42:24,564] {logging_mixin.py:115} INFO - [2022-07-31 04:42:24,564] {dag.py:2379} INFO - Sync 1 DAGs
[2022-07-31 04:42:24,597] {logging_mixin.py:115} INFO - [2022-07-31 04:42:24,597] {dag.py:2931} INFO - Setting next_dagrun for task_group to 2022-07-30T00:00:00+00:00, run_after=2022-07-31T00:00:00+00:00
[2022-07-31 04:42:24,613] {processor.py:161} INFO - Processing /opt/airflow/dags/task_group/task_group.py took 0.102 seconds
[2022-07-31 04:42:55,120] {processor.py:153} INFO - Started process (PID=1146) to work on /opt/airflow/dags/task_group/task_group.py
[2022-07-31 04:42:55,121] {processor.py:641} INFO - Processing file /opt/airflow/dags/task_group/task_group.py for tasks to queue
[2022-07-31 04:42:55,122] {logging_mixin.py:115} INFO - [2022-07-31 04:42:55,122] {dagbag.py:507} INFO - Filling up the DagBag from /opt/airflow/dags/task_group/task_group.py
[2022-07-31 04:42:55,135] {processor.py:651} INFO - DAG(s) dict_keys(['task_group']) retrieved from /opt/airflow/dags/task_group/task_group.py
[2022-07-31 04:42:55,175] {logging_mixin.py:115} INFO - [2022-07-31 04:42:55,174] {dag.py:2379} INFO - Sync 1 DAGs
[2022-07-31 04:42:55,216] {logging_mixin.py:115} INFO - [2022-07-31 04:42:55,216] {dag.py:2931} INFO - Setting next_dagrun for task_group to 2022-07-30T00:00:00+00:00, run_after=2022-07-31T00:00:00+00:00
[2022-07-31 04:42:55,235] {processor.py:161} INFO - Processing /opt/airflow/dags/task_group/task_group.py took 0.120 seconds
