[2022-07-31 04:35:48,092] {processor.py:153} INFO - Started process (PID=81) to work on /opt/airflow/dags/basic_dags/catchup.py
[2022-07-31 04:35:48,110] {processor.py:641} INFO - Processing file /opt/airflow/dags/basic_dags/catchup.py for tasks to queue
[2022-07-31 04:35:48,116] {logging_mixin.py:115} INFO - [2022-07-31 04:35:48,116] {dagbag.py:507} INFO - Filling up the DagBag from /opt/airflow/dags/basic_dags/catchup.py
[2022-07-31 04:35:48,201] {processor.py:651} INFO - DAG(s) dict_keys(['catchup_true']) retrieved from /opt/airflow/dags/basic_dags/catchup.py
[2022-07-31 04:35:48,391] {logging_mixin.py:115} INFO - [2022-07-31 04:35:48,391] {dag.py:2379} INFO - Sync 1 DAGs
[2022-07-31 04:35:48,600] {logging_mixin.py:115} INFO - [2022-07-31 04:35:48,600] {dag.py:2931} INFO - Setting next_dagrun for catchup_true to 2022-03-01T01:00:00+00:00, run_after=2022-03-01T02:00:00+00:00
[2022-07-31 04:35:48,669] {processor.py:161} INFO - Processing /opt/airflow/dags/basic_dags/catchup.py took 0.616 seconds
[2022-07-31 04:36:18,832] {processor.py:153} INFO - Started process (PID=155) to work on /opt/airflow/dags/basic_dags/catchup.py
[2022-07-31 04:36:18,846] {processor.py:641} INFO - Processing file /opt/airflow/dags/basic_dags/catchup.py for tasks to queue
[2022-07-31 04:36:18,846] {logging_mixin.py:115} INFO - [2022-07-31 04:36:18,846] {dagbag.py:507} INFO - Filling up the DagBag from /opt/airflow/dags/basic_dags/catchup.py
[2022-07-31 04:36:18,857] {processor.py:651} INFO - DAG(s) dict_keys(['catchup_true']) retrieved from /opt/airflow/dags/basic_dags/catchup.py
[2022-07-31 04:36:18,954] {logging_mixin.py:115} INFO - [2022-07-31 04:36:18,954] {dag.py:2379} INFO - Sync 1 DAGs
[2022-07-31 04:36:19,024] {logging_mixin.py:115} INFO - [2022-07-31 04:36:19,024] {dag.py:2931} INFO - Setting next_dagrun for catchup_true to 2022-03-01T01:00:00+00:00, run_after=2022-03-01T02:00:00+00:00
[2022-07-31 04:36:19,039] {processor.py:161} INFO - Processing /opt/airflow/dags/basic_dags/catchup.py took 0.212 seconds
[2022-07-31 04:36:49,897] {processor.py:153} INFO - Started process (PID=228) to work on /opt/airflow/dags/basic_dags/catchup.py
[2022-07-31 04:36:49,901] {processor.py:641} INFO - Processing file /opt/airflow/dags/basic_dags/catchup.py for tasks to queue
[2022-07-31 04:36:49,904] {logging_mixin.py:115} INFO - [2022-07-31 04:36:49,904] {dagbag.py:507} INFO - Filling up the DagBag from /opt/airflow/dags/basic_dags/catchup.py
[2022-07-31 04:36:49,928] {processor.py:651} INFO - DAG(s) dict_keys(['catchup_true']) retrieved from /opt/airflow/dags/basic_dags/catchup.py
[2022-07-31 04:36:50,020] {logging_mixin.py:115} INFO - [2022-07-31 04:36:50,020] {dag.py:2379} INFO - Sync 1 DAGs
[2022-07-31 04:36:50,112] {logging_mixin.py:115} INFO - [2022-07-31 04:36:50,112] {dag.py:2931} INFO - Setting next_dagrun for catchup_true to 2022-03-01T01:00:00+00:00, run_after=2022-03-01T02:00:00+00:00
[2022-07-31 04:36:50,169] {processor.py:161} INFO - Processing /opt/airflow/dags/basic_dags/catchup.py took 0.277 seconds
[2022-07-31 04:37:21,052] {processor.py:153} INFO - Started process (PID=309) to work on /opt/airflow/dags/basic_dags/catchup.py
[2022-07-31 04:37:21,067] {processor.py:641} INFO - Processing file /opt/airflow/dags/basic_dags/catchup.py for tasks to queue
[2022-07-31 04:37:21,071] {logging_mixin.py:115} INFO - [2022-07-31 04:37:21,071] {dagbag.py:507} INFO - Filling up the DagBag from /opt/airflow/dags/basic_dags/catchup.py
[2022-07-31 04:37:21,098] {processor.py:651} INFO - DAG(s) dict_keys(['catchup_true']) retrieved from /opt/airflow/dags/basic_dags/catchup.py
[2022-07-31 04:37:21,184] {logging_mixin.py:115} INFO - [2022-07-31 04:37:21,184] {dag.py:2379} INFO - Sync 1 DAGs
[2022-07-31 04:37:21,261] {logging_mixin.py:115} INFO - [2022-07-31 04:37:21,261] {dag.py:2931} INFO - Setting next_dagrun for catchup_true to 2022-03-01T01:00:00+00:00, run_after=2022-03-01T02:00:00+00:00
[2022-07-31 04:37:21,302] {processor.py:161} INFO - Processing /opt/airflow/dags/basic_dags/catchup.py took 0.254 seconds
[2022-07-31 04:37:51,903] {processor.py:153} INFO - Started process (PID=386) to work on /opt/airflow/dags/basic_dags/catchup.py
[2022-07-31 04:37:51,904] {processor.py:641} INFO - Processing file /opt/airflow/dags/basic_dags/catchup.py for tasks to queue
[2022-07-31 04:37:51,905] {logging_mixin.py:115} INFO - [2022-07-31 04:37:51,905] {dagbag.py:507} INFO - Filling up the DagBag from /opt/airflow/dags/basic_dags/catchup.py
[2022-07-31 04:37:51,917] {processor.py:651} INFO - DAG(s) dict_keys(['catchup_true']) retrieved from /opt/airflow/dags/basic_dags/catchup.py
[2022-07-31 04:37:51,988] {logging_mixin.py:115} INFO - [2022-07-31 04:37:51,988] {dag.py:2379} INFO - Sync 1 DAGs
[2022-07-31 04:37:52,060] {logging_mixin.py:115} INFO - [2022-07-31 04:37:52,059] {dag.py:2931} INFO - Setting next_dagrun for catchup_true to 2022-03-01T01:00:00+00:00, run_after=2022-03-01T02:00:00+00:00
[2022-07-31 04:37:52,085] {processor.py:161} INFO - Processing /opt/airflow/dags/basic_dags/catchup.py took 0.187 seconds
[2022-07-31 04:38:22,151] {processor.py:153} INFO - Started process (PID=457) to work on /opt/airflow/dags/basic_dags/catchup.py
[2022-07-31 04:38:22,156] {processor.py:641} INFO - Processing file /opt/airflow/dags/basic_dags/catchup.py for tasks to queue
[2022-07-31 04:38:22,157] {logging_mixin.py:115} INFO - [2022-07-31 04:38:22,157] {dagbag.py:507} INFO - Filling up the DagBag from /opt/airflow/dags/basic_dags/catchup.py
[2022-07-31 04:38:22,168] {processor.py:651} INFO - DAG(s) dict_keys(['catchup_true']) retrieved from /opt/airflow/dags/basic_dags/catchup.py
[2022-07-31 04:38:22,192] {logging_mixin.py:115} INFO - [2022-07-31 04:38:22,192] {dag.py:2379} INFO - Sync 1 DAGs
[2022-07-31 04:38:22,223] {logging_mixin.py:115} INFO - [2022-07-31 04:38:22,223] {dag.py:2931} INFO - Setting next_dagrun for catchup_true to 2022-03-01T01:00:00+00:00, run_after=2022-03-01T02:00:00+00:00
[2022-07-31 04:38:22,242] {processor.py:161} INFO - Processing /opt/airflow/dags/basic_dags/catchup.py took 0.095 seconds
[2022-07-31 04:38:52,754] {processor.py:153} INFO - Started process (PID=538) to work on /opt/airflow/dags/basic_dags/catchup.py
[2022-07-31 04:38:52,755] {processor.py:641} INFO - Processing file /opt/airflow/dags/basic_dags/catchup.py for tasks to queue
[2022-07-31 04:38:52,755] {logging_mixin.py:115} INFO - [2022-07-31 04:38:52,755] {dagbag.py:507} INFO - Filling up the DagBag from /opt/airflow/dags/basic_dags/catchup.py
[2022-07-31 04:38:52,765] {processor.py:651} INFO - DAG(s) dict_keys(['catchup_true']) retrieved from /opt/airflow/dags/basic_dags/catchup.py
[2022-07-31 04:38:52,808] {logging_mixin.py:115} INFO - [2022-07-31 04:38:52,808] {dag.py:2379} INFO - Sync 1 DAGs
[2022-07-31 04:38:52,846] {logging_mixin.py:115} INFO - [2022-07-31 04:38:52,846] {dag.py:2931} INFO - Setting next_dagrun for catchup_true to 2022-03-01T01:00:00+00:00, run_after=2022-03-01T02:00:00+00:00
[2022-07-31 04:38:52,866] {processor.py:161} INFO - Processing /opt/airflow/dags/basic_dags/catchup.py took 0.115 seconds
[2022-07-31 04:39:22,951] {processor.py:153} INFO - Started process (PID=610) to work on /opt/airflow/dags/basic_dags/catchup.py
[2022-07-31 04:39:22,952] {processor.py:641} INFO - Processing file /opt/airflow/dags/basic_dags/catchup.py for tasks to queue
[2022-07-31 04:39:22,953] {logging_mixin.py:115} INFO - [2022-07-31 04:39:22,953] {dagbag.py:507} INFO - Filling up the DagBag from /opt/airflow/dags/basic_dags/catchup.py
[2022-07-31 04:39:22,962] {processor.py:651} INFO - DAG(s) dict_keys(['catchup_true']) retrieved from /opt/airflow/dags/basic_dags/catchup.py
[2022-07-31 04:39:23,017] {logging_mixin.py:115} INFO - [2022-07-31 04:39:23,016] {dag.py:2379} INFO - Sync 1 DAGs
[2022-07-31 04:39:23,055] {logging_mixin.py:115} INFO - [2022-07-31 04:39:23,054] {dag.py:2931} INFO - Setting next_dagrun for catchup_true to 2022-03-01T01:00:00+00:00, run_after=2022-03-01T02:00:00+00:00
[2022-07-31 04:39:23,073] {processor.py:161} INFO - Processing /opt/airflow/dags/basic_dags/catchup.py took 0.126 seconds
[2022-07-31 04:39:53,416] {processor.py:153} INFO - Started process (PID=682) to work on /opt/airflow/dags/basic_dags/catchup.py
[2022-07-31 04:39:53,422] {processor.py:641} INFO - Processing file /opt/airflow/dags/basic_dags/catchup.py for tasks to queue
[2022-07-31 04:39:53,423] {logging_mixin.py:115} INFO - [2022-07-31 04:39:53,422] {dagbag.py:507} INFO - Filling up the DagBag from /opt/airflow/dags/basic_dags/catchup.py
[2022-07-31 04:39:53,475] {processor.py:651} INFO - DAG(s) dict_keys(['catchup_true']) retrieved from /opt/airflow/dags/basic_dags/catchup.py
[2022-07-31 04:39:53,541] {logging_mixin.py:115} INFO - [2022-07-31 04:39:53,541] {dag.py:2379} INFO - Sync 1 DAGs
[2022-07-31 04:39:53,648] {logging_mixin.py:115} INFO - [2022-07-31 04:39:53,648] {dag.py:2931} INFO - Setting next_dagrun for catchup_true to 2022-03-01T01:00:00+00:00, run_after=2022-03-01T02:00:00+00:00
[2022-07-31 04:39:53,711] {processor.py:161} INFO - Processing /opt/airflow/dags/basic_dags/catchup.py took 0.314 seconds
[2022-07-31 04:40:24,350] {processor.py:153} INFO - Started process (PID=763) to work on /opt/airflow/dags/basic_dags/catchup.py
[2022-07-31 04:40:24,353] {processor.py:641} INFO - Processing file /opt/airflow/dags/basic_dags/catchup.py for tasks to queue
[2022-07-31 04:40:24,356] {logging_mixin.py:115} INFO - [2022-07-31 04:40:24,355] {dagbag.py:507} INFO - Filling up the DagBag from /opt/airflow/dags/basic_dags/catchup.py
[2022-07-31 04:40:24,380] {processor.py:651} INFO - DAG(s) dict_keys(['catchup_true']) retrieved from /opt/airflow/dags/basic_dags/catchup.py
[2022-07-31 04:40:24,419] {logging_mixin.py:115} INFO - [2022-07-31 04:40:24,418] {dag.py:2379} INFO - Sync 1 DAGs
[2022-07-31 04:40:24,473] {logging_mixin.py:115} INFO - [2022-07-31 04:40:24,473] {dag.py:2931} INFO - Setting next_dagrun for catchup_true to 2022-03-01T01:00:00+00:00, run_after=2022-03-01T02:00:00+00:00
[2022-07-31 04:40:24,510] {processor.py:161} INFO - Processing /opt/airflow/dags/basic_dags/catchup.py took 0.165 seconds
[2022-07-31 04:40:54,793] {processor.py:153} INFO - Started process (PID=835) to work on /opt/airflow/dags/basic_dags/catchup.py
[2022-07-31 04:40:54,814] {processor.py:641} INFO - Processing file /opt/airflow/dags/basic_dags/catchup.py for tasks to queue
[2022-07-31 04:40:54,815] {logging_mixin.py:115} INFO - [2022-07-31 04:40:54,814] {dagbag.py:507} INFO - Filling up the DagBag from /opt/airflow/dags/basic_dags/catchup.py
[2022-07-31 04:40:54,860] {processor.py:651} INFO - DAG(s) dict_keys(['catchup_true']) retrieved from /opt/airflow/dags/basic_dags/catchup.py
[2022-07-31 04:40:54,952] {logging_mixin.py:115} INFO - [2022-07-31 04:40:54,952] {dag.py:2379} INFO - Sync 1 DAGs
[2022-07-31 04:40:55,032] {logging_mixin.py:115} INFO - [2022-07-31 04:40:55,032] {dag.py:2931} INFO - Setting next_dagrun for catchup_true to 2022-03-01T01:00:00+00:00, run_after=2022-03-01T02:00:00+00:00
[2022-07-31 04:40:55,064] {processor.py:161} INFO - Processing /opt/airflow/dags/basic_dags/catchup.py took 0.275 seconds
[2022-07-31 04:41:25,165] {processor.py:153} INFO - Started process (PID=921) to work on /opt/airflow/dags/basic_dags/catchup.py
[2022-07-31 04:41:25,165] {processor.py:641} INFO - Processing file /opt/airflow/dags/basic_dags/catchup.py for tasks to queue
[2022-07-31 04:41:25,166] {logging_mixin.py:115} INFO - [2022-07-31 04:41:25,166] {dagbag.py:507} INFO - Filling up the DagBag from /opt/airflow/dags/basic_dags/catchup.py
[2022-07-31 04:41:25,173] {processor.py:651} INFO - DAG(s) dict_keys(['catchup_true']) retrieved from /opt/airflow/dags/basic_dags/catchup.py
[2022-07-31 04:41:25,227] {logging_mixin.py:115} INFO - [2022-07-31 04:41:25,227] {dag.py:2379} INFO - Sync 1 DAGs
[2022-07-31 04:41:25,280] {logging_mixin.py:115} INFO - [2022-07-31 04:41:25,280] {dag.py:2931} INFO - Setting next_dagrun for catchup_true to 2022-03-01T01:00:00+00:00, run_after=2022-03-01T02:00:00+00:00
[2022-07-31 04:41:25,301] {processor.py:161} INFO - Processing /opt/airflow/dags/basic_dags/catchup.py took 0.141 seconds
[2022-07-31 04:41:55,638] {processor.py:153} INFO - Started process (PID=995) to work on /opt/airflow/dags/basic_dags/catchup.py
[2022-07-31 04:41:55,639] {processor.py:641} INFO - Processing file /opt/airflow/dags/basic_dags/catchup.py for tasks to queue
[2022-07-31 04:41:55,640] {logging_mixin.py:115} INFO - [2022-07-31 04:41:55,640] {dagbag.py:507} INFO - Filling up the DagBag from /opt/airflow/dags/basic_dags/catchup.py
[2022-07-31 04:41:55,649] {processor.py:651} INFO - DAG(s) dict_keys(['catchup_true']) retrieved from /opt/airflow/dags/basic_dags/catchup.py
[2022-07-31 04:41:55,682] {logging_mixin.py:115} INFO - [2022-07-31 04:41:55,682] {dag.py:2379} INFO - Sync 1 DAGs
[2022-07-31 04:41:55,737] {logging_mixin.py:115} INFO - [2022-07-31 04:41:55,737] {dag.py:2931} INFO - Setting next_dagrun for catchup_true to 2022-03-01T01:00:00+00:00, run_after=2022-03-01T02:00:00+00:00
[2022-07-31 04:41:55,761] {processor.py:161} INFO - Processing /opt/airflow/dags/basic_dags/catchup.py took 0.128 seconds
[2022-07-31 04:42:25,952] {processor.py:153} INFO - Started process (PID=1076) to work on /opt/airflow/dags/basic_dags/catchup.py
[2022-07-31 04:42:25,959] {processor.py:641} INFO - Processing file /opt/airflow/dags/basic_dags/catchup.py for tasks to queue
[2022-07-31 04:42:25,968] {logging_mixin.py:115} INFO - [2022-07-31 04:42:25,968] {dagbag.py:507} INFO - Filling up the DagBag from /opt/airflow/dags/basic_dags/catchup.py
[2022-07-31 04:42:25,988] {processor.py:651} INFO - DAG(s) dict_keys(['catchup_true']) retrieved from /opt/airflow/dags/basic_dags/catchup.py
[2022-07-31 04:42:26,103] {logging_mixin.py:115} INFO - [2022-07-31 04:42:26,102] {dag.py:2379} INFO - Sync 1 DAGs
[2022-07-31 04:42:26,193] {logging_mixin.py:115} INFO - [2022-07-31 04:42:26,192] {dag.py:2931} INFO - Setting next_dagrun for catchup_true to 2022-03-01T01:00:00+00:00, run_after=2022-03-01T02:00:00+00:00
[2022-07-31 04:42:26,233] {processor.py:161} INFO - Processing /opt/airflow/dags/basic_dags/catchup.py took 0.285 seconds
[2022-07-31 04:42:56,389] {processor.py:153} INFO - Started process (PID=1150) to work on /opt/airflow/dags/basic_dags/catchup.py
[2022-07-31 04:42:56,390] {processor.py:641} INFO - Processing file /opt/airflow/dags/basic_dags/catchup.py for tasks to queue
[2022-07-31 04:42:56,390] {logging_mixin.py:115} INFO - [2022-07-31 04:42:56,390] {dagbag.py:507} INFO - Filling up the DagBag from /opt/airflow/dags/basic_dags/catchup.py
[2022-07-31 04:42:56,398] {processor.py:651} INFO - DAG(s) dict_keys(['catchup_true']) retrieved from /opt/airflow/dags/basic_dags/catchup.py
[2022-07-31 04:42:56,440] {logging_mixin.py:115} INFO - [2022-07-31 04:42:56,440] {dag.py:2379} INFO - Sync 1 DAGs
[2022-07-31 04:42:56,474] {logging_mixin.py:115} INFO - [2022-07-31 04:42:56,474] {dag.py:2931} INFO - Setting next_dagrun for catchup_true to 2022-03-01T01:00:00+00:00, run_after=2022-03-01T02:00:00+00:00
[2022-07-31 04:42:56,490] {processor.py:161} INFO - Processing /opt/airflow/dags/basic_dags/catchup.py took 0.105 seconds
