[2022-07-31 04:35:48,742] {processor.py:153} INFO - Started process (PID=82) to work on /opt/airflow/dags/basic_dags/chain.py
[2022-07-31 04:35:48,745] {processor.py:641} INFO - Processing file /opt/airflow/dags/basic_dags/chain.py for tasks to queue
[2022-07-31 04:35:48,754] {logging_mixin.py:115} INFO - [2022-07-31 04:35:48,754] {dagbag.py:507} INFO - Filling up the DagBag from /opt/airflow/dags/basic_dags/chain.py
[2022-07-31 04:35:48,802] {processor.py:651} INFO - DAG(s) dict_keys(['chain']) retrieved from /opt/airflow/dags/basic_dags/chain.py
[2022-07-31 04:35:48,946] {logging_mixin.py:115} INFO - [2022-07-31 04:35:48,946] {dag.py:2379} INFO - Sync 1 DAGs
[2022-07-31 04:35:49,081] {logging_mixin.py:115} INFO - [2022-07-31 04:35:49,077] {dag.py:2931} INFO - Setting next_dagrun for chain to 2022-07-27T06:25:00+00:00, run_after=2022-07-27T06:30:00+00:00
[2022-07-31 04:35:49,132] {processor.py:161} INFO - Processing /opt/airflow/dags/basic_dags/chain.py took 0.394 seconds
[2022-07-31 04:36:20,025] {processor.py:153} INFO - Started process (PID=156) to work on /opt/airflow/dags/basic_dags/chain.py
[2022-07-31 04:36:20,029] {processor.py:641} INFO - Processing file /opt/airflow/dags/basic_dags/chain.py for tasks to queue
[2022-07-31 04:36:20,033] {logging_mixin.py:115} INFO - [2022-07-31 04:36:20,033] {dagbag.py:507} INFO - Filling up the DagBag from /opt/airflow/dags/basic_dags/chain.py
[2022-07-31 04:36:20,043] {processor.py:651} INFO - DAG(s) dict_keys(['chain']) retrieved from /opt/airflow/dags/basic_dags/chain.py
[2022-07-31 04:36:20,077] {logging_mixin.py:115} INFO - [2022-07-31 04:36:20,077] {dag.py:2379} INFO - Sync 1 DAGs
[2022-07-31 04:36:20,115] {logging_mixin.py:115} INFO - [2022-07-31 04:36:20,115] {dag.py:2931} INFO - Setting next_dagrun for chain to 2022-07-27T06:25:00+00:00, run_after=2022-07-27T06:30:00+00:00
[2022-07-31 04:36:20,141] {processor.py:161} INFO - Processing /opt/airflow/dags/basic_dags/chain.py took 0.119 seconds
[2022-07-31 04:36:50,236] {processor.py:153} INFO - Started process (PID=229) to work on /opt/airflow/dags/basic_dags/chain.py
[2022-07-31 04:36:50,240] {processor.py:641} INFO - Processing file /opt/airflow/dags/basic_dags/chain.py for tasks to queue
[2022-07-31 04:36:50,245] {logging_mixin.py:115} INFO - [2022-07-31 04:36:50,244] {dagbag.py:507} INFO - Filling up the DagBag from /opt/airflow/dags/basic_dags/chain.py
[2022-07-31 04:36:50,376] {processor.py:651} INFO - DAG(s) dict_keys(['chain']) retrieved from /opt/airflow/dags/basic_dags/chain.py
[2022-07-31 04:36:50,546] {logging_mixin.py:115} INFO - [2022-07-31 04:36:50,546] {dag.py:2379} INFO - Sync 1 DAGs
[2022-07-31 04:36:50,678] {logging_mixin.py:115} INFO - [2022-07-31 04:36:50,677] {dag.py:2931} INFO - Setting next_dagrun for chain to 2022-07-27T06:25:00+00:00, run_after=2022-07-27T06:30:00+00:00
[2022-07-31 04:36:50,778] {processor.py:161} INFO - Processing /opt/airflow/dags/basic_dags/chain.py took 0.552 seconds
[2022-07-31 04:37:21,099] {processor.py:153} INFO - Started process (PID=310) to work on /opt/airflow/dags/basic_dags/chain.py
[2022-07-31 04:37:21,100] {processor.py:641} INFO - Processing file /opt/airflow/dags/basic_dags/chain.py for tasks to queue
[2022-07-31 04:37:21,101] {logging_mixin.py:115} INFO - [2022-07-31 04:37:21,101] {dagbag.py:507} INFO - Filling up the DagBag from /opt/airflow/dags/basic_dags/chain.py
[2022-07-31 04:37:21,159] {processor.py:651} INFO - DAG(s) dict_keys(['chain']) retrieved from /opt/airflow/dags/basic_dags/chain.py
[2022-07-31 04:37:21,286] {logging_mixin.py:115} INFO - [2022-07-31 04:37:21,286] {dag.py:2379} INFO - Sync 1 DAGs
[2022-07-31 04:37:21,392] {logging_mixin.py:115} INFO - [2022-07-31 04:37:21,392] {dag.py:2931} INFO - Setting next_dagrun for chain to 2022-07-27T06:25:00+00:00, run_after=2022-07-27T06:30:00+00:00
[2022-07-31 04:37:21,407] {processor.py:161} INFO - Processing /opt/airflow/dags/basic_dags/chain.py took 0.336 seconds
[2022-07-31 04:37:52,013] {processor.py:153} INFO - Started process (PID=387) to work on /opt/airflow/dags/basic_dags/chain.py
[2022-07-31 04:37:52,018] {processor.py:641} INFO - Processing file /opt/airflow/dags/basic_dags/chain.py for tasks to queue
[2022-07-31 04:37:52,019] {logging_mixin.py:115} INFO - [2022-07-31 04:37:52,018] {dagbag.py:507} INFO - Filling up the DagBag from /opt/airflow/dags/basic_dags/chain.py
[2022-07-31 04:37:52,039] {processor.py:651} INFO - DAG(s) dict_keys(['chain']) retrieved from /opt/airflow/dags/basic_dags/chain.py
[2022-07-31 04:37:52,093] {logging_mixin.py:115} INFO - [2022-07-31 04:37:52,093] {dag.py:2379} INFO - Sync 1 DAGs
[2022-07-31 04:37:52,142] {logging_mixin.py:115} INFO - [2022-07-31 04:37:52,142] {dag.py:2931} INFO - Setting next_dagrun for chain to 2022-07-27T06:25:00+00:00, run_after=2022-07-27T06:30:00+00:00
[2022-07-31 04:37:52,163] {processor.py:161} INFO - Processing /opt/airflow/dags/basic_dags/chain.py took 0.155 seconds
[2022-07-31 04:38:22,259] {processor.py:153} INFO - Started process (PID=458) to work on /opt/airflow/dags/basic_dags/chain.py
[2022-07-31 04:38:22,260] {processor.py:641} INFO - Processing file /opt/airflow/dags/basic_dags/chain.py for tasks to queue
[2022-07-31 04:38:22,260] {logging_mixin.py:115} INFO - [2022-07-31 04:38:22,260] {dagbag.py:507} INFO - Filling up the DagBag from /opt/airflow/dags/basic_dags/chain.py
[2022-07-31 04:38:22,269] {processor.py:651} INFO - DAG(s) dict_keys(['chain']) retrieved from /opt/airflow/dags/basic_dags/chain.py
[2022-07-31 04:38:22,294] {logging_mixin.py:115} INFO - [2022-07-31 04:38:22,293] {dag.py:2379} INFO - Sync 1 DAGs
[2022-07-31 04:38:22,319] {logging_mixin.py:115} INFO - [2022-07-31 04:38:22,319] {dag.py:2931} INFO - Setting next_dagrun for chain to 2022-07-27T06:25:00+00:00, run_after=2022-07-27T06:30:00+00:00
[2022-07-31 04:38:22,331] {processor.py:161} INFO - Processing /opt/airflow/dags/basic_dags/chain.py took 0.075 seconds
[2022-07-31 04:38:52,776] {processor.py:153} INFO - Started process (PID=539) to work on /opt/airflow/dags/basic_dags/chain.py
[2022-07-31 04:38:52,777] {processor.py:641} INFO - Processing file /opt/airflow/dags/basic_dags/chain.py for tasks to queue
[2022-07-31 04:38:52,777] {logging_mixin.py:115} INFO - [2022-07-31 04:38:52,777] {dagbag.py:507} INFO - Filling up the DagBag from /opt/airflow/dags/basic_dags/chain.py
[2022-07-31 04:38:52,788] {processor.py:651} INFO - DAG(s) dict_keys(['chain']) retrieved from /opt/airflow/dags/basic_dags/chain.py
[2022-07-31 04:38:52,821] {logging_mixin.py:115} INFO - [2022-07-31 04:38:52,821] {dag.py:2379} INFO - Sync 1 DAGs
[2022-07-31 04:38:52,855] {logging_mixin.py:115} INFO - [2022-07-31 04:38:52,855] {dag.py:2931} INFO - Setting next_dagrun for chain to 2022-07-27T06:25:00+00:00, run_after=2022-07-27T06:30:00+00:00
[2022-07-31 04:38:52,872] {processor.py:161} INFO - Processing /opt/airflow/dags/basic_dags/chain.py took 0.102 seconds
[2022-07-31 04:39:23,026] {processor.py:153} INFO - Started process (PID=611) to work on /opt/airflow/dags/basic_dags/chain.py
[2022-07-31 04:39:23,037] {processor.py:641} INFO - Processing file /opt/airflow/dags/basic_dags/chain.py for tasks to queue
[2022-07-31 04:39:23,042] {logging_mixin.py:115} INFO - [2022-07-31 04:39:23,042] {dagbag.py:507} INFO - Filling up the DagBag from /opt/airflow/dags/basic_dags/chain.py
[2022-07-31 04:39:23,062] {processor.py:651} INFO - DAG(s) dict_keys(['chain']) retrieved from /opt/airflow/dags/basic_dags/chain.py
[2022-07-31 04:39:23,107] {logging_mixin.py:115} INFO - [2022-07-31 04:39:23,106] {dag.py:2379} INFO - Sync 1 DAGs
[2022-07-31 04:39:23,187] {logging_mixin.py:115} INFO - [2022-07-31 04:39:23,187] {dag.py:2931} INFO - Setting next_dagrun for chain to 2022-07-27T06:25:00+00:00, run_after=2022-07-27T06:30:00+00:00
[2022-07-31 04:39:23,221] {processor.py:161} INFO - Processing /opt/airflow/dags/basic_dags/chain.py took 0.205 seconds
[2022-07-31 04:39:53,612] {processor.py:153} INFO - Started process (PID=688) to work on /opt/airflow/dags/basic_dags/chain.py
[2022-07-31 04:39:53,624] {processor.py:641} INFO - Processing file /opt/airflow/dags/basic_dags/chain.py for tasks to queue
[2022-07-31 04:39:53,628] {logging_mixin.py:115} INFO - [2022-07-31 04:39:53,628] {dagbag.py:507} INFO - Filling up the DagBag from /opt/airflow/dags/basic_dags/chain.py
[2022-07-31 04:39:53,676] {processor.py:651} INFO - DAG(s) dict_keys(['chain']) retrieved from /opt/airflow/dags/basic_dags/chain.py
[2022-07-31 04:39:53,801] {logging_mixin.py:115} INFO - [2022-07-31 04:39:53,799] {dag.py:2379} INFO - Sync 1 DAGs
[2022-07-31 04:39:53,925] {logging_mixin.py:115} INFO - [2022-07-31 04:39:53,925] {dag.py:2931} INFO - Setting next_dagrun for chain to 2022-07-27T06:25:00+00:00, run_after=2022-07-27T06:30:00+00:00
[2022-07-31 04:39:53,974] {processor.py:161} INFO - Processing /opt/airflow/dags/basic_dags/chain.py took 0.377 seconds
[2022-07-31 04:40:24,370] {processor.py:153} INFO - Started process (PID=764) to work on /opt/airflow/dags/basic_dags/chain.py
[2022-07-31 04:40:24,371] {processor.py:641} INFO - Processing file /opt/airflow/dags/basic_dags/chain.py for tasks to queue
[2022-07-31 04:40:24,372] {logging_mixin.py:115} INFO - [2022-07-31 04:40:24,372] {dagbag.py:507} INFO - Filling up the DagBag from /opt/airflow/dags/basic_dags/chain.py
[2022-07-31 04:40:24,383] {processor.py:651} INFO - DAG(s) dict_keys(['chain']) retrieved from /opt/airflow/dags/basic_dags/chain.py
[2022-07-31 04:40:24,420] {logging_mixin.py:115} INFO - [2022-07-31 04:40:24,420] {dag.py:2379} INFO - Sync 1 DAGs
[2022-07-31 04:40:24,463] {logging_mixin.py:115} INFO - [2022-07-31 04:40:24,463] {dag.py:2931} INFO - Setting next_dagrun for chain to 2022-07-27T06:25:00+00:00, run_after=2022-07-27T06:30:00+00:00
[2022-07-31 04:40:24,492] {processor.py:161} INFO - Processing /opt/airflow/dags/basic_dags/chain.py took 0.130 seconds
[2022-07-31 04:40:54,885] {processor.py:153} INFO - Started process (PID=836) to work on /opt/airflow/dags/basic_dags/chain.py
[2022-07-31 04:40:54,899] {processor.py:641} INFO - Processing file /opt/airflow/dags/basic_dags/chain.py for tasks to queue
[2022-07-31 04:40:54,900] {logging_mixin.py:115} INFO - [2022-07-31 04:40:54,900] {dagbag.py:507} INFO - Filling up the DagBag from /opt/airflow/dags/basic_dags/chain.py
[2022-07-31 04:40:54,935] {processor.py:651} INFO - DAG(s) dict_keys(['chain']) retrieved from /opt/airflow/dags/basic_dags/chain.py
[2022-07-31 04:40:54,998] {logging_mixin.py:115} INFO - [2022-07-31 04:40:54,998] {dag.py:2379} INFO - Sync 1 DAGs
[2022-07-31 04:40:55,082] {logging_mixin.py:115} INFO - [2022-07-31 04:40:55,082] {dag.py:2931} INFO - Setting next_dagrun for chain to 2022-07-27T06:25:00+00:00, run_after=2022-07-27T06:30:00+00:00
[2022-07-31 04:40:55,112] {processor.py:161} INFO - Processing /opt/airflow/dags/basic_dags/chain.py took 0.243 seconds
[2022-07-31 04:41:25,239] {processor.py:153} INFO - Started process (PID=922) to work on /opt/airflow/dags/basic_dags/chain.py
[2022-07-31 04:41:25,242] {processor.py:641} INFO - Processing file /opt/airflow/dags/basic_dags/chain.py for tasks to queue
[2022-07-31 04:41:25,250] {logging_mixin.py:115} INFO - [2022-07-31 04:41:25,250] {dagbag.py:507} INFO - Filling up the DagBag from /opt/airflow/dags/basic_dags/chain.py
[2022-07-31 04:41:25,283] {processor.py:651} INFO - DAG(s) dict_keys(['chain']) retrieved from /opt/airflow/dags/basic_dags/chain.py
[2022-07-31 04:41:25,363] {logging_mixin.py:115} INFO - [2022-07-31 04:41:25,363] {dag.py:2379} INFO - Sync 1 DAGs
[2022-07-31 04:41:25,434] {logging_mixin.py:115} INFO - [2022-07-31 04:41:25,434] {dag.py:2931} INFO - Setting next_dagrun for chain to 2022-07-27T06:25:00+00:00, run_after=2022-07-27T06:30:00+00:00
[2022-07-31 04:41:25,464] {processor.py:161} INFO - Processing /opt/airflow/dags/basic_dags/chain.py took 0.233 seconds
[2022-07-31 04:41:55,693] {processor.py:153} INFO - Started process (PID=996) to work on /opt/airflow/dags/basic_dags/chain.py
[2022-07-31 04:41:55,695] {processor.py:641} INFO - Processing file /opt/airflow/dags/basic_dags/chain.py for tasks to queue
[2022-07-31 04:41:55,695] {logging_mixin.py:115} INFO - [2022-07-31 04:41:55,695] {dagbag.py:507} INFO - Filling up the DagBag from /opt/airflow/dags/basic_dags/chain.py
[2022-07-31 04:41:55,707] {processor.py:651} INFO - DAG(s) dict_keys(['chain']) retrieved from /opt/airflow/dags/basic_dags/chain.py
[2022-07-31 04:41:55,747] {logging_mixin.py:115} INFO - [2022-07-31 04:41:55,747] {dag.py:2379} INFO - Sync 1 DAGs
[2022-07-31 04:41:55,781] {logging_mixin.py:115} INFO - [2022-07-31 04:41:55,781] {dag.py:2931} INFO - Setting next_dagrun for chain to 2022-07-27T06:25:00+00:00, run_after=2022-07-27T06:30:00+00:00
[2022-07-31 04:41:55,800] {processor.py:161} INFO - Processing /opt/airflow/dags/basic_dags/chain.py took 0.112 seconds
[2022-07-31 04:42:25,964] {processor.py:153} INFO - Started process (PID=1077) to work on /opt/airflow/dags/basic_dags/chain.py
[2022-07-31 04:42:25,976] {processor.py:641} INFO - Processing file /opt/airflow/dags/basic_dags/chain.py for tasks to queue
[2022-07-31 04:42:25,976] {logging_mixin.py:115} INFO - [2022-07-31 04:42:25,976] {dagbag.py:507} INFO - Filling up the DagBag from /opt/airflow/dags/basic_dags/chain.py
[2022-07-31 04:42:26,021] {processor.py:651} INFO - DAG(s) dict_keys(['chain']) retrieved from /opt/airflow/dags/basic_dags/chain.py
[2022-07-31 04:42:26,106] {logging_mixin.py:115} INFO - [2022-07-31 04:42:26,106] {dag.py:2379} INFO - Sync 1 DAGs
[2022-07-31 04:42:26,199] {logging_mixin.py:115} INFO - [2022-07-31 04:42:26,198] {dag.py:2931} INFO - Setting next_dagrun for chain to 2022-07-27T06:25:00+00:00, run_after=2022-07-27T06:30:00+00:00
[2022-07-31 04:42:26,227] {processor.py:161} INFO - Processing /opt/airflow/dags/basic_dags/chain.py took 0.272 seconds
[2022-07-31 04:42:56,418] {processor.py:153} INFO - Started process (PID=1151) to work on /opt/airflow/dags/basic_dags/chain.py
[2022-07-31 04:42:56,422] {processor.py:641} INFO - Processing file /opt/airflow/dags/basic_dags/chain.py for tasks to queue
[2022-07-31 04:42:56,425] {logging_mixin.py:115} INFO - [2022-07-31 04:42:56,425] {dagbag.py:507} INFO - Filling up the DagBag from /opt/airflow/dags/basic_dags/chain.py
[2022-07-31 04:42:56,438] {processor.py:651} INFO - DAG(s) dict_keys(['chain']) retrieved from /opt/airflow/dags/basic_dags/chain.py
[2022-07-31 04:42:56,481] {logging_mixin.py:115} INFO - [2022-07-31 04:42:56,480] {dag.py:2379} INFO - Sync 1 DAGs
[2022-07-31 04:42:56,515] {logging_mixin.py:115} INFO - [2022-07-31 04:42:56,515] {dag.py:2931} INFO - Setting next_dagrun for chain to 2022-07-27T06:25:00+00:00, run_after=2022-07-27T06:30:00+00:00
[2022-07-31 04:42:56,531] {processor.py:161} INFO - Processing /opt/airflow/dags/basic_dags/chain.py took 0.119 seconds
[2022-07-31 06:54:56,929] {processor.py:153} INFO - Started process (PID=82) to work on /opt/airflow/dags/basic_dags/chain.py
[2022-07-31 06:54:56,955] {processor.py:641} INFO - Processing file /opt/airflow/dags/basic_dags/chain.py for tasks to queue
[2022-07-31 06:54:56,956] {logging_mixin.py:115} INFO - [2022-07-31 06:54:56,956] {dagbag.py:507} INFO - Filling up the DagBag from /opt/airflow/dags/basic_dags/chain.py
[2022-07-31 06:54:56,994] {processor.py:651} INFO - DAG(s) dict_keys(['chain']) retrieved from /opt/airflow/dags/basic_dags/chain.py
[2022-07-31 06:54:57,107] {logging_mixin.py:115} INFO - [2022-07-31 06:54:57,107] {dag.py:2379} INFO - Sync 1 DAGs
[2022-07-31 06:54:57,278] {logging_mixin.py:115} INFO - [2022-07-31 06:54:57,278] {dag.py:2931} INFO - Setting next_dagrun for chain to 2022-07-27T06:25:00+00:00, run_after=2022-07-27T06:30:00+00:00
[2022-07-31 06:54:57,394] {processor.py:161} INFO - Processing /opt/airflow/dags/basic_dags/chain.py took 0.490 seconds
[2022-07-31 06:55:28,418] {processor.py:153} INFO - Started process (PID=154) to work on /opt/airflow/dags/basic_dags/chain.py
[2022-07-31 06:55:28,462] {processor.py:641} INFO - Processing file /opt/airflow/dags/basic_dags/chain.py for tasks to queue
[2022-07-31 06:55:28,463] {logging_mixin.py:115} INFO - [2022-07-31 06:55:28,462] {dagbag.py:507} INFO - Filling up the DagBag from /opt/airflow/dags/basic_dags/chain.py
[2022-07-31 06:55:28,545] {processor.py:651} INFO - DAG(s) dict_keys(['chain']) retrieved from /opt/airflow/dags/basic_dags/chain.py
[2022-07-31 06:55:28,819] {logging_mixin.py:115} INFO - [2022-07-31 06:55:28,818] {dag.py:2379} INFO - Sync 1 DAGs
[2022-07-31 06:55:28,934] {logging_mixin.py:115} INFO - [2022-07-31 06:55:28,933] {dag.py:2931} INFO - Setting next_dagrun for chain to 2022-07-27T06:25:00+00:00, run_after=2022-07-27T06:30:00+00:00
[2022-07-31 06:55:29,045] {processor.py:161} INFO - Processing /opt/airflow/dags/basic_dags/chain.py took 0.666 seconds
[2022-07-31 06:55:59,727] {processor.py:153} INFO - Started process (PID=222) to work on /opt/airflow/dags/basic_dags/chain.py
[2022-07-31 06:55:59,727] {processor.py:641} INFO - Processing file /opt/airflow/dags/basic_dags/chain.py for tasks to queue
[2022-07-31 06:55:59,728] {logging_mixin.py:115} INFO - [2022-07-31 06:55:59,728] {dagbag.py:507} INFO - Filling up the DagBag from /opt/airflow/dags/basic_dags/chain.py
[2022-07-31 06:55:59,765] {processor.py:651} INFO - DAG(s) dict_keys(['chain']) retrieved from /opt/airflow/dags/basic_dags/chain.py
[2022-07-31 06:55:59,874] {logging_mixin.py:115} INFO - [2022-07-31 06:55:59,874] {dag.py:2379} INFO - Sync 1 DAGs
[2022-07-31 06:56:00,002] {logging_mixin.py:115} INFO - [2022-07-31 06:56:00,002] {dag.py:2931} INFO - Setting next_dagrun for chain to 2022-07-27T06:25:00+00:00, run_after=2022-07-27T06:30:00+00:00
[2022-07-31 06:56:00,116] {processor.py:161} INFO - Processing /opt/airflow/dags/basic_dags/chain.py took 0.429 seconds
[2022-07-31 06:56:30,519] {processor.py:153} INFO - Started process (PID=299) to work on /opt/airflow/dags/basic_dags/chain.py
[2022-07-31 06:56:30,519] {processor.py:641} INFO - Processing file /opt/airflow/dags/basic_dags/chain.py for tasks to queue
[2022-07-31 06:56:30,521] {logging_mixin.py:115} INFO - [2022-07-31 06:56:30,521] {dagbag.py:507} INFO - Filling up the DagBag from /opt/airflow/dags/basic_dags/chain.py
[2022-07-31 06:56:30,533] {processor.py:651} INFO - DAG(s) dict_keys(['chain']) retrieved from /opt/airflow/dags/basic_dags/chain.py
[2022-07-31 06:56:30,575] {logging_mixin.py:115} INFO - [2022-07-31 06:56:30,575] {dag.py:2379} INFO - Sync 1 DAGs
[2022-07-31 06:56:30,618] {logging_mixin.py:115} INFO - [2022-07-31 06:56:30,618] {dag.py:2931} INFO - Setting next_dagrun for chain to 2022-07-27T06:25:00+00:00, run_after=2022-07-27T06:30:00+00:00
[2022-07-31 06:56:30,639] {processor.py:161} INFO - Processing /opt/airflow/dags/basic_dags/chain.py took 0.125 seconds
[2022-07-31 06:57:01,457] {processor.py:153} INFO - Started process (PID=371) to work on /opt/airflow/dags/basic_dags/chain.py
[2022-07-31 06:57:01,467] {processor.py:641} INFO - Processing file /opt/airflow/dags/basic_dags/chain.py for tasks to queue
[2022-07-31 06:57:01,468] {logging_mixin.py:115} INFO - [2022-07-31 06:57:01,468] {dagbag.py:507} INFO - Filling up the DagBag from /opt/airflow/dags/basic_dags/chain.py
[2022-07-31 06:57:01,493] {processor.py:651} INFO - DAG(s) dict_keys(['chain']) retrieved from /opt/airflow/dags/basic_dags/chain.py
[2022-07-31 06:57:01,567] {logging_mixin.py:115} INFO - [2022-07-31 06:57:01,567] {dag.py:2379} INFO - Sync 1 DAGs
[2022-07-31 06:57:01,635] {logging_mixin.py:115} INFO - [2022-07-31 06:57:01,635] {dag.py:2931} INFO - Setting next_dagrun for chain to 2022-07-27T06:25:00+00:00, run_after=2022-07-27T06:30:00+00:00
[2022-07-31 06:57:01,679] {processor.py:161} INFO - Processing /opt/airflow/dags/basic_dags/chain.py took 0.250 seconds
[2022-07-31 06:57:32,408] {processor.py:153} INFO - Started process (PID=452) to work on /opt/airflow/dags/basic_dags/chain.py
[2022-07-31 06:57:32,409] {processor.py:641} INFO - Processing file /opt/airflow/dags/basic_dags/chain.py for tasks to queue
[2022-07-31 06:57:32,409] {logging_mixin.py:115} INFO - [2022-07-31 06:57:32,409] {dagbag.py:507} INFO - Filling up the DagBag from /opt/airflow/dags/basic_dags/chain.py
[2022-07-31 06:57:32,420] {processor.py:651} INFO - DAG(s) dict_keys(['chain']) retrieved from /opt/airflow/dags/basic_dags/chain.py
[2022-07-31 06:57:32,460] {logging_mixin.py:115} INFO - [2022-07-31 06:57:32,459] {dag.py:2379} INFO - Sync 1 DAGs
[2022-07-31 06:57:32,492] {logging_mixin.py:115} INFO - [2022-07-31 06:57:32,491] {dag.py:2931} INFO - Setting next_dagrun for chain to 2022-07-27T06:25:00+00:00, run_after=2022-07-27T06:30:00+00:00
[2022-07-31 06:57:32,509] {processor.py:161} INFO - Processing /opt/airflow/dags/basic_dags/chain.py took 0.105 seconds
[2022-07-31 06:58:03,330] {processor.py:153} INFO - Started process (PID=524) to work on /opt/airflow/dags/basic_dags/chain.py
[2022-07-31 06:58:03,333] {processor.py:641} INFO - Processing file /opt/airflow/dags/basic_dags/chain.py for tasks to queue
[2022-07-31 06:58:03,337] {logging_mixin.py:115} INFO - [2022-07-31 06:58:03,336] {dagbag.py:507} INFO - Filling up the DagBag from /opt/airflow/dags/basic_dags/chain.py
[2022-07-31 06:58:03,348] {processor.py:651} INFO - DAG(s) dict_keys(['chain']) retrieved from /opt/airflow/dags/basic_dags/chain.py
[2022-07-31 06:58:03,380] {logging_mixin.py:115} INFO - [2022-07-31 06:58:03,380] {dag.py:2379} INFO - Sync 1 DAGs
[2022-07-31 06:58:03,413] {logging_mixin.py:115} INFO - [2022-07-31 06:58:03,413] {dag.py:2931} INFO - Setting next_dagrun for chain to 2022-07-27T06:25:00+00:00, run_after=2022-07-27T06:30:00+00:00
[2022-07-31 06:58:03,430] {processor.py:161} INFO - Processing /opt/airflow/dags/basic_dags/chain.py took 0.108 seconds
[2022-07-31 06:58:34,956] {processor.py:153} INFO - Started process (PID=607) to work on /opt/airflow/dags/basic_dags/chain.py
[2022-07-31 06:58:34,960] {processor.py:641} INFO - Processing file /opt/airflow/dags/basic_dags/chain.py for tasks to queue
[2022-07-31 06:58:34,967] {logging_mixin.py:115} INFO - [2022-07-31 06:58:34,967] {dagbag.py:507} INFO - Filling up the DagBag from /opt/airflow/dags/basic_dags/chain.py
[2022-07-31 06:58:34,990] {processor.py:651} INFO - DAG(s) dict_keys(['chain']) retrieved from /opt/airflow/dags/basic_dags/chain.py
[2022-07-31 06:58:35,066] {logging_mixin.py:115} INFO - [2022-07-31 06:58:35,066] {dag.py:2379} INFO - Sync 1 DAGs
[2022-07-31 06:58:35,141] {logging_mixin.py:115} INFO - [2022-07-31 06:58:35,141] {dag.py:2931} INFO - Setting next_dagrun for chain to 2022-07-27T06:25:00+00:00, run_after=2022-07-27T06:30:00+00:00
[2022-07-31 06:58:35,183] {processor.py:161} INFO - Processing /opt/airflow/dags/basic_dags/chain.py took 0.237 seconds
[2022-07-31 06:59:05,600] {processor.py:153} INFO - Started process (PID=684) to work on /opt/airflow/dags/basic_dags/chain.py
[2022-07-31 06:59:05,603] {processor.py:641} INFO - Processing file /opt/airflow/dags/basic_dags/chain.py for tasks to queue
[2022-07-31 06:59:05,606] {logging_mixin.py:115} INFO - [2022-07-31 06:59:05,606] {dagbag.py:507} INFO - Filling up the DagBag from /opt/airflow/dags/basic_dags/chain.py
[2022-07-31 06:59:05,617] {processor.py:651} INFO - DAG(s) dict_keys(['chain']) retrieved from /opt/airflow/dags/basic_dags/chain.py
[2022-07-31 06:59:05,651] {logging_mixin.py:115} INFO - [2022-07-31 06:59:05,651] {dag.py:2379} INFO - Sync 1 DAGs
[2022-07-31 06:59:05,689] {logging_mixin.py:115} INFO - [2022-07-31 06:59:05,688] {dag.py:2931} INFO - Setting next_dagrun for chain to 2022-07-27T06:25:00+00:00, run_after=2022-07-27T06:30:00+00:00
[2022-07-31 06:59:05,709] {processor.py:161} INFO - Processing /opt/airflow/dags/basic_dags/chain.py took 0.114 seconds
[2022-07-31 06:59:37,354] {processor.py:153} INFO - Started process (PID=756) to work on /opt/airflow/dags/basic_dags/chain.py
[2022-07-31 06:59:37,362] {processor.py:641} INFO - Processing file /opt/airflow/dags/basic_dags/chain.py for tasks to queue
[2022-07-31 06:59:37,365] {logging_mixin.py:115} INFO - [2022-07-31 06:59:37,365] {dagbag.py:507} INFO - Filling up the DagBag from /opt/airflow/dags/basic_dags/chain.py
[2022-07-31 06:59:37,392] {processor.py:651} INFO - DAG(s) dict_keys(['chain']) retrieved from /opt/airflow/dags/basic_dags/chain.py
[2022-07-31 06:59:37,575] {logging_mixin.py:115} INFO - [2022-07-31 06:59:37,575] {dag.py:2379} INFO - Sync 1 DAGs
[2022-07-31 06:59:37,701] {logging_mixin.py:115} INFO - [2022-07-31 06:59:37,695] {dag.py:2931} INFO - Setting next_dagrun for chain to 2022-07-27T06:25:00+00:00, run_after=2022-07-27T06:30:00+00:00
[2022-07-31 06:59:37,895] {processor.py:161} INFO - Processing /opt/airflow/dags/basic_dags/chain.py took 0.551 seconds
[2022-07-31 07:00:08,672] {processor.py:153} INFO - Started process (PID=841) to work on /opt/airflow/dags/basic_dags/chain.py
[2022-07-31 07:00:08,675] {processor.py:641} INFO - Processing file /opt/airflow/dags/basic_dags/chain.py for tasks to queue
[2022-07-31 07:00:08,678] {logging_mixin.py:115} INFO - [2022-07-31 07:00:08,678] {dagbag.py:507} INFO - Filling up the DagBag from /opt/airflow/dags/basic_dags/chain.py
[2022-07-31 07:00:08,690] {processor.py:651} INFO - DAG(s) dict_keys(['chain']) retrieved from /opt/airflow/dags/basic_dags/chain.py
[2022-07-31 07:00:08,736] {logging_mixin.py:115} INFO - [2022-07-31 07:00:08,736] {dag.py:2379} INFO - Sync 1 DAGs
[2022-07-31 07:00:08,771] {logging_mixin.py:115} INFO - [2022-07-31 07:00:08,771] {dag.py:2931} INFO - Setting next_dagrun for chain to 2022-07-27T06:25:00+00:00, run_after=2022-07-27T06:30:00+00:00
[2022-07-31 07:00:08,786] {processor.py:161} INFO - Processing /opt/airflow/dags/basic_dags/chain.py took 0.118 seconds
[2022-07-31 07:00:39,143] {processor.py:153} INFO - Started process (PID=912) to work on /opt/airflow/dags/basic_dags/chain.py
[2022-07-31 07:00:39,145] {processor.py:641} INFO - Processing file /opt/airflow/dags/basic_dags/chain.py for tasks to queue
[2022-07-31 07:00:39,145] {logging_mixin.py:115} INFO - [2022-07-31 07:00:39,145] {dagbag.py:507} INFO - Filling up the DagBag from /opt/airflow/dags/basic_dags/chain.py
[2022-07-31 07:00:39,172] {processor.py:651} INFO - DAG(s) dict_keys(['chain']) retrieved from /opt/airflow/dags/basic_dags/chain.py
[2022-07-31 07:00:39,238] {logging_mixin.py:115} INFO - [2022-07-31 07:00:39,237] {dag.py:2379} INFO - Sync 1 DAGs
[2022-07-31 07:00:39,312] {logging_mixin.py:115} INFO - [2022-07-31 07:00:39,312] {dag.py:2931} INFO - Setting next_dagrun for chain to 2022-07-27T06:25:00+00:00, run_after=2022-07-27T06:30:00+00:00
[2022-07-31 07:00:39,380] {processor.py:161} INFO - Processing /opt/airflow/dags/basic_dags/chain.py took 0.241 seconds
[2022-07-31 07:01:10,103] {processor.py:153} INFO - Started process (PID=991) to work on /opt/airflow/dags/basic_dags/chain.py
[2022-07-31 07:01:10,111] {processor.py:641} INFO - Processing file /opt/airflow/dags/basic_dags/chain.py for tasks to queue
[2022-07-31 07:01:10,112] {logging_mixin.py:115} INFO - [2022-07-31 07:01:10,112] {dagbag.py:507} INFO - Filling up the DagBag from /opt/airflow/dags/basic_dags/chain.py
[2022-07-31 07:01:10,130] {processor.py:651} INFO - DAG(s) dict_keys(['chain']) retrieved from /opt/airflow/dags/basic_dags/chain.py
[2022-07-31 07:01:10,195] {logging_mixin.py:115} INFO - [2022-07-31 07:01:10,195] {dag.py:2379} INFO - Sync 1 DAGs
[2022-07-31 07:01:10,291] {logging_mixin.py:115} INFO - [2022-07-31 07:01:10,291] {dag.py:2931} INFO - Setting next_dagrun for chain to 2022-07-27T06:25:00+00:00, run_after=2022-07-27T06:30:00+00:00
[2022-07-31 07:01:10,319] {processor.py:161} INFO - Processing /opt/airflow/dags/basic_dags/chain.py took 0.228 seconds
[2022-07-31 07:01:41,021] {processor.py:153} INFO - Started process (PID=1066) to work on /opt/airflow/dags/basic_dags/chain.py
[2022-07-31 07:01:41,024] {processor.py:641} INFO - Processing file /opt/airflow/dags/basic_dags/chain.py for tasks to queue
[2022-07-31 07:01:41,027] {logging_mixin.py:115} INFO - [2022-07-31 07:01:41,027] {dagbag.py:507} INFO - Filling up the DagBag from /opt/airflow/dags/basic_dags/chain.py
[2022-07-31 07:01:41,038] {processor.py:651} INFO - DAG(s) dict_keys(['chain']) retrieved from /opt/airflow/dags/basic_dags/chain.py
[2022-07-31 07:01:41,073] {logging_mixin.py:115} INFO - [2022-07-31 07:01:41,073] {dag.py:2379} INFO - Sync 1 DAGs
[2022-07-31 07:01:41,113] {logging_mixin.py:115} INFO - [2022-07-31 07:01:41,113] {dag.py:2931} INFO - Setting next_dagrun for chain to 2022-07-27T06:25:00+00:00, run_after=2022-07-27T06:30:00+00:00
[2022-07-31 07:01:41,130] {processor.py:161} INFO - Processing /opt/airflow/dags/basic_dags/chain.py took 0.113 seconds
[2022-07-31 07:02:11,664] {processor.py:153} INFO - Started process (PID=1139) to work on /opt/airflow/dags/basic_dags/chain.py
[2022-07-31 07:02:11,664] {processor.py:641} INFO - Processing file /opt/airflow/dags/basic_dags/chain.py for tasks to queue
[2022-07-31 07:02:11,665] {logging_mixin.py:115} INFO - [2022-07-31 07:02:11,665] {dagbag.py:507} INFO - Filling up the DagBag from /opt/airflow/dags/basic_dags/chain.py
[2022-07-31 07:02:11,675] {processor.py:651} INFO - DAG(s) dict_keys(['chain']) retrieved from /opt/airflow/dags/basic_dags/chain.py
[2022-07-31 07:02:11,708] {logging_mixin.py:115} INFO - [2022-07-31 07:02:11,707] {dag.py:2379} INFO - Sync 1 DAGs
[2022-07-31 07:02:11,749] {logging_mixin.py:115} INFO - [2022-07-31 07:02:11,748] {dag.py:2931} INFO - Setting next_dagrun for chain to 2022-07-27T06:25:00+00:00, run_after=2022-07-27T06:30:00+00:00
[2022-07-31 07:02:11,768] {processor.py:161} INFO - Processing /opt/airflow/dags/basic_dags/chain.py took 0.108 seconds
[2022-07-31 07:02:42,649] {processor.py:153} INFO - Started process (PID=1209) to work on /opt/airflow/dags/basic_dags/chain.py
[2022-07-31 07:02:42,655] {processor.py:641} INFO - Processing file /opt/airflow/dags/basic_dags/chain.py for tasks to queue
[2022-07-31 07:02:42,656] {logging_mixin.py:115} INFO - [2022-07-31 07:02:42,656] {dagbag.py:507} INFO - Filling up the DagBag from /opt/airflow/dags/basic_dags/chain.py
[2022-07-31 07:02:42,676] {processor.py:651} INFO - DAG(s) dict_keys(['chain']) retrieved from /opt/airflow/dags/basic_dags/chain.py
[2022-07-31 07:02:42,739] {logging_mixin.py:115} INFO - [2022-07-31 07:02:42,739] {dag.py:2379} INFO - Sync 1 DAGs
[2022-07-31 07:02:42,820] {logging_mixin.py:115} INFO - [2022-07-31 07:02:42,820] {dag.py:2931} INFO - Setting next_dagrun for chain to 2022-07-27T06:25:00+00:00, run_after=2022-07-27T06:30:00+00:00
[2022-07-31 07:02:42,876] {processor.py:161} INFO - Processing /opt/airflow/dags/basic_dags/chain.py took 0.230 seconds
