[2022-07-31 04:35:50,492] {processor.py:153} INFO - Started process (PID=89) to work on /opt/airflow/dags/basic_dags/retry_tasks.py
[2022-07-31 04:35:50,493] {processor.py:641} INFO - Processing file /opt/airflow/dags/basic_dags/retry_tasks.py for tasks to queue
[2022-07-31 04:35:50,494] {logging_mixin.py:115} INFO - [2022-07-31 04:35:50,494] {dagbag.py:507} INFO - Filling up the DagBag from /opt/airflow/dags/basic_dags/retry_tasks.py
[2022-07-31 04:35:50,526] {processor.py:651} INFO - DAG(s) dict_keys(['retry_tasks']) retrieved from /opt/airflow/dags/basic_dags/retry_tasks.py
[2022-07-31 04:35:50,941] {logging_mixin.py:115} INFO - [2022-07-31 04:35:50,941] {dag.py:2379} INFO - Sync 1 DAGs
[2022-07-31 04:35:51,969] {logging_mixin.py:115} INFO - [2022-07-31 04:35:51,969] {dag.py:2931} INFO - Setting next_dagrun for retry_tasks to 2022-07-24T06:00:00+00:00, run_after=2022-07-24T07:00:00+00:00
[2022-07-31 04:35:52,066] {processor.py:161} INFO - Processing /opt/airflow/dags/basic_dags/retry_tasks.py took 1.589 seconds
[2022-07-31 04:36:22,763] {processor.py:153} INFO - Started process (PID=164) to work on /opt/airflow/dags/basic_dags/retry_tasks.py
[2022-07-31 04:36:22,766] {processor.py:641} INFO - Processing file /opt/airflow/dags/basic_dags/retry_tasks.py for tasks to queue
[2022-07-31 04:36:22,771] {logging_mixin.py:115} INFO - [2022-07-31 04:36:22,770] {dagbag.py:507} INFO - Filling up the DagBag from /opt/airflow/dags/basic_dags/retry_tasks.py
[2022-07-31 04:36:22,784] {processor.py:651} INFO - DAG(s) dict_keys(['retry_tasks']) retrieved from /opt/airflow/dags/basic_dags/retry_tasks.py
[2022-07-31 04:36:22,814] {logging_mixin.py:115} INFO - [2022-07-31 04:36:22,814] {dag.py:2379} INFO - Sync 1 DAGs
[2022-07-31 04:36:22,854] {logging_mixin.py:115} INFO - [2022-07-31 04:36:22,854] {dag.py:2931} INFO - Setting next_dagrun for retry_tasks to 2022-07-24T06:00:00+00:00, run_after=2022-07-24T07:00:00+00:00
[2022-07-31 04:36:22,870] {processor.py:161} INFO - Processing /opt/airflow/dags/basic_dags/retry_tasks.py took 0.110 seconds
[2022-07-31 04:36:53,344] {processor.py:153} INFO - Started process (PID=249) to work on /opt/airflow/dags/basic_dags/retry_tasks.py
[2022-07-31 04:36:53,352] {processor.py:641} INFO - Processing file /opt/airflow/dags/basic_dags/retry_tasks.py for tasks to queue
[2022-07-31 04:36:53,355] {logging_mixin.py:115} INFO - [2022-07-31 04:36:53,355] {dagbag.py:507} INFO - Filling up the DagBag from /opt/airflow/dags/basic_dags/retry_tasks.py
[2022-07-31 04:36:53,467] {processor.py:651} INFO - DAG(s) dict_keys(['retry_tasks']) retrieved from /opt/airflow/dags/basic_dags/retry_tasks.py
[2022-07-31 04:36:54,021] {logging_mixin.py:115} INFO - [2022-07-31 04:36:54,021] {dag.py:2379} INFO - Sync 1 DAGs
[2022-07-31 04:36:54,736] {logging_mixin.py:115} INFO - [2022-07-31 04:36:54,735] {dag.py:2931} INFO - Setting next_dagrun for retry_tasks to 2022-07-24T06:00:00+00:00, run_after=2022-07-24T07:00:00+00:00
[2022-07-31 04:36:54,779] {processor.py:161} INFO - Processing /opt/airflow/dags/basic_dags/retry_tasks.py took 1.455 seconds
[2022-07-31 04:37:25,793] {processor.py:153} INFO - Started process (PID=324) to work on /opt/airflow/dags/basic_dags/retry_tasks.py
[2022-07-31 04:37:25,797] {processor.py:641} INFO - Processing file /opt/airflow/dags/basic_dags/retry_tasks.py for tasks to queue
[2022-07-31 04:37:25,800] {logging_mixin.py:115} INFO - [2022-07-31 04:37:25,799] {dagbag.py:507} INFO - Filling up the DagBag from /opt/airflow/dags/basic_dags/retry_tasks.py
[2022-07-31 04:37:25,817] {processor.py:651} INFO - DAG(s) dict_keys(['retry_tasks']) retrieved from /opt/airflow/dags/basic_dags/retry_tasks.py
[2022-07-31 04:37:25,854] {logging_mixin.py:115} INFO - [2022-07-31 04:37:25,854] {dag.py:2379} INFO - Sync 1 DAGs
[2022-07-31 04:37:25,886] {logging_mixin.py:115} INFO - [2022-07-31 04:37:25,886] {dag.py:2931} INFO - Setting next_dagrun for retry_tasks to 2022-07-24T06:00:00+00:00, run_after=2022-07-24T07:00:00+00:00
[2022-07-31 04:37:25,906] {processor.py:161} INFO - Processing /opt/airflow/dags/basic_dags/retry_tasks.py took 0.117 seconds
[2022-07-31 04:37:55,985] {processor.py:153} INFO - Started process (PID=398) to work on /opt/airflow/dags/basic_dags/retry_tasks.py
[2022-07-31 04:37:55,986] {processor.py:641} INFO - Processing file /opt/airflow/dags/basic_dags/retry_tasks.py for tasks to queue
[2022-07-31 04:37:55,986] {logging_mixin.py:115} INFO - [2022-07-31 04:37:55,986] {dagbag.py:507} INFO - Filling up the DagBag from /opt/airflow/dags/basic_dags/retry_tasks.py
[2022-07-31 04:37:56,025] {processor.py:651} INFO - DAG(s) dict_keys(['retry_tasks']) retrieved from /opt/airflow/dags/basic_dags/retry_tasks.py
[2022-07-31 04:37:56,071] {logging_mixin.py:115} INFO - [2022-07-31 04:37:56,071] {dag.py:2379} INFO - Sync 1 DAGs
[2022-07-31 04:37:56,198] {logging_mixin.py:115} INFO - [2022-07-31 04:37:56,198] {dag.py:2931} INFO - Setting next_dagrun for retry_tasks to 2022-07-24T06:00:00+00:00, run_after=2022-07-24T07:00:00+00:00
[2022-07-31 04:37:56,261] {processor.py:161} INFO - Processing /opt/airflow/dags/basic_dags/retry_tasks.py took 0.290 seconds
[2022-07-31 04:38:26,588] {processor.py:153} INFO - Started process (PID=478) to work on /opt/airflow/dags/basic_dags/retry_tasks.py
[2022-07-31 04:38:26,597] {processor.py:641} INFO - Processing file /opt/airflow/dags/basic_dags/retry_tasks.py for tasks to queue
[2022-07-31 04:38:26,597] {logging_mixin.py:115} INFO - [2022-07-31 04:38:26,597] {dagbag.py:507} INFO - Filling up the DagBag from /opt/airflow/dags/basic_dags/retry_tasks.py
[2022-07-31 04:38:26,616] {processor.py:651} INFO - DAG(s) dict_keys(['retry_tasks']) retrieved from /opt/airflow/dags/basic_dags/retry_tasks.py
[2022-07-31 04:38:26,780] {logging_mixin.py:115} INFO - [2022-07-31 04:38:26,780] {dag.py:2379} INFO - Sync 1 DAGs
[2022-07-31 04:38:27,052] {logging_mixin.py:115} INFO - [2022-07-31 04:38:27,052] {dag.py:2931} INFO - Setting next_dagrun for retry_tasks to 2022-07-24T06:00:00+00:00, run_after=2022-07-24T07:00:00+00:00
[2022-07-31 04:38:27,078] {processor.py:161} INFO - Processing /opt/airflow/dags/basic_dags/retry_tasks.py took 0.493 seconds
[2022-07-31 04:38:57,657] {processor.py:153} INFO - Started process (PID=550) to work on /opt/airflow/dags/basic_dags/retry_tasks.py
[2022-07-31 04:38:57,670] {processor.py:641} INFO - Processing file /opt/airflow/dags/basic_dags/retry_tasks.py for tasks to queue
[2022-07-31 04:38:57,673] {logging_mixin.py:115} INFO - [2022-07-31 04:38:57,673] {dagbag.py:507} INFO - Filling up the DagBag from /opt/airflow/dags/basic_dags/retry_tasks.py
[2022-07-31 04:38:57,704] {processor.py:651} INFO - DAG(s) dict_keys(['retry_tasks']) retrieved from /opt/airflow/dags/basic_dags/retry_tasks.py
[2022-07-31 04:38:57,749] {logging_mixin.py:115} INFO - [2022-07-31 04:38:57,749] {dag.py:2379} INFO - Sync 1 DAGs
[2022-07-31 04:38:57,822] {logging_mixin.py:115} INFO - [2022-07-31 04:38:57,822] {dag.py:2931} INFO - Setting next_dagrun for retry_tasks to 2022-07-24T06:00:00+00:00, run_after=2022-07-24T07:00:00+00:00
[2022-07-31 04:38:57,854] {processor.py:161} INFO - Processing /opt/airflow/dags/basic_dags/retry_tasks.py took 0.200 seconds
[2022-07-31 04:39:28,196] {processor.py:153} INFO - Started process (PID=631) to work on /opt/airflow/dags/basic_dags/retry_tasks.py
[2022-07-31 04:39:28,207] {processor.py:641} INFO - Processing file /opt/airflow/dags/basic_dags/retry_tasks.py for tasks to queue
[2022-07-31 04:39:28,209] {logging_mixin.py:115} INFO - [2022-07-31 04:39:28,209] {dagbag.py:507} INFO - Filling up the DagBag from /opt/airflow/dags/basic_dags/retry_tasks.py
[2022-07-31 04:39:28,236] {processor.py:651} INFO - DAG(s) dict_keys(['retry_tasks']) retrieved from /opt/airflow/dags/basic_dags/retry_tasks.py
[2022-07-31 04:39:28,271] {logging_mixin.py:115} INFO - [2022-07-31 04:39:28,271] {dag.py:2379} INFO - Sync 1 DAGs
[2022-07-31 04:39:28,318] {logging_mixin.py:115} INFO - [2022-07-31 04:39:28,317] {dag.py:2931} INFO - Setting next_dagrun for retry_tasks to 2022-07-24T06:00:00+00:00, run_after=2022-07-24T07:00:00+00:00
[2022-07-31 04:39:28,339] {processor.py:161} INFO - Processing /opt/airflow/dags/basic_dags/retry_tasks.py took 0.147 seconds
[2022-07-31 04:39:59,139] {processor.py:153} INFO - Started process (PID=702) to work on /opt/airflow/dags/basic_dags/retry_tasks.py
[2022-07-31 04:39:59,140] {processor.py:641} INFO - Processing file /opt/airflow/dags/basic_dags/retry_tasks.py for tasks to queue
[2022-07-31 04:39:59,141] {logging_mixin.py:115} INFO - [2022-07-31 04:39:59,141] {dagbag.py:507} INFO - Filling up the DagBag from /opt/airflow/dags/basic_dags/retry_tasks.py
[2022-07-31 04:39:59,155] {processor.py:651} INFO - DAG(s) dict_keys(['retry_tasks']) retrieved from /opt/airflow/dags/basic_dags/retry_tasks.py
[2022-07-31 04:39:59,299] {logging_mixin.py:115} INFO - [2022-07-31 04:39:59,299] {dag.py:2379} INFO - Sync 1 DAGs
[2022-07-31 04:39:59,600] {logging_mixin.py:115} INFO - [2022-07-31 04:39:59,600] {dag.py:2931} INFO - Setting next_dagrun for retry_tasks to 2022-07-24T06:00:00+00:00, run_after=2022-07-24T07:00:00+00:00
[2022-07-31 04:39:59,630] {processor.py:161} INFO - Processing /opt/airflow/dags/basic_dags/retry_tasks.py took 0.495 seconds
[2022-07-31 04:40:29,709] {processor.py:153} INFO - Started process (PID=777) to work on /opt/airflow/dags/basic_dags/retry_tasks.py
[2022-07-31 04:40:29,710] {processor.py:641} INFO - Processing file /opt/airflow/dags/basic_dags/retry_tasks.py for tasks to queue
[2022-07-31 04:40:29,710] {logging_mixin.py:115} INFO - [2022-07-31 04:40:29,710] {dagbag.py:507} INFO - Filling up the DagBag from /opt/airflow/dags/basic_dags/retry_tasks.py
[2022-07-31 04:40:29,721] {processor.py:651} INFO - DAG(s) dict_keys(['retry_tasks']) retrieved from /opt/airflow/dags/basic_dags/retry_tasks.py
[2022-07-31 04:40:29,763] {logging_mixin.py:115} INFO - [2022-07-31 04:40:29,763] {dag.py:2379} INFO - Sync 1 DAGs
[2022-07-31 04:40:29,811] {logging_mixin.py:115} INFO - [2022-07-31 04:40:29,810] {dag.py:2931} INFO - Setting next_dagrun for retry_tasks to 2022-07-24T06:00:00+00:00, run_after=2022-07-24T07:00:00+00:00
[2022-07-31 04:40:29,826] {processor.py:161} INFO - Processing /opt/airflow/dags/basic_dags/retry_tasks.py took 0.121 seconds
[2022-07-31 04:40:59,865] {processor.py:153} INFO - Started process (PID=858) to work on /opt/airflow/dags/basic_dags/retry_tasks.py
[2022-07-31 04:40:59,880] {processor.py:641} INFO - Processing file /opt/airflow/dags/basic_dags/retry_tasks.py for tasks to queue
[2022-07-31 04:40:59,881] {logging_mixin.py:115} INFO - [2022-07-31 04:40:59,881] {dagbag.py:507} INFO - Filling up the DagBag from /opt/airflow/dags/basic_dags/retry_tasks.py
[2022-07-31 04:40:59,913] {processor.py:651} INFO - DAG(s) dict_keys(['retry_tasks']) retrieved from /opt/airflow/dags/basic_dags/retry_tasks.py
[2022-07-31 04:40:59,968] {logging_mixin.py:115} INFO - [2022-07-31 04:40:59,967] {dag.py:2379} INFO - Sync 1 DAGs
[2022-07-31 04:41:00,087] {logging_mixin.py:115} INFO - [2022-07-31 04:41:00,087] {dag.py:2931} INFO - Setting next_dagrun for retry_tasks to 2022-07-24T06:00:00+00:00, run_after=2022-07-24T07:00:00+00:00
[2022-07-31 04:41:00,156] {processor.py:161} INFO - Processing /opt/airflow/dags/basic_dags/retry_tasks.py took 0.295 seconds
[2022-07-31 04:41:30,577] {processor.py:153} INFO - Started process (PID=933) to work on /opt/airflow/dags/basic_dags/retry_tasks.py
[2022-07-31 04:41:30,580] {processor.py:641} INFO - Processing file /opt/airflow/dags/basic_dags/retry_tasks.py for tasks to queue
[2022-07-31 04:41:30,583] {logging_mixin.py:115} INFO - [2022-07-31 04:41:30,583] {dagbag.py:507} INFO - Filling up the DagBag from /opt/airflow/dags/basic_dags/retry_tasks.py
[2022-07-31 04:41:30,600] {processor.py:651} INFO - DAG(s) dict_keys(['retry_tasks']) retrieved from /opt/airflow/dags/basic_dags/retry_tasks.py
[2022-07-31 04:41:30,701] {logging_mixin.py:115} INFO - [2022-07-31 04:41:30,701] {dag.py:2379} INFO - Sync 1 DAGs
[2022-07-31 04:41:31,032] {logging_mixin.py:115} INFO - [2022-07-31 04:41:31,031] {dag.py:2931} INFO - Setting next_dagrun for retry_tasks to 2022-07-24T06:00:00+00:00, run_after=2022-07-24T07:00:00+00:00
[2022-07-31 04:41:31,076] {processor.py:161} INFO - Processing /opt/airflow/dags/basic_dags/retry_tasks.py took 0.503 seconds
[2022-07-31 04:42:01,169] {processor.py:153} INFO - Started process (PID=1015) to work on /opt/airflow/dags/basic_dags/retry_tasks.py
[2022-07-31 04:42:01,177] {processor.py:641} INFO - Processing file /opt/airflow/dags/basic_dags/retry_tasks.py for tasks to queue
[2022-07-31 04:42:01,180] {logging_mixin.py:115} INFO - [2022-07-31 04:42:01,180] {dagbag.py:507} INFO - Filling up the DagBag from /opt/airflow/dags/basic_dags/retry_tasks.py
[2022-07-31 04:42:01,213] {processor.py:651} INFO - DAG(s) dict_keys(['retry_tasks']) retrieved from /opt/airflow/dags/basic_dags/retry_tasks.py
[2022-07-31 04:42:01,276] {logging_mixin.py:115} INFO - [2022-07-31 04:42:01,275] {dag.py:2379} INFO - Sync 1 DAGs
[2022-07-31 04:42:01,357] {logging_mixin.py:115} INFO - [2022-07-31 04:42:01,357] {dag.py:2931} INFO - Setting next_dagrun for retry_tasks to 2022-07-24T06:00:00+00:00, run_after=2022-07-24T07:00:00+00:00
[2022-07-31 04:42:01,406] {processor.py:161} INFO - Processing /opt/airflow/dags/basic_dags/retry_tasks.py took 0.245 seconds
[2022-07-31 04:42:31,709] {processor.py:153} INFO - Started process (PID=1088) to work on /opt/airflow/dags/basic_dags/retry_tasks.py
[2022-07-31 04:42:31,710] {processor.py:641} INFO - Processing file /opt/airflow/dags/basic_dags/retry_tasks.py for tasks to queue
[2022-07-31 04:42:31,711] {logging_mixin.py:115} INFO - [2022-07-31 04:42:31,711] {dagbag.py:507} INFO - Filling up the DagBag from /opt/airflow/dags/basic_dags/retry_tasks.py
[2022-07-31 04:42:31,737] {processor.py:651} INFO - DAG(s) dict_keys(['retry_tasks']) retrieved from /opt/airflow/dags/basic_dags/retry_tasks.py
[2022-07-31 04:42:31,787] {logging_mixin.py:115} INFO - [2022-07-31 04:42:31,787] {dag.py:2379} INFO - Sync 1 DAGs
[2022-07-31 04:42:31,853] {logging_mixin.py:115} INFO - [2022-07-31 04:42:31,851] {dag.py:2931} INFO - Setting next_dagrun for retry_tasks to 2022-07-24T06:00:00+00:00, run_after=2022-07-24T07:00:00+00:00
[2022-07-31 04:42:31,882] {processor.py:161} INFO - Processing /opt/airflow/dags/basic_dags/retry_tasks.py took 0.179 seconds
