[2022-07-31 04:35:52,118] {processor.py:153} INFO - Started process (PID=92) to work on /opt/airflow/dags/basic_dags/start_before_current.py
[2022-07-31 04:35:52,119] {processor.py:641} INFO - Processing file /opt/airflow/dags/basic_dags/start_before_current.py for tasks to queue
[2022-07-31 04:35:52,120] {logging_mixin.py:115} INFO - [2022-07-31 04:35:52,120] {dagbag.py:507} INFO - Filling up the DagBag from /opt/airflow/dags/basic_dags/start_before_current.py
[2022-07-31 04:35:52,156] {processor.py:651} INFO - DAG(s) dict_keys(['start_before_current']) retrieved from /opt/airflow/dags/basic_dags/start_before_current.py
[2022-07-31 04:35:52,334] {logging_mixin.py:115} INFO - [2022-07-31 04:35:52,334] {dag.py:2379} INFO - Sync 1 DAGs
[2022-07-31 04:35:52,640] {logging_mixin.py:115} INFO - [2022-07-31 04:35:52,640] {dag.py:2931} INFO - Setting next_dagrun for start_before_current to 2022-07-25T07:00:00+00:00, run_after=2022-07-25T08:00:00+00:00
[2022-07-31 04:35:52,737] {processor.py:161} INFO - Processing /opt/airflow/dags/basic_dags/start_before_current.py took 0.647 seconds
[2022-07-31 04:36:22,893] {processor.py:153} INFO - Started process (PID=166) to work on /opt/airflow/dags/basic_dags/start_before_current.py
[2022-07-31 04:36:22,894] {processor.py:641} INFO - Processing file /opt/airflow/dags/basic_dags/start_before_current.py for tasks to queue
[2022-07-31 04:36:22,894] {logging_mixin.py:115} INFO - [2022-07-31 04:36:22,894] {dagbag.py:507} INFO - Filling up the DagBag from /opt/airflow/dags/basic_dags/start_before_current.py
[2022-07-31 04:36:22,903] {processor.py:651} INFO - DAG(s) dict_keys(['start_before_current']) retrieved from /opt/airflow/dags/basic_dags/start_before_current.py
[2022-07-31 04:36:22,979] {logging_mixin.py:115} INFO - [2022-07-31 04:36:22,979] {dag.py:2379} INFO - Sync 1 DAGs
[2022-07-31 04:36:23,038] {logging_mixin.py:115} INFO - [2022-07-31 04:36:23,037] {dag.py:2931} INFO - Setting next_dagrun for start_before_current to 2022-07-25T07:00:00+00:00, run_after=2022-07-25T08:00:00+00:00
[2022-07-31 04:36:23,069] {processor.py:161} INFO - Processing /opt/airflow/dags/basic_dags/start_before_current.py took 0.180 seconds
[2022-07-31 04:36:53,677] {processor.py:153} INFO - Started process (PID=251) to work on /opt/airflow/dags/basic_dags/start_before_current.py
[2022-07-31 04:36:53,688] {processor.py:641} INFO - Processing file /opt/airflow/dags/basic_dags/start_before_current.py for tasks to queue
[2022-07-31 04:36:53,689] {logging_mixin.py:115} INFO - [2022-07-31 04:36:53,689] {dagbag.py:507} INFO - Filling up the DagBag from /opt/airflow/dags/basic_dags/start_before_current.py
[2022-07-31 04:36:53,717] {processor.py:651} INFO - DAG(s) dict_keys(['start_before_current']) retrieved from /opt/airflow/dags/basic_dags/start_before_current.py
[2022-07-31 04:36:53,875] {logging_mixin.py:115} INFO - [2022-07-31 04:36:53,875] {dag.py:2379} INFO - Sync 1 DAGs
[2022-07-31 04:36:54,057] {logging_mixin.py:115} INFO - [2022-07-31 04:36:54,057] {dag.py:2931} INFO - Setting next_dagrun for start_before_current to 2022-07-25T07:00:00+00:00, run_after=2022-07-25T08:00:00+00:00
[2022-07-31 04:36:54,154] {processor.py:161} INFO - Processing /opt/airflow/dags/basic_dags/start_before_current.py took 0.499 seconds
[2022-07-31 04:37:24,664] {processor.py:153} INFO - Started process (PID=322) to work on /opt/airflow/dags/basic_dags/start_before_current.py
[2022-07-31 04:37:24,665] {processor.py:641} INFO - Processing file /opt/airflow/dags/basic_dags/start_before_current.py for tasks to queue
[2022-07-31 04:37:24,665] {logging_mixin.py:115} INFO - [2022-07-31 04:37:24,665] {dagbag.py:507} INFO - Filling up the DagBag from /opt/airflow/dags/basic_dags/start_before_current.py
[2022-07-31 04:37:24,674] {processor.py:651} INFO - DAG(s) dict_keys(['start_before_current']) retrieved from /opt/airflow/dags/basic_dags/start_before_current.py
[2022-07-31 04:37:24,719] {logging_mixin.py:115} INFO - [2022-07-31 04:37:24,719] {dag.py:2379} INFO - Sync 1 DAGs
[2022-07-31 04:37:24,759] {logging_mixin.py:115} INFO - [2022-07-31 04:37:24,759] {dag.py:2931} INFO - Setting next_dagrun for start_before_current to 2022-07-25T07:00:00+00:00, run_after=2022-07-25T08:00:00+00:00
[2022-07-31 04:37:24,779] {processor.py:161} INFO - Processing /opt/airflow/dags/basic_dags/start_before_current.py took 0.119 seconds
[2022-07-31 04:37:54,955] {processor.py:153} INFO - Started process (PID=396) to work on /opt/airflow/dags/basic_dags/start_before_current.py
[2022-07-31 04:37:54,956] {processor.py:641} INFO - Processing file /opt/airflow/dags/basic_dags/start_before_current.py for tasks to queue
[2022-07-31 04:37:54,956] {logging_mixin.py:115} INFO - [2022-07-31 04:37:54,956] {dagbag.py:507} INFO - Filling up the DagBag from /opt/airflow/dags/basic_dags/start_before_current.py
[2022-07-31 04:37:54,975] {processor.py:651} INFO - DAG(s) dict_keys(['start_before_current']) retrieved from /opt/airflow/dags/basic_dags/start_before_current.py
[2022-07-31 04:37:55,042] {logging_mixin.py:115} INFO - [2022-07-31 04:37:55,042] {dag.py:2379} INFO - Sync 1 DAGs
[2022-07-31 04:37:55,142] {logging_mixin.py:115} INFO - [2022-07-31 04:37:55,142] {dag.py:2931} INFO - Setting next_dagrun for start_before_current to 2022-07-25T07:00:00+00:00, run_after=2022-07-25T08:00:00+00:00
[2022-07-31 04:37:55,181] {processor.py:161} INFO - Processing /opt/airflow/dags/basic_dags/start_before_current.py took 0.238 seconds
[2022-07-31 04:38:25,430] {processor.py:153} INFO - Started process (PID=474) to work on /opt/airflow/dags/basic_dags/start_before_current.py
[2022-07-31 04:38:25,433] {processor.py:641} INFO - Processing file /opt/airflow/dags/basic_dags/start_before_current.py for tasks to queue
[2022-07-31 04:38:25,435] {logging_mixin.py:115} INFO - [2022-07-31 04:38:25,435] {dagbag.py:507} INFO - Filling up the DagBag from /opt/airflow/dags/basic_dags/start_before_current.py
[2022-07-31 04:38:25,452] {processor.py:651} INFO - DAG(s) dict_keys(['start_before_current']) retrieved from /opt/airflow/dags/basic_dags/start_before_current.py
[2022-07-31 04:38:25,495] {logging_mixin.py:115} INFO - [2022-07-31 04:38:25,494] {dag.py:2379} INFO - Sync 1 DAGs
[2022-07-31 04:38:25,539] {logging_mixin.py:115} INFO - [2022-07-31 04:38:25,539] {dag.py:2931} INFO - Setting next_dagrun for start_before_current to 2022-07-25T07:00:00+00:00, run_after=2022-07-25T08:00:00+00:00
[2022-07-31 04:38:25,556] {processor.py:161} INFO - Processing /opt/airflow/dags/basic_dags/start_before_current.py took 0.137 seconds
[2022-07-31 04:38:56,417] {processor.py:153} INFO - Started process (PID=548) to work on /opt/airflow/dags/basic_dags/start_before_current.py
[2022-07-31 04:38:56,418] {processor.py:641} INFO - Processing file /opt/airflow/dags/basic_dags/start_before_current.py for tasks to queue
[2022-07-31 04:38:56,419] {logging_mixin.py:115} INFO - [2022-07-31 04:38:56,419] {dagbag.py:507} INFO - Filling up the DagBag from /opt/airflow/dags/basic_dags/start_before_current.py
[2022-07-31 04:38:56,433] {processor.py:651} INFO - DAG(s) dict_keys(['start_before_current']) retrieved from /opt/airflow/dags/basic_dags/start_before_current.py
[2022-07-31 04:38:56,494] {logging_mixin.py:115} INFO - [2022-07-31 04:38:56,494] {dag.py:2379} INFO - Sync 1 DAGs
[2022-07-31 04:38:56,570] {logging_mixin.py:115} INFO - [2022-07-31 04:38:56,568] {dag.py:2931} INFO - Setting next_dagrun for start_before_current to 2022-07-25T07:00:00+00:00, run_after=2022-07-25T08:00:00+00:00
[2022-07-31 04:38:56,608] {processor.py:161} INFO - Processing /opt/airflow/dags/basic_dags/start_before_current.py took 0.195 seconds
[2022-07-31 04:39:26,865] {processor.py:153} INFO - Started process (PID=626) to work on /opt/airflow/dags/basic_dags/start_before_current.py
[2022-07-31 04:39:26,872] {processor.py:641} INFO - Processing file /opt/airflow/dags/basic_dags/start_before_current.py for tasks to queue
[2022-07-31 04:39:26,879] {logging_mixin.py:115} INFO - [2022-07-31 04:39:26,879] {dagbag.py:507} INFO - Filling up the DagBag from /opt/airflow/dags/basic_dags/start_before_current.py
[2022-07-31 04:39:26,923] {processor.py:651} INFO - DAG(s) dict_keys(['start_before_current']) retrieved from /opt/airflow/dags/basic_dags/start_before_current.py
[2022-07-31 04:39:27,009] {logging_mixin.py:115} INFO - [2022-07-31 04:39:27,009] {dag.py:2379} INFO - Sync 1 DAGs
[2022-07-31 04:39:27,103] {logging_mixin.py:115} INFO - [2022-07-31 04:39:27,102] {dag.py:2931} INFO - Setting next_dagrun for start_before_current to 2022-07-25T07:00:00+00:00, run_after=2022-07-25T08:00:00+00:00
[2022-07-31 04:39:27,138] {processor.py:161} INFO - Processing /opt/airflow/dags/basic_dags/start_before_current.py took 0.299 seconds
[2022-07-31 04:39:57,848] {processor.py:153} INFO - Started process (PID=700) to work on /opt/airflow/dags/basic_dags/start_before_current.py
[2022-07-31 04:39:57,850] {processor.py:641} INFO - Processing file /opt/airflow/dags/basic_dags/start_before_current.py for tasks to queue
[2022-07-31 04:39:57,851] {logging_mixin.py:115} INFO - [2022-07-31 04:39:57,851] {dagbag.py:507} INFO - Filling up the DagBag from /opt/airflow/dags/basic_dags/start_before_current.py
[2022-07-31 04:39:57,861] {processor.py:651} INFO - DAG(s) dict_keys(['start_before_current']) retrieved from /opt/airflow/dags/basic_dags/start_before_current.py
[2022-07-31 04:39:57,961] {logging_mixin.py:115} INFO - [2022-07-31 04:39:57,961] {dag.py:2379} INFO - Sync 1 DAGs
[2022-07-31 04:39:58,072] {logging_mixin.py:115} INFO - [2022-07-31 04:39:58,072] {dag.py:2931} INFO - Setting next_dagrun for start_before_current to 2022-07-25T07:00:00+00:00, run_after=2022-07-25T08:00:00+00:00
[2022-07-31 04:39:58,114] {processor.py:161} INFO - Processing /opt/airflow/dags/basic_dags/start_before_current.py took 0.270 seconds
[2022-07-31 04:40:28,165] {processor.py:153} INFO - Started process (PID=773) to work on /opt/airflow/dags/basic_dags/start_before_current.py
[2022-07-31 04:40:28,166] {processor.py:641} INFO - Processing file /opt/airflow/dags/basic_dags/start_before_current.py for tasks to queue
[2022-07-31 04:40:28,166] {logging_mixin.py:115} INFO - [2022-07-31 04:40:28,166] {dagbag.py:507} INFO - Filling up the DagBag from /opt/airflow/dags/basic_dags/start_before_current.py
[2022-07-31 04:40:28,175] {processor.py:651} INFO - DAG(s) dict_keys(['start_before_current']) retrieved from /opt/airflow/dags/basic_dags/start_before_current.py
[2022-07-31 04:40:28,215] {logging_mixin.py:115} INFO - [2022-07-31 04:40:28,215] {dag.py:2379} INFO - Sync 1 DAGs
[2022-07-31 04:40:28,248] {logging_mixin.py:115} INFO - [2022-07-31 04:40:28,247] {dag.py:2931} INFO - Setting next_dagrun for start_before_current to 2022-07-25T07:00:00+00:00, run_after=2022-07-25T08:00:00+00:00
[2022-07-31 04:40:28,266] {processor.py:161} INFO - Processing /opt/airflow/dags/basic_dags/start_before_current.py took 0.104 seconds
[2022-07-31 04:40:58,434] {processor.py:153} INFO - Started process (PID=853) to work on /opt/airflow/dags/basic_dags/start_before_current.py
[2022-07-31 04:40:58,454] {processor.py:641} INFO - Processing file /opt/airflow/dags/basic_dags/start_before_current.py for tasks to queue
[2022-07-31 04:40:58,456] {logging_mixin.py:115} INFO - [2022-07-31 04:40:58,456] {dagbag.py:507} INFO - Filling up the DagBag from /opt/airflow/dags/basic_dags/start_before_current.py
[2022-07-31 04:40:58,522] {processor.py:651} INFO - DAG(s) dict_keys(['start_before_current']) retrieved from /opt/airflow/dags/basic_dags/start_before_current.py
[2022-07-31 04:40:58,686] {logging_mixin.py:115} INFO - [2022-07-31 04:40:58,686] {dag.py:2379} INFO - Sync 1 DAGs
[2022-07-31 04:40:58,797] {logging_mixin.py:115} INFO - [2022-07-31 04:40:58,797] {dag.py:2931} INFO - Setting next_dagrun for start_before_current to 2022-07-25T07:00:00+00:00, run_after=2022-07-25T08:00:00+00:00
[2022-07-31 04:40:58,845] {processor.py:161} INFO - Processing /opt/airflow/dags/basic_dags/start_before_current.py took 0.433 seconds
[2022-07-31 04:41:29,310] {processor.py:153} INFO - Started process (PID=931) to work on /opt/airflow/dags/basic_dags/start_before_current.py
[2022-07-31 04:41:29,314] {processor.py:641} INFO - Processing file /opt/airflow/dags/basic_dags/start_before_current.py for tasks to queue
[2022-07-31 04:41:29,317] {logging_mixin.py:115} INFO - [2022-07-31 04:41:29,317] {dagbag.py:507} INFO - Filling up the DagBag from /opt/airflow/dags/basic_dags/start_before_current.py
[2022-07-31 04:41:29,341] {processor.py:651} INFO - DAG(s) dict_keys(['start_before_current']) retrieved from /opt/airflow/dags/basic_dags/start_before_current.py
[2022-07-31 04:41:29,414] {logging_mixin.py:115} INFO - [2022-07-31 04:41:29,414] {dag.py:2379} INFO - Sync 1 DAGs
[2022-07-31 04:41:29,501] {logging_mixin.py:115} INFO - [2022-07-31 04:41:29,497] {dag.py:2931} INFO - Setting next_dagrun for start_before_current to 2022-07-25T07:00:00+00:00, run_after=2022-07-25T08:00:00+00:00
[2022-07-31 04:41:29,536] {processor.py:161} INFO - Processing /opt/airflow/dags/basic_dags/start_before_current.py took 0.242 seconds
[2022-07-31 04:41:59,892] {processor.py:153} INFO - Started process (PID=1005) to work on /opt/airflow/dags/basic_dags/start_before_current.py
[2022-07-31 04:41:59,898] {processor.py:641} INFO - Processing file /opt/airflow/dags/basic_dags/start_before_current.py for tasks to queue
[2022-07-31 04:41:59,899] {logging_mixin.py:115} INFO - [2022-07-31 04:41:59,899] {dagbag.py:507} INFO - Filling up the DagBag from /opt/airflow/dags/basic_dags/start_before_current.py
[2022-07-31 04:41:59,920] {processor.py:651} INFO - DAG(s) dict_keys(['start_before_current']) retrieved from /opt/airflow/dags/basic_dags/start_before_current.py
[2022-07-31 04:41:59,996] {logging_mixin.py:115} INFO - [2022-07-31 04:41:59,996] {dag.py:2379} INFO - Sync 1 DAGs
[2022-07-31 04:42:00,083] {logging_mixin.py:115} INFO - [2022-07-31 04:42:00,083] {dag.py:2931} INFO - Setting next_dagrun for start_before_current to 2022-07-25T07:00:00+00:00, run_after=2022-07-25T08:00:00+00:00
[2022-07-31 04:42:00,118] {processor.py:161} INFO - Processing /opt/airflow/dags/basic_dags/start_before_current.py took 0.237 seconds
[2022-07-31 04:42:31,253] {processor.py:153} INFO - Started process (PID=1086) to work on /opt/airflow/dags/basic_dags/start_before_current.py
[2022-07-31 04:42:31,261] {processor.py:641} INFO - Processing file /opt/airflow/dags/basic_dags/start_before_current.py for tasks to queue
[2022-07-31 04:42:31,262] {logging_mixin.py:115} INFO - [2022-07-31 04:42:31,262] {dagbag.py:507} INFO - Filling up the DagBag from /opt/airflow/dags/basic_dags/start_before_current.py
[2022-07-31 04:42:31,289] {processor.py:651} INFO - DAG(s) dict_keys(['start_before_current']) retrieved from /opt/airflow/dags/basic_dags/start_before_current.py
[2022-07-31 04:42:31,357] {logging_mixin.py:115} INFO - [2022-07-31 04:42:31,357] {dag.py:2379} INFO - Sync 1 DAGs
[2022-07-31 04:42:31,467] {logging_mixin.py:115} INFO - [2022-07-31 04:42:31,467] {dag.py:2931} INFO - Setting next_dagrun for start_before_current to 2022-07-25T07:00:00+00:00, run_after=2022-07-25T08:00:00+00:00
[2022-07-31 04:42:31,530] {processor.py:161} INFO - Processing /opt/airflow/dags/basic_dags/start_before_current.py took 0.297 seconds
[2022-07-31 06:55:00,766] {processor.py:153} INFO - Started process (PID=92) to work on /opt/airflow/dags/basic_dags/start_before_current.py
[2022-07-31 06:55:00,771] {processor.py:641} INFO - Processing file /opt/airflow/dags/basic_dags/start_before_current.py for tasks to queue
[2022-07-31 06:55:00,772] {logging_mixin.py:115} INFO - [2022-07-31 06:55:00,772] {dagbag.py:507} INFO - Filling up the DagBag from /opt/airflow/dags/basic_dags/start_before_current.py
[2022-07-31 06:55:00,844] {processor.py:651} INFO - DAG(s) dict_keys(['start_before_current']) retrieved from /opt/airflow/dags/basic_dags/start_before_current.py
[2022-07-31 06:55:01,046] {logging_mixin.py:115} INFO - [2022-07-31 06:55:01,045] {dag.py:2379} INFO - Sync 1 DAGs
[2022-07-31 06:55:01,273] {logging_mixin.py:115} INFO - [2022-07-31 06:55:01,272] {dag.py:2931} INFO - Setting next_dagrun for start_before_current to 2022-07-25T07:00:00+00:00, run_after=2022-07-25T08:00:00+00:00
[2022-07-31 06:55:01,347] {processor.py:161} INFO - Processing /opt/airflow/dags/basic_dags/start_before_current.py took 0.610 seconds
[2022-07-31 06:55:32,671] {processor.py:153} INFO - Started process (PID=164) to work on /opt/airflow/dags/basic_dags/start_before_current.py
[2022-07-31 06:55:32,691] {processor.py:641} INFO - Processing file /opt/airflow/dags/basic_dags/start_before_current.py for tasks to queue
[2022-07-31 06:55:32,692] {logging_mixin.py:115} INFO - [2022-07-31 06:55:32,692] {dagbag.py:507} INFO - Filling up the DagBag from /opt/airflow/dags/basic_dags/start_before_current.py
[2022-07-31 06:55:32,701] {processor.py:651} INFO - DAG(s) dict_keys(['start_before_current']) retrieved from /opt/airflow/dags/basic_dags/start_before_current.py
[2022-07-31 06:55:32,809] {logging_mixin.py:115} INFO - [2022-07-31 06:55:32,809] {dag.py:2379} INFO - Sync 1 DAGs
[2022-07-31 06:55:32,988] {logging_mixin.py:115} INFO - [2022-07-31 06:55:32,988] {dag.py:2931} INFO - Setting next_dagrun for start_before_current to 2022-07-25T07:00:00+00:00, run_after=2022-07-25T08:00:00+00:00
[2022-07-31 06:55:33,063] {processor.py:161} INFO - Processing /opt/airflow/dags/basic_dags/start_before_current.py took 0.412 seconds
[2022-07-31 06:56:03,888] {processor.py:153} INFO - Started process (PID=235) to work on /opt/airflow/dags/basic_dags/start_before_current.py
[2022-07-31 06:56:03,889] {processor.py:641} INFO - Processing file /opt/airflow/dags/basic_dags/start_before_current.py for tasks to queue
[2022-07-31 06:56:03,890] {logging_mixin.py:115} INFO - [2022-07-31 06:56:03,890] {dagbag.py:507} INFO - Filling up the DagBag from /opt/airflow/dags/basic_dags/start_before_current.py
[2022-07-31 06:56:03,931] {processor.py:651} INFO - DAG(s) dict_keys(['start_before_current']) retrieved from /opt/airflow/dags/basic_dags/start_before_current.py
[2022-07-31 06:56:04,089] {logging_mixin.py:115} INFO - [2022-07-31 06:56:04,089] {dag.py:2379} INFO - Sync 1 DAGs
[2022-07-31 06:56:04,245] {logging_mixin.py:115} INFO - [2022-07-31 06:56:04,245] {dag.py:2931} INFO - Setting next_dagrun for start_before_current to 2022-07-25T07:00:00+00:00, run_after=2022-07-25T08:00:00+00:00
[2022-07-31 06:56:04,329] {processor.py:161} INFO - Processing /opt/airflow/dags/basic_dags/start_before_current.py took 0.460 seconds
[2022-07-31 06:56:35,284] {processor.py:153} INFO - Started process (PID=310) to work on /opt/airflow/dags/basic_dags/start_before_current.py
[2022-07-31 06:56:35,285] {processor.py:641} INFO - Processing file /opt/airflow/dags/basic_dags/start_before_current.py for tasks to queue
[2022-07-31 06:56:35,285] {logging_mixin.py:115} INFO - [2022-07-31 06:56:35,285] {dagbag.py:507} INFO - Filling up the DagBag from /opt/airflow/dags/basic_dags/start_before_current.py
[2022-07-31 06:56:35,295] {processor.py:651} INFO - DAG(s) dict_keys(['start_before_current']) retrieved from /opt/airflow/dags/basic_dags/start_before_current.py
[2022-07-31 06:56:35,330] {logging_mixin.py:115} INFO - [2022-07-31 06:56:35,330] {dag.py:2379} INFO - Sync 1 DAGs
[2022-07-31 06:56:35,368] {logging_mixin.py:115} INFO - [2022-07-31 06:56:35,368] {dag.py:2931} INFO - Setting next_dagrun for start_before_current to 2022-07-25T07:00:00+00:00, run_after=2022-07-25T08:00:00+00:00
[2022-07-31 06:56:35,385] {processor.py:161} INFO - Processing /opt/airflow/dags/basic_dags/start_before_current.py took 0.104 seconds
[2022-07-31 06:57:05,533] {processor.py:153} INFO - Started process (PID=391) to work on /opt/airflow/dags/basic_dags/start_before_current.py
[2022-07-31 06:57:05,546] {processor.py:641} INFO - Processing file /opt/airflow/dags/basic_dags/start_before_current.py for tasks to queue
[2022-07-31 06:57:05,548] {logging_mixin.py:115} INFO - [2022-07-31 06:57:05,548] {dagbag.py:507} INFO - Filling up the DagBag from /opt/airflow/dags/basic_dags/start_before_current.py
[2022-07-31 06:57:05,560] {processor.py:651} INFO - DAG(s) dict_keys(['start_before_current']) retrieved from /opt/airflow/dags/basic_dags/start_before_current.py
[2022-07-31 06:57:05,621] {logging_mixin.py:115} INFO - [2022-07-31 06:57:05,621] {dag.py:2379} INFO - Sync 1 DAGs
[2022-07-31 06:57:05,665] {logging_mixin.py:115} INFO - [2022-07-31 06:57:05,664] {dag.py:2931} INFO - Setting next_dagrun for start_before_current to 2022-07-25T07:00:00+00:00, run_after=2022-07-25T08:00:00+00:00
[2022-07-31 06:57:05,682] {processor.py:161} INFO - Processing /opt/airflow/dags/basic_dags/start_before_current.py took 0.152 seconds
[2022-07-31 06:57:36,381] {processor.py:153} INFO - Started process (PID=463) to work on /opt/airflow/dags/basic_dags/start_before_current.py
[2022-07-31 06:57:36,382] {processor.py:641} INFO - Processing file /opt/airflow/dags/basic_dags/start_before_current.py for tasks to queue
[2022-07-31 06:57:36,383] {logging_mixin.py:115} INFO - [2022-07-31 06:57:36,383] {dagbag.py:507} INFO - Filling up the DagBag from /opt/airflow/dags/basic_dags/start_before_current.py
[2022-07-31 06:57:36,394] {processor.py:651} INFO - DAG(s) dict_keys(['start_before_current']) retrieved from /opt/airflow/dags/basic_dags/start_before_current.py
[2022-07-31 06:57:36,471] {logging_mixin.py:115} INFO - [2022-07-31 06:57:36,470] {dag.py:2379} INFO - Sync 1 DAGs
[2022-07-31 06:57:36,514] {logging_mixin.py:115} INFO - [2022-07-31 06:57:36,513] {dag.py:2931} INFO - Setting next_dagrun for start_before_current to 2022-07-25T07:00:00+00:00, run_after=2022-07-25T08:00:00+00:00
[2022-07-31 06:57:36,538] {processor.py:161} INFO - Processing /opt/airflow/dags/basic_dags/start_before_current.py took 0.165 seconds
[2022-07-31 06:58:07,117] {processor.py:153} INFO - Started process (PID=535) to work on /opt/airflow/dags/basic_dags/start_before_current.py
[2022-07-31 06:58:07,122] {processor.py:641} INFO - Processing file /opt/airflow/dags/basic_dags/start_before_current.py for tasks to queue
[2022-07-31 06:58:07,126] {logging_mixin.py:115} INFO - [2022-07-31 06:58:07,126] {dagbag.py:507} INFO - Filling up the DagBag from /opt/airflow/dags/basic_dags/start_before_current.py
[2022-07-31 06:58:07,152] {processor.py:651} INFO - DAG(s) dict_keys(['start_before_current']) retrieved from /opt/airflow/dags/basic_dags/start_before_current.py
[2022-07-31 06:58:07,239] {logging_mixin.py:115} INFO - [2022-07-31 06:58:07,239] {dag.py:2379} INFO - Sync 1 DAGs
[2022-07-31 06:58:07,328] {logging_mixin.py:115} INFO - [2022-07-31 06:58:07,328] {dag.py:2931} INFO - Setting next_dagrun for start_before_current to 2022-07-25T07:00:00+00:00, run_after=2022-07-25T08:00:00+00:00
[2022-07-31 06:58:07,370] {processor.py:161} INFO - Processing /opt/airflow/dags/basic_dags/start_before_current.py took 0.258 seconds
[2022-07-31 06:58:38,059] {processor.py:153} INFO - Started process (PID=617) to work on /opt/airflow/dags/basic_dags/start_before_current.py
[2022-07-31 06:58:38,062] {processor.py:641} INFO - Processing file /opt/airflow/dags/basic_dags/start_before_current.py for tasks to queue
[2022-07-31 06:58:38,072] {logging_mixin.py:115} INFO - [2022-07-31 06:58:38,071] {dagbag.py:507} INFO - Filling up the DagBag from /opt/airflow/dags/basic_dags/start_before_current.py
[2022-07-31 06:58:38,085] {processor.py:651} INFO - DAG(s) dict_keys(['start_before_current']) retrieved from /opt/airflow/dags/basic_dags/start_before_current.py
[2022-07-31 06:58:38,121] {logging_mixin.py:115} INFO - [2022-07-31 06:58:38,120] {dag.py:2379} INFO - Sync 1 DAGs
[2022-07-31 06:58:38,159] {logging_mixin.py:115} INFO - [2022-07-31 06:58:38,158] {dag.py:2931} INFO - Setting next_dagrun for start_before_current to 2022-07-25T07:00:00+00:00, run_after=2022-07-25T08:00:00+00:00
[2022-07-31 06:58:38,179] {processor.py:161} INFO - Processing /opt/airflow/dags/basic_dags/start_before_current.py took 0.125 seconds
[2022-07-31 06:59:08,517] {processor.py:153} INFO - Started process (PID=694) to work on /opt/airflow/dags/basic_dags/start_before_current.py
[2022-07-31 06:59:08,518] {processor.py:641} INFO - Processing file /opt/airflow/dags/basic_dags/start_before_current.py for tasks to queue
[2022-07-31 06:59:08,519] {logging_mixin.py:115} INFO - [2022-07-31 06:59:08,519] {dagbag.py:507} INFO - Filling up the DagBag from /opt/airflow/dags/basic_dags/start_before_current.py
[2022-07-31 06:59:08,536] {processor.py:651} INFO - DAG(s) dict_keys(['start_before_current']) retrieved from /opt/airflow/dags/basic_dags/start_before_current.py
[2022-07-31 06:59:08,588] {logging_mixin.py:115} INFO - [2022-07-31 06:59:08,588] {dag.py:2379} INFO - Sync 1 DAGs
[2022-07-31 06:59:08,628] {logging_mixin.py:115} INFO - [2022-07-31 06:59:08,628] {dag.py:2931} INFO - Setting next_dagrun for start_before_current to 2022-07-25T07:00:00+00:00, run_after=2022-07-25T08:00:00+00:00
[2022-07-31 06:59:08,644] {processor.py:161} INFO - Processing /opt/airflow/dags/basic_dags/start_before_current.py took 0.132 seconds
[2022-07-31 06:59:40,209] {processor.py:153} INFO - Started process (PID=777) to work on /opt/airflow/dags/basic_dags/start_before_current.py
[2022-07-31 06:59:40,212] {processor.py:641} INFO - Processing file /opt/airflow/dags/basic_dags/start_before_current.py for tasks to queue
[2022-07-31 06:59:40,217] {logging_mixin.py:115} INFO - [2022-07-31 06:59:40,217] {dagbag.py:507} INFO - Filling up the DagBag from /opt/airflow/dags/basic_dags/start_before_current.py
[2022-07-31 06:59:40,229] {processor.py:651} INFO - DAG(s) dict_keys(['start_before_current']) retrieved from /opt/airflow/dags/basic_dags/start_before_current.py
[2022-07-31 06:59:40,282] {logging_mixin.py:115} INFO - [2022-07-31 06:59:40,282] {dag.py:2379} INFO - Sync 1 DAGs
[2022-07-31 06:59:40,319] {logging_mixin.py:115} INFO - [2022-07-31 06:59:40,319] {dag.py:2931} INFO - Setting next_dagrun for start_before_current to 2022-07-25T07:00:00+00:00, run_after=2022-07-25T08:00:00+00:00
[2022-07-31 06:59:40,355] {processor.py:161} INFO - Processing /opt/airflow/dags/basic_dags/start_before_current.py took 0.150 seconds
[2022-07-31 07:00:11,252] {processor.py:153} INFO - Started process (PID=851) to work on /opt/airflow/dags/basic_dags/start_before_current.py
[2022-07-31 07:00:11,252] {processor.py:641} INFO - Processing file /opt/airflow/dags/basic_dags/start_before_current.py for tasks to queue
[2022-07-31 07:00:11,253] {logging_mixin.py:115} INFO - [2022-07-31 07:00:11,253] {dagbag.py:507} INFO - Filling up the DagBag from /opt/airflow/dags/basic_dags/start_before_current.py
[2022-07-31 07:00:11,262] {processor.py:651} INFO - DAG(s) dict_keys(['start_before_current']) retrieved from /opt/airflow/dags/basic_dags/start_before_current.py
[2022-07-31 07:00:11,296] {logging_mixin.py:115} INFO - [2022-07-31 07:00:11,296] {dag.py:2379} INFO - Sync 1 DAGs
[2022-07-31 07:00:11,336] {logging_mixin.py:115} INFO - [2022-07-31 07:00:11,336] {dag.py:2931} INFO - Setting next_dagrun for start_before_current to 2022-07-25T07:00:00+00:00, run_after=2022-07-25T08:00:00+00:00
[2022-07-31 07:00:11,353] {processor.py:161} INFO - Processing /opt/airflow/dags/basic_dags/start_before_current.py took 0.105 seconds
[2022-07-31 07:00:44,010] {processor.py:153} INFO - Started process (PID=930) to work on /opt/airflow/dags/basic_dags/start_before_current.py
[2022-07-31 07:00:44,028] {processor.py:641} INFO - Processing file /opt/airflow/dags/basic_dags/start_before_current.py for tasks to queue
[2022-07-31 07:00:44,048] {logging_mixin.py:115} INFO - [2022-07-31 07:00:44,045] {dagbag.py:507} INFO - Filling up the DagBag from /opt/airflow/dags/basic_dags/start_before_current.py
[2022-07-31 07:00:44,124] {processor.py:651} INFO - DAG(s) dict_keys(['start_before_current']) retrieved from /opt/airflow/dags/basic_dags/start_before_current.py
[2022-07-31 07:00:44,299] {logging_mixin.py:115} INFO - [2022-07-31 07:00:44,299] {dag.py:2379} INFO - Sync 1 DAGs
[2022-07-31 07:00:44,429] {logging_mixin.py:115} INFO - [2022-07-31 07:00:44,429] {dag.py:2931} INFO - Setting next_dagrun for start_before_current to 2022-07-25T07:00:00+00:00, run_after=2022-07-25T08:00:00+00:00
[2022-07-31 07:00:44,476] {processor.py:161} INFO - Processing /opt/airflow/dags/basic_dags/start_before_current.py took 0.481 seconds
[2022-07-31 07:01:14,723] {processor.py:153} INFO - Started process (PID=1004) to work on /opt/airflow/dags/basic_dags/start_before_current.py
[2022-07-31 07:01:14,724] {processor.py:641} INFO - Processing file /opt/airflow/dags/basic_dags/start_before_current.py for tasks to queue
[2022-07-31 07:01:14,725] {logging_mixin.py:115} INFO - [2022-07-31 07:01:14,725] {dagbag.py:507} INFO - Filling up the DagBag from /opt/airflow/dags/basic_dags/start_before_current.py
[2022-07-31 07:01:14,734] {processor.py:651} INFO - DAG(s) dict_keys(['start_before_current']) retrieved from /opt/airflow/dags/basic_dags/start_before_current.py
[2022-07-31 07:01:14,780] {logging_mixin.py:115} INFO - [2022-07-31 07:01:14,780] {dag.py:2379} INFO - Sync 1 DAGs
[2022-07-31 07:01:14,826] {logging_mixin.py:115} INFO - [2022-07-31 07:01:14,826] {dag.py:2931} INFO - Setting next_dagrun for start_before_current to 2022-07-25T07:00:00+00:00, run_after=2022-07-25T08:00:00+00:00
[2022-07-31 07:01:14,845] {processor.py:161} INFO - Processing /opt/airflow/dags/basic_dags/start_before_current.py took 0.126 seconds
[2022-07-31 07:01:45,754] {processor.py:153} INFO - Started process (PID=1077) to work on /opt/airflow/dags/basic_dags/start_before_current.py
[2022-07-31 07:01:45,756] {processor.py:641} INFO - Processing file /opt/airflow/dags/basic_dags/start_before_current.py for tasks to queue
[2022-07-31 07:01:45,759] {logging_mixin.py:115} INFO - [2022-07-31 07:01:45,759] {dagbag.py:507} INFO - Filling up the DagBag from /opt/airflow/dags/basic_dags/start_before_current.py
[2022-07-31 07:01:45,768] {processor.py:651} INFO - DAG(s) dict_keys(['start_before_current']) retrieved from /opt/airflow/dags/basic_dags/start_before_current.py
[2022-07-31 07:01:45,802] {logging_mixin.py:115} INFO - [2022-07-31 07:01:45,802] {dag.py:2379} INFO - Sync 1 DAGs
[2022-07-31 07:01:45,844] {logging_mixin.py:115} INFO - [2022-07-31 07:01:45,844] {dag.py:2931} INFO - Setting next_dagrun for start_before_current to 2022-07-25T07:00:00+00:00, run_after=2022-07-25T08:00:00+00:00
[2022-07-31 07:01:45,867] {processor.py:161} INFO - Processing /opt/airflow/dags/basic_dags/start_before_current.py took 0.117 seconds
[2022-07-31 07:02:17,271] {processor.py:153} INFO - Started process (PID=1151) to work on /opt/airflow/dags/basic_dags/start_before_current.py
[2022-07-31 07:02:17,272] {processor.py:641} INFO - Processing file /opt/airflow/dags/basic_dags/start_before_current.py for tasks to queue
[2022-07-31 07:02:17,273] {logging_mixin.py:115} INFO - [2022-07-31 07:02:17,272] {dagbag.py:507} INFO - Filling up the DagBag from /opt/airflow/dags/basic_dags/start_before_current.py
[2022-07-31 07:02:17,281] {processor.py:651} INFO - DAG(s) dict_keys(['start_before_current']) retrieved from /opt/airflow/dags/basic_dags/start_before_current.py
[2022-07-31 07:02:17,355] {logging_mixin.py:115} INFO - [2022-07-31 07:02:17,355] {dag.py:2379} INFO - Sync 1 DAGs
[2022-07-31 07:02:17,432] {logging_mixin.py:115} INFO - [2022-07-31 07:02:17,432] {dag.py:2931} INFO - Setting next_dagrun for start_before_current to 2022-07-25T07:00:00+00:00, run_after=2022-07-25T08:00:00+00:00
[2022-07-31 07:02:17,453] {processor.py:161} INFO - Processing /opt/airflow/dags/basic_dags/start_before_current.py took 0.194 seconds
[2022-07-31 07:02:48,623] {processor.py:153} INFO - Started process (PID=1230) to work on /opt/airflow/dags/basic_dags/start_before_current.py
[2022-07-31 07:02:48,624] {processor.py:641} INFO - Processing file /opt/airflow/dags/basic_dags/start_before_current.py for tasks to queue
[2022-07-31 07:02:48,625] {logging_mixin.py:115} INFO - [2022-07-31 07:02:48,624] {dagbag.py:507} INFO - Filling up the DagBag from /opt/airflow/dags/basic_dags/start_before_current.py
[2022-07-31 07:02:48,653] {processor.py:651} INFO - DAG(s) dict_keys(['start_before_current']) retrieved from /opt/airflow/dags/basic_dags/start_before_current.py
[2022-07-31 07:02:48,759] {logging_mixin.py:115} INFO - [2022-07-31 07:02:48,759] {dag.py:2379} INFO - Sync 1 DAGs
[2022-07-31 07:02:48,853] {logging_mixin.py:115} INFO - [2022-07-31 07:02:48,853] {dag.py:2931} INFO - Setting next_dagrun for start_before_current to 2022-07-25T07:00:00+00:00, run_after=2022-07-25T08:00:00+00:00
[2022-07-31 07:02:48,908] {processor.py:161} INFO - Processing /opt/airflow/dags/basic_dags/start_before_current.py took 0.293 seconds
