[2022-07-31 04:35:52,828] {processor.py:153} INFO - Started process (PID=94) to work on /opt/airflow/dags/basic_dags/templates.py
[2022-07-31 04:35:52,841] {processor.py:641} INFO - Processing file /opt/airflow/dags/basic_dags/templates.py for tasks to queue
[2022-07-31 04:35:52,842] {logging_mixin.py:115} INFO - [2022-07-31 04:35:52,842] {dagbag.py:507} INFO - Filling up the DagBag from /opt/airflow/dags/basic_dags/templates.py
[2022-07-31 04:35:52,884] {processor.py:651} INFO - DAG(s) dict_keys(['templates_rendering']) retrieved from /opt/airflow/dags/basic_dags/templates.py
[2022-07-31 04:35:53,234] {logging_mixin.py:115} INFO - [2022-07-31 04:35:53,234] {dag.py:2379} INFO - Sync 1 DAGs
[2022-07-31 04:35:54,136] {logging_mixin.py:115} INFO - [2022-07-31 04:35:54,136] {dag.py:2931} INFO - Setting next_dagrun for templates_rendering to 2022-07-30T00:00:00+00:00, run_after=2022-07-31T00:00:00+00:00
[2022-07-31 04:35:54,196] {processor.py:161} INFO - Processing /opt/airflow/dags/basic_dags/templates.py took 1.378 seconds
[2022-07-31 04:36:24,245] {processor.py:153} INFO - Started process (PID=171) to work on /opt/airflow/dags/basic_dags/templates.py
[2022-07-31 04:36:24,246] {processor.py:641} INFO - Processing file /opt/airflow/dags/basic_dags/templates.py for tasks to queue
[2022-07-31 04:36:24,246] {logging_mixin.py:115} INFO - [2022-07-31 04:36:24,246] {dagbag.py:507} INFO - Filling up the DagBag from /opt/airflow/dags/basic_dags/templates.py
[2022-07-31 04:36:24,262] {processor.py:651} INFO - DAG(s) dict_keys(['templates_rendering']) retrieved from /opt/airflow/dags/basic_dags/templates.py
[2022-07-31 04:36:24,297] {logging_mixin.py:115} INFO - [2022-07-31 04:36:24,297] {dag.py:2379} INFO - Sync 1 DAGs
[2022-07-31 04:36:24,332] {logging_mixin.py:115} INFO - [2022-07-31 04:36:24,332] {dag.py:2931} INFO - Setting next_dagrun for templates_rendering to 2022-07-30T00:00:00+00:00, run_after=2022-07-31T00:00:00+00:00
[2022-07-31 04:36:24,347] {processor.py:161} INFO - Processing /opt/airflow/dags/basic_dags/templates.py took 0.106 seconds
[2022-07-31 04:36:54,549] {processor.py:153} INFO - Started process (PID=253) to work on /opt/airflow/dags/basic_dags/templates.py
[2022-07-31 04:36:54,562] {processor.py:641} INFO - Processing file /opt/airflow/dags/basic_dags/templates.py for tasks to queue
[2022-07-31 04:36:54,566] {logging_mixin.py:115} INFO - [2022-07-31 04:36:54,566] {dagbag.py:507} INFO - Filling up the DagBag from /opt/airflow/dags/basic_dags/templates.py
[2022-07-31 04:36:54,622] {processor.py:651} INFO - DAG(s) dict_keys(['templates_rendering']) retrieved from /opt/airflow/dags/basic_dags/templates.py
[2022-07-31 04:36:54,691] {logging_mixin.py:115} INFO - [2022-07-31 04:36:54,691] {dag.py:2379} INFO - Sync 1 DAGs
[2022-07-31 04:36:54,762] {logging_mixin.py:115} INFO - [2022-07-31 04:36:54,762] {dag.py:2931} INFO - Setting next_dagrun for templates_rendering to 2022-07-30T00:00:00+00:00, run_after=2022-07-31T00:00:00+00:00
[2022-07-31 04:36:54,812] {processor.py:161} INFO - Processing /opt/airflow/dags/basic_dags/templates.py took 0.266 seconds
[2022-07-31 04:37:25,799] {processor.py:153} INFO - Started process (PID=325) to work on /opt/airflow/dags/basic_dags/templates.py
[2022-07-31 04:37:25,801] {processor.py:641} INFO - Processing file /opt/airflow/dags/basic_dags/templates.py for tasks to queue
[2022-07-31 04:37:25,801] {logging_mixin.py:115} INFO - [2022-07-31 04:37:25,801] {dagbag.py:507} INFO - Filling up the DagBag from /opt/airflow/dags/basic_dags/templates.py
[2022-07-31 04:37:25,817] {processor.py:651} INFO - DAG(s) dict_keys(['templates_rendering']) retrieved from /opt/airflow/dags/basic_dags/templates.py
[2022-07-31 04:37:25,853] {logging_mixin.py:115} INFO - [2022-07-31 04:37:25,853] {dag.py:2379} INFO - Sync 1 DAGs
[2022-07-31 04:37:25,897] {logging_mixin.py:115} INFO - [2022-07-31 04:37:25,897] {dag.py:2931} INFO - Setting next_dagrun for templates_rendering to 2022-07-30T00:00:00+00:00, run_after=2022-07-31T00:00:00+00:00
[2022-07-31 04:37:25,913] {processor.py:161} INFO - Processing /opt/airflow/dags/basic_dags/templates.py took 0.118 seconds
[2022-07-31 04:37:56,013] {processor.py:153} INFO - Started process (PID=399) to work on /opt/airflow/dags/basic_dags/templates.py
[2022-07-31 04:37:56,019] {processor.py:641} INFO - Processing file /opt/airflow/dags/basic_dags/templates.py for tasks to queue
[2022-07-31 04:37:56,024] {logging_mixin.py:115} INFO - [2022-07-31 04:37:56,024] {dagbag.py:507} INFO - Filling up the DagBag from /opt/airflow/dags/basic_dags/templates.py
[2022-07-31 04:37:56,090] {processor.py:651} INFO - DAG(s) dict_keys(['templates_rendering']) retrieved from /opt/airflow/dags/basic_dags/templates.py
[2022-07-31 04:37:56,182] {logging_mixin.py:115} INFO - [2022-07-31 04:37:56,182] {dag.py:2379} INFO - Sync 1 DAGs
[2022-07-31 04:37:56,338] {logging_mixin.py:115} INFO - [2022-07-31 04:37:56,338] {dag.py:2931} INFO - Setting next_dagrun for templates_rendering to 2022-07-30T00:00:00+00:00, run_after=2022-07-31T00:00:00+00:00
[2022-07-31 04:37:56,396] {processor.py:161} INFO - Processing /opt/airflow/dags/basic_dags/templates.py took 0.394 seconds
[2022-07-31 04:38:26,596] {processor.py:153} INFO - Started process (PID=479) to work on /opt/airflow/dags/basic_dags/templates.py
[2022-07-31 04:38:26,601] {processor.py:641} INFO - Processing file /opt/airflow/dags/basic_dags/templates.py for tasks to queue
[2022-07-31 04:38:26,602] {logging_mixin.py:115} INFO - [2022-07-31 04:38:26,602] {dagbag.py:507} INFO - Filling up the DagBag from /opt/airflow/dags/basic_dags/templates.py
[2022-07-31 04:38:26,629] {processor.py:651} INFO - DAG(s) dict_keys(['templates_rendering']) retrieved from /opt/airflow/dags/basic_dags/templates.py
[2022-07-31 04:38:26,664] {logging_mixin.py:115} INFO - [2022-07-31 04:38:26,664] {dag.py:2379} INFO - Sync 1 DAGs
[2022-07-31 04:38:26,698] {logging_mixin.py:115} INFO - [2022-07-31 04:38:26,697] {dag.py:2931} INFO - Setting next_dagrun for templates_rendering to 2022-07-30T00:00:00+00:00, run_after=2022-07-31T00:00:00+00:00
[2022-07-31 04:38:26,722] {processor.py:161} INFO - Processing /opt/airflow/dags/basic_dags/templates.py took 0.130 seconds
[2022-07-31 04:38:57,668] {processor.py:153} INFO - Started process (PID=551) to work on /opt/airflow/dags/basic_dags/templates.py
[2022-07-31 04:38:57,678] {processor.py:641} INFO - Processing file /opt/airflow/dags/basic_dags/templates.py for tasks to queue
[2022-07-31 04:38:57,680] {logging_mixin.py:115} INFO - [2022-07-31 04:38:57,680] {dagbag.py:507} INFO - Filling up the DagBag from /opt/airflow/dags/basic_dags/templates.py
[2022-07-31 04:38:57,713] {processor.py:651} INFO - DAG(s) dict_keys(['templates_rendering']) retrieved from /opt/airflow/dags/basic_dags/templates.py
[2022-07-31 04:38:57,798] {logging_mixin.py:115} INFO - [2022-07-31 04:38:57,798] {dag.py:2379} INFO - Sync 1 DAGs
[2022-07-31 04:38:57,877] {logging_mixin.py:115} INFO - [2022-07-31 04:38:57,877] {dag.py:2931} INFO - Setting next_dagrun for templates_rendering to 2022-07-30T00:00:00+00:00, run_after=2022-07-31T00:00:00+00:00
[2022-07-31 04:38:57,914] {processor.py:161} INFO - Processing /opt/airflow/dags/basic_dags/templates.py took 0.250 seconds
[2022-07-31 04:39:28,201] {processor.py:153} INFO - Started process (PID=632) to work on /opt/airflow/dags/basic_dags/templates.py
[2022-07-31 04:39:28,215] {processor.py:641} INFO - Processing file /opt/airflow/dags/basic_dags/templates.py for tasks to queue
[2022-07-31 04:39:28,218] {logging_mixin.py:115} INFO - [2022-07-31 04:39:28,218] {dagbag.py:507} INFO - Filling up the DagBag from /opt/airflow/dags/basic_dags/templates.py
[2022-07-31 04:39:28,244] {processor.py:651} INFO - DAG(s) dict_keys(['templates_rendering']) retrieved from /opt/airflow/dags/basic_dags/templates.py
[2022-07-31 04:39:28,283] {logging_mixin.py:115} INFO - [2022-07-31 04:39:28,283] {dag.py:2379} INFO - Sync 1 DAGs
[2022-07-31 04:39:28,338] {logging_mixin.py:115} INFO - [2022-07-31 04:39:28,338] {dag.py:2931} INFO - Setting next_dagrun for templates_rendering to 2022-07-30T00:00:00+00:00, run_after=2022-07-31T00:00:00+00:00
[2022-07-31 04:39:28,376] {processor.py:161} INFO - Processing /opt/airflow/dags/basic_dags/templates.py took 0.179 seconds
[2022-07-31 04:39:59,155] {processor.py:153} INFO - Started process (PID=703) to work on /opt/airflow/dags/basic_dags/templates.py
[2022-07-31 04:39:59,173] {processor.py:641} INFO - Processing file /opt/airflow/dags/basic_dags/templates.py for tasks to queue
[2022-07-31 04:39:59,174] {logging_mixin.py:115} INFO - [2022-07-31 04:39:59,173] {dagbag.py:507} INFO - Filling up the DagBag from /opt/airflow/dags/basic_dags/templates.py
[2022-07-31 04:39:59,206] {processor.py:651} INFO - DAG(s) dict_keys(['templates_rendering']) retrieved from /opt/airflow/dags/basic_dags/templates.py
[2022-07-31 04:39:59,248] {logging_mixin.py:115} INFO - [2022-07-31 04:39:59,248] {dag.py:2379} INFO - Sync 1 DAGs
[2022-07-31 04:39:59,293] {logging_mixin.py:115} INFO - [2022-07-31 04:39:59,293] {dag.py:2931} INFO - Setting next_dagrun for templates_rendering to 2022-07-30T00:00:00+00:00, run_after=2022-07-31T00:00:00+00:00
[2022-07-31 04:39:59,339] {processor.py:161} INFO - Processing /opt/airflow/dags/basic_dags/templates.py took 0.190 seconds
[2022-07-31 04:40:29,425] {processor.py:153} INFO - Started process (PID=775) to work on /opt/airflow/dags/basic_dags/templates.py
[2022-07-31 04:40:29,425] {processor.py:641} INFO - Processing file /opt/airflow/dags/basic_dags/templates.py for tasks to queue
[2022-07-31 04:40:29,426] {logging_mixin.py:115} INFO - [2022-07-31 04:40:29,426] {dagbag.py:507} INFO - Filling up the DagBag from /opt/airflow/dags/basic_dags/templates.py
[2022-07-31 04:40:29,444] {processor.py:651} INFO - DAG(s) dict_keys(['templates_rendering']) retrieved from /opt/airflow/dags/basic_dags/templates.py
[2022-07-31 04:40:29,480] {logging_mixin.py:115} INFO - [2022-07-31 04:40:29,480] {dag.py:2379} INFO - Sync 1 DAGs
[2022-07-31 04:40:29,516] {logging_mixin.py:115} INFO - [2022-07-31 04:40:29,516] {dag.py:2931} INFO - Setting next_dagrun for templates_rendering to 2022-07-30T00:00:00+00:00, run_after=2022-07-31T00:00:00+00:00
[2022-07-31 04:40:29,561] {processor.py:161} INFO - Processing /opt/airflow/dags/basic_dags/templates.py took 0.140 seconds
[2022-07-31 04:40:59,879] {processor.py:153} INFO - Started process (PID=859) to work on /opt/airflow/dags/basic_dags/templates.py
[2022-07-31 04:40:59,888] {processor.py:641} INFO - Processing file /opt/airflow/dags/basic_dags/templates.py for tasks to queue
[2022-07-31 04:40:59,894] {logging_mixin.py:115} INFO - [2022-07-31 04:40:59,894] {dagbag.py:507} INFO - Filling up the DagBag from /opt/airflow/dags/basic_dags/templates.py
[2022-07-31 04:40:59,941] {processor.py:651} INFO - DAG(s) dict_keys(['templates_rendering']) retrieved from /opt/airflow/dags/basic_dags/templates.py
[2022-07-31 04:41:00,014] {logging_mixin.py:115} INFO - [2022-07-31 04:41:00,014] {dag.py:2379} INFO - Sync 1 DAGs
[2022-07-31 04:41:00,082] {logging_mixin.py:115} INFO - [2022-07-31 04:41:00,082] {dag.py:2931} INFO - Setting next_dagrun for templates_rendering to 2022-07-30T00:00:00+00:00, run_after=2022-07-31T00:00:00+00:00
[2022-07-31 04:41:00,144] {processor.py:161} INFO - Processing /opt/airflow/dags/basic_dags/templates.py took 0.269 seconds
[2022-07-31 04:41:30,585] {processor.py:153} INFO - Started process (PID=934) to work on /opt/airflow/dags/basic_dags/templates.py
[2022-07-31 04:41:30,585] {processor.py:641} INFO - Processing file /opt/airflow/dags/basic_dags/templates.py for tasks to queue
[2022-07-31 04:41:30,586] {logging_mixin.py:115} INFO - [2022-07-31 04:41:30,586] {dagbag.py:507} INFO - Filling up the DagBag from /opt/airflow/dags/basic_dags/templates.py
[2022-07-31 04:41:30,606] {processor.py:651} INFO - DAG(s) dict_keys(['templates_rendering']) retrieved from /opt/airflow/dags/basic_dags/templates.py
[2022-07-31 04:41:30,646] {logging_mixin.py:115} INFO - [2022-07-31 04:41:30,646] {dag.py:2379} INFO - Sync 1 DAGs
[2022-07-31 04:41:30,683] {logging_mixin.py:115} INFO - [2022-07-31 04:41:30,683] {dag.py:2931} INFO - Setting next_dagrun for templates_rendering to 2022-07-30T00:00:00+00:00, run_after=2022-07-31T00:00:00+00:00
[2022-07-31 04:41:30,701] {processor.py:161} INFO - Processing /opt/airflow/dags/basic_dags/templates.py took 0.121 seconds
[2022-07-31 04:42:01,174] {processor.py:153} INFO - Started process (PID=1016) to work on /opt/airflow/dags/basic_dags/templates.py
[2022-07-31 04:42:01,189] {processor.py:641} INFO - Processing file /opt/airflow/dags/basic_dags/templates.py for tasks to queue
[2022-07-31 04:42:01,194] {logging_mixin.py:115} INFO - [2022-07-31 04:42:01,194] {dagbag.py:507} INFO - Filling up the DagBag from /opt/airflow/dags/basic_dags/templates.py
[2022-07-31 04:42:01,229] {processor.py:651} INFO - DAG(s) dict_keys(['templates_rendering']) retrieved from /opt/airflow/dags/basic_dags/templates.py
[2022-07-31 04:42:01,310] {logging_mixin.py:115} INFO - [2022-07-31 04:42:01,309] {dag.py:2379} INFO - Sync 1 DAGs
[2022-07-31 04:42:01,401] {logging_mixin.py:115} INFO - [2022-07-31 04:42:01,401] {dag.py:2931} INFO - Setting next_dagrun for templates_rendering to 2022-07-30T00:00:00+00:00, run_after=2022-07-31T00:00:00+00:00
[2022-07-31 04:42:01,462] {processor.py:161} INFO - Processing /opt/airflow/dags/basic_dags/templates.py took 0.292 seconds
[2022-07-31 04:42:31,814] {processor.py:153} INFO - Started process (PID=1089) to work on /opt/airflow/dags/basic_dags/templates.py
[2022-07-31 04:42:31,817] {processor.py:641} INFO - Processing file /opt/airflow/dags/basic_dags/templates.py for tasks to queue
[2022-07-31 04:42:31,819] {logging_mixin.py:115} INFO - [2022-07-31 04:42:31,819] {dagbag.py:507} INFO - Filling up the DagBag from /opt/airflow/dags/basic_dags/templates.py
[2022-07-31 04:42:31,838] {processor.py:651} INFO - DAG(s) dict_keys(['templates_rendering']) retrieved from /opt/airflow/dags/basic_dags/templates.py
[2022-07-31 04:42:31,882] {logging_mixin.py:115} INFO - [2022-07-31 04:42:31,882] {dag.py:2379} INFO - Sync 1 DAGs
[2022-07-31 04:42:31,934] {logging_mixin.py:115} INFO - [2022-07-31 04:42:31,934] {dag.py:2931} INFO - Setting next_dagrun for templates_rendering to 2022-07-30T00:00:00+00:00, run_after=2022-07-31T00:00:00+00:00
[2022-07-31 04:42:31,998] {processor.py:161} INFO - Processing /opt/airflow/dags/basic_dags/templates.py took 0.188 seconds
[2022-07-31 06:55:01,422] {processor.py:153} INFO - Started process (PID=94) to work on /opt/airflow/dags/basic_dags/templates.py
[2022-07-31 06:55:01,447] {processor.py:641} INFO - Processing file /opt/airflow/dags/basic_dags/templates.py for tasks to queue
[2022-07-31 06:55:01,448] {logging_mixin.py:115} INFO - [2022-07-31 06:55:01,448] {dagbag.py:507} INFO - Filling up the DagBag from /opt/airflow/dags/basic_dags/templates.py
[2022-07-31 06:55:01,492] {processor.py:651} INFO - DAG(s) dict_keys(['templates_rendering']) retrieved from /opt/airflow/dags/basic_dags/templates.py
[2022-07-31 06:55:01,579] {logging_mixin.py:115} INFO - [2022-07-31 06:55:01,579] {dag.py:2379} INFO - Sync 1 DAGs
[2022-07-31 06:55:01,744] {logging_mixin.py:115} INFO - [2022-07-31 06:55:01,743] {dag.py:2931} INFO - Setting next_dagrun for templates_rendering to 2022-07-30T00:00:00+00:00, run_after=2022-07-31T00:00:00+00:00
[2022-07-31 06:55:01,781] {processor.py:161} INFO - Processing /opt/airflow/dags/basic_dags/templates.py took 0.363 seconds
[2022-07-31 06:55:33,176] {processor.py:153} INFO - Started process (PID=166) to work on /opt/airflow/dags/basic_dags/templates.py
[2022-07-31 06:55:33,182] {processor.py:641} INFO - Processing file /opt/airflow/dags/basic_dags/templates.py for tasks to queue
[2022-07-31 06:55:33,183] {logging_mixin.py:115} INFO - [2022-07-31 06:55:33,182] {dagbag.py:507} INFO - Filling up the DagBag from /opt/airflow/dags/basic_dags/templates.py
[2022-07-31 06:55:33,218] {processor.py:651} INFO - DAG(s) dict_keys(['templates_rendering']) retrieved from /opt/airflow/dags/basic_dags/templates.py
[2022-07-31 06:55:33,321] {logging_mixin.py:115} INFO - [2022-07-31 06:55:33,320] {dag.py:2379} INFO - Sync 1 DAGs
[2022-07-31 06:55:33,411] {logging_mixin.py:115} INFO - [2022-07-31 06:55:33,410] {dag.py:2931} INFO - Setting next_dagrun for templates_rendering to 2022-07-30T00:00:00+00:00, run_after=2022-07-31T00:00:00+00:00
[2022-07-31 06:55:33,448] {processor.py:161} INFO - Processing /opt/airflow/dags/basic_dags/templates.py took 0.312 seconds
[2022-07-31 06:56:04,434] {processor.py:153} INFO - Started process (PID=237) to work on /opt/airflow/dags/basic_dags/templates.py
[2022-07-31 06:56:04,444] {processor.py:641} INFO - Processing file /opt/airflow/dags/basic_dags/templates.py for tasks to queue
[2022-07-31 06:56:04,449] {logging_mixin.py:115} INFO - [2022-07-31 06:56:04,449] {dagbag.py:507} INFO - Filling up the DagBag from /opt/airflow/dags/basic_dags/templates.py
[2022-07-31 06:56:04,572] {processor.py:651} INFO - DAG(s) dict_keys(['templates_rendering']) retrieved from /opt/airflow/dags/basic_dags/templates.py
[2022-07-31 06:56:04,743] {logging_mixin.py:115} INFO - [2022-07-31 06:56:04,743] {dag.py:2379} INFO - Sync 1 DAGs
[2022-07-31 06:56:04,860] {logging_mixin.py:115} INFO - [2022-07-31 06:56:04,860] {dag.py:2931} INFO - Setting next_dagrun for templates_rendering to 2022-07-30T00:00:00+00:00, run_after=2022-07-31T00:00:00+00:00
[2022-07-31 06:56:04,926] {processor.py:161} INFO - Processing /opt/airflow/dags/basic_dags/templates.py took 0.516 seconds
[2022-07-31 06:56:35,406] {processor.py:153} INFO - Started process (PID=312) to work on /opt/airflow/dags/basic_dags/templates.py
[2022-07-31 06:56:35,406] {processor.py:641} INFO - Processing file /opt/airflow/dags/basic_dags/templates.py for tasks to queue
[2022-07-31 06:56:35,407] {logging_mixin.py:115} INFO - [2022-07-31 06:56:35,407] {dagbag.py:507} INFO - Filling up the DagBag from /opt/airflow/dags/basic_dags/templates.py
[2022-07-31 06:56:35,423] {processor.py:651} INFO - DAG(s) dict_keys(['templates_rendering']) retrieved from /opt/airflow/dags/basic_dags/templates.py
[2022-07-31 06:56:35,456] {logging_mixin.py:115} INFO - [2022-07-31 06:56:35,456] {dag.py:2379} INFO - Sync 1 DAGs
[2022-07-31 06:56:35,495] {logging_mixin.py:115} INFO - [2022-07-31 06:56:35,494] {dag.py:2931} INFO - Setting next_dagrun for templates_rendering to 2022-07-30T00:00:00+00:00, run_after=2022-07-31T00:00:00+00:00
[2022-07-31 06:56:35,536] {processor.py:161} INFO - Processing /opt/airflow/dags/basic_dags/templates.py took 0.135 seconds
[2022-07-31 06:57:05,782] {processor.py:153} INFO - Started process (PID=393) to work on /opt/airflow/dags/basic_dags/templates.py
[2022-07-31 06:57:05,790] {processor.py:641} INFO - Processing file /opt/airflow/dags/basic_dags/templates.py for tasks to queue
[2022-07-31 06:57:05,794] {logging_mixin.py:115} INFO - [2022-07-31 06:57:05,794] {dagbag.py:507} INFO - Filling up the DagBag from /opt/airflow/dags/basic_dags/templates.py
[2022-07-31 06:57:05,812] {processor.py:651} INFO - DAG(s) dict_keys(['templates_rendering']) retrieved from /opt/airflow/dags/basic_dags/templates.py
[2022-07-31 06:57:05,848] {logging_mixin.py:115} INFO - [2022-07-31 06:57:05,848] {dag.py:2379} INFO - Sync 1 DAGs
[2022-07-31 06:57:05,966] {logging_mixin.py:115} INFO - [2022-07-31 06:57:05,966] {dag.py:2931} INFO - Setting next_dagrun for templates_rendering to 2022-07-30T00:00:00+00:00, run_after=2022-07-31T00:00:00+00:00
[2022-07-31 06:57:05,995] {processor.py:161} INFO - Processing /opt/airflow/dags/basic_dags/templates.py took 0.216 seconds
[2022-07-31 06:57:36,572] {processor.py:153} INFO - Started process (PID=465) to work on /opt/airflow/dags/basic_dags/templates.py
[2022-07-31 06:57:36,572] {processor.py:641} INFO - Processing file /opt/airflow/dags/basic_dags/templates.py for tasks to queue
[2022-07-31 06:57:36,573] {logging_mixin.py:115} INFO - [2022-07-31 06:57:36,573] {dagbag.py:507} INFO - Filling up the DagBag from /opt/airflow/dags/basic_dags/templates.py
[2022-07-31 06:57:36,593] {processor.py:651} INFO - DAG(s) dict_keys(['templates_rendering']) retrieved from /opt/airflow/dags/basic_dags/templates.py
[2022-07-31 06:57:36,633] {logging_mixin.py:115} INFO - [2022-07-31 06:57:36,633] {dag.py:2379} INFO - Sync 1 DAGs
[2022-07-31 06:57:36,678] {logging_mixin.py:115} INFO - [2022-07-31 06:57:36,677] {dag.py:2931} INFO - Setting next_dagrun for templates_rendering to 2022-07-30T00:00:00+00:00, run_after=2022-07-31T00:00:00+00:00
[2022-07-31 06:57:36,705] {processor.py:161} INFO - Processing /opt/airflow/dags/basic_dags/templates.py took 0.140 seconds
[2022-07-31 06:58:07,416] {processor.py:153} INFO - Started process (PID=537) to work on /opt/airflow/dags/basic_dags/templates.py
[2022-07-31 06:58:07,427] {processor.py:641} INFO - Processing file /opt/airflow/dags/basic_dags/templates.py for tasks to queue
[2022-07-31 06:58:07,428] {logging_mixin.py:115} INFO - [2022-07-31 06:58:07,428] {dagbag.py:507} INFO - Filling up the DagBag from /opt/airflow/dags/basic_dags/templates.py
[2022-07-31 06:58:07,467] {processor.py:651} INFO - DAG(s) dict_keys(['templates_rendering']) retrieved from /opt/airflow/dags/basic_dags/templates.py
[2022-07-31 06:58:07,544] {logging_mixin.py:115} INFO - [2022-07-31 06:58:07,543] {dag.py:2379} INFO - Sync 1 DAGs
[2022-07-31 06:58:07,674] {logging_mixin.py:115} INFO - [2022-07-31 06:58:07,674] {dag.py:2931} INFO - Setting next_dagrun for templates_rendering to 2022-07-30T00:00:00+00:00, run_after=2022-07-31T00:00:00+00:00
[2022-07-31 06:58:07,712] {processor.py:161} INFO - Processing /opt/airflow/dags/basic_dags/templates.py took 0.312 seconds
[2022-07-31 06:58:38,221] {processor.py:153} INFO - Started process (PID=619) to work on /opt/airflow/dags/basic_dags/templates.py
[2022-07-31 06:58:38,222] {processor.py:641} INFO - Processing file /opt/airflow/dags/basic_dags/templates.py for tasks to queue
[2022-07-31 06:58:38,223] {logging_mixin.py:115} INFO - [2022-07-31 06:58:38,222] {dagbag.py:507} INFO - Filling up the DagBag from /opt/airflow/dags/basic_dags/templates.py
[2022-07-31 06:58:38,240] {processor.py:651} INFO - DAG(s) dict_keys(['templates_rendering']) retrieved from /opt/airflow/dags/basic_dags/templates.py
[2022-07-31 06:58:38,278] {logging_mixin.py:115} INFO - [2022-07-31 06:58:38,278] {dag.py:2379} INFO - Sync 1 DAGs
[2022-07-31 06:58:38,329] {logging_mixin.py:115} INFO - [2022-07-31 06:58:38,329] {dag.py:2931} INFO - Setting next_dagrun for templates_rendering to 2022-07-30T00:00:00+00:00, run_after=2022-07-31T00:00:00+00:00
[2022-07-31 06:58:38,353] {processor.py:161} INFO - Processing /opt/airflow/dags/basic_dags/templates.py took 0.136 seconds
[2022-07-31 06:59:08,669] {processor.py:153} INFO - Started process (PID=696) to work on /opt/airflow/dags/basic_dags/templates.py
[2022-07-31 06:59:08,673] {processor.py:641} INFO - Processing file /opt/airflow/dags/basic_dags/templates.py for tasks to queue
[2022-07-31 06:59:08,673] {logging_mixin.py:115} INFO - [2022-07-31 06:59:08,673] {dagbag.py:507} INFO - Filling up the DagBag from /opt/airflow/dags/basic_dags/templates.py
[2022-07-31 06:59:08,691] {processor.py:651} INFO - DAG(s) dict_keys(['templates_rendering']) retrieved from /opt/airflow/dags/basic_dags/templates.py
[2022-07-31 06:59:08,730] {logging_mixin.py:115} INFO - [2022-07-31 06:59:08,730] {dag.py:2379} INFO - Sync 1 DAGs
[2022-07-31 06:59:08,780] {logging_mixin.py:115} INFO - [2022-07-31 06:59:08,780] {dag.py:2931} INFO - Setting next_dagrun for templates_rendering to 2022-07-30T00:00:00+00:00, run_after=2022-07-31T00:00:00+00:00
[2022-07-31 06:59:08,818] {processor.py:161} INFO - Processing /opt/airflow/dags/basic_dags/templates.py took 0.153 seconds
[2022-07-31 06:59:40,431] {processor.py:153} INFO - Started process (PID=779) to work on /opt/airflow/dags/basic_dags/templates.py
[2022-07-31 06:59:40,434] {processor.py:641} INFO - Processing file /opt/airflow/dags/basic_dags/templates.py for tasks to queue
[2022-07-31 06:59:40,437] {logging_mixin.py:115} INFO - [2022-07-31 06:59:40,437] {dagbag.py:507} INFO - Filling up the DagBag from /opt/airflow/dags/basic_dags/templates.py
[2022-07-31 06:59:40,496] {processor.py:651} INFO - DAG(s) dict_keys(['templates_rendering']) retrieved from /opt/airflow/dags/basic_dags/templates.py
[2022-07-31 06:59:40,583] {logging_mixin.py:115} INFO - [2022-07-31 06:59:40,583] {dag.py:2379} INFO - Sync 1 DAGs
[2022-07-31 06:59:40,692] {logging_mixin.py:115} INFO - [2022-07-31 06:59:40,692] {dag.py:2931} INFO - Setting next_dagrun for templates_rendering to 2022-07-30T00:00:00+00:00, run_after=2022-07-31T00:00:00+00:00
[2022-07-31 06:59:40,912] {processor.py:161} INFO - Processing /opt/airflow/dags/basic_dags/templates.py took 0.503 seconds
[2022-07-31 07:00:11,377] {processor.py:153} INFO - Started process (PID=853) to work on /opt/airflow/dags/basic_dags/templates.py
[2022-07-31 07:00:11,378] {processor.py:641} INFO - Processing file /opt/airflow/dags/basic_dags/templates.py for tasks to queue
[2022-07-31 07:00:11,379] {logging_mixin.py:115} INFO - [2022-07-31 07:00:11,379] {dagbag.py:507} INFO - Filling up the DagBag from /opt/airflow/dags/basic_dags/templates.py
[2022-07-31 07:00:11,394] {processor.py:651} INFO - DAG(s) dict_keys(['templates_rendering']) retrieved from /opt/airflow/dags/basic_dags/templates.py
[2022-07-31 07:00:11,426] {logging_mixin.py:115} INFO - [2022-07-31 07:00:11,425] {dag.py:2379} INFO - Sync 1 DAGs
[2022-07-31 07:00:11,461] {logging_mixin.py:115} INFO - [2022-07-31 07:00:11,461] {dag.py:2931} INFO - Setting next_dagrun for templates_rendering to 2022-07-30T00:00:00+00:00, run_after=2022-07-31T00:00:00+00:00
[2022-07-31 07:00:12,100] {processor.py:161} INFO - Processing /opt/airflow/dags/basic_dags/templates.py took 0.727 seconds
[2022-07-31 07:00:44,541] {processor.py:153} INFO - Started process (PID=934) to work on /opt/airflow/dags/basic_dags/templates.py
[2022-07-31 07:00:44,542] {processor.py:641} INFO - Processing file /opt/airflow/dags/basic_dags/templates.py for tasks to queue
[2022-07-31 07:00:44,543] {logging_mixin.py:115} INFO - [2022-07-31 07:00:44,543] {dagbag.py:507} INFO - Filling up the DagBag from /opt/airflow/dags/basic_dags/templates.py
[2022-07-31 07:00:44,565] {processor.py:651} INFO - DAG(s) dict_keys(['templates_rendering']) retrieved from /opt/airflow/dags/basic_dags/templates.py
[2022-07-31 07:00:44,666] {logging_mixin.py:115} INFO - [2022-07-31 07:00:44,666] {dag.py:2379} INFO - Sync 1 DAGs
[2022-07-31 07:00:44,717] {logging_mixin.py:115} INFO - [2022-07-31 07:00:44,717] {dag.py:2931} INFO - Setting next_dagrun for templates_rendering to 2022-07-30T00:00:00+00:00, run_after=2022-07-31T00:00:00+00:00
[2022-07-31 07:00:44,968] {processor.py:161} INFO - Processing /opt/airflow/dags/basic_dags/templates.py took 0.446 seconds
[2022-07-31 07:01:15,874] {processor.py:153} INFO - Started process (PID=1006) to work on /opt/airflow/dags/basic_dags/templates.py
[2022-07-31 07:01:15,875] {processor.py:641} INFO - Processing file /opt/airflow/dags/basic_dags/templates.py for tasks to queue
[2022-07-31 07:01:15,876] {logging_mixin.py:115} INFO - [2022-07-31 07:01:15,876] {dagbag.py:507} INFO - Filling up the DagBag from /opt/airflow/dags/basic_dags/templates.py
[2022-07-31 07:01:15,892] {processor.py:651} INFO - DAG(s) dict_keys(['templates_rendering']) retrieved from /opt/airflow/dags/basic_dags/templates.py
[2022-07-31 07:01:15,927] {logging_mixin.py:115} INFO - [2022-07-31 07:01:15,927] {dag.py:2379} INFO - Sync 1 DAGs
[2022-07-31 07:01:15,964] {logging_mixin.py:115} INFO - [2022-07-31 07:01:15,964] {dag.py:2931} INFO - Setting next_dagrun for templates_rendering to 2022-07-30T00:00:00+00:00, run_after=2022-07-31T00:00:00+00:00
[2022-07-31 07:01:16,270] {processor.py:161} INFO - Processing /opt/airflow/dags/basic_dags/templates.py took 0.400 seconds
[2022-07-31 07:01:46,895] {processor.py:153} INFO - Started process (PID=1079) to work on /opt/airflow/dags/basic_dags/templates.py
[2022-07-31 07:01:46,896] {processor.py:641} INFO - Processing file /opt/airflow/dags/basic_dags/templates.py for tasks to queue
[2022-07-31 07:01:46,896] {logging_mixin.py:115} INFO - [2022-07-31 07:01:46,896] {dagbag.py:507} INFO - Filling up the DagBag from /opt/airflow/dags/basic_dags/templates.py
[2022-07-31 07:01:46,911] {processor.py:651} INFO - DAG(s) dict_keys(['templates_rendering']) retrieved from /opt/airflow/dags/basic_dags/templates.py
[2022-07-31 07:01:46,950] {logging_mixin.py:115} INFO - [2022-07-31 07:01:46,950] {dag.py:2379} INFO - Sync 1 DAGs
[2022-07-31 07:01:46,989] {logging_mixin.py:115} INFO - [2022-07-31 07:01:46,989] {dag.py:2931} INFO - Setting next_dagrun for templates_rendering to 2022-07-30T00:00:00+00:00, run_after=2022-07-31T00:00:00+00:00
[2022-07-31 07:01:47,245] {processor.py:161} INFO - Processing /opt/airflow/dags/basic_dags/templates.py took 0.354 seconds
[2022-07-31 07:02:17,518] {processor.py:153} INFO - Started process (PID=1153) to work on /opt/airflow/dags/basic_dags/templates.py
[2022-07-31 07:02:17,523] {processor.py:641} INFO - Processing file /opt/airflow/dags/basic_dags/templates.py for tasks to queue
[2022-07-31 07:02:17,525] {logging_mixin.py:115} INFO - [2022-07-31 07:02:17,524] {dagbag.py:507} INFO - Filling up the DagBag from /opt/airflow/dags/basic_dags/templates.py
[2022-07-31 07:02:17,559] {processor.py:651} INFO - DAG(s) dict_keys(['templates_rendering']) retrieved from /opt/airflow/dags/basic_dags/templates.py
[2022-07-31 07:02:17,619] {logging_mixin.py:115} INFO - [2022-07-31 07:02:17,618] {dag.py:2379} INFO - Sync 1 DAGs
[2022-07-31 07:02:17,713] {logging_mixin.py:115} INFO - [2022-07-31 07:02:17,713] {dag.py:2931} INFO - Setting next_dagrun for templates_rendering to 2022-07-30T00:00:00+00:00, run_after=2022-07-31T00:00:00+00:00
[2022-07-31 07:02:18,639] {processor.py:161} INFO - Processing /opt/airflow/dags/basic_dags/templates.py took 1.125 seconds
[2022-07-31 07:02:48,953] {processor.py:153} INFO - Started process (PID=1232) to work on /opt/airflow/dags/basic_dags/templates.py
[2022-07-31 07:02:48,953] {processor.py:641} INFO - Processing file /opt/airflow/dags/basic_dags/templates.py for tasks to queue
[2022-07-31 07:02:48,957] {logging_mixin.py:115} INFO - [2022-07-31 07:02:48,957] {dagbag.py:507} INFO - Filling up the DagBag from /opt/airflow/dags/basic_dags/templates.py
[2022-07-31 07:02:48,989] {processor.py:651} INFO - DAG(s) dict_keys(['templates_rendering']) retrieved from /opt/airflow/dags/basic_dags/templates.py
[2022-07-31 07:02:49,026] {logging_mixin.py:115} INFO - [2022-07-31 07:02:49,026] {dag.py:2379} INFO - Sync 1 DAGs
[2022-07-31 07:02:49,066] {logging_mixin.py:115} INFO - [2022-07-31 07:02:49,066] {dag.py:2931} INFO - Setting next_dagrun for templates_rendering to 2022-07-30T00:00:00+00:00, run_after=2022-07-31T00:00:00+00:00
[2022-07-31 07:02:49,291] {processor.py:161} INFO - Processing /opt/airflow/dags/basic_dags/templates.py took 0.346 seconds
