[2022-07-31 04:35:59,478] {processor.py:153} INFO - Started process (PID=113) to work on /opt/airflow/dags/assignment_solution/assignment1.py
[2022-07-31 04:35:59,487] {processor.py:641} INFO - Processing file /opt/airflow/dags/assignment_solution/assignment1.py for tasks to queue
[2022-07-31 04:35:59,492] {logging_mixin.py:115} INFO - [2022-07-31 04:35:59,492] {dagbag.py:507} INFO - Filling up the DagBag from /opt/airflow/dags/assignment_solution/assignment1.py
[2022-07-31 04:35:59,608] {processor.py:651} INFO - DAG(s) dict_keys(['assignment_solution']) retrieved from /opt/airflow/dags/assignment_solution/assignment1.py
[2022-07-31 04:36:00,103] {logging_mixin.py:115} INFO - [2022-07-31 04:36:00,103] {dag.py:2379} INFO - Sync 1 DAGs
[2022-07-31 04:36:01,361] {logging_mixin.py:115} INFO - [2022-07-31 04:36:01,361] {dag.py:2931} INFO - Setting next_dagrun for assignment_solution to 2022-07-30T00:00:00+00:00, run_after=2022-07-31T00:00:00+00:00
[2022-07-31 04:36:01,538] {processor.py:161} INFO - Processing /opt/airflow/dags/assignment_solution/assignment1.py took 2.084 seconds
[2022-07-31 04:36:31,937] {processor.py:153} INFO - Started process (PID=189) to work on /opt/airflow/dags/assignment_solution/assignment1.py
[2022-07-31 04:36:31,938] {processor.py:641} INFO - Processing file /opt/airflow/dags/assignment_solution/assignment1.py for tasks to queue
[2022-07-31 04:36:31,939] {logging_mixin.py:115} INFO - [2022-07-31 04:36:31,938] {dagbag.py:507} INFO - Filling up the DagBag from /opt/airflow/dags/assignment_solution/assignment1.py
[2022-07-31 04:36:31,958] {processor.py:651} INFO - DAG(s) dict_keys(['assignment_solution']) retrieved from /opt/airflow/dags/assignment_solution/assignment1.py
[2022-07-31 04:36:31,991] {logging_mixin.py:115} INFO - [2022-07-31 04:36:31,991] {dag.py:2379} INFO - Sync 1 DAGs
[2022-07-31 04:36:32,030] {logging_mixin.py:115} INFO - [2022-07-31 04:36:32,029] {dag.py:2931} INFO - Setting next_dagrun for assignment_solution to 2022-07-30T00:00:00+00:00, run_after=2022-07-31T00:00:00+00:00
[2022-07-31 04:36:32,048] {processor.py:161} INFO - Processing /opt/airflow/dags/assignment_solution/assignment1.py took 0.115 seconds
[2022-07-31 04:37:02,095] {processor.py:153} INFO - Started process (PID=263) to work on /opt/airflow/dags/assignment_solution/assignment1.py
[2022-07-31 04:37:02,097] {processor.py:641} INFO - Processing file /opt/airflow/dags/assignment_solution/assignment1.py for tasks to queue
[2022-07-31 04:37:02,097] {logging_mixin.py:115} INFO - [2022-07-31 04:37:02,097] {dagbag.py:507} INFO - Filling up the DagBag from /opt/airflow/dags/assignment_solution/assignment1.py
[2022-07-31 04:37:02,111] {processor.py:651} INFO - DAG(s) dict_keys(['assignment_solution']) retrieved from /opt/airflow/dags/assignment_solution/assignment1.py
[2022-07-31 04:37:02,140] {logging_mixin.py:115} INFO - [2022-07-31 04:37:02,140] {dag.py:2379} INFO - Sync 1 DAGs
[2022-07-31 04:37:02,168] {logging_mixin.py:115} INFO - [2022-07-31 04:37:02,168] {dag.py:2931} INFO - Setting next_dagrun for assignment_solution to 2022-07-30T00:00:00+00:00, run_after=2022-07-31T00:00:00+00:00
[2022-07-31 04:37:02,179] {processor.py:161} INFO - Processing /opt/airflow/dags/assignment_solution/assignment1.py took 0.087 seconds
[2022-07-31 04:37:32,764] {processor.py:153} INFO - Started process (PID=335) to work on /opt/airflow/dags/assignment_solution/assignment1.py
[2022-07-31 04:37:32,765] {processor.py:641} INFO - Processing file /opt/airflow/dags/assignment_solution/assignment1.py for tasks to queue
[2022-07-31 04:37:32,765] {logging_mixin.py:115} INFO - [2022-07-31 04:37:32,765] {dagbag.py:507} INFO - Filling up the DagBag from /opt/airflow/dags/assignment_solution/assignment1.py
[2022-07-31 04:37:32,784] {processor.py:651} INFO - DAG(s) dict_keys(['assignment_solution']) retrieved from /opt/airflow/dags/assignment_solution/assignment1.py
[2022-07-31 04:37:32,817] {logging_mixin.py:115} INFO - [2022-07-31 04:37:32,817] {dag.py:2379} INFO - Sync 1 DAGs
[2022-07-31 04:37:32,844] {logging_mixin.py:115} INFO - [2022-07-31 04:37:32,844] {dag.py:2931} INFO - Setting next_dagrun for assignment_solution to 2022-07-30T00:00:00+00:00, run_after=2022-07-31T00:00:00+00:00
[2022-07-31 04:37:32,856] {processor.py:161} INFO - Processing /opt/airflow/dags/assignment_solution/assignment1.py took 0.096 seconds
[2022-07-31 04:38:03,283] {processor.py:153} INFO - Started process (PID=418) to work on /opt/airflow/dags/assignment_solution/assignment1.py
[2022-07-31 04:38:03,284] {processor.py:641} INFO - Processing file /opt/airflow/dags/assignment_solution/assignment1.py for tasks to queue
[2022-07-31 04:38:03,285] {logging_mixin.py:115} INFO - [2022-07-31 04:38:03,285] {dagbag.py:507} INFO - Filling up the DagBag from /opt/airflow/dags/assignment_solution/assignment1.py
[2022-07-31 04:38:03,315] {processor.py:651} INFO - DAG(s) dict_keys(['assignment_solution']) retrieved from /opt/airflow/dags/assignment_solution/assignment1.py
[2022-07-31 04:38:03,364] {logging_mixin.py:115} INFO - [2022-07-31 04:38:03,364] {dag.py:2379} INFO - Sync 1 DAGs
[2022-07-31 04:38:03,397] {logging_mixin.py:115} INFO - [2022-07-31 04:38:03,396] {dag.py:2931} INFO - Setting next_dagrun for assignment_solution to 2022-07-30T00:00:00+00:00, run_after=2022-07-31T00:00:00+00:00
[2022-07-31 04:38:03,412] {processor.py:161} INFO - Processing /opt/airflow/dags/assignment_solution/assignment1.py took 0.133 seconds
[2022-07-31 04:38:33,631] {processor.py:153} INFO - Started process (PID=489) to work on /opt/airflow/dags/assignment_solution/assignment1.py
[2022-07-31 04:38:33,649] {processor.py:641} INFO - Processing file /opt/airflow/dags/assignment_solution/assignment1.py for tasks to queue
[2022-07-31 04:38:33,654] {logging_mixin.py:115} INFO - [2022-07-31 04:38:33,654] {dagbag.py:507} INFO - Filling up the DagBag from /opt/airflow/dags/assignment_solution/assignment1.py
[2022-07-31 04:38:33,707] {processor.py:651} INFO - DAG(s) dict_keys(['assignment_solution']) retrieved from /opt/airflow/dags/assignment_solution/assignment1.py
[2022-07-31 04:38:33,781] {logging_mixin.py:115} INFO - [2022-07-31 04:38:33,781] {dag.py:2379} INFO - Sync 1 DAGs
[2022-07-31 04:38:33,816] {logging_mixin.py:115} INFO - [2022-07-31 04:38:33,816] {dag.py:2931} INFO - Setting next_dagrun for assignment_solution to 2022-07-30T00:00:00+00:00, run_after=2022-07-31T00:00:00+00:00
[2022-07-31 04:38:33,833] {processor.py:161} INFO - Processing /opt/airflow/dags/assignment_solution/assignment1.py took 0.206 seconds
[2022-07-31 04:39:04,684] {processor.py:153} INFO - Started process (PID=571) to work on /opt/airflow/dags/assignment_solution/assignment1.py
[2022-07-31 04:39:04,685] {processor.py:641} INFO - Processing file /opt/airflow/dags/assignment_solution/assignment1.py for tasks to queue
[2022-07-31 04:39:04,686] {logging_mixin.py:115} INFO - [2022-07-31 04:39:04,686] {dagbag.py:507} INFO - Filling up the DagBag from /opt/airflow/dags/assignment_solution/assignment1.py
[2022-07-31 04:39:04,705] {processor.py:651} INFO - DAG(s) dict_keys(['assignment_solution']) retrieved from /opt/airflow/dags/assignment_solution/assignment1.py
[2022-07-31 04:39:04,736] {logging_mixin.py:115} INFO - [2022-07-31 04:39:04,736] {dag.py:2379} INFO - Sync 1 DAGs
[2022-07-31 04:39:04,762] {logging_mixin.py:115} INFO - [2022-07-31 04:39:04,762] {dag.py:2931} INFO - Setting next_dagrun for assignment_solution to 2022-07-30T00:00:00+00:00, run_after=2022-07-31T00:00:00+00:00
[2022-07-31 04:39:04,773] {processor.py:161} INFO - Processing /opt/airflow/dags/assignment_solution/assignment1.py took 0.093 seconds
[2022-07-31 04:39:35,185] {processor.py:153} INFO - Started process (PID=642) to work on /opt/airflow/dags/assignment_solution/assignment1.py
[2022-07-31 04:39:35,194] {processor.py:641} INFO - Processing file /opt/airflow/dags/assignment_solution/assignment1.py for tasks to queue
[2022-07-31 04:39:35,208] {logging_mixin.py:115} INFO - [2022-07-31 04:39:35,207] {dagbag.py:507} INFO - Filling up the DagBag from /opt/airflow/dags/assignment_solution/assignment1.py
[2022-07-31 04:39:35,360] {processor.py:651} INFO - DAG(s) dict_keys(['assignment_solution']) retrieved from /opt/airflow/dags/assignment_solution/assignment1.py
[2022-07-31 04:39:35,396] {logging_mixin.py:115} INFO - [2022-07-31 04:39:35,396] {dag.py:2379} INFO - Sync 1 DAGs
[2022-07-31 04:39:35,425] {logging_mixin.py:115} INFO - [2022-07-31 04:39:35,425] {dag.py:2931} INFO - Setting next_dagrun for assignment_solution to 2022-07-30T00:00:00+00:00, run_after=2022-07-31T00:00:00+00:00
[2022-07-31 04:39:35,438] {processor.py:161} INFO - Processing /opt/airflow/dags/assignment_solution/assignment1.py took 0.327 seconds
[2022-07-31 04:40:05,582] {processor.py:153} INFO - Started process (PID=713) to work on /opt/airflow/dags/assignment_solution/assignment1.py
[2022-07-31 04:40:05,590] {processor.py:641} INFO - Processing file /opt/airflow/dags/assignment_solution/assignment1.py for tasks to queue
[2022-07-31 04:40:05,593] {logging_mixin.py:115} INFO - [2022-07-31 04:40:05,593] {dagbag.py:507} INFO - Filling up the DagBag from /opt/airflow/dags/assignment_solution/assignment1.py
[2022-07-31 04:40:05,685] {processor.py:651} INFO - DAG(s) dict_keys(['assignment_solution']) retrieved from /opt/airflow/dags/assignment_solution/assignment1.py
[2022-07-31 04:40:05,728] {logging_mixin.py:115} INFO - [2022-07-31 04:40:05,728] {dag.py:2379} INFO - Sync 1 DAGs
[2022-07-31 04:40:05,768] {logging_mixin.py:115} INFO - [2022-07-31 04:40:05,768] {dag.py:2931} INFO - Setting next_dagrun for assignment_solution to 2022-07-30T00:00:00+00:00, run_after=2022-07-31T00:00:00+00:00
[2022-07-31 04:40:05,799] {processor.py:161} INFO - Processing /opt/airflow/dags/assignment_solution/assignment1.py took 0.236 seconds
[2022-07-31 04:40:36,232] {processor.py:153} INFO - Started process (PID=795) to work on /opt/airflow/dags/assignment_solution/assignment1.py
[2022-07-31 04:40:36,234] {processor.py:641} INFO - Processing file /opt/airflow/dags/assignment_solution/assignment1.py for tasks to queue
[2022-07-31 04:40:36,236] {logging_mixin.py:115} INFO - [2022-07-31 04:40:36,236] {dagbag.py:507} INFO - Filling up the DagBag from /opt/airflow/dags/assignment_solution/assignment1.py
[2022-07-31 04:40:36,270] {processor.py:651} INFO - DAG(s) dict_keys(['assignment_solution']) retrieved from /opt/airflow/dags/assignment_solution/assignment1.py
[2022-07-31 04:40:36,310] {logging_mixin.py:115} INFO - [2022-07-31 04:40:36,309] {dag.py:2379} INFO - Sync 1 DAGs
[2022-07-31 04:40:36,334] {logging_mixin.py:115} INFO - [2022-07-31 04:40:36,334] {dag.py:2931} INFO - Setting next_dagrun for assignment_solution to 2022-07-30T00:00:00+00:00, run_after=2022-07-31T00:00:00+00:00
[2022-07-31 04:40:36,347] {processor.py:161} INFO - Processing /opt/airflow/dags/assignment_solution/assignment1.py took 0.125 seconds
[2022-07-31 04:41:07,090] {processor.py:153} INFO - Started process (PID=869) to work on /opt/airflow/dags/assignment_solution/assignment1.py
[2022-07-31 04:41:07,105] {processor.py:641} INFO - Processing file /opt/airflow/dags/assignment_solution/assignment1.py for tasks to queue
[2022-07-31 04:41:07,107] {logging_mixin.py:115} INFO - [2022-07-31 04:41:07,107] {dagbag.py:507} INFO - Filling up the DagBag from /opt/airflow/dags/assignment_solution/assignment1.py
[2022-07-31 04:41:07,141] {processor.py:651} INFO - DAG(s) dict_keys(['assignment_solution']) retrieved from /opt/airflow/dags/assignment_solution/assignment1.py
[2022-07-31 04:41:07,192] {logging_mixin.py:115} INFO - [2022-07-31 04:41:07,192] {dag.py:2379} INFO - Sync 1 DAGs
[2022-07-31 04:41:07,231] {logging_mixin.py:115} INFO - [2022-07-31 04:41:07,230] {dag.py:2931} INFO - Setting next_dagrun for assignment_solution to 2022-07-30T00:00:00+00:00, run_after=2022-07-31T00:00:00+00:00
[2022-07-31 04:41:07,256] {processor.py:161} INFO - Processing /opt/airflow/dags/assignment_solution/assignment1.py took 0.169 seconds
[2022-07-31 04:41:37,329] {processor.py:153} INFO - Started process (PID=954) to work on /opt/airflow/dags/assignment_solution/assignment1.py
[2022-07-31 04:41:37,339] {processor.py:641} INFO - Processing file /opt/airflow/dags/assignment_solution/assignment1.py for tasks to queue
[2022-07-31 04:41:37,341] {logging_mixin.py:115} INFO - [2022-07-31 04:41:37,341] {dagbag.py:507} INFO - Filling up the DagBag from /opt/airflow/dags/assignment_solution/assignment1.py
[2022-07-31 04:41:37,378] {processor.py:651} INFO - DAG(s) dict_keys(['assignment_solution']) retrieved from /opt/airflow/dags/assignment_solution/assignment1.py
[2022-07-31 04:41:37,443] {logging_mixin.py:115} INFO - [2022-07-31 04:41:37,443] {dag.py:2379} INFO - Sync 1 DAGs
[2022-07-31 04:41:37,477] {logging_mixin.py:115} INFO - [2022-07-31 04:41:37,477] {dag.py:2931} INFO - Setting next_dagrun for assignment_solution to 2022-07-30T00:00:00+00:00, run_after=2022-07-31T00:00:00+00:00
[2022-07-31 04:41:37,492] {processor.py:161} INFO - Processing /opt/airflow/dags/assignment_solution/assignment1.py took 0.166 seconds
[2022-07-31 04:42:07,852] {processor.py:153} INFO - Started process (PID=1026) to work on /opt/airflow/dags/assignment_solution/assignment1.py
[2022-07-31 04:42:07,854] {processor.py:641} INFO - Processing file /opt/airflow/dags/assignment_solution/assignment1.py for tasks to queue
[2022-07-31 04:42:07,856] {logging_mixin.py:115} INFO - [2022-07-31 04:42:07,856] {dagbag.py:507} INFO - Filling up the DagBag from /opt/airflow/dags/assignment_solution/assignment1.py
[2022-07-31 04:42:07,896] {processor.py:651} INFO - DAG(s) dict_keys(['assignment_solution']) retrieved from /opt/airflow/dags/assignment_solution/assignment1.py
[2022-07-31 04:42:07,943] {logging_mixin.py:115} INFO - [2022-07-31 04:42:07,943] {dag.py:2379} INFO - Sync 1 DAGs
[2022-07-31 04:42:07,976] {logging_mixin.py:115} INFO - [2022-07-31 04:42:07,976] {dag.py:2931} INFO - Setting next_dagrun for assignment_solution to 2022-07-30T00:00:00+00:00, run_after=2022-07-31T00:00:00+00:00
[2022-07-31 04:42:07,991] {processor.py:161} INFO - Processing /opt/airflow/dags/assignment_solution/assignment1.py took 0.148 seconds
[2022-07-31 04:42:38,813] {processor.py:153} INFO - Started process (PID=1108) to work on /opt/airflow/dags/assignment_solution/assignment1.py
[2022-07-31 04:42:38,820] {processor.py:641} INFO - Processing file /opt/airflow/dags/assignment_solution/assignment1.py for tasks to queue
[2022-07-31 04:42:38,821] {logging_mixin.py:115} INFO - [2022-07-31 04:42:38,821] {dagbag.py:507} INFO - Filling up the DagBag from /opt/airflow/dags/assignment_solution/assignment1.py
[2022-07-31 04:42:38,896] {processor.py:651} INFO - DAG(s) dict_keys(['assignment_solution']) retrieved from /opt/airflow/dags/assignment_solution/assignment1.py
[2022-07-31 04:42:38,980] {logging_mixin.py:115} INFO - [2022-07-31 04:42:38,980] {dag.py:2379} INFO - Sync 1 DAGs
[2022-07-31 04:42:39,016] {logging_mixin.py:115} INFO - [2022-07-31 04:42:39,016] {dag.py:2931} INFO - Setting next_dagrun for assignment_solution to 2022-07-30T00:00:00+00:00, run_after=2022-07-31T00:00:00+00:00
[2022-07-31 04:42:39,033] {processor.py:161} INFO - Processing /opt/airflow/dags/assignment_solution/assignment1.py took 0.224 seconds
