[2022-07-31 04:36:02,034] {processor.py:153} INFO - Started process (PID=118) to work on /opt/airflow/dags/assignment_solution/sql_branch_operator.py
[2022-07-31 04:36:02,035] {processor.py:641} INFO - Processing file /opt/airflow/dags/assignment_solution/sql_branch_operator.py for tasks to queue
[2022-07-31 04:36:02,035] {logging_mixin.py:115} INFO - [2022-07-31 04:36:02,035] {dagbag.py:507} INFO - Filling up the DagBag from /opt/airflow/dags/assignment_solution/sql_branch_operator.py
[2022-07-31 04:36:02,131] {logging_mixin.py:115} WARNING - /home/airflow/.local/lib/python3.7/site-packages/airflow/models/baseoperator.py:390 DeprecationWarning: none_failed_or_skipped Trigger Rule is deprecated. Please use `none_failed_min_one_success`.
[2022-07-31 04:36:02,134] {processor.py:651} INFO - DAG(s) dict_keys(['sql_branch_operator_assignment']) retrieved from /opt/airflow/dags/assignment_solution/sql_branch_operator.py
[2022-07-31 04:36:02,396] {logging_mixin.py:115} INFO - [2022-07-31 04:36:02,395] {dag.py:2379} INFO - Sync 1 DAGs
[2022-07-31 04:36:02,765] {logging_mixin.py:115} INFO - [2022-07-31 04:36:02,765] {dag.py:2931} INFO - Setting next_dagrun for sql_branch_operator_assignment to 2022-07-30T00:00:00+00:00, run_after=2022-07-31T00:00:00+00:00
[2022-07-31 04:36:02,784] {processor.py:161} INFO - Processing /opt/airflow/dags/assignment_solution/sql_branch_operator.py took 0.765 seconds
[2022-07-31 04:36:33,275] {processor.py:153} INFO - Started process (PID=193) to work on /opt/airflow/dags/assignment_solution/sql_branch_operator.py
[2022-07-31 04:36:33,278] {processor.py:641} INFO - Processing file /opt/airflow/dags/assignment_solution/sql_branch_operator.py for tasks to queue
[2022-07-31 04:36:33,280] {logging_mixin.py:115} INFO - [2022-07-31 04:36:33,280] {dagbag.py:507} INFO - Filling up the DagBag from /opt/airflow/dags/assignment_solution/sql_branch_operator.py
[2022-07-31 04:36:33,315] {logging_mixin.py:115} WARNING - /home/airflow/.local/lib/python3.7/site-packages/airflow/models/baseoperator.py:390 DeprecationWarning: none_failed_or_skipped Trigger Rule is deprecated. Please use `none_failed_min_one_success`.
[2022-07-31 04:36:33,320] {processor.py:651} INFO - DAG(s) dict_keys(['sql_branch_operator_assignment']) retrieved from /opt/airflow/dags/assignment_solution/sql_branch_operator.py
[2022-07-31 04:36:33,357] {logging_mixin.py:115} INFO - [2022-07-31 04:36:33,357] {dag.py:2379} INFO - Sync 1 DAGs
[2022-07-31 04:36:33,395] {logging_mixin.py:115} INFO - [2022-07-31 04:36:33,395] {dag.py:2931} INFO - Setting next_dagrun for sql_branch_operator_assignment to 2022-07-30T00:00:00+00:00, run_after=2022-07-31T00:00:00+00:00
[2022-07-31 04:36:33,414] {processor.py:161} INFO - Processing /opt/airflow/dags/assignment_solution/sql_branch_operator.py took 0.143 seconds
[2022-07-31 04:37:03,835] {processor.py:153} INFO - Started process (PID=268) to work on /opt/airflow/dags/assignment_solution/sql_branch_operator.py
[2022-07-31 04:37:03,837] {processor.py:641} INFO - Processing file /opt/airflow/dags/assignment_solution/sql_branch_operator.py for tasks to queue
[2022-07-31 04:37:03,838] {logging_mixin.py:115} INFO - [2022-07-31 04:37:03,838] {dagbag.py:507} INFO - Filling up the DagBag from /opt/airflow/dags/assignment_solution/sql_branch_operator.py
[2022-07-31 04:37:03,871] {logging_mixin.py:115} WARNING - /home/airflow/.local/lib/python3.7/site-packages/airflow/models/baseoperator.py:390 DeprecationWarning: none_failed_or_skipped Trigger Rule is deprecated. Please use `none_failed_min_one_success`.
[2022-07-31 04:37:03,873] {processor.py:651} INFO - DAG(s) dict_keys(['sql_branch_operator_assignment']) retrieved from /opt/airflow/dags/assignment_solution/sql_branch_operator.py
[2022-07-31 04:37:03,947] {logging_mixin.py:115} INFO - [2022-07-31 04:37:03,947] {dag.py:2379} INFO - Sync 1 DAGs
[2022-07-31 04:37:03,993] {logging_mixin.py:115} INFO - [2022-07-31 04:37:03,993] {dag.py:2931} INFO - Setting next_dagrun for sql_branch_operator_assignment to 2022-07-30T00:00:00+00:00, run_after=2022-07-31T00:00:00+00:00
[2022-07-31 04:37:04,039] {processor.py:161} INFO - Processing /opt/airflow/dags/assignment_solution/sql_branch_operator.py took 0.209 seconds
[2022-07-31 04:37:34,211] {processor.py:153} INFO - Started process (PID=339) to work on /opt/airflow/dags/assignment_solution/sql_branch_operator.py
[2022-07-31 04:37:34,214] {processor.py:641} INFO - Processing file /opt/airflow/dags/assignment_solution/sql_branch_operator.py for tasks to queue
[2022-07-31 04:37:34,227] {logging_mixin.py:115} INFO - [2022-07-31 04:37:34,227] {dagbag.py:507} INFO - Filling up the DagBag from /opt/airflow/dags/assignment_solution/sql_branch_operator.py
[2022-07-31 04:37:34,353] {logging_mixin.py:115} WARNING - /home/airflow/.local/lib/python3.7/site-packages/airflow/models/baseoperator.py:390 DeprecationWarning: none_failed_or_skipped Trigger Rule is deprecated. Please use `none_failed_min_one_success`.
[2022-07-31 04:37:34,357] {processor.py:651} INFO - DAG(s) dict_keys(['sql_branch_operator_assignment']) retrieved from /opt/airflow/dags/assignment_solution/sql_branch_operator.py
[2022-07-31 04:37:34,458] {logging_mixin.py:115} INFO - [2022-07-31 04:37:34,458] {dag.py:2379} INFO - Sync 1 DAGs
[2022-07-31 04:37:34,690] {logging_mixin.py:115} INFO - [2022-07-31 04:37:34,690] {dag.py:2931} INFO - Setting next_dagrun for sql_branch_operator_assignment to 2022-07-30T00:00:00+00:00, run_after=2022-07-31T00:00:00+00:00
[2022-07-31 04:37:34,806] {processor.py:161} INFO - Processing /opt/airflow/dags/assignment_solution/sql_branch_operator.py took 0.613 seconds
[2022-07-31 04:38:05,445] {processor.py:153} INFO - Started process (PID=421) to work on /opt/airflow/dags/assignment_solution/sql_branch_operator.py
[2022-07-31 04:38:05,449] {processor.py:641} INFO - Processing file /opt/airflow/dags/assignment_solution/sql_branch_operator.py for tasks to queue
[2022-07-31 04:38:05,453] {logging_mixin.py:115} INFO - [2022-07-31 04:38:05,453] {dagbag.py:507} INFO - Filling up the DagBag from /opt/airflow/dags/assignment_solution/sql_branch_operator.py
[2022-07-31 04:38:05,514] {logging_mixin.py:115} WARNING - /home/airflow/.local/lib/python3.7/site-packages/airflow/models/baseoperator.py:390 DeprecationWarning: none_failed_or_skipped Trigger Rule is deprecated. Please use `none_failed_min_one_success`.
[2022-07-31 04:38:05,519] {processor.py:651} INFO - DAG(s) dict_keys(['sql_branch_operator_assignment']) retrieved from /opt/airflow/dags/assignment_solution/sql_branch_operator.py
[2022-07-31 04:38:05,573] {logging_mixin.py:115} INFO - [2022-07-31 04:38:05,573] {dag.py:2379} INFO - Sync 1 DAGs
[2022-07-31 04:38:05,623] {logging_mixin.py:115} INFO - [2022-07-31 04:38:05,623] {dag.py:2931} INFO - Setting next_dagrun for sql_branch_operator_assignment to 2022-07-30T00:00:00+00:00, run_after=2022-07-31T00:00:00+00:00
[2022-07-31 04:38:05,646] {processor.py:161} INFO - Processing /opt/airflow/dags/assignment_solution/sql_branch_operator.py took 0.207 seconds
[2022-07-31 04:38:35,880] {processor.py:153} INFO - Started process (PID=492) to work on /opt/airflow/dags/assignment_solution/sql_branch_operator.py
[2022-07-31 04:38:35,882] {processor.py:641} INFO - Processing file /opt/airflow/dags/assignment_solution/sql_branch_operator.py for tasks to queue
[2022-07-31 04:38:35,884] {logging_mixin.py:115} INFO - [2022-07-31 04:38:35,884] {dagbag.py:507} INFO - Filling up the DagBag from /opt/airflow/dags/assignment_solution/sql_branch_operator.py
[2022-07-31 04:38:35,916] {logging_mixin.py:115} WARNING - /home/airflow/.local/lib/python3.7/site-packages/airflow/models/baseoperator.py:390 DeprecationWarning: none_failed_or_skipped Trigger Rule is deprecated. Please use `none_failed_min_one_success`.
[2022-07-31 04:38:35,920] {processor.py:651} INFO - DAG(s) dict_keys(['sql_branch_operator_assignment']) retrieved from /opt/airflow/dags/assignment_solution/sql_branch_operator.py
[2022-07-31 04:38:35,955] {logging_mixin.py:115} INFO - [2022-07-31 04:38:35,955] {dag.py:2379} INFO - Sync 1 DAGs
[2022-07-31 04:38:35,997] {logging_mixin.py:115} INFO - [2022-07-31 04:38:35,996] {dag.py:2931} INFO - Setting next_dagrun for sql_branch_operator_assignment to 2022-07-30T00:00:00+00:00, run_after=2022-07-31T00:00:00+00:00
[2022-07-31 04:38:36,037] {processor.py:161} INFO - Processing /opt/airflow/dags/assignment_solution/sql_branch_operator.py took 0.160 seconds
[2022-07-31 04:39:06,804] {processor.py:153} INFO - Started process (PID=574) to work on /opt/airflow/dags/assignment_solution/sql_branch_operator.py
[2022-07-31 04:39:06,807] {processor.py:641} INFO - Processing file /opt/airflow/dags/assignment_solution/sql_branch_operator.py for tasks to queue
[2022-07-31 04:39:06,812] {logging_mixin.py:115} INFO - [2022-07-31 04:39:06,812] {dagbag.py:507} INFO - Filling up the DagBag from /opt/airflow/dags/assignment_solution/sql_branch_operator.py
[2022-07-31 04:39:06,848] {logging_mixin.py:115} WARNING - /home/airflow/.local/lib/python3.7/site-packages/airflow/models/baseoperator.py:390 DeprecationWarning: none_failed_or_skipped Trigger Rule is deprecated. Please use `none_failed_min_one_success`.
[2022-07-31 04:39:06,851] {processor.py:651} INFO - DAG(s) dict_keys(['sql_branch_operator_assignment']) retrieved from /opt/airflow/dags/assignment_solution/sql_branch_operator.py
[2022-07-31 04:39:06,892] {logging_mixin.py:115} INFO - [2022-07-31 04:39:06,892] {dag.py:2379} INFO - Sync 1 DAGs
[2022-07-31 04:39:06,932] {logging_mixin.py:115} INFO - [2022-07-31 04:39:06,932] {dag.py:2931} INFO - Setting next_dagrun for sql_branch_operator_assignment to 2022-07-30T00:00:00+00:00, run_after=2022-07-31T00:00:00+00:00
[2022-07-31 04:39:06,947] {processor.py:161} INFO - Processing /opt/airflow/dags/assignment_solution/sql_branch_operator.py took 0.148 seconds
[2022-07-31 04:39:37,472] {processor.py:153} INFO - Started process (PID=645) to work on /opt/airflow/dags/assignment_solution/sql_branch_operator.py
[2022-07-31 04:39:37,477] {processor.py:641} INFO - Processing file /opt/airflow/dags/assignment_solution/sql_branch_operator.py for tasks to queue
[2022-07-31 04:39:37,478] {logging_mixin.py:115} INFO - [2022-07-31 04:39:37,478] {dagbag.py:507} INFO - Filling up the DagBag from /opt/airflow/dags/assignment_solution/sql_branch_operator.py
[2022-07-31 04:39:37,530] {logging_mixin.py:115} WARNING - /home/airflow/.local/lib/python3.7/site-packages/airflow/models/baseoperator.py:390 DeprecationWarning: none_failed_or_skipped Trigger Rule is deprecated. Please use `none_failed_min_one_success`.
[2022-07-31 04:39:37,536] {processor.py:651} INFO - DAG(s) dict_keys(['sql_branch_operator_assignment']) retrieved from /opt/airflow/dags/assignment_solution/sql_branch_operator.py
[2022-07-31 04:39:37,609] {logging_mixin.py:115} INFO - [2022-07-31 04:39:37,609] {dag.py:2379} INFO - Sync 1 DAGs
[2022-07-31 04:39:37,669] {logging_mixin.py:115} INFO - [2022-07-31 04:39:37,669] {dag.py:2931} INFO - Setting next_dagrun for sql_branch_operator_assignment to 2022-07-30T00:00:00+00:00, run_after=2022-07-31T00:00:00+00:00
[2022-07-31 04:39:37,702] {processor.py:161} INFO - Processing /opt/airflow/dags/assignment_solution/sql_branch_operator.py took 0.237 seconds
[2022-07-31 04:40:07,853] {processor.py:153} INFO - Started process (PID=726) to work on /opt/airflow/dags/assignment_solution/sql_branch_operator.py
[2022-07-31 04:40:07,865] {processor.py:641} INFO - Processing file /opt/airflow/dags/assignment_solution/sql_branch_operator.py for tasks to queue
[2022-07-31 04:40:07,866] {logging_mixin.py:115} INFO - [2022-07-31 04:40:07,866] {dagbag.py:507} INFO - Filling up the DagBag from /opt/airflow/dags/assignment_solution/sql_branch_operator.py
[2022-07-31 04:40:07,939] {logging_mixin.py:115} WARNING - /home/airflow/.local/lib/python3.7/site-packages/airflow/models/baseoperator.py:390 DeprecationWarning: none_failed_or_skipped Trigger Rule is deprecated. Please use `none_failed_min_one_success`.
[2022-07-31 04:40:07,960] {processor.py:651} INFO - DAG(s) dict_keys(['sql_branch_operator_assignment']) retrieved from /opt/airflow/dags/assignment_solution/sql_branch_operator.py
[2022-07-31 04:40:08,018] {logging_mixin.py:115} INFO - [2022-07-31 04:40:08,018] {dag.py:2379} INFO - Sync 1 DAGs
[2022-07-31 04:40:08,053] {logging_mixin.py:115} INFO - [2022-07-31 04:40:08,053] {dag.py:2931} INFO - Setting next_dagrun for sql_branch_operator_assignment to 2022-07-30T00:00:00+00:00, run_after=2022-07-31T00:00:00+00:00
[2022-07-31 04:40:08,071] {processor.py:161} INFO - Processing /opt/airflow/dags/assignment_solution/sql_branch_operator.py took 0.226 seconds
[2022-07-31 04:40:38,370] {processor.py:153} INFO - Started process (PID=798) to work on /opt/airflow/dags/assignment_solution/sql_branch_operator.py
[2022-07-31 04:40:38,371] {processor.py:641} INFO - Processing file /opt/airflow/dags/assignment_solution/sql_branch_operator.py for tasks to queue
[2022-07-31 04:40:38,372] {logging_mixin.py:115} INFO - [2022-07-31 04:40:38,372] {dagbag.py:507} INFO - Filling up the DagBag from /opt/airflow/dags/assignment_solution/sql_branch_operator.py
[2022-07-31 04:40:38,401] {logging_mixin.py:115} WARNING - /home/airflow/.local/lib/python3.7/site-packages/airflow/models/baseoperator.py:390 DeprecationWarning: none_failed_or_skipped Trigger Rule is deprecated. Please use `none_failed_min_one_success`.
[2022-07-31 04:40:38,403] {processor.py:651} INFO - DAG(s) dict_keys(['sql_branch_operator_assignment']) retrieved from /opt/airflow/dags/assignment_solution/sql_branch_operator.py
[2022-07-31 04:40:38,438] {logging_mixin.py:115} INFO - [2022-07-31 04:40:38,438] {dag.py:2379} INFO - Sync 1 DAGs
[2022-07-31 04:40:38,476] {logging_mixin.py:115} INFO - [2022-07-31 04:40:38,476] {dag.py:2931} INFO - Setting next_dagrun for sql_branch_operator_assignment to 2022-07-30T00:00:00+00:00, run_after=2022-07-31T00:00:00+00:00
[2022-07-31 04:40:38,494] {processor.py:161} INFO - Processing /opt/airflow/dags/assignment_solution/sql_branch_operator.py took 0.128 seconds
[2022-07-31 04:41:09,300] {processor.py:153} INFO - Started process (PID=872) to work on /opt/airflow/dags/assignment_solution/sql_branch_operator.py
[2022-07-31 04:41:09,302] {processor.py:641} INFO - Processing file /opt/airflow/dags/assignment_solution/sql_branch_operator.py for tasks to queue
[2022-07-31 04:41:09,302] {logging_mixin.py:115} INFO - [2022-07-31 04:41:09,302] {dagbag.py:507} INFO - Filling up the DagBag from /opt/airflow/dags/assignment_solution/sql_branch_operator.py
[2022-07-31 04:41:09,331] {logging_mixin.py:115} WARNING - /home/airflow/.local/lib/python3.7/site-packages/airflow/models/baseoperator.py:390 DeprecationWarning: none_failed_or_skipped Trigger Rule is deprecated. Please use `none_failed_min_one_success`.
[2022-07-31 04:41:09,333] {processor.py:651} INFO - DAG(s) dict_keys(['sql_branch_operator_assignment']) retrieved from /opt/airflow/dags/assignment_solution/sql_branch_operator.py
[2022-07-31 04:41:09,366] {logging_mixin.py:115} INFO - [2022-07-31 04:41:09,366] {dag.py:2379} INFO - Sync 1 DAGs
[2022-07-31 04:41:09,407] {logging_mixin.py:115} INFO - [2022-07-31 04:41:09,407] {dag.py:2931} INFO - Setting next_dagrun for sql_branch_operator_assignment to 2022-07-30T00:00:00+00:00, run_after=2022-07-31T00:00:00+00:00
[2022-07-31 04:41:09,427] {processor.py:161} INFO - Processing /opt/airflow/dags/assignment_solution/sql_branch_operator.py took 0.135 seconds
[2022-07-31 04:41:39,519] {processor.py:153} INFO - Started process (PID=957) to work on /opt/airflow/dags/assignment_solution/sql_branch_operator.py
[2022-07-31 04:41:39,520] {processor.py:641} INFO - Processing file /opt/airflow/dags/assignment_solution/sql_branch_operator.py for tasks to queue
[2022-07-31 04:41:39,520] {logging_mixin.py:115} INFO - [2022-07-31 04:41:39,520] {dagbag.py:507} INFO - Filling up the DagBag from /opt/airflow/dags/assignment_solution/sql_branch_operator.py
[2022-07-31 04:41:39,562] {logging_mixin.py:115} WARNING - /home/airflow/.local/lib/python3.7/site-packages/airflow/models/baseoperator.py:390 DeprecationWarning: none_failed_or_skipped Trigger Rule is deprecated. Please use `none_failed_min_one_success`.
[2022-07-31 04:41:39,567] {processor.py:651} INFO - DAG(s) dict_keys(['sql_branch_operator_assignment']) retrieved from /opt/airflow/dags/assignment_solution/sql_branch_operator.py
[2022-07-31 04:41:39,614] {logging_mixin.py:115} INFO - [2022-07-31 04:41:39,614] {dag.py:2379} INFO - Sync 1 DAGs
[2022-07-31 04:41:39,650] {logging_mixin.py:115} INFO - [2022-07-31 04:41:39,650] {dag.py:2931} INFO - Setting next_dagrun for sql_branch_operator_assignment to 2022-07-30T00:00:00+00:00, run_after=2022-07-31T00:00:00+00:00
[2022-07-31 04:41:39,669] {processor.py:161} INFO - Processing /opt/airflow/dags/assignment_solution/sql_branch_operator.py took 0.153 seconds
[2022-07-31 04:42:10,025] {processor.py:153} INFO - Started process (PID=1029) to work on /opt/airflow/dags/assignment_solution/sql_branch_operator.py
[2022-07-31 04:42:10,036] {processor.py:641} INFO - Processing file /opt/airflow/dags/assignment_solution/sql_branch_operator.py for tasks to queue
[2022-07-31 04:42:10,038] {logging_mixin.py:115} INFO - [2022-07-31 04:42:10,037] {dagbag.py:507} INFO - Filling up the DagBag from /opt/airflow/dags/assignment_solution/sql_branch_operator.py
[2022-07-31 04:42:10,100] {logging_mixin.py:115} WARNING - /home/airflow/.local/lib/python3.7/site-packages/airflow/models/baseoperator.py:390 DeprecationWarning: none_failed_or_skipped Trigger Rule is deprecated. Please use `none_failed_min_one_success`.
[2022-07-31 04:42:10,104] {processor.py:651} INFO - DAG(s) dict_keys(['sql_branch_operator_assignment']) retrieved from /opt/airflow/dags/assignment_solution/sql_branch_operator.py
[2022-07-31 04:42:10,227] {logging_mixin.py:115} INFO - [2022-07-31 04:42:10,227] {dag.py:2379} INFO - Sync 1 DAGs
[2022-07-31 04:42:10,261] {logging_mixin.py:115} INFO - [2022-07-31 04:42:10,261] {dag.py:2931} INFO - Setting next_dagrun for sql_branch_operator_assignment to 2022-07-30T00:00:00+00:00, run_after=2022-07-31T00:00:00+00:00
[2022-07-31 04:42:10,279] {processor.py:161} INFO - Processing /opt/airflow/dags/assignment_solution/sql_branch_operator.py took 0.258 seconds
[2022-07-31 04:42:41,062] {processor.py:153} INFO - Started process (PID=1111) to work on /opt/airflow/dags/assignment_solution/sql_branch_operator.py
[2022-07-31 04:42:41,064] {processor.py:641} INFO - Processing file /opt/airflow/dags/assignment_solution/sql_branch_operator.py for tasks to queue
[2022-07-31 04:42:41,066] {logging_mixin.py:115} INFO - [2022-07-31 04:42:41,066] {dagbag.py:507} INFO - Filling up the DagBag from /opt/airflow/dags/assignment_solution/sql_branch_operator.py
[2022-07-31 04:42:41,100] {logging_mixin.py:115} WARNING - /home/airflow/.local/lib/python3.7/site-packages/airflow/models/baseoperator.py:390 DeprecationWarning: none_failed_or_skipped Trigger Rule is deprecated. Please use `none_failed_min_one_success`.
[2022-07-31 04:42:41,103] {processor.py:651} INFO - DAG(s) dict_keys(['sql_branch_operator_assignment']) retrieved from /opt/airflow/dags/assignment_solution/sql_branch_operator.py
[2022-07-31 04:42:41,142] {logging_mixin.py:115} INFO - [2022-07-31 04:42:41,142] {dag.py:2379} INFO - Sync 1 DAGs
[2022-07-31 04:42:41,204] {logging_mixin.py:115} INFO - [2022-07-31 04:42:41,204] {dag.py:2931} INFO - Setting next_dagrun for sql_branch_operator_assignment to 2022-07-30T00:00:00+00:00, run_after=2022-07-31T00:00:00+00:00
[2022-07-31 04:42:41,221] {processor.py:161} INFO - Processing /opt/airflow/dags/assignment_solution/sql_branch_operator.py took 0.164 seconds
