[2022-07-05 05:58:01,699] {taskinstance.py:1159} INFO - Dependencies all met for <TaskInstance: xcom_dag.extract_user manual__2022-07-05T05:58:00.347476+00:00 [queued]>
[2022-07-05 05:58:01,718] {taskinstance.py:1159} INFO - Dependencies all met for <TaskInstance: xcom_dag.extract_user manual__2022-07-05T05:58:00.347476+00:00 [queued]>
[2022-07-05 05:58:01,718] {taskinstance.py:1356} INFO - 
--------------------------------------------------------------------------------
[2022-07-05 05:58:01,718] {taskinstance.py:1357} INFO - Starting attempt 1 of 1
[2022-07-05 05:58:01,718] {taskinstance.py:1358} INFO - 
--------------------------------------------------------------------------------
[2022-07-05 05:58:01,750] {taskinstance.py:1377} INFO - Executing <Task(SimpleHttpOperator): extract_user> on 2022-07-05 05:58:00.347476+00:00
[2022-07-05 05:58:01,759] {standard_task_runner.py:52} INFO - Started process 3559 to run task
[2022-07-05 05:58:01,763] {standard_task_runner.py:79} INFO - Running: ['***', 'tasks', 'run', 'xcom_dag', 'extract_user', 'manual__2022-07-05T05:58:00.347476+00:00', '--job-id', '116', '--raw', '--subdir', 'DAGS_FOLDER/xcom_dag.py', '--cfg-path', '/tmp/tmp4eblngd2', '--error-file', '/tmp/tmpg3p2svjt']
[2022-07-05 05:58:01,783] {standard_task_runner.py:80} INFO - Job 116: Subtask extract_user
[2022-07-05 05:58:01,903] {task_command.py:370} INFO - Running <TaskInstance: xcom_dag.extract_user manual__2022-07-05T05:58:00.347476+00:00 [running]> on host dfb99dfc9d64
[2022-07-05 05:58:02,152] {taskinstance.py:1571} INFO - Exporting the following env vars:
AIRFLOW_CTX_DAG_OWNER=***
AIRFLOW_CTX_DAG_ID=xcom_dag
AIRFLOW_CTX_TASK_ID=extract_user
AIRFLOW_CTX_EXECUTION_DATE=2022-07-05T05:58:00.347476+00:00
AIRFLOW_CTX_TRY_NUMBER=1
AIRFLOW_CTX_DAG_RUN_ID=manual__2022-07-05T05:58:00.347476+00:00
[2022-07-05 05:58:02,155] {http.py:102} INFO - Calling HTTP method
[2022-07-05 05:58:02,180] {base.py:68} INFO - Using connection ID 'user_api' for task execution.
[2022-07-05 05:58:02,183] {http.py:129} INFO - Sending 'GET' to url: https://randomuser.me/api/
[2022-07-05 05:58:02,268] {http.py:106} INFO - {"results":[{"gender":"male","name":{"title":"Mr","first":"Aslan","last":"Van Doren"},"location":{"street":{"number":6627,"name":"Deniastate"},"city":"Noordoostpolder","state":"Noord-Brabant","country":"Netherlands","postcode":10715,"coordinates":{"latitude":"31.7710","longitude":"-38.6903"},"timezone":{"offset":"+4:30","description":"Kabul"}},"email":"aslan.vandoren@example.com","login":{"uuid":"1caa6980-b028-4950-afbc-93da4885b4c8","username":"redrabbit625","password":"wert","salt":"SdjFJud5","md5":"33130e83e4438bbb2b8f0467f95eb597","sha1":"9b19bf99da9530fad1b985a93c487999bf8bf498","sha256":"fe688963ed0bd0c26b76612894a9e27f1cade61216345c5dbb78cd34a88b2ad2"},"dob":{"date":"1955-06-05T10:07:18.311Z","age":67},"registered":{"date":"2019-08-03T23:28:24.294Z","age":2},"phone":"(255)-372-7501","cell":"(100)-720-3838","id":{"name":"BSN","value":"56084972"},"picture":{"large":"https://randomuser.me/api/portraits/men/67.jpg","medium":"https://randomuser.me/api/portraits/med/men/67.jpg","thumbnail":"https://randomuser.me/api/portraits/thumb/men/67.jpg"},"nat":"NL"}],"info":{"seed":"3e0988a660286207","results":1,"page":1,"version":"1.4"}}
[2022-07-05 05:58:02,374] {taskinstance.py:1400} INFO - Marking task as SUCCESS. dag_id=xcom_dag, task_id=extract_user, execution_date=20220705T055800, start_date=20220705T055801, end_date=20220705T055802
[2022-07-05 05:58:02,448] {local_task_job.py:156} INFO - Task exited with return code 0
[2022-07-05 05:58:02,542] {local_task_job.py:273} INFO - 1 downstream tasks scheduled from follow-on schedule check
