[2022-07-05 04:56:20,376] {taskinstance.py:1159} INFO - Dependencies all met for <TaskInstance: parallel_dag.load_a scheduled__2022-01-08T00:00:00+00:00 [queued]>
[2022-07-05 04:56:20,825] {taskinstance.py:1159} INFO - Dependencies all met for <TaskInstance: parallel_dag.load_a scheduled__2022-01-08T00:00:00+00:00 [queued]>
[2022-07-05 04:56:20,844] {taskinstance.py:1356} INFO - 
--------------------------------------------------------------------------------
[2022-07-05 04:56:20,848] {taskinstance.py:1357} INFO - Starting attempt 1 of 1
[2022-07-05 04:56:20,853] {taskinstance.py:1358} INFO - 
--------------------------------------------------------------------------------
[2022-07-05 04:56:21,482] {taskinstance.py:1377} INFO - Executing <Task(BashOperator): load_a> on 2022-01-08 00:00:00+00:00
[2022-07-05 04:56:21,643] {standard_task_runner.py:79} INFO - Running: ['***', 'tasks', 'run', 'parallel_dag', 'load_a', 'scheduled__2022-01-08T00:00:00+00:00', '--job-id', '65', '--raw', '--subdir', 'DAGS_FOLDER/parallel_dag.py', '--cfg-path', '/tmp/tmpd9hhif66', '--error-file', '/tmp/tmpjjwoit2k']
[2022-07-05 04:56:21,664] {standard_task_runner.py:52} INFO - Started process 576 to run task
[2022-07-05 04:56:21,736] {standard_task_runner.py:80} INFO - Job 65: Subtask load_a
[2022-07-05 04:56:23,251] {task_command.py:370} INFO - Running <TaskInstance: parallel_dag.load_a scheduled__2022-01-08T00:00:00+00:00 [running]> on host dfb99dfc9d64
[2022-07-05 04:56:25,847] {taskinstance.py:1571} INFO - Exporting the following env vars:
AIRFLOW_CTX_DAG_OWNER=***
AIRFLOW_CTX_DAG_ID=parallel_dag
AIRFLOW_CTX_TASK_ID=load_a
AIRFLOW_CTX_EXECUTION_DATE=2022-01-08T00:00:00+00:00
AIRFLOW_CTX_TRY_NUMBER=1
AIRFLOW_CTX_DAG_RUN_ID=scheduled__2022-01-08T00:00:00+00:00
[2022-07-05 04:56:25,853] {subprocess.py:62} INFO - Tmp dir root location: 
 /tmp
[2022-07-05 04:56:25,853] {subprocess.py:74} INFO - Running command: ['bash', '-c', 'sleep 1']
[2022-07-05 04:56:26,023] {subprocess.py:85} INFO - Output:
[2022-07-05 04:56:27,172] {subprocess.py:96} INFO - Command exited with return code 0
[2022-07-05 04:56:27,722] {taskinstance.py:1400} INFO - Marking task as SUCCESS. dag_id=parallel_dag, task_id=load_a, execution_date=20220108T000000, start_date=20220705T045620, end_date=20220705T045627
[2022-07-05 04:56:28,076] {local_task_job.py:156} INFO - Task exited with return code 0
[2022-07-05 04:56:28,915] {local_task_job.py:273} INFO - 1 downstream tasks scheduled from follow-on schedule check
