[2022-07-30 16:39:31,613] {processor.py:153} INFO - Started process (PID=73) to work on /opt/airflow/dags/operators/BashOperator1.py
[2022-07-30 16:39:31,629] {processor.py:641} INFO - Processing file /opt/airflow/dags/operators/BashOperator1.py for tasks to queue
[2022-07-30 16:39:31,638] {logging_mixin.py:115} INFO - [2022-07-30 16:39:31,638] {dagbag.py:507} INFO - Filling up the DagBag from /opt/airflow/dags/operators/BashOperator1.py
[2022-07-30 16:39:31,681] {processor.py:651} INFO - DAG(s) dict_keys(['bash_operator1']) retrieved from /opt/airflow/dags/operators/BashOperator1.py
[2022-07-30 16:39:33,062] {logging_mixin.py:115} INFO - [2022-07-30 16:39:33,061] {manager.py:508} INFO - Created Permission View: can read on DAG:bash_operator1
[2022-07-30 16:39:33,105] {logging_mixin.py:115} INFO - [2022-07-30 16:39:33,105] {manager.py:508} INFO - Created Permission View: can delete on DAG:bash_operator1
[2022-07-30 16:39:33,148] {logging_mixin.py:115} INFO - [2022-07-30 16:39:33,148] {manager.py:508} INFO - Created Permission View: can edit on DAG:bash_operator1
[2022-07-30 16:39:33,148] {logging_mixin.py:115} INFO - [2022-07-30 16:39:33,148] {dag.py:2379} INFO - Sync 1 DAGs
[2022-07-30 16:39:33,191] {logging_mixin.py:115} INFO - [2022-07-30 16:39:33,191] {dag.py:2398} INFO - Creating ORM DAG for bash_operator1
[2022-07-30 16:39:33,279] {logging_mixin.py:115} INFO - [2022-07-30 16:39:33,279] {dag.py:2931} INFO - Setting next_dagrun for bash_operator1 to 2022-07-29T00:00:00+00:00, run_after=2022-07-30T00:00:00+00:00
[2022-07-30 16:39:33,365] {processor.py:161} INFO - Processing /opt/airflow/dags/operators/BashOperator1.py took 1.765 seconds
[2022-07-30 16:40:04,072] {processor.py:153} INFO - Started process (PID=136) to work on /opt/airflow/dags/operators/BashOperator1.py
[2022-07-30 16:40:04,077] {processor.py:641} INFO - Processing file /opt/airflow/dags/operators/BashOperator1.py for tasks to queue
[2022-07-30 16:40:04,079] {logging_mixin.py:115} INFO - [2022-07-30 16:40:04,079] {dagbag.py:507} INFO - Filling up the DagBag from /opt/airflow/dags/operators/BashOperator1.py
[2022-07-30 16:40:04,103] {processor.py:651} INFO - DAG(s) dict_keys(['bash_operator1']) retrieved from /opt/airflow/dags/operators/BashOperator1.py
[2022-07-30 16:40:04,178] {logging_mixin.py:115} INFO - [2022-07-30 16:40:04,178] {dag.py:2379} INFO - Sync 1 DAGs
[2022-07-30 16:40:04,213] {logging_mixin.py:115} INFO - [2022-07-30 16:40:04,213] {dag.py:2931} INFO - Setting next_dagrun for bash_operator1 to 2022-07-29T00:00:00+00:00, run_after=2022-07-30T00:00:00+00:00
[2022-07-30 16:40:04,232] {processor.py:161} INFO - Processing /opt/airflow/dags/operators/BashOperator1.py took 0.166 seconds
[2022-07-30 16:40:35,062] {processor.py:153} INFO - Started process (PID=217) to work on /opt/airflow/dags/operators/BashOperator1.py
[2022-07-30 16:40:35,075] {processor.py:641} INFO - Processing file /opt/airflow/dags/operators/BashOperator1.py for tasks to queue
[2022-07-30 16:40:35,077] {logging_mixin.py:115} INFO - [2022-07-30 16:40:35,077] {dagbag.py:507} INFO - Filling up the DagBag from /opt/airflow/dags/operators/BashOperator1.py
[2022-07-30 16:40:35,097] {processor.py:651} INFO - DAG(s) dict_keys(['bash_operator1']) retrieved from /opt/airflow/dags/operators/BashOperator1.py
[2022-07-30 16:40:35,158] {logging_mixin.py:115} INFO - [2022-07-30 16:40:35,158] {dag.py:2379} INFO - Sync 1 DAGs
[2022-07-30 16:40:35,224] {logging_mixin.py:115} INFO - [2022-07-30 16:40:35,224] {dag.py:2931} INFO - Setting next_dagrun for bash_operator1 to 2022-07-29T00:00:00+00:00, run_after=2022-07-30T00:00:00+00:00
[2022-07-30 16:40:35,264] {processor.py:161} INFO - Processing /opt/airflow/dags/operators/BashOperator1.py took 0.206 seconds
[2022-07-30 16:41:05,681] {processor.py:153} INFO - Started process (PID=290) to work on /opt/airflow/dags/operators/BashOperator1.py
[2022-07-30 16:41:05,681] {processor.py:641} INFO - Processing file /opt/airflow/dags/operators/BashOperator1.py for tasks to queue
[2022-07-30 16:41:05,685] {logging_mixin.py:115} INFO - [2022-07-30 16:41:05,685] {dagbag.py:507} INFO - Filling up the DagBag from /opt/airflow/dags/operators/BashOperator1.py
[2022-07-30 16:41:05,709] {processor.py:651} INFO - DAG(s) dict_keys(['bash_operator1']) retrieved from /opt/airflow/dags/operators/BashOperator1.py
[2022-07-30 16:41:05,787] {logging_mixin.py:115} INFO - [2022-07-30 16:41:05,786] {dag.py:2379} INFO - Sync 1 DAGs
[2022-07-30 16:41:05,869] {logging_mixin.py:115} INFO - [2022-07-30 16:41:05,869] {dag.py:2931} INFO - Setting next_dagrun for bash_operator1 to 2022-07-29T00:00:00+00:00, run_after=2022-07-30T00:00:00+00:00
[2022-07-30 16:41:05,901] {processor.py:161} INFO - Processing /opt/airflow/dags/operators/BashOperator1.py took 0.242 seconds
[2022-07-30 16:41:36,544] {processor.py:153} INFO - Started process (PID=364) to work on /opt/airflow/dags/operators/BashOperator1.py
[2022-07-30 16:41:36,563] {processor.py:641} INFO - Processing file /opt/airflow/dags/operators/BashOperator1.py for tasks to queue
[2022-07-30 16:41:36,565] {logging_mixin.py:115} INFO - [2022-07-30 16:41:36,564] {dagbag.py:507} INFO - Filling up the DagBag from /opt/airflow/dags/operators/BashOperator1.py
[2022-07-30 16:41:36,575] {processor.py:651} INFO - DAG(s) dict_keys(['bash_operator1']) retrieved from /opt/airflow/dags/operators/BashOperator1.py
[2022-07-30 16:41:36,661] {logging_mixin.py:115} INFO - [2022-07-30 16:41:36,661] {dag.py:2379} INFO - Sync 1 DAGs
[2022-07-30 16:41:36,718] {logging_mixin.py:115} INFO - [2022-07-30 16:41:36,717] {dag.py:2931} INFO - Setting next_dagrun for bash_operator1 to 2022-07-29T00:00:00+00:00, run_after=2022-07-30T00:00:00+00:00
[2022-07-30 16:41:36,734] {processor.py:161} INFO - Processing /opt/airflow/dags/operators/BashOperator1.py took 0.194 seconds
[2022-07-30 16:42:06,854] {processor.py:153} INFO - Started process (PID=453) to work on /opt/airflow/dags/operators/BashOperator1.py
[2022-07-30 16:42:06,855] {processor.py:641} INFO - Processing file /opt/airflow/dags/operators/BashOperator1.py for tasks to queue
[2022-07-30 16:42:06,856] {logging_mixin.py:115} INFO - [2022-07-30 16:42:06,855] {dagbag.py:507} INFO - Filling up the DagBag from /opt/airflow/dags/operators/BashOperator1.py
[2022-07-30 16:42:06,864] {processor.py:651} INFO - DAG(s) dict_keys(['bash_operator1']) retrieved from /opt/airflow/dags/operators/BashOperator1.py
[2022-07-30 16:42:06,888] {logging_mixin.py:115} INFO - [2022-07-30 16:42:06,888] {dag.py:2379} INFO - Sync 1 DAGs
[2022-07-30 16:42:06,910] {logging_mixin.py:115} INFO - [2022-07-30 16:42:06,910] {dag.py:2931} INFO - Setting next_dagrun for bash_operator1 to 2022-07-29T00:00:00+00:00, run_after=2022-07-30T00:00:00+00:00
[2022-07-30 16:42:06,924] {processor.py:161} INFO - Processing /opt/airflow/dags/operators/BashOperator1.py took 0.074 seconds
[2022-07-30 16:42:37,031] {processor.py:153} INFO - Started process (PID=527) to work on /opt/airflow/dags/operators/BashOperator1.py
[2022-07-30 16:42:37,034] {processor.py:641} INFO - Processing file /opt/airflow/dags/operators/BashOperator1.py for tasks to queue
[2022-07-30 16:42:37,035] {logging_mixin.py:115} INFO - [2022-07-30 16:42:37,035] {dagbag.py:507} INFO - Filling up the DagBag from /opt/airflow/dags/operators/BashOperator1.py
[2022-07-30 16:42:37,045] {processor.py:651} INFO - DAG(s) dict_keys(['bash_operator1']) retrieved from /opt/airflow/dags/operators/BashOperator1.py
[2022-07-30 16:42:37,095] {logging_mixin.py:115} INFO - [2022-07-30 16:42:37,095] {dag.py:2379} INFO - Sync 1 DAGs
[2022-07-30 16:42:37,167] {logging_mixin.py:115} INFO - [2022-07-30 16:42:37,167] {dag.py:2931} INFO - Setting next_dagrun for bash_operator1 to 2022-07-29T00:00:00+00:00, run_after=2022-07-30T00:00:00+00:00
[2022-07-30 16:42:37,203] {processor.py:161} INFO - Processing /opt/airflow/dags/operators/BashOperator1.py took 0.188 seconds
[2022-07-30 16:44:13,629] {processor.py:153} INFO - Started process (PID=61) to work on /opt/airflow/dags/operators/BashOperator1.py
[2022-07-30 16:44:13,644] {processor.py:641} INFO - Processing file /opt/airflow/dags/operators/BashOperator1.py for tasks to queue
[2022-07-30 16:44:13,645] {logging_mixin.py:115} INFO - [2022-07-30 16:44:13,645] {dagbag.py:507} INFO - Filling up the DagBag from /opt/airflow/dags/operators/BashOperator1.py
[2022-07-30 16:44:13,682] {processor.py:651} INFO - DAG(s) dict_keys(['bash_operator1']) retrieved from /opt/airflow/dags/operators/BashOperator1.py
[2022-07-30 16:44:13,745] {logging_mixin.py:115} INFO - [2022-07-30 16:44:13,745] {dag.py:2379} INFO - Sync 1 DAGs
[2022-07-30 16:44:13,778] {logging_mixin.py:115} INFO - [2022-07-30 16:44:13,778] {dag.py:2931} INFO - Setting next_dagrun for bash_operator1 to 2022-07-29T00:00:00+00:00, run_after=2022-07-30T00:00:00+00:00
[2022-07-30 16:44:13,812] {processor.py:161} INFO - Processing /opt/airflow/dags/operators/BashOperator1.py took 0.195 seconds
[2022-07-30 16:44:43,967] {processor.py:153} INFO - Started process (PID=131) to work on /opt/airflow/dags/operators/BashOperator1.py
[2022-07-30 16:44:43,968] {processor.py:641} INFO - Processing file /opt/airflow/dags/operators/BashOperator1.py for tasks to queue
[2022-07-30 16:44:43,969] {logging_mixin.py:115} INFO - [2022-07-30 16:44:43,969] {dagbag.py:507} INFO - Filling up the DagBag from /opt/airflow/dags/operators/BashOperator1.py
[2022-07-30 16:44:43,981] {processor.py:651} INFO - DAG(s) dict_keys(['bash_operator1']) retrieved from /opt/airflow/dags/operators/BashOperator1.py
[2022-07-30 16:44:44,018] {logging_mixin.py:115} INFO - [2022-07-30 16:44:44,017] {dag.py:2379} INFO - Sync 1 DAGs
[2022-07-30 16:44:44,055] {logging_mixin.py:115} INFO - [2022-07-30 16:44:44,054] {dag.py:2931} INFO - Setting next_dagrun for bash_operator1 to 2022-07-29T00:00:00+00:00, run_after=2022-07-30T00:00:00+00:00
[2022-07-30 16:44:44,137] {processor.py:161} INFO - Processing /opt/airflow/dags/operators/BashOperator1.py took 0.174 seconds
[2022-07-30 16:45:14,465] {processor.py:153} INFO - Started process (PID=202) to work on /opt/airflow/dags/operators/BashOperator1.py
[2022-07-30 16:45:14,466] {processor.py:641} INFO - Processing file /opt/airflow/dags/operators/BashOperator1.py for tasks to queue
[2022-07-30 16:45:14,466] {logging_mixin.py:115} INFO - [2022-07-30 16:45:14,466] {dagbag.py:507} INFO - Filling up the DagBag from /opt/airflow/dags/operators/BashOperator1.py
[2022-07-30 16:45:14,476] {processor.py:651} INFO - DAG(s) dict_keys(['bash_operator1']) retrieved from /opt/airflow/dags/operators/BashOperator1.py
[2022-07-30 16:45:14,506] {logging_mixin.py:115} INFO - [2022-07-30 16:45:14,506] {dag.py:2379} INFO - Sync 1 DAGs
[2022-07-30 16:45:14,540] {logging_mixin.py:115} INFO - [2022-07-30 16:45:14,539] {dag.py:2931} INFO - Setting next_dagrun for bash_operator1 to 2022-07-29T00:00:00+00:00, run_after=2022-07-30T00:00:00+00:00
[2022-07-30 16:45:14,555] {processor.py:161} INFO - Processing /opt/airflow/dags/operators/BashOperator1.py took 0.094 seconds
[2022-07-30 16:45:44,944] {processor.py:153} INFO - Started process (PID=286) to work on /opt/airflow/dags/operators/BashOperator1.py
[2022-07-30 16:45:44,952] {processor.py:641} INFO - Processing file /opt/airflow/dags/operators/BashOperator1.py for tasks to queue
[2022-07-30 16:45:44,953] {logging_mixin.py:115} INFO - [2022-07-30 16:45:44,952] {dagbag.py:507} INFO - Filling up the DagBag from /opt/airflow/dags/operators/BashOperator1.py
[2022-07-30 16:45:44,974] {processor.py:651} INFO - DAG(s) dict_keys(['bash_operator1']) retrieved from /opt/airflow/dags/operators/BashOperator1.py
[2022-07-30 16:45:45,004] {logging_mixin.py:115} INFO - [2022-07-30 16:45:45,004] {dag.py:2379} INFO - Sync 1 DAGs
[2022-07-30 16:45:45,038] {logging_mixin.py:115} INFO - [2022-07-30 16:45:45,038] {dag.py:2931} INFO - Setting next_dagrun for bash_operator1 to 2022-07-29T00:00:00+00:00, run_after=2022-07-30T00:00:00+00:00
[2022-07-30 16:45:45,053] {processor.py:161} INFO - Processing /opt/airflow/dags/operators/BashOperator1.py took 0.125 seconds
[2022-07-30 16:46:15,924] {processor.py:153} INFO - Started process (PID=360) to work on /opt/airflow/dags/operators/BashOperator1.py
[2022-07-30 16:46:15,925] {processor.py:641} INFO - Processing file /opt/airflow/dags/operators/BashOperator1.py for tasks to queue
[2022-07-30 16:46:15,926] {logging_mixin.py:115} INFO - [2022-07-30 16:46:15,926] {dagbag.py:507} INFO - Filling up the DagBag from /opt/airflow/dags/operators/BashOperator1.py
[2022-07-30 16:46:15,937] {processor.py:651} INFO - DAG(s) dict_keys(['bash_operator1']) retrieved from /opt/airflow/dags/operators/BashOperator1.py
[2022-07-30 16:46:15,980] {logging_mixin.py:115} INFO - [2022-07-30 16:46:15,979] {dag.py:2379} INFO - Sync 1 DAGs
[2022-07-30 16:46:16,024] {logging_mixin.py:115} INFO - [2022-07-30 16:46:16,024] {dag.py:2931} INFO - Setting next_dagrun for bash_operator1 to 2022-07-29T00:00:00+00:00, run_after=2022-07-30T00:00:00+00:00
[2022-07-30 16:46:16,040] {processor.py:161} INFO - Processing /opt/airflow/dags/operators/BashOperator1.py took 0.121 seconds
[2022-07-30 16:46:46,121] {processor.py:153} INFO - Started process (PID=431) to work on /opt/airflow/dags/operators/BashOperator1.py
[2022-07-30 16:46:46,124] {processor.py:641} INFO - Processing file /opt/airflow/dags/operators/BashOperator1.py for tasks to queue
[2022-07-30 16:46:46,125] {logging_mixin.py:115} INFO - [2022-07-30 16:46:46,124] {dagbag.py:507} INFO - Filling up the DagBag from /opt/airflow/dags/operators/BashOperator1.py
[2022-07-30 16:46:46,145] {processor.py:651} INFO - DAG(s) dict_keys(['bash_operator1']) retrieved from /opt/airflow/dags/operators/BashOperator1.py
[2022-07-30 16:46:46,202] {logging_mixin.py:115} INFO - [2022-07-30 16:46:46,202] {dag.py:2379} INFO - Sync 1 DAGs
[2022-07-30 16:46:46,275] {logging_mixin.py:115} INFO - [2022-07-30 16:46:46,275] {dag.py:2931} INFO - Setting next_dagrun for bash_operator1 to 2022-07-29T00:00:00+00:00, run_after=2022-07-30T00:00:00+00:00
[2022-07-30 16:46:46,289] {processor.py:161} INFO - Processing /opt/airflow/dags/operators/BashOperator1.py took 0.183 seconds
[2022-07-30 16:47:17,227] {processor.py:153} INFO - Started process (PID=515) to work on /opt/airflow/dags/operators/BashOperator1.py
[2022-07-30 16:47:17,228] {processor.py:641} INFO - Processing file /opt/airflow/dags/operators/BashOperator1.py for tasks to queue
[2022-07-30 16:47:17,229] {logging_mixin.py:115} INFO - [2022-07-30 16:47:17,228] {dagbag.py:507} INFO - Filling up the DagBag from /opt/airflow/dags/operators/BashOperator1.py
[2022-07-30 16:47:17,240] {processor.py:651} INFO - DAG(s) dict_keys(['bash_operator1']) retrieved from /opt/airflow/dags/operators/BashOperator1.py
[2022-07-30 16:47:17,272] {logging_mixin.py:115} INFO - [2022-07-30 16:47:17,272] {dag.py:2379} INFO - Sync 1 DAGs
[2022-07-30 16:47:17,305] {logging_mixin.py:115} INFO - [2022-07-30 16:47:17,305] {dag.py:2931} INFO - Setting next_dagrun for bash_operator1 to 2022-07-29T00:00:00+00:00, run_after=2022-07-30T00:00:00+00:00
[2022-07-30 16:47:17,319] {processor.py:161} INFO - Processing /opt/airflow/dags/operators/BashOperator1.py took 0.096 seconds
[2022-07-30 16:47:47,388] {processor.py:153} INFO - Started process (PID=588) to work on /opt/airflow/dags/operators/BashOperator1.py
[2022-07-30 16:47:47,388] {processor.py:641} INFO - Processing file /opt/airflow/dags/operators/BashOperator1.py for tasks to queue
[2022-07-30 16:47:47,389] {logging_mixin.py:115} INFO - [2022-07-30 16:47:47,389] {dagbag.py:507} INFO - Filling up the DagBag from /opt/airflow/dags/operators/BashOperator1.py
[2022-07-30 16:47:47,428] {processor.py:651} INFO - DAG(s) dict_keys(['bash_operator1']) retrieved from /opt/airflow/dags/operators/BashOperator1.py
[2022-07-30 16:47:47,496] {logging_mixin.py:115} INFO - [2022-07-30 16:47:47,496] {dag.py:2379} INFO - Sync 1 DAGs
[2022-07-30 16:47:47,581] {logging_mixin.py:115} INFO - [2022-07-30 16:47:47,581] {dag.py:2931} INFO - Setting next_dagrun for bash_operator1 to 2022-07-29T00:00:00+00:00, run_after=2022-07-30T00:00:00+00:00
[2022-07-30 16:47:47,622] {processor.py:161} INFO - Processing /opt/airflow/dags/operators/BashOperator1.py took 0.238 seconds
[2022-07-30 16:48:17,944] {processor.py:153} INFO - Started process (PID=675) to work on /opt/airflow/dags/operators/BashOperator1.py
[2022-07-30 16:48:17,945] {processor.py:641} INFO - Processing file /opt/airflow/dags/operators/BashOperator1.py for tasks to queue
[2022-07-30 16:48:17,945] {logging_mixin.py:115} INFO - [2022-07-30 16:48:17,945] {dagbag.py:507} INFO - Filling up the DagBag from /opt/airflow/dags/operators/BashOperator1.py
[2022-07-30 16:48:17,964] {processor.py:651} INFO - DAG(s) dict_keys(['bash_operator1']) retrieved from /opt/airflow/dags/operators/BashOperator1.py
[2022-07-30 16:48:18,064] {logging_mixin.py:115} INFO - [2022-07-30 16:48:18,064] {dag.py:2379} INFO - Sync 1 DAGs
[2022-07-30 16:48:18,164] {logging_mixin.py:115} INFO - [2022-07-30 16:48:18,163] {dag.py:2931} INFO - Setting next_dagrun for bash_operator1 to 2022-07-29T00:00:00+00:00, run_after=2022-07-30T00:00:00+00:00
[2022-07-30 16:48:18,226] {processor.py:161} INFO - Processing /opt/airflow/dags/operators/BashOperator1.py took 0.290 seconds
[2022-07-30 16:48:49,204] {processor.py:153} INFO - Started process (PID=747) to work on /opt/airflow/dags/operators/BashOperator1.py
[2022-07-30 16:48:49,206] {processor.py:641} INFO - Processing file /opt/airflow/dags/operators/BashOperator1.py for tasks to queue
[2022-07-30 16:48:49,207] {logging_mixin.py:115} INFO - [2022-07-30 16:48:49,206] {dagbag.py:507} INFO - Filling up the DagBag from /opt/airflow/dags/operators/BashOperator1.py
[2022-07-30 16:48:49,243] {processor.py:651} INFO - DAG(s) dict_keys(['bash_operator1']) retrieved from /opt/airflow/dags/operators/BashOperator1.py
[2022-07-30 16:48:49,336] {logging_mixin.py:115} INFO - [2022-07-30 16:48:49,336] {dag.py:2379} INFO - Sync 1 DAGs
[2022-07-30 16:48:49,383] {logging_mixin.py:115} INFO - [2022-07-30 16:48:49,383] {dag.py:2931} INFO - Setting next_dagrun for bash_operator1 to 2022-07-29T00:00:00+00:00, run_after=2022-07-30T00:00:00+00:00
[2022-07-30 16:48:49,476] {processor.py:161} INFO - Processing /opt/airflow/dags/operators/BashOperator1.py took 0.283 seconds
[2022-07-30 16:49:20,125] {processor.py:153} INFO - Started process (PID=835) to work on /opt/airflow/dags/operators/BashOperator1.py
[2022-07-30 16:49:20,126] {processor.py:641} INFO - Processing file /opt/airflow/dags/operators/BashOperator1.py for tasks to queue
[2022-07-30 16:49:20,126] {logging_mixin.py:115} INFO - [2022-07-30 16:49:20,126] {dagbag.py:507} INFO - Filling up the DagBag from /opt/airflow/dags/operators/BashOperator1.py
[2022-07-30 16:49:20,138] {processor.py:651} INFO - DAG(s) dict_keys(['bash_operator1']) retrieved from /opt/airflow/dags/operators/BashOperator1.py
[2022-07-30 16:49:20,170] {logging_mixin.py:115} INFO - [2022-07-30 16:49:20,170] {dag.py:2379} INFO - Sync 1 DAGs
[2022-07-30 16:49:20,201] {logging_mixin.py:115} INFO - [2022-07-30 16:49:20,201] {dag.py:2931} INFO - Setting next_dagrun for bash_operator1 to 2022-07-29T00:00:00+00:00, run_after=2022-07-30T00:00:00+00:00
[2022-07-30 16:49:20,214] {processor.py:161} INFO - Processing /opt/airflow/dags/operators/BashOperator1.py took 0.094 seconds
[2022-07-30 16:49:50,528] {processor.py:153} INFO - Started process (PID=907) to work on /opt/airflow/dags/operators/BashOperator1.py
[2022-07-30 16:49:50,529] {processor.py:641} INFO - Processing file /opt/airflow/dags/operators/BashOperator1.py for tasks to queue
[2022-07-30 16:49:50,530] {logging_mixin.py:115} INFO - [2022-07-30 16:49:50,530] {dagbag.py:507} INFO - Filling up the DagBag from /opt/airflow/dags/operators/BashOperator1.py
[2022-07-30 16:49:50,540] {processor.py:651} INFO - DAG(s) dict_keys(['bash_operator1']) retrieved from /opt/airflow/dags/operators/BashOperator1.py
[2022-07-30 16:49:50,575] {logging_mixin.py:115} INFO - [2022-07-30 16:49:50,574] {dag.py:2379} INFO - Sync 1 DAGs
[2022-07-30 16:49:50,612] {logging_mixin.py:115} INFO - [2022-07-30 16:49:50,612] {dag.py:2931} INFO - Setting next_dagrun for bash_operator1 to 2022-07-29T00:00:00+00:00, run_after=2022-07-30T00:00:00+00:00
[2022-07-30 16:49:50,630] {processor.py:161} INFO - Processing /opt/airflow/dags/operators/BashOperator1.py took 0.106 seconds
[2022-07-30 16:50:20,883] {processor.py:153} INFO - Started process (PID=977) to work on /opt/airflow/dags/operators/BashOperator1.py
[2022-07-30 16:50:20,884] {processor.py:641} INFO - Processing file /opt/airflow/dags/operators/BashOperator1.py for tasks to queue
[2022-07-30 16:50:20,885] {logging_mixin.py:115} INFO - [2022-07-30 16:50:20,885] {dagbag.py:507} INFO - Filling up the DagBag from /opt/airflow/dags/operators/BashOperator1.py
[2022-07-30 16:50:20,896] {processor.py:651} INFO - DAG(s) dict_keys(['bash_operator1']) retrieved from /opt/airflow/dags/operators/BashOperator1.py
[2022-07-30 16:50:20,942] {logging_mixin.py:115} INFO - [2022-07-30 16:50:20,941] {dag.py:2379} INFO - Sync 1 DAGs
[2022-07-30 16:50:21,004] {logging_mixin.py:115} INFO - [2022-07-30 16:50:21,004] {dag.py:2931} INFO - Setting next_dagrun for bash_operator1 to 2022-07-29T00:00:00+00:00, run_after=2022-07-30T00:00:00+00:00
[2022-07-30 16:50:21,021] {processor.py:161} INFO - Processing /opt/airflow/dags/operators/BashOperator1.py took 0.142 seconds
[2022-07-30 16:50:51,205] {processor.py:153} INFO - Started process (PID=1055) to work on /opt/airflow/dags/operators/BashOperator1.py
[2022-07-30 16:50:51,206] {processor.py:641} INFO - Processing file /opt/airflow/dags/operators/BashOperator1.py for tasks to queue
[2022-07-30 16:50:51,223] {logging_mixin.py:115} INFO - [2022-07-30 16:50:51,223] {dagbag.py:507} INFO - Filling up the DagBag from /opt/airflow/dags/operators/BashOperator1.py
[2022-07-30 16:50:51,260] {processor.py:651} INFO - DAG(s) dict_keys(['bash_operator1']) retrieved from /opt/airflow/dags/operators/BashOperator1.py
[2022-07-30 16:50:51,388] {logging_mixin.py:115} INFO - [2022-07-30 16:50:51,388] {dag.py:2379} INFO - Sync 1 DAGs
[2022-07-30 16:50:51,506] {logging_mixin.py:115} INFO - [2022-07-30 16:50:51,506] {dag.py:2931} INFO - Setting next_dagrun for bash_operator1 to 2022-07-29T00:00:00+00:00, run_after=2022-07-30T00:00:00+00:00
[2022-07-30 16:50:51,568] {processor.py:161} INFO - Processing /opt/airflow/dags/operators/BashOperator1.py took 0.368 seconds
[2022-07-30 16:51:22,165] {processor.py:153} INFO - Started process (PID=1132) to work on /opt/airflow/dags/operators/BashOperator1.py
[2022-07-30 16:51:22,167] {processor.py:641} INFO - Processing file /opt/airflow/dags/operators/BashOperator1.py for tasks to queue
[2022-07-30 16:51:22,167] {logging_mixin.py:115} INFO - [2022-07-30 16:51:22,167] {dagbag.py:507} INFO - Filling up the DagBag from /opt/airflow/dags/operators/BashOperator1.py
[2022-07-30 16:51:22,185] {processor.py:651} INFO - DAG(s) dict_keys(['bash_operator1']) retrieved from /opt/airflow/dags/operators/BashOperator1.py
[2022-07-30 16:51:22,235] {logging_mixin.py:115} INFO - [2022-07-30 16:51:22,235] {dag.py:2379} INFO - Sync 1 DAGs
[2022-07-30 16:51:22,280] {logging_mixin.py:115} INFO - [2022-07-30 16:51:22,280] {dag.py:2931} INFO - Setting next_dagrun for bash_operator1 to 2022-07-29T00:00:00+00:00, run_after=2022-07-30T00:00:00+00:00
[2022-07-30 16:51:22,297] {processor.py:161} INFO - Processing /opt/airflow/dags/operators/BashOperator1.py took 0.138 seconds
[2022-07-30 16:51:52,520] {processor.py:153} INFO - Started process (PID=1210) to work on /opt/airflow/dags/operators/BashOperator1.py
[2022-07-30 16:51:52,520] {processor.py:641} INFO - Processing file /opt/airflow/dags/operators/BashOperator1.py for tasks to queue
[2022-07-30 16:51:52,521] {logging_mixin.py:115} INFO - [2022-07-30 16:51:52,520] {dagbag.py:507} INFO - Filling up the DagBag from /opt/airflow/dags/operators/BashOperator1.py
[2022-07-30 16:51:52,537] {processor.py:651} INFO - DAG(s) dict_keys(['bash_operator1']) retrieved from /opt/airflow/dags/operators/BashOperator1.py
[2022-07-30 16:51:52,618] {logging_mixin.py:115} INFO - [2022-07-30 16:51:52,618] {dag.py:2379} INFO - Sync 1 DAGs
[2022-07-30 16:51:52,670] {logging_mixin.py:115} INFO - [2022-07-30 16:51:52,670] {dag.py:2931} INFO - Setting next_dagrun for bash_operator1 to 2022-07-29T00:00:00+00:00, run_after=2022-07-30T00:00:00+00:00
[2022-07-30 16:51:52,685] {processor.py:161} INFO - Processing /opt/airflow/dags/operators/BashOperator1.py took 0.173 seconds
[2022-07-30 16:52:23,471] {processor.py:153} INFO - Started process (PID=1291) to work on /opt/airflow/dags/operators/BashOperator1.py
[2022-07-30 16:52:23,492] {processor.py:641} INFO - Processing file /opt/airflow/dags/operators/BashOperator1.py for tasks to queue
[2022-07-30 16:52:23,493] {logging_mixin.py:115} INFO - [2022-07-30 16:52:23,492] {dagbag.py:507} INFO - Filling up the DagBag from /opt/airflow/dags/operators/BashOperator1.py
[2022-07-30 16:52:23,532] {processor.py:651} INFO - DAG(s) dict_keys(['bash_operator1']) retrieved from /opt/airflow/dags/operators/BashOperator1.py
[2022-07-30 16:52:23,650] {logging_mixin.py:115} INFO - [2022-07-30 16:52:23,650] {dag.py:2379} INFO - Sync 1 DAGs
[2022-07-30 16:52:23,721] {logging_mixin.py:115} INFO - [2022-07-30 16:52:23,721] {dag.py:2931} INFO - Setting next_dagrun for bash_operator1 to 2022-07-29T00:00:00+00:00, run_after=2022-07-30T00:00:00+00:00
[2022-07-30 16:52:23,738] {processor.py:161} INFO - Processing /opt/airflow/dags/operators/BashOperator1.py took 0.283 seconds
[2022-07-30 16:52:54,319] {processor.py:153} INFO - Started process (PID=1362) to work on /opt/airflow/dags/operators/BashOperator1.py
[2022-07-30 16:52:54,328] {processor.py:641} INFO - Processing file /opt/airflow/dags/operators/BashOperator1.py for tasks to queue
[2022-07-30 16:52:54,331] {logging_mixin.py:115} INFO - [2022-07-30 16:52:54,330] {dagbag.py:507} INFO - Filling up the DagBag from /opt/airflow/dags/operators/BashOperator1.py
[2022-07-30 16:52:54,342] {processor.py:651} INFO - DAG(s) dict_keys(['bash_operator1']) retrieved from /opt/airflow/dags/operators/BashOperator1.py
[2022-07-30 16:52:54,373] {logging_mixin.py:115} INFO - [2022-07-30 16:52:54,373] {dag.py:2379} INFO - Sync 1 DAGs
[2022-07-30 16:52:54,407] {logging_mixin.py:115} INFO - [2022-07-30 16:52:54,407] {dag.py:2931} INFO - Setting next_dagrun for bash_operator1 to 2022-07-29T00:00:00+00:00, run_after=2022-07-30T00:00:00+00:00
[2022-07-30 16:52:54,419] {processor.py:161} INFO - Processing /opt/airflow/dags/operators/BashOperator1.py took 0.106 seconds
[2022-07-30 16:53:24,605] {processor.py:153} INFO - Started process (PID=1441) to work on /opt/airflow/dags/operators/BashOperator1.py
[2022-07-30 16:53:24,606] {processor.py:641} INFO - Processing file /opt/airflow/dags/operators/BashOperator1.py for tasks to queue
[2022-07-30 16:53:24,607] {logging_mixin.py:115} INFO - [2022-07-30 16:53:24,607] {dagbag.py:507} INFO - Filling up the DagBag from /opt/airflow/dags/operators/BashOperator1.py
[2022-07-30 16:53:24,619] {processor.py:651} INFO - DAG(s) dict_keys(['bash_operator1']) retrieved from /opt/airflow/dags/operators/BashOperator1.py
[2022-07-30 16:53:24,659] {logging_mixin.py:115} INFO - [2022-07-30 16:53:24,659] {dag.py:2379} INFO - Sync 1 DAGs
[2022-07-30 16:53:24,718] {logging_mixin.py:115} INFO - [2022-07-30 16:53:24,718] {dag.py:2931} INFO - Setting next_dagrun for bash_operator1 to 2022-07-29T00:00:00+00:00, run_after=2022-07-30T00:00:00+00:00
[2022-07-30 16:53:24,736] {processor.py:161} INFO - Processing /opt/airflow/dags/operators/BashOperator1.py took 0.138 seconds
[2022-07-30 16:53:55,411] {processor.py:153} INFO - Started process (PID=1527) to work on /opt/airflow/dags/operators/BashOperator1.py
[2022-07-30 16:53:55,411] {processor.py:641} INFO - Processing file /opt/airflow/dags/operators/BashOperator1.py for tasks to queue
[2022-07-30 16:53:55,412] {logging_mixin.py:115} INFO - [2022-07-30 16:53:55,412] {dagbag.py:507} INFO - Filling up the DagBag from /opt/airflow/dags/operators/BashOperator1.py
[2022-07-30 16:53:55,441] {processor.py:651} INFO - DAG(s) dict_keys(['bash_operator1']) retrieved from /opt/airflow/dags/operators/BashOperator1.py
[2022-07-30 16:53:55,558] {logging_mixin.py:115} INFO - [2022-07-30 16:53:55,558] {dag.py:2379} INFO - Sync 1 DAGs
[2022-07-30 16:53:55,713] {logging_mixin.py:115} INFO - [2022-07-30 16:53:55,713] {dag.py:2931} INFO - Setting next_dagrun for bash_operator1 to 2022-07-29T00:00:00+00:00, run_after=2022-07-30T00:00:00+00:00
[2022-07-30 16:53:55,780] {processor.py:161} INFO - Processing /opt/airflow/dags/operators/BashOperator1.py took 0.373 seconds
[2022-07-30 16:54:25,890] {processor.py:153} INFO - Started process (PID=1601) to work on /opt/airflow/dags/operators/BashOperator1.py
[2022-07-30 16:54:25,891] {processor.py:641} INFO - Processing file /opt/airflow/dags/operators/BashOperator1.py for tasks to queue
[2022-07-30 16:54:25,892] {logging_mixin.py:115} INFO - [2022-07-30 16:54:25,892] {dagbag.py:507} INFO - Filling up the DagBag from /opt/airflow/dags/operators/BashOperator1.py
[2022-07-30 16:54:25,908] {processor.py:651} INFO - DAG(s) dict_keys(['bash_operator1']) retrieved from /opt/airflow/dags/operators/BashOperator1.py
[2022-07-30 16:54:25,955] {logging_mixin.py:115} INFO - [2022-07-30 16:54:25,954] {dag.py:2379} INFO - Sync 1 DAGs
[2022-07-30 16:54:26,001] {logging_mixin.py:115} INFO - [2022-07-30 16:54:26,001] {dag.py:2931} INFO - Setting next_dagrun for bash_operator1 to 2022-07-29T00:00:00+00:00, run_after=2022-07-30T00:00:00+00:00
[2022-07-30 16:54:26,025] {processor.py:161} INFO - Processing /opt/airflow/dags/operators/BashOperator1.py took 0.143 seconds
[2022-07-30 16:54:56,189] {processor.py:153} INFO - Started process (PID=1677) to work on /opt/airflow/dags/operators/BashOperator1.py
[2022-07-30 16:54:56,189] {processor.py:641} INFO - Processing file /opt/airflow/dags/operators/BashOperator1.py for tasks to queue
[2022-07-30 16:54:56,190] {logging_mixin.py:115} INFO - [2022-07-30 16:54:56,190] {dagbag.py:507} INFO - Filling up the DagBag from /opt/airflow/dags/operators/BashOperator1.py
[2022-07-30 16:54:56,200] {processor.py:651} INFO - DAG(s) dict_keys(['bash_operator1']) retrieved from /opt/airflow/dags/operators/BashOperator1.py
[2022-07-30 16:54:56,236] {logging_mixin.py:115} INFO - [2022-07-30 16:54:56,235] {dag.py:2379} INFO - Sync 1 DAGs
[2022-07-30 16:54:56,280] {logging_mixin.py:115} INFO - [2022-07-30 16:54:56,279] {dag.py:2931} INFO - Setting next_dagrun for bash_operator1 to 2022-07-29T00:00:00+00:00, run_after=2022-07-30T00:00:00+00:00
[2022-07-30 16:54:56,294] {processor.py:161} INFO - Processing /opt/airflow/dags/operators/BashOperator1.py took 0.109 seconds
[2022-07-30 16:55:26,789] {processor.py:153} INFO - Started process (PID=1762) to work on /opt/airflow/dags/operators/BashOperator1.py
[2022-07-30 16:55:26,790] {processor.py:641} INFO - Processing file /opt/airflow/dags/operators/BashOperator1.py for tasks to queue
[2022-07-30 16:55:26,790] {logging_mixin.py:115} INFO - [2022-07-30 16:55:26,790] {dagbag.py:507} INFO - Filling up the DagBag from /opt/airflow/dags/operators/BashOperator1.py
[2022-07-30 16:55:26,803] {processor.py:651} INFO - DAG(s) dict_keys(['bash_operator1']) retrieved from /opt/airflow/dags/operators/BashOperator1.py
[2022-07-30 16:55:26,835] {logging_mixin.py:115} INFO - [2022-07-30 16:55:26,835] {dag.py:2379} INFO - Sync 1 DAGs
[2022-07-30 16:55:26,869] {logging_mixin.py:115} INFO - [2022-07-30 16:55:26,868] {dag.py:2931} INFO - Setting next_dagrun for bash_operator1 to 2022-07-29T00:00:00+00:00, run_after=2022-07-30T00:00:00+00:00
[2022-07-30 16:55:26,882] {processor.py:161} INFO - Processing /opt/airflow/dags/operators/BashOperator1.py took 0.097 seconds
[2022-07-30 16:55:57,127] {processor.py:153} INFO - Started process (PID=1837) to work on /opt/airflow/dags/operators/BashOperator1.py
[2022-07-30 16:55:57,136] {processor.py:641} INFO - Processing file /opt/airflow/dags/operators/BashOperator1.py for tasks to queue
[2022-07-30 16:55:57,137] {logging_mixin.py:115} INFO - [2022-07-30 16:55:57,136] {dagbag.py:507} INFO - Filling up the DagBag from /opt/airflow/dags/operators/BashOperator1.py
[2022-07-30 16:55:57,154] {processor.py:651} INFO - DAG(s) dict_keys(['bash_operator1']) retrieved from /opt/airflow/dags/operators/BashOperator1.py
[2022-07-30 16:55:57,214] {logging_mixin.py:115} INFO - [2022-07-30 16:55:57,214] {dag.py:2379} INFO - Sync 1 DAGs
[2022-07-30 16:55:57,246] {logging_mixin.py:115} INFO - [2022-07-30 16:55:57,246] {dag.py:2931} INFO - Setting next_dagrun for bash_operator1 to 2022-07-29T00:00:00+00:00, run_after=2022-07-30T00:00:00+00:00
[2022-07-30 16:55:57,264] {processor.py:161} INFO - Processing /opt/airflow/dags/operators/BashOperator1.py took 0.144 seconds
[2022-07-30 16:56:27,662] {processor.py:153} INFO - Started process (PID=1920) to work on /opt/airflow/dags/operators/BashOperator1.py
[2022-07-30 16:56:27,667] {processor.py:641} INFO - Processing file /opt/airflow/dags/operators/BashOperator1.py for tasks to queue
[2022-07-30 16:56:27,668] {logging_mixin.py:115} INFO - [2022-07-30 16:56:27,668] {dagbag.py:507} INFO - Filling up the DagBag from /opt/airflow/dags/operators/BashOperator1.py
[2022-07-30 16:56:27,691] {processor.py:651} INFO - DAG(s) dict_keys(['bash_operator1']) retrieved from /opt/airflow/dags/operators/BashOperator1.py
[2022-07-30 16:56:27,727] {logging_mixin.py:115} INFO - [2022-07-30 16:56:27,727] {dag.py:2379} INFO - Sync 1 DAGs
[2022-07-30 16:56:27,762] {logging_mixin.py:115} INFO - [2022-07-30 16:56:27,762] {dag.py:2931} INFO - Setting next_dagrun for bash_operator1 to 2022-07-29T00:00:00+00:00, run_after=2022-07-30T00:00:00+00:00
[2022-07-30 16:56:27,778] {processor.py:161} INFO - Processing /opt/airflow/dags/operators/BashOperator1.py took 0.119 seconds
[2022-07-30 16:56:58,017] {processor.py:153} INFO - Started process (PID=1994) to work on /opt/airflow/dags/operators/BashOperator1.py
[2022-07-30 16:56:58,017] {processor.py:641} INFO - Processing file /opt/airflow/dags/operators/BashOperator1.py for tasks to queue
[2022-07-30 16:56:58,018] {logging_mixin.py:115} INFO - [2022-07-30 16:56:58,017] {dagbag.py:507} INFO - Filling up the DagBag from /opt/airflow/dags/operators/BashOperator1.py
[2022-07-30 16:56:58,035] {processor.py:651} INFO - DAG(s) dict_keys(['bash_operator1']) retrieved from /opt/airflow/dags/operators/BashOperator1.py
[2022-07-30 16:56:58,112] {logging_mixin.py:115} INFO - [2022-07-30 16:56:58,111] {dag.py:2379} INFO - Sync 1 DAGs
[2022-07-30 16:56:58,174] {logging_mixin.py:115} INFO - [2022-07-30 16:56:58,174] {dag.py:2931} INFO - Setting next_dagrun for bash_operator1 to 2022-07-29T00:00:00+00:00, run_after=2022-07-30T00:00:00+00:00
[2022-07-30 16:56:58,189] {processor.py:161} INFO - Processing /opt/airflow/dags/operators/BashOperator1.py took 0.177 seconds
[2022-07-30 16:57:29,112] {processor.py:153} INFO - Started process (PID=2075) to work on /opt/airflow/dags/operators/BashOperator1.py
[2022-07-30 16:57:29,113] {processor.py:641} INFO - Processing file /opt/airflow/dags/operators/BashOperator1.py for tasks to queue
[2022-07-30 16:57:29,114] {logging_mixin.py:115} INFO - [2022-07-30 16:57:29,114] {dagbag.py:507} INFO - Filling up the DagBag from /opt/airflow/dags/operators/BashOperator1.py
[2022-07-30 16:57:29,128] {processor.py:651} INFO - DAG(s) dict_keys(['bash_operator1']) retrieved from /opt/airflow/dags/operators/BashOperator1.py
[2022-07-30 16:57:29,170] {logging_mixin.py:115} INFO - [2022-07-30 16:57:29,170] {dag.py:2379} INFO - Sync 1 DAGs
[2022-07-30 16:57:29,212] {logging_mixin.py:115} INFO - [2022-07-30 16:57:29,212] {dag.py:2931} INFO - Setting next_dagrun for bash_operator1 to 2022-07-29T00:00:00+00:00, run_after=2022-07-30T00:00:00+00:00
[2022-07-30 16:57:29,228] {processor.py:161} INFO - Processing /opt/airflow/dags/operators/BashOperator1.py took 0.120 seconds
[2022-07-30 16:57:59,439] {processor.py:153} INFO - Started process (PID=2149) to work on /opt/airflow/dags/operators/BashOperator1.py
[2022-07-30 16:57:59,440] {processor.py:641} INFO - Processing file /opt/airflow/dags/operators/BashOperator1.py for tasks to queue
[2022-07-30 16:57:59,441] {logging_mixin.py:115} INFO - [2022-07-30 16:57:59,440] {dagbag.py:507} INFO - Filling up the DagBag from /opt/airflow/dags/operators/BashOperator1.py
[2022-07-30 16:57:59,466] {processor.py:651} INFO - DAG(s) dict_keys(['bash_operator1']) retrieved from /opt/airflow/dags/operators/BashOperator1.py
[2022-07-30 16:57:59,517] {logging_mixin.py:115} INFO - [2022-07-30 16:57:59,517] {dag.py:2379} INFO - Sync 1 DAGs
[2022-07-30 16:57:59,579] {logging_mixin.py:115} INFO - [2022-07-30 16:57:59,578] {dag.py:2931} INFO - Setting next_dagrun for bash_operator1 to 2022-07-29T00:00:00+00:00, run_after=2022-07-30T00:00:00+00:00
[2022-07-30 16:57:59,625] {processor.py:161} INFO - Processing /opt/airflow/dags/operators/BashOperator1.py took 0.197 seconds
[2022-07-30 16:58:29,911] {processor.py:153} INFO - Started process (PID=2231) to work on /opt/airflow/dags/operators/BashOperator1.py
[2022-07-30 16:58:29,913] {processor.py:641} INFO - Processing file /opt/airflow/dags/operators/BashOperator1.py for tasks to queue
[2022-07-30 16:58:29,913] {logging_mixin.py:115} INFO - [2022-07-30 16:58:29,913] {dagbag.py:507} INFO - Filling up the DagBag from /opt/airflow/dags/operators/BashOperator1.py
[2022-07-30 16:58:29,925] {processor.py:651} INFO - DAG(s) dict_keys(['bash_operator1']) retrieved from /opt/airflow/dags/operators/BashOperator1.py
[2022-07-30 16:58:29,960] {logging_mixin.py:115} INFO - [2022-07-30 16:58:29,960] {dag.py:2379} INFO - Sync 1 DAGs
[2022-07-30 16:58:29,995] {logging_mixin.py:115} INFO - [2022-07-30 16:58:29,995] {dag.py:2931} INFO - Setting next_dagrun for bash_operator1 to 2022-07-29T00:00:00+00:00, run_after=2022-07-30T00:00:00+00:00
[2022-07-30 16:58:30,009] {processor.py:161} INFO - Processing /opt/airflow/dags/operators/BashOperator1.py took 0.102 seconds
[2022-07-30 16:59:00,295] {processor.py:153} INFO - Started process (PID=2305) to work on /opt/airflow/dags/operators/BashOperator1.py
[2022-07-30 16:59:00,317] {processor.py:641} INFO - Processing file /opt/airflow/dags/operators/BashOperator1.py for tasks to queue
[2022-07-30 16:59:00,317] {logging_mixin.py:115} INFO - [2022-07-30 16:59:00,317] {dagbag.py:507} INFO - Filling up the DagBag from /opt/airflow/dags/operators/BashOperator1.py
[2022-07-30 16:59:00,379] {processor.py:651} INFO - DAG(s) dict_keys(['bash_operator1']) retrieved from /opt/airflow/dags/operators/BashOperator1.py
[2022-07-30 16:59:00,593] {logging_mixin.py:115} INFO - [2022-07-30 16:59:00,593] {dag.py:2379} INFO - Sync 1 DAGs
[2022-07-30 16:59:00,737] {logging_mixin.py:115} INFO - [2022-07-30 16:59:00,737] {dag.py:2931} INFO - Setting next_dagrun for bash_operator1 to 2022-07-29T00:00:00+00:00, run_after=2022-07-30T00:00:00+00:00
[2022-07-30 16:59:00,816] {processor.py:161} INFO - Processing /opt/airflow/dags/operators/BashOperator1.py took 0.530 seconds
[2022-07-30 16:59:31,755] {processor.py:153} INFO - Started process (PID=2392) to work on /opt/airflow/dags/operators/BashOperator1.py
[2022-07-30 16:59:31,756] {processor.py:641} INFO - Processing file /opt/airflow/dags/operators/BashOperator1.py for tasks to queue
[2022-07-30 16:59:31,756] {logging_mixin.py:115} INFO - [2022-07-30 16:59:31,756] {dagbag.py:507} INFO - Filling up the DagBag from /opt/airflow/dags/operators/BashOperator1.py
[2022-07-30 16:59:31,768] {processor.py:651} INFO - DAG(s) dict_keys(['bash_operator1']) retrieved from /opt/airflow/dags/operators/BashOperator1.py
[2022-07-30 16:59:31,802] {logging_mixin.py:115} INFO - [2022-07-30 16:59:31,802] {dag.py:2379} INFO - Sync 1 DAGs
[2022-07-30 16:59:31,856] {logging_mixin.py:115} INFO - [2022-07-30 16:59:31,851] {dag.py:2931} INFO - Setting next_dagrun for bash_operator1 to 2022-07-29T00:00:00+00:00, run_after=2022-07-30T00:00:00+00:00
[2022-07-30 16:59:31,888] {processor.py:161} INFO - Processing /opt/airflow/dags/operators/BashOperator1.py took 0.137 seconds
[2022-07-30 17:00:02,092] {processor.py:153} INFO - Started process (PID=2467) to work on /opt/airflow/dags/operators/BashOperator1.py
[2022-07-30 17:00:02,093] {processor.py:641} INFO - Processing file /opt/airflow/dags/operators/BashOperator1.py for tasks to queue
[2022-07-30 17:00:02,094] {logging_mixin.py:115} INFO - [2022-07-30 17:00:02,094] {dagbag.py:507} INFO - Filling up the DagBag from /opt/airflow/dags/operators/BashOperator1.py
[2022-07-30 17:00:02,110] {processor.py:651} INFO - DAG(s) dict_keys(['bash_operator1']) retrieved from /opt/airflow/dags/operators/BashOperator1.py
[2022-07-30 17:00:02,150] {logging_mixin.py:115} INFO - [2022-07-30 17:00:02,149] {dag.py:2379} INFO - Sync 1 DAGs
[2022-07-30 17:00:02,223] {logging_mixin.py:115} INFO - [2022-07-30 17:00:02,223] {dag.py:2931} INFO - Setting next_dagrun for bash_operator1 to 2022-07-29T00:00:00+00:00, run_after=2022-07-30T00:00:00+00:00
[2022-07-30 17:00:02,237] {processor.py:161} INFO - Processing /opt/airflow/dags/operators/BashOperator1.py took 0.149 seconds
[2022-07-30 17:00:32,495] {processor.py:153} INFO - Started process (PID=2539) to work on /opt/airflow/dags/operators/BashOperator1.py
[2022-07-30 17:00:32,498] {processor.py:641} INFO - Processing file /opt/airflow/dags/operators/BashOperator1.py for tasks to queue
[2022-07-30 17:00:32,498] {logging_mixin.py:115} INFO - [2022-07-30 17:00:32,498] {dagbag.py:507} INFO - Filling up the DagBag from /opt/airflow/dags/operators/BashOperator1.py
[2022-07-30 17:00:32,508] {processor.py:651} INFO - DAG(s) dict_keys(['bash_operator1']) retrieved from /opt/airflow/dags/operators/BashOperator1.py
[2022-07-30 17:00:32,540] {logging_mixin.py:115} INFO - [2022-07-30 17:00:32,540] {dag.py:2379} INFO - Sync 1 DAGs
[2022-07-30 17:00:32,594] {logging_mixin.py:115} INFO - [2022-07-30 17:00:32,594] {dag.py:2931} INFO - Setting next_dagrun for bash_operator1 to 2022-07-29T00:00:00+00:00, run_after=2022-07-30T00:00:00+00:00
[2022-07-30 17:00:32,660] {processor.py:161} INFO - Processing /opt/airflow/dags/operators/BashOperator1.py took 0.169 seconds
[2022-07-30 17:01:02,968] {processor.py:153} INFO - Started process (PID=2626) to work on /opt/airflow/dags/operators/BashOperator1.py
[2022-07-30 17:01:02,968] {processor.py:641} INFO - Processing file /opt/airflow/dags/operators/BashOperator1.py for tasks to queue
[2022-07-30 17:01:02,969] {logging_mixin.py:115} INFO - [2022-07-30 17:01:02,969] {dagbag.py:507} INFO - Filling up the DagBag from /opt/airflow/dags/operators/BashOperator1.py
[2022-07-30 17:01:02,983] {processor.py:651} INFO - DAG(s) dict_keys(['bash_operator1']) retrieved from /opt/airflow/dags/operators/BashOperator1.py
[2022-07-30 17:01:03,043] {logging_mixin.py:115} INFO - [2022-07-30 17:01:03,043] {dag.py:2379} INFO - Sync 1 DAGs
[2022-07-30 17:01:03,109] {logging_mixin.py:115} INFO - [2022-07-30 17:01:03,109] {dag.py:2931} INFO - Setting next_dagrun for bash_operator1 to 2022-07-29T00:00:00+00:00, run_after=2022-07-30T00:00:00+00:00
[2022-07-30 17:01:03,140] {processor.py:161} INFO - Processing /opt/airflow/dags/operators/BashOperator1.py took 0.176 seconds
[2022-07-30 17:01:33,170] {processor.py:153} INFO - Started process (PID=2698) to work on /opt/airflow/dags/operators/BashOperator1.py
[2022-07-30 17:01:33,172] {processor.py:641} INFO - Processing file /opt/airflow/dags/operators/BashOperator1.py for tasks to queue
[2022-07-30 17:01:33,172] {logging_mixin.py:115} INFO - [2022-07-30 17:01:33,172] {dagbag.py:507} INFO - Filling up the DagBag from /opt/airflow/dags/operators/BashOperator1.py
[2022-07-30 17:01:33,182] {processor.py:651} INFO - DAG(s) dict_keys(['bash_operator1']) retrieved from /opt/airflow/dags/operators/BashOperator1.py
[2022-07-30 17:01:33,214] {logging_mixin.py:115} INFO - [2022-07-30 17:01:33,214] {dag.py:2379} INFO - Sync 1 DAGs
[2022-07-30 17:01:33,247] {logging_mixin.py:115} INFO - [2022-07-30 17:01:33,247] {dag.py:2931} INFO - Setting next_dagrun for bash_operator1 to 2022-07-29T00:00:00+00:00, run_after=2022-07-30T00:00:00+00:00
[2022-07-30 17:01:33,264] {processor.py:161} INFO - Processing /opt/airflow/dags/operators/BashOperator1.py took 0.098 seconds
[2022-07-30 17:02:03,840] {processor.py:153} INFO - Started process (PID=2774) to work on /opt/airflow/dags/operators/BashOperator1.py
[2022-07-30 17:02:03,840] {processor.py:641} INFO - Processing file /opt/airflow/dags/operators/BashOperator1.py for tasks to queue
[2022-07-30 17:02:03,841] {logging_mixin.py:115} INFO - [2022-07-30 17:02:03,841] {dagbag.py:507} INFO - Filling up the DagBag from /opt/airflow/dags/operators/BashOperator1.py
[2022-07-30 17:02:03,850] {processor.py:651} INFO - DAG(s) dict_keys(['bash_operator1']) retrieved from /opt/airflow/dags/operators/BashOperator1.py
[2022-07-30 17:02:03,884] {logging_mixin.py:115} INFO - [2022-07-30 17:02:03,884] {dag.py:2379} INFO - Sync 1 DAGs
[2022-07-30 17:02:03,990] {logging_mixin.py:115} INFO - [2022-07-30 17:02:03,990] {dag.py:2931} INFO - Setting next_dagrun for bash_operator1 to 2022-07-29T00:00:00+00:00, run_after=2022-07-30T00:00:00+00:00
[2022-07-30 17:02:04,005] {processor.py:161} INFO - Processing /opt/airflow/dags/operators/BashOperator1.py took 0.169 seconds
[2022-07-30 17:02:34,527] {processor.py:153} INFO - Started process (PID=2859) to work on /opt/airflow/dags/operators/BashOperator1.py
[2022-07-30 17:02:34,528] {processor.py:641} INFO - Processing file /opt/airflow/dags/operators/BashOperator1.py for tasks to queue
[2022-07-30 17:02:34,529] {logging_mixin.py:115} INFO - [2022-07-30 17:02:34,529] {dagbag.py:507} INFO - Filling up the DagBag from /opt/airflow/dags/operators/BashOperator1.py
[2022-07-30 17:02:34,539] {processor.py:651} INFO - DAG(s) dict_keys(['bash_operator1']) retrieved from /opt/airflow/dags/operators/BashOperator1.py
[2022-07-30 17:02:34,576] {logging_mixin.py:115} INFO - [2022-07-30 17:02:34,576] {dag.py:2379} INFO - Sync 1 DAGs
[2022-07-30 17:02:34,619] {logging_mixin.py:115} INFO - [2022-07-30 17:02:34,619] {dag.py:2931} INFO - Setting next_dagrun for bash_operator1 to 2022-07-29T00:00:00+00:00, run_after=2022-07-30T00:00:00+00:00
[2022-07-30 17:02:34,636] {processor.py:161} INFO - Processing /opt/airflow/dags/operators/BashOperator1.py took 0.114 seconds
[2022-07-30 17:03:04,861] {processor.py:153} INFO - Started process (PID=2934) to work on /opt/airflow/dags/operators/BashOperator1.py
[2022-07-30 17:03:04,861] {processor.py:641} INFO - Processing file /opt/airflow/dags/operators/BashOperator1.py for tasks to queue
[2022-07-30 17:03:04,862] {logging_mixin.py:115} INFO - [2022-07-30 17:03:04,862] {dagbag.py:507} INFO - Filling up the DagBag from /opt/airflow/dags/operators/BashOperator1.py
[2022-07-30 17:03:04,888] {processor.py:651} INFO - DAG(s) dict_keys(['bash_operator1']) retrieved from /opt/airflow/dags/operators/BashOperator1.py
[2022-07-30 17:03:04,928] {logging_mixin.py:115} INFO - [2022-07-30 17:03:04,928] {dag.py:2379} INFO - Sync 1 DAGs
[2022-07-30 17:03:04,957] {logging_mixin.py:115} INFO - [2022-07-30 17:03:04,957] {dag.py:2931} INFO - Setting next_dagrun for bash_operator1 to 2022-07-29T00:00:00+00:00, run_after=2022-07-30T00:00:00+00:00
[2022-07-30 17:03:04,969] {processor.py:161} INFO - Processing /opt/airflow/dags/operators/BashOperator1.py took 0.116 seconds
[2022-07-30 17:03:35,847] {processor.py:153} INFO - Started process (PID=3018) to work on /opt/airflow/dags/operators/BashOperator1.py
[2022-07-30 17:03:35,848] {processor.py:641} INFO - Processing file /opt/airflow/dags/operators/BashOperator1.py for tasks to queue
[2022-07-30 17:03:35,852] {logging_mixin.py:115} INFO - [2022-07-30 17:03:35,852] {dagbag.py:507} INFO - Filling up the DagBag from /opt/airflow/dags/operators/BashOperator1.py
[2022-07-30 17:03:35,871] {processor.py:651} INFO - DAG(s) dict_keys(['bash_operator1']) retrieved from /opt/airflow/dags/operators/BashOperator1.py
[2022-07-30 17:03:35,931] {logging_mixin.py:115} INFO - [2022-07-30 17:03:35,931] {dag.py:2379} INFO - Sync 1 DAGs
[2022-07-30 17:03:36,015] {logging_mixin.py:115} INFO - [2022-07-30 17:03:36,014] {dag.py:2931} INFO - Setting next_dagrun for bash_operator1 to 2022-07-29T00:00:00+00:00, run_after=2022-07-30T00:00:00+00:00
[2022-07-30 17:03:36,032] {processor.py:161} INFO - Processing /opt/airflow/dags/operators/BashOperator1.py took 0.193 seconds
[2022-07-30 17:04:06,508] {processor.py:153} INFO - Started process (PID=3090) to work on /opt/airflow/dags/operators/BashOperator1.py
[2022-07-30 17:04:06,508] {processor.py:641} INFO - Processing file /opt/airflow/dags/operators/BashOperator1.py for tasks to queue
[2022-07-30 17:04:06,509] {logging_mixin.py:115} INFO - [2022-07-30 17:04:06,509] {dagbag.py:507} INFO - Filling up the DagBag from /opt/airflow/dags/operators/BashOperator1.py
[2022-07-30 17:04:06,528] {processor.py:651} INFO - DAG(s) dict_keys(['bash_operator1']) retrieved from /opt/airflow/dags/operators/BashOperator1.py
[2022-07-30 17:04:06,607] {logging_mixin.py:115} INFO - [2022-07-30 17:04:06,607] {dag.py:2379} INFO - Sync 1 DAGs
[2022-07-30 17:04:06,723] {logging_mixin.py:115} INFO - [2022-07-30 17:04:06,723] {dag.py:2931} INFO - Setting next_dagrun for bash_operator1 to 2022-07-29T00:00:00+00:00, run_after=2022-07-30T00:00:00+00:00
[2022-07-30 17:04:06,749] {processor.py:161} INFO - Processing /opt/airflow/dags/operators/BashOperator1.py took 0.247 seconds
[2022-07-30 17:04:37,453] {processor.py:153} INFO - Started process (PID=3173) to work on /opt/airflow/dags/operators/BashOperator1.py
[2022-07-30 17:04:37,472] {processor.py:641} INFO - Processing file /opt/airflow/dags/operators/BashOperator1.py for tasks to queue
[2022-07-30 17:04:37,473] {logging_mixin.py:115} INFO - [2022-07-30 17:04:37,473] {dagbag.py:507} INFO - Filling up the DagBag from /opt/airflow/dags/operators/BashOperator1.py
[2022-07-30 17:04:37,498] {processor.py:651} INFO - DAG(s) dict_keys(['bash_operator1']) retrieved from /opt/airflow/dags/operators/BashOperator1.py
[2022-07-30 17:04:37,587] {logging_mixin.py:115} INFO - [2022-07-30 17:04:37,587] {dag.py:2379} INFO - Sync 1 DAGs
[2022-07-30 17:04:37,651] {logging_mixin.py:115} INFO - [2022-07-30 17:04:37,651] {dag.py:2931} INFO - Setting next_dagrun for bash_operator1 to 2022-07-29T00:00:00+00:00, run_after=2022-07-30T00:00:00+00:00
[2022-07-30 17:04:37,668] {processor.py:161} INFO - Processing /opt/airflow/dags/operators/BashOperator1.py took 0.219 seconds
[2022-07-30 17:05:07,698] {processor.py:153} INFO - Started process (PID=3249) to work on /opt/airflow/dags/operators/BashOperator1.py
[2022-07-30 17:05:07,699] {processor.py:641} INFO - Processing file /opt/airflow/dags/operators/BashOperator1.py for tasks to queue
[2022-07-30 17:05:07,699] {logging_mixin.py:115} INFO - [2022-07-30 17:05:07,699] {dagbag.py:507} INFO - Filling up the DagBag from /opt/airflow/dags/operators/BashOperator1.py
[2022-07-30 17:05:07,719] {processor.py:651} INFO - DAG(s) dict_keys(['bash_operator1']) retrieved from /opt/airflow/dags/operators/BashOperator1.py
[2022-07-30 17:05:07,770] {logging_mixin.py:115} INFO - [2022-07-30 17:05:07,770] {dag.py:2379} INFO - Sync 1 DAGs
[2022-07-30 17:05:07,801] {logging_mixin.py:115} INFO - [2022-07-30 17:05:07,801] {dag.py:2931} INFO - Setting next_dagrun for bash_operator1 to 2022-07-29T00:00:00+00:00, run_after=2022-07-30T00:00:00+00:00
[2022-07-30 17:05:07,816] {processor.py:161} INFO - Processing /opt/airflow/dags/operators/BashOperator1.py took 0.121 seconds
[2022-07-30 17:05:37,985] {processor.py:153} INFO - Started process (PID=3326) to work on /opt/airflow/dags/operators/BashOperator1.py
[2022-07-30 17:05:37,987] {processor.py:641} INFO - Processing file /opt/airflow/dags/operators/BashOperator1.py for tasks to queue
[2022-07-30 17:05:37,987] {logging_mixin.py:115} INFO - [2022-07-30 17:05:37,987] {dagbag.py:507} INFO - Filling up the DagBag from /opt/airflow/dags/operators/BashOperator1.py
[2022-07-30 17:05:38,006] {processor.py:651} INFO - DAG(s) dict_keys(['bash_operator1']) retrieved from /opt/airflow/dags/operators/BashOperator1.py
[2022-07-30 17:05:38,079] {logging_mixin.py:115} INFO - [2022-07-30 17:05:38,079] {dag.py:2379} INFO - Sync 1 DAGs
[2022-07-30 17:05:38,250] {logging_mixin.py:115} INFO - [2022-07-30 17:05:38,250] {dag.py:2931} INFO - Setting next_dagrun for bash_operator1 to 2022-07-29T00:00:00+00:00, run_after=2022-07-30T00:00:00+00:00
[2022-07-30 17:05:38,375] {processor.py:161} INFO - Processing /opt/airflow/dags/operators/BashOperator1.py took 0.397 seconds
[2022-07-30 17:06:08,890] {processor.py:153} INFO - Started process (PID=3414) to work on /opt/airflow/dags/operators/BashOperator1.py
[2022-07-30 17:06:08,891] {processor.py:641} INFO - Processing file /opt/airflow/dags/operators/BashOperator1.py for tasks to queue
[2022-07-30 17:06:08,892] {logging_mixin.py:115} INFO - [2022-07-30 17:06:08,892] {dagbag.py:507} INFO - Filling up the DagBag from /opt/airflow/dags/operators/BashOperator1.py
[2022-07-30 17:06:08,911] {processor.py:651} INFO - DAG(s) dict_keys(['bash_operator1']) retrieved from /opt/airflow/dags/operators/BashOperator1.py
[2022-07-30 17:06:08,998] {logging_mixin.py:115} INFO - [2022-07-30 17:06:08,998] {dag.py:2379} INFO - Sync 1 DAGs
[2022-07-30 17:06:09,036] {logging_mixin.py:115} INFO - [2022-07-30 17:06:09,036] {dag.py:2931} INFO - Setting next_dagrun for bash_operator1 to 2022-07-29T00:00:00+00:00, run_after=2022-07-30T00:00:00+00:00
[2022-07-30 17:06:09,053] {processor.py:161} INFO - Processing /opt/airflow/dags/operators/BashOperator1.py took 0.180 seconds
[2022-07-30 17:06:39,268] {processor.py:153} INFO - Started process (PID=3486) to work on /opt/airflow/dags/operators/BashOperator1.py
[2022-07-30 17:06:39,269] {processor.py:641} INFO - Processing file /opt/airflow/dags/operators/BashOperator1.py for tasks to queue
[2022-07-30 17:06:39,269] {logging_mixin.py:115} INFO - [2022-07-30 17:06:39,269] {dagbag.py:507} INFO - Filling up the DagBag from /opt/airflow/dags/operators/BashOperator1.py
[2022-07-30 17:06:39,303] {processor.py:651} INFO - DAG(s) dict_keys(['bash_operator1']) retrieved from /opt/airflow/dags/operators/BashOperator1.py
[2022-07-30 17:06:39,403] {logging_mixin.py:115} INFO - [2022-07-30 17:06:39,402] {dag.py:2379} INFO - Sync 1 DAGs
[2022-07-30 17:06:39,518] {logging_mixin.py:115} INFO - [2022-07-30 17:06:39,518] {dag.py:2931} INFO - Setting next_dagrun for bash_operator1 to 2022-07-29T00:00:00+00:00, run_after=2022-07-30T00:00:00+00:00
[2022-07-30 17:06:39,569] {processor.py:161} INFO - Processing /opt/airflow/dags/operators/BashOperator1.py took 0.304 seconds
[2022-07-30 17:07:09,884] {processor.py:153} INFO - Started process (PID=3569) to work on /opt/airflow/dags/operators/BashOperator1.py
[2022-07-30 17:07:09,885] {processor.py:641} INFO - Processing file /opt/airflow/dags/operators/BashOperator1.py for tasks to queue
[2022-07-30 17:07:09,885] {logging_mixin.py:115} INFO - [2022-07-30 17:07:09,885] {dagbag.py:507} INFO - Filling up the DagBag from /opt/airflow/dags/operators/BashOperator1.py
[2022-07-30 17:07:09,897] {processor.py:651} INFO - DAG(s) dict_keys(['bash_operator1']) retrieved from /opt/airflow/dags/operators/BashOperator1.py
[2022-07-30 17:07:09,931] {logging_mixin.py:115} INFO - [2022-07-30 17:07:09,931] {dag.py:2379} INFO - Sync 1 DAGs
[2022-07-30 17:07:09,967] {logging_mixin.py:115} INFO - [2022-07-30 17:07:09,967] {dag.py:2931} INFO - Setting next_dagrun for bash_operator1 to 2022-07-29T00:00:00+00:00, run_after=2022-07-30T00:00:00+00:00
[2022-07-30 17:07:09,984] {processor.py:161} INFO - Processing /opt/airflow/dags/operators/BashOperator1.py took 0.105 seconds
[2022-07-30 17:07:40,741] {processor.py:153} INFO - Started process (PID=3641) to work on /opt/airflow/dags/operators/BashOperator1.py
[2022-07-30 17:07:40,744] {processor.py:641} INFO - Processing file /opt/airflow/dags/operators/BashOperator1.py for tasks to queue
[2022-07-30 17:07:40,744] {logging_mixin.py:115} INFO - [2022-07-30 17:07:40,744] {dagbag.py:507} INFO - Filling up the DagBag from /opt/airflow/dags/operators/BashOperator1.py
[2022-07-30 17:07:40,763] {processor.py:651} INFO - DAG(s) dict_keys(['bash_operator1']) retrieved from /opt/airflow/dags/operators/BashOperator1.py
[2022-07-30 17:07:40,861] {logging_mixin.py:115} INFO - [2022-07-30 17:07:40,861] {dag.py:2379} INFO - Sync 1 DAGs
[2022-07-30 17:07:40,893] {logging_mixin.py:115} INFO - [2022-07-30 17:07:40,893] {dag.py:2931} INFO - Setting next_dagrun for bash_operator1 to 2022-07-29T00:00:00+00:00, run_after=2022-07-30T00:00:00+00:00
[2022-07-30 17:07:40,910] {processor.py:161} INFO - Processing /opt/airflow/dags/operators/BashOperator1.py took 0.180 seconds
[2022-07-30 17:08:11,781] {processor.py:153} INFO - Started process (PID=3727) to work on /opt/airflow/dags/operators/BashOperator1.py
[2022-07-30 17:08:11,782] {processor.py:641} INFO - Processing file /opt/airflow/dags/operators/BashOperator1.py for tasks to queue
[2022-07-30 17:08:11,783] {logging_mixin.py:115} INFO - [2022-07-30 17:08:11,783] {dagbag.py:507} INFO - Filling up the DagBag from /opt/airflow/dags/operators/BashOperator1.py
[2022-07-30 17:08:11,797] {processor.py:651} INFO - DAG(s) dict_keys(['bash_operator1']) retrieved from /opt/airflow/dags/operators/BashOperator1.py
[2022-07-30 17:08:11,837] {logging_mixin.py:115} INFO - [2022-07-30 17:08:11,837] {dag.py:2379} INFO - Sync 1 DAGs
[2022-07-30 17:08:11,875] {logging_mixin.py:115} INFO - [2022-07-30 17:08:11,875] {dag.py:2931} INFO - Setting next_dagrun for bash_operator1 to 2022-07-29T00:00:00+00:00, run_after=2022-07-30T00:00:00+00:00
[2022-07-30 17:08:11,892] {processor.py:161} INFO - Processing /opt/airflow/dags/operators/BashOperator1.py took 0.116 seconds
[2022-07-30 17:08:42,880] {processor.py:153} INFO - Started process (PID=3800) to work on /opt/airflow/dags/operators/BashOperator1.py
[2022-07-30 17:08:42,881] {processor.py:641} INFO - Processing file /opt/airflow/dags/operators/BashOperator1.py for tasks to queue
[2022-07-30 17:08:42,881] {logging_mixin.py:115} INFO - [2022-07-30 17:08:42,881] {dagbag.py:507} INFO - Filling up the DagBag from /opt/airflow/dags/operators/BashOperator1.py
[2022-07-30 17:08:42,892] {processor.py:651} INFO - DAG(s) dict_keys(['bash_operator1']) retrieved from /opt/airflow/dags/operators/BashOperator1.py
[2022-07-30 17:08:42,931] {logging_mixin.py:115} INFO - [2022-07-30 17:08:42,930] {dag.py:2379} INFO - Sync 1 DAGs
[2022-07-30 17:08:42,967] {logging_mixin.py:115} INFO - [2022-07-30 17:08:42,967] {dag.py:2931} INFO - Setting next_dagrun for bash_operator1 to 2022-07-29T00:00:00+00:00, run_after=2022-07-30T00:00:00+00:00
[2022-07-30 17:08:42,983] {processor.py:161} INFO - Processing /opt/airflow/dags/operators/BashOperator1.py took 0.110 seconds
[2022-07-30 17:09:13,535] {processor.py:153} INFO - Started process (PID=3885) to work on /opt/airflow/dags/operators/BashOperator1.py
[2022-07-30 17:09:13,536] {processor.py:641} INFO - Processing file /opt/airflow/dags/operators/BashOperator1.py for tasks to queue
[2022-07-30 17:09:13,536] {logging_mixin.py:115} INFO - [2022-07-30 17:09:13,536] {dagbag.py:507} INFO - Filling up the DagBag from /opt/airflow/dags/operators/BashOperator1.py
[2022-07-30 17:09:13,546] {processor.py:651} INFO - DAG(s) dict_keys(['bash_operator1']) retrieved from /opt/airflow/dags/operators/BashOperator1.py
[2022-07-30 17:09:13,578] {logging_mixin.py:115} INFO - [2022-07-30 17:09:13,578] {dag.py:2379} INFO - Sync 1 DAGs
[2022-07-30 17:09:13,612] {logging_mixin.py:115} INFO - [2022-07-30 17:09:13,612] {dag.py:2931} INFO - Setting next_dagrun for bash_operator1 to 2022-07-29T00:00:00+00:00, run_after=2022-07-30T00:00:00+00:00
[2022-07-30 17:09:13,791] {processor.py:161} INFO - Processing /opt/airflow/dags/operators/BashOperator1.py took 0.259 seconds
[2022-07-30 17:09:44,739] {processor.py:153} INFO - Started process (PID=3967) to work on /opt/airflow/dags/operators/BashOperator1.py
[2022-07-30 17:09:44,748] {processor.py:641} INFO - Processing file /opt/airflow/dags/operators/BashOperator1.py for tasks to queue
[2022-07-30 17:09:44,748] {logging_mixin.py:115} INFO - [2022-07-30 17:09:44,748] {dagbag.py:507} INFO - Filling up the DagBag from /opt/airflow/dags/operators/BashOperator1.py
[2022-07-30 17:09:44,770] {processor.py:651} INFO - DAG(s) dict_keys(['bash_operator1']) retrieved from /opt/airflow/dags/operators/BashOperator1.py
[2022-07-30 17:09:44,831] {logging_mixin.py:115} INFO - [2022-07-30 17:09:44,831] {dag.py:2379} INFO - Sync 1 DAGs
[2022-07-30 17:09:44,900] {logging_mixin.py:115} INFO - [2022-07-30 17:09:44,900] {dag.py:2931} INFO - Setting next_dagrun for bash_operator1 to 2022-07-29T00:00:00+00:00, run_after=2022-07-30T00:00:00+00:00
[2022-07-30 17:09:45,213] {processor.py:161} INFO - Processing /opt/airflow/dags/operators/BashOperator1.py took 0.478 seconds
[2022-07-30 17:10:15,316] {processor.py:153} INFO - Started process (PID=4041) to work on /opt/airflow/dags/operators/BashOperator1.py
[2022-07-30 17:10:15,317] {processor.py:641} INFO - Processing file /opt/airflow/dags/operators/BashOperator1.py for tasks to queue
[2022-07-30 17:10:15,317] {logging_mixin.py:115} INFO - [2022-07-30 17:10:15,317] {dagbag.py:507} INFO - Filling up the DagBag from /opt/airflow/dags/operators/BashOperator1.py
[2022-07-30 17:10:15,329] {processor.py:651} INFO - DAG(s) dict_keys(['bash_operator1']) retrieved from /opt/airflow/dags/operators/BashOperator1.py
[2022-07-30 17:10:15,361] {logging_mixin.py:115} INFO - [2022-07-30 17:10:15,361] {dag.py:2379} INFO - Sync 1 DAGs
[2022-07-30 17:10:15,394] {logging_mixin.py:115} INFO - [2022-07-30 17:10:15,394] {dag.py:2931} INFO - Setting next_dagrun for bash_operator1 to 2022-07-29T00:00:00+00:00, run_after=2022-07-30T00:00:00+00:00
[2022-07-30 17:10:15,591] {processor.py:161} INFO - Processing /opt/airflow/dags/operators/BashOperator1.py took 0.279 seconds
[2022-07-30 17:10:45,970] {processor.py:153} INFO - Started process (PID=4122) to work on /opt/airflow/dags/operators/BashOperator1.py
[2022-07-30 17:10:45,980] {processor.py:641} INFO - Processing file /opt/airflow/dags/operators/BashOperator1.py for tasks to queue
[2022-07-30 17:10:45,981] {logging_mixin.py:115} INFO - [2022-07-30 17:10:45,980] {dagbag.py:507} INFO - Filling up the DagBag from /opt/airflow/dags/operators/BashOperator1.py
[2022-07-30 17:10:46,012] {processor.py:651} INFO - DAG(s) dict_keys(['bash_operator1']) retrieved from /opt/airflow/dags/operators/BashOperator1.py
[2022-07-30 17:10:46,136] {logging_mixin.py:115} INFO - [2022-07-30 17:10:46,136] {dag.py:2379} INFO - Sync 1 DAGs
[2022-07-30 17:10:46,266] {logging_mixin.py:115} INFO - [2022-07-30 17:10:46,266] {dag.py:2931} INFO - Setting next_dagrun for bash_operator1 to 2022-07-29T00:00:00+00:00, run_after=2022-07-30T00:00:00+00:00
[2022-07-30 17:10:46,738] {processor.py:161} INFO - Processing /opt/airflow/dags/operators/BashOperator1.py took 0.792 seconds
[2022-07-30 17:11:16,890] {processor.py:153} INFO - Started process (PID=4206) to work on /opt/airflow/dags/operators/BashOperator1.py
[2022-07-30 17:11:16,890] {processor.py:641} INFO - Processing file /opt/airflow/dags/operators/BashOperator1.py for tasks to queue
[2022-07-30 17:11:16,891] {logging_mixin.py:115} INFO - [2022-07-30 17:11:16,890] {dagbag.py:507} INFO - Filling up the DagBag from /opt/airflow/dags/operators/BashOperator1.py
[2022-07-30 17:11:16,900] {processor.py:651} INFO - DAG(s) dict_keys(['bash_operator1']) retrieved from /opt/airflow/dags/operators/BashOperator1.py
[2022-07-30 17:11:16,936] {logging_mixin.py:115} INFO - [2022-07-30 17:11:16,936] {dag.py:2379} INFO - Sync 1 DAGs
[2022-07-30 17:11:16,970] {logging_mixin.py:115} INFO - [2022-07-30 17:11:16,970] {dag.py:2931} INFO - Setting next_dagrun for bash_operator1 to 2022-07-29T00:00:00+00:00, run_after=2022-07-30T00:00:00+00:00
[2022-07-30 17:11:17,153] {processor.py:161} INFO - Processing /opt/airflow/dags/operators/BashOperator1.py took 0.268 seconds
[2022-07-30 17:11:47,396] {processor.py:153} INFO - Started process (PID=4280) to work on /opt/airflow/dags/operators/BashOperator1.py
[2022-07-30 17:11:47,397] {processor.py:641} INFO - Processing file /opt/airflow/dags/operators/BashOperator1.py for tasks to queue
[2022-07-30 17:11:47,398] {logging_mixin.py:115} INFO - [2022-07-30 17:11:47,398] {dagbag.py:507} INFO - Filling up the DagBag from /opt/airflow/dags/operators/BashOperator1.py
[2022-07-30 17:11:47,407] {processor.py:651} INFO - DAG(s) dict_keys(['bash_operator1']) retrieved from /opt/airflow/dags/operators/BashOperator1.py
[2022-07-30 17:11:47,452] {logging_mixin.py:115} INFO - [2022-07-30 17:11:47,452] {dag.py:2379} INFO - Sync 1 DAGs
[2022-07-30 17:11:47,490] {logging_mixin.py:115} INFO - [2022-07-30 17:11:47,490] {dag.py:2931} INFO - Setting next_dagrun for bash_operator1 to 2022-07-29T00:00:00+00:00, run_after=2022-07-30T00:00:00+00:00
[2022-07-30 17:11:47,672] {processor.py:161} INFO - Processing /opt/airflow/dags/operators/BashOperator1.py took 0.280 seconds
[2022-07-30 17:12:19,332] {processor.py:153} INFO - Started process (PID=4352) to work on /opt/airflow/dags/operators/BashOperator1.py
[2022-07-30 17:12:19,332] {processor.py:641} INFO - Processing file /opt/airflow/dags/operators/BashOperator1.py for tasks to queue
[2022-07-30 17:12:19,333] {logging_mixin.py:115} INFO - [2022-07-30 17:12:19,333] {dagbag.py:507} INFO - Filling up the DagBag from /opt/airflow/dags/operators/BashOperator1.py
[2022-07-30 17:12:19,395] {processor.py:651} INFO - DAG(s) dict_keys(['bash_operator1']) retrieved from /opt/airflow/dags/operators/BashOperator1.py
[2022-07-30 17:12:19,741] {logging_mixin.py:115} INFO - [2022-07-30 17:12:19,741] {dag.py:2379} INFO - Sync 1 DAGs
[2022-07-30 17:12:20,054] {logging_mixin.py:115} INFO - [2022-07-30 17:12:20,054] {dag.py:2931} INFO - Setting next_dagrun for bash_operator1 to 2022-07-29T00:00:00+00:00, run_after=2022-07-30T00:00:00+00:00
[2022-07-30 17:12:21,664] {processor.py:161} INFO - Processing /opt/airflow/dags/operators/BashOperator1.py took 2.356 seconds
[2022-07-30 17:12:51,951] {processor.py:153} INFO - Started process (PID=4434) to work on /opt/airflow/dags/operators/BashOperator1.py
[2022-07-30 17:12:51,952] {processor.py:641} INFO - Processing file /opt/airflow/dags/operators/BashOperator1.py for tasks to queue
[2022-07-30 17:12:51,953] {logging_mixin.py:115} INFO - [2022-07-30 17:12:51,953] {dagbag.py:507} INFO - Filling up the DagBag from /opt/airflow/dags/operators/BashOperator1.py
[2022-07-30 17:12:51,965] {processor.py:651} INFO - DAG(s) dict_keys(['bash_operator1']) retrieved from /opt/airflow/dags/operators/BashOperator1.py
[2022-07-30 17:12:51,998] {logging_mixin.py:115} INFO - [2022-07-30 17:12:51,998] {dag.py:2379} INFO - Sync 1 DAGs
[2022-07-30 17:12:52,036] {logging_mixin.py:115} INFO - [2022-07-30 17:12:52,036] {dag.py:2931} INFO - Setting next_dagrun for bash_operator1 to 2022-07-29T00:00:00+00:00, run_after=2022-07-30T00:00:00+00:00
[2022-07-30 17:12:52,270] {processor.py:161} INFO - Processing /opt/airflow/dags/operators/BashOperator1.py took 0.323 seconds
[2022-07-30 17:13:22,790] {processor.py:153} INFO - Started process (PID=4508) to work on /opt/airflow/dags/operators/BashOperator1.py
[2022-07-30 17:13:22,790] {processor.py:641} INFO - Processing file /opt/airflow/dags/operators/BashOperator1.py for tasks to queue
[2022-07-30 17:13:22,791] {logging_mixin.py:115} INFO - [2022-07-30 17:13:22,791] {dagbag.py:507} INFO - Filling up the DagBag from /opt/airflow/dags/operators/BashOperator1.py
[2022-07-30 17:13:22,804] {processor.py:651} INFO - DAG(s) dict_keys(['bash_operator1']) retrieved from /opt/airflow/dags/operators/BashOperator1.py
[2022-07-30 17:13:22,838] {logging_mixin.py:115} INFO - [2022-07-30 17:13:22,838] {dag.py:2379} INFO - Sync 1 DAGs
[2022-07-30 17:13:22,886] {logging_mixin.py:115} INFO - [2022-07-30 17:13:22,886] {dag.py:2931} INFO - Setting next_dagrun for bash_operator1 to 2022-07-29T00:00:00+00:00, run_after=2022-07-30T00:00:00+00:00
[2022-07-30 17:13:23,142] {processor.py:161} INFO - Processing /opt/airflow/dags/operators/BashOperator1.py took 0.357 seconds
[2022-07-30 17:13:53,533] {processor.py:153} INFO - Started process (PID=4585) to work on /opt/airflow/dags/operators/BashOperator1.py
[2022-07-30 17:13:53,541] {processor.py:641} INFO - Processing file /opt/airflow/dags/operators/BashOperator1.py for tasks to queue
[2022-07-30 17:13:53,542] {logging_mixin.py:115} INFO - [2022-07-30 17:13:53,541] {dagbag.py:507} INFO - Filling up the DagBag from /opt/airflow/dags/operators/BashOperator1.py
[2022-07-30 17:13:53,587] {processor.py:651} INFO - DAG(s) dict_keys(['bash_operator1']) retrieved from /opt/airflow/dags/operators/BashOperator1.py
[2022-07-30 17:13:53,821] {logging_mixin.py:115} INFO - [2022-07-30 17:13:53,821] {dag.py:2379} INFO - Sync 1 DAGs
[2022-07-30 17:13:54,035] {logging_mixin.py:115} INFO - [2022-07-30 17:13:54,035] {dag.py:2931} INFO - Setting next_dagrun for bash_operator1 to 2022-07-29T00:00:00+00:00, run_after=2022-07-30T00:00:00+00:00
[2022-07-30 17:13:54,923] {processor.py:161} INFO - Processing /opt/airflow/dags/operators/BashOperator1.py took 1.425 seconds
[2022-07-30 17:14:25,694] {processor.py:153} INFO - Started process (PID=4660) to work on /opt/airflow/dags/operators/BashOperator1.py
[2022-07-30 17:14:25,695] {processor.py:641} INFO - Processing file /opt/airflow/dags/operators/BashOperator1.py for tasks to queue
[2022-07-30 17:14:25,696] {logging_mixin.py:115} INFO - [2022-07-30 17:14:25,696] {dagbag.py:507} INFO - Filling up the DagBag from /opt/airflow/dags/operators/BashOperator1.py
[2022-07-30 17:14:25,712] {processor.py:651} INFO - DAG(s) dict_keys(['bash_operator1']) retrieved from /opt/airflow/dags/operators/BashOperator1.py
[2022-07-30 17:14:25,772] {logging_mixin.py:115} INFO - [2022-07-30 17:14:25,771] {dag.py:2379} INFO - Sync 1 DAGs
[2022-07-30 17:14:25,822] {logging_mixin.py:115} INFO - [2022-07-30 17:14:25,822] {dag.py:2931} INFO - Setting next_dagrun for bash_operator1 to 2022-07-29T00:00:00+00:00, run_after=2022-07-30T00:00:00+00:00
[2022-07-30 17:14:25,845] {processor.py:161} INFO - Processing /opt/airflow/dags/operators/BashOperator1.py took 0.157 seconds
[2022-07-30 17:14:55,941] {processor.py:153} INFO - Started process (PID=4732) to work on /opt/airflow/dags/operators/BashOperator1.py
[2022-07-30 17:14:55,941] {processor.py:641} INFO - Processing file /opt/airflow/dags/operators/BashOperator1.py for tasks to queue
[2022-07-30 17:14:55,942] {logging_mixin.py:115} INFO - [2022-07-30 17:14:55,942] {dagbag.py:507} INFO - Filling up the DagBag from /opt/airflow/dags/operators/BashOperator1.py
[2022-07-30 17:14:55,949] {processor.py:651} INFO - DAG(s) dict_keys(['bash_operator1']) retrieved from /opt/airflow/dags/operators/BashOperator1.py
[2022-07-30 17:14:55,979] {logging_mixin.py:115} INFO - [2022-07-30 17:14:55,979] {dag.py:2379} INFO - Sync 1 DAGs
[2022-07-30 17:14:56,006] {logging_mixin.py:115} INFO - [2022-07-30 17:14:56,005] {dag.py:2931} INFO - Setting next_dagrun for bash_operator1 to 2022-07-29T00:00:00+00:00, run_after=2022-07-30T00:00:00+00:00
[2022-07-30 17:14:56,020] {processor.py:161} INFO - Processing /opt/airflow/dags/operators/BashOperator1.py took 0.082 seconds
[2022-07-30 17:15:26,274] {processor.py:153} INFO - Started process (PID=4803) to work on /opt/airflow/dags/operators/BashOperator1.py
[2022-07-30 17:15:26,274] {processor.py:641} INFO - Processing file /opt/airflow/dags/operators/BashOperator1.py for tasks to queue
[2022-07-30 17:15:26,275] {logging_mixin.py:115} INFO - [2022-07-30 17:15:26,275] {dagbag.py:507} INFO - Filling up the DagBag from /opt/airflow/dags/operators/BashOperator1.py
[2022-07-30 17:15:26,287] {processor.py:651} INFO - DAG(s) dict_keys(['bash_operator1']) retrieved from /opt/airflow/dags/operators/BashOperator1.py
[2022-07-30 17:15:26,425] {logging_mixin.py:115} INFO - [2022-07-30 17:15:26,425] {dag.py:2379} INFO - Sync 1 DAGs
[2022-07-30 17:15:26,502] {logging_mixin.py:115} INFO - [2022-07-30 17:15:26,502] {dag.py:2931} INFO - Setting next_dagrun for bash_operator1 to 2022-07-29T00:00:00+00:00, run_after=2022-07-30T00:00:00+00:00
[2022-07-30 17:15:26,524] {processor.py:161} INFO - Processing /opt/airflow/dags/operators/BashOperator1.py took 0.255 seconds
[2022-07-30 17:15:56,647] {processor.py:153} INFO - Started process (PID=4890) to work on /opt/airflow/dags/operators/BashOperator1.py
[2022-07-30 17:15:56,656] {processor.py:641} INFO - Processing file /opt/airflow/dags/operators/BashOperator1.py for tasks to queue
[2022-07-30 17:15:56,656] {logging_mixin.py:115} INFO - [2022-07-30 17:15:56,656] {dagbag.py:507} INFO - Filling up the DagBag from /opt/airflow/dags/operators/BashOperator1.py
[2022-07-30 17:15:56,684] {processor.py:651} INFO - DAG(s) dict_keys(['bash_operator1']) retrieved from /opt/airflow/dags/operators/BashOperator1.py
[2022-07-30 17:15:56,738] {logging_mixin.py:115} INFO - [2022-07-30 17:15:56,738] {dag.py:2379} INFO - Sync 1 DAGs
[2022-07-30 17:15:56,775] {logging_mixin.py:115} INFO - [2022-07-30 17:15:56,775] {dag.py:2931} INFO - Setting next_dagrun for bash_operator1 to 2022-07-29T00:00:00+00:00, run_after=2022-07-30T00:00:00+00:00
[2022-07-30 17:15:56,790] {processor.py:161} INFO - Processing /opt/airflow/dags/operators/BashOperator1.py took 0.147 seconds
[2022-07-30 17:16:27,250] {processor.py:153} INFO - Started process (PID=4964) to work on /opt/airflow/dags/operators/BashOperator1.py
[2022-07-30 17:16:27,251] {processor.py:641} INFO - Processing file /opt/airflow/dags/operators/BashOperator1.py for tasks to queue
[2022-07-30 17:16:27,251] {logging_mixin.py:115} INFO - [2022-07-30 17:16:27,251] {dagbag.py:507} INFO - Filling up the DagBag from /opt/airflow/dags/operators/BashOperator1.py
[2022-07-30 17:16:27,285] {processor.py:651} INFO - DAG(s) dict_keys(['bash_operator1']) retrieved from /opt/airflow/dags/operators/BashOperator1.py
[2022-07-30 17:16:27,378] {logging_mixin.py:115} INFO - [2022-07-30 17:16:27,378] {dag.py:2379} INFO - Sync 1 DAGs
[2022-07-30 17:16:27,472] {logging_mixin.py:115} INFO - [2022-07-30 17:16:27,472] {dag.py:2931} INFO - Setting next_dagrun for bash_operator1 to 2022-07-29T00:00:00+00:00, run_after=2022-07-30T00:00:00+00:00
[2022-07-30 17:16:27,516] {processor.py:161} INFO - Processing /opt/airflow/dags/operators/BashOperator1.py took 0.270 seconds
[2022-07-30 17:16:58,363] {processor.py:153} INFO - Started process (PID=5041) to work on /opt/airflow/dags/operators/BashOperator1.py
[2022-07-30 17:16:58,365] {processor.py:641} INFO - Processing file /opt/airflow/dags/operators/BashOperator1.py for tasks to queue
[2022-07-30 17:16:58,365] {logging_mixin.py:115} INFO - [2022-07-30 17:16:58,365] {dagbag.py:507} INFO - Filling up the DagBag from /opt/airflow/dags/operators/BashOperator1.py
[2022-07-30 17:16:58,381] {processor.py:651} INFO - DAG(s) dict_keys(['bash_operator1']) retrieved from /opt/airflow/dags/operators/BashOperator1.py
[2022-07-30 17:16:58,456] {logging_mixin.py:115} INFO - [2022-07-30 17:16:58,456] {dag.py:2379} INFO - Sync 1 DAGs
[2022-07-30 17:16:58,494] {logging_mixin.py:115} INFO - [2022-07-30 17:16:58,493] {dag.py:2931} INFO - Setting next_dagrun for bash_operator1 to 2022-07-29T00:00:00+00:00, run_after=2022-07-30T00:00:00+00:00
[2022-07-30 17:16:58,507] {processor.py:161} INFO - Processing /opt/airflow/dags/operators/BashOperator1.py took 0.149 seconds
[2022-07-30 17:17:28,887] {processor.py:153} INFO - Started process (PID=5112) to work on /opt/airflow/dags/operators/BashOperator1.py
[2022-07-30 17:17:28,887] {processor.py:641} INFO - Processing file /opt/airflow/dags/operators/BashOperator1.py for tasks to queue
[2022-07-30 17:17:28,888] {logging_mixin.py:115} INFO - [2022-07-30 17:17:28,888] {dagbag.py:507} INFO - Filling up the DagBag from /opt/airflow/dags/operators/BashOperator1.py
[2022-07-30 17:17:28,901] {processor.py:651} INFO - DAG(s) dict_keys(['bash_operator1']) retrieved from /opt/airflow/dags/operators/BashOperator1.py
[2022-07-30 17:17:28,936] {logging_mixin.py:115} INFO - [2022-07-30 17:17:28,936] {dag.py:2379} INFO - Sync 1 DAGs
[2022-07-30 17:17:28,978] {logging_mixin.py:115} INFO - [2022-07-30 17:17:28,978] {dag.py:2931} INFO - Setting next_dagrun for bash_operator1 to 2022-07-29T00:00:00+00:00, run_after=2022-07-30T00:00:00+00:00
[2022-07-30 17:17:28,994] {processor.py:161} INFO - Processing /opt/airflow/dags/operators/BashOperator1.py took 0.111 seconds
[2022-07-30 17:17:59,218] {processor.py:153} INFO - Started process (PID=5199) to work on /opt/airflow/dags/operators/BashOperator1.py
[2022-07-30 17:17:59,219] {processor.py:641} INFO - Processing file /opt/airflow/dags/operators/BashOperator1.py for tasks to queue
[2022-07-30 17:17:59,219] {logging_mixin.py:115} INFO - [2022-07-30 17:17:59,219] {dagbag.py:507} INFO - Filling up the DagBag from /opt/airflow/dags/operators/BashOperator1.py
[2022-07-30 17:17:59,229] {processor.py:651} INFO - DAG(s) dict_keys(['bash_operator1']) retrieved from /opt/airflow/dags/operators/BashOperator1.py
[2022-07-30 17:17:59,260] {logging_mixin.py:115} INFO - [2022-07-30 17:17:59,259] {dag.py:2379} INFO - Sync 1 DAGs
[2022-07-30 17:17:59,292] {logging_mixin.py:115} INFO - [2022-07-30 17:17:59,292] {dag.py:2931} INFO - Setting next_dagrun for bash_operator1 to 2022-07-29T00:00:00+00:00, run_after=2022-07-30T00:00:00+00:00
[2022-07-30 17:17:59,304] {processor.py:161} INFO - Processing /opt/airflow/dags/operators/BashOperator1.py took 0.090 seconds
[2022-07-30 17:18:29,703] {processor.py:153} INFO - Started process (PID=5277) to work on /opt/airflow/dags/operators/BashOperator1.py
[2022-07-30 17:18:29,716] {processor.py:641} INFO - Processing file /opt/airflow/dags/operators/BashOperator1.py for tasks to queue
[2022-07-30 17:18:29,716] {logging_mixin.py:115} INFO - [2022-07-30 17:18:29,716] {dagbag.py:507} INFO - Filling up the DagBag from /opt/airflow/dags/operators/BashOperator1.py
[2022-07-30 17:18:29,746] {processor.py:651} INFO - DAG(s) dict_keys(['bash_operator1']) retrieved from /opt/airflow/dags/operators/BashOperator1.py
[2022-07-30 17:18:29,819] {logging_mixin.py:115} INFO - [2022-07-30 17:18:29,819] {dag.py:2379} INFO - Sync 1 DAGs
[2022-07-30 17:18:29,854] {logging_mixin.py:115} INFO - [2022-07-30 17:18:29,854] {dag.py:2931} INFO - Setting next_dagrun for bash_operator1 to 2022-07-29T00:00:00+00:00, run_after=2022-07-30T00:00:00+00:00
[2022-07-30 17:18:29,868] {processor.py:161} INFO - Processing /opt/airflow/dags/operators/BashOperator1.py took 0.172 seconds
[2022-07-30 17:18:59,932] {processor.py:153} INFO - Started process (PID=5363) to work on /opt/airflow/dags/operators/BashOperator1.py
[2022-07-30 17:18:59,933] {processor.py:641} INFO - Processing file /opt/airflow/dags/operators/BashOperator1.py for tasks to queue
[2022-07-30 17:18:59,934] {logging_mixin.py:115} INFO - [2022-07-30 17:18:59,934] {dagbag.py:507} INFO - Filling up the DagBag from /opt/airflow/dags/operators/BashOperator1.py
[2022-07-30 17:18:59,940] {processor.py:651} INFO - DAG(s) dict_keys(['bash_operator1']) retrieved from /opt/airflow/dags/operators/BashOperator1.py
[2022-07-30 17:18:59,962] {logging_mixin.py:115} INFO - [2022-07-30 17:18:59,962] {dag.py:2379} INFO - Sync 1 DAGs
[2022-07-30 17:18:59,984] {logging_mixin.py:115} INFO - [2022-07-30 17:18:59,984] {dag.py:2931} INFO - Setting next_dagrun for bash_operator1 to 2022-07-29T00:00:00+00:00, run_after=2022-07-30T00:00:00+00:00
[2022-07-30 17:18:59,994] {processor.py:161} INFO - Processing /opt/airflow/dags/operators/BashOperator1.py took 0.064 seconds
[2022-07-30 17:19:30,668] {processor.py:153} INFO - Started process (PID=5436) to work on /opt/airflow/dags/operators/BashOperator1.py
[2022-07-30 17:19:30,668] {processor.py:641} INFO - Processing file /opt/airflow/dags/operators/BashOperator1.py for tasks to queue
[2022-07-30 17:19:30,669] {logging_mixin.py:115} INFO - [2022-07-30 17:19:30,669] {dagbag.py:507} INFO - Filling up the DagBag from /opt/airflow/dags/operators/BashOperator1.py
[2022-07-30 17:19:30,677] {processor.py:651} INFO - DAG(s) dict_keys(['bash_operator1']) retrieved from /opt/airflow/dags/operators/BashOperator1.py
[2022-07-30 17:19:30,707] {logging_mixin.py:115} INFO - [2022-07-30 17:19:30,707] {dag.py:2379} INFO - Sync 1 DAGs
[2022-07-30 17:19:30,739] {logging_mixin.py:115} INFO - [2022-07-30 17:19:30,739] {dag.py:2931} INFO - Setting next_dagrun for bash_operator1 to 2022-07-29T00:00:00+00:00, run_after=2022-07-30T00:00:00+00:00
[2022-07-30 17:19:30,754] {processor.py:161} INFO - Processing /opt/airflow/dags/operators/BashOperator1.py took 0.090 seconds
[2022-07-30 17:20:00,955] {processor.py:153} INFO - Started process (PID=5522) to work on /opt/airflow/dags/operators/BashOperator1.py
[2022-07-30 17:20:00,960] {processor.py:641} INFO - Processing file /opt/airflow/dags/operators/BashOperator1.py for tasks to queue
[2022-07-30 17:20:00,960] {logging_mixin.py:115} INFO - [2022-07-30 17:20:00,960] {dagbag.py:507} INFO - Filling up the DagBag from /opt/airflow/dags/operators/BashOperator1.py
[2022-07-30 17:20:00,975] {processor.py:651} INFO - DAG(s) dict_keys(['bash_operator1']) retrieved from /opt/airflow/dags/operators/BashOperator1.py
[2022-07-30 17:20:01,031] {logging_mixin.py:115} INFO - [2022-07-30 17:20:01,031] {dag.py:2379} INFO - Sync 1 DAGs
[2022-07-30 17:20:01,095] {logging_mixin.py:115} INFO - [2022-07-30 17:20:01,095] {dag.py:2931} INFO - Setting next_dagrun for bash_operator1 to 2022-07-29T00:00:00+00:00, run_after=2022-07-30T00:00:00+00:00
[2022-07-30 17:20:01,128] {processor.py:161} INFO - Processing /opt/airflow/dags/operators/BashOperator1.py took 0.177 seconds
