[2022-07-30 16:39:33,463] {processor.py:153} INFO - Started process (PID=75) to work on /opt/airflow/dags/operators/PostgresOperator.py
[2022-07-30 16:39:33,464] {processor.py:641} INFO - Processing file /opt/airflow/dags/operators/PostgresOperator.py for tasks to queue
[2022-07-30 16:39:33,474] {logging_mixin.py:115} INFO - [2022-07-30 16:39:33,474] {dagbag.py:507} INFO - Filling up the DagBag from /opt/airflow/dags/operators/PostgresOperator.py
[2022-07-30 16:39:33,676] {processor.py:651} INFO - DAG(s) dict_keys(['postgres_operator']) retrieved from /opt/airflow/dags/operators/PostgresOperator.py
[2022-07-30 16:39:35,134] {logging_mixin.py:115} INFO - [2022-07-30 16:39:35,133] {manager.py:508} INFO - Created Permission View: can read on DAG:postgres_operator
[2022-07-30 16:39:35,221] {logging_mixin.py:115} INFO - [2022-07-30 16:39:35,221] {manager.py:508} INFO - Created Permission View: can delete on DAG:postgres_operator
[2022-07-30 16:39:35,263] {logging_mixin.py:115} INFO - [2022-07-30 16:39:35,262] {manager.py:508} INFO - Created Permission View: can edit on DAG:postgres_operator
[2022-07-30 16:39:35,263] {logging_mixin.py:115} INFO - [2022-07-30 16:39:35,263] {dag.py:2379} INFO - Sync 1 DAGs
[2022-07-30 16:39:35,307] {logging_mixin.py:115} INFO - [2022-07-30 16:39:35,307] {dag.py:2398} INFO - Creating ORM DAG for postgres_operator
[2022-07-30 16:39:35,372] {logging_mixin.py:115} INFO - [2022-07-30 16:39:35,371] {dag.py:2931} INFO - Setting next_dagrun for postgres_operator to 2022-07-29T00:00:00+00:00, run_after=2022-07-30T00:00:00+00:00
[2022-07-30 16:39:35,542] {processor.py:161} INFO - Processing /opt/airflow/dags/operators/PostgresOperator.py took 2.094 seconds
[2022-07-30 16:40:06,266] {processor.py:153} INFO - Started process (PID=138) to work on /opt/airflow/dags/operators/PostgresOperator.py
[2022-07-30 16:40:06,269] {processor.py:641} INFO - Processing file /opt/airflow/dags/operators/PostgresOperator.py for tasks to queue
[2022-07-30 16:40:06,271] {logging_mixin.py:115} INFO - [2022-07-30 16:40:06,271] {dagbag.py:507} INFO - Filling up the DagBag from /opt/airflow/dags/operators/PostgresOperator.py
[2022-07-30 16:40:06,306] {processor.py:651} INFO - DAG(s) dict_keys(['postgres_operator']) retrieved from /opt/airflow/dags/operators/PostgresOperator.py
[2022-07-30 16:40:06,364] {logging_mixin.py:115} INFO - [2022-07-30 16:40:06,364] {dag.py:2379} INFO - Sync 1 DAGs
[2022-07-30 16:40:07,042] {logging_mixin.py:115} INFO - [2022-07-30 16:40:07,042] {dag.py:2931} INFO - Setting next_dagrun for postgres_operator to 2022-07-29T00:00:00+00:00, run_after=2022-07-30T00:00:00+00:00
[2022-07-30 16:40:07,102] {processor.py:161} INFO - Processing /opt/airflow/dags/operators/PostgresOperator.py took 0.839 seconds
[2022-07-30 16:40:37,147] {processor.py:153} INFO - Started process (PID=219) to work on /opt/airflow/dags/operators/PostgresOperator.py
[2022-07-30 16:40:37,148] {processor.py:641} INFO - Processing file /opt/airflow/dags/operators/PostgresOperator.py for tasks to queue
[2022-07-30 16:40:37,148] {logging_mixin.py:115} INFO - [2022-07-30 16:40:37,148] {dagbag.py:507} INFO - Filling up the DagBag from /opt/airflow/dags/operators/PostgresOperator.py
[2022-07-30 16:40:37,170] {processor.py:651} INFO - DAG(s) dict_keys(['postgres_operator']) retrieved from /opt/airflow/dags/operators/PostgresOperator.py
[2022-07-30 16:40:37,191] {logging_mixin.py:115} INFO - [2022-07-30 16:40:37,191] {dag.py:2379} INFO - Sync 1 DAGs
[2022-07-30 16:40:37,375] {logging_mixin.py:115} INFO - [2022-07-30 16:40:37,375] {dag.py:2931} INFO - Setting next_dagrun for postgres_operator to 2022-07-29T00:00:00+00:00, run_after=2022-07-30T00:00:00+00:00
[2022-07-30 16:40:37,389] {processor.py:161} INFO - Processing /opt/airflow/dags/operators/PostgresOperator.py took 0.245 seconds
[2022-07-30 16:41:07,937] {processor.py:153} INFO - Started process (PID=292) to work on /opt/airflow/dags/operators/PostgresOperator.py
[2022-07-30 16:41:07,938] {processor.py:641} INFO - Processing file /opt/airflow/dags/operators/PostgresOperator.py for tasks to queue
[2022-07-30 16:41:07,938] {logging_mixin.py:115} INFO - [2022-07-30 16:41:07,938] {dagbag.py:507} INFO - Filling up the DagBag from /opt/airflow/dags/operators/PostgresOperator.py
[2022-07-30 16:41:07,960] {processor.py:651} INFO - DAG(s) dict_keys(['postgres_operator']) retrieved from /opt/airflow/dags/operators/PostgresOperator.py
[2022-07-30 16:41:07,983] {logging_mixin.py:115} INFO - [2022-07-30 16:41:07,983] {dag.py:2379} INFO - Sync 1 DAGs
[2022-07-30 16:41:08,138] {logging_mixin.py:115} INFO - [2022-07-30 16:41:08,138] {dag.py:2931} INFO - Setting next_dagrun for postgres_operator to 2022-07-29T00:00:00+00:00, run_after=2022-07-30T00:00:00+00:00
[2022-07-30 16:41:08,149] {processor.py:161} INFO - Processing /opt/airflow/dags/operators/PostgresOperator.py took 0.216 seconds
[2022-07-30 16:41:38,762] {processor.py:153} INFO - Started process (PID=377) to work on /opt/airflow/dags/operators/PostgresOperator.py
[2022-07-30 16:41:38,763] {processor.py:641} INFO - Processing file /opt/airflow/dags/operators/PostgresOperator.py for tasks to queue
[2022-07-30 16:41:38,764] {logging_mixin.py:115} INFO - [2022-07-30 16:41:38,763] {dagbag.py:507} INFO - Filling up the DagBag from /opt/airflow/dags/operators/PostgresOperator.py
[2022-07-30 16:41:38,792] {processor.py:651} INFO - DAG(s) dict_keys(['postgres_operator']) retrieved from /opt/airflow/dags/operators/PostgresOperator.py
[2022-07-30 16:41:38,826] {logging_mixin.py:115} INFO - [2022-07-30 16:41:38,826] {dag.py:2379} INFO - Sync 1 DAGs
[2022-07-30 16:41:39,012] {logging_mixin.py:115} INFO - [2022-07-30 16:41:39,012] {dag.py:2931} INFO - Setting next_dagrun for postgres_operator to 2022-07-29T00:00:00+00:00, run_after=2022-07-30T00:00:00+00:00
[2022-07-30 16:41:39,023] {processor.py:161} INFO - Processing /opt/airflow/dags/operators/PostgresOperator.py took 0.264 seconds
[2022-07-30 16:42:09,951] {processor.py:153} INFO - Started process (PID=455) to work on /opt/airflow/dags/operators/PostgresOperator.py
[2022-07-30 16:42:09,952] {processor.py:641} INFO - Processing file /opt/airflow/dags/operators/PostgresOperator.py for tasks to queue
[2022-07-30 16:42:09,953] {logging_mixin.py:115} INFO - [2022-07-30 16:42:09,953] {dagbag.py:507} INFO - Filling up the DagBag from /opt/airflow/dags/operators/PostgresOperator.py
[2022-07-30 16:42:09,975] {processor.py:651} INFO - DAG(s) dict_keys(['postgres_operator']) retrieved from /opt/airflow/dags/operators/PostgresOperator.py
[2022-07-30 16:42:09,999] {logging_mixin.py:115} INFO - [2022-07-30 16:42:09,999] {dag.py:2379} INFO - Sync 1 DAGs
[2022-07-30 16:42:10,160] {logging_mixin.py:115} INFO - [2022-07-30 16:42:10,160] {dag.py:2931} INFO - Setting next_dagrun for postgres_operator to 2022-07-29T00:00:00+00:00, run_after=2022-07-30T00:00:00+00:00
[2022-07-30 16:42:10,172] {processor.py:161} INFO - Processing /opt/airflow/dags/operators/PostgresOperator.py took 0.223 seconds
[2022-07-30 16:42:40,231] {processor.py:153} INFO - Started process (PID=538) to work on /opt/airflow/dags/operators/PostgresOperator.py
[2022-07-30 16:42:40,231] {processor.py:641} INFO - Processing file /opt/airflow/dags/operators/PostgresOperator.py for tasks to queue
[2022-07-30 16:42:40,232] {logging_mixin.py:115} INFO - [2022-07-30 16:42:40,232] {dagbag.py:507} INFO - Filling up the DagBag from /opt/airflow/dags/operators/PostgresOperator.py
[2022-07-30 16:42:40,261] {processor.py:651} INFO - DAG(s) dict_keys(['postgres_operator']) retrieved from /opt/airflow/dags/operators/PostgresOperator.py
[2022-07-30 16:42:40,298] {logging_mixin.py:115} INFO - [2022-07-30 16:42:40,298] {dag.py:2379} INFO - Sync 1 DAGs
[2022-07-30 16:42:40,587] {logging_mixin.py:115} INFO - [2022-07-30 16:42:40,587] {dag.py:2931} INFO - Setting next_dagrun for postgres_operator to 2022-07-29T00:00:00+00:00, run_after=2022-07-30T00:00:00+00:00
[2022-07-30 16:42:40,613] {processor.py:161} INFO - Processing /opt/airflow/dags/operators/PostgresOperator.py took 0.386 seconds
[2022-07-30 16:44:13,896] {processor.py:153} INFO - Started process (PID=63) to work on /opt/airflow/dags/operators/PostgresOperator.py
[2022-07-30 16:44:13,898] {processor.py:641} INFO - Processing file /opt/airflow/dags/operators/PostgresOperator.py for tasks to queue
[2022-07-30 16:44:13,899] {logging_mixin.py:115} INFO - [2022-07-30 16:44:13,899] {dagbag.py:507} INFO - Filling up the DagBag from /opt/airflow/dags/operators/PostgresOperator.py
[2022-07-30 16:44:14,037] {processor.py:651} INFO - DAG(s) dict_keys(['postgres_operator']) retrieved from /opt/airflow/dags/operators/PostgresOperator.py
[2022-07-30 16:44:14,145] {logging_mixin.py:115} INFO - [2022-07-30 16:44:14,145] {dag.py:2379} INFO - Sync 1 DAGs
[2022-07-30 16:44:14,211] {logging_mixin.py:115} INFO - [2022-07-30 16:44:14,211] {dag.py:2931} INFO - Setting next_dagrun for postgres_operator to 2022-07-29T00:00:00+00:00, run_after=2022-07-30T00:00:00+00:00
[2022-07-30 16:44:14,248] {processor.py:161} INFO - Processing /opt/airflow/dags/operators/PostgresOperator.py took 0.373 seconds
[2022-07-30 16:44:44,445] {processor.py:153} INFO - Started process (PID=133) to work on /opt/airflow/dags/operators/PostgresOperator.py
[2022-07-30 16:44:44,446] {processor.py:641} INFO - Processing file /opt/airflow/dags/operators/PostgresOperator.py for tasks to queue
[2022-07-30 16:44:44,446] {logging_mixin.py:115} INFO - [2022-07-30 16:44:44,446] {dagbag.py:507} INFO - Filling up the DagBag from /opt/airflow/dags/operators/PostgresOperator.py
[2022-07-30 16:44:44,494] {processor.py:651} INFO - DAG(s) dict_keys(['postgres_operator']) retrieved from /opt/airflow/dags/operators/PostgresOperator.py
[2022-07-30 16:44:44,524] {logging_mixin.py:115} INFO - [2022-07-30 16:44:44,524] {dag.py:2379} INFO - Sync 1 DAGs
[2022-07-30 16:44:44,559] {logging_mixin.py:115} INFO - [2022-07-30 16:44:44,559] {dag.py:2931} INFO - Setting next_dagrun for postgres_operator to 2022-07-29T00:00:00+00:00, run_after=2022-07-30T00:00:00+00:00
[2022-07-30 16:44:44,581] {processor.py:161} INFO - Processing /opt/airflow/dags/operators/PostgresOperator.py took 0.140 seconds
[2022-07-30 16:45:15,601] {processor.py:153} INFO - Started process (PID=212) to work on /opt/airflow/dags/operators/PostgresOperator.py
[2022-07-30 16:45:15,602] {processor.py:641} INFO - Processing file /opt/airflow/dags/operators/PostgresOperator.py for tasks to queue
[2022-07-30 16:45:15,603] {logging_mixin.py:115} INFO - [2022-07-30 16:45:15,603] {dagbag.py:507} INFO - Filling up the DagBag from /opt/airflow/dags/operators/PostgresOperator.py
[2022-07-30 16:45:15,663] {processor.py:651} INFO - DAG(s) dict_keys(['postgres_operator']) retrieved from /opt/airflow/dags/operators/PostgresOperator.py
[2022-07-30 16:45:15,780] {logging_mixin.py:115} INFO - [2022-07-30 16:45:15,780] {dag.py:2379} INFO - Sync 1 DAGs
[2022-07-30 16:45:15,882] {logging_mixin.py:115} INFO - [2022-07-30 16:45:15,882] {dag.py:2931} INFO - Setting next_dagrun for postgres_operator to 2022-07-29T00:00:00+00:00, run_after=2022-07-30T00:00:00+00:00
[2022-07-30 16:45:15,899] {processor.py:161} INFO - Processing /opt/airflow/dags/operators/PostgresOperator.py took 0.312 seconds
[2022-07-30 16:45:46,732] {processor.py:153} INFO - Started process (PID=292) to work on /opt/airflow/dags/operators/PostgresOperator.py
[2022-07-30 16:45:46,733] {processor.py:641} INFO - Processing file /opt/airflow/dags/operators/PostgresOperator.py for tasks to queue
[2022-07-30 16:45:46,733] {logging_mixin.py:115} INFO - [2022-07-30 16:45:46,733] {dagbag.py:507} INFO - Filling up the DagBag from /opt/airflow/dags/operators/PostgresOperator.py
[2022-07-30 16:45:46,762] {processor.py:651} INFO - DAG(s) dict_keys(['postgres_operator']) retrieved from /opt/airflow/dags/operators/PostgresOperator.py
[2022-07-30 16:45:46,792] {logging_mixin.py:115} INFO - [2022-07-30 16:45:46,791] {dag.py:2379} INFO - Sync 1 DAGs
[2022-07-30 16:45:46,825] {logging_mixin.py:115} INFO - [2022-07-30 16:45:46,825] {dag.py:2931} INFO - Setting next_dagrun for postgres_operator to 2022-07-29T00:00:00+00:00, run_after=2022-07-30T00:00:00+00:00
[2022-07-30 16:45:46,845] {processor.py:161} INFO - Processing /opt/airflow/dags/operators/PostgresOperator.py took 0.118 seconds
[2022-07-30 16:46:17,690] {processor.py:153} INFO - Started process (PID=366) to work on /opt/airflow/dags/operators/PostgresOperator.py
[2022-07-30 16:46:17,691] {processor.py:641} INFO - Processing file /opt/airflow/dags/operators/PostgresOperator.py for tasks to queue
[2022-07-30 16:46:17,691] {logging_mixin.py:115} INFO - [2022-07-30 16:46:17,691] {dagbag.py:507} INFO - Filling up the DagBag from /opt/airflow/dags/operators/PostgresOperator.py
[2022-07-30 16:46:17,726] {processor.py:651} INFO - DAG(s) dict_keys(['postgres_operator']) retrieved from /opt/airflow/dags/operators/PostgresOperator.py
[2022-07-30 16:46:17,773] {logging_mixin.py:115} INFO - [2022-07-30 16:46:17,773] {dag.py:2379} INFO - Sync 1 DAGs
[2022-07-30 16:46:17,806] {logging_mixin.py:115} INFO - [2022-07-30 16:46:17,806] {dag.py:2931} INFO - Setting next_dagrun for postgres_operator to 2022-07-29T00:00:00+00:00, run_after=2022-07-30T00:00:00+00:00
[2022-07-30 16:46:17,821] {processor.py:161} INFO - Processing /opt/airflow/dags/operators/PostgresOperator.py took 0.135 seconds
[2022-07-30 16:46:50,255] {processor.py:153} INFO - Started process (PID=448) to work on /opt/airflow/dags/operators/PostgresOperator.py
[2022-07-30 16:46:50,264] {processor.py:641} INFO - Processing file /opt/airflow/dags/operators/PostgresOperator.py for tasks to queue
[2022-07-30 16:46:50,264] {logging_mixin.py:115} INFO - [2022-07-30 16:46:50,264] {dagbag.py:507} INFO - Filling up the DagBag from /opt/airflow/dags/operators/PostgresOperator.py
[2022-07-30 16:46:50,347] {processor.py:651} INFO - DAG(s) dict_keys(['postgres_operator']) retrieved from /opt/airflow/dags/operators/PostgresOperator.py
[2022-07-30 16:46:50,432] {logging_mixin.py:115} INFO - [2022-07-30 16:46:50,432] {dag.py:2379} INFO - Sync 1 DAGs
[2022-07-30 16:46:50,493] {logging_mixin.py:115} INFO - [2022-07-30 16:46:50,492] {dag.py:2931} INFO - Setting next_dagrun for postgres_operator to 2022-07-29T00:00:00+00:00, run_after=2022-07-30T00:00:00+00:00
[2022-07-30 16:46:50,525] {processor.py:161} INFO - Processing /opt/airflow/dags/operators/PostgresOperator.py took 0.274 seconds
[2022-07-30 16:47:21,779] {processor.py:153} INFO - Started process (PID=521) to work on /opt/airflow/dags/operators/PostgresOperator.py
[2022-07-30 16:47:21,786] {processor.py:641} INFO - Processing file /opt/airflow/dags/operators/PostgresOperator.py for tasks to queue
[2022-07-30 16:47:21,786] {logging_mixin.py:115} INFO - [2022-07-30 16:47:21,786] {dagbag.py:507} INFO - Filling up the DagBag from /opt/airflow/dags/operators/PostgresOperator.py
[2022-07-30 16:47:21,850] {processor.py:651} INFO - DAG(s) dict_keys(['postgres_operator']) retrieved from /opt/airflow/dags/operators/PostgresOperator.py
[2022-07-30 16:47:21,899] {logging_mixin.py:115} INFO - [2022-07-30 16:47:21,899] {dag.py:2379} INFO - Sync 1 DAGs
[2022-07-30 16:47:21,952] {logging_mixin.py:115} INFO - [2022-07-30 16:47:21,952] {dag.py:2931} INFO - Setting next_dagrun for postgres_operator to 2022-07-29T00:00:00+00:00, run_after=2022-07-30T00:00:00+00:00
[2022-07-30 16:47:21,966] {processor.py:161} INFO - Processing /opt/airflow/dags/operators/PostgresOperator.py took 0.190 seconds
[2022-07-30 16:47:52,225] {processor.py:153} INFO - Started process (PID=603) to work on /opt/airflow/dags/operators/PostgresOperator.py
[2022-07-30 16:47:52,226] {processor.py:641} INFO - Processing file /opt/airflow/dags/operators/PostgresOperator.py for tasks to queue
[2022-07-30 16:47:52,227] {logging_mixin.py:115} INFO - [2022-07-30 16:47:52,226] {dagbag.py:507} INFO - Filling up the DagBag from /opt/airflow/dags/operators/PostgresOperator.py
[2022-07-30 16:47:52,253] {processor.py:651} INFO - DAG(s) dict_keys(['postgres_operator']) retrieved from /opt/airflow/dags/operators/PostgresOperator.py
[2022-07-30 16:47:52,285] {logging_mixin.py:115} INFO - [2022-07-30 16:47:52,285] {dag.py:2379} INFO - Sync 1 DAGs
[2022-07-30 16:47:52,335] {logging_mixin.py:115} INFO - [2022-07-30 16:47:52,335] {dag.py:2931} INFO - Setting next_dagrun for postgres_operator to 2022-07-29T00:00:00+00:00, run_after=2022-07-30T00:00:00+00:00
[2022-07-30 16:47:52,356] {processor.py:161} INFO - Processing /opt/airflow/dags/operators/PostgresOperator.py took 0.134 seconds
[2022-07-30 16:48:22,417] {processor.py:153} INFO - Started process (PID=678) to work on /opt/airflow/dags/operators/PostgresOperator.py
[2022-07-30 16:48:22,420] {processor.py:641} INFO - Processing file /opt/airflow/dags/operators/PostgresOperator.py for tasks to queue
[2022-07-30 16:48:22,421] {logging_mixin.py:115} INFO - [2022-07-30 16:48:22,420] {dagbag.py:507} INFO - Filling up the DagBag from /opt/airflow/dags/operators/PostgresOperator.py
[2022-07-30 16:48:22,459] {processor.py:651} INFO - DAG(s) dict_keys(['postgres_operator']) retrieved from /opt/airflow/dags/operators/PostgresOperator.py
[2022-07-30 16:48:22,499] {logging_mixin.py:115} INFO - [2022-07-30 16:48:22,499] {dag.py:2379} INFO - Sync 1 DAGs
[2022-07-30 16:48:22,544] {logging_mixin.py:115} INFO - [2022-07-30 16:48:22,544] {dag.py:2931} INFO - Setting next_dagrun for postgres_operator to 2022-07-29T00:00:00+00:00, run_after=2022-07-30T00:00:00+00:00
[2022-07-30 16:48:22,569] {processor.py:161} INFO - Processing /opt/airflow/dags/operators/PostgresOperator.py took 0.158 seconds
[2022-07-30 16:48:52,760] {processor.py:153} INFO - Started process (PID=755) to work on /opt/airflow/dags/operators/PostgresOperator.py
[2022-07-30 16:48:52,760] {processor.py:641} INFO - Processing file /opt/airflow/dags/operators/PostgresOperator.py for tasks to queue
[2022-07-30 16:48:52,761] {logging_mixin.py:115} INFO - [2022-07-30 16:48:52,761] {dagbag.py:507} INFO - Filling up the DagBag from /opt/airflow/dags/operators/PostgresOperator.py
[2022-07-30 16:48:52,859] {processor.py:651} INFO - DAG(s) dict_keys(['postgres_operator']) retrieved from /opt/airflow/dags/operators/PostgresOperator.py
[2022-07-30 16:48:52,925] {logging_mixin.py:115} INFO - [2022-07-30 16:48:52,925] {dag.py:2379} INFO - Sync 1 DAGs
[2022-07-30 16:48:52,960] {logging_mixin.py:115} INFO - [2022-07-30 16:48:52,960] {dag.py:2931} INFO - Setting next_dagrun for postgres_operator to 2022-07-29T00:00:00+00:00, run_after=2022-07-30T00:00:00+00:00
[2022-07-30 16:48:52,975] {processor.py:161} INFO - Processing /opt/airflow/dags/operators/PostgresOperator.py took 0.219 seconds
[2022-07-30 16:49:23,274] {processor.py:153} INFO - Started process (PID=837) to work on /opt/airflow/dags/operators/PostgresOperator.py
[2022-07-30 16:49:23,275] {processor.py:641} INFO - Processing file /opt/airflow/dags/operators/PostgresOperator.py for tasks to queue
[2022-07-30 16:49:23,275] {logging_mixin.py:115} INFO - [2022-07-30 16:49:23,275] {dagbag.py:507} INFO - Filling up the DagBag from /opt/airflow/dags/operators/PostgresOperator.py
[2022-07-30 16:49:23,374] {processor.py:651} INFO - DAG(s) dict_keys(['postgres_operator']) retrieved from /opt/airflow/dags/operators/PostgresOperator.py
[2022-07-30 16:49:23,454] {logging_mixin.py:115} INFO - [2022-07-30 16:49:23,454] {dag.py:2379} INFO - Sync 1 DAGs
[2022-07-30 16:49:23,539] {logging_mixin.py:115} INFO - [2022-07-30 16:49:23,534] {dag.py:2931} INFO - Setting next_dagrun for postgres_operator to 2022-07-29T00:00:00+00:00, run_after=2022-07-30T00:00:00+00:00
[2022-07-30 16:49:23,559] {processor.py:161} INFO - Processing /opt/airflow/dags/operators/PostgresOperator.py took 0.290 seconds
[2022-07-30 16:49:53,629] {processor.py:153} INFO - Started process (PID=909) to work on /opt/airflow/dags/operators/PostgresOperator.py
[2022-07-30 16:49:53,630] {processor.py:641} INFO - Processing file /opt/airflow/dags/operators/PostgresOperator.py for tasks to queue
[2022-07-30 16:49:53,630] {logging_mixin.py:115} INFO - [2022-07-30 16:49:53,630] {dagbag.py:507} INFO - Filling up the DagBag from /opt/airflow/dags/operators/PostgresOperator.py
[2022-07-30 16:49:53,650] {processor.py:651} INFO - DAG(s) dict_keys(['postgres_operator']) retrieved from /opt/airflow/dags/operators/PostgresOperator.py
[2022-07-30 16:49:53,673] {logging_mixin.py:115} INFO - [2022-07-30 16:49:53,673] {dag.py:2379} INFO - Sync 1 DAGs
[2022-07-30 16:49:53,696] {logging_mixin.py:115} INFO - [2022-07-30 16:49:53,696] {dag.py:2931} INFO - Setting next_dagrun for postgres_operator to 2022-07-29T00:00:00+00:00, run_after=2022-07-30T00:00:00+00:00
[2022-07-30 16:49:53,706] {processor.py:161} INFO - Processing /opt/airflow/dags/operators/PostgresOperator.py took 0.080 seconds
[2022-07-30 16:50:24,099] {processor.py:153} INFO - Started process (PID=979) to work on /opt/airflow/dags/operators/PostgresOperator.py
[2022-07-30 16:50:24,108] {processor.py:641} INFO - Processing file /opt/airflow/dags/operators/PostgresOperator.py for tasks to queue
[2022-07-30 16:50:24,109] {logging_mixin.py:115} INFO - [2022-07-30 16:50:24,109] {dagbag.py:507} INFO - Filling up the DagBag from /opt/airflow/dags/operators/PostgresOperator.py
[2022-07-30 16:50:24,239] {processor.py:651} INFO - DAG(s) dict_keys(['postgres_operator']) retrieved from /opt/airflow/dags/operators/PostgresOperator.py
[2022-07-30 16:50:24,340] {logging_mixin.py:115} INFO - [2022-07-30 16:50:24,340] {dag.py:2379} INFO - Sync 1 DAGs
[2022-07-30 16:50:24,427] {logging_mixin.py:115} INFO - [2022-07-30 16:50:24,426] {dag.py:2931} INFO - Setting next_dagrun for postgres_operator to 2022-07-29T00:00:00+00:00, run_after=2022-07-30T00:00:00+00:00
[2022-07-30 16:50:24,471] {processor.py:161} INFO - Processing /opt/airflow/dags/operators/PostgresOperator.py took 0.403 seconds
[2022-07-30 16:50:54,595] {processor.py:153} INFO - Started process (PID=1060) to work on /opt/airflow/dags/operators/PostgresOperator.py
[2022-07-30 16:50:54,596] {processor.py:641} INFO - Processing file /opt/airflow/dags/operators/PostgresOperator.py for tasks to queue
[2022-07-30 16:50:54,596] {logging_mixin.py:115} INFO - [2022-07-30 16:50:54,596] {dagbag.py:507} INFO - Filling up the DagBag from /opt/airflow/dags/operators/PostgresOperator.py
[2022-07-30 16:50:54,634] {processor.py:651} INFO - DAG(s) dict_keys(['postgres_operator']) retrieved from /opt/airflow/dags/operators/PostgresOperator.py
[2022-07-30 16:50:54,680] {logging_mixin.py:115} INFO - [2022-07-30 16:50:54,680] {dag.py:2379} INFO - Sync 1 DAGs
[2022-07-30 16:50:54,710] {logging_mixin.py:115} INFO - [2022-07-30 16:50:54,710] {dag.py:2931} INFO - Setting next_dagrun for postgres_operator to 2022-07-29T00:00:00+00:00, run_after=2022-07-30T00:00:00+00:00
[2022-07-30 16:50:54,721] {processor.py:161} INFO - Processing /opt/airflow/dags/operators/PostgresOperator.py took 0.130 seconds
[2022-07-30 16:51:25,323] {processor.py:153} INFO - Started process (PID=1134) to work on /opt/airflow/dags/operators/PostgresOperator.py
[2022-07-30 16:51:25,324] {processor.py:641} INFO - Processing file /opt/airflow/dags/operators/PostgresOperator.py for tasks to queue
[2022-07-30 16:51:25,325] {logging_mixin.py:115} INFO - [2022-07-30 16:51:25,325] {dagbag.py:507} INFO - Filling up the DagBag from /opt/airflow/dags/operators/PostgresOperator.py
[2022-07-30 16:51:25,366] {processor.py:651} INFO - DAG(s) dict_keys(['postgres_operator']) retrieved from /opt/airflow/dags/operators/PostgresOperator.py
[2022-07-30 16:51:25,399] {logging_mixin.py:115} INFO - [2022-07-30 16:51:25,398] {dag.py:2379} INFO - Sync 1 DAGs
[2022-07-30 16:51:25,431] {logging_mixin.py:115} INFO - [2022-07-30 16:51:25,431] {dag.py:2931} INFO - Setting next_dagrun for postgres_operator to 2022-07-29T00:00:00+00:00, run_after=2022-07-30T00:00:00+00:00
[2022-07-30 16:51:25,442] {processor.py:161} INFO - Processing /opt/airflow/dags/operators/PostgresOperator.py took 0.123 seconds
[2022-07-30 16:51:55,685] {processor.py:153} INFO - Started process (PID=1212) to work on /opt/airflow/dags/operators/PostgresOperator.py
[2022-07-30 16:51:55,686] {processor.py:641} INFO - Processing file /opt/airflow/dags/operators/PostgresOperator.py for tasks to queue
[2022-07-30 16:51:55,686] {logging_mixin.py:115} INFO - [2022-07-30 16:51:55,686] {dagbag.py:507} INFO - Filling up the DagBag from /opt/airflow/dags/operators/PostgresOperator.py
[2022-07-30 16:51:55,786] {processor.py:651} INFO - DAG(s) dict_keys(['postgres_operator']) retrieved from /opt/airflow/dags/operators/PostgresOperator.py
[2022-07-30 16:51:55,891] {logging_mixin.py:115} INFO - [2022-07-30 16:51:55,891] {dag.py:2379} INFO - Sync 1 DAGs
[2022-07-30 16:51:55,987] {logging_mixin.py:115} INFO - [2022-07-30 16:51:55,987] {dag.py:2931} INFO - Setting next_dagrun for postgres_operator to 2022-07-29T00:00:00+00:00, run_after=2022-07-30T00:00:00+00:00
[2022-07-30 16:51:56,003] {processor.py:161} INFO - Processing /opt/airflow/dags/operators/PostgresOperator.py took 0.322 seconds
[2022-07-30 16:52:26,759] {processor.py:153} INFO - Started process (PID=1293) to work on /opt/airflow/dags/operators/PostgresOperator.py
[2022-07-30 16:52:26,760] {processor.py:641} INFO - Processing file /opt/airflow/dags/operators/PostgresOperator.py for tasks to queue
[2022-07-30 16:52:26,761] {logging_mixin.py:115} INFO - [2022-07-30 16:52:26,761] {dagbag.py:507} INFO - Filling up the DagBag from /opt/airflow/dags/operators/PostgresOperator.py
[2022-07-30 16:52:26,822] {processor.py:651} INFO - DAG(s) dict_keys(['postgres_operator']) retrieved from /opt/airflow/dags/operators/PostgresOperator.py
[2022-07-30 16:52:26,870] {logging_mixin.py:115} INFO - [2022-07-30 16:52:26,870] {dag.py:2379} INFO - Sync 1 DAGs
[2022-07-30 16:52:26,976] {logging_mixin.py:115} INFO - [2022-07-30 16:52:26,976] {dag.py:2931} INFO - Setting next_dagrun for postgres_operator to 2022-07-29T00:00:00+00:00, run_after=2022-07-30T00:00:00+00:00
[2022-07-30 16:52:27,029] {processor.py:161} INFO - Processing /opt/airflow/dags/operators/PostgresOperator.py took 0.278 seconds
[2022-07-30 16:52:57,450] {processor.py:153} INFO - Started process (PID=1364) to work on /opt/airflow/dags/operators/PostgresOperator.py
[2022-07-30 16:52:57,451] {processor.py:641} INFO - Processing file /opt/airflow/dags/operators/PostgresOperator.py for tasks to queue
[2022-07-30 16:52:57,452] {logging_mixin.py:115} INFO - [2022-07-30 16:52:57,452] {dagbag.py:507} INFO - Filling up the DagBag from /opt/airflow/dags/operators/PostgresOperator.py
[2022-07-30 16:52:57,501] {processor.py:651} INFO - DAG(s) dict_keys(['postgres_operator']) retrieved from /opt/airflow/dags/operators/PostgresOperator.py
[2022-07-30 16:52:57,557] {logging_mixin.py:115} INFO - [2022-07-30 16:52:57,556] {dag.py:2379} INFO - Sync 1 DAGs
[2022-07-30 16:52:57,598] {logging_mixin.py:115} INFO - [2022-07-30 16:52:57,597] {dag.py:2931} INFO - Setting next_dagrun for postgres_operator to 2022-07-29T00:00:00+00:00, run_after=2022-07-30T00:00:00+00:00
[2022-07-30 16:52:57,613] {processor.py:161} INFO - Processing /opt/airflow/dags/operators/PostgresOperator.py took 0.169 seconds
[2022-07-30 16:53:27,774] {processor.py:153} INFO - Started process (PID=1452) to work on /opt/airflow/dags/operators/PostgresOperator.py
[2022-07-30 16:53:27,776] {processor.py:641} INFO - Processing file /opt/airflow/dags/operators/PostgresOperator.py for tasks to queue
[2022-07-30 16:53:27,776] {logging_mixin.py:115} INFO - [2022-07-30 16:53:27,776] {dagbag.py:507} INFO - Filling up the DagBag from /opt/airflow/dags/operators/PostgresOperator.py
[2022-07-30 16:53:27,805] {processor.py:651} INFO - DAG(s) dict_keys(['postgres_operator']) retrieved from /opt/airflow/dags/operators/PostgresOperator.py
[2022-07-30 16:53:27,892] {logging_mixin.py:115} INFO - [2022-07-30 16:53:27,892] {dag.py:2379} INFO - Sync 1 DAGs
[2022-07-30 16:53:27,955] {logging_mixin.py:115} INFO - [2022-07-30 16:53:27,954] {dag.py:2931} INFO - Setting next_dagrun for postgres_operator to 2022-07-29T00:00:00+00:00, run_after=2022-07-30T00:00:00+00:00
[2022-07-30 16:53:27,983] {processor.py:161} INFO - Processing /opt/airflow/dags/operators/PostgresOperator.py took 0.213 seconds
[2022-07-30 16:53:58,828] {processor.py:153} INFO - Started process (PID=1529) to work on /opt/airflow/dags/operators/PostgresOperator.py
[2022-07-30 16:53:58,828] {processor.py:641} INFO - Processing file /opt/airflow/dags/operators/PostgresOperator.py for tasks to queue
[2022-07-30 16:53:58,829] {logging_mixin.py:115} INFO - [2022-07-30 16:53:58,829] {dagbag.py:507} INFO - Filling up the DagBag from /opt/airflow/dags/operators/PostgresOperator.py
[2022-07-30 16:53:58,870] {processor.py:651} INFO - DAG(s) dict_keys(['postgres_operator']) retrieved from /opt/airflow/dags/operators/PostgresOperator.py
[2022-07-30 16:53:58,909] {logging_mixin.py:115} INFO - [2022-07-30 16:53:58,909] {dag.py:2379} INFO - Sync 1 DAGs
[2022-07-30 16:53:58,947] {logging_mixin.py:115} INFO - [2022-07-30 16:53:58,946] {dag.py:2931} INFO - Setting next_dagrun for postgres_operator to 2022-07-29T00:00:00+00:00, run_after=2022-07-30T00:00:00+00:00
[2022-07-30 16:53:58,971] {processor.py:161} INFO - Processing /opt/airflow/dags/operators/PostgresOperator.py took 0.147 seconds
[2022-07-30 16:54:29,050] {processor.py:153} INFO - Started process (PID=1603) to work on /opt/airflow/dags/operators/PostgresOperator.py
[2022-07-30 16:54:29,051] {processor.py:641} INFO - Processing file /opt/airflow/dags/operators/PostgresOperator.py for tasks to queue
[2022-07-30 16:54:29,052] {logging_mixin.py:115} INFO - [2022-07-30 16:54:29,052] {dagbag.py:507} INFO - Filling up the DagBag from /opt/airflow/dags/operators/PostgresOperator.py
[2022-07-30 16:54:29,081] {processor.py:651} INFO - DAG(s) dict_keys(['postgres_operator']) retrieved from /opt/airflow/dags/operators/PostgresOperator.py
[2022-07-30 16:54:29,111] {logging_mixin.py:115} INFO - [2022-07-30 16:54:29,111] {dag.py:2379} INFO - Sync 1 DAGs
[2022-07-30 16:54:29,266] {logging_mixin.py:115} INFO - [2022-07-30 16:54:29,266] {dag.py:2931} INFO - Setting next_dagrun for postgres_operator to 2022-07-29T00:00:00+00:00, run_after=2022-07-30T00:00:00+00:00
[2022-07-30 16:54:29,276] {processor.py:161} INFO - Processing /opt/airflow/dags/operators/PostgresOperator.py took 0.229 seconds
[2022-07-30 16:54:59,350] {processor.py:153} INFO - Started process (PID=1687) to work on /opt/airflow/dags/operators/PostgresOperator.py
[2022-07-30 16:54:59,351] {processor.py:641} INFO - Processing file /opt/airflow/dags/operators/PostgresOperator.py for tasks to queue
[2022-07-30 16:54:59,352] {logging_mixin.py:115} INFO - [2022-07-30 16:54:59,351] {dagbag.py:507} INFO - Filling up the DagBag from /opt/airflow/dags/operators/PostgresOperator.py
[2022-07-30 16:54:59,413] {processor.py:651} INFO - DAG(s) dict_keys(['postgres_operator']) retrieved from /opt/airflow/dags/operators/PostgresOperator.py
[2022-07-30 16:54:59,472] {logging_mixin.py:115} INFO - [2022-07-30 16:54:59,472] {dag.py:2379} INFO - Sync 1 DAGs
[2022-07-30 16:54:59,701] {logging_mixin.py:115} INFO - [2022-07-30 16:54:59,701] {dag.py:2931} INFO - Setting next_dagrun for postgres_operator to 2022-07-29T00:00:00+00:00, run_after=2022-07-30T00:00:00+00:00
[2022-07-30 16:54:59,715] {processor.py:161} INFO - Processing /opt/airflow/dags/operators/PostgresOperator.py took 0.379 seconds
[2022-07-30 16:55:29,912] {processor.py:153} INFO - Started process (PID=1764) to work on /opt/airflow/dags/operators/PostgresOperator.py
[2022-07-30 16:55:29,913] {processor.py:641} INFO - Processing file /opt/airflow/dags/operators/PostgresOperator.py for tasks to queue
[2022-07-30 16:55:29,913] {logging_mixin.py:115} INFO - [2022-07-30 16:55:29,913] {dagbag.py:507} INFO - Filling up the DagBag from /opt/airflow/dags/operators/PostgresOperator.py
[2022-07-30 16:55:29,943] {processor.py:651} INFO - DAG(s) dict_keys(['postgres_operator']) retrieved from /opt/airflow/dags/operators/PostgresOperator.py
[2022-07-30 16:55:29,974] {logging_mixin.py:115} INFO - [2022-07-30 16:55:29,974] {dag.py:2379} INFO - Sync 1 DAGs
[2022-07-30 16:55:30,133] {logging_mixin.py:115} INFO - [2022-07-30 16:55:30,133] {dag.py:2931} INFO - Setting next_dagrun for postgres_operator to 2022-07-29T00:00:00+00:00, run_after=2022-07-30T00:00:00+00:00
[2022-07-30 16:55:30,144] {processor.py:161} INFO - Processing /opt/airflow/dags/operators/PostgresOperator.py took 0.236 seconds
[2022-07-30 16:56:00,280] {processor.py:153} INFO - Started process (PID=1839) to work on /opt/airflow/dags/operators/PostgresOperator.py
[2022-07-30 16:56:00,281] {processor.py:641} INFO - Processing file /opt/airflow/dags/operators/PostgresOperator.py for tasks to queue
[2022-07-30 16:56:00,282] {logging_mixin.py:115} INFO - [2022-07-30 16:56:00,282] {dagbag.py:507} INFO - Filling up the DagBag from /opt/airflow/dags/operators/PostgresOperator.py
[2022-07-30 16:56:00,366] {processor.py:651} INFO - DAG(s) dict_keys(['postgres_operator']) retrieved from /opt/airflow/dags/operators/PostgresOperator.py
[2022-07-30 16:56:00,430] {logging_mixin.py:115} INFO - [2022-07-30 16:56:00,430] {dag.py:2379} INFO - Sync 1 DAGs
[2022-07-30 16:56:00,658] {logging_mixin.py:115} INFO - [2022-07-30 16:56:00,658] {dag.py:2931} INFO - Setting next_dagrun for postgres_operator to 2022-07-29T00:00:00+00:00, run_after=2022-07-30T00:00:00+00:00
[2022-07-30 16:56:00,677] {processor.py:161} INFO - Processing /opt/airflow/dags/operators/PostgresOperator.py took 0.406 seconds
[2022-07-30 16:56:30,823] {processor.py:153} INFO - Started process (PID=1922) to work on /opt/airflow/dags/operators/PostgresOperator.py
[2022-07-30 16:56:30,828] {processor.py:641} INFO - Processing file /opt/airflow/dags/operators/PostgresOperator.py for tasks to queue
[2022-07-30 16:56:30,828] {logging_mixin.py:115} INFO - [2022-07-30 16:56:30,828] {dagbag.py:507} INFO - Filling up the DagBag from /opt/airflow/dags/operators/PostgresOperator.py
[2022-07-30 16:56:30,889] {processor.py:651} INFO - DAG(s) dict_keys(['postgres_operator']) retrieved from /opt/airflow/dags/operators/PostgresOperator.py
[2022-07-30 16:56:30,956] {logging_mixin.py:115} INFO - [2022-07-30 16:56:30,956] {dag.py:2379} INFO - Sync 1 DAGs
[2022-07-30 16:56:31,117] {logging_mixin.py:115} INFO - [2022-07-30 16:56:31,117] {dag.py:2931} INFO - Setting next_dagrun for postgres_operator to 2022-07-29T00:00:00+00:00, run_after=2022-07-30T00:00:00+00:00
[2022-07-30 16:56:31,128] {processor.py:161} INFO - Processing /opt/airflow/dags/operators/PostgresOperator.py took 0.312 seconds
[2022-07-30 16:57:01,185] {processor.py:153} INFO - Started process (PID=1996) to work on /opt/airflow/dags/operators/PostgresOperator.py
[2022-07-30 16:57:01,186] {processor.py:641} INFO - Processing file /opt/airflow/dags/operators/PostgresOperator.py for tasks to queue
[2022-07-30 16:57:01,186] {logging_mixin.py:115} INFO - [2022-07-30 16:57:01,186] {dagbag.py:507} INFO - Filling up the DagBag from /opt/airflow/dags/operators/PostgresOperator.py
[2022-07-30 16:57:01,241] {processor.py:651} INFO - DAG(s) dict_keys(['postgres_operator']) retrieved from /opt/airflow/dags/operators/PostgresOperator.py
[2022-07-30 16:57:01,288] {logging_mixin.py:115} INFO - [2022-07-30 16:57:01,288] {dag.py:2379} INFO - Sync 1 DAGs
[2022-07-30 16:57:01,470] {logging_mixin.py:115} INFO - [2022-07-30 16:57:01,469] {dag.py:2931} INFO - Setting next_dagrun for postgres_operator to 2022-07-29T00:00:00+00:00, run_after=2022-07-30T00:00:00+00:00
[2022-07-30 16:57:01,485] {processor.py:161} INFO - Processing /opt/airflow/dags/operators/PostgresOperator.py took 0.304 seconds
[2022-07-30 16:57:32,253] {processor.py:153} INFO - Started process (PID=2077) to work on /opt/airflow/dags/operators/PostgresOperator.py
[2022-07-30 16:57:32,258] {processor.py:641} INFO - Processing file /opt/airflow/dags/operators/PostgresOperator.py for tasks to queue
[2022-07-30 16:57:32,259] {logging_mixin.py:115} INFO - [2022-07-30 16:57:32,259] {dagbag.py:507} INFO - Filling up the DagBag from /opt/airflow/dags/operators/PostgresOperator.py
[2022-07-30 16:57:32,323] {processor.py:651} INFO - DAG(s) dict_keys(['postgres_operator']) retrieved from /opt/airflow/dags/operators/PostgresOperator.py
[2022-07-30 16:57:32,367] {logging_mixin.py:115} INFO - [2022-07-30 16:57:32,367] {dag.py:2379} INFO - Sync 1 DAGs
[2022-07-30 16:57:32,552] {logging_mixin.py:115} INFO - [2022-07-30 16:57:32,552] {dag.py:2931} INFO - Setting next_dagrun for postgres_operator to 2022-07-29T00:00:00+00:00, run_after=2022-07-30T00:00:00+00:00
[2022-07-30 16:57:32,562] {processor.py:161} INFO - Processing /opt/airflow/dags/operators/PostgresOperator.py took 0.317 seconds
[2022-07-30 16:58:02,706] {processor.py:153} INFO - Started process (PID=2157) to work on /opt/airflow/dags/operators/PostgresOperator.py
[2022-07-30 16:58:02,706] {processor.py:641} INFO - Processing file /opt/airflow/dags/operators/PostgresOperator.py for tasks to queue
[2022-07-30 16:58:02,707] {logging_mixin.py:115} INFO - [2022-07-30 16:58:02,707] {dagbag.py:507} INFO - Filling up the DagBag from /opt/airflow/dags/operators/PostgresOperator.py
[2022-07-30 16:58:02,820] {processor.py:651} INFO - DAG(s) dict_keys(['postgres_operator']) retrieved from /opt/airflow/dags/operators/PostgresOperator.py
[2022-07-30 16:58:02,933] {logging_mixin.py:115} INFO - [2022-07-30 16:58:02,933] {dag.py:2379} INFO - Sync 1 DAGs
[2022-07-30 16:58:03,234] {logging_mixin.py:115} INFO - [2022-07-30 16:58:03,234] {dag.py:2931} INFO - Setting next_dagrun for postgres_operator to 2022-07-29T00:00:00+00:00, run_after=2022-07-30T00:00:00+00:00
[2022-07-30 16:58:03,267] {processor.py:161} INFO - Processing /opt/airflow/dags/operators/PostgresOperator.py took 0.570 seconds
[2022-07-30 16:58:34,037] {processor.py:153} INFO - Started process (PID=2233) to work on /opt/airflow/dags/operators/PostgresOperator.py
[2022-07-30 16:58:34,039] {processor.py:641} INFO - Processing file /opt/airflow/dags/operators/PostgresOperator.py for tasks to queue
[2022-07-30 16:58:34,040] {logging_mixin.py:115} INFO - [2022-07-30 16:58:34,040] {dagbag.py:507} INFO - Filling up the DagBag from /opt/airflow/dags/operators/PostgresOperator.py
[2022-07-30 16:58:34,078] {processor.py:651} INFO - DAG(s) dict_keys(['postgres_operator']) retrieved from /opt/airflow/dags/operators/PostgresOperator.py
[2022-07-30 16:58:34,127] {logging_mixin.py:115} INFO - [2022-07-30 16:58:34,127] {dag.py:2379} INFO - Sync 1 DAGs
[2022-07-30 16:58:34,360] {logging_mixin.py:115} INFO - [2022-07-30 16:58:34,360] {dag.py:2931} INFO - Setting next_dagrun for postgres_operator to 2022-07-29T00:00:00+00:00, run_after=2022-07-30T00:00:00+00:00
[2022-07-30 16:58:34,377] {processor.py:161} INFO - Processing /opt/airflow/dags/operators/PostgresOperator.py took 0.343 seconds
[2022-07-30 16:59:04,861] {processor.py:153} INFO - Started process (PID=2318) to work on /opt/airflow/dags/operators/PostgresOperator.py
[2022-07-30 16:59:04,861] {processor.py:641} INFO - Processing file /opt/airflow/dags/operators/PostgresOperator.py for tasks to queue
[2022-07-30 16:59:04,862] {logging_mixin.py:115} INFO - [2022-07-30 16:59:04,861] {dagbag.py:507} INFO - Filling up the DagBag from /opt/airflow/dags/operators/PostgresOperator.py
[2022-07-30 16:59:04,882] {processor.py:651} INFO - DAG(s) dict_keys(['postgres_operator']) retrieved from /opt/airflow/dags/operators/PostgresOperator.py
[2022-07-30 16:59:04,904] {logging_mixin.py:115} INFO - [2022-07-30 16:59:04,904] {dag.py:2379} INFO - Sync 1 DAGs
[2022-07-30 16:59:05,056] {logging_mixin.py:115} INFO - [2022-07-30 16:59:05,056] {dag.py:2931} INFO - Setting next_dagrun for postgres_operator to 2022-07-29T00:00:00+00:00, run_after=2022-07-30T00:00:00+00:00
[2022-07-30 16:59:05,068] {processor.py:161} INFO - Processing /opt/airflow/dags/operators/PostgresOperator.py took 0.210 seconds
[2022-07-30 16:59:35,920] {processor.py:153} INFO - Started process (PID=2394) to work on /opt/airflow/dags/operators/PostgresOperator.py
[2022-07-30 16:59:35,921] {processor.py:641} INFO - Processing file /opt/airflow/dags/operators/PostgresOperator.py for tasks to queue
[2022-07-30 16:59:35,922] {logging_mixin.py:115} INFO - [2022-07-30 16:59:35,922] {dagbag.py:507} INFO - Filling up the DagBag from /opt/airflow/dags/operators/PostgresOperator.py
[2022-07-30 16:59:35,944] {processor.py:651} INFO - DAG(s) dict_keys(['postgres_operator']) retrieved from /opt/airflow/dags/operators/PostgresOperator.py
[2022-07-30 16:59:35,969] {logging_mixin.py:115} INFO - [2022-07-30 16:59:35,969] {dag.py:2379} INFO - Sync 1 DAGs
[2022-07-30 16:59:36,131] {logging_mixin.py:115} INFO - [2022-07-30 16:59:36,131] {dag.py:2931} INFO - Setting next_dagrun for postgres_operator to 2022-07-29T00:00:00+00:00, run_after=2022-07-30T00:00:00+00:00
[2022-07-30 16:59:36,142] {processor.py:161} INFO - Processing /opt/airflow/dags/operators/PostgresOperator.py took 0.225 seconds
[2022-07-30 17:00:06,267] {processor.py:153} INFO - Started process (PID=2469) to work on /opt/airflow/dags/operators/PostgresOperator.py
[2022-07-30 17:00:06,267] {processor.py:641} INFO - Processing file /opt/airflow/dags/operators/PostgresOperator.py for tasks to queue
[2022-07-30 17:00:06,268] {logging_mixin.py:115} INFO - [2022-07-30 17:00:06,268] {dagbag.py:507} INFO - Filling up the DagBag from /opt/airflow/dags/operators/PostgresOperator.py
[2022-07-30 17:00:06,316] {processor.py:651} INFO - DAG(s) dict_keys(['postgres_operator']) retrieved from /opt/airflow/dags/operators/PostgresOperator.py
[2022-07-30 17:00:06,348] {logging_mixin.py:115} INFO - [2022-07-30 17:00:06,347] {dag.py:2379} INFO - Sync 1 DAGs
[2022-07-30 17:00:06,715] {logging_mixin.py:115} INFO - [2022-07-30 17:00:06,714] {dag.py:2931} INFO - Setting next_dagrun for postgres_operator to 2022-07-29T00:00:00+00:00, run_after=2022-07-30T00:00:00+00:00
[2022-07-30 17:00:06,729] {processor.py:161} INFO - Processing /opt/airflow/dags/operators/PostgresOperator.py took 0.468 seconds
[2022-07-30 17:00:36,872] {processor.py:153} INFO - Started process (PID=2552) to work on /opt/airflow/dags/operators/PostgresOperator.py
[2022-07-30 17:00:36,873] {processor.py:641} INFO - Processing file /opt/airflow/dags/operators/PostgresOperator.py for tasks to queue
[2022-07-30 17:00:36,873] {logging_mixin.py:115} INFO - [2022-07-30 17:00:36,873] {dagbag.py:507} INFO - Filling up the DagBag from /opt/airflow/dags/operators/PostgresOperator.py
[2022-07-30 17:00:36,893] {processor.py:651} INFO - DAG(s) dict_keys(['postgres_operator']) retrieved from /opt/airflow/dags/operators/PostgresOperator.py
[2022-07-30 17:00:36,916] {logging_mixin.py:115} INFO - [2022-07-30 17:00:36,915] {dag.py:2379} INFO - Sync 1 DAGs
[2022-07-30 17:00:37,063] {logging_mixin.py:115} INFO - [2022-07-30 17:00:37,063] {dag.py:2931} INFO - Setting next_dagrun for postgres_operator to 2022-07-29T00:00:00+00:00, run_after=2022-07-30T00:00:00+00:00
[2022-07-30 17:00:37,073] {processor.py:161} INFO - Processing /opt/airflow/dags/operators/PostgresOperator.py took 0.204 seconds
[2022-07-30 17:01:07,173] {processor.py:153} INFO - Started process (PID=2628) to work on /opt/airflow/dags/operators/PostgresOperator.py
[2022-07-30 17:01:07,174] {processor.py:641} INFO - Processing file /opt/airflow/dags/operators/PostgresOperator.py for tasks to queue
[2022-07-30 17:01:07,175] {logging_mixin.py:115} INFO - [2022-07-30 17:01:07,174] {dagbag.py:507} INFO - Filling up the DagBag from /opt/airflow/dags/operators/PostgresOperator.py
[2022-07-30 17:01:07,236] {processor.py:651} INFO - DAG(s) dict_keys(['postgres_operator']) retrieved from /opt/airflow/dags/operators/PostgresOperator.py
[2022-07-30 17:01:07,268] {logging_mixin.py:115} INFO - [2022-07-30 17:01:07,268] {dag.py:2379} INFO - Sync 1 DAGs
[2022-07-30 17:01:07,502] {logging_mixin.py:115} INFO - [2022-07-30 17:01:07,502] {dag.py:2931} INFO - Setting next_dagrun for postgres_operator to 2022-07-29T00:00:00+00:00, run_after=2022-07-30T00:00:00+00:00
[2022-07-30 17:01:07,521] {processor.py:161} INFO - Processing /opt/airflow/dags/operators/PostgresOperator.py took 0.351 seconds
[2022-07-30 17:01:38,298] {processor.py:153} INFO - Started process (PID=2700) to work on /opt/airflow/dags/operators/PostgresOperator.py
[2022-07-30 17:01:38,299] {processor.py:641} INFO - Processing file /opt/airflow/dags/operators/PostgresOperator.py for tasks to queue
[2022-07-30 17:01:38,299] {logging_mixin.py:115} INFO - [2022-07-30 17:01:38,299] {dagbag.py:507} INFO - Filling up the DagBag from /opt/airflow/dags/operators/PostgresOperator.py
[2022-07-30 17:01:38,328] {processor.py:651} INFO - DAG(s) dict_keys(['postgres_operator']) retrieved from /opt/airflow/dags/operators/PostgresOperator.py
[2022-07-30 17:01:38,360] {logging_mixin.py:115} INFO - [2022-07-30 17:01:38,360] {dag.py:2379} INFO - Sync 1 DAGs
[2022-07-30 17:01:38,557] {logging_mixin.py:115} INFO - [2022-07-30 17:01:38,557] {dag.py:2931} INFO - Setting next_dagrun for postgres_operator to 2022-07-29T00:00:00+00:00, run_after=2022-07-30T00:00:00+00:00
[2022-07-30 17:01:38,572] {processor.py:161} INFO - Processing /opt/airflow/dags/operators/PostgresOperator.py took 0.278 seconds
[2022-07-30 17:02:09,038] {processor.py:153} INFO - Started process (PID=2787) to work on /opt/airflow/dags/operators/PostgresOperator.py
[2022-07-30 17:02:09,038] {processor.py:641} INFO - Processing file /opt/airflow/dags/operators/PostgresOperator.py for tasks to queue
[2022-07-30 17:02:09,039] {logging_mixin.py:115} INFO - [2022-07-30 17:02:09,039] {dagbag.py:507} INFO - Filling up the DagBag from /opt/airflow/dags/operators/PostgresOperator.py
[2022-07-30 17:02:09,075] {processor.py:651} INFO - DAG(s) dict_keys(['postgres_operator']) retrieved from /opt/airflow/dags/operators/PostgresOperator.py
[2022-07-30 17:02:09,111] {logging_mixin.py:115} INFO - [2022-07-30 17:02:09,111] {dag.py:2379} INFO - Sync 1 DAGs
[2022-07-30 17:02:09,309] {logging_mixin.py:115} INFO - [2022-07-30 17:02:09,309] {dag.py:2931} INFO - Setting next_dagrun for postgres_operator to 2022-07-29T00:00:00+00:00, run_after=2022-07-30T00:00:00+00:00
[2022-07-30 17:02:09,321] {processor.py:161} INFO - Processing /opt/airflow/dags/operators/PostgresOperator.py took 0.287 seconds
[2022-07-30 17:02:39,389] {processor.py:153} INFO - Started process (PID=2863) to work on /opt/airflow/dags/operators/PostgresOperator.py
[2022-07-30 17:02:39,390] {processor.py:641} INFO - Processing file /opt/airflow/dags/operators/PostgresOperator.py for tasks to queue
[2022-07-30 17:02:39,391] {logging_mixin.py:115} INFO - [2022-07-30 17:02:39,391] {dagbag.py:507} INFO - Filling up the DagBag from /opt/airflow/dags/operators/PostgresOperator.py
[2022-07-30 17:02:39,434] {processor.py:651} INFO - DAG(s) dict_keys(['postgres_operator']) retrieved from /opt/airflow/dags/operators/PostgresOperator.py
[2022-07-30 17:02:39,491] {logging_mixin.py:115} INFO - [2022-07-30 17:02:39,491] {dag.py:2379} INFO - Sync 1 DAGs
[2022-07-30 17:02:39,744] {logging_mixin.py:115} INFO - [2022-07-30 17:02:39,744] {dag.py:2931} INFO - Setting next_dagrun for postgres_operator to 2022-07-29T00:00:00+00:00, run_after=2022-07-30T00:00:00+00:00
[2022-07-30 17:02:39,771] {processor.py:161} INFO - Processing /opt/airflow/dags/operators/PostgresOperator.py took 0.387 seconds
[2022-07-30 17:03:09,847] {processor.py:153} INFO - Started process (PID=2946) to work on /opt/airflow/dags/operators/PostgresOperator.py
[2022-07-30 17:03:09,888] {processor.py:641} INFO - Processing file /opt/airflow/dags/operators/PostgresOperator.py for tasks to queue
[2022-07-30 17:03:09,889] {logging_mixin.py:115} INFO - [2022-07-30 17:03:09,889] {dagbag.py:507} INFO - Filling up the DagBag from /opt/airflow/dags/operators/PostgresOperator.py
[2022-07-30 17:03:09,984] {processor.py:651} INFO - DAG(s) dict_keys(['postgres_operator']) retrieved from /opt/airflow/dags/operators/PostgresOperator.py
[2022-07-30 17:03:10,024] {logging_mixin.py:115} INFO - [2022-07-30 17:03:10,024] {dag.py:2379} INFO - Sync 1 DAGs
[2022-07-30 17:03:10,387] {logging_mixin.py:115} INFO - [2022-07-30 17:03:10,387] {dag.py:2931} INFO - Setting next_dagrun for postgres_operator to 2022-07-29T00:00:00+00:00, run_after=2022-07-30T00:00:00+00:00
[2022-07-30 17:03:10,418] {processor.py:161} INFO - Processing /opt/airflow/dags/operators/PostgresOperator.py took 0.574 seconds
[2022-07-30 17:03:41,164] {processor.py:153} INFO - Started process (PID=3023) to work on /opt/airflow/dags/operators/PostgresOperator.py
[2022-07-30 17:03:41,165] {processor.py:641} INFO - Processing file /opt/airflow/dags/operators/PostgresOperator.py for tasks to queue
[2022-07-30 17:03:41,166] {logging_mixin.py:115} INFO - [2022-07-30 17:03:41,166] {dagbag.py:507} INFO - Filling up the DagBag from /opt/airflow/dags/operators/PostgresOperator.py
[2022-07-30 17:03:41,186] {processor.py:651} INFO - DAG(s) dict_keys(['postgres_operator']) retrieved from /opt/airflow/dags/operators/PostgresOperator.py
[2022-07-30 17:03:41,210] {logging_mixin.py:115} INFO - [2022-07-30 17:03:41,210] {dag.py:2379} INFO - Sync 1 DAGs
[2022-07-30 17:03:41,360] {logging_mixin.py:115} INFO - [2022-07-30 17:03:41,360] {dag.py:2931} INFO - Setting next_dagrun for postgres_operator to 2022-07-29T00:00:00+00:00, run_after=2022-07-30T00:00:00+00:00
[2022-07-30 17:03:41,370] {processor.py:161} INFO - Processing /opt/airflow/dags/operators/PostgresOperator.py took 0.208 seconds
[2022-07-30 17:04:11,616] {processor.py:153} INFO - Started process (PID=3095) to work on /opt/airflow/dags/operators/PostgresOperator.py
[2022-07-30 17:04:11,617] {processor.py:641} INFO - Processing file /opt/airflow/dags/operators/PostgresOperator.py for tasks to queue
[2022-07-30 17:04:11,617] {logging_mixin.py:115} INFO - [2022-07-30 17:04:11,617] {dagbag.py:507} INFO - Filling up the DagBag from /opt/airflow/dags/operators/PostgresOperator.py
[2022-07-30 17:04:11,646] {processor.py:651} INFO - DAG(s) dict_keys(['postgres_operator']) retrieved from /opt/airflow/dags/operators/PostgresOperator.py
[2022-07-30 17:04:11,686] {logging_mixin.py:115} INFO - [2022-07-30 17:04:11,685] {dag.py:2379} INFO - Sync 1 DAGs
[2022-07-30 17:04:11,978] {logging_mixin.py:115} INFO - [2022-07-30 17:04:11,978] {dag.py:2931} INFO - Setting next_dagrun for postgres_operator to 2022-07-29T00:00:00+00:00, run_after=2022-07-30T00:00:00+00:00
[2022-07-30 17:04:12,008] {processor.py:161} INFO - Processing /opt/airflow/dags/operators/PostgresOperator.py took 0.396 seconds
[2022-07-30 17:04:42,336] {processor.py:153} INFO - Started process (PID=3180) to work on /opt/airflow/dags/operators/PostgresOperator.py
[2022-07-30 17:04:42,337] {processor.py:641} INFO - Processing file /opt/airflow/dags/operators/PostgresOperator.py for tasks to queue
[2022-07-30 17:04:42,338] {logging_mixin.py:115} INFO - [2022-07-30 17:04:42,337] {dagbag.py:507} INFO - Filling up the DagBag from /opt/airflow/dags/operators/PostgresOperator.py
[2022-07-30 17:04:42,359] {processor.py:651} INFO - DAG(s) dict_keys(['postgres_operator']) retrieved from /opt/airflow/dags/operators/PostgresOperator.py
[2022-07-30 17:04:42,385] {logging_mixin.py:115} INFO - [2022-07-30 17:04:42,385] {dag.py:2379} INFO - Sync 1 DAGs
[2022-07-30 17:04:42,538] {logging_mixin.py:115} INFO - [2022-07-30 17:04:42,538] {dag.py:2931} INFO - Setting next_dagrun for postgres_operator to 2022-07-29T00:00:00+00:00, run_after=2022-07-30T00:00:00+00:00
[2022-07-30 17:04:42,548] {processor.py:161} INFO - Processing /opt/airflow/dags/operators/PostgresOperator.py took 0.215 seconds
[2022-07-30 17:05:13,024] {processor.py:153} INFO - Started process (PID=3254) to work on /opt/airflow/dags/operators/PostgresOperator.py
[2022-07-30 17:05:13,024] {processor.py:641} INFO - Processing file /opt/airflow/dags/operators/PostgresOperator.py for tasks to queue
[2022-07-30 17:05:13,025] {logging_mixin.py:115} INFO - [2022-07-30 17:05:13,025] {dagbag.py:507} INFO - Filling up the DagBag from /opt/airflow/dags/operators/PostgresOperator.py
[2022-07-30 17:05:13,070] {processor.py:651} INFO - DAG(s) dict_keys(['postgres_operator']) retrieved from /opt/airflow/dags/operators/PostgresOperator.py
[2022-07-30 17:05:13,126] {logging_mixin.py:115} INFO - [2022-07-30 17:05:13,126] {dag.py:2379} INFO - Sync 1 DAGs
[2022-07-30 17:05:13,394] {logging_mixin.py:115} INFO - [2022-07-30 17:05:13,394] {dag.py:2931} INFO - Setting next_dagrun for postgres_operator to 2022-07-29T00:00:00+00:00, run_after=2022-07-30T00:00:00+00:00
[2022-07-30 17:05:13,404] {processor.py:161} INFO - Processing /opt/airflow/dags/operators/PostgresOperator.py took 0.385 seconds
[2022-07-30 17:05:43,569] {processor.py:153} INFO - Started process (PID=3340) to work on /opt/airflow/dags/operators/PostgresOperator.py
[2022-07-30 17:05:43,570] {processor.py:641} INFO - Processing file /opt/airflow/dags/operators/PostgresOperator.py for tasks to queue
[2022-07-30 17:05:43,570] {logging_mixin.py:115} INFO - [2022-07-30 17:05:43,570] {dagbag.py:507} INFO - Filling up the DagBag from /opt/airflow/dags/operators/PostgresOperator.py
[2022-07-30 17:05:43,591] {processor.py:651} INFO - DAG(s) dict_keys(['postgres_operator']) retrieved from /opt/airflow/dags/operators/PostgresOperator.py
[2022-07-30 17:05:43,615] {logging_mixin.py:115} INFO - [2022-07-30 17:05:43,614] {dag.py:2379} INFO - Sync 1 DAGs
[2022-07-30 17:05:43,770] {logging_mixin.py:115} INFO - [2022-07-30 17:05:43,769] {dag.py:2931} INFO - Setting next_dagrun for postgres_operator to 2022-07-29T00:00:00+00:00, run_after=2022-07-30T00:00:00+00:00
[2022-07-30 17:05:43,779] {processor.py:161} INFO - Processing /opt/airflow/dags/operators/PostgresOperator.py took 0.213 seconds
[2022-07-30 17:06:14,546] {processor.py:153} INFO - Started process (PID=3419) to work on /opt/airflow/dags/operators/PostgresOperator.py
[2022-07-30 17:06:14,546] {processor.py:641} INFO - Processing file /opt/airflow/dags/operators/PostgresOperator.py for tasks to queue
[2022-07-30 17:06:14,547] {logging_mixin.py:115} INFO - [2022-07-30 17:06:14,547] {dagbag.py:507} INFO - Filling up the DagBag from /opt/airflow/dags/operators/PostgresOperator.py
[2022-07-30 17:06:14,592] {processor.py:651} INFO - DAG(s) dict_keys(['postgres_operator']) retrieved from /opt/airflow/dags/operators/PostgresOperator.py
[2022-07-30 17:06:14,624] {logging_mixin.py:115} INFO - [2022-07-30 17:06:14,624] {dag.py:2379} INFO - Sync 1 DAGs
[2022-07-30 17:06:14,818] {logging_mixin.py:115} INFO - [2022-07-30 17:06:14,818] {dag.py:2931} INFO - Setting next_dagrun for postgres_operator to 2022-07-29T00:00:00+00:00, run_after=2022-07-30T00:00:00+00:00
[2022-07-30 17:06:14,833] {processor.py:161} INFO - Processing /opt/airflow/dags/operators/PostgresOperator.py took 0.293 seconds
[2022-07-30 17:06:45,042] {processor.py:153} INFO - Started process (PID=3503) to work on /opt/airflow/dags/operators/PostgresOperator.py
[2022-07-30 17:06:45,043] {processor.py:641} INFO - Processing file /opt/airflow/dags/operators/PostgresOperator.py for tasks to queue
[2022-07-30 17:06:45,044] {logging_mixin.py:115} INFO - [2022-07-30 17:06:45,044] {dagbag.py:507} INFO - Filling up the DagBag from /opt/airflow/dags/operators/PostgresOperator.py
[2022-07-30 17:06:45,064] {processor.py:651} INFO - DAG(s) dict_keys(['postgres_operator']) retrieved from /opt/airflow/dags/operators/PostgresOperator.py
[2022-07-30 17:06:45,086] {logging_mixin.py:115} INFO - [2022-07-30 17:06:45,086] {dag.py:2379} INFO - Sync 1 DAGs
[2022-07-30 17:06:45,233] {logging_mixin.py:115} INFO - [2022-07-30 17:06:45,233] {dag.py:2931} INFO - Setting next_dagrun for postgres_operator to 2022-07-29T00:00:00+00:00, run_after=2022-07-30T00:00:00+00:00
[2022-07-30 17:06:45,243] {processor.py:161} INFO - Processing /opt/airflow/dags/operators/PostgresOperator.py took 0.204 seconds
[2022-07-30 17:07:15,363] {processor.py:153} INFO - Started process (PID=3576) to work on /opt/airflow/dags/operators/PostgresOperator.py
[2022-07-30 17:07:15,364] {processor.py:641} INFO - Processing file /opt/airflow/dags/operators/PostgresOperator.py for tasks to queue
[2022-07-30 17:07:15,364] {logging_mixin.py:115} INFO - [2022-07-30 17:07:15,364] {dagbag.py:507} INFO - Filling up the DagBag from /opt/airflow/dags/operators/PostgresOperator.py
[2022-07-30 17:07:15,395] {processor.py:651} INFO - DAG(s) dict_keys(['postgres_operator']) retrieved from /opt/airflow/dags/operators/PostgresOperator.py
[2022-07-30 17:07:15,440] {logging_mixin.py:115} INFO - [2022-07-30 17:07:15,440] {dag.py:2379} INFO - Sync 1 DAGs
[2022-07-30 17:07:15,653] {logging_mixin.py:115} INFO - [2022-07-30 17:07:15,652] {dag.py:2931} INFO - Setting next_dagrun for postgres_operator to 2022-07-29T00:00:00+00:00, run_after=2022-07-30T00:00:00+00:00
[2022-07-30 17:07:15,668] {processor.py:161} INFO - Processing /opt/airflow/dags/operators/PostgresOperator.py took 0.308 seconds
[2022-07-30 17:07:45,750] {processor.py:153} INFO - Started process (PID=3657) to work on /opt/airflow/dags/operators/PostgresOperator.py
[2022-07-30 17:07:45,751] {processor.py:641} INFO - Processing file /opt/airflow/dags/operators/PostgresOperator.py for tasks to queue
[2022-07-30 17:07:45,752] {logging_mixin.py:115} INFO - [2022-07-30 17:07:45,752] {dagbag.py:507} INFO - Filling up the DagBag from /opt/airflow/dags/operators/PostgresOperator.py
[2022-07-30 17:07:45,785] {processor.py:651} INFO - DAG(s) dict_keys(['postgres_operator']) retrieved from /opt/airflow/dags/operators/PostgresOperator.py
[2022-07-30 17:07:45,827] {logging_mixin.py:115} INFO - [2022-07-30 17:07:45,827] {dag.py:2379} INFO - Sync 1 DAGs
[2022-07-30 17:07:46,068] {logging_mixin.py:115} INFO - [2022-07-30 17:07:46,068] {dag.py:2931} INFO - Setting next_dagrun for postgres_operator to 2022-07-29T00:00:00+00:00, run_after=2022-07-30T00:00:00+00:00
[2022-07-30 17:07:46,079] {processor.py:161} INFO - Processing /opt/airflow/dags/operators/PostgresOperator.py took 0.333 seconds
[2022-07-30 17:08:16,946] {processor.py:153} INFO - Started process (PID=3734) to work on /opt/airflow/dags/operators/PostgresOperator.py
[2022-07-30 17:08:16,947] {processor.py:641} INFO - Processing file /opt/airflow/dags/operators/PostgresOperator.py for tasks to queue
[2022-07-30 17:08:16,948] {logging_mixin.py:115} INFO - [2022-07-30 17:08:16,948] {dagbag.py:507} INFO - Filling up the DagBag from /opt/airflow/dags/operators/PostgresOperator.py
[2022-07-30 17:08:16,977] {processor.py:651} INFO - DAG(s) dict_keys(['postgres_operator']) retrieved from /opt/airflow/dags/operators/PostgresOperator.py
[2022-07-30 17:08:17,008] {logging_mixin.py:115} INFO - [2022-07-30 17:08:17,008] {dag.py:2379} INFO - Sync 1 DAGs
[2022-07-30 17:08:17,196] {logging_mixin.py:115} INFO - [2022-07-30 17:08:17,196] {dag.py:2931} INFO - Setting next_dagrun for postgres_operator to 2022-07-29T00:00:00+00:00, run_after=2022-07-30T00:00:00+00:00
[2022-07-30 17:08:17,209] {processor.py:161} INFO - Processing /opt/airflow/dags/operators/PostgresOperator.py took 0.267 seconds
[2022-07-30 17:08:47,847] {processor.py:153} INFO - Started process (PID=3820) to work on /opt/airflow/dags/operators/PostgresOperator.py
[2022-07-30 17:08:47,848] {processor.py:641} INFO - Processing file /opt/airflow/dags/operators/PostgresOperator.py for tasks to queue
[2022-07-30 17:08:47,849] {logging_mixin.py:115} INFO - [2022-07-30 17:08:47,849] {dagbag.py:507} INFO - Filling up the DagBag from /opt/airflow/dags/operators/PostgresOperator.py
[2022-07-30 17:08:47,881] {processor.py:651} INFO - DAG(s) dict_keys(['postgres_operator']) retrieved from /opt/airflow/dags/operators/PostgresOperator.py
[2022-07-30 17:08:47,915] {logging_mixin.py:115} INFO - [2022-07-30 17:08:47,915] {dag.py:2379} INFO - Sync 1 DAGs
[2022-07-30 17:08:48,097] {logging_mixin.py:115} INFO - [2022-07-30 17:08:48,097] {dag.py:2931} INFO - Setting next_dagrun for postgres_operator to 2022-07-29T00:00:00+00:00, run_after=2022-07-30T00:00:00+00:00
[2022-07-30 17:08:48,116] {processor.py:161} INFO - Processing /opt/airflow/dags/operators/PostgresOperator.py took 0.273 seconds
[2022-07-30 17:09:18,380] {processor.py:153} INFO - Started process (PID=3893) to work on /opt/airflow/dags/operators/PostgresOperator.py
[2022-07-30 17:09:18,381] {processor.py:641} INFO - Processing file /opt/airflow/dags/operators/PostgresOperator.py for tasks to queue
[2022-07-30 17:09:18,382] {logging_mixin.py:115} INFO - [2022-07-30 17:09:18,381] {dagbag.py:507} INFO - Filling up the DagBag from /opt/airflow/dags/operators/PostgresOperator.py
[2022-07-30 17:09:18,501] {processor.py:651} INFO - DAG(s) dict_keys(['postgres_operator']) retrieved from /opt/airflow/dags/operators/PostgresOperator.py
[2022-07-30 17:09:18,564] {logging_mixin.py:115} INFO - [2022-07-30 17:09:18,564] {dag.py:2379} INFO - Sync 1 DAGs
[2022-07-30 17:09:18,880] {logging_mixin.py:115} INFO - [2022-07-30 17:09:18,880] {dag.py:2931} INFO - Setting next_dagrun for postgres_operator to 2022-07-29T00:00:00+00:00, run_after=2022-07-30T00:00:00+00:00
[2022-07-30 17:09:18,894] {processor.py:161} INFO - Processing /opt/airflow/dags/operators/PostgresOperator.py took 0.530 seconds
[2022-07-30 17:09:49,064] {processor.py:153} INFO - Started process (PID=3974) to work on /opt/airflow/dags/operators/PostgresOperator.py
[2022-07-30 17:09:49,065] {processor.py:641} INFO - Processing file /opt/airflow/dags/operators/PostgresOperator.py for tasks to queue
[2022-07-30 17:09:49,066] {logging_mixin.py:115} INFO - [2022-07-30 17:09:49,066] {dagbag.py:507} INFO - Filling up the DagBag from /opt/airflow/dags/operators/PostgresOperator.py
[2022-07-30 17:09:49,100] {processor.py:651} INFO - DAG(s) dict_keys(['postgres_operator']) retrieved from /opt/airflow/dags/operators/PostgresOperator.py
[2022-07-30 17:09:49,135] {logging_mixin.py:115} INFO - [2022-07-30 17:09:49,135] {dag.py:2379} INFO - Sync 1 DAGs
[2022-07-30 17:09:49,356] {logging_mixin.py:115} INFO - [2022-07-30 17:09:49,356] {dag.py:2931} INFO - Setting next_dagrun for postgres_operator to 2022-07-29T00:00:00+00:00, run_after=2022-07-30T00:00:00+00:00
[2022-07-30 17:09:49,372] {processor.py:161} INFO - Processing /opt/airflow/dags/operators/PostgresOperator.py took 0.312 seconds
[2022-07-30 17:10:19,721] {processor.py:153} INFO - Started process (PID=4048) to work on /opt/airflow/dags/operators/PostgresOperator.py
[2022-07-30 17:10:19,723] {processor.py:641} INFO - Processing file /opt/airflow/dags/operators/PostgresOperator.py for tasks to queue
[2022-07-30 17:10:19,724] {logging_mixin.py:115} INFO - [2022-07-30 17:10:19,724] {dagbag.py:507} INFO - Filling up the DagBag from /opt/airflow/dags/operators/PostgresOperator.py
[2022-07-30 17:10:19,787] {processor.py:651} INFO - DAG(s) dict_keys(['postgres_operator']) retrieved from /opt/airflow/dags/operators/PostgresOperator.py
[2022-07-30 17:10:19,852] {logging_mixin.py:115} INFO - [2022-07-30 17:10:19,852] {dag.py:2379} INFO - Sync 1 DAGs
[2022-07-30 17:10:20,210] {logging_mixin.py:115} INFO - [2022-07-30 17:10:20,210] {dag.py:2931} INFO - Setting next_dagrun for postgres_operator to 2022-07-29T00:00:00+00:00, run_after=2022-07-30T00:00:00+00:00
[2022-07-30 17:10:20,236] {processor.py:161} INFO - Processing /opt/airflow/dags/operators/PostgresOperator.py took 0.523 seconds
[2022-07-30 17:10:50,407] {processor.py:153} INFO - Started process (PID=4139) to work on /opt/airflow/dags/operators/PostgresOperator.py
[2022-07-30 17:10:50,413] {processor.py:641} INFO - Processing file /opt/airflow/dags/operators/PostgresOperator.py for tasks to queue
[2022-07-30 17:10:50,413] {logging_mixin.py:115} INFO - [2022-07-30 17:10:50,413] {dagbag.py:507} INFO - Filling up the DagBag from /opt/airflow/dags/operators/PostgresOperator.py
[2022-07-30 17:10:50,504] {processor.py:651} INFO - DAG(s) dict_keys(['postgres_operator']) retrieved from /opt/airflow/dags/operators/PostgresOperator.py
[2022-07-30 17:10:50,547] {logging_mixin.py:115} INFO - [2022-07-30 17:10:50,547] {dag.py:2379} INFO - Sync 1 DAGs
[2022-07-30 17:10:50,810] {logging_mixin.py:115} INFO - [2022-07-30 17:10:50,810] {dag.py:2931} INFO - Setting next_dagrun for postgres_operator to 2022-07-29T00:00:00+00:00, run_after=2022-07-30T00:00:00+00:00
[2022-07-30 17:10:50,828] {processor.py:161} INFO - Processing /opt/airflow/dags/operators/PostgresOperator.py took 0.429 seconds
[2022-07-30 17:11:21,063] {processor.py:153} INFO - Started process (PID=4211) to work on /opt/airflow/dags/operators/PostgresOperator.py
[2022-07-30 17:11:21,064] {processor.py:641} INFO - Processing file /opt/airflow/dags/operators/PostgresOperator.py for tasks to queue
[2022-07-30 17:11:21,064] {logging_mixin.py:115} INFO - [2022-07-30 17:11:21,064] {dagbag.py:507} INFO - Filling up the DagBag from /opt/airflow/dags/operators/PostgresOperator.py
[2022-07-30 17:11:21,086] {processor.py:651} INFO - DAG(s) dict_keys(['postgres_operator']) retrieved from /opt/airflow/dags/operators/PostgresOperator.py
[2022-07-30 17:11:21,112] {logging_mixin.py:115} INFO - [2022-07-30 17:11:21,112] {dag.py:2379} INFO - Sync 1 DAGs
[2022-07-30 17:11:21,273] {logging_mixin.py:115} INFO - [2022-07-30 17:11:21,273] {dag.py:2931} INFO - Setting next_dagrun for postgres_operator to 2022-07-29T00:00:00+00:00, run_after=2022-07-30T00:00:00+00:00
[2022-07-30 17:11:21,284] {processor.py:161} INFO - Processing /opt/airflow/dags/operators/PostgresOperator.py took 0.224 seconds
[2022-07-30 17:11:51,630] {processor.py:153} INFO - Started process (PID=4290) to work on /opt/airflow/dags/operators/PostgresOperator.py
[2022-07-30 17:11:51,632] {processor.py:641} INFO - Processing file /opt/airflow/dags/operators/PostgresOperator.py for tasks to queue
[2022-07-30 17:11:51,632] {logging_mixin.py:115} INFO - [2022-07-30 17:11:51,632] {dagbag.py:507} INFO - Filling up the DagBag from /opt/airflow/dags/operators/PostgresOperator.py
[2022-07-30 17:11:51,769] {processor.py:651} INFO - DAG(s) dict_keys(['postgres_operator']) retrieved from /opt/airflow/dags/operators/PostgresOperator.py
[2022-07-30 17:11:51,940] {logging_mixin.py:115} INFO - [2022-07-30 17:11:51,940] {dag.py:2379} INFO - Sync 1 DAGs
[2022-07-30 17:11:52,738] {logging_mixin.py:115} INFO - [2022-07-30 17:11:52,738] {dag.py:2931} INFO - Setting next_dagrun for postgres_operator to 2022-07-29T00:00:00+00:00, run_after=2022-07-30T00:00:00+00:00
[2022-07-30 17:11:52,785] {processor.py:161} INFO - Processing /opt/airflow/dags/operators/PostgresOperator.py took 1.163 seconds
[2022-07-30 17:12:24,089] {processor.py:153} INFO - Started process (PID=4366) to work on /opt/airflow/dags/operators/PostgresOperator.py
[2022-07-30 17:12:24,090] {processor.py:641} INFO - Processing file /opt/airflow/dags/operators/PostgresOperator.py for tasks to queue
[2022-07-30 17:12:24,090] {logging_mixin.py:115} INFO - [2022-07-30 17:12:24,090] {dagbag.py:507} INFO - Filling up the DagBag from /opt/airflow/dags/operators/PostgresOperator.py
[2022-07-30 17:12:24,138] {processor.py:651} INFO - DAG(s) dict_keys(['postgres_operator']) retrieved from /opt/airflow/dags/operators/PostgresOperator.py
[2022-07-30 17:12:24,173] {logging_mixin.py:115} INFO - [2022-07-30 17:12:24,173] {dag.py:2379} INFO - Sync 1 DAGs
[2022-07-30 17:12:24,494] {logging_mixin.py:115} INFO - [2022-07-30 17:12:24,494] {dag.py:2931} INFO - Setting next_dagrun for postgres_operator to 2022-07-29T00:00:00+00:00, run_after=2022-07-30T00:00:00+00:00
[2022-07-30 17:12:24,524] {processor.py:161} INFO - Processing /opt/airflow/dags/operators/PostgresOperator.py took 0.439 seconds
[2022-07-30 17:12:55,223] {processor.py:153} INFO - Started process (PID=4439) to work on /opt/airflow/dags/operators/PostgresOperator.py
[2022-07-30 17:12:55,227] {processor.py:641} INFO - Processing file /opt/airflow/dags/operators/PostgresOperator.py for tasks to queue
[2022-07-30 17:12:55,229] {logging_mixin.py:115} INFO - [2022-07-30 17:12:55,227] {dagbag.py:507} INFO - Filling up the DagBag from /opt/airflow/dags/operators/PostgresOperator.py
[2022-07-30 17:12:55,303] {processor.py:651} INFO - DAG(s) dict_keys(['postgres_operator']) retrieved from /opt/airflow/dags/operators/PostgresOperator.py
[2022-07-30 17:12:55,361] {logging_mixin.py:115} INFO - [2022-07-30 17:12:55,361] {dag.py:2379} INFO - Sync 1 DAGs
[2022-07-30 17:12:55,664] {logging_mixin.py:115} INFO - [2022-07-30 17:12:55,664] {dag.py:2931} INFO - Setting next_dagrun for postgres_operator to 2022-07-29T00:00:00+00:00, run_after=2022-07-30T00:00:00+00:00
[2022-07-30 17:12:55,678] {processor.py:161} INFO - Processing /opt/airflow/dags/operators/PostgresOperator.py took 0.459 seconds
[2022-07-30 17:13:25,758] {processor.py:153} INFO - Started process (PID=4511) to work on /opt/airflow/dags/operators/PostgresOperator.py
[2022-07-30 17:13:25,767] {processor.py:641} INFO - Processing file /opt/airflow/dags/operators/PostgresOperator.py for tasks to queue
[2022-07-30 17:13:25,767] {logging_mixin.py:115} INFO - [2022-07-30 17:13:25,767] {dagbag.py:507} INFO - Filling up the DagBag from /opt/airflow/dags/operators/PostgresOperator.py
[2022-07-30 17:13:25,894] {processor.py:651} INFO - DAG(s) dict_keys(['postgres_operator']) retrieved from /opt/airflow/dags/operators/PostgresOperator.py
[2022-07-30 17:13:26,096] {logging_mixin.py:115} INFO - [2022-07-30 17:13:26,096] {dag.py:2379} INFO - Sync 1 DAGs
[2022-07-30 17:13:26,614] {logging_mixin.py:115} INFO - [2022-07-30 17:13:26,614] {dag.py:2931} INFO - Setting next_dagrun for postgres_operator to 2022-07-29T00:00:00+00:00, run_after=2022-07-30T00:00:00+00:00
[2022-07-30 17:13:26,648] {processor.py:161} INFO - Processing /opt/airflow/dags/operators/PostgresOperator.py took 0.910 seconds
[2022-07-30 17:13:56,962] {processor.py:153} INFO - Started process (PID=4590) to work on /opt/airflow/dags/operators/PostgresOperator.py
[2022-07-30 17:13:56,963] {processor.py:641} INFO - Processing file /opt/airflow/dags/operators/PostgresOperator.py for tasks to queue
[2022-07-30 17:13:56,963] {logging_mixin.py:115} INFO - [2022-07-30 17:13:56,963] {dagbag.py:507} INFO - Filling up the DagBag from /opt/airflow/dags/operators/PostgresOperator.py
[2022-07-30 17:13:56,983] {processor.py:651} INFO - DAG(s) dict_keys(['postgres_operator']) retrieved from /opt/airflow/dags/operators/PostgresOperator.py
[2022-07-30 17:13:57,005] {logging_mixin.py:115} INFO - [2022-07-30 17:13:57,005] {dag.py:2379} INFO - Sync 1 DAGs
[2022-07-30 17:13:57,152] {logging_mixin.py:115} INFO - [2022-07-30 17:13:57,152] {dag.py:2931} INFO - Setting next_dagrun for postgres_operator to 2022-07-29T00:00:00+00:00, run_after=2022-07-30T00:00:00+00:00
[2022-07-30 17:13:57,162] {processor.py:161} INFO - Processing /opt/airflow/dags/operators/PostgresOperator.py took 0.202 seconds
[2022-07-30 17:14:27,881] {processor.py:153} INFO - Started process (PID=4663) to work on /opt/airflow/dags/operators/PostgresOperator.py
[2022-07-30 17:14:27,881] {processor.py:641} INFO - Processing file /opt/airflow/dags/operators/PostgresOperator.py for tasks to queue
[2022-07-30 17:14:27,882] {logging_mixin.py:115} INFO - [2022-07-30 17:14:27,882] {dagbag.py:507} INFO - Filling up the DagBag from /opt/airflow/dags/operators/PostgresOperator.py
[2022-07-30 17:14:27,920] {processor.py:651} INFO - DAG(s) dict_keys(['postgres_operator']) retrieved from /opt/airflow/dags/operators/PostgresOperator.py
[2022-07-30 17:14:27,953] {logging_mixin.py:115} INFO - [2022-07-30 17:14:27,953] {dag.py:2379} INFO - Sync 1 DAGs
[2022-07-30 17:14:27,988] {logging_mixin.py:115} INFO - [2022-07-30 17:14:27,987] {dag.py:2931} INFO - Setting next_dagrun for postgres_operator to 2022-07-29T00:00:00+00:00, run_after=2022-07-30T00:00:00+00:00
[2022-07-30 17:14:28,003] {processor.py:161} INFO - Processing /opt/airflow/dags/operators/PostgresOperator.py took 0.127 seconds
[2022-07-30 17:14:58,047] {processor.py:153} INFO - Started process (PID=4734) to work on /opt/airflow/dags/operators/PostgresOperator.py
[2022-07-30 17:14:58,048] {processor.py:641} INFO - Processing file /opt/airflow/dags/operators/PostgresOperator.py for tasks to queue
[2022-07-30 17:14:58,048] {logging_mixin.py:115} INFO - [2022-07-30 17:14:58,048] {dagbag.py:507} INFO - Filling up the DagBag from /opt/airflow/dags/operators/PostgresOperator.py
[2022-07-30 17:14:58,071] {processor.py:651} INFO - DAG(s) dict_keys(['postgres_operator']) retrieved from /opt/airflow/dags/operators/PostgresOperator.py
[2022-07-30 17:14:58,099] {logging_mixin.py:115} INFO - [2022-07-30 17:14:58,099] {dag.py:2379} INFO - Sync 1 DAGs
[2022-07-30 17:14:58,127] {logging_mixin.py:115} INFO - [2022-07-30 17:14:58,127] {dag.py:2931} INFO - Setting next_dagrun for postgres_operator to 2022-07-29T00:00:00+00:00, run_after=2022-07-30T00:00:00+00:00
[2022-07-30 17:14:58,157] {processor.py:161} INFO - Processing /opt/airflow/dags/operators/PostgresOperator.py took 0.113 seconds
[2022-07-30 17:15:28,561] {processor.py:153} INFO - Started process (PID=4805) to work on /opt/airflow/dags/operators/PostgresOperator.py
[2022-07-30 17:15:28,564] {processor.py:641} INFO - Processing file /opt/airflow/dags/operators/PostgresOperator.py for tasks to queue
[2022-07-30 17:15:28,564] {logging_mixin.py:115} INFO - [2022-07-30 17:15:28,564] {dagbag.py:507} INFO - Filling up the DagBag from /opt/airflow/dags/operators/PostgresOperator.py
[2022-07-30 17:15:28,629] {processor.py:651} INFO - DAG(s) dict_keys(['postgres_operator']) retrieved from /opt/airflow/dags/operators/PostgresOperator.py
[2022-07-30 17:15:28,694] {logging_mixin.py:115} INFO - [2022-07-30 17:15:28,694] {dag.py:2379} INFO - Sync 1 DAGs
[2022-07-30 17:15:28,749] {logging_mixin.py:115} INFO - [2022-07-30 17:15:28,748] {dag.py:2931} INFO - Setting next_dagrun for postgres_operator to 2022-07-29T00:00:00+00:00, run_after=2022-07-30T00:00:00+00:00
[2022-07-30 17:15:28,770] {processor.py:161} INFO - Processing /opt/airflow/dags/operators/PostgresOperator.py took 0.220 seconds
[2022-07-30 17:15:58,888] {processor.py:153} INFO - Started process (PID=4892) to work on /opt/airflow/dags/operators/PostgresOperator.py
[2022-07-30 17:15:58,889] {processor.py:641} INFO - Processing file /opt/airflow/dags/operators/PostgresOperator.py for tasks to queue
[2022-07-30 17:15:58,889] {logging_mixin.py:115} INFO - [2022-07-30 17:15:58,889] {dagbag.py:507} INFO - Filling up the DagBag from /opt/airflow/dags/operators/PostgresOperator.py
[2022-07-30 17:15:58,919] {processor.py:651} INFO - DAG(s) dict_keys(['postgres_operator']) retrieved from /opt/airflow/dags/operators/PostgresOperator.py
[2022-07-30 17:15:58,950] {logging_mixin.py:115} INFO - [2022-07-30 17:15:58,950] {dag.py:2379} INFO - Sync 1 DAGs
[2022-07-30 17:15:58,982] {logging_mixin.py:115} INFO - [2022-07-30 17:15:58,982] {dag.py:2931} INFO - Setting next_dagrun for postgres_operator to 2022-07-29T00:00:00+00:00, run_after=2022-07-30T00:00:00+00:00
[2022-07-30 17:15:58,996] {processor.py:161} INFO - Processing /opt/airflow/dags/operators/PostgresOperator.py took 0.112 seconds
[2022-07-30 17:16:29,540] {processor.py:153} INFO - Started process (PID=4966) to work on /opt/airflow/dags/operators/PostgresOperator.py
[2022-07-30 17:16:29,541] {processor.py:641} INFO - Processing file /opt/airflow/dags/operators/PostgresOperator.py for tasks to queue
[2022-07-30 17:16:29,542] {logging_mixin.py:115} INFO - [2022-07-30 17:16:29,542] {dagbag.py:507} INFO - Filling up the DagBag from /opt/airflow/dags/operators/PostgresOperator.py
[2022-07-30 17:16:29,575] {processor.py:651} INFO - DAG(s) dict_keys(['postgres_operator']) retrieved from /opt/airflow/dags/operators/PostgresOperator.py
[2022-07-30 17:16:29,612] {logging_mixin.py:115} INFO - [2022-07-30 17:16:29,612] {dag.py:2379} INFO - Sync 1 DAGs
[2022-07-30 17:16:29,648] {logging_mixin.py:115} INFO - [2022-07-30 17:16:29,648] {dag.py:2931} INFO - Setting next_dagrun for postgres_operator to 2022-07-29T00:00:00+00:00, run_after=2022-07-30T00:00:00+00:00
[2022-07-30 17:16:29,666] {processor.py:161} INFO - Processing /opt/airflow/dags/operators/PostgresOperator.py took 0.130 seconds
[2022-07-30 17:17:00,553] {processor.py:153} INFO - Started process (PID=5043) to work on /opt/airflow/dags/operators/PostgresOperator.py
[2022-07-30 17:17:00,554] {processor.py:641} INFO - Processing file /opt/airflow/dags/operators/PostgresOperator.py for tasks to queue
[2022-07-30 17:17:00,554] {logging_mixin.py:115} INFO - [2022-07-30 17:17:00,554] {dagbag.py:507} INFO - Filling up the DagBag from /opt/airflow/dags/operators/PostgresOperator.py
[2022-07-30 17:17:00,652] {processor.py:651} INFO - DAG(s) dict_keys(['postgres_operator']) retrieved from /opt/airflow/dags/operators/PostgresOperator.py
[2022-07-30 17:17:00,734] {logging_mixin.py:115} INFO - [2022-07-30 17:17:00,734] {dag.py:2379} INFO - Sync 1 DAGs
[2022-07-30 17:17:00,777] {logging_mixin.py:115} INFO - [2022-07-30 17:17:00,777] {dag.py:2931} INFO - Setting next_dagrun for postgres_operator to 2022-07-29T00:00:00+00:00, run_after=2022-07-30T00:00:00+00:00
[2022-07-30 17:17:00,809] {processor.py:161} INFO - Processing /opt/airflow/dags/operators/PostgresOperator.py took 0.264 seconds
[2022-07-30 17:17:31,036] {processor.py:153} INFO - Started process (PID=5123) to work on /opt/airflow/dags/operators/PostgresOperator.py
[2022-07-30 17:17:31,037] {processor.py:641} INFO - Processing file /opt/airflow/dags/operators/PostgresOperator.py for tasks to queue
[2022-07-30 17:17:31,038] {logging_mixin.py:115} INFO - [2022-07-30 17:17:31,038] {dagbag.py:507} INFO - Filling up the DagBag from /opt/airflow/dags/operators/PostgresOperator.py
[2022-07-30 17:17:31,068] {processor.py:651} INFO - DAG(s) dict_keys(['postgres_operator']) retrieved from /opt/airflow/dags/operators/PostgresOperator.py
[2022-07-30 17:17:31,103] {logging_mixin.py:115} INFO - [2022-07-30 17:17:31,103] {dag.py:2379} INFO - Sync 1 DAGs
[2022-07-30 17:17:31,136] {logging_mixin.py:115} INFO - [2022-07-30 17:17:31,136] {dag.py:2931} INFO - Setting next_dagrun for postgres_operator to 2022-07-29T00:00:00+00:00, run_after=2022-07-30T00:00:00+00:00
[2022-07-30 17:17:31,158] {processor.py:161} INFO - Processing /opt/airflow/dags/operators/PostgresOperator.py took 0.125 seconds
[2022-07-30 17:18:01,341] {processor.py:153} INFO - Started process (PID=5201) to work on /opt/airflow/dags/operators/PostgresOperator.py
[2022-07-30 17:18:01,341] {processor.py:641} INFO - Processing file /opt/airflow/dags/operators/PostgresOperator.py for tasks to queue
[2022-07-30 17:18:01,342] {logging_mixin.py:115} INFO - [2022-07-30 17:18:01,342] {dagbag.py:507} INFO - Filling up the DagBag from /opt/airflow/dags/operators/PostgresOperator.py
[2022-07-30 17:18:01,407] {processor.py:651} INFO - DAG(s) dict_keys(['postgres_operator']) retrieved from /opt/airflow/dags/operators/PostgresOperator.py
[2022-07-30 17:18:01,475] {logging_mixin.py:115} INFO - [2022-07-30 17:18:01,475] {dag.py:2379} INFO - Sync 1 DAGs
[2022-07-30 17:18:01,518] {logging_mixin.py:115} INFO - [2022-07-30 17:18:01,518] {dag.py:2931} INFO - Setting next_dagrun for postgres_operator to 2022-07-29T00:00:00+00:00, run_after=2022-07-30T00:00:00+00:00
[2022-07-30 17:18:01,538] {processor.py:161} INFO - Processing /opt/airflow/dags/operators/PostgresOperator.py took 0.201 seconds
[2022-07-30 17:18:31,900] {processor.py:153} INFO - Started process (PID=5279) to work on /opt/airflow/dags/operators/PostgresOperator.py
[2022-07-30 17:18:31,901] {processor.py:641} INFO - Processing file /opt/airflow/dags/operators/PostgresOperator.py for tasks to queue
[2022-07-30 17:18:31,902] {logging_mixin.py:115} INFO - [2022-07-30 17:18:31,902] {dagbag.py:507} INFO - Filling up the DagBag from /opt/airflow/dags/operators/PostgresOperator.py
[2022-07-30 17:18:31,932] {processor.py:651} INFO - DAG(s) dict_keys(['postgres_operator']) retrieved from /opt/airflow/dags/operators/PostgresOperator.py
[2022-07-30 17:18:31,968] {logging_mixin.py:115} INFO - [2022-07-30 17:18:31,968] {dag.py:2379} INFO - Sync 1 DAGs
[2022-07-30 17:18:32,002] {logging_mixin.py:115} INFO - [2022-07-30 17:18:32,002] {dag.py:2931} INFO - Setting next_dagrun for postgres_operator to 2022-07-29T00:00:00+00:00, run_after=2022-07-30T00:00:00+00:00
[2022-07-30 17:18:32,018] {processor.py:161} INFO - Processing /opt/airflow/dags/operators/PostgresOperator.py took 0.121 seconds
[2022-07-30 17:19:03,022] {processor.py:153} INFO - Started process (PID=5365) to work on /opt/airflow/dags/operators/PostgresOperator.py
[2022-07-30 17:19:03,023] {processor.py:641} INFO - Processing file /opt/airflow/dags/operators/PostgresOperator.py for tasks to queue
[2022-07-30 17:19:03,023] {logging_mixin.py:115} INFO - [2022-07-30 17:19:03,023] {dagbag.py:507} INFO - Filling up the DagBag from /opt/airflow/dags/operators/PostgresOperator.py
[2022-07-30 17:19:03,057] {processor.py:651} INFO - DAG(s) dict_keys(['postgres_operator']) retrieved from /opt/airflow/dags/operators/PostgresOperator.py
[2022-07-30 17:19:03,091] {logging_mixin.py:115} INFO - [2022-07-30 17:19:03,091] {dag.py:2379} INFO - Sync 1 DAGs
[2022-07-30 17:19:03,133] {logging_mixin.py:115} INFO - [2022-07-30 17:19:03,132] {dag.py:2931} INFO - Setting next_dagrun for postgres_operator to 2022-07-29T00:00:00+00:00, run_after=2022-07-30T00:00:00+00:00
[2022-07-30 17:19:03,151] {processor.py:161} INFO - Processing /opt/airflow/dags/operators/PostgresOperator.py took 0.133 seconds
[2022-07-30 17:19:34,086] {processor.py:153} INFO - Started process (PID=5438) to work on /opt/airflow/dags/operators/PostgresOperator.py
[2022-07-30 17:19:34,100] {processor.py:641} INFO - Processing file /opt/airflow/dags/operators/PostgresOperator.py for tasks to queue
[2022-07-30 17:19:34,100] {logging_mixin.py:115} INFO - [2022-07-30 17:19:34,100] {dagbag.py:507} INFO - Filling up the DagBag from /opt/airflow/dags/operators/PostgresOperator.py
[2022-07-30 17:19:34,203] {processor.py:651} INFO - DAG(s) dict_keys(['postgres_operator']) retrieved from /opt/airflow/dags/operators/PostgresOperator.py
[2022-07-30 17:19:34,304] {logging_mixin.py:115} INFO - [2022-07-30 17:19:34,304] {dag.py:2379} INFO - Sync 1 DAGs
[2022-07-30 17:19:34,394] {logging_mixin.py:115} INFO - [2022-07-30 17:19:34,394] {dag.py:2931} INFO - Setting next_dagrun for postgres_operator to 2022-07-29T00:00:00+00:00, run_after=2022-07-30T00:00:00+00:00
[2022-07-30 17:19:34,504] {processor.py:161} INFO - Processing /opt/airflow/dags/operators/PostgresOperator.py took 0.425 seconds
