[2022-07-30 16:39:35,736] {processor.py:153} INFO - Started process (PID=77) to work on /opt/airflow/dags/operators/PythonOperator.py
[2022-07-30 16:39:35,737] {processor.py:641} INFO - Processing file /opt/airflow/dags/operators/PythonOperator.py for tasks to queue
[2022-07-30 16:39:35,778] {logging_mixin.py:115} INFO - [2022-07-30 16:39:35,778] {dagbag.py:507} INFO - Filling up the DagBag from /opt/airflow/dags/operators/PythonOperator.py
[2022-07-30 16:39:36,142] {processor.py:651} INFO - DAG(s) dict_keys(['python_operator']) retrieved from /opt/airflow/dags/operators/PythonOperator.py
[2022-07-30 16:39:37,881] {logging_mixin.py:115} INFO - [2022-07-30 16:39:37,881] {manager.py:508} INFO - Created Permission View: can read on DAG:python_operator
[2022-07-30 16:39:37,939] {logging_mixin.py:115} INFO - [2022-07-30 16:39:37,939] {manager.py:508} INFO - Created Permission View: can delete on DAG:python_operator
[2022-07-30 16:39:37,965] {logging_mixin.py:115} INFO - [2022-07-30 16:39:37,965] {manager.py:508} INFO - Created Permission View: can edit on DAG:python_operator
[2022-07-30 16:39:37,967] {logging_mixin.py:115} INFO - [2022-07-30 16:39:37,966] {dag.py:2379} INFO - Sync 1 DAGs
[2022-07-30 16:39:37,999] {logging_mixin.py:115} INFO - [2022-07-30 16:39:37,999] {dag.py:2398} INFO - Creating ORM DAG for python_operator
[2022-07-30 16:39:38,050] {logging_mixin.py:115} INFO - [2022-07-30 16:39:38,050] {dag.py:2931} INFO - Setting next_dagrun for python_operator to 2022-07-29T00:00:00+00:00, run_after=2022-07-30T00:00:00+00:00
[2022-07-30 16:39:38,093] {processor.py:161} INFO - Processing /opt/airflow/dags/operators/PythonOperator.py took 2.389 seconds
[2022-07-30 16:40:08,208] {processor.py:153} INFO - Started process (PID=149) to work on /opt/airflow/dags/operators/PythonOperator.py
[2022-07-30 16:40:08,218] {processor.py:641} INFO - Processing file /opt/airflow/dags/operators/PythonOperator.py for tasks to queue
[2022-07-30 16:40:08,220] {logging_mixin.py:115} INFO - [2022-07-30 16:40:08,219] {dagbag.py:507} INFO - Filling up the DagBag from /opt/airflow/dags/operators/PythonOperator.py
[2022-07-30 16:40:08,295] {processor.py:651} INFO - DAG(s) dict_keys(['python_operator']) retrieved from /opt/airflow/dags/operators/PythonOperator.py
[2022-07-30 16:40:08,364] {logging_mixin.py:115} INFO - [2022-07-30 16:40:08,363] {dag.py:2379} INFO - Sync 1 DAGs
[2022-07-30 16:40:08,478] {logging_mixin.py:115} INFO - [2022-07-30 16:40:08,478] {dag.py:2931} INFO - Setting next_dagrun for python_operator to 2022-07-29T00:00:00+00:00, run_after=2022-07-30T00:00:00+00:00
[2022-07-30 16:40:08,527] {processor.py:161} INFO - Processing /opt/airflow/dags/operators/PythonOperator.py took 0.336 seconds
[2022-07-30 16:40:39,190] {processor.py:153} INFO - Started process (PID=221) to work on /opt/airflow/dags/operators/PythonOperator.py
[2022-07-30 16:40:39,191] {processor.py:641} INFO - Processing file /opt/airflow/dags/operators/PythonOperator.py for tasks to queue
[2022-07-30 16:40:39,192] {logging_mixin.py:115} INFO - [2022-07-30 16:40:39,192] {dagbag.py:507} INFO - Filling up the DagBag from /opt/airflow/dags/operators/PythonOperator.py
[2022-07-30 16:40:39,261] {processor.py:651} INFO - DAG(s) dict_keys(['python_operator']) retrieved from /opt/airflow/dags/operators/PythonOperator.py
[2022-07-30 16:40:39,296] {logging_mixin.py:115} INFO - [2022-07-30 16:40:39,296] {dag.py:2379} INFO - Sync 1 DAGs
[2022-07-30 16:40:39,392] {logging_mixin.py:115} INFO - [2022-07-30 16:40:39,392] {dag.py:2931} INFO - Setting next_dagrun for python_operator to 2022-07-29T00:00:00+00:00, run_after=2022-07-30T00:00:00+00:00
[2022-07-30 16:40:39,442] {processor.py:161} INFO - Processing /opt/airflow/dags/operators/PythonOperator.py took 0.260 seconds
[2022-07-30 16:41:10,078] {processor.py:153} INFO - Started process (PID=294) to work on /opt/airflow/dags/operators/PythonOperator.py
[2022-07-30 16:41:10,081] {processor.py:641} INFO - Processing file /opt/airflow/dags/operators/PythonOperator.py for tasks to queue
[2022-07-30 16:41:10,083] {logging_mixin.py:115} INFO - [2022-07-30 16:41:10,083] {dagbag.py:507} INFO - Filling up the DagBag from /opt/airflow/dags/operators/PythonOperator.py
[2022-07-30 16:41:10,117] {processor.py:651} INFO - DAG(s) dict_keys(['python_operator']) retrieved from /opt/airflow/dags/operators/PythonOperator.py
[2022-07-30 16:41:10,142] {logging_mixin.py:115} INFO - [2022-07-30 16:41:10,142] {dag.py:2379} INFO - Sync 1 DAGs
[2022-07-30 16:41:10,201] {logging_mixin.py:115} INFO - [2022-07-30 16:41:10,201] {dag.py:2931} INFO - Setting next_dagrun for python_operator to 2022-07-29T00:00:00+00:00, run_after=2022-07-30T00:00:00+00:00
[2022-07-30 16:41:10,218] {processor.py:161} INFO - Processing /opt/airflow/dags/operators/PythonOperator.py took 0.146 seconds
[2022-07-30 16:41:40,886] {processor.py:153} INFO - Started process (PID=379) to work on /opt/airflow/dags/operators/PythonOperator.py
[2022-07-30 16:41:40,887] {processor.py:641} INFO - Processing file /opt/airflow/dags/operators/PythonOperator.py for tasks to queue
[2022-07-30 16:41:40,887] {logging_mixin.py:115} INFO - [2022-07-30 16:41:40,887] {dagbag.py:507} INFO - Filling up the DagBag from /opt/airflow/dags/operators/PythonOperator.py
[2022-07-30 16:41:41,001] {processor.py:651} INFO - DAG(s) dict_keys(['python_operator']) retrieved from /opt/airflow/dags/operators/PythonOperator.py
[2022-07-30 16:41:41,064] {logging_mixin.py:115} INFO - [2022-07-30 16:41:41,064] {dag.py:2379} INFO - Sync 1 DAGs
[2022-07-30 16:41:41,178] {logging_mixin.py:115} INFO - [2022-07-30 16:41:41,178] {dag.py:2931} INFO - Setting next_dagrun for python_operator to 2022-07-29T00:00:00+00:00, run_after=2022-07-30T00:00:00+00:00
[2022-07-30 16:41:41,204] {processor.py:161} INFO - Processing /opt/airflow/dags/operators/PythonOperator.py took 0.331 seconds
[2022-07-30 16:42:12,082] {processor.py:153} INFO - Started process (PID=457) to work on /opt/airflow/dags/operators/PythonOperator.py
[2022-07-30 16:42:12,097] {processor.py:641} INFO - Processing file /opt/airflow/dags/operators/PythonOperator.py for tasks to queue
[2022-07-30 16:42:12,098] {logging_mixin.py:115} INFO - [2022-07-30 16:42:12,098] {dagbag.py:507} INFO - Filling up the DagBag from /opt/airflow/dags/operators/PythonOperator.py
[2022-07-30 16:42:12,236] {processor.py:651} INFO - DAG(s) dict_keys(['python_operator']) retrieved from /opt/airflow/dags/operators/PythonOperator.py
[2022-07-30 16:42:12,302] {logging_mixin.py:115} INFO - [2022-07-30 16:42:12,302] {dag.py:2379} INFO - Sync 1 DAGs
[2022-07-30 16:42:12,396] {logging_mixin.py:115} INFO - [2022-07-30 16:42:12,396] {dag.py:2931} INFO - Setting next_dagrun for python_operator to 2022-07-29T00:00:00+00:00, run_after=2022-07-30T00:00:00+00:00
[2022-07-30 16:42:12,432] {processor.py:161} INFO - Processing /opt/airflow/dags/operators/PythonOperator.py took 0.381 seconds
[2022-07-30 16:42:42,652] {processor.py:153} INFO - Started process (PID=539) to work on /opt/airflow/dags/operators/PythonOperator.py
[2022-07-30 16:42:42,653] {processor.py:641} INFO - Processing file /opt/airflow/dags/operators/PythonOperator.py for tasks to queue
[2022-07-30 16:42:42,654] {logging_mixin.py:115} INFO - [2022-07-30 16:42:42,654] {dagbag.py:507} INFO - Filling up the DagBag from /opt/airflow/dags/operators/PythonOperator.py
[2022-07-30 16:42:42,696] {processor.py:651} INFO - DAG(s) dict_keys(['python_operator']) retrieved from /opt/airflow/dags/operators/PythonOperator.py
[2022-07-30 16:42:42,720] {logging_mixin.py:115} INFO - [2022-07-30 16:42:42,720] {dag.py:2379} INFO - Sync 1 DAGs
[2022-07-30 16:42:42,761] {logging_mixin.py:115} INFO - [2022-07-30 16:42:42,761] {dag.py:2931} INFO - Setting next_dagrun for python_operator to 2022-07-29T00:00:00+00:00, run_after=2022-07-30T00:00:00+00:00
[2022-07-30 16:42:42,819] {processor.py:161} INFO - Processing /opt/airflow/dags/operators/PythonOperator.py took 0.172 seconds
[2022-07-30 16:44:14,283] {processor.py:153} INFO - Started process (PID=65) to work on /opt/airflow/dags/operators/PythonOperator.py
[2022-07-30 16:44:14,288] {processor.py:641} INFO - Processing file /opt/airflow/dags/operators/PythonOperator.py for tasks to queue
[2022-07-30 16:44:14,289] {logging_mixin.py:115} INFO - [2022-07-30 16:44:14,288] {dagbag.py:507} INFO - Filling up the DagBag from /opt/airflow/dags/operators/PythonOperator.py
[2022-07-30 16:44:14,365] {processor.py:651} INFO - DAG(s) dict_keys(['python_operator']) retrieved from /opt/airflow/dags/operators/PythonOperator.py
[2022-07-30 16:44:14,448] {logging_mixin.py:115} INFO - [2022-07-30 16:44:14,448] {dag.py:2379} INFO - Sync 1 DAGs
[2022-07-30 16:44:14,590] {logging_mixin.py:115} INFO - [2022-07-30 16:44:14,590] {dag.py:2931} INFO - Setting next_dagrun for python_operator to 2022-07-29T00:00:00+00:00, run_after=2022-07-30T00:00:00+00:00
[2022-07-30 16:44:14,620] {processor.py:161} INFO - Processing /opt/airflow/dags/operators/PythonOperator.py took 0.349 seconds
[2022-07-30 16:44:44,749] {processor.py:153} INFO - Started process (PID=135) to work on /opt/airflow/dags/operators/PythonOperator.py
[2022-07-30 16:44:44,749] {processor.py:641} INFO - Processing file /opt/airflow/dags/operators/PythonOperator.py for tasks to queue
[2022-07-30 16:44:44,750] {logging_mixin.py:115} INFO - [2022-07-30 16:44:44,750] {dagbag.py:507} INFO - Filling up the DagBag from /opt/airflow/dags/operators/PythonOperator.py
[2022-07-30 16:44:44,798] {processor.py:651} INFO - DAG(s) dict_keys(['python_operator']) retrieved from /opt/airflow/dags/operators/PythonOperator.py
[2022-07-30 16:44:44,855] {logging_mixin.py:115} INFO - [2022-07-30 16:44:44,855] {dag.py:2379} INFO - Sync 1 DAGs
[2022-07-30 16:44:44,899] {logging_mixin.py:115} INFO - [2022-07-30 16:44:44,898] {dag.py:2931} INFO - Setting next_dagrun for python_operator to 2022-07-29T00:00:00+00:00, run_after=2022-07-30T00:00:00+00:00
[2022-07-30 16:44:44,917] {processor.py:161} INFO - Processing /opt/airflow/dags/operators/PythonOperator.py took 0.171 seconds
[2022-07-30 16:45:15,923] {processor.py:153} INFO - Started process (PID=215) to work on /opt/airflow/dags/operators/PythonOperator.py
[2022-07-30 16:45:15,928] {processor.py:641} INFO - Processing file /opt/airflow/dags/operators/PythonOperator.py for tasks to queue
[2022-07-30 16:45:15,928] {logging_mixin.py:115} INFO - [2022-07-30 16:45:15,928] {dagbag.py:507} INFO - Filling up the DagBag from /opt/airflow/dags/operators/PythonOperator.py
[2022-07-30 16:45:16,008] {processor.py:651} INFO - DAG(s) dict_keys(['python_operator']) retrieved from /opt/airflow/dags/operators/PythonOperator.py
[2022-07-30 16:45:16,076] {logging_mixin.py:115} INFO - [2022-07-30 16:45:16,076] {dag.py:2379} INFO - Sync 1 DAGs
[2022-07-30 16:45:16,166] {logging_mixin.py:115} INFO - [2022-07-30 16:45:16,166] {dag.py:2931} INFO - Setting next_dagrun for python_operator to 2022-07-29T00:00:00+00:00, run_after=2022-07-30T00:00:00+00:00
[2022-07-30 16:45:16,213] {processor.py:161} INFO - Processing /opt/airflow/dags/operators/PythonOperator.py took 0.294 seconds
[2022-07-30 16:45:46,863] {processor.py:153} INFO - Started process (PID=294) to work on /opt/airflow/dags/operators/PythonOperator.py
[2022-07-30 16:45:46,864] {processor.py:641} INFO - Processing file /opt/airflow/dags/operators/PythonOperator.py for tasks to queue
[2022-07-30 16:45:46,864] {logging_mixin.py:115} INFO - [2022-07-30 16:45:46,864] {dagbag.py:507} INFO - Filling up the DagBag from /opt/airflow/dags/operators/PythonOperator.py
[2022-07-30 16:45:46,892] {processor.py:651} INFO - DAG(s) dict_keys(['python_operator']) retrieved from /opt/airflow/dags/operators/PythonOperator.py
[2022-07-30 16:45:46,911] {logging_mixin.py:115} INFO - [2022-07-30 16:45:46,911] {dag.py:2379} INFO - Sync 1 DAGs
[2022-07-30 16:45:46,945] {logging_mixin.py:115} INFO - [2022-07-30 16:45:46,945] {dag.py:2931} INFO - Setting next_dagrun for python_operator to 2022-07-29T00:00:00+00:00, run_after=2022-07-30T00:00:00+00:00
[2022-07-30 16:45:46,959] {processor.py:161} INFO - Processing /opt/airflow/dags/operators/PythonOperator.py took 0.100 seconds
[2022-07-30 16:46:17,844] {processor.py:153} INFO - Started process (PID=368) to work on /opt/airflow/dags/operators/PythonOperator.py
[2022-07-30 16:46:17,847] {processor.py:641} INFO - Processing file /opt/airflow/dags/operators/PythonOperator.py for tasks to queue
[2022-07-30 16:46:17,847] {logging_mixin.py:115} INFO - [2022-07-30 16:46:17,847] {dagbag.py:507} INFO - Filling up the DagBag from /opt/airflow/dags/operators/PythonOperator.py
[2022-07-30 16:46:17,877] {processor.py:651} INFO - DAG(s) dict_keys(['python_operator']) retrieved from /opt/airflow/dags/operators/PythonOperator.py
[2022-07-30 16:46:17,896] {logging_mixin.py:115} INFO - [2022-07-30 16:46:17,896] {dag.py:2379} INFO - Sync 1 DAGs
[2022-07-30 16:46:17,928] {logging_mixin.py:115} INFO - [2022-07-30 16:46:17,928] {dag.py:2931} INFO - Setting next_dagrun for python_operator to 2022-07-29T00:00:00+00:00, run_after=2022-07-30T00:00:00+00:00
[2022-07-30 16:46:17,944] {processor.py:161} INFO - Processing /opt/airflow/dags/operators/PythonOperator.py took 0.104 seconds
[2022-07-30 16:46:50,568] {processor.py:153} INFO - Started process (PID=450) to work on /opt/airflow/dags/operators/PythonOperator.py
[2022-07-30 16:46:50,568] {processor.py:641} INFO - Processing file /opt/airflow/dags/operators/PythonOperator.py for tasks to queue
[2022-07-30 16:46:50,569] {logging_mixin.py:115} INFO - [2022-07-30 16:46:50,569] {dagbag.py:507} INFO - Filling up the DagBag from /opt/airflow/dags/operators/PythonOperator.py
[2022-07-30 16:46:50,623] {processor.py:651} INFO - DAG(s) dict_keys(['python_operator']) retrieved from /opt/airflow/dags/operators/PythonOperator.py
[2022-07-30 16:46:50,672] {logging_mixin.py:115} INFO - [2022-07-30 16:46:50,672] {dag.py:2379} INFO - Sync 1 DAGs
[2022-07-30 16:46:50,738] {logging_mixin.py:115} INFO - [2022-07-30 16:46:50,738] {dag.py:2931} INFO - Setting next_dagrun for python_operator to 2022-07-29T00:00:00+00:00, run_after=2022-07-30T00:00:00+00:00
[2022-07-30 16:46:50,760] {processor.py:161} INFO - Processing /opt/airflow/dags/operators/PythonOperator.py took 0.196 seconds
[2022-07-30 16:47:21,987] {processor.py:153} INFO - Started process (PID=523) to work on /opt/airflow/dags/operators/PythonOperator.py
[2022-07-30 16:47:21,988] {processor.py:641} INFO - Processing file /opt/airflow/dags/operators/PythonOperator.py for tasks to queue
[2022-07-30 16:47:21,989] {logging_mixin.py:115} INFO - [2022-07-30 16:47:21,988] {dagbag.py:507} INFO - Filling up the DagBag from /opt/airflow/dags/operators/PythonOperator.py
[2022-07-30 16:47:22,018] {processor.py:651} INFO - DAG(s) dict_keys(['python_operator']) retrieved from /opt/airflow/dags/operators/PythonOperator.py
[2022-07-30 16:47:22,043] {logging_mixin.py:115} INFO - [2022-07-30 16:47:22,043] {dag.py:2379} INFO - Sync 1 DAGs
[2022-07-30 16:47:22,075] {logging_mixin.py:115} INFO - [2022-07-30 16:47:22,075] {dag.py:2931} INFO - Setting next_dagrun for python_operator to 2022-07-29T00:00:00+00:00, run_after=2022-07-30T00:00:00+00:00
[2022-07-30 16:47:22,096] {processor.py:161} INFO - Processing /opt/airflow/dags/operators/PythonOperator.py took 0.113 seconds
[2022-07-30 16:47:52,621] {processor.py:153} INFO - Started process (PID=606) to work on /opt/airflow/dags/operators/PythonOperator.py
[2022-07-30 16:47:52,632] {processor.py:641} INFO - Processing file /opt/airflow/dags/operators/PythonOperator.py for tasks to queue
[2022-07-30 16:47:52,633] {logging_mixin.py:115} INFO - [2022-07-30 16:47:52,632] {dagbag.py:507} INFO - Filling up the DagBag from /opt/airflow/dags/operators/PythonOperator.py
[2022-07-30 16:47:52,684] {processor.py:651} INFO - DAG(s) dict_keys(['python_operator']) retrieved from /opt/airflow/dags/operators/PythonOperator.py
[2022-07-30 16:47:52,732] {logging_mixin.py:115} INFO - [2022-07-30 16:47:52,732] {dag.py:2379} INFO - Sync 1 DAGs
[2022-07-30 16:47:52,765] {logging_mixin.py:115} INFO - [2022-07-30 16:47:52,765] {dag.py:2931} INFO - Setting next_dagrun for python_operator to 2022-07-29T00:00:00+00:00, run_after=2022-07-30T00:00:00+00:00
[2022-07-30 16:47:52,780] {processor.py:161} INFO - Processing /opt/airflow/dags/operators/PythonOperator.py took 0.163 seconds
[2022-07-30 16:48:23,594] {processor.py:153} INFO - Started process (PID=682) to work on /opt/airflow/dags/operators/PythonOperator.py
[2022-07-30 16:48:23,606] {processor.py:641} INFO - Processing file /opt/airflow/dags/operators/PythonOperator.py for tasks to queue
[2022-07-30 16:48:23,607] {logging_mixin.py:115} INFO - [2022-07-30 16:48:23,607] {dagbag.py:507} INFO - Filling up the DagBag from /opt/airflow/dags/operators/PythonOperator.py
[2022-07-30 16:48:23,718] {processor.py:651} INFO - DAG(s) dict_keys(['python_operator']) retrieved from /opt/airflow/dags/operators/PythonOperator.py
[2022-07-30 16:48:23,792] {logging_mixin.py:115} INFO - [2022-07-30 16:48:23,791] {dag.py:2379} INFO - Sync 1 DAGs
[2022-07-30 16:48:23,891] {logging_mixin.py:115} INFO - [2022-07-30 16:48:23,891] {dag.py:2931} INFO - Setting next_dagrun for python_operator to 2022-07-29T00:00:00+00:00, run_after=2022-07-30T00:00:00+00:00
[2022-07-30 16:48:23,944] {processor.py:161} INFO - Processing /opt/airflow/dags/operators/PythonOperator.py took 0.359 seconds
[2022-07-30 16:48:54,039] {processor.py:153} INFO - Started process (PID=761) to work on /opt/airflow/dags/operators/PythonOperator.py
[2022-07-30 16:48:54,048] {processor.py:641} INFO - Processing file /opt/airflow/dags/operators/PythonOperator.py for tasks to queue
[2022-07-30 16:48:54,049] {logging_mixin.py:115} INFO - [2022-07-30 16:48:54,049] {dagbag.py:507} INFO - Filling up the DagBag from /opt/airflow/dags/operators/PythonOperator.py
[2022-07-30 16:48:54,133] {processor.py:651} INFO - DAG(s) dict_keys(['python_operator']) retrieved from /opt/airflow/dags/operators/PythonOperator.py
[2022-07-30 16:48:54,184] {logging_mixin.py:115} INFO - [2022-07-30 16:48:54,184] {dag.py:2379} INFO - Sync 1 DAGs
[2022-07-30 16:48:54,238] {logging_mixin.py:115} INFO - [2022-07-30 16:48:54,238] {dag.py:2931} INFO - Setting next_dagrun for python_operator to 2022-07-29T00:00:00+00:00, run_after=2022-07-30T00:00:00+00:00
[2022-07-30 16:48:54,260] {processor.py:161} INFO - Processing /opt/airflow/dags/operators/PythonOperator.py took 0.225 seconds
[2022-07-30 16:49:24,552] {processor.py:153} INFO - Started process (PID=839) to work on /opt/airflow/dags/operators/PythonOperator.py
[2022-07-30 16:49:24,552] {processor.py:641} INFO - Processing file /opt/airflow/dags/operators/PythonOperator.py for tasks to queue
[2022-07-30 16:49:24,553] {logging_mixin.py:115} INFO - [2022-07-30 16:49:24,553] {dagbag.py:507} INFO - Filling up the DagBag from /opt/airflow/dags/operators/PythonOperator.py
[2022-07-30 16:49:24,599] {processor.py:651} INFO - DAG(s) dict_keys(['python_operator']) retrieved from /opt/airflow/dags/operators/PythonOperator.py
[2022-07-30 16:49:24,618] {logging_mixin.py:115} INFO - [2022-07-30 16:49:24,618] {dag.py:2379} INFO - Sync 1 DAGs
[2022-07-30 16:49:24,666] {logging_mixin.py:115} INFO - [2022-07-30 16:49:24,666] {dag.py:2931} INFO - Setting next_dagrun for python_operator to 2022-07-29T00:00:00+00:00, run_after=2022-07-30T00:00:00+00:00
[2022-07-30 16:49:24,681] {processor.py:161} INFO - Processing /opt/airflow/dags/operators/PythonOperator.py took 0.133 seconds
[2022-07-30 16:49:54,733] {processor.py:153} INFO - Started process (PID=911) to work on /opt/airflow/dags/operators/PythonOperator.py
[2022-07-30 16:49:54,734] {processor.py:641} INFO - Processing file /opt/airflow/dags/operators/PythonOperator.py for tasks to queue
[2022-07-30 16:49:54,735] {logging_mixin.py:115} INFO - [2022-07-30 16:49:54,735] {dagbag.py:507} INFO - Filling up the DagBag from /opt/airflow/dags/operators/PythonOperator.py
[2022-07-30 16:49:54,769] {processor.py:651} INFO - DAG(s) dict_keys(['python_operator']) retrieved from /opt/airflow/dags/operators/PythonOperator.py
[2022-07-30 16:49:54,794] {logging_mixin.py:115} INFO - [2022-07-30 16:49:54,794] {dag.py:2379} INFO - Sync 1 DAGs
[2022-07-30 16:49:54,849] {logging_mixin.py:115} INFO - [2022-07-30 16:49:54,849] {dag.py:2931} INFO - Setting next_dagrun for python_operator to 2022-07-29T00:00:00+00:00, run_after=2022-07-30T00:00:00+00:00
[2022-07-30 16:49:54,865] {processor.py:161} INFO - Processing /opt/airflow/dags/operators/PythonOperator.py took 0.136 seconds
[2022-07-30 16:50:25,456] {processor.py:153} INFO - Started process (PID=988) to work on /opt/airflow/dags/operators/PythonOperator.py
[2022-07-30 16:50:25,456] {processor.py:641} INFO - Processing file /opt/airflow/dags/operators/PythonOperator.py for tasks to queue
[2022-07-30 16:50:25,457] {logging_mixin.py:115} INFO - [2022-07-30 16:50:25,457] {dagbag.py:507} INFO - Filling up the DagBag from /opt/airflow/dags/operators/PythonOperator.py
[2022-07-30 16:50:25,614] {processor.py:651} INFO - DAG(s) dict_keys(['python_operator']) retrieved from /opt/airflow/dags/operators/PythonOperator.py
[2022-07-30 16:50:25,709] {logging_mixin.py:115} INFO - [2022-07-30 16:50:25,709] {dag.py:2379} INFO - Sync 1 DAGs
[2022-07-30 16:50:25,866] {logging_mixin.py:115} INFO - [2022-07-30 16:50:25,865] {dag.py:2931} INFO - Setting next_dagrun for python_operator to 2022-07-29T00:00:00+00:00, run_after=2022-07-30T00:00:00+00:00
[2022-07-30 16:50:25,940] {processor.py:161} INFO - Processing /opt/airflow/dags/operators/PythonOperator.py took 0.500 seconds
[2022-07-30 16:50:56,716] {processor.py:153} INFO - Started process (PID=1062) to work on /opt/airflow/dags/operators/PythonOperator.py
[2022-07-30 16:50:56,717] {processor.py:641} INFO - Processing file /opt/airflow/dags/operators/PythonOperator.py for tasks to queue
[2022-07-30 16:50:56,718] {logging_mixin.py:115} INFO - [2022-07-30 16:50:56,717] {dagbag.py:507} INFO - Filling up the DagBag from /opt/airflow/dags/operators/PythonOperator.py
[2022-07-30 16:50:56,757] {processor.py:651} INFO - DAG(s) dict_keys(['python_operator']) retrieved from /opt/airflow/dags/operators/PythonOperator.py
[2022-07-30 16:50:56,784] {logging_mixin.py:115} INFO - [2022-07-30 16:50:56,784] {dag.py:2379} INFO - Sync 1 DAGs
[2022-07-30 16:50:56,826] {logging_mixin.py:115} INFO - [2022-07-30 16:50:56,826] {dag.py:2931} INFO - Setting next_dagrun for python_operator to 2022-07-29T00:00:00+00:00, run_after=2022-07-30T00:00:00+00:00
[2022-07-30 16:50:56,858] {processor.py:161} INFO - Processing /opt/airflow/dags/operators/PythonOperator.py took 0.147 seconds
[2022-07-30 16:51:27,468] {processor.py:153} INFO - Started process (PID=1136) to work on /opt/airflow/dags/operators/PythonOperator.py
[2022-07-30 16:51:27,469] {processor.py:641} INFO - Processing file /opt/airflow/dags/operators/PythonOperator.py for tasks to queue
[2022-07-30 16:51:27,469] {logging_mixin.py:115} INFO - [2022-07-30 16:51:27,469] {dagbag.py:507} INFO - Filling up the DagBag from /opt/airflow/dags/operators/PythonOperator.py
[2022-07-30 16:51:27,516] {processor.py:651} INFO - DAG(s) dict_keys(['python_operator']) retrieved from /opt/airflow/dags/operators/PythonOperator.py
[2022-07-30 16:51:27,581] {logging_mixin.py:115} INFO - [2022-07-30 16:51:27,580] {dag.py:2379} INFO - Sync 1 DAGs
[2022-07-30 16:51:27,643] {logging_mixin.py:115} INFO - [2022-07-30 16:51:27,643] {dag.py:2931} INFO - Setting next_dagrun for python_operator to 2022-07-29T00:00:00+00:00, run_after=2022-07-30T00:00:00+00:00
[2022-07-30 16:51:27,670] {processor.py:161} INFO - Processing /opt/airflow/dags/operators/PythonOperator.py took 0.213 seconds
[2022-07-30 16:51:58,015] {processor.py:153} INFO - Started process (PID=1223) to work on /opt/airflow/dags/operators/PythonOperator.py
[2022-07-30 16:51:58,024] {processor.py:641} INFO - Processing file /opt/airflow/dags/operators/PythonOperator.py for tasks to queue
[2022-07-30 16:51:58,024] {logging_mixin.py:115} INFO - [2022-07-30 16:51:58,024] {dagbag.py:507} INFO - Filling up the DagBag from /opt/airflow/dags/operators/PythonOperator.py
[2022-07-30 16:51:58,073] {processor.py:651} INFO - DAG(s) dict_keys(['python_operator']) retrieved from /opt/airflow/dags/operators/PythonOperator.py
[2022-07-30 16:51:58,120] {logging_mixin.py:115} INFO - [2022-07-30 16:51:58,120] {dag.py:2379} INFO - Sync 1 DAGs
[2022-07-30 16:51:58,174] {logging_mixin.py:115} INFO - [2022-07-30 16:51:58,174] {dag.py:2931} INFO - Setting next_dagrun for python_operator to 2022-07-29T00:00:00+00:00, run_after=2022-07-30T00:00:00+00:00
[2022-07-30 16:51:58,205] {processor.py:161} INFO - Processing /opt/airflow/dags/operators/PythonOperator.py took 0.194 seconds
[2022-07-30 16:52:28,800] {processor.py:153} INFO - Started process (PID=1295) to work on /opt/airflow/dags/operators/PythonOperator.py
[2022-07-30 16:52:28,803] {processor.py:641} INFO - Processing file /opt/airflow/dags/operators/PythonOperator.py for tasks to queue
[2022-07-30 16:52:28,805] {logging_mixin.py:115} INFO - [2022-07-30 16:52:28,805] {dagbag.py:507} INFO - Filling up the DagBag from /opt/airflow/dags/operators/PythonOperator.py
[2022-07-30 16:52:28,928] {processor.py:651} INFO - DAG(s) dict_keys(['python_operator']) retrieved from /opt/airflow/dags/operators/PythonOperator.py
[2022-07-30 16:52:29,024] {logging_mixin.py:115} INFO - [2022-07-30 16:52:29,023] {dag.py:2379} INFO - Sync 1 DAGs
[2022-07-30 16:52:29,134] {logging_mixin.py:115} INFO - [2022-07-30 16:52:29,134] {dag.py:2931} INFO - Setting next_dagrun for python_operator to 2022-07-29T00:00:00+00:00, run_after=2022-07-30T00:00:00+00:00
[2022-07-30 16:52:29,172] {processor.py:161} INFO - Processing /opt/airflow/dags/operators/PythonOperator.py took 0.392 seconds
[2022-07-30 16:52:59,633] {processor.py:153} INFO - Started process (PID=1366) to work on /opt/airflow/dags/operators/PythonOperator.py
[2022-07-30 16:52:59,633] {processor.py:641} INFO - Processing file /opt/airflow/dags/operators/PythonOperator.py for tasks to queue
[2022-07-30 16:52:59,634] {logging_mixin.py:115} INFO - [2022-07-30 16:52:59,634] {dagbag.py:507} INFO - Filling up the DagBag from /opt/airflow/dags/operators/PythonOperator.py
[2022-07-30 16:52:59,729] {processor.py:651} INFO - DAG(s) dict_keys(['python_operator']) retrieved from /opt/airflow/dags/operators/PythonOperator.py
[2022-07-30 16:52:59,844] {logging_mixin.py:115} INFO - [2022-07-30 16:52:59,844] {dag.py:2379} INFO - Sync 1 DAGs
[2022-07-30 16:52:59,945] {logging_mixin.py:115} INFO - [2022-07-30 16:52:59,945] {dag.py:2931} INFO - Setting next_dagrun for python_operator to 2022-07-29T00:00:00+00:00, run_after=2022-07-30T00:00:00+00:00
[2022-07-30 16:52:59,988] {processor.py:161} INFO - Processing /opt/airflow/dags/operators/PythonOperator.py took 0.360 seconds
[2022-07-30 16:53:30,153] {processor.py:153} INFO - Started process (PID=1454) to work on /opt/airflow/dags/operators/PythonOperator.py
[2022-07-30 16:53:30,154] {processor.py:641} INFO - Processing file /opt/airflow/dags/operators/PythonOperator.py for tasks to queue
[2022-07-30 16:53:30,155] {logging_mixin.py:115} INFO - [2022-07-30 16:53:30,154] {dagbag.py:507} INFO - Filling up the DagBag from /opt/airflow/dags/operators/PythonOperator.py
[2022-07-30 16:53:30,183] {processor.py:651} INFO - DAG(s) dict_keys(['python_operator']) retrieved from /opt/airflow/dags/operators/PythonOperator.py
[2022-07-30 16:53:30,203] {logging_mixin.py:115} INFO - [2022-07-30 16:53:30,203] {dag.py:2379} INFO - Sync 1 DAGs
[2022-07-30 16:53:30,235] {logging_mixin.py:115} INFO - [2022-07-30 16:53:30,235] {dag.py:2931} INFO - Setting next_dagrun for python_operator to 2022-07-29T00:00:00+00:00, run_after=2022-07-30T00:00:00+00:00
[2022-07-30 16:53:30,249] {processor.py:161} INFO - Processing /opt/airflow/dags/operators/PythonOperator.py took 0.100 seconds
[2022-07-30 16:54:00,963] {processor.py:153} INFO - Started process (PID=1531) to work on /opt/airflow/dags/operators/PythonOperator.py
[2022-07-30 16:54:00,964] {processor.py:641} INFO - Processing file /opt/airflow/dags/operators/PythonOperator.py for tasks to queue
[2022-07-30 16:54:00,965] {logging_mixin.py:115} INFO - [2022-07-30 16:54:00,965] {dagbag.py:507} INFO - Filling up the DagBag from /opt/airflow/dags/operators/PythonOperator.py
[2022-07-30 16:54:01,017] {processor.py:651} INFO - DAG(s) dict_keys(['python_operator']) retrieved from /opt/airflow/dags/operators/PythonOperator.py
[2022-07-30 16:54:01,059] {logging_mixin.py:115} INFO - [2022-07-30 16:54:01,059] {dag.py:2379} INFO - Sync 1 DAGs
[2022-07-30 16:54:01,170] {logging_mixin.py:115} INFO - [2022-07-30 16:54:01,167] {dag.py:2931} INFO - Setting next_dagrun for python_operator to 2022-07-29T00:00:00+00:00, run_after=2022-07-30T00:00:00+00:00
[2022-07-30 16:54:01,202] {processor.py:161} INFO - Processing /opt/airflow/dags/operators/PythonOperator.py took 0.246 seconds
[2022-07-30 16:54:31,308] {processor.py:153} INFO - Started process (PID=1605) to work on /opt/airflow/dags/operators/PythonOperator.py
[2022-07-30 16:54:31,309] {processor.py:641} INFO - Processing file /opt/airflow/dags/operators/PythonOperator.py for tasks to queue
[2022-07-30 16:54:31,309] {logging_mixin.py:115} INFO - [2022-07-30 16:54:31,309] {dagbag.py:507} INFO - Filling up the DagBag from /opt/airflow/dags/operators/PythonOperator.py
[2022-07-30 16:54:31,342] {processor.py:651} INFO - DAG(s) dict_keys(['python_operator']) retrieved from /opt/airflow/dags/operators/PythonOperator.py
[2022-07-30 16:54:31,366] {logging_mixin.py:115} INFO - [2022-07-30 16:54:31,366] {dag.py:2379} INFO - Sync 1 DAGs
[2022-07-30 16:54:31,428] {logging_mixin.py:115} INFO - [2022-07-30 16:54:31,427] {dag.py:2931} INFO - Setting next_dagrun for python_operator to 2022-07-29T00:00:00+00:00, run_after=2022-07-30T00:00:00+00:00
[2022-07-30 16:54:31,446] {processor.py:161} INFO - Processing /opt/airflow/dags/operators/PythonOperator.py took 0.144 seconds
[2022-07-30 16:55:01,552] {processor.py:153} INFO - Started process (PID=1688) to work on /opt/airflow/dags/operators/PythonOperator.py
[2022-07-30 16:55:01,554] {processor.py:641} INFO - Processing file /opt/airflow/dags/operators/PythonOperator.py for tasks to queue
[2022-07-30 16:55:01,554] {logging_mixin.py:115} INFO - [2022-07-30 16:55:01,554] {dagbag.py:507} INFO - Filling up the DagBag from /opt/airflow/dags/operators/PythonOperator.py
[2022-07-30 16:55:01,578] {processor.py:651} INFO - DAG(s) dict_keys(['python_operator']) retrieved from /opt/airflow/dags/operators/PythonOperator.py
[2022-07-30 16:55:01,594] {logging_mixin.py:115} INFO - [2022-07-30 16:55:01,594] {dag.py:2379} INFO - Sync 1 DAGs
[2022-07-30 16:55:01,620] {logging_mixin.py:115} INFO - [2022-07-30 16:55:01,619] {dag.py:2931} INFO - Setting next_dagrun for python_operator to 2022-07-29T00:00:00+00:00, run_after=2022-07-30T00:00:00+00:00
[2022-07-30 16:55:01,631] {processor.py:161} INFO - Processing /opt/airflow/dags/operators/PythonOperator.py took 0.083 seconds
[2022-07-30 16:55:32,039] {processor.py:153} INFO - Started process (PID=1766) to work on /opt/airflow/dags/operators/PythonOperator.py
[2022-07-30 16:55:32,040] {processor.py:641} INFO - Processing file /opt/airflow/dags/operators/PythonOperator.py for tasks to queue
[2022-07-30 16:55:32,040] {logging_mixin.py:115} INFO - [2022-07-30 16:55:32,040] {dagbag.py:507} INFO - Filling up the DagBag from /opt/airflow/dags/operators/PythonOperator.py
[2022-07-30 16:55:32,089] {processor.py:651} INFO - DAG(s) dict_keys(['python_operator']) retrieved from /opt/airflow/dags/operators/PythonOperator.py
[2022-07-30 16:55:32,112] {logging_mixin.py:115} INFO - [2022-07-30 16:55:32,111] {dag.py:2379} INFO - Sync 1 DAGs
[2022-07-30 16:55:32,148] {logging_mixin.py:115} INFO - [2022-07-30 16:55:32,148] {dag.py:2931} INFO - Setting next_dagrun for python_operator to 2022-07-29T00:00:00+00:00, run_after=2022-07-30T00:00:00+00:00
[2022-07-30 16:55:32,167] {processor.py:161} INFO - Processing /opt/airflow/dags/operators/PythonOperator.py took 0.137 seconds
[2022-07-30 16:56:02,421] {processor.py:153} INFO - Started process (PID=1851) to work on /opt/airflow/dags/operators/PythonOperator.py
[2022-07-30 16:56:02,422] {processor.py:641} INFO - Processing file /opt/airflow/dags/operators/PythonOperator.py for tasks to queue
[2022-07-30 16:56:02,423] {logging_mixin.py:115} INFO - [2022-07-30 16:56:02,423] {dagbag.py:507} INFO - Filling up the DagBag from /opt/airflow/dags/operators/PythonOperator.py
[2022-07-30 16:56:02,451] {processor.py:651} INFO - DAG(s) dict_keys(['python_operator']) retrieved from /opt/airflow/dags/operators/PythonOperator.py
[2022-07-30 16:56:02,471] {logging_mixin.py:115} INFO - [2022-07-30 16:56:02,471] {dag.py:2379} INFO - Sync 1 DAGs
[2022-07-30 16:56:02,503] {logging_mixin.py:115} INFO - [2022-07-30 16:56:02,503] {dag.py:2931} INFO - Setting next_dagrun for python_operator to 2022-07-29T00:00:00+00:00, run_after=2022-07-30T00:00:00+00:00
[2022-07-30 16:56:02,517] {processor.py:161} INFO - Processing /opt/airflow/dags/operators/PythonOperator.py took 0.100 seconds
[2022-07-30 16:56:33,032] {processor.py:153} INFO - Started process (PID=1924) to work on /opt/airflow/dags/operators/PythonOperator.py
[2022-07-30 16:56:33,033] {processor.py:641} INFO - Processing file /opt/airflow/dags/operators/PythonOperator.py for tasks to queue
[2022-07-30 16:56:33,033] {logging_mixin.py:115} INFO - [2022-07-30 16:56:33,033] {dagbag.py:507} INFO - Filling up the DagBag from /opt/airflow/dags/operators/PythonOperator.py
[2022-07-30 16:56:33,205] {processor.py:651} INFO - DAG(s) dict_keys(['python_operator']) retrieved from /opt/airflow/dags/operators/PythonOperator.py
[2022-07-30 16:56:33,321] {logging_mixin.py:115} INFO - [2022-07-30 16:56:33,320] {dag.py:2379} INFO - Sync 1 DAGs
[2022-07-30 16:56:33,398] {logging_mixin.py:115} INFO - [2022-07-30 16:56:33,398] {dag.py:2931} INFO - Setting next_dagrun for python_operator to 2022-07-29T00:00:00+00:00, run_after=2022-07-30T00:00:00+00:00
[2022-07-30 16:56:33,449] {processor.py:161} INFO - Processing /opt/airflow/dags/operators/PythonOperator.py took 0.424 seconds
[2022-07-30 16:57:03,508] {processor.py:153} INFO - Started process (PID=2006) to work on /opt/airflow/dags/operators/PythonOperator.py
[2022-07-30 16:57:03,509] {processor.py:641} INFO - Processing file /opt/airflow/dags/operators/PythonOperator.py for tasks to queue
[2022-07-30 16:57:03,509] {logging_mixin.py:115} INFO - [2022-07-30 16:57:03,509] {dagbag.py:507} INFO - Filling up the DagBag from /opt/airflow/dags/operators/PythonOperator.py
[2022-07-30 16:57:03,530] {processor.py:651} INFO - DAG(s) dict_keys(['python_operator']) retrieved from /opt/airflow/dags/operators/PythonOperator.py
[2022-07-30 16:57:03,544] {logging_mixin.py:115} INFO - [2022-07-30 16:57:03,544] {dag.py:2379} INFO - Sync 1 DAGs
[2022-07-30 16:57:03,569] {logging_mixin.py:115} INFO - [2022-07-30 16:57:03,569] {dag.py:2931} INFO - Setting next_dagrun for python_operator to 2022-07-29T00:00:00+00:00, run_after=2022-07-30T00:00:00+00:00
[2022-07-30 16:57:03,579] {processor.py:161} INFO - Processing /opt/airflow/dags/operators/PythonOperator.py took 0.074 seconds
[2022-07-30 16:57:34,394] {processor.py:153} INFO - Started process (PID=2078) to work on /opt/airflow/dags/operators/PythonOperator.py
[2022-07-30 16:57:34,394] {processor.py:641} INFO - Processing file /opt/airflow/dags/operators/PythonOperator.py for tasks to queue
[2022-07-30 16:57:34,395] {logging_mixin.py:115} INFO - [2022-07-30 16:57:34,395] {dagbag.py:507} INFO - Filling up the DagBag from /opt/airflow/dags/operators/PythonOperator.py
[2022-07-30 16:57:34,422] {processor.py:651} INFO - DAG(s) dict_keys(['python_operator']) retrieved from /opt/airflow/dags/operators/PythonOperator.py
[2022-07-30 16:57:34,441] {logging_mixin.py:115} INFO - [2022-07-30 16:57:34,441] {dag.py:2379} INFO - Sync 1 DAGs
[2022-07-30 16:57:34,473] {logging_mixin.py:115} INFO - [2022-07-30 16:57:34,473] {dag.py:2931} INFO - Setting next_dagrun for python_operator to 2022-07-29T00:00:00+00:00, run_after=2022-07-30T00:00:00+00:00
[2022-07-30 16:57:34,488] {processor.py:161} INFO - Processing /opt/airflow/dags/operators/PythonOperator.py took 0.098 seconds
[2022-07-30 16:58:04,966] {processor.py:153} INFO - Started process (PID=2161) to work on /opt/airflow/dags/operators/PythonOperator.py
[2022-07-30 16:58:04,967] {processor.py:641} INFO - Processing file /opt/airflow/dags/operators/PythonOperator.py for tasks to queue
[2022-07-30 16:58:04,968] {logging_mixin.py:115} INFO - [2022-07-30 16:58:04,968] {dagbag.py:507} INFO - Filling up the DagBag from /opt/airflow/dags/operators/PythonOperator.py
[2022-07-30 16:58:04,996] {processor.py:651} INFO - DAG(s) dict_keys(['python_operator']) retrieved from /opt/airflow/dags/operators/PythonOperator.py
[2022-07-30 16:58:05,016] {logging_mixin.py:115} INFO - [2022-07-30 16:58:05,016] {dag.py:2379} INFO - Sync 1 DAGs
[2022-07-30 16:58:05,049] {logging_mixin.py:115} INFO - [2022-07-30 16:58:05,049] {dag.py:2931} INFO - Setting next_dagrun for python_operator to 2022-07-29T00:00:00+00:00, run_after=2022-07-30T00:00:00+00:00
[2022-07-30 16:58:05,064] {processor.py:161} INFO - Processing /opt/airflow/dags/operators/PythonOperator.py took 0.101 seconds
[2022-07-30 16:58:35,238] {processor.py:153} INFO - Started process (PID=2234) to work on /opt/airflow/dags/operators/PythonOperator.py
[2022-07-30 16:58:35,238] {processor.py:641} INFO - Processing file /opt/airflow/dags/operators/PythonOperator.py for tasks to queue
[2022-07-30 16:58:35,239] {logging_mixin.py:115} INFO - [2022-07-30 16:58:35,239] {dagbag.py:507} INFO - Filling up the DagBag from /opt/airflow/dags/operators/PythonOperator.py
[2022-07-30 16:58:35,267] {processor.py:651} INFO - DAG(s) dict_keys(['python_operator']) retrieved from /opt/airflow/dags/operators/PythonOperator.py
[2022-07-30 16:58:35,286] {logging_mixin.py:115} INFO - [2022-07-30 16:58:35,286] {dag.py:2379} INFO - Sync 1 DAGs
[2022-07-30 16:58:35,319] {logging_mixin.py:115} INFO - [2022-07-30 16:58:35,319] {dag.py:2931} INFO - Setting next_dagrun for python_operator to 2022-07-29T00:00:00+00:00, run_after=2022-07-30T00:00:00+00:00
[2022-07-30 16:58:35,333] {processor.py:161} INFO - Processing /opt/airflow/dags/operators/PythonOperator.py took 0.100 seconds
[2022-07-30 16:59:05,933] {processor.py:153} INFO - Started process (PID=2319) to work on /opt/airflow/dags/operators/PythonOperator.py
[2022-07-30 16:59:05,947] {processor.py:641} INFO - Processing file /opt/airflow/dags/operators/PythonOperator.py for tasks to queue
[2022-07-30 16:59:05,947] {logging_mixin.py:115} INFO - [2022-07-30 16:59:05,947] {dagbag.py:507} INFO - Filling up the DagBag from /opt/airflow/dags/operators/PythonOperator.py
[2022-07-30 16:59:06,015] {processor.py:651} INFO - DAG(s) dict_keys(['python_operator']) retrieved from /opt/airflow/dags/operators/PythonOperator.py
[2022-07-30 16:59:06,048] {logging_mixin.py:115} INFO - [2022-07-30 16:59:06,048] {dag.py:2379} INFO - Sync 1 DAGs
[2022-07-30 16:59:06,154] {logging_mixin.py:115} INFO - [2022-07-30 16:59:06,154] {dag.py:2931} INFO - Setting next_dagrun for python_operator to 2022-07-29T00:00:00+00:00, run_after=2022-07-30T00:00:00+00:00
[2022-07-30 16:59:06,236] {processor.py:161} INFO - Processing /opt/airflow/dags/operators/PythonOperator.py took 0.306 seconds
[2022-07-30 16:59:36,989] {processor.py:153} INFO - Started process (PID=2395) to work on /opt/airflow/dags/operators/PythonOperator.py
[2022-07-30 16:59:36,989] {processor.py:641} INFO - Processing file /opt/airflow/dags/operators/PythonOperator.py for tasks to queue
[2022-07-30 16:59:36,990] {logging_mixin.py:115} INFO - [2022-07-30 16:59:36,989] {dagbag.py:507} INFO - Filling up the DagBag from /opt/airflow/dags/operators/PythonOperator.py
[2022-07-30 16:59:37,013] {processor.py:651} INFO - DAG(s) dict_keys(['python_operator']) retrieved from /opt/airflow/dags/operators/PythonOperator.py
[2022-07-30 16:59:37,029] {logging_mixin.py:115} INFO - [2022-07-30 16:59:37,029] {dag.py:2379} INFO - Sync 1 DAGs
[2022-07-30 16:59:37,060] {logging_mixin.py:115} INFO - [2022-07-30 16:59:37,060] {dag.py:2931} INFO - Setting next_dagrun for python_operator to 2022-07-29T00:00:00+00:00, run_after=2022-07-30T00:00:00+00:00
[2022-07-30 16:59:37,073] {processor.py:161} INFO - Processing /opt/airflow/dags/operators/PythonOperator.py took 0.087 seconds
[2022-07-30 17:00:07,447] {processor.py:153} INFO - Started process (PID=2476) to work on /opt/airflow/dags/operators/PythonOperator.py
[2022-07-30 17:00:07,448] {processor.py:641} INFO - Processing file /opt/airflow/dags/operators/PythonOperator.py for tasks to queue
[2022-07-30 17:00:07,448] {logging_mixin.py:115} INFO - [2022-07-30 17:00:07,448] {dagbag.py:507} INFO - Filling up the DagBag from /opt/airflow/dags/operators/PythonOperator.py
[2022-07-30 17:00:07,502] {processor.py:651} INFO - DAG(s) dict_keys(['python_operator']) retrieved from /opt/airflow/dags/operators/PythonOperator.py
[2022-07-30 17:00:07,545] {logging_mixin.py:115} INFO - [2022-07-30 17:00:07,545] {dag.py:2379} INFO - Sync 1 DAGs
[2022-07-30 17:00:07,607] {logging_mixin.py:115} INFO - [2022-07-30 17:00:07,607] {dag.py:2931} INFO - Setting next_dagrun for python_operator to 2022-07-29T00:00:00+00:00, run_after=2022-07-30T00:00:00+00:00
[2022-07-30 17:00:07,670] {processor.py:161} INFO - Processing /opt/airflow/dags/operators/PythonOperator.py took 0.233 seconds
[2022-07-30 17:00:37,912] {processor.py:153} INFO - Started process (PID=2553) to work on /opt/airflow/dags/operators/PythonOperator.py
[2022-07-30 17:00:37,913] {processor.py:641} INFO - Processing file /opt/airflow/dags/operators/PythonOperator.py for tasks to queue
[2022-07-30 17:00:37,913] {logging_mixin.py:115} INFO - [2022-07-30 17:00:37,913] {dagbag.py:507} INFO - Filling up the DagBag from /opt/airflow/dags/operators/PythonOperator.py
[2022-07-30 17:00:37,936] {processor.py:651} INFO - DAG(s) dict_keys(['python_operator']) retrieved from /opt/airflow/dags/operators/PythonOperator.py
[2022-07-30 17:00:37,951] {logging_mixin.py:115} INFO - [2022-07-30 17:00:37,950] {dag.py:2379} INFO - Sync 1 DAGs
[2022-07-30 17:00:37,973] {logging_mixin.py:115} INFO - [2022-07-30 17:00:37,973] {dag.py:2931} INFO - Setting next_dagrun for python_operator to 2022-07-29T00:00:00+00:00, run_after=2022-07-30T00:00:00+00:00
[2022-07-30 17:00:37,985] {processor.py:161} INFO - Processing /opt/airflow/dags/operators/PythonOperator.py took 0.076 seconds
[2022-07-30 17:01:08,291] {processor.py:153} INFO - Started process (PID=2629) to work on /opt/airflow/dags/operators/PythonOperator.py
[2022-07-30 17:01:08,292] {processor.py:641} INFO - Processing file /opt/airflow/dags/operators/PythonOperator.py for tasks to queue
[2022-07-30 17:01:08,293] {logging_mixin.py:115} INFO - [2022-07-30 17:01:08,293] {dagbag.py:507} INFO - Filling up the DagBag from /opt/airflow/dags/operators/PythonOperator.py
[2022-07-30 17:01:08,314] {processor.py:651} INFO - DAG(s) dict_keys(['python_operator']) retrieved from /opt/airflow/dags/operators/PythonOperator.py
[2022-07-30 17:01:08,328] {logging_mixin.py:115} INFO - [2022-07-30 17:01:08,328] {dag.py:2379} INFO - Sync 1 DAGs
[2022-07-30 17:01:08,348] {logging_mixin.py:115} INFO - [2022-07-30 17:01:08,348] {dag.py:2931} INFO - Setting next_dagrun for python_operator to 2022-07-29T00:00:00+00:00, run_after=2022-07-30T00:00:00+00:00
[2022-07-30 17:01:08,360] {processor.py:161} INFO - Processing /opt/airflow/dags/operators/PythonOperator.py took 0.071 seconds
[2022-07-30 17:01:38,597] {processor.py:153} INFO - Started process (PID=2701) to work on /opt/airflow/dags/operators/PythonOperator.py
[2022-07-30 17:01:38,597] {processor.py:641} INFO - Processing file /opt/airflow/dags/operators/PythonOperator.py for tasks to queue
[2022-07-30 17:01:38,598] {logging_mixin.py:115} INFO - [2022-07-30 17:01:38,597] {dagbag.py:507} INFO - Filling up the DagBag from /opt/airflow/dags/operators/PythonOperator.py
[2022-07-30 17:01:38,636] {processor.py:651} INFO - DAG(s) dict_keys(['python_operator']) retrieved from /opt/airflow/dags/operators/PythonOperator.py
[2022-07-30 17:01:38,656] {logging_mixin.py:115} INFO - [2022-07-30 17:01:38,656] {dag.py:2379} INFO - Sync 1 DAGs
[2022-07-30 17:01:38,688] {logging_mixin.py:115} INFO - [2022-07-30 17:01:38,688] {dag.py:2931} INFO - Setting next_dagrun for python_operator to 2022-07-29T00:00:00+00:00, run_after=2022-07-30T00:00:00+00:00
[2022-07-30 17:01:38,703] {processor.py:161} INFO - Processing /opt/airflow/dags/operators/PythonOperator.py took 0.110 seconds
[2022-07-30 17:02:09,044] {processor.py:153} INFO - Started process (PID=2788) to work on /opt/airflow/dags/operators/PythonOperator.py
[2022-07-30 17:02:09,046] {processor.py:641} INFO - Processing file /opt/airflow/dags/operators/PythonOperator.py for tasks to queue
[2022-07-30 17:02:09,047] {logging_mixin.py:115} INFO - [2022-07-30 17:02:09,047] {dagbag.py:507} INFO - Filling up the DagBag from /opt/airflow/dags/operators/PythonOperator.py
[2022-07-30 17:02:09,083] {processor.py:651} INFO - DAG(s) dict_keys(['python_operator']) retrieved from /opt/airflow/dags/operators/PythonOperator.py
[2022-07-30 17:02:09,106] {logging_mixin.py:115} INFO - [2022-07-30 17:02:09,106] {dag.py:2379} INFO - Sync 1 DAGs
[2022-07-30 17:02:09,157] {logging_mixin.py:115} INFO - [2022-07-30 17:02:09,156] {dag.py:2931} INFO - Setting next_dagrun for python_operator to 2022-07-29T00:00:00+00:00, run_after=2022-07-30T00:00:00+00:00
[2022-07-30 17:02:09,178] {processor.py:161} INFO - Processing /opt/airflow/dags/operators/PythonOperator.py took 0.138 seconds
[2022-07-30 17:02:39,398] {processor.py:153} INFO - Started process (PID=2864) to work on /opt/airflow/dags/operators/PythonOperator.py
[2022-07-30 17:02:39,399] {processor.py:641} INFO - Processing file /opt/airflow/dags/operators/PythonOperator.py for tasks to queue
[2022-07-30 17:02:39,400] {logging_mixin.py:115} INFO - [2022-07-30 17:02:39,400] {dagbag.py:507} INFO - Filling up the DagBag from /opt/airflow/dags/operators/PythonOperator.py
[2022-07-30 17:02:39,437] {processor.py:651} INFO - DAG(s) dict_keys(['python_operator']) retrieved from /opt/airflow/dags/operators/PythonOperator.py
[2022-07-30 17:02:39,473] {logging_mixin.py:115} INFO - [2022-07-30 17:02:39,472] {dag.py:2379} INFO - Sync 1 DAGs
[2022-07-30 17:02:39,519] {logging_mixin.py:115} INFO - [2022-07-30 17:02:39,519] {dag.py:2931} INFO - Setting next_dagrun for python_operator to 2022-07-29T00:00:00+00:00, run_after=2022-07-30T00:00:00+00:00
[2022-07-30 17:02:39,540] {processor.py:161} INFO - Processing /opt/airflow/dags/operators/PythonOperator.py took 0.148 seconds
[2022-07-30 17:03:09,621] {processor.py:153} INFO - Started process (PID=2945) to work on /opt/airflow/dags/operators/PythonOperator.py
[2022-07-30 17:03:09,624] {processor.py:641} INFO - Processing file /opt/airflow/dags/operators/PythonOperator.py for tasks to queue
[2022-07-30 17:03:09,624] {logging_mixin.py:115} INFO - [2022-07-30 17:03:09,624] {dagbag.py:507} INFO - Filling up the DagBag from /opt/airflow/dags/operators/PythonOperator.py
[2022-07-30 17:03:09,682] {processor.py:651} INFO - DAG(s) dict_keys(['python_operator']) retrieved from /opt/airflow/dags/operators/PythonOperator.py
[2022-07-30 17:03:09,722] {logging_mixin.py:115} INFO - [2022-07-30 17:03:09,722] {dag.py:2379} INFO - Sync 1 DAGs
[2022-07-30 17:03:09,785] {logging_mixin.py:115} INFO - [2022-07-30 17:03:09,785] {dag.py:2931} INFO - Setting next_dagrun for python_operator to 2022-07-29T00:00:00+00:00, run_after=2022-07-30T00:00:00+00:00
[2022-07-30 17:03:09,818] {processor.py:161} INFO - Processing /opt/airflow/dags/operators/PythonOperator.py took 0.204 seconds
[2022-07-30 17:03:40,082] {processor.py:153} INFO - Started process (PID=3022) to work on /opt/airflow/dags/operators/PythonOperator.py
[2022-07-30 17:03:40,083] {processor.py:641} INFO - Processing file /opt/airflow/dags/operators/PythonOperator.py for tasks to queue
[2022-07-30 17:03:40,083] {logging_mixin.py:115} INFO - [2022-07-30 17:03:40,083] {dagbag.py:507} INFO - Filling up the DagBag from /opt/airflow/dags/operators/PythonOperator.py
[2022-07-30 17:03:40,106] {processor.py:651} INFO - DAG(s) dict_keys(['python_operator']) retrieved from /opt/airflow/dags/operators/PythonOperator.py
[2022-07-30 17:03:40,121] {logging_mixin.py:115} INFO - [2022-07-30 17:03:40,120] {dag.py:2379} INFO - Sync 1 DAGs
[2022-07-30 17:03:40,145] {logging_mixin.py:115} INFO - [2022-07-30 17:03:40,145] {dag.py:2931} INFO - Setting next_dagrun for python_operator to 2022-07-29T00:00:00+00:00, run_after=2022-07-30T00:00:00+00:00
[2022-07-30 17:03:40,158] {processor.py:161} INFO - Processing /opt/airflow/dags/operators/PythonOperator.py took 0.079 seconds
[2022-07-30 17:04:10,542] {processor.py:153} INFO - Started process (PID=3094) to work on /opt/airflow/dags/operators/PythonOperator.py
[2022-07-30 17:04:10,543] {processor.py:641} INFO - Processing file /opt/airflow/dags/operators/PythonOperator.py for tasks to queue
[2022-07-30 17:04:10,543] {logging_mixin.py:115} INFO - [2022-07-30 17:04:10,543] {dagbag.py:507} INFO - Filling up the DagBag from /opt/airflow/dags/operators/PythonOperator.py
[2022-07-30 17:04:10,590] {processor.py:651} INFO - DAG(s) dict_keys(['python_operator']) retrieved from /opt/airflow/dags/operators/PythonOperator.py
[2022-07-30 17:04:10,615] {logging_mixin.py:115} INFO - [2022-07-30 17:04:10,615] {dag.py:2379} INFO - Sync 1 DAGs
[2022-07-30 17:04:10,680] {logging_mixin.py:115} INFO - [2022-07-30 17:04:10,680] {dag.py:2931} INFO - Setting next_dagrun for python_operator to 2022-07-29T00:00:00+00:00, run_after=2022-07-30T00:00:00+00:00
[2022-07-30 17:04:10,916] {processor.py:161} INFO - Processing /opt/airflow/dags/operators/PythonOperator.py took 0.379 seconds
[2022-07-30 17:04:41,330] {processor.py:153} INFO - Started process (PID=3179) to work on /opt/airflow/dags/operators/PythonOperator.py
[2022-07-30 17:04:41,330] {processor.py:641} INFO - Processing file /opt/airflow/dags/operators/PythonOperator.py for tasks to queue
[2022-07-30 17:04:41,331] {logging_mixin.py:115} INFO - [2022-07-30 17:04:41,331] {dagbag.py:507} INFO - Filling up the DagBag from /opt/airflow/dags/operators/PythonOperator.py
[2022-07-30 17:04:41,360] {processor.py:651} INFO - DAG(s) dict_keys(['python_operator']) retrieved from /opt/airflow/dags/operators/PythonOperator.py
[2022-07-30 17:04:41,377] {logging_mixin.py:115} INFO - [2022-07-30 17:04:41,377] {dag.py:2379} INFO - Sync 1 DAGs
[2022-07-30 17:04:41,401] {logging_mixin.py:115} INFO - [2022-07-30 17:04:41,401] {dag.py:2931} INFO - Setting next_dagrun for python_operator to 2022-07-29T00:00:00+00:00, run_after=2022-07-30T00:00:00+00:00
[2022-07-30 17:04:41,545] {processor.py:161} INFO - Processing /opt/airflow/dags/operators/PythonOperator.py took 0.219 seconds
[2022-07-30 17:05:12,013] {processor.py:153} INFO - Started process (PID=3253) to work on /opt/airflow/dags/operators/PythonOperator.py
[2022-07-30 17:05:12,014] {processor.py:641} INFO - Processing file /opt/airflow/dags/operators/PythonOperator.py for tasks to queue
[2022-07-30 17:05:12,014] {logging_mixin.py:115} INFO - [2022-07-30 17:05:12,014] {dagbag.py:507} INFO - Filling up the DagBag from /opt/airflow/dags/operators/PythonOperator.py
[2022-07-30 17:05:12,042] {processor.py:651} INFO - DAG(s) dict_keys(['python_operator']) retrieved from /opt/airflow/dags/operators/PythonOperator.py
[2022-07-30 17:05:12,062] {logging_mixin.py:115} INFO - [2022-07-30 17:05:12,062] {dag.py:2379} INFO - Sync 1 DAGs
[2022-07-30 17:05:12,096] {logging_mixin.py:115} INFO - [2022-07-30 17:05:12,096] {dag.py:2931} INFO - Setting next_dagrun for python_operator to 2022-07-29T00:00:00+00:00, run_after=2022-07-30T00:00:00+00:00
[2022-07-30 17:05:12,266] {processor.py:161} INFO - Processing /opt/airflow/dags/operators/PythonOperator.py took 0.257 seconds
[2022-07-30 17:05:42,564] {processor.py:153} INFO - Started process (PID=3339) to work on /opt/airflow/dags/operators/PythonOperator.py
[2022-07-30 17:05:42,564] {processor.py:641} INFO - Processing file /opt/airflow/dags/operators/PythonOperator.py for tasks to queue
[2022-07-30 17:05:42,565] {logging_mixin.py:115} INFO - [2022-07-30 17:05:42,565] {dagbag.py:507} INFO - Filling up the DagBag from /opt/airflow/dags/operators/PythonOperator.py
[2022-07-30 17:05:42,597] {processor.py:651} INFO - DAG(s) dict_keys(['python_operator']) retrieved from /opt/airflow/dags/operators/PythonOperator.py
[2022-07-30 17:05:42,616] {logging_mixin.py:115} INFO - [2022-07-30 17:05:42,616] {dag.py:2379} INFO - Sync 1 DAGs
[2022-07-30 17:05:42,646] {logging_mixin.py:115} INFO - [2022-07-30 17:05:42,646] {dag.py:2931} INFO - Setting next_dagrun for python_operator to 2022-07-29T00:00:00+00:00, run_after=2022-07-30T00:00:00+00:00
[2022-07-30 17:05:42,811] {processor.py:161} INFO - Processing /opt/airflow/dags/operators/PythonOperator.py took 0.251 seconds
[2022-07-30 17:06:13,152] {processor.py:153} INFO - Started process (PID=3418) to work on /opt/airflow/dags/operators/PythonOperator.py
[2022-07-30 17:06:13,152] {processor.py:641} INFO - Processing file /opt/airflow/dags/operators/PythonOperator.py for tasks to queue
[2022-07-30 17:06:13,153] {logging_mixin.py:115} INFO - [2022-07-30 17:06:13,153] {dagbag.py:507} INFO - Filling up the DagBag from /opt/airflow/dags/operators/PythonOperator.py
[2022-07-30 17:06:13,182] {processor.py:651} INFO - DAG(s) dict_keys(['python_operator']) retrieved from /opt/airflow/dags/operators/PythonOperator.py
[2022-07-30 17:06:13,219] {logging_mixin.py:115} INFO - [2022-07-30 17:06:13,219] {dag.py:2379} INFO - Sync 1 DAGs
[2022-07-30 17:06:13,274] {logging_mixin.py:115} INFO - [2022-07-30 17:06:13,274] {dag.py:2931} INFO - Setting next_dagrun for python_operator to 2022-07-29T00:00:00+00:00, run_after=2022-07-30T00:00:00+00:00
[2022-07-30 17:06:13,724] {processor.py:161} INFO - Processing /opt/airflow/dags/operators/PythonOperator.py took 0.576 seconds
[2022-07-30 17:06:43,796] {processor.py:153} INFO - Started process (PID=3502) to work on /opt/airflow/dags/operators/PythonOperator.py
[2022-07-30 17:06:43,796] {processor.py:641} INFO - Processing file /opt/airflow/dags/operators/PythonOperator.py for tasks to queue
[2022-07-30 17:06:43,797] {logging_mixin.py:115} INFO - [2022-07-30 17:06:43,797] {dagbag.py:507} INFO - Filling up the DagBag from /opt/airflow/dags/operators/PythonOperator.py
[2022-07-30 17:06:43,827] {processor.py:651} INFO - DAG(s) dict_keys(['python_operator']) retrieved from /opt/airflow/dags/operators/PythonOperator.py
[2022-07-30 17:06:43,845] {logging_mixin.py:115} INFO - [2022-07-30 17:06:43,845] {dag.py:2379} INFO - Sync 1 DAGs
[2022-07-30 17:06:43,870] {logging_mixin.py:115} INFO - [2022-07-30 17:06:43,870] {dag.py:2931} INFO - Setting next_dagrun for python_operator to 2022-07-29T00:00:00+00:00, run_after=2022-07-30T00:00:00+00:00
[2022-07-30 17:06:44,021] {processor.py:161} INFO - Processing /opt/airflow/dags/operators/PythonOperator.py took 0.230 seconds
[2022-07-30 17:07:14,128] {processor.py:153} INFO - Started process (PID=3575) to work on /opt/airflow/dags/operators/PythonOperator.py
[2022-07-30 17:07:14,130] {processor.py:641} INFO - Processing file /opt/airflow/dags/operators/PythonOperator.py for tasks to queue
[2022-07-30 17:07:14,130] {logging_mixin.py:115} INFO - [2022-07-30 17:07:14,130] {dagbag.py:507} INFO - Filling up the DagBag from /opt/airflow/dags/operators/PythonOperator.py
[2022-07-30 17:07:14,151] {processor.py:651} INFO - DAG(s) dict_keys(['python_operator']) retrieved from /opt/airflow/dags/operators/PythonOperator.py
[2022-07-30 17:07:14,165] {logging_mixin.py:115} INFO - [2022-07-30 17:07:14,165] {dag.py:2379} INFO - Sync 1 DAGs
[2022-07-30 17:07:14,187] {logging_mixin.py:115} INFO - [2022-07-30 17:07:14,187] {dag.py:2931} INFO - Setting next_dagrun for python_operator to 2022-07-29T00:00:00+00:00, run_after=2022-07-30T00:00:00+00:00
[2022-07-30 17:07:14,327] {processor.py:161} INFO - Processing /opt/airflow/dags/operators/PythonOperator.py took 0.201 seconds
[2022-07-30 17:07:44,741] {processor.py:153} INFO - Started process (PID=3656) to work on /opt/airflow/dags/operators/PythonOperator.py
[2022-07-30 17:07:44,741] {processor.py:641} INFO - Processing file /opt/airflow/dags/operators/PythonOperator.py for tasks to queue
[2022-07-30 17:07:44,741] {logging_mixin.py:115} INFO - [2022-07-30 17:07:44,741] {dagbag.py:507} INFO - Filling up the DagBag from /opt/airflow/dags/operators/PythonOperator.py
[2022-07-30 17:07:44,763] {processor.py:651} INFO - DAG(s) dict_keys(['python_operator']) retrieved from /opt/airflow/dags/operators/PythonOperator.py
[2022-07-30 17:07:44,777] {logging_mixin.py:115} INFO - [2022-07-30 17:07:44,777] {dag.py:2379} INFO - Sync 1 DAGs
[2022-07-30 17:07:44,809] {logging_mixin.py:115} INFO - [2022-07-30 17:07:44,808] {dag.py:2931} INFO - Setting next_dagrun for python_operator to 2022-07-29T00:00:00+00:00, run_after=2022-07-30T00:00:00+00:00
[2022-07-30 17:07:44,951] {processor.py:161} INFO - Processing /opt/airflow/dags/operators/PythonOperator.py took 0.213 seconds
[2022-07-30 17:08:15,852] {processor.py:153} INFO - Started process (PID=3733) to work on /opt/airflow/dags/operators/PythonOperator.py
[2022-07-30 17:08:15,853] {processor.py:641} INFO - Processing file /opt/airflow/dags/operators/PythonOperator.py for tasks to queue
[2022-07-30 17:08:15,853] {logging_mixin.py:115} INFO - [2022-07-30 17:08:15,853] {dagbag.py:507} INFO - Filling up the DagBag from /opt/airflow/dags/operators/PythonOperator.py
[2022-07-30 17:08:15,874] {processor.py:651} INFO - DAG(s) dict_keys(['python_operator']) retrieved from /opt/airflow/dags/operators/PythonOperator.py
[2022-07-30 17:08:15,887] {logging_mixin.py:115} INFO - [2022-07-30 17:08:15,887] {dag.py:2379} INFO - Sync 1 DAGs
[2022-07-30 17:08:15,909] {logging_mixin.py:115} INFO - [2022-07-30 17:08:15,909] {dag.py:2931} INFO - Setting next_dagrun for python_operator to 2022-07-29T00:00:00+00:00, run_after=2022-07-30T00:00:00+00:00
[2022-07-30 17:08:16,046] {processor.py:161} INFO - Processing /opt/airflow/dags/operators/PythonOperator.py took 0.197 seconds
[2022-07-30 17:08:46,607] {processor.py:153} INFO - Started process (PID=3819) to work on /opt/airflow/dags/operators/PythonOperator.py
[2022-07-30 17:08:46,608] {processor.py:641} INFO - Processing file /opt/airflow/dags/operators/PythonOperator.py for tasks to queue
[2022-07-30 17:08:46,608] {logging_mixin.py:115} INFO - [2022-07-30 17:08:46,608] {dagbag.py:507} INFO - Filling up the DagBag from /opt/airflow/dags/operators/PythonOperator.py
[2022-07-30 17:08:46,631] {processor.py:651} INFO - DAG(s) dict_keys(['python_operator']) retrieved from /opt/airflow/dags/operators/PythonOperator.py
[2022-07-30 17:08:46,645] {logging_mixin.py:115} INFO - [2022-07-30 17:08:46,645] {dag.py:2379} INFO - Sync 1 DAGs
[2022-07-30 17:08:46,667] {logging_mixin.py:115} INFO - [2022-07-30 17:08:46,666] {dag.py:2931} INFO - Setting next_dagrun for python_operator to 2022-07-29T00:00:00+00:00, run_after=2022-07-30T00:00:00+00:00
[2022-07-30 17:08:46,830] {processor.py:161} INFO - Processing /opt/airflow/dags/operators/PythonOperator.py took 0.226 seconds
[2022-07-30 17:09:17,048] {processor.py:153} INFO - Started process (PID=3891) to work on /opt/airflow/dags/operators/PythonOperator.py
[2022-07-30 17:09:17,048] {processor.py:641} INFO - Processing file /opt/airflow/dags/operators/PythonOperator.py for tasks to queue
[2022-07-30 17:09:17,049] {logging_mixin.py:115} INFO - [2022-07-30 17:09:17,049] {dagbag.py:507} INFO - Filling up the DagBag from /opt/airflow/dags/operators/PythonOperator.py
[2022-07-30 17:09:17,077] {processor.py:651} INFO - DAG(s) dict_keys(['python_operator']) retrieved from /opt/airflow/dags/operators/PythonOperator.py
[2022-07-30 17:09:17,097] {logging_mixin.py:115} INFO - [2022-07-30 17:09:17,096] {dag.py:2379} INFO - Sync 1 DAGs
[2022-07-30 17:09:17,294] {logging_mixin.py:115} INFO - [2022-07-30 17:09:17,294] {dag.py:2931} INFO - Setting next_dagrun for python_operator to 2022-07-29T00:00:00+00:00, run_after=2022-07-30T00:00:00+00:00
[2022-07-30 17:09:17,307] {processor.py:161} INFO - Processing /opt/airflow/dags/operators/PythonOperator.py took 0.263 seconds
[2022-07-30 17:09:47,539] {processor.py:153} INFO - Started process (PID=3971) to work on /opt/airflow/dags/operators/PythonOperator.py
[2022-07-30 17:09:47,540] {processor.py:641} INFO - Processing file /opt/airflow/dags/operators/PythonOperator.py for tasks to queue
[2022-07-30 17:09:47,540] {logging_mixin.py:115} INFO - [2022-07-30 17:09:47,540] {dagbag.py:507} INFO - Filling up the DagBag from /opt/airflow/dags/operators/PythonOperator.py
[2022-07-30 17:09:47,568] {processor.py:651} INFO - DAG(s) dict_keys(['python_operator']) retrieved from /opt/airflow/dags/operators/PythonOperator.py
[2022-07-30 17:09:47,588] {logging_mixin.py:115} INFO - [2022-07-30 17:09:47,587] {dag.py:2379} INFO - Sync 1 DAGs
[2022-07-30 17:09:48,024] {logging_mixin.py:115} INFO - [2022-07-30 17:09:48,024] {dag.py:2931} INFO - Setting next_dagrun for python_operator to 2022-07-29T00:00:00+00:00, run_after=2022-07-30T00:00:00+00:00
[2022-07-30 17:09:48,038] {processor.py:161} INFO - Processing /opt/airflow/dags/operators/PythonOperator.py took 0.503 seconds
[2022-07-30 17:10:18,502] {processor.py:153} INFO - Started process (PID=4045) to work on /opt/airflow/dags/operators/PythonOperator.py
[2022-07-30 17:10:18,512] {processor.py:641} INFO - Processing file /opt/airflow/dags/operators/PythonOperator.py for tasks to queue
[2022-07-30 17:10:18,512] {logging_mixin.py:115} INFO - [2022-07-30 17:10:18,512] {dagbag.py:507} INFO - Filling up the DagBag from /opt/airflow/dags/operators/PythonOperator.py
[2022-07-30 17:10:18,585] {processor.py:651} INFO - DAG(s) dict_keys(['python_operator']) retrieved from /opt/airflow/dags/operators/PythonOperator.py
[2022-07-30 17:10:18,644] {logging_mixin.py:115} INFO - [2022-07-30 17:10:18,644] {dag.py:2379} INFO - Sync 1 DAGs
[2022-07-30 17:10:19,650] {logging_mixin.py:115} INFO - [2022-07-30 17:10:19,649] {dag.py:2931} INFO - Setting next_dagrun for python_operator to 2022-07-29T00:00:00+00:00, run_after=2022-07-30T00:00:00+00:00
[2022-07-30 17:10:19,671] {processor.py:161} INFO - Processing /opt/airflow/dags/operators/PythonOperator.py took 1.186 seconds
[2022-07-30 17:10:50,179] {processor.py:153} INFO - Started process (PID=4138) to work on /opt/airflow/dags/operators/PythonOperator.py
[2022-07-30 17:10:50,180] {processor.py:641} INFO - Processing file /opt/airflow/dags/operators/PythonOperator.py for tasks to queue
[2022-07-30 17:10:50,180] {logging_mixin.py:115} INFO - [2022-07-30 17:10:50,180] {dagbag.py:507} INFO - Filling up the DagBag from /opt/airflow/dags/operators/PythonOperator.py
[2022-07-30 17:10:50,210] {processor.py:651} INFO - DAG(s) dict_keys(['python_operator']) retrieved from /opt/airflow/dags/operators/PythonOperator.py
[2022-07-30 17:10:50,236] {logging_mixin.py:115} INFO - [2022-07-30 17:10:50,236] {dag.py:2379} INFO - Sync 1 DAGs
[2022-07-30 17:10:50,506] {logging_mixin.py:115} INFO - [2022-07-30 17:10:50,506] {dag.py:2931} INFO - Setting next_dagrun for python_operator to 2022-07-29T00:00:00+00:00, run_after=2022-07-30T00:00:00+00:00
[2022-07-30 17:10:50,535] {processor.py:161} INFO - Processing /opt/airflow/dags/operators/PythonOperator.py took 0.360 seconds
[2022-07-30 17:11:20,834] {processor.py:153} INFO - Started process (PID=4210) to work on /opt/airflow/dags/operators/PythonOperator.py
[2022-07-30 17:11:20,835] {processor.py:641} INFO - Processing file /opt/airflow/dags/operators/PythonOperator.py for tasks to queue
[2022-07-30 17:11:20,835] {logging_mixin.py:115} INFO - [2022-07-30 17:11:20,835] {dagbag.py:507} INFO - Filling up the DagBag from /opt/airflow/dags/operators/PythonOperator.py
[2022-07-30 17:11:20,858] {processor.py:651} INFO - DAG(s) dict_keys(['python_operator']) retrieved from /opt/airflow/dags/operators/PythonOperator.py
[2022-07-30 17:11:20,875] {logging_mixin.py:115} INFO - [2022-07-30 17:11:20,875] {dag.py:2379} INFO - Sync 1 DAGs
[2022-07-30 17:11:21,028] {logging_mixin.py:115} INFO - [2022-07-30 17:11:21,027] {dag.py:2931} INFO - Setting next_dagrun for python_operator to 2022-07-29T00:00:00+00:00, run_after=2022-07-30T00:00:00+00:00
[2022-07-30 17:11:21,040] {processor.py:161} INFO - Processing /opt/airflow/dags/operators/PythonOperator.py took 0.210 seconds
[2022-07-30 17:11:51,675] {processor.py:153} INFO - Started process (PID=4291) to work on /opt/airflow/dags/operators/PythonOperator.py
[2022-07-30 17:11:51,693] {processor.py:641} INFO - Processing file /opt/airflow/dags/operators/PythonOperator.py for tasks to queue
[2022-07-30 17:11:51,694] {logging_mixin.py:115} INFO - [2022-07-30 17:11:51,693] {dagbag.py:507} INFO - Filling up the DagBag from /opt/airflow/dags/operators/PythonOperator.py
[2022-07-30 17:11:51,852] {processor.py:651} INFO - DAG(s) dict_keys(['python_operator']) retrieved from /opt/airflow/dags/operators/PythonOperator.py
[2022-07-30 17:11:51,962] {logging_mixin.py:115} INFO - [2022-07-30 17:11:51,962] {dag.py:2379} INFO - Sync 1 DAGs
[2022-07-30 17:11:52,638] {logging_mixin.py:115} INFO - [2022-07-30 17:11:52,638] {dag.py:2931} INFO - Setting next_dagrun for python_operator to 2022-07-29T00:00:00+00:00, run_after=2022-07-30T00:00:00+00:00
[2022-07-30 17:11:52,672] {processor.py:161} INFO - Processing /opt/airflow/dags/operators/PythonOperator.py took 1.021 seconds
[2022-07-30 17:12:23,403] {processor.py:153} INFO - Started process (PID=4362) to work on /opt/airflow/dags/operators/PythonOperator.py
[2022-07-30 17:12:23,424] {processor.py:641} INFO - Processing file /opt/airflow/dags/operators/PythonOperator.py for tasks to queue
[2022-07-30 17:12:23,425] {logging_mixin.py:115} INFO - [2022-07-30 17:12:23,424] {dagbag.py:507} INFO - Filling up the DagBag from /opt/airflow/dags/operators/PythonOperator.py
[2022-07-30 17:12:23,525] {processor.py:651} INFO - DAG(s) dict_keys(['python_operator']) retrieved from /opt/airflow/dags/operators/PythonOperator.py
[2022-07-30 17:12:23,599] {logging_mixin.py:115} INFO - [2022-07-30 17:12:23,598] {dag.py:2379} INFO - Sync 1 DAGs
[2022-07-30 17:12:24,024] {logging_mixin.py:115} INFO - [2022-07-30 17:12:24,024] {dag.py:2931} INFO - Setting next_dagrun for python_operator to 2022-07-29T00:00:00+00:00, run_after=2022-07-30T00:00:00+00:00
[2022-07-30 17:12:24,056] {processor.py:161} INFO - Processing /opt/airflow/dags/operators/PythonOperator.py took 0.656 seconds
[2022-07-30 17:12:54,675] {processor.py:153} INFO - Started process (PID=4438) to work on /opt/airflow/dags/operators/PythonOperator.py
[2022-07-30 17:12:54,677] {processor.py:641} INFO - Processing file /opt/airflow/dags/operators/PythonOperator.py for tasks to queue
[2022-07-30 17:12:54,678] {logging_mixin.py:115} INFO - [2022-07-30 17:12:54,678] {dagbag.py:507} INFO - Filling up the DagBag from /opt/airflow/dags/operators/PythonOperator.py
[2022-07-30 17:12:54,748] {processor.py:651} INFO - DAG(s) dict_keys(['python_operator']) retrieved from /opt/airflow/dags/operators/PythonOperator.py
[2022-07-30 17:12:54,796] {logging_mixin.py:115} INFO - [2022-07-30 17:12:54,795] {dag.py:2379} INFO - Sync 1 DAGs
[2022-07-30 17:12:55,170] {logging_mixin.py:115} INFO - [2022-07-30 17:12:55,170] {dag.py:2931} INFO - Setting next_dagrun for python_operator to 2022-07-29T00:00:00+00:00, run_after=2022-07-30T00:00:00+00:00
[2022-07-30 17:12:55,191] {processor.py:161} INFO - Processing /opt/airflow/dags/operators/PythonOperator.py took 0.521 seconds
[2022-07-30 17:13:26,698] {processor.py:153} INFO - Started process (PID=4513) to work on /opt/airflow/dags/operators/PythonOperator.py
[2022-07-30 17:13:26,699] {processor.py:641} INFO - Processing file /opt/airflow/dags/operators/PythonOperator.py for tasks to queue
[2022-07-30 17:13:26,700] {logging_mixin.py:115} INFO - [2022-07-30 17:13:26,700] {dagbag.py:507} INFO - Filling up the DagBag from /opt/airflow/dags/operators/PythonOperator.py
[2022-07-30 17:13:26,747] {processor.py:651} INFO - DAG(s) dict_keys(['python_operator']) retrieved from /opt/airflow/dags/operators/PythonOperator.py
[2022-07-30 17:13:26,796] {logging_mixin.py:115} INFO - [2022-07-30 17:13:26,796] {dag.py:2379} INFO - Sync 1 DAGs
[2022-07-30 17:13:27,175] {logging_mixin.py:115} INFO - [2022-07-30 17:13:27,175] {dag.py:2931} INFO - Setting next_dagrun for python_operator to 2022-07-29T00:00:00+00:00, run_after=2022-07-30T00:00:00+00:00
[2022-07-30 17:13:27,222] {processor.py:161} INFO - Processing /opt/airflow/dags/operators/PythonOperator.py took 0.538 seconds
[2022-07-30 17:13:57,598] {processor.py:153} INFO - Started process (PID=4593) to work on /opt/airflow/dags/operators/PythonOperator.py
[2022-07-30 17:13:57,598] {processor.py:641} INFO - Processing file /opt/airflow/dags/operators/PythonOperator.py for tasks to queue
[2022-07-30 17:13:57,598] {logging_mixin.py:115} INFO - [2022-07-30 17:13:57,598] {dagbag.py:507} INFO - Filling up the DagBag from /opt/airflow/dags/operators/PythonOperator.py
[2022-07-30 17:13:57,619] {processor.py:651} INFO - DAG(s) dict_keys(['python_operator']) retrieved from /opt/airflow/dags/operators/PythonOperator.py
[2022-07-30 17:13:57,633] {logging_mixin.py:115} INFO - [2022-07-30 17:13:57,632] {dag.py:2379} INFO - Sync 1 DAGs
[2022-07-30 17:13:57,784] {logging_mixin.py:115} INFO - [2022-07-30 17:13:57,784] {dag.py:2931} INFO - Setting next_dagrun for python_operator to 2022-07-29T00:00:00+00:00, run_after=2022-07-30T00:00:00+00:00
[2022-07-30 17:13:57,793] {processor.py:161} INFO - Processing /opt/airflow/dags/operators/PythonOperator.py took 0.199 seconds
[2022-07-30 17:14:28,027] {processor.py:153} INFO - Started process (PID=4665) to work on /opt/airflow/dags/operators/PythonOperator.py
[2022-07-30 17:14:28,028] {processor.py:641} INFO - Processing file /opt/airflow/dags/operators/PythonOperator.py for tasks to queue
[2022-07-30 17:14:28,028] {logging_mixin.py:115} INFO - [2022-07-30 17:14:28,028] {dagbag.py:507} INFO - Filling up the DagBag from /opt/airflow/dags/operators/PythonOperator.py
[2022-07-30 17:14:28,055] {processor.py:651} INFO - DAG(s) dict_keys(['python_operator']) retrieved from /opt/airflow/dags/operators/PythonOperator.py
[2022-07-30 17:14:28,073] {logging_mixin.py:115} INFO - [2022-07-30 17:14:28,073] {dag.py:2379} INFO - Sync 1 DAGs
[2022-07-30 17:14:28,104] {logging_mixin.py:115} INFO - [2022-07-30 17:14:28,104] {dag.py:2931} INFO - Setting next_dagrun for python_operator to 2022-07-29T00:00:00+00:00, run_after=2022-07-30T00:00:00+00:00
[2022-07-30 17:14:28,118] {processor.py:161} INFO - Processing /opt/airflow/dags/operators/PythonOperator.py took 0.095 seconds
[2022-07-30 17:14:58,174] {processor.py:153} INFO - Started process (PID=4735) to work on /opt/airflow/dags/operators/PythonOperator.py
[2022-07-30 17:14:58,174] {processor.py:641} INFO - Processing file /opt/airflow/dags/operators/PythonOperator.py for tasks to queue
[2022-07-30 17:14:58,175] {logging_mixin.py:115} INFO - [2022-07-30 17:14:58,175] {dagbag.py:507} INFO - Filling up the DagBag from /opt/airflow/dags/operators/PythonOperator.py
[2022-07-30 17:14:58,200] {processor.py:651} INFO - DAG(s) dict_keys(['python_operator']) retrieved from /opt/airflow/dags/operators/PythonOperator.py
[2022-07-30 17:14:58,216] {logging_mixin.py:115} INFO - [2022-07-30 17:14:58,216] {dag.py:2379} INFO - Sync 1 DAGs
[2022-07-30 17:14:58,246] {logging_mixin.py:115} INFO - [2022-07-30 17:14:58,245] {dag.py:2931} INFO - Setting next_dagrun for python_operator to 2022-07-29T00:00:00+00:00, run_after=2022-07-30T00:00:00+00:00
[2022-07-30 17:14:58,259] {processor.py:161} INFO - Processing /opt/airflow/dags/operators/PythonOperator.py took 0.088 seconds
[2022-07-30 17:15:28,572] {processor.py:153} INFO - Started process (PID=4806) to work on /opt/airflow/dags/operators/PythonOperator.py
[2022-07-30 17:15:28,573] {processor.py:641} INFO - Processing file /opt/airflow/dags/operators/PythonOperator.py for tasks to queue
[2022-07-30 17:15:28,574] {logging_mixin.py:115} INFO - [2022-07-30 17:15:28,574] {dagbag.py:507} INFO - Filling up the DagBag from /opt/airflow/dags/operators/PythonOperator.py
[2022-07-30 17:15:28,624] {processor.py:651} INFO - DAG(s) dict_keys(['python_operator']) retrieved from /opt/airflow/dags/operators/PythonOperator.py
[2022-07-30 17:15:28,651] {logging_mixin.py:115} INFO - [2022-07-30 17:15:28,651] {dag.py:2379} INFO - Sync 1 DAGs
[2022-07-30 17:15:28,716] {logging_mixin.py:115} INFO - [2022-07-30 17:15:28,715] {dag.py:2931} INFO - Setting next_dagrun for python_operator to 2022-07-29T00:00:00+00:00, run_after=2022-07-30T00:00:00+00:00
[2022-07-30 17:15:28,753] {processor.py:161} INFO - Processing /opt/airflow/dags/operators/PythonOperator.py took 0.194 seconds
[2022-07-30 17:15:58,895] {processor.py:153} INFO - Started process (PID=4893) to work on /opt/airflow/dags/operators/PythonOperator.py
[2022-07-30 17:15:58,896] {processor.py:641} INFO - Processing file /opt/airflow/dags/operators/PythonOperator.py for tasks to queue
[2022-07-30 17:15:58,897] {logging_mixin.py:115} INFO - [2022-07-30 17:15:58,896] {dagbag.py:507} INFO - Filling up the DagBag from /opt/airflow/dags/operators/PythonOperator.py
[2022-07-30 17:15:58,928] {processor.py:651} INFO - DAG(s) dict_keys(['python_operator']) retrieved from /opt/airflow/dags/operators/PythonOperator.py
[2022-07-30 17:15:58,948] {logging_mixin.py:115} INFO - [2022-07-30 17:15:58,948] {dag.py:2379} INFO - Sync 1 DAGs
[2022-07-30 17:15:58,982] {logging_mixin.py:115} INFO - [2022-07-30 17:15:58,982] {dag.py:2931} INFO - Setting next_dagrun for python_operator to 2022-07-29T00:00:00+00:00, run_after=2022-07-30T00:00:00+00:00
[2022-07-30 17:15:58,997] {processor.py:161} INFO - Processing /opt/airflow/dags/operators/PythonOperator.py took 0.106 seconds
[2022-07-30 17:16:29,548] {processor.py:153} INFO - Started process (PID=4967) to work on /opt/airflow/dags/operators/PythonOperator.py
[2022-07-30 17:16:29,549] {processor.py:641} INFO - Processing file /opt/airflow/dags/operators/PythonOperator.py for tasks to queue
[2022-07-30 17:16:29,549] {logging_mixin.py:115} INFO - [2022-07-30 17:16:29,549] {dagbag.py:507} INFO - Filling up the DagBag from /opt/airflow/dags/operators/PythonOperator.py
[2022-07-30 17:16:29,582] {processor.py:651} INFO - DAG(s) dict_keys(['python_operator']) retrieved from /opt/airflow/dags/operators/PythonOperator.py
[2022-07-30 17:16:29,607] {logging_mixin.py:115} INFO - [2022-07-30 17:16:29,607] {dag.py:2379} INFO - Sync 1 DAGs
[2022-07-30 17:16:29,645] {logging_mixin.py:115} INFO - [2022-07-30 17:16:29,645] {dag.py:2931} INFO - Setting next_dagrun for python_operator to 2022-07-29T00:00:00+00:00, run_after=2022-07-30T00:00:00+00:00
[2022-07-30 17:16:29,661] {processor.py:161} INFO - Processing /opt/airflow/dags/operators/PythonOperator.py took 0.118 seconds
[2022-07-30 17:17:00,556] {processor.py:153} INFO - Started process (PID=5044) to work on /opt/airflow/dags/operators/PythonOperator.py
[2022-07-30 17:17:00,556] {processor.py:641} INFO - Processing file /opt/airflow/dags/operators/PythonOperator.py for tasks to queue
[2022-07-30 17:17:00,557] {logging_mixin.py:115} INFO - [2022-07-30 17:17:00,556] {dagbag.py:507} INFO - Filling up the DagBag from /opt/airflow/dags/operators/PythonOperator.py
[2022-07-30 17:17:00,633] {processor.py:651} INFO - DAG(s) dict_keys(['python_operator']) retrieved from /opt/airflow/dags/operators/PythonOperator.py
[2022-07-30 17:17:00,688] {logging_mixin.py:115} INFO - [2022-07-30 17:17:00,688] {dag.py:2379} INFO - Sync 1 DAGs
[2022-07-30 17:17:00,771] {logging_mixin.py:115} INFO - [2022-07-30 17:17:00,770] {dag.py:2931} INFO - Setting next_dagrun for python_operator to 2022-07-29T00:00:00+00:00, run_after=2022-07-30T00:00:00+00:00
[2022-07-30 17:17:00,797] {processor.py:161} INFO - Processing /opt/airflow/dags/operators/PythonOperator.py took 0.257 seconds
[2022-07-30 17:17:31,043] {processor.py:153} INFO - Started process (PID=5124) to work on /opt/airflow/dags/operators/PythonOperator.py
[2022-07-30 17:17:31,044] {processor.py:641} INFO - Processing file /opt/airflow/dags/operators/PythonOperator.py for tasks to queue
[2022-07-30 17:17:31,045] {logging_mixin.py:115} INFO - [2022-07-30 17:17:31,045] {dagbag.py:507} INFO - Filling up the DagBag from /opt/airflow/dags/operators/PythonOperator.py
[2022-07-30 17:17:31,108] {processor.py:651} INFO - DAG(s) dict_keys(['python_operator']) retrieved from /opt/airflow/dags/operators/PythonOperator.py
[2022-07-30 17:17:31,145] {logging_mixin.py:115} INFO - [2022-07-30 17:17:31,145] {dag.py:2379} INFO - Sync 1 DAGs
[2022-07-30 17:17:31,196] {logging_mixin.py:115} INFO - [2022-07-30 17:17:31,195] {dag.py:2931} INFO - Setting next_dagrun for python_operator to 2022-07-29T00:00:00+00:00, run_after=2022-07-30T00:00:00+00:00
[2022-07-30 17:17:31,209] {processor.py:161} INFO - Processing /opt/airflow/dags/operators/PythonOperator.py took 0.170 seconds
[2022-07-30 17:18:01,359] {processor.py:153} INFO - Started process (PID=5202) to work on /opt/airflow/dags/operators/PythonOperator.py
[2022-07-30 17:18:01,361] {processor.py:641} INFO - Processing file /opt/airflow/dags/operators/PythonOperator.py for tasks to queue
[2022-07-30 17:18:01,364] {logging_mixin.py:115} INFO - [2022-07-30 17:18:01,363] {dagbag.py:507} INFO - Filling up the DagBag from /opt/airflow/dags/operators/PythonOperator.py
[2022-07-30 17:18:01,455] {processor.py:651} INFO - DAG(s) dict_keys(['python_operator']) retrieved from /opt/airflow/dags/operators/PythonOperator.py
[2022-07-30 17:18:01,505] {logging_mixin.py:115} INFO - [2022-07-30 17:18:01,504] {dag.py:2379} INFO - Sync 1 DAGs
[2022-07-30 17:18:01,564] {logging_mixin.py:115} INFO - [2022-07-30 17:18:01,564] {dag.py:2931} INFO - Setting next_dagrun for python_operator to 2022-07-29T00:00:00+00:00, run_after=2022-07-30T00:00:00+00:00
[2022-07-30 17:18:01,578] {processor.py:161} INFO - Processing /opt/airflow/dags/operators/PythonOperator.py took 0.234 seconds
[2022-07-30 17:18:31,907] {processor.py:153} INFO - Started process (PID=5280) to work on /opt/airflow/dags/operators/PythonOperator.py
[2022-07-30 17:18:31,909] {processor.py:641} INFO - Processing file /opt/airflow/dags/operators/PythonOperator.py for tasks to queue
[2022-07-30 17:18:31,909] {logging_mixin.py:115} INFO - [2022-07-30 17:18:31,909] {dagbag.py:507} INFO - Filling up the DagBag from /opt/airflow/dags/operators/PythonOperator.py
[2022-07-30 17:18:31,973] {processor.py:651} INFO - DAG(s) dict_keys(['python_operator']) retrieved from /opt/airflow/dags/operators/PythonOperator.py
[2022-07-30 17:18:32,010] {logging_mixin.py:115} INFO - [2022-07-30 17:18:32,010] {dag.py:2379} INFO - Sync 1 DAGs
[2022-07-30 17:18:32,062] {logging_mixin.py:115} INFO - [2022-07-30 17:18:32,062] {dag.py:2931} INFO - Setting next_dagrun for python_operator to 2022-07-29T00:00:00+00:00, run_after=2022-07-30T00:00:00+00:00
[2022-07-30 17:18:32,077] {processor.py:161} INFO - Processing /opt/airflow/dags/operators/PythonOperator.py took 0.181 seconds
[2022-07-30 17:19:03,032] {processor.py:153} INFO - Started process (PID=5366) to work on /opt/airflow/dags/operators/PythonOperator.py
[2022-07-30 17:19:03,032] {processor.py:641} INFO - Processing file /opt/airflow/dags/operators/PythonOperator.py for tasks to queue
[2022-07-30 17:19:03,033] {logging_mixin.py:115} INFO - [2022-07-30 17:19:03,033] {dagbag.py:507} INFO - Filling up the DagBag from /opt/airflow/dags/operators/PythonOperator.py
[2022-07-30 17:19:03,067] {processor.py:651} INFO - DAG(s) dict_keys(['python_operator']) retrieved from /opt/airflow/dags/operators/PythonOperator.py
[2022-07-30 17:19:03,089] {logging_mixin.py:115} INFO - [2022-07-30 17:19:03,089] {dag.py:2379} INFO - Sync 1 DAGs
[2022-07-30 17:19:03,133] {logging_mixin.py:115} INFO - [2022-07-30 17:19:03,132] {dag.py:2931} INFO - Setting next_dagrun for python_operator to 2022-07-29T00:00:00+00:00, run_after=2022-07-30T00:00:00+00:00
[2022-07-30 17:19:03,150] {processor.py:161} INFO - Processing /opt/airflow/dags/operators/PythonOperator.py took 0.123 seconds
[2022-07-30 17:19:34,082] {processor.py:153} INFO - Started process (PID=5439) to work on /opt/airflow/dags/operators/PythonOperator.py
[2022-07-30 17:19:34,092] {processor.py:641} INFO - Processing file /opt/airflow/dags/operators/PythonOperator.py for tasks to queue
[2022-07-30 17:19:34,092] {logging_mixin.py:115} INFO - [2022-07-30 17:19:34,092] {dagbag.py:507} INFO - Filling up the DagBag from /opt/airflow/dags/operators/PythonOperator.py
[2022-07-30 17:19:34,181] {processor.py:651} INFO - DAG(s) dict_keys(['python_operator']) retrieved from /opt/airflow/dags/operators/PythonOperator.py
[2022-07-30 17:19:34,269] {logging_mixin.py:115} INFO - [2022-07-30 17:19:34,269] {dag.py:2379} INFO - Sync 1 DAGs
[2022-07-30 17:19:34,362] {logging_mixin.py:115} INFO - [2022-07-30 17:19:34,362] {dag.py:2931} INFO - Setting next_dagrun for python_operator to 2022-07-29T00:00:00+00:00, run_after=2022-07-30T00:00:00+00:00
[2022-07-30 17:19:34,412] {processor.py:161} INFO - Processing /opt/airflow/dags/operators/PythonOperator.py took 0.345 seconds
