[2022-07-30 16:39:37,971] {processor.py:153} INFO - Started process (PID=78) to work on /opt/airflow/dags/operators/Python_With_TaskFlow.py
[2022-07-30 16:39:37,975] {processor.py:641} INFO - Processing file /opt/airflow/dags/operators/Python_With_TaskFlow.py for tasks to queue
[2022-07-30 16:39:37,977] {logging_mixin.py:115} INFO - [2022-07-30 16:39:37,977] {dagbag.py:507} INFO - Filling up the DagBag from /opt/airflow/dags/operators/Python_With_TaskFlow.py
[2022-07-30 16:39:38,148] {processor.py:651} INFO - DAG(s) dict_keys(['python_task_flow']) retrieved from /opt/airflow/dags/operators/Python_With_TaskFlow.py
[2022-07-30 16:39:39,535] {logging_mixin.py:115} INFO - [2022-07-30 16:39:39,535] {manager.py:508} INFO - Created Permission View: can read on DAG:python_task_flow
[2022-07-30 16:39:39,634] {logging_mixin.py:115} INFO - [2022-07-30 16:39:39,633] {manager.py:508} INFO - Created Permission View: can delete on DAG:python_task_flow
[2022-07-30 16:39:39,685] {logging_mixin.py:115} INFO - [2022-07-30 16:39:39,685] {manager.py:508} INFO - Created Permission View: can edit on DAG:python_task_flow
[2022-07-30 16:39:39,689] {logging_mixin.py:115} INFO - [2022-07-30 16:39:39,689] {dag.py:2379} INFO - Sync 1 DAGs
[2022-07-30 16:39:39,747] {logging_mixin.py:115} INFO - [2022-07-30 16:39:39,747] {dag.py:2398} INFO - Creating ORM DAG for python_task_flow
[2022-07-30 16:39:39,834] {logging_mixin.py:115} INFO - [2022-07-30 16:39:39,834] {dag.py:2931} INFO - Setting next_dagrun for python_task_flow to 2022-07-29T00:00:00+00:00, run_after=2022-07-30T00:00:00+00:00
[2022-07-30 16:39:39,977] {processor.py:161} INFO - Processing /opt/airflow/dags/operators/Python_With_TaskFlow.py took 2.012 seconds
[2022-07-30 16:40:10,948] {processor.py:153} INFO - Started process (PID=151) to work on /opt/airflow/dags/operators/Python_With_TaskFlow.py
[2022-07-30 16:40:10,951] {processor.py:641} INFO - Processing file /opt/airflow/dags/operators/Python_With_TaskFlow.py for tasks to queue
[2022-07-30 16:40:10,953] {logging_mixin.py:115} INFO - [2022-07-30 16:40:10,953] {dagbag.py:507} INFO - Filling up the DagBag from /opt/airflow/dags/operators/Python_With_TaskFlow.py
[2022-07-30 16:40:11,025] {processor.py:651} INFO - DAG(s) dict_keys(['python_task_flow']) retrieved from /opt/airflow/dags/operators/Python_With_TaskFlow.py
[2022-07-30 16:40:11,050] {logging_mixin.py:115} INFO - [2022-07-30 16:40:11,050] {dag.py:2379} INFO - Sync 1 DAGs
[2022-07-30 16:40:11,309] {logging_mixin.py:115} INFO - [2022-07-30 16:40:11,309] {dag.py:2931} INFO - Setting next_dagrun for python_task_flow to 2022-07-29T00:00:00+00:00, run_after=2022-07-30T00:00:00+00:00
[2022-07-30 16:40:11,328] {processor.py:161} INFO - Processing /opt/airflow/dags/operators/Python_With_TaskFlow.py took 0.385 seconds
[2022-07-30 16:40:41,478] {processor.py:153} INFO - Started process (PID=223) to work on /opt/airflow/dags/operators/Python_With_TaskFlow.py
[2022-07-30 16:40:41,479] {processor.py:641} INFO - Processing file /opt/airflow/dags/operators/Python_With_TaskFlow.py for tasks to queue
[2022-07-30 16:40:41,480] {logging_mixin.py:115} INFO - [2022-07-30 16:40:41,480] {dagbag.py:507} INFO - Filling up the DagBag from /opt/airflow/dags/operators/Python_With_TaskFlow.py
[2022-07-30 16:40:41,529] {processor.py:651} INFO - DAG(s) dict_keys(['python_task_flow']) retrieved from /opt/airflow/dags/operators/Python_With_TaskFlow.py
[2022-07-30 16:40:41,552] {logging_mixin.py:115} INFO - [2022-07-30 16:40:41,552] {dag.py:2379} INFO - Sync 1 DAGs
[2022-07-30 16:40:41,848] {logging_mixin.py:115} INFO - [2022-07-30 16:40:41,848] {dag.py:2931} INFO - Setting next_dagrun for python_task_flow to 2022-07-29T00:00:00+00:00, run_after=2022-07-30T00:00:00+00:00
[2022-07-30 16:40:41,877] {processor.py:161} INFO - Processing /opt/airflow/dags/operators/Python_With_TaskFlow.py took 0.403 seconds
[2022-07-30 16:41:12,249] {processor.py:153} INFO - Started process (PID=296) to work on /opt/airflow/dags/operators/Python_With_TaskFlow.py
[2022-07-30 16:41:12,250] {processor.py:641} INFO - Processing file /opt/airflow/dags/operators/Python_With_TaskFlow.py for tasks to queue
[2022-07-30 16:41:12,250] {logging_mixin.py:115} INFO - [2022-07-30 16:41:12,250] {dagbag.py:507} INFO - Filling up the DagBag from /opt/airflow/dags/operators/Python_With_TaskFlow.py
[2022-07-30 16:41:12,280] {processor.py:651} INFO - DAG(s) dict_keys(['python_task_flow']) retrieved from /opt/airflow/dags/operators/Python_With_TaskFlow.py
[2022-07-30 16:41:12,294] {logging_mixin.py:115} INFO - [2022-07-30 16:41:12,294] {dag.py:2379} INFO - Sync 1 DAGs
[2022-07-30 16:41:12,446] {logging_mixin.py:115} INFO - [2022-07-30 16:41:12,446] {dag.py:2931} INFO - Setting next_dagrun for python_task_flow to 2022-07-29T00:00:00+00:00, run_after=2022-07-30T00:00:00+00:00
[2022-07-30 16:41:12,456] {processor.py:161} INFO - Processing /opt/airflow/dags/operators/Python_With_TaskFlow.py took 0.210 seconds
[2022-07-30 16:41:42,551] {processor.py:153} INFO - Started process (PID=381) to work on /opt/airflow/dags/operators/Python_With_TaskFlow.py
[2022-07-30 16:41:42,552] {processor.py:641} INFO - Processing file /opt/airflow/dags/operators/Python_With_TaskFlow.py for tasks to queue
[2022-07-30 16:41:42,553] {logging_mixin.py:115} INFO - [2022-07-30 16:41:42,553] {dagbag.py:507} INFO - Filling up the DagBag from /opt/airflow/dags/operators/Python_With_TaskFlow.py
[2022-07-30 16:41:42,582] {processor.py:651} INFO - DAG(s) dict_keys(['python_task_flow']) retrieved from /opt/airflow/dags/operators/Python_With_TaskFlow.py
[2022-07-30 16:41:42,596] {logging_mixin.py:115} INFO - [2022-07-30 16:41:42,595] {dag.py:2379} INFO - Sync 1 DAGs
[2022-07-30 16:41:42,748] {logging_mixin.py:115} INFO - [2022-07-30 16:41:42,748] {dag.py:2931} INFO - Setting next_dagrun for python_task_flow to 2022-07-29T00:00:00+00:00, run_after=2022-07-30T00:00:00+00:00
[2022-07-30 16:41:42,758] {processor.py:161} INFO - Processing /opt/airflow/dags/operators/Python_With_TaskFlow.py took 0.210 seconds
[2022-07-30 16:42:13,736] {processor.py:153} INFO - Started process (PID=459) to work on /opt/airflow/dags/operators/Python_With_TaskFlow.py
[2022-07-30 16:42:13,739] {processor.py:641} INFO - Processing file /opt/airflow/dags/operators/Python_With_TaskFlow.py for tasks to queue
[2022-07-30 16:42:13,741] {logging_mixin.py:115} INFO - [2022-07-30 16:42:13,740] {dagbag.py:507} INFO - Filling up the DagBag from /opt/airflow/dags/operators/Python_With_TaskFlow.py
[2022-07-30 16:42:13,793] {processor.py:651} INFO - DAG(s) dict_keys(['python_task_flow']) retrieved from /opt/airflow/dags/operators/Python_With_TaskFlow.py
[2022-07-30 16:42:13,814] {logging_mixin.py:115} INFO - [2022-07-30 16:42:13,814] {dag.py:2379} INFO - Sync 1 DAGs
[2022-07-30 16:42:14,007] {logging_mixin.py:115} INFO - [2022-07-30 16:42:14,007] {dag.py:2931} INFO - Setting next_dagrun for python_task_flow to 2022-07-29T00:00:00+00:00, run_after=2022-07-30T00:00:00+00:00
[2022-07-30 16:42:14,017] {processor.py:161} INFO - Processing /opt/airflow/dags/operators/Python_With_TaskFlow.py took 0.285 seconds
[2022-07-30 16:42:44,211] {processor.py:153} INFO - Started process (PID=542) to work on /opt/airflow/dags/operators/Python_With_TaskFlow.py
[2022-07-30 16:42:44,212] {processor.py:641} INFO - Processing file /opt/airflow/dags/operators/Python_With_TaskFlow.py for tasks to queue
[2022-07-30 16:42:44,213] {logging_mixin.py:115} INFO - [2022-07-30 16:42:44,213] {dagbag.py:507} INFO - Filling up the DagBag from /opt/airflow/dags/operators/Python_With_TaskFlow.py
[2022-07-30 16:42:44,255] {processor.py:651} INFO - DAG(s) dict_keys(['python_task_flow']) retrieved from /opt/airflow/dags/operators/Python_With_TaskFlow.py
[2022-07-30 16:42:44,277] {logging_mixin.py:115} INFO - [2022-07-30 16:42:44,276] {dag.py:2379} INFO - Sync 1 DAGs
[2022-07-30 16:42:44,471] {logging_mixin.py:115} INFO - [2022-07-30 16:42:44,471] {dag.py:2931} INFO - Setting next_dagrun for python_task_flow to 2022-07-29T00:00:00+00:00, run_after=2022-07-30T00:00:00+00:00
[2022-07-30 16:42:44,489] {processor.py:161} INFO - Processing /opt/airflow/dags/operators/Python_With_TaskFlow.py took 0.281 seconds
[2022-07-30 16:44:14,562] {processor.py:153} INFO - Started process (PID=66) to work on /opt/airflow/dags/operators/Python_With_TaskFlow.py
[2022-07-30 16:44:14,571] {processor.py:641} INFO - Processing file /opt/airflow/dags/operators/Python_With_TaskFlow.py for tasks to queue
[2022-07-30 16:44:14,572] {logging_mixin.py:115} INFO - [2022-07-30 16:44:14,572] {dagbag.py:507} INFO - Filling up the DagBag from /opt/airflow/dags/operators/Python_With_TaskFlow.py
[2022-07-30 16:44:14,714] {processor.py:651} INFO - DAG(s) dict_keys(['python_task_flow']) retrieved from /opt/airflow/dags/operators/Python_With_TaskFlow.py
[2022-07-30 16:44:14,760] {logging_mixin.py:115} INFO - [2022-07-30 16:44:14,760] {dag.py:2379} INFO - Sync 1 DAGs
[2022-07-30 16:44:14,826] {logging_mixin.py:115} INFO - [2022-07-30 16:44:14,826] {dag.py:2931} INFO - Setting next_dagrun for python_task_flow to 2022-07-29T00:00:00+00:00, run_after=2022-07-30T00:00:00+00:00
[2022-07-30 16:44:14,857] {processor.py:161} INFO - Processing /opt/airflow/dags/operators/Python_With_TaskFlow.py took 0.306 seconds
[2022-07-30 16:44:44,938] {processor.py:153} INFO - Started process (PID=136) to work on /opt/airflow/dags/operators/Python_With_TaskFlow.py
[2022-07-30 16:44:44,938] {processor.py:641} INFO - Processing file /opt/airflow/dags/operators/Python_With_TaskFlow.py for tasks to queue
[2022-07-30 16:44:44,939] {logging_mixin.py:115} INFO - [2022-07-30 16:44:44,939] {dagbag.py:507} INFO - Filling up the DagBag from /opt/airflow/dags/operators/Python_With_TaskFlow.py
[2022-07-30 16:44:44,983] {processor.py:651} INFO - DAG(s) dict_keys(['python_task_flow']) retrieved from /opt/airflow/dags/operators/Python_With_TaskFlow.py
[2022-07-30 16:44:45,001] {logging_mixin.py:115} INFO - [2022-07-30 16:44:45,001] {dag.py:2379} INFO - Sync 1 DAGs
[2022-07-30 16:44:45,034] {logging_mixin.py:115} INFO - [2022-07-30 16:44:45,034] {dag.py:2931} INFO - Setting next_dagrun for python_task_flow to 2022-07-29T00:00:00+00:00, run_after=2022-07-30T00:00:00+00:00
[2022-07-30 16:44:45,081] {processor.py:161} INFO - Processing /opt/airflow/dags/operators/Python_With_TaskFlow.py took 0.147 seconds
[2022-07-30 16:45:16,169] {processor.py:153} INFO - Started process (PID=216) to work on /opt/airflow/dags/operators/Python_With_TaskFlow.py
[2022-07-30 16:45:16,172] {processor.py:641} INFO - Processing file /opt/airflow/dags/operators/Python_With_TaskFlow.py for tasks to queue
[2022-07-30 16:45:16,173] {logging_mixin.py:115} INFO - [2022-07-30 16:45:16,172] {dagbag.py:507} INFO - Filling up the DagBag from /opt/airflow/dags/operators/Python_With_TaskFlow.py
[2022-07-30 16:45:16,292] {processor.py:651} INFO - DAG(s) dict_keys(['python_task_flow']) retrieved from /opt/airflow/dags/operators/Python_With_TaskFlow.py
[2022-07-30 16:45:16,344] {logging_mixin.py:115} INFO - [2022-07-30 16:45:16,344] {dag.py:2379} INFO - Sync 1 DAGs
[2022-07-30 16:45:16,445] {logging_mixin.py:115} INFO - [2022-07-30 16:45:16,444] {dag.py:2931} INFO - Setting next_dagrun for python_task_flow to 2022-07-29T00:00:00+00:00, run_after=2022-07-30T00:00:00+00:00
[2022-07-30 16:45:16,488] {processor.py:161} INFO - Processing /opt/airflow/dags/operators/Python_With_TaskFlow.py took 0.333 seconds
[2022-07-30 16:45:46,938] {processor.py:153} INFO - Started process (PID=295) to work on /opt/airflow/dags/operators/Python_With_TaskFlow.py
[2022-07-30 16:45:46,939] {processor.py:641} INFO - Processing file /opt/airflow/dags/operators/Python_With_TaskFlow.py for tasks to queue
[2022-07-30 16:45:46,939] {logging_mixin.py:115} INFO - [2022-07-30 16:45:46,939] {dagbag.py:507} INFO - Filling up the DagBag from /opt/airflow/dags/operators/Python_With_TaskFlow.py
[2022-07-30 16:45:46,985] {processor.py:651} INFO - DAG(s) dict_keys(['python_task_flow']) retrieved from /opt/airflow/dags/operators/Python_With_TaskFlow.py
[2022-07-30 16:45:47,009] {logging_mixin.py:115} INFO - [2022-07-30 16:45:47,009] {dag.py:2379} INFO - Sync 1 DAGs
[2022-07-30 16:45:47,041] {logging_mixin.py:115} INFO - [2022-07-30 16:45:47,041] {dag.py:2931} INFO - Setting next_dagrun for python_task_flow to 2022-07-29T00:00:00+00:00, run_after=2022-07-30T00:00:00+00:00
[2022-07-30 16:45:47,056] {processor.py:161} INFO - Processing /opt/airflow/dags/operators/Python_With_TaskFlow.py took 0.123 seconds
[2022-07-30 16:46:17,949] {processor.py:153} INFO - Started process (PID=369) to work on /opt/airflow/dags/operators/Python_With_TaskFlow.py
[2022-07-30 16:46:17,950] {processor.py:641} INFO - Processing file /opt/airflow/dags/operators/Python_With_TaskFlow.py for tasks to queue
[2022-07-30 16:46:17,951] {logging_mixin.py:115} INFO - [2022-07-30 16:46:17,950] {dagbag.py:507} INFO - Filling up the DagBag from /opt/airflow/dags/operators/Python_With_TaskFlow.py
[2022-07-30 16:46:17,994] {processor.py:651} INFO - DAG(s) dict_keys(['python_task_flow']) retrieved from /opt/airflow/dags/operators/Python_With_TaskFlow.py
[2022-07-30 16:46:18,017] {logging_mixin.py:115} INFO - [2022-07-30 16:46:18,017] {dag.py:2379} INFO - Sync 1 DAGs
[2022-07-30 16:46:18,050] {logging_mixin.py:115} INFO - [2022-07-30 16:46:18,050] {dag.py:2931} INFO - Setting next_dagrun for python_task_flow to 2022-07-29T00:00:00+00:00, run_after=2022-07-30T00:00:00+00:00
[2022-07-30 16:46:18,064] {processor.py:161} INFO - Processing /opt/airflow/dags/operators/Python_With_TaskFlow.py took 0.119 seconds
[2022-07-30 16:46:50,649] {processor.py:153} INFO - Started process (PID=451) to work on /opt/airflow/dags/operators/Python_With_TaskFlow.py
[2022-07-30 16:46:50,650] {processor.py:641} INFO - Processing file /opt/airflow/dags/operators/Python_With_TaskFlow.py for tasks to queue
[2022-07-30 16:46:50,650] {logging_mixin.py:115} INFO - [2022-07-30 16:46:50,650] {dagbag.py:507} INFO - Filling up the DagBag from /opt/airflow/dags/operators/Python_With_TaskFlow.py
[2022-07-30 16:46:50,688] {processor.py:651} INFO - DAG(s) dict_keys(['python_task_flow']) retrieved from /opt/airflow/dags/operators/Python_With_TaskFlow.py
[2022-07-30 16:46:50,707] {logging_mixin.py:115} INFO - [2022-07-30 16:46:50,707] {dag.py:2379} INFO - Sync 1 DAGs
[2022-07-30 16:46:50,739] {logging_mixin.py:115} INFO - [2022-07-30 16:46:50,739] {dag.py:2931} INFO - Setting next_dagrun for python_task_flow to 2022-07-29T00:00:00+00:00, run_after=2022-07-30T00:00:00+00:00
[2022-07-30 16:46:50,752] {processor.py:161} INFO - Processing /opt/airflow/dags/operators/Python_With_TaskFlow.py took 0.106 seconds
[2022-07-30 16:47:22,135] {processor.py:153} INFO - Started process (PID=524) to work on /opt/airflow/dags/operators/Python_With_TaskFlow.py
[2022-07-30 16:47:22,138] {processor.py:641} INFO - Processing file /opt/airflow/dags/operators/Python_With_TaskFlow.py for tasks to queue
[2022-07-30 16:47:22,139] {logging_mixin.py:115} INFO - [2022-07-30 16:47:22,139] {dagbag.py:507} INFO - Filling up the DagBag from /opt/airflow/dags/operators/Python_With_TaskFlow.py
[2022-07-30 16:47:22,217] {processor.py:651} INFO - DAG(s) dict_keys(['python_task_flow']) retrieved from /opt/airflow/dags/operators/Python_With_TaskFlow.py
[2022-07-30 16:47:22,236] {logging_mixin.py:115} INFO - [2022-07-30 16:47:22,236] {dag.py:2379} INFO - Sync 1 DAGs
[2022-07-30 16:47:22,269] {logging_mixin.py:115} INFO - [2022-07-30 16:47:22,269] {dag.py:2931} INFO - Setting next_dagrun for python_task_flow to 2022-07-29T00:00:00+00:00, run_after=2022-07-30T00:00:00+00:00
[2022-07-30 16:47:22,283] {processor.py:161} INFO - Processing /opt/airflow/dags/operators/Python_With_TaskFlow.py took 0.152 seconds
[2022-07-30 16:47:52,801] {processor.py:153} INFO - Started process (PID=607) to work on /opt/airflow/dags/operators/Python_With_TaskFlow.py
[2022-07-30 16:47:52,801] {processor.py:641} INFO - Processing file /opt/airflow/dags/operators/Python_With_TaskFlow.py for tasks to queue
[2022-07-30 16:47:52,802] {logging_mixin.py:115} INFO - [2022-07-30 16:47:52,802] {dagbag.py:507} INFO - Filling up the DagBag from /opt/airflow/dags/operators/Python_With_TaskFlow.py
[2022-07-30 16:47:52,843] {processor.py:651} INFO - DAG(s) dict_keys(['python_task_flow']) retrieved from /opt/airflow/dags/operators/Python_With_TaskFlow.py
[2022-07-30 16:47:52,862] {logging_mixin.py:115} INFO - [2022-07-30 16:47:52,862] {dag.py:2379} INFO - Sync 1 DAGs
[2022-07-30 16:47:52,914] {logging_mixin.py:115} INFO - [2022-07-30 16:47:52,914] {dag.py:2931} INFO - Setting next_dagrun for python_task_flow to 2022-07-29T00:00:00+00:00, run_after=2022-07-30T00:00:00+00:00
[2022-07-30 16:47:52,938] {processor.py:161} INFO - Processing /opt/airflow/dags/operators/Python_With_TaskFlow.py took 0.141 seconds
[2022-07-30 16:48:24,016] {processor.py:153} INFO - Started process (PID=684) to work on /opt/airflow/dags/operators/Python_With_TaskFlow.py
[2022-07-30 16:48:24,026] {processor.py:641} INFO - Processing file /opt/airflow/dags/operators/Python_With_TaskFlow.py for tasks to queue
[2022-07-30 16:48:24,027] {logging_mixin.py:115} INFO - [2022-07-30 16:48:24,027] {dagbag.py:507} INFO - Filling up the DagBag from /opt/airflow/dags/operators/Python_With_TaskFlow.py
[2022-07-30 16:48:24,114] {processor.py:651} INFO - DAG(s) dict_keys(['python_task_flow']) retrieved from /opt/airflow/dags/operators/Python_With_TaskFlow.py
[2022-07-30 16:48:24,150] {logging_mixin.py:115} INFO - [2022-07-30 16:48:24,150] {dag.py:2379} INFO - Sync 1 DAGs
[2022-07-30 16:48:24,213] {logging_mixin.py:115} INFO - [2022-07-30 16:48:24,213] {dag.py:2931} INFO - Setting next_dagrun for python_task_flow to 2022-07-29T00:00:00+00:00, run_after=2022-07-30T00:00:00+00:00
[2022-07-30 16:48:24,240] {processor.py:161} INFO - Processing /opt/airflow/dags/operators/Python_With_TaskFlow.py took 0.237 seconds
[2022-07-30 16:48:54,297] {processor.py:153} INFO - Started process (PID=762) to work on /opt/airflow/dags/operators/Python_With_TaskFlow.py
[2022-07-30 16:48:54,298] {processor.py:641} INFO - Processing file /opt/airflow/dags/operators/Python_With_TaskFlow.py for tasks to queue
[2022-07-30 16:48:54,298] {logging_mixin.py:115} INFO - [2022-07-30 16:48:54,298] {dagbag.py:507} INFO - Filling up the DagBag from /opt/airflow/dags/operators/Python_With_TaskFlow.py
[2022-07-30 16:48:54,368] {processor.py:651} INFO - DAG(s) dict_keys(['python_task_flow']) retrieved from /opt/airflow/dags/operators/Python_With_TaskFlow.py
[2022-07-30 16:48:54,412] {logging_mixin.py:115} INFO - [2022-07-30 16:48:54,412] {dag.py:2379} INFO - Sync 1 DAGs
[2022-07-30 16:48:54,470] {logging_mixin.py:115} INFO - [2022-07-30 16:48:54,470] {dag.py:2931} INFO - Setting next_dagrun for python_task_flow to 2022-07-29T00:00:00+00:00, run_after=2022-07-30T00:00:00+00:00
[2022-07-30 16:48:54,495] {processor.py:161} INFO - Processing /opt/airflow/dags/operators/Python_With_TaskFlow.py took 0.210 seconds
[2022-07-30 16:49:24,676] {processor.py:153} INFO - Started process (PID=840) to work on /opt/airflow/dags/operators/Python_With_TaskFlow.py
[2022-07-30 16:49:24,677] {processor.py:641} INFO - Processing file /opt/airflow/dags/operators/Python_With_TaskFlow.py for tasks to queue
[2022-07-30 16:49:24,677] {logging_mixin.py:115} INFO - [2022-07-30 16:49:24,677] {dagbag.py:507} INFO - Filling up the DagBag from /opt/airflow/dags/operators/Python_With_TaskFlow.py
[2022-07-30 16:49:24,711] {processor.py:651} INFO - DAG(s) dict_keys(['python_task_flow']) retrieved from /opt/airflow/dags/operators/Python_With_TaskFlow.py
[2022-07-30 16:49:24,724] {logging_mixin.py:115} INFO - [2022-07-30 16:49:24,724] {dag.py:2379} INFO - Sync 1 DAGs
[2022-07-30 16:49:24,745] {logging_mixin.py:115} INFO - [2022-07-30 16:49:24,744] {dag.py:2931} INFO - Setting next_dagrun for python_task_flow to 2022-07-29T00:00:00+00:00, run_after=2022-07-30T00:00:00+00:00
[2022-07-30 16:49:24,756] {processor.py:161} INFO - Processing /opt/airflow/dags/operators/Python_With_TaskFlow.py took 0.084 seconds
[2022-07-30 16:49:54,892] {processor.py:153} INFO - Started process (PID=912) to work on /opt/airflow/dags/operators/Python_With_TaskFlow.py
[2022-07-30 16:49:54,893] {processor.py:641} INFO - Processing file /opt/airflow/dags/operators/Python_With_TaskFlow.py for tasks to queue
[2022-07-30 16:49:54,893] {logging_mixin.py:115} INFO - [2022-07-30 16:49:54,893] {dagbag.py:507} INFO - Filling up the DagBag from /opt/airflow/dags/operators/Python_With_TaskFlow.py
[2022-07-30 16:49:54,963] {processor.py:651} INFO - DAG(s) dict_keys(['python_task_flow']) retrieved from /opt/airflow/dags/operators/Python_With_TaskFlow.py
[2022-07-30 16:49:54,992] {logging_mixin.py:115} INFO - [2022-07-30 16:49:54,992] {dag.py:2379} INFO - Sync 1 DAGs
[2022-07-30 16:49:55,057] {logging_mixin.py:115} INFO - [2022-07-30 16:49:55,057] {dag.py:2931} INFO - Setting next_dagrun for python_task_flow to 2022-07-29T00:00:00+00:00, run_after=2022-07-30T00:00:00+00:00
[2022-07-30 16:49:55,072] {processor.py:161} INFO - Processing /opt/airflow/dags/operators/Python_With_TaskFlow.py took 0.187 seconds
[2022-07-30 16:50:26,003] {processor.py:153} INFO - Started process (PID=989) to work on /opt/airflow/dags/operators/Python_With_TaskFlow.py
[2022-07-30 16:50:26,016] {processor.py:641} INFO - Processing file /opt/airflow/dags/operators/Python_With_TaskFlow.py for tasks to queue
[2022-07-30 16:50:26,017] {logging_mixin.py:115} INFO - [2022-07-30 16:50:26,017] {dagbag.py:507} INFO - Filling up the DagBag from /opt/airflow/dags/operators/Python_With_TaskFlow.py
[2022-07-30 16:50:26,128] {processor.py:651} INFO - DAG(s) dict_keys(['python_task_flow']) retrieved from /opt/airflow/dags/operators/Python_With_TaskFlow.py
[2022-07-30 16:50:26,147] {logging_mixin.py:115} INFO - [2022-07-30 16:50:26,147] {dag.py:2379} INFO - Sync 1 DAGs
[2022-07-30 16:50:26,178] {logging_mixin.py:115} INFO - [2022-07-30 16:50:26,178] {dag.py:2931} INFO - Setting next_dagrun for python_task_flow to 2022-07-29T00:00:00+00:00, run_after=2022-07-30T00:00:00+00:00
[2022-07-30 16:50:26,203] {processor.py:161} INFO - Processing /opt/airflow/dags/operators/Python_With_TaskFlow.py took 0.208 seconds
[2022-07-30 16:50:56,884] {processor.py:153} INFO - Started process (PID=1063) to work on /opt/airflow/dags/operators/Python_With_TaskFlow.py
[2022-07-30 16:50:56,889] {processor.py:641} INFO - Processing file /opt/airflow/dags/operators/Python_With_TaskFlow.py for tasks to queue
[2022-07-30 16:50:56,890] {logging_mixin.py:115} INFO - [2022-07-30 16:50:56,889] {dagbag.py:507} INFO - Filling up the DagBag from /opt/airflow/dags/operators/Python_With_TaskFlow.py
[2022-07-30 16:50:56,981] {processor.py:651} INFO - DAG(s) dict_keys(['python_task_flow']) retrieved from /opt/airflow/dags/operators/Python_With_TaskFlow.py
[2022-07-30 16:50:57,019] {logging_mixin.py:115} INFO - [2022-07-30 16:50:57,019] {dag.py:2379} INFO - Sync 1 DAGs
[2022-07-30 16:50:57,098] {logging_mixin.py:115} INFO - [2022-07-30 16:50:57,098] {dag.py:2931} INFO - Setting next_dagrun for python_task_flow to 2022-07-29T00:00:00+00:00, run_after=2022-07-30T00:00:00+00:00
[2022-07-30 16:50:57,118] {processor.py:161} INFO - Processing /opt/airflow/dags/operators/Python_With_TaskFlow.py took 0.243 seconds
[2022-07-30 16:51:27,692] {processor.py:153} INFO - Started process (PID=1137) to work on /opt/airflow/dags/operators/Python_With_TaskFlow.py
[2022-07-30 16:51:27,694] {processor.py:641} INFO - Processing file /opt/airflow/dags/operators/Python_With_TaskFlow.py for tasks to queue
[2022-07-30 16:51:27,694] {logging_mixin.py:115} INFO - [2022-07-30 16:51:27,694] {dagbag.py:507} INFO - Filling up the DagBag from /opt/airflow/dags/operators/Python_With_TaskFlow.py
[2022-07-30 16:51:27,743] {processor.py:651} INFO - DAG(s) dict_keys(['python_task_flow']) retrieved from /opt/airflow/dags/operators/Python_With_TaskFlow.py
[2022-07-30 16:51:27,762] {logging_mixin.py:115} INFO - [2022-07-30 16:51:27,762] {dag.py:2379} INFO - Sync 1 DAGs
[2022-07-30 16:51:27,794] {logging_mixin.py:115} INFO - [2022-07-30 16:51:27,794] {dag.py:2931} INFO - Setting next_dagrun for python_task_flow to 2022-07-29T00:00:00+00:00, run_after=2022-07-30T00:00:00+00:00
[2022-07-30 16:51:27,820] {processor.py:161} INFO - Processing /opt/airflow/dags/operators/Python_With_TaskFlow.py took 0.131 seconds
[2022-07-30 16:51:58,248] {processor.py:153} INFO - Started process (PID=1224) to work on /opt/airflow/dags/operators/Python_With_TaskFlow.py
[2022-07-30 16:51:58,248] {processor.py:641} INFO - Processing file /opt/airflow/dags/operators/Python_With_TaskFlow.py for tasks to queue
[2022-07-30 16:51:58,249] {logging_mixin.py:115} INFO - [2022-07-30 16:51:58,249] {dagbag.py:507} INFO - Filling up the DagBag from /opt/airflow/dags/operators/Python_With_TaskFlow.py
[2022-07-30 16:51:58,290] {processor.py:651} INFO - DAG(s) dict_keys(['python_task_flow']) retrieved from /opt/airflow/dags/operators/Python_With_TaskFlow.py
[2022-07-30 16:51:58,309] {logging_mixin.py:115} INFO - [2022-07-30 16:51:58,309] {dag.py:2379} INFO - Sync 1 DAGs
[2022-07-30 16:51:58,342] {logging_mixin.py:115} INFO - [2022-07-30 16:51:58,342] {dag.py:2931} INFO - Setting next_dagrun for python_task_flow to 2022-07-29T00:00:00+00:00, run_after=2022-07-30T00:00:00+00:00
[2022-07-30 16:51:58,364] {processor.py:161} INFO - Processing /opt/airflow/dags/operators/Python_With_TaskFlow.py took 0.128 seconds
[2022-07-30 16:52:29,234] {processor.py:153} INFO - Started process (PID=1296) to work on /opt/airflow/dags/operators/Python_With_TaskFlow.py
[2022-07-30 16:52:29,238] {processor.py:641} INFO - Processing file /opt/airflow/dags/operators/Python_With_TaskFlow.py for tasks to queue
[2022-07-30 16:52:29,238] {logging_mixin.py:115} INFO - [2022-07-30 16:52:29,238] {dagbag.py:507} INFO - Filling up the DagBag from /opt/airflow/dags/operators/Python_With_TaskFlow.py
[2022-07-30 16:52:29,332] {processor.py:651} INFO - DAG(s) dict_keys(['python_task_flow']) retrieved from /opt/airflow/dags/operators/Python_With_TaskFlow.py
[2022-07-30 16:52:29,368] {logging_mixin.py:115} INFO - [2022-07-30 16:52:29,368] {dag.py:2379} INFO - Sync 1 DAGs
[2022-07-30 16:52:29,462] {logging_mixin.py:115} INFO - [2022-07-30 16:52:29,462] {dag.py:2931} INFO - Setting next_dagrun for python_task_flow to 2022-07-29T00:00:00+00:00, run_after=2022-07-30T00:00:00+00:00
[2022-07-30 16:52:29,479] {processor.py:161} INFO - Processing /opt/airflow/dags/operators/Python_With_TaskFlow.py took 0.253 seconds
[2022-07-30 16:53:00,017] {processor.py:153} INFO - Started process (PID=1367) to work on /opt/airflow/dags/operators/Python_With_TaskFlow.py
[2022-07-30 16:53:00,018] {processor.py:641} INFO - Processing file /opt/airflow/dags/operators/Python_With_TaskFlow.py for tasks to queue
[2022-07-30 16:53:00,018] {logging_mixin.py:115} INFO - [2022-07-30 16:53:00,018] {dagbag.py:507} INFO - Filling up the DagBag from /opt/airflow/dags/operators/Python_With_TaskFlow.py
[2022-07-30 16:53:00,082] {processor.py:651} INFO - DAG(s) dict_keys(['python_task_flow']) retrieved from /opt/airflow/dags/operators/Python_With_TaskFlow.py
[2022-07-30 16:53:00,132] {logging_mixin.py:115} INFO - [2022-07-30 16:53:00,132] {dag.py:2379} INFO - Sync 1 DAGs
[2022-07-30 16:53:00,198] {logging_mixin.py:115} INFO - [2022-07-30 16:53:00,198] {dag.py:2931} INFO - Setting next_dagrun for python_task_flow to 2022-07-29T00:00:00+00:00, run_after=2022-07-30T00:00:00+00:00
[2022-07-30 16:53:00,239] {processor.py:161} INFO - Processing /opt/airflow/dags/operators/Python_With_TaskFlow.py took 0.230 seconds
[2022-07-30 16:53:30,280] {processor.py:153} INFO - Started process (PID=1455) to work on /opt/airflow/dags/operators/Python_With_TaskFlow.py
[2022-07-30 16:53:30,280] {processor.py:641} INFO - Processing file /opt/airflow/dags/operators/Python_With_TaskFlow.py for tasks to queue
[2022-07-30 16:53:30,281] {logging_mixin.py:115} INFO - [2022-07-30 16:53:30,280] {dagbag.py:507} INFO - Filling up the DagBag from /opt/airflow/dags/operators/Python_With_TaskFlow.py
[2022-07-30 16:53:30,364] {processor.py:651} INFO - DAG(s) dict_keys(['python_task_flow']) retrieved from /opt/airflow/dags/operators/Python_With_TaskFlow.py
[2022-07-30 16:53:30,402] {logging_mixin.py:115} INFO - [2022-07-30 16:53:30,402] {dag.py:2379} INFO - Sync 1 DAGs
[2022-07-30 16:53:30,457] {logging_mixin.py:115} INFO - [2022-07-30 16:53:30,457] {dag.py:2931} INFO - Setting next_dagrun for python_task_flow to 2022-07-29T00:00:00+00:00, run_after=2022-07-30T00:00:00+00:00
[2022-07-30 16:53:30,474] {processor.py:161} INFO - Processing /opt/airflow/dags/operators/Python_With_TaskFlow.py took 0.198 seconds
[2022-07-30 16:54:01,264] {processor.py:153} INFO - Started process (PID=1532) to work on /opt/airflow/dags/operators/Python_With_TaskFlow.py
[2022-07-30 16:54:01,265] {processor.py:641} INFO - Processing file /opt/airflow/dags/operators/Python_With_TaskFlow.py for tasks to queue
[2022-07-30 16:54:01,265] {logging_mixin.py:115} INFO - [2022-07-30 16:54:01,265] {dagbag.py:507} INFO - Filling up the DagBag from /opt/airflow/dags/operators/Python_With_TaskFlow.py
[2022-07-30 16:54:01,308] {processor.py:651} INFO - DAG(s) dict_keys(['python_task_flow']) retrieved from /opt/airflow/dags/operators/Python_With_TaskFlow.py
[2022-07-30 16:54:01,321] {logging_mixin.py:115} INFO - [2022-07-30 16:54:01,321] {dag.py:2379} INFO - Sync 1 DAGs
[2022-07-30 16:54:01,343] {logging_mixin.py:115} INFO - [2022-07-30 16:54:01,342] {dag.py:2931} INFO - Setting next_dagrun for python_task_flow to 2022-07-29T00:00:00+00:00, run_after=2022-07-30T00:00:00+00:00
[2022-07-30 16:54:01,355] {processor.py:161} INFO - Processing /opt/airflow/dags/operators/Python_With_TaskFlow.py took 0.095 seconds
[2022-07-30 16:54:31,474] {processor.py:153} INFO - Started process (PID=1606) to work on /opt/airflow/dags/operators/Python_With_TaskFlow.py
[2022-07-30 16:54:31,475] {processor.py:641} INFO - Processing file /opt/airflow/dags/operators/Python_With_TaskFlow.py for tasks to queue
[2022-07-30 16:54:31,476] {logging_mixin.py:115} INFO - [2022-07-30 16:54:31,475] {dagbag.py:507} INFO - Filling up the DagBag from /opt/airflow/dags/operators/Python_With_TaskFlow.py
[2022-07-30 16:54:31,516] {processor.py:651} INFO - DAG(s) dict_keys(['python_task_flow']) retrieved from /opt/airflow/dags/operators/Python_With_TaskFlow.py
[2022-07-30 16:54:31,535] {logging_mixin.py:115} INFO - [2022-07-30 16:54:31,535] {dag.py:2379} INFO - Sync 1 DAGs
[2022-07-30 16:54:31,571] {logging_mixin.py:115} INFO - [2022-07-30 16:54:31,570] {dag.py:2931} INFO - Setting next_dagrun for python_task_flow to 2022-07-29T00:00:00+00:00, run_after=2022-07-30T00:00:00+00:00
[2022-07-30 16:54:31,794] {processor.py:161} INFO - Processing /opt/airflow/dags/operators/Python_With_TaskFlow.py took 0.324 seconds
[2022-07-30 16:55:01,903] {processor.py:153} INFO - Started process (PID=1690) to work on /opt/airflow/dags/operators/Python_With_TaskFlow.py
[2022-07-30 16:55:01,904] {processor.py:641} INFO - Processing file /opt/airflow/dags/operators/Python_With_TaskFlow.py for tasks to queue
[2022-07-30 16:55:01,905] {logging_mixin.py:115} INFO - [2022-07-30 16:55:01,904] {dagbag.py:507} INFO - Filling up the DagBag from /opt/airflow/dags/operators/Python_With_TaskFlow.py
[2022-07-30 16:55:01,962] {processor.py:651} INFO - DAG(s) dict_keys(['python_task_flow']) retrieved from /opt/airflow/dags/operators/Python_With_TaskFlow.py
[2022-07-30 16:55:01,984] {logging_mixin.py:115} INFO - [2022-07-30 16:55:01,983] {dag.py:2379} INFO - Sync 1 DAGs
[2022-07-30 16:55:02,023] {logging_mixin.py:115} INFO - [2022-07-30 16:55:02,023] {dag.py:2931} INFO - Setting next_dagrun for python_task_flow to 2022-07-29T00:00:00+00:00, run_after=2022-07-30T00:00:00+00:00
[2022-07-30 16:55:02,204] {processor.py:161} INFO - Processing /opt/airflow/dags/operators/Python_With_TaskFlow.py took 0.305 seconds
[2022-07-30 16:55:32,324] {processor.py:153} INFO - Started process (PID=1768) to work on /opt/airflow/dags/operators/Python_With_TaskFlow.py
[2022-07-30 16:55:32,324] {processor.py:641} INFO - Processing file /opt/airflow/dags/operators/Python_With_TaskFlow.py for tasks to queue
[2022-07-30 16:55:32,325] {logging_mixin.py:115} INFO - [2022-07-30 16:55:32,325] {dagbag.py:507} INFO - Filling up the DagBag from /opt/airflow/dags/operators/Python_With_TaskFlow.py
[2022-07-30 16:55:32,383] {processor.py:651} INFO - DAG(s) dict_keys(['python_task_flow']) retrieved from /opt/airflow/dags/operators/Python_With_TaskFlow.py
[2022-07-30 16:55:32,397] {logging_mixin.py:115} INFO - [2022-07-30 16:55:32,397] {dag.py:2379} INFO - Sync 1 DAGs
[2022-07-30 16:55:32,421] {logging_mixin.py:115} INFO - [2022-07-30 16:55:32,421] {dag.py:2931} INFO - Setting next_dagrun for python_task_flow to 2022-07-29T00:00:00+00:00, run_after=2022-07-30T00:00:00+00:00
[2022-07-30 16:55:32,562] {processor.py:161} INFO - Processing /opt/airflow/dags/operators/Python_With_TaskFlow.py took 0.243 seconds
[2022-07-30 16:56:02,647] {processor.py:153} INFO - Started process (PID=1853) to work on /opt/airflow/dags/operators/Python_With_TaskFlow.py
[2022-07-30 16:56:02,648] {processor.py:641} INFO - Processing file /opt/airflow/dags/operators/Python_With_TaskFlow.py for tasks to queue
[2022-07-30 16:56:02,649] {logging_mixin.py:115} INFO - [2022-07-30 16:56:02,649] {dagbag.py:507} INFO - Filling up the DagBag from /opt/airflow/dags/operators/Python_With_TaskFlow.py
[2022-07-30 16:56:02,688] {processor.py:651} INFO - DAG(s) dict_keys(['python_task_flow']) retrieved from /opt/airflow/dags/operators/Python_With_TaskFlow.py
[2022-07-30 16:56:02,707] {logging_mixin.py:115} INFO - [2022-07-30 16:56:02,707] {dag.py:2379} INFO - Sync 1 DAGs
[2022-07-30 16:56:02,731] {logging_mixin.py:115} INFO - [2022-07-30 16:56:02,731] {dag.py:2931} INFO - Setting next_dagrun for python_task_flow to 2022-07-29T00:00:00+00:00, run_after=2022-07-30T00:00:00+00:00
[2022-07-30 16:56:02,878] {processor.py:161} INFO - Processing /opt/airflow/dags/operators/Python_With_TaskFlow.py took 0.235 seconds
[2022-07-30 16:56:33,485] {processor.py:153} INFO - Started process (PID=1925) to work on /opt/airflow/dags/operators/Python_With_TaskFlow.py
[2022-07-30 16:56:33,486] {processor.py:641} INFO - Processing file /opt/airflow/dags/operators/Python_With_TaskFlow.py for tasks to queue
[2022-07-30 16:56:33,486] {logging_mixin.py:115} INFO - [2022-07-30 16:56:33,486] {dagbag.py:507} INFO - Filling up the DagBag from /opt/airflow/dags/operators/Python_With_TaskFlow.py
[2022-07-30 16:56:33,569] {processor.py:651} INFO - DAG(s) dict_keys(['python_task_flow']) retrieved from /opt/airflow/dags/operators/Python_With_TaskFlow.py
[2022-07-30 16:56:33,606] {logging_mixin.py:115} INFO - [2022-07-30 16:56:33,606] {dag.py:2379} INFO - Sync 1 DAGs
[2022-07-30 16:56:33,674] {logging_mixin.py:115} INFO - [2022-07-30 16:56:33,674] {dag.py:2931} INFO - Setting next_dagrun for python_task_flow to 2022-07-29T00:00:00+00:00, run_after=2022-07-30T00:00:00+00:00
[2022-07-30 16:56:33,975] {processor.py:161} INFO - Processing /opt/airflow/dags/operators/Python_With_TaskFlow.py took 0.494 seconds
[2022-07-30 16:57:04,522] {processor.py:153} INFO - Started process (PID=2008) to work on /opt/airflow/dags/operators/Python_With_TaskFlow.py
[2022-07-30 16:57:04,523] {processor.py:641} INFO - Processing file /opt/airflow/dags/operators/Python_With_TaskFlow.py for tasks to queue
[2022-07-30 16:57:04,524] {logging_mixin.py:115} INFO - [2022-07-30 16:57:04,524] {dagbag.py:507} INFO - Filling up the DagBag from /opt/airflow/dags/operators/Python_With_TaskFlow.py
[2022-07-30 16:57:04,567] {processor.py:651} INFO - DAG(s) dict_keys(['python_task_flow']) retrieved from /opt/airflow/dags/operators/Python_With_TaskFlow.py
[2022-07-30 16:57:04,588] {logging_mixin.py:115} INFO - [2022-07-30 16:57:04,588] {dag.py:2379} INFO - Sync 1 DAGs
[2022-07-30 16:57:04,622] {logging_mixin.py:115} INFO - [2022-07-30 16:57:04,622] {dag.py:2931} INFO - Setting next_dagrun for python_task_flow to 2022-07-29T00:00:00+00:00, run_after=2022-07-30T00:00:00+00:00
[2022-07-30 16:57:04,805] {processor.py:161} INFO - Processing /opt/airflow/dags/operators/Python_With_TaskFlow.py took 0.287 seconds
[2022-07-30 16:57:35,417] {processor.py:153} INFO - Started process (PID=2080) to work on /opt/airflow/dags/operators/Python_With_TaskFlow.py
[2022-07-30 16:57:35,417] {processor.py:641} INFO - Processing file /opt/airflow/dags/operators/Python_With_TaskFlow.py for tasks to queue
[2022-07-30 16:57:35,418] {logging_mixin.py:115} INFO - [2022-07-30 16:57:35,418] {dagbag.py:507} INFO - Filling up the DagBag from /opt/airflow/dags/operators/Python_With_TaskFlow.py
[2022-07-30 16:57:35,492] {processor.py:651} INFO - DAG(s) dict_keys(['python_task_flow']) retrieved from /opt/airflow/dags/operators/Python_With_TaskFlow.py
[2022-07-30 16:57:35,525] {logging_mixin.py:115} INFO - [2022-07-30 16:57:35,525] {dag.py:2379} INFO - Sync 1 DAGs
[2022-07-30 16:57:35,606] {logging_mixin.py:115} INFO - [2022-07-30 16:57:35,606] {dag.py:2931} INFO - Setting next_dagrun for python_task_flow to 2022-07-29T00:00:00+00:00, run_after=2022-07-30T00:00:00+00:00
[2022-07-30 16:57:35,908] {processor.py:161} INFO - Processing /opt/airflow/dags/operators/Python_With_TaskFlow.py took 0.495 seconds
[2022-07-30 16:58:05,979] {processor.py:153} INFO - Started process (PID=2163) to work on /opt/airflow/dags/operators/Python_With_TaskFlow.py
[2022-07-30 16:58:05,980] {processor.py:641} INFO - Processing file /opt/airflow/dags/operators/Python_With_TaskFlow.py for tasks to queue
[2022-07-30 16:58:05,981] {logging_mixin.py:115} INFO - [2022-07-30 16:58:05,980] {dagbag.py:507} INFO - Filling up the DagBag from /opt/airflow/dags/operators/Python_With_TaskFlow.py
[2022-07-30 16:58:06,022] {processor.py:651} INFO - DAG(s) dict_keys(['python_task_flow']) retrieved from /opt/airflow/dags/operators/Python_With_TaskFlow.py
[2022-07-30 16:58:06,041] {logging_mixin.py:115} INFO - [2022-07-30 16:58:06,040] {dag.py:2379} INFO - Sync 1 DAGs
[2022-07-30 16:58:06,077] {logging_mixin.py:115} INFO - [2022-07-30 16:58:06,077] {dag.py:2931} INFO - Setting next_dagrun for python_task_flow to 2022-07-29T00:00:00+00:00, run_after=2022-07-30T00:00:00+00:00
[2022-07-30 16:58:06,260] {processor.py:161} INFO - Processing /opt/airflow/dags/operators/Python_With_TaskFlow.py took 0.285 seconds
[2022-07-30 16:58:36,363] {processor.py:153} INFO - Started process (PID=2236) to work on /opt/airflow/dags/operators/Python_With_TaskFlow.py
[2022-07-30 16:58:36,363] {processor.py:641} INFO - Processing file /opt/airflow/dags/operators/Python_With_TaskFlow.py for tasks to queue
[2022-07-30 16:58:36,364] {logging_mixin.py:115} INFO - [2022-07-30 16:58:36,364] {dagbag.py:507} INFO - Filling up the DagBag from /opt/airflow/dags/operators/Python_With_TaskFlow.py
[2022-07-30 16:58:36,406] {processor.py:651} INFO - DAG(s) dict_keys(['python_task_flow']) retrieved from /opt/airflow/dags/operators/Python_With_TaskFlow.py
[2022-07-30 16:58:36,445] {logging_mixin.py:115} INFO - [2022-07-30 16:58:36,445] {dag.py:2379} INFO - Sync 1 DAGs
[2022-07-30 16:58:36,483] {logging_mixin.py:115} INFO - [2022-07-30 16:58:36,483] {dag.py:2931} INFO - Setting next_dagrun for python_task_flow to 2022-07-29T00:00:00+00:00, run_after=2022-07-30T00:00:00+00:00
[2022-07-30 16:58:36,664] {processor.py:161} INFO - Processing /opt/airflow/dags/operators/Python_With_TaskFlow.py took 0.305 seconds
[2022-07-30 16:59:07,103] {processor.py:153} INFO - Started process (PID=2321) to work on /opt/airflow/dags/operators/Python_With_TaskFlow.py
[2022-07-30 16:59:07,104] {processor.py:641} INFO - Processing file /opt/airflow/dags/operators/Python_With_TaskFlow.py for tasks to queue
[2022-07-30 16:59:07,105] {logging_mixin.py:115} INFO - [2022-07-30 16:59:07,104] {dagbag.py:507} INFO - Filling up the DagBag from /opt/airflow/dags/operators/Python_With_TaskFlow.py
[2022-07-30 16:59:07,156] {processor.py:651} INFO - DAG(s) dict_keys(['python_task_flow']) retrieved from /opt/airflow/dags/operators/Python_With_TaskFlow.py
[2022-07-30 16:59:07,175] {logging_mixin.py:115} INFO - [2022-07-30 16:59:07,175] {dag.py:2379} INFO - Sync 1 DAGs
[2022-07-30 16:59:07,258] {logging_mixin.py:115} INFO - [2022-07-30 16:59:07,258] {dag.py:2931} INFO - Setting next_dagrun for python_task_flow to 2022-07-29T00:00:00+00:00, run_after=2022-07-30T00:00:00+00:00
[2022-07-30 16:59:07,448] {processor.py:161} INFO - Processing /opt/airflow/dags/operators/Python_With_TaskFlow.py took 0.349 seconds
[2022-07-30 16:59:38,007] {processor.py:153} INFO - Started process (PID=2397) to work on /opt/airflow/dags/operators/Python_With_TaskFlow.py
[2022-07-30 16:59:38,018] {processor.py:641} INFO - Processing file /opt/airflow/dags/operators/Python_With_TaskFlow.py for tasks to queue
[2022-07-30 16:59:38,019] {logging_mixin.py:115} INFO - [2022-07-30 16:59:38,019] {dagbag.py:507} INFO - Filling up the DagBag from /opt/airflow/dags/operators/Python_With_TaskFlow.py
[2022-07-30 16:59:38,126] {processor.py:651} INFO - DAG(s) dict_keys(['python_task_flow']) retrieved from /opt/airflow/dags/operators/Python_With_TaskFlow.py
[2022-07-30 16:59:38,168] {logging_mixin.py:115} INFO - [2022-07-30 16:59:38,168] {dag.py:2379} INFO - Sync 1 DAGs
[2022-07-30 16:59:38,755] {logging_mixin.py:115} INFO - [2022-07-30 16:59:38,755] {dag.py:2931} INFO - Setting next_dagrun for python_task_flow to 2022-07-29T00:00:00+00:00, run_after=2022-07-30T00:00:00+00:00
[2022-07-30 16:59:38,804] {processor.py:161} INFO - Processing /opt/airflow/dags/operators/Python_With_TaskFlow.py took 0.801 seconds
[2022-07-30 17:00:09,302] {processor.py:153} INFO - Started process (PID=2481) to work on /opt/airflow/dags/operators/Python_With_TaskFlow.py
[2022-07-30 17:00:09,310] {processor.py:641} INFO - Processing file /opt/airflow/dags/operators/Python_With_TaskFlow.py for tasks to queue
[2022-07-30 17:00:09,311] {logging_mixin.py:115} INFO - [2022-07-30 17:00:09,310] {dagbag.py:507} INFO - Filling up the DagBag from /opt/airflow/dags/operators/Python_With_TaskFlow.py
[2022-07-30 17:00:09,380] {processor.py:651} INFO - DAG(s) dict_keys(['python_task_flow']) retrieved from /opt/airflow/dags/operators/Python_With_TaskFlow.py
[2022-07-30 17:00:09,416] {logging_mixin.py:115} INFO - [2022-07-30 17:00:09,416] {dag.py:2379} INFO - Sync 1 DAGs
[2022-07-30 17:00:09,612] {logging_mixin.py:115} INFO - [2022-07-30 17:00:09,612] {dag.py:2931} INFO - Setting next_dagrun for python_task_flow to 2022-07-29T00:00:00+00:00, run_after=2022-07-30T00:00:00+00:00
[2022-07-30 17:00:09,626] {processor.py:161} INFO - Processing /opt/airflow/dags/operators/Python_With_TaskFlow.py took 0.330 seconds
[2022-07-30 17:00:39,937] {processor.py:153} INFO - Started process (PID=2555) to work on /opt/airflow/dags/operators/Python_With_TaskFlow.py
[2022-07-30 17:00:39,938] {processor.py:641} INFO - Processing file /opt/airflow/dags/operators/Python_With_TaskFlow.py for tasks to queue
[2022-07-30 17:00:39,939] {logging_mixin.py:115} INFO - [2022-07-30 17:00:39,939] {dagbag.py:507} INFO - Filling up the DagBag from /opt/airflow/dags/operators/Python_With_TaskFlow.py
[2022-07-30 17:00:40,081] {processor.py:651} INFO - DAG(s) dict_keys(['python_task_flow']) retrieved from /opt/airflow/dags/operators/Python_With_TaskFlow.py
[2022-07-30 17:00:40,152] {logging_mixin.py:115} INFO - [2022-07-30 17:00:40,152] {dag.py:2379} INFO - Sync 1 DAGs
[2022-07-30 17:00:40,511] {logging_mixin.py:115} INFO - [2022-07-30 17:00:40,511] {dag.py:2931} INFO - Setting next_dagrun for python_task_flow to 2022-07-29T00:00:00+00:00, run_after=2022-07-30T00:00:00+00:00
[2022-07-30 17:00:40,533] {processor.py:161} INFO - Processing /opt/airflow/dags/operators/Python_With_TaskFlow.py took 0.600 seconds
[2022-07-30 17:01:11,317] {processor.py:153} INFO - Started process (PID=2631) to work on /opt/airflow/dags/operators/Python_With_TaskFlow.py
[2022-07-30 17:01:11,318] {processor.py:641} INFO - Processing file /opt/airflow/dags/operators/Python_With_TaskFlow.py for tasks to queue
[2022-07-30 17:01:11,319] {logging_mixin.py:115} INFO - [2022-07-30 17:01:11,319] {dagbag.py:507} INFO - Filling up the DagBag from /opt/airflow/dags/operators/Python_With_TaskFlow.py
[2022-07-30 17:01:11,359] {processor.py:651} INFO - DAG(s) dict_keys(['python_task_flow']) retrieved from /opt/airflow/dags/operators/Python_With_TaskFlow.py
[2022-07-30 17:01:11,380] {logging_mixin.py:115} INFO - [2022-07-30 17:01:11,380] {dag.py:2379} INFO - Sync 1 DAGs
[2022-07-30 17:01:11,644] {logging_mixin.py:115} INFO - [2022-07-30 17:01:11,644] {dag.py:2931} INFO - Setting next_dagrun for python_task_flow to 2022-07-29T00:00:00+00:00, run_after=2022-07-30T00:00:00+00:00
[2022-07-30 17:01:11,660] {processor.py:161} INFO - Processing /opt/airflow/dags/operators/Python_With_TaskFlow.py took 0.347 seconds
[2022-07-30 17:01:41,745] {processor.py:153} INFO - Started process (PID=2716) to work on /opt/airflow/dags/operators/Python_With_TaskFlow.py
[2022-07-30 17:01:41,745] {processor.py:641} INFO - Processing file /opt/airflow/dags/operators/Python_With_TaskFlow.py for tasks to queue
[2022-07-30 17:01:41,746] {logging_mixin.py:115} INFO - [2022-07-30 17:01:41,746] {dagbag.py:507} INFO - Filling up the DagBag from /opt/airflow/dags/operators/Python_With_TaskFlow.py
[2022-07-30 17:01:41,848] {processor.py:651} INFO - DAG(s) dict_keys(['python_task_flow']) retrieved from /opt/airflow/dags/operators/Python_With_TaskFlow.py
[2022-07-30 17:01:41,896] {logging_mixin.py:115} INFO - [2022-07-30 17:01:41,896] {dag.py:2379} INFO - Sync 1 DAGs
[2022-07-30 17:01:42,317] {logging_mixin.py:115} INFO - [2022-07-30 17:01:42,316] {dag.py:2931} INFO - Setting next_dagrun for python_task_flow to 2022-07-29T00:00:00+00:00, run_after=2022-07-30T00:00:00+00:00
[2022-07-30 17:01:42,354] {processor.py:161} INFO - Processing /opt/airflow/dags/operators/Python_With_TaskFlow.py took 0.622 seconds
[2022-07-30 17:02:12,550] {processor.py:153} INFO - Started process (PID=2791) to work on /opt/airflow/dags/operators/Python_With_TaskFlow.py
[2022-07-30 17:02:12,551] {processor.py:641} INFO - Processing file /opt/airflow/dags/operators/Python_With_TaskFlow.py for tasks to queue
[2022-07-30 17:02:12,551] {logging_mixin.py:115} INFO - [2022-07-30 17:02:12,551] {dagbag.py:507} INFO - Filling up the DagBag from /opt/airflow/dags/operators/Python_With_TaskFlow.py
[2022-07-30 17:02:12,689] {processor.py:651} INFO - DAG(s) dict_keys(['python_task_flow']) retrieved from /opt/airflow/dags/operators/Python_With_TaskFlow.py
[2022-07-30 17:02:12,740] {logging_mixin.py:115} INFO - [2022-07-30 17:02:12,740] {dag.py:2379} INFO - Sync 1 DAGs
[2022-07-30 17:02:13,199] {logging_mixin.py:115} INFO - [2022-07-30 17:02:13,199] {dag.py:2931} INFO - Setting next_dagrun for python_task_flow to 2022-07-29T00:00:00+00:00, run_after=2022-07-30T00:00:00+00:00
[2022-07-30 17:02:13,209] {processor.py:161} INFO - Processing /opt/airflow/dags/operators/Python_With_TaskFlow.py took 0.677 seconds
[2022-07-30 17:02:43,599] {processor.py:153} INFO - Started process (PID=2879) to work on /opt/airflow/dags/operators/Python_With_TaskFlow.py
[2022-07-30 17:02:43,608] {processor.py:641} INFO - Processing file /opt/airflow/dags/operators/Python_With_TaskFlow.py for tasks to queue
[2022-07-30 17:02:43,609] {logging_mixin.py:115} INFO - [2022-07-30 17:02:43,608] {dagbag.py:507} INFO - Filling up the DagBag from /opt/airflow/dags/operators/Python_With_TaskFlow.py
[2022-07-30 17:02:43,689] {processor.py:651} INFO - DAG(s) dict_keys(['python_task_flow']) retrieved from /opt/airflow/dags/operators/Python_With_TaskFlow.py
[2022-07-30 17:02:43,740] {logging_mixin.py:115} INFO - [2022-07-30 17:02:43,740] {dag.py:2379} INFO - Sync 1 DAGs
[2022-07-30 17:02:44,410] {logging_mixin.py:115} INFO - [2022-07-30 17:02:44,410] {dag.py:2931} INFO - Setting next_dagrun for python_task_flow to 2022-07-29T00:00:00+00:00, run_after=2022-07-30T00:00:00+00:00
[2022-07-30 17:02:44,450] {processor.py:161} INFO - Processing /opt/airflow/dags/operators/Python_With_TaskFlow.py took 0.855 seconds
[2022-07-30 17:03:14,874] {processor.py:153} INFO - Started process (PID=2952) to work on /opt/airflow/dags/operators/Python_With_TaskFlow.py
[2022-07-30 17:03:14,875] {processor.py:641} INFO - Processing file /opt/airflow/dags/operators/Python_With_TaskFlow.py for tasks to queue
[2022-07-30 17:03:14,875] {logging_mixin.py:115} INFO - [2022-07-30 17:03:14,875] {dagbag.py:507} INFO - Filling up the DagBag from /opt/airflow/dags/operators/Python_With_TaskFlow.py
[2022-07-30 17:03:14,917] {processor.py:651} INFO - DAG(s) dict_keys(['python_task_flow']) retrieved from /opt/airflow/dags/operators/Python_With_TaskFlow.py
[2022-07-30 17:03:14,944] {logging_mixin.py:115} INFO - [2022-07-30 17:03:14,944] {dag.py:2379} INFO - Sync 1 DAGs
[2022-07-30 17:03:15,155] {logging_mixin.py:115} INFO - [2022-07-30 17:03:15,155] {dag.py:2931} INFO - Setting next_dagrun for python_task_flow to 2022-07-29T00:00:00+00:00, run_after=2022-07-30T00:00:00+00:00
[2022-07-30 17:03:15,170] {processor.py:161} INFO - Processing /opt/airflow/dags/operators/Python_With_TaskFlow.py took 0.300 seconds
[2022-07-30 17:03:45,319] {processor.py:153} INFO - Started process (PID=3026) to work on /opt/airflow/dags/operators/Python_With_TaskFlow.py
[2022-07-30 17:03:45,320] {processor.py:641} INFO - Processing file /opt/airflow/dags/operators/Python_With_TaskFlow.py for tasks to queue
[2022-07-30 17:03:45,320] {logging_mixin.py:115} INFO - [2022-07-30 17:03:45,320] {dagbag.py:507} INFO - Filling up the DagBag from /opt/airflow/dags/operators/Python_With_TaskFlow.py
[2022-07-30 17:03:45,364] {processor.py:651} INFO - DAG(s) dict_keys(['python_task_flow']) retrieved from /opt/airflow/dags/operators/Python_With_TaskFlow.py
[2022-07-30 17:03:45,386] {logging_mixin.py:115} INFO - [2022-07-30 17:03:45,386] {dag.py:2379} INFO - Sync 1 DAGs
[2022-07-30 17:03:45,670] {logging_mixin.py:115} INFO - [2022-07-30 17:03:45,670] {dag.py:2931} INFO - Setting next_dagrun for python_task_flow to 2022-07-29T00:00:00+00:00, run_after=2022-07-30T00:00:00+00:00
[2022-07-30 17:03:45,692] {processor.py:161} INFO - Processing /opt/airflow/dags/operators/Python_With_TaskFlow.py took 0.377 seconds
[2022-07-30 17:04:16,068] {processor.py:153} INFO - Started process (PID=3108) to work on /opt/airflow/dags/operators/Python_With_TaskFlow.py
[2022-07-30 17:04:16,069] {processor.py:641} INFO - Processing file /opt/airflow/dags/operators/Python_With_TaskFlow.py for tasks to queue
[2022-07-30 17:04:16,069] {logging_mixin.py:115} INFO - [2022-07-30 17:04:16,069] {dagbag.py:507} INFO - Filling up the DagBag from /opt/airflow/dags/operators/Python_With_TaskFlow.py
[2022-07-30 17:04:16,108] {processor.py:651} INFO - DAG(s) dict_keys(['python_task_flow']) retrieved from /opt/airflow/dags/operators/Python_With_TaskFlow.py
[2022-07-30 17:04:16,123] {logging_mixin.py:115} INFO - [2022-07-30 17:04:16,123] {dag.py:2379} INFO - Sync 1 DAGs
[2022-07-30 17:04:16,288] {logging_mixin.py:115} INFO - [2022-07-30 17:04:16,288] {dag.py:2931} INFO - Setting next_dagrun for python_task_flow to 2022-07-29T00:00:00+00:00, run_after=2022-07-30T00:00:00+00:00
[2022-07-30 17:04:16,298] {processor.py:161} INFO - Processing /opt/airflow/dags/operators/Python_With_TaskFlow.py took 0.236 seconds
[2022-07-30 17:04:46,355] {processor.py:153} INFO - Started process (PID=3182) to work on /opt/airflow/dags/operators/Python_With_TaskFlow.py
[2022-07-30 17:04:46,356] {processor.py:641} INFO - Processing file /opt/airflow/dags/operators/Python_With_TaskFlow.py for tasks to queue
[2022-07-30 17:04:46,357] {logging_mixin.py:115} INFO - [2022-07-30 17:04:46,356] {dagbag.py:507} INFO - Filling up the DagBag from /opt/airflow/dags/operators/Python_With_TaskFlow.py
[2022-07-30 17:04:46,386] {processor.py:651} INFO - DAG(s) dict_keys(['python_task_flow']) retrieved from /opt/airflow/dags/operators/Python_With_TaskFlow.py
[2022-07-30 17:04:46,399] {logging_mixin.py:115} INFO - [2022-07-30 17:04:46,399] {dag.py:2379} INFO - Sync 1 DAGs
[2022-07-30 17:04:46,549] {logging_mixin.py:115} INFO - [2022-07-30 17:04:46,549] {dag.py:2931} INFO - Setting next_dagrun for python_task_flow to 2022-07-29T00:00:00+00:00, run_after=2022-07-30T00:00:00+00:00
[2022-07-30 17:04:46,559] {processor.py:161} INFO - Processing /opt/airflow/dags/operators/Python_With_TaskFlow.py took 0.206 seconds
[2022-07-30 17:05:17,329] {processor.py:153} INFO - Started process (PID=3267) to work on /opt/airflow/dags/operators/Python_With_TaskFlow.py
[2022-07-30 17:05:17,332] {processor.py:641} INFO - Processing file /opt/airflow/dags/operators/Python_With_TaskFlow.py for tasks to queue
[2022-07-30 17:05:17,333] {logging_mixin.py:115} INFO - [2022-07-30 17:05:17,333] {dagbag.py:507} INFO - Filling up the DagBag from /opt/airflow/dags/operators/Python_With_TaskFlow.py
[2022-07-30 17:05:17,432] {processor.py:651} INFO - DAG(s) dict_keys(['python_task_flow']) retrieved from /opt/airflow/dags/operators/Python_With_TaskFlow.py
[2022-07-30 17:05:17,457] {logging_mixin.py:115} INFO - [2022-07-30 17:05:17,456] {dag.py:2379} INFO - Sync 1 DAGs
[2022-07-30 17:05:17,752] {logging_mixin.py:115} INFO - [2022-07-30 17:05:17,752] {dag.py:2931} INFO - Setting next_dagrun for python_task_flow to 2022-07-29T00:00:00+00:00, run_after=2022-07-30T00:00:00+00:00
[2022-07-30 17:05:17,771] {processor.py:161} INFO - Processing /opt/airflow/dags/operators/Python_With_TaskFlow.py took 0.449 seconds
[2022-07-30 17:05:47,829] {processor.py:153} INFO - Started process (PID=3343) to work on /opt/airflow/dags/operators/Python_With_TaskFlow.py
[2022-07-30 17:05:47,830] {processor.py:641} INFO - Processing file /opt/airflow/dags/operators/Python_With_TaskFlow.py for tasks to queue
[2022-07-30 17:05:47,831] {logging_mixin.py:115} INFO - [2022-07-30 17:05:47,830] {dagbag.py:507} INFO - Filling up the DagBag from /opt/airflow/dags/operators/Python_With_TaskFlow.py
[2022-07-30 17:05:47,889] {processor.py:651} INFO - DAG(s) dict_keys(['python_task_flow']) retrieved from /opt/airflow/dags/operators/Python_With_TaskFlow.py
[2022-07-30 17:05:47,914] {logging_mixin.py:115} INFO - [2022-07-30 17:05:47,914] {dag.py:2379} INFO - Sync 1 DAGs
[2022-07-30 17:05:48,149] {logging_mixin.py:115} INFO - [2022-07-30 17:05:48,148] {dag.py:2931} INFO - Setting next_dagrun for python_task_flow to 2022-07-29T00:00:00+00:00, run_after=2022-07-30T00:00:00+00:00
[2022-07-30 17:05:48,162] {processor.py:161} INFO - Processing /opt/airflow/dags/operators/Python_With_TaskFlow.py took 0.338 seconds
[2022-07-30 17:06:18,897] {processor.py:153} INFO - Started process (PID=3432) to work on /opt/airflow/dags/operators/Python_With_TaskFlow.py
[2022-07-30 17:06:18,907] {processor.py:641} INFO - Processing file /opt/airflow/dags/operators/Python_With_TaskFlow.py for tasks to queue
[2022-07-30 17:06:18,909] {logging_mixin.py:115} INFO - [2022-07-30 17:06:18,909] {dagbag.py:507} INFO - Filling up the DagBag from /opt/airflow/dags/operators/Python_With_TaskFlow.py
[2022-07-30 17:06:19,030] {processor.py:651} INFO - DAG(s) dict_keys(['python_task_flow']) retrieved from /opt/airflow/dags/operators/Python_With_TaskFlow.py
[2022-07-30 17:06:19,068] {logging_mixin.py:115} INFO - [2022-07-30 17:06:19,068] {dag.py:2379} INFO - Sync 1 DAGs
[2022-07-30 17:06:19,370] {logging_mixin.py:115} INFO - [2022-07-30 17:06:19,370] {dag.py:2931} INFO - Setting next_dagrun for python_task_flow to 2022-07-29T00:00:00+00:00, run_after=2022-07-30T00:00:00+00:00
[2022-07-30 17:06:19,386] {processor.py:161} INFO - Processing /opt/airflow/dags/operators/Python_With_TaskFlow.py took 0.494 seconds
[2022-07-30 17:06:49,524] {processor.py:153} INFO - Started process (PID=3506) to work on /opt/airflow/dags/operators/Python_With_TaskFlow.py
[2022-07-30 17:06:49,525] {processor.py:641} INFO - Processing file /opt/airflow/dags/operators/Python_With_TaskFlow.py for tasks to queue
[2022-07-30 17:06:49,526] {logging_mixin.py:115} INFO - [2022-07-30 17:06:49,526] {dagbag.py:507} INFO - Filling up the DagBag from /opt/airflow/dags/operators/Python_With_TaskFlow.py
[2022-07-30 17:06:49,569] {processor.py:651} INFO - DAG(s) dict_keys(['python_task_flow']) retrieved from /opt/airflow/dags/operators/Python_With_TaskFlow.py
[2022-07-30 17:06:49,588] {logging_mixin.py:115} INFO - [2022-07-30 17:06:49,588] {dag.py:2379} INFO - Sync 1 DAGs
[2022-07-30 17:06:49,803] {logging_mixin.py:115} INFO - [2022-07-30 17:06:49,803] {dag.py:2931} INFO - Setting next_dagrun for python_task_flow to 2022-07-29T00:00:00+00:00, run_after=2022-07-30T00:00:00+00:00
[2022-07-30 17:06:49,816] {processor.py:161} INFO - Processing /opt/airflow/dags/operators/Python_With_TaskFlow.py took 0.296 seconds
[2022-07-30 17:07:20,716] {processor.py:153} INFO - Started process (PID=3588) to work on /opt/airflow/dags/operators/Python_With_TaskFlow.py
[2022-07-30 17:07:20,717] {processor.py:641} INFO - Processing file /opt/airflow/dags/operators/Python_With_TaskFlow.py for tasks to queue
[2022-07-30 17:07:20,718] {logging_mixin.py:115} INFO - [2022-07-30 17:07:20,717] {dagbag.py:507} INFO - Filling up the DagBag from /opt/airflow/dags/operators/Python_With_TaskFlow.py
[2022-07-30 17:07:20,780] {processor.py:651} INFO - DAG(s) dict_keys(['python_task_flow']) retrieved from /opt/airflow/dags/operators/Python_With_TaskFlow.py
[2022-07-30 17:07:20,800] {logging_mixin.py:115} INFO - [2022-07-30 17:07:20,800] {dag.py:2379} INFO - Sync 1 DAGs
[2022-07-30 17:07:21,057] {logging_mixin.py:115} INFO - [2022-07-30 17:07:21,056] {dag.py:2931} INFO - Setting next_dagrun for python_task_flow to 2022-07-29T00:00:00+00:00, run_after=2022-07-30T00:00:00+00:00
[2022-07-30 17:07:21,073] {processor.py:161} INFO - Processing /opt/airflow/dags/operators/Python_With_TaskFlow.py took 0.361 seconds
[2022-07-30 17:07:51,512] {processor.py:153} INFO - Started process (PID=3660) to work on /opt/airflow/dags/operators/Python_With_TaskFlow.py
[2022-07-30 17:07:51,512] {processor.py:641} INFO - Processing file /opt/airflow/dags/operators/Python_With_TaskFlow.py for tasks to queue
[2022-07-30 17:07:51,513] {logging_mixin.py:115} INFO - [2022-07-30 17:07:51,513] {dagbag.py:507} INFO - Filling up the DagBag from /opt/airflow/dags/operators/Python_With_TaskFlow.py
[2022-07-30 17:07:51,598] {processor.py:651} INFO - DAG(s) dict_keys(['python_task_flow']) retrieved from /opt/airflow/dags/operators/Python_With_TaskFlow.py
[2022-07-30 17:07:51,635] {logging_mixin.py:115} INFO - [2022-07-30 17:07:51,635] {dag.py:2379} INFO - Sync 1 DAGs
[2022-07-30 17:07:51,981] {logging_mixin.py:115} INFO - [2022-07-30 17:07:51,981] {dag.py:2931} INFO - Setting next_dagrun for python_task_flow to 2022-07-29T00:00:00+00:00, run_after=2022-07-30T00:00:00+00:00
[2022-07-30 17:07:52,011] {processor.py:161} INFO - Processing /opt/airflow/dags/operators/Python_With_TaskFlow.py took 0.507 seconds
[2022-07-30 17:08:22,261] {processor.py:153} INFO - Started process (PID=3747) to work on /opt/airflow/dags/operators/Python_With_TaskFlow.py
[2022-07-30 17:08:22,263] {processor.py:641} INFO - Processing file /opt/airflow/dags/operators/Python_With_TaskFlow.py for tasks to queue
[2022-07-30 17:08:22,263] {logging_mixin.py:115} INFO - [2022-07-30 17:08:22,263] {dagbag.py:507} INFO - Filling up the DagBag from /opt/airflow/dags/operators/Python_With_TaskFlow.py
[2022-07-30 17:08:22,308] {processor.py:651} INFO - DAG(s) dict_keys(['python_task_flow']) retrieved from /opt/airflow/dags/operators/Python_With_TaskFlow.py
[2022-07-30 17:08:22,326] {logging_mixin.py:115} INFO - [2022-07-30 17:08:22,326] {dag.py:2379} INFO - Sync 1 DAGs
[2022-07-30 17:08:22,536] {logging_mixin.py:115} INFO - [2022-07-30 17:08:22,536] {dag.py:2931} INFO - Setting next_dagrun for python_task_flow to 2022-07-29T00:00:00+00:00, run_after=2022-07-30T00:00:00+00:00
[2022-07-30 17:08:22,552] {processor.py:161} INFO - Processing /opt/airflow/dags/operators/Python_With_TaskFlow.py took 0.294 seconds
[2022-07-30 17:08:53,023] {processor.py:153} INFO - Started process (PID=3823) to work on /opt/airflow/dags/operators/Python_With_TaskFlow.py
[2022-07-30 17:08:53,026] {processor.py:641} INFO - Processing file /opt/airflow/dags/operators/Python_With_TaskFlow.py for tasks to queue
[2022-07-30 17:08:53,027] {logging_mixin.py:115} INFO - [2022-07-30 17:08:53,027] {dagbag.py:507} INFO - Filling up the DagBag from /opt/airflow/dags/operators/Python_With_TaskFlow.py
[2022-07-30 17:08:53,105] {processor.py:651} INFO - DAG(s) dict_keys(['python_task_flow']) retrieved from /opt/airflow/dags/operators/Python_With_TaskFlow.py
[2022-07-30 17:08:53,152] {logging_mixin.py:115} INFO - [2022-07-30 17:08:53,152] {dag.py:2379} INFO - Sync 1 DAGs
[2022-07-30 17:08:53,547] {logging_mixin.py:115} INFO - [2022-07-30 17:08:53,547] {dag.py:2931} INFO - Setting next_dagrun for python_task_flow to 2022-07-29T00:00:00+00:00, run_after=2022-07-30T00:00:00+00:00
[2022-07-30 17:08:53,576] {processor.py:161} INFO - Processing /opt/airflow/dags/operators/Python_With_TaskFlow.py took 0.557 seconds
[2022-07-30 17:09:23,780] {processor.py:153} INFO - Started process (PID=3905) to work on /opt/airflow/dags/operators/Python_With_TaskFlow.py
[2022-07-30 17:09:23,784] {processor.py:641} INFO - Processing file /opt/airflow/dags/operators/Python_With_TaskFlow.py for tasks to queue
[2022-07-30 17:09:23,784] {logging_mixin.py:115} INFO - [2022-07-30 17:09:23,784] {dagbag.py:507} INFO - Filling up the DagBag from /opt/airflow/dags/operators/Python_With_TaskFlow.py
[2022-07-30 17:09:23,907] {processor.py:651} INFO - DAG(s) dict_keys(['python_task_flow']) retrieved from /opt/airflow/dags/operators/Python_With_TaskFlow.py
[2022-07-30 17:09:23,990] {logging_mixin.py:115} INFO - [2022-07-30 17:09:23,990] {dag.py:2379} INFO - Sync 1 DAGs
[2022-07-30 17:09:24,409] {logging_mixin.py:115} INFO - [2022-07-30 17:09:24,409] {dag.py:2931} INFO - Setting next_dagrun for python_task_flow to 2022-07-29T00:00:00+00:00, run_after=2022-07-30T00:00:00+00:00
[2022-07-30 17:09:24,426] {processor.py:161} INFO - Processing /opt/airflow/dags/operators/Python_With_TaskFlow.py took 0.656 seconds
[2022-07-30 17:09:55,413] {processor.py:153} INFO - Started process (PID=3977) to work on /opt/airflow/dags/operators/Python_With_TaskFlow.py
[2022-07-30 17:09:55,413] {processor.py:641} INFO - Processing file /opt/airflow/dags/operators/Python_With_TaskFlow.py for tasks to queue
[2022-07-30 17:09:55,414] {logging_mixin.py:115} INFO - [2022-07-30 17:09:55,414] {dagbag.py:507} INFO - Filling up the DagBag from /opt/airflow/dags/operators/Python_With_TaskFlow.py
[2022-07-30 17:09:55,456] {processor.py:651} INFO - DAG(s) dict_keys(['python_task_flow']) retrieved from /opt/airflow/dags/operators/Python_With_TaskFlow.py
[2022-07-30 17:09:55,476] {logging_mixin.py:115} INFO - [2022-07-30 17:09:55,475] {dag.py:2379} INFO - Sync 1 DAGs
[2022-07-30 17:09:55,677] {logging_mixin.py:115} INFO - [2022-07-30 17:09:55,677] {dag.py:2931} INFO - Setting next_dagrun for python_task_flow to 2022-07-29T00:00:00+00:00, run_after=2022-07-30T00:00:00+00:00
[2022-07-30 17:09:55,691] {processor.py:161} INFO - Processing /opt/airflow/dags/operators/Python_With_TaskFlow.py took 0.282 seconds
[2022-07-30 17:10:26,554] {processor.py:153} INFO - Started process (PID=4062) to work on /opt/airflow/dags/operators/Python_With_TaskFlow.py
[2022-07-30 17:10:26,555] {processor.py:641} INFO - Processing file /opt/airflow/dags/operators/Python_With_TaskFlow.py for tasks to queue
[2022-07-30 17:10:26,556] {logging_mixin.py:115} INFO - [2022-07-30 17:10:26,555] {dagbag.py:507} INFO - Filling up the DagBag from /opt/airflow/dags/operators/Python_With_TaskFlow.py
[2022-07-30 17:10:26,624] {processor.py:651} INFO - DAG(s) dict_keys(['python_task_flow']) retrieved from /opt/airflow/dags/operators/Python_With_TaskFlow.py
[2022-07-30 17:10:26,671] {logging_mixin.py:115} INFO - [2022-07-30 17:10:26,671] {dag.py:2379} INFO - Sync 1 DAGs
[2022-07-30 17:10:27,007] {logging_mixin.py:115} INFO - [2022-07-30 17:10:27,006] {dag.py:2931} INFO - Setting next_dagrun for python_task_flow to 2022-07-29T00:00:00+00:00, run_after=2022-07-30T00:00:00+00:00
[2022-07-30 17:10:27,039] {processor.py:161} INFO - Processing /opt/airflow/dags/operators/Python_With_TaskFlow.py took 0.490 seconds
[2022-07-30 17:10:57,293] {processor.py:153} INFO - Started process (PID=4144) to work on /opt/airflow/dags/operators/Python_With_TaskFlow.py
[2022-07-30 17:10:57,293] {processor.py:641} INFO - Processing file /opt/airflow/dags/operators/Python_With_TaskFlow.py for tasks to queue
[2022-07-30 17:10:57,294] {logging_mixin.py:115} INFO - [2022-07-30 17:10:57,294] {dagbag.py:507} INFO - Filling up the DagBag from /opt/airflow/dags/operators/Python_With_TaskFlow.py
[2022-07-30 17:10:57,414] {processor.py:651} INFO - DAG(s) dict_keys(['python_task_flow']) retrieved from /opt/airflow/dags/operators/Python_With_TaskFlow.py
[2022-07-30 17:10:57,456] {logging_mixin.py:115} INFO - [2022-07-30 17:10:57,456] {dag.py:2379} INFO - Sync 1 DAGs
[2022-07-30 17:10:57,936] {logging_mixin.py:115} INFO - [2022-07-30 17:10:57,936] {dag.py:2931} INFO - Setting next_dagrun for python_task_flow to 2022-07-29T00:00:00+00:00, run_after=2022-07-30T00:00:00+00:00
[2022-07-30 17:10:57,980] {processor.py:161} INFO - Processing /opt/airflow/dags/operators/Python_With_TaskFlow.py took 0.699 seconds
[2022-07-30 17:11:28,089] {processor.py:153} INFO - Started process (PID=4225) to work on /opt/airflow/dags/operators/Python_With_TaskFlow.py
[2022-07-30 17:11:28,090] {processor.py:641} INFO - Processing file /opt/airflow/dags/operators/Python_With_TaskFlow.py for tasks to queue
[2022-07-30 17:11:28,090] {logging_mixin.py:115} INFO - [2022-07-30 17:11:28,090] {dagbag.py:507} INFO - Filling up the DagBag from /opt/airflow/dags/operators/Python_With_TaskFlow.py
[2022-07-30 17:11:28,138] {processor.py:651} INFO - DAG(s) dict_keys(['python_task_flow']) retrieved from /opt/airflow/dags/operators/Python_With_TaskFlow.py
[2022-07-30 17:11:28,159] {logging_mixin.py:115} INFO - [2022-07-30 17:11:28,159] {dag.py:2379} INFO - Sync 1 DAGs
[2022-07-30 17:11:28,376] {logging_mixin.py:115} INFO - [2022-07-30 17:11:28,375] {dag.py:2931} INFO - Setting next_dagrun for python_task_flow to 2022-07-29T00:00:00+00:00, run_after=2022-07-30T00:00:00+00:00
[2022-07-30 17:11:28,390] {processor.py:161} INFO - Processing /opt/airflow/dags/operators/Python_With_TaskFlow.py took 0.305 seconds
[2022-07-30 17:11:58,866] {processor.py:153} INFO - Started process (PID=4299) to work on /opt/airflow/dags/operators/Python_With_TaskFlow.py
[2022-07-30 17:11:58,867] {processor.py:641} INFO - Processing file /opt/airflow/dags/operators/Python_With_TaskFlow.py for tasks to queue
[2022-07-30 17:11:58,868] {logging_mixin.py:115} INFO - [2022-07-30 17:11:58,867] {dagbag.py:507} INFO - Filling up the DagBag from /opt/airflow/dags/operators/Python_With_TaskFlow.py
[2022-07-30 17:11:58,910] {processor.py:651} INFO - DAG(s) dict_keys(['python_task_flow']) retrieved from /opt/airflow/dags/operators/Python_With_TaskFlow.py
[2022-07-30 17:11:58,931] {logging_mixin.py:115} INFO - [2022-07-30 17:11:58,931] {dag.py:2379} INFO - Sync 1 DAGs
[2022-07-30 17:11:59,174] {logging_mixin.py:115} INFO - [2022-07-30 17:11:59,174] {dag.py:2931} INFO - Setting next_dagrun for python_task_flow to 2022-07-29T00:00:00+00:00, run_after=2022-07-30T00:00:00+00:00
[2022-07-30 17:11:59,187] {processor.py:161} INFO - Processing /opt/airflow/dags/operators/Python_With_TaskFlow.py took 0.325 seconds
[2022-07-30 17:12:29,412] {processor.py:153} INFO - Started process (PID=4371) to work on /opt/airflow/dags/operators/Python_With_TaskFlow.py
[2022-07-30 17:12:29,413] {processor.py:641} INFO - Processing file /opt/airflow/dags/operators/Python_With_TaskFlow.py for tasks to queue
[2022-07-30 17:12:29,414] {logging_mixin.py:115} INFO - [2022-07-30 17:12:29,414] {dagbag.py:507} INFO - Filling up the DagBag from /opt/airflow/dags/operators/Python_With_TaskFlow.py
[2022-07-30 17:12:29,465] {processor.py:651} INFO - DAG(s) dict_keys(['python_task_flow']) retrieved from /opt/airflow/dags/operators/Python_With_TaskFlow.py
[2022-07-30 17:12:29,489] {logging_mixin.py:115} INFO - [2022-07-30 17:12:29,489] {dag.py:2379} INFO - Sync 1 DAGs
[2022-07-30 17:12:29,743] {logging_mixin.py:115} INFO - [2022-07-30 17:12:29,743] {dag.py:2931} INFO - Setting next_dagrun for python_task_flow to 2022-07-29T00:00:00+00:00, run_after=2022-07-30T00:00:00+00:00
[2022-07-30 17:12:29,759] {processor.py:161} INFO - Processing /opt/airflow/dags/operators/Python_With_TaskFlow.py took 0.352 seconds
[2022-07-30 17:13:00,194] {processor.py:153} INFO - Started process (PID=4444) to work on /opt/airflow/dags/operators/Python_With_TaskFlow.py
[2022-07-30 17:13:00,194] {processor.py:641} INFO - Processing file /opt/airflow/dags/operators/Python_With_TaskFlow.py for tasks to queue
[2022-07-30 17:13:00,195] {logging_mixin.py:115} INFO - [2022-07-30 17:13:00,195] {dagbag.py:507} INFO - Filling up the DagBag from /opt/airflow/dags/operators/Python_With_TaskFlow.py
[2022-07-30 17:13:00,261] {processor.py:651} INFO - DAG(s) dict_keys(['python_task_flow']) retrieved from /opt/airflow/dags/operators/Python_With_TaskFlow.py
[2022-07-30 17:13:00,287] {logging_mixin.py:115} INFO - [2022-07-30 17:13:00,286] {dag.py:2379} INFO - Sync 1 DAGs
[2022-07-30 17:13:00,515] {logging_mixin.py:115} INFO - [2022-07-30 17:13:00,515] {dag.py:2931} INFO - Setting next_dagrun for python_task_flow to 2022-07-29T00:00:00+00:00, run_after=2022-07-30T00:00:00+00:00
[2022-07-30 17:13:00,526] {processor.py:161} INFO - Processing /opt/airflow/dags/operators/Python_With_TaskFlow.py took 0.336 seconds
[2022-07-30 17:13:30,860] {processor.py:153} INFO - Started process (PID=4526) to work on /opt/airflow/dags/operators/Python_With_TaskFlow.py
[2022-07-30 17:13:30,864] {processor.py:641} INFO - Processing file /opt/airflow/dags/operators/Python_With_TaskFlow.py for tasks to queue
[2022-07-30 17:13:30,865] {logging_mixin.py:115} INFO - [2022-07-30 17:13:30,865] {dagbag.py:507} INFO - Filling up the DagBag from /opt/airflow/dags/operators/Python_With_TaskFlow.py
[2022-07-30 17:13:30,934] {processor.py:651} INFO - DAG(s) dict_keys(['python_task_flow']) retrieved from /opt/airflow/dags/operators/Python_With_TaskFlow.py
[2022-07-30 17:13:30,976] {logging_mixin.py:115} INFO - [2022-07-30 17:13:30,975] {dag.py:2379} INFO - Sync 1 DAGs
[2022-07-30 17:13:31,581] {logging_mixin.py:115} INFO - [2022-07-30 17:13:31,581] {dag.py:2931} INFO - Setting next_dagrun for python_task_flow to 2022-07-29T00:00:00+00:00, run_after=2022-07-30T00:00:00+00:00
[2022-07-30 17:13:31,616] {processor.py:161} INFO - Processing /opt/airflow/dags/operators/Python_With_TaskFlow.py took 0.765 seconds
[2022-07-30 17:14:01,958] {processor.py:153} INFO - Started process (PID=4598) to work on /opt/airflow/dags/operators/Python_With_TaskFlow.py
[2022-07-30 17:14:01,958] {processor.py:641} INFO - Processing file /opt/airflow/dags/operators/Python_With_TaskFlow.py for tasks to queue
[2022-07-30 17:14:01,959] {logging_mixin.py:115} INFO - [2022-07-30 17:14:01,959] {dagbag.py:507} INFO - Filling up the DagBag from /opt/airflow/dags/operators/Python_With_TaskFlow.py
[2022-07-30 17:14:02,027] {processor.py:651} INFO - DAG(s) dict_keys(['python_task_flow']) retrieved from /opt/airflow/dags/operators/Python_With_TaskFlow.py
[2022-07-30 17:14:02,056] {logging_mixin.py:115} INFO - [2022-07-30 17:14:02,055] {dag.py:2379} INFO - Sync 1 DAGs
[2022-07-30 17:14:02,283] {logging_mixin.py:115} INFO - [2022-07-30 17:14:02,283] {dag.py:2931} INFO - Setting next_dagrun for python_task_flow to 2022-07-29T00:00:00+00:00, run_after=2022-07-30T00:00:00+00:00
[2022-07-30 17:14:02,301] {processor.py:161} INFO - Processing /opt/airflow/dags/operators/Python_With_TaskFlow.py took 0.349 seconds
[2022-07-30 17:14:32,639] {processor.py:153} INFO - Started process (PID=4670) to work on /opt/airflow/dags/operators/Python_With_TaskFlow.py
[2022-07-30 17:14:32,652] {processor.py:641} INFO - Processing file /opt/airflow/dags/operators/Python_With_TaskFlow.py for tasks to queue
[2022-07-30 17:14:32,653] {logging_mixin.py:115} INFO - [2022-07-30 17:14:32,653] {dagbag.py:507} INFO - Filling up the DagBag from /opt/airflow/dags/operators/Python_With_TaskFlow.py
[2022-07-30 17:14:32,760] {processor.py:651} INFO - DAG(s) dict_keys(['python_task_flow']) retrieved from /opt/airflow/dags/operators/Python_With_TaskFlow.py
[2022-07-30 17:14:32,821] {logging_mixin.py:115} INFO - [2022-07-30 17:14:32,821] {dag.py:2379} INFO - Sync 1 DAGs
[2022-07-30 17:14:32,921] {logging_mixin.py:115} INFO - [2022-07-30 17:14:32,921] {dag.py:2931} INFO - Setting next_dagrun for python_task_flow to 2022-07-29T00:00:00+00:00, run_after=2022-07-30T00:00:00+00:00
[2022-07-30 17:14:32,969] {processor.py:161} INFO - Processing /opt/airflow/dags/operators/Python_With_TaskFlow.py took 0.342 seconds
[2022-07-30 17:15:03,680] {processor.py:153} INFO - Started process (PID=4751) to work on /opt/airflow/dags/operators/Python_With_TaskFlow.py
[2022-07-30 17:15:03,681] {processor.py:641} INFO - Processing file /opt/airflow/dags/operators/Python_With_TaskFlow.py for tasks to queue
[2022-07-30 17:15:03,682] {logging_mixin.py:115} INFO - [2022-07-30 17:15:03,682] {dagbag.py:507} INFO - Filling up the DagBag from /opt/airflow/dags/operators/Python_With_TaskFlow.py
[2022-07-30 17:15:03,792] {processor.py:651} INFO - DAG(s) dict_keys(['python_task_flow']) retrieved from /opt/airflow/dags/operators/Python_With_TaskFlow.py
[2022-07-30 17:15:03,894] {logging_mixin.py:115} INFO - [2022-07-30 17:15:03,894] {dag.py:2379} INFO - Sync 1 DAGs
[2022-07-30 17:15:03,994] {logging_mixin.py:115} INFO - [2022-07-30 17:15:03,994] {dag.py:2931} INFO - Setting next_dagrun for python_task_flow to 2022-07-29T00:00:00+00:00, run_after=2022-07-30T00:00:00+00:00
[2022-07-30 17:15:04,033] {processor.py:161} INFO - Processing /opt/airflow/dags/operators/Python_With_TaskFlow.py took 0.356 seconds
[2022-07-30 17:15:34,493] {processor.py:153} INFO - Started process (PID=4828) to work on /opt/airflow/dags/operators/Python_With_TaskFlow.py
[2022-07-30 17:15:34,494] {processor.py:641} INFO - Processing file /opt/airflow/dags/operators/Python_With_TaskFlow.py for tasks to queue
[2022-07-30 17:15:34,495] {logging_mixin.py:115} INFO - [2022-07-30 17:15:34,494] {dagbag.py:507} INFO - Filling up the DagBag from /opt/airflow/dags/operators/Python_With_TaskFlow.py
[2022-07-30 17:15:34,543] {processor.py:651} INFO - DAG(s) dict_keys(['python_task_flow']) retrieved from /opt/airflow/dags/operators/Python_With_TaskFlow.py
[2022-07-30 17:15:34,565] {logging_mixin.py:115} INFO - [2022-07-30 17:15:34,565] {dag.py:2379} INFO - Sync 1 DAGs
[2022-07-30 17:15:34,600] {logging_mixin.py:115} INFO - [2022-07-30 17:15:34,600] {dag.py:2931} INFO - Setting next_dagrun for python_task_flow to 2022-07-29T00:00:00+00:00, run_after=2022-07-30T00:00:00+00:00
[2022-07-30 17:15:34,616] {processor.py:161} INFO - Processing /opt/airflow/dags/operators/Python_With_TaskFlow.py took 0.127 seconds
[2022-07-30 17:16:05,130] {processor.py:153} INFO - Started process (PID=4900) to work on /opt/airflow/dags/operators/Python_With_TaskFlow.py
[2022-07-30 17:16:05,130] {processor.py:641} INFO - Processing file /opt/airflow/dags/operators/Python_With_TaskFlow.py for tasks to queue
[2022-07-30 17:16:05,131] {logging_mixin.py:115} INFO - [2022-07-30 17:16:05,131] {dagbag.py:507} INFO - Filling up the DagBag from /opt/airflow/dags/operators/Python_With_TaskFlow.py
[2022-07-30 17:16:05,193] {processor.py:651} INFO - DAG(s) dict_keys(['python_task_flow']) retrieved from /opt/airflow/dags/operators/Python_With_TaskFlow.py
[2022-07-30 17:16:05,219] {logging_mixin.py:115} INFO - [2022-07-30 17:16:05,219] {dag.py:2379} INFO - Sync 1 DAGs
[2022-07-30 17:16:05,262] {logging_mixin.py:115} INFO - [2022-07-30 17:16:05,262] {dag.py:2931} INFO - Setting next_dagrun for python_task_flow to 2022-07-29T00:00:00+00:00, run_after=2022-07-30T00:00:00+00:00
[2022-07-30 17:16:05,286] {processor.py:161} INFO - Processing /opt/airflow/dags/operators/Python_With_TaskFlow.py took 0.164 seconds
[2022-07-30 17:16:35,350] {processor.py:153} INFO - Started process (PID=4980) to work on /opt/airflow/dags/operators/Python_With_TaskFlow.py
[2022-07-30 17:16:35,360] {processor.py:641} INFO - Processing file /opt/airflow/dags/operators/Python_With_TaskFlow.py for tasks to queue
[2022-07-30 17:16:35,361] {logging_mixin.py:115} INFO - [2022-07-30 17:16:35,361] {dagbag.py:507} INFO - Filling up the DagBag from /opt/airflow/dags/operators/Python_With_TaskFlow.py
[2022-07-30 17:16:35,528] {processor.py:651} INFO - DAG(s) dict_keys(['python_task_flow']) retrieved from /opt/airflow/dags/operators/Python_With_TaskFlow.py
[2022-07-30 17:16:35,600] {logging_mixin.py:115} INFO - [2022-07-30 17:16:35,600] {dag.py:2379} INFO - Sync 1 DAGs
[2022-07-30 17:16:35,690] {logging_mixin.py:115} INFO - [2022-07-30 17:16:35,690] {dag.py:2931} INFO - Setting next_dagrun for python_task_flow to 2022-07-29T00:00:00+00:00, run_after=2022-07-30T00:00:00+00:00
[2022-07-30 17:16:35,744] {processor.py:161} INFO - Processing /opt/airflow/dags/operators/Python_With_TaskFlow.py took 0.407 seconds
[2022-07-30 17:17:06,188] {processor.py:153} INFO - Started process (PID=5059) to work on /opt/airflow/dags/operators/Python_With_TaskFlow.py
[2022-07-30 17:17:06,188] {processor.py:641} INFO - Processing file /opt/airflow/dags/operators/Python_With_TaskFlow.py for tasks to queue
[2022-07-30 17:17:06,189] {logging_mixin.py:115} INFO - [2022-07-30 17:17:06,188] {dagbag.py:507} INFO - Filling up the DagBag from /opt/airflow/dags/operators/Python_With_TaskFlow.py
[2022-07-30 17:17:06,467] {processor.py:651} INFO - DAG(s) dict_keys(['python_task_flow']) retrieved from /opt/airflow/dags/operators/Python_With_TaskFlow.py
[2022-07-30 17:17:06,517] {logging_mixin.py:115} INFO - [2022-07-30 17:17:06,516] {dag.py:2379} INFO - Sync 1 DAGs
[2022-07-30 17:17:06,550] {logging_mixin.py:115} INFO - [2022-07-30 17:17:06,550] {dag.py:2931} INFO - Setting next_dagrun for python_task_flow to 2022-07-29T00:00:00+00:00, run_after=2022-07-30T00:00:00+00:00
[2022-07-30 17:17:06,564] {processor.py:161} INFO - Processing /opt/airflow/dags/operators/Python_With_TaskFlow.py took 0.395 seconds
[2022-07-30 17:17:37,397] {processor.py:153} INFO - Started process (PID=5131) to work on /opt/airflow/dags/operators/Python_With_TaskFlow.py
[2022-07-30 17:17:37,400] {processor.py:641} INFO - Processing file /opt/airflow/dags/operators/Python_With_TaskFlow.py for tasks to queue
[2022-07-30 17:17:37,400] {logging_mixin.py:115} INFO - [2022-07-30 17:17:37,400] {dagbag.py:507} INFO - Filling up the DagBag from /opt/airflow/dags/operators/Python_With_TaskFlow.py
[2022-07-30 17:17:37,531] {processor.py:651} INFO - DAG(s) dict_keys(['python_task_flow']) retrieved from /opt/airflow/dags/operators/Python_With_TaskFlow.py
[2022-07-30 17:17:37,597] {logging_mixin.py:115} INFO - [2022-07-30 17:17:37,597] {dag.py:2379} INFO - Sync 1 DAGs
[2022-07-30 17:17:37,699] {logging_mixin.py:115} INFO - [2022-07-30 17:17:37,698] {dag.py:2931} INFO - Setting next_dagrun for python_task_flow to 2022-07-29T00:00:00+00:00, run_after=2022-07-30T00:00:00+00:00
[2022-07-30 17:17:37,769] {processor.py:161} INFO - Processing /opt/airflow/dags/operators/Python_With_TaskFlow.py took 0.390 seconds
[2022-07-30 17:18:08,683] {processor.py:153} INFO - Started process (PID=5224) to work on /opt/airflow/dags/operators/Python_With_TaskFlow.py
[2022-07-30 17:18:08,683] {processor.py:641} INFO - Processing file /opt/airflow/dags/operators/Python_With_TaskFlow.py for tasks to queue
[2022-07-30 17:18:08,684] {logging_mixin.py:115} INFO - [2022-07-30 17:18:08,684] {dagbag.py:507} INFO - Filling up the DagBag from /opt/airflow/dags/operators/Python_With_TaskFlow.py
[2022-07-30 17:18:08,772] {processor.py:651} INFO - DAG(s) dict_keys(['python_task_flow']) retrieved from /opt/airflow/dags/operators/Python_With_TaskFlow.py
[2022-07-30 17:18:08,810] {logging_mixin.py:115} INFO - [2022-07-30 17:18:08,810] {dag.py:2379} INFO - Sync 1 DAGs
[2022-07-30 17:18:08,890] {logging_mixin.py:115} INFO - [2022-07-30 17:18:08,890] {dag.py:2931} INFO - Setting next_dagrun for python_task_flow to 2022-07-29T00:00:00+00:00, run_after=2022-07-30T00:00:00+00:00
[2022-07-30 17:18:08,939] {processor.py:161} INFO - Processing /opt/airflow/dags/operators/Python_With_TaskFlow.py took 0.259 seconds
[2022-07-30 17:18:39,528] {processor.py:153} INFO - Started process (PID=5294) to work on /opt/airflow/dags/operators/Python_With_TaskFlow.py
[2022-07-30 17:18:39,532] {processor.py:641} INFO - Processing file /opt/airflow/dags/operators/Python_With_TaskFlow.py for tasks to queue
[2022-07-30 17:18:39,533] {logging_mixin.py:115} INFO - [2022-07-30 17:18:39,533] {dagbag.py:507} INFO - Filling up the DagBag from /opt/airflow/dags/operators/Python_With_TaskFlow.py
[2022-07-30 17:18:39,640] {processor.py:651} INFO - DAG(s) dict_keys(['python_task_flow']) retrieved from /opt/airflow/dags/operators/Python_With_TaskFlow.py
[2022-07-30 17:18:39,804] {logging_mixin.py:115} INFO - [2022-07-30 17:18:39,804] {dag.py:2379} INFO - Sync 1 DAGs
[2022-07-30 17:18:39,967] {logging_mixin.py:115} INFO - [2022-07-30 17:18:39,967] {dag.py:2931} INFO - Setting next_dagrun for python_task_flow to 2022-07-29T00:00:00+00:00, run_after=2022-07-30T00:00:00+00:00
[2022-07-30 17:18:40,022] {processor.py:161} INFO - Processing /opt/airflow/dags/operators/Python_With_TaskFlow.py took 0.513 seconds
[2022-07-30 17:19:10,312] {processor.py:153} INFO - Started process (PID=5378) to work on /opt/airflow/dags/operators/Python_With_TaskFlow.py
[2022-07-30 17:19:10,312] {processor.py:641} INFO - Processing file /opt/airflow/dags/operators/Python_With_TaskFlow.py for tasks to queue
[2022-07-30 17:19:10,313] {logging_mixin.py:115} INFO - [2022-07-30 17:19:10,313] {dagbag.py:507} INFO - Filling up the DagBag from /opt/airflow/dags/operators/Python_With_TaskFlow.py
[2022-07-30 17:19:10,399] {processor.py:651} INFO - DAG(s) dict_keys(['python_task_flow']) retrieved from /opt/airflow/dags/operators/Python_With_TaskFlow.py
[2022-07-30 17:19:10,447] {logging_mixin.py:115} INFO - [2022-07-30 17:19:10,446] {dag.py:2379} INFO - Sync 1 DAGs
[2022-07-30 17:19:10,500] {logging_mixin.py:115} INFO - [2022-07-30 17:19:10,500] {dag.py:2931} INFO - Setting next_dagrun for python_task_flow to 2022-07-29T00:00:00+00:00, run_after=2022-07-30T00:00:00+00:00
[2022-07-30 17:19:10,523] {processor.py:161} INFO - Processing /opt/airflow/dags/operators/Python_With_TaskFlow.py took 0.215 seconds
[2022-07-30 17:19:40,556] {processor.py:153} INFO - Started process (PID=5457) to work on /opt/airflow/dags/operators/Python_With_TaskFlow.py
[2022-07-30 17:19:40,557] {processor.py:641} INFO - Processing file /opt/airflow/dags/operators/Python_With_TaskFlow.py for tasks to queue
[2022-07-30 17:19:40,558] {logging_mixin.py:115} INFO - [2022-07-30 17:19:40,558] {dagbag.py:507} INFO - Filling up the DagBag from /opt/airflow/dags/operators/Python_With_TaskFlow.py
[2022-07-30 17:19:40,608] {processor.py:651} INFO - DAG(s) dict_keys(['python_task_flow']) retrieved from /opt/airflow/dags/operators/Python_With_TaskFlow.py
[2022-07-30 17:19:40,629] {logging_mixin.py:115} INFO - [2022-07-30 17:19:40,629] {dag.py:2379} INFO - Sync 1 DAGs
[2022-07-30 17:19:40,665] {logging_mixin.py:115} INFO - [2022-07-30 17:19:40,664] {dag.py:2931} INFO - Setting next_dagrun for python_task_flow to 2022-07-29T00:00:00+00:00, run_after=2022-07-30T00:00:00+00:00
[2022-07-30 17:19:40,681] {processor.py:161} INFO - Processing /opt/airflow/dags/operators/Python_With_TaskFlow.py took 0.129 seconds
