[2022-07-05 04:56:27,546] {taskinstance.py:1159} INFO - Dependencies all met for <TaskInstance: parallel_dag.load_b scheduled__2022-01-11T00:00:00+00:00 [queued]>
[2022-07-05 04:56:27,748] {taskinstance.py:1159} INFO - Dependencies all met for <TaskInstance: parallel_dag.load_b scheduled__2022-01-11T00:00:00+00:00 [queued]>
[2022-07-05 04:56:27,749] {taskinstance.py:1356} INFO - 
--------------------------------------------------------------------------------
[2022-07-05 04:56:27,749] {taskinstance.py:1357} INFO - Starting attempt 1 of 1
[2022-07-05 04:56:27,771] {taskinstance.py:1358} INFO - 
--------------------------------------------------------------------------------
[2022-07-05 04:56:27,805] {taskinstance.py:1377} INFO - Executing <Task(BashOperator): load_b> on 2022-01-11 00:00:00+00:00
[2022-07-05 04:56:27,840] {standard_task_runner.py:52} INFO - Started process 603 to run task
[2022-07-05 04:56:27,861] {standard_task_runner.py:79} INFO - Running: ['***', 'tasks', 'run', 'parallel_dag', 'load_b', 'scheduled__2022-01-11T00:00:00+00:00', '--job-id', '69', '--raw', '--subdir', 'DAGS_FOLDER/parallel_dag.py', '--cfg-path', '/tmp/tmp_5znxxg0', '--error-file', '/tmp/tmpy7dvbrnb']
[2022-07-05 04:56:27,862] {standard_task_runner.py:80} INFO - Job 69: Subtask load_b
[2022-07-05 04:56:29,367] {task_command.py:370} INFO - Running <TaskInstance: parallel_dag.load_b scheduled__2022-01-11T00:00:00+00:00 [running]> on host dfb99dfc9d64
[2022-07-05 04:56:31,894] {taskinstance.py:1571} INFO - Exporting the following env vars:
AIRFLOW_CTX_DAG_OWNER=***
AIRFLOW_CTX_DAG_ID=parallel_dag
AIRFLOW_CTX_TASK_ID=load_b
AIRFLOW_CTX_EXECUTION_DATE=2022-01-11T00:00:00+00:00
AIRFLOW_CTX_TRY_NUMBER=1
AIRFLOW_CTX_DAG_RUN_ID=scheduled__2022-01-11T00:00:00+00:00
[2022-07-05 04:56:31,908] {subprocess.py:62} INFO - Tmp dir root location: 
 /tmp
[2022-07-05 04:56:31,937] {subprocess.py:74} INFO - Running command: ['bash', '-c', 'sleep 1']
[2022-07-05 04:56:32,245] {subprocess.py:85} INFO - Output:
[2022-07-05 04:56:33,343] {subprocess.py:96} INFO - Command exited with return code 0
[2022-07-05 04:56:34,139] {taskinstance.py:1400} INFO - Marking task as SUCCESS. dag_id=parallel_dag, task_id=load_b, execution_date=20220111T000000, start_date=20220705T045627, end_date=20220705T045634
[2022-07-05 04:56:34,661] {local_task_job.py:156} INFO - Task exited with return code 0
[2022-07-05 04:56:35,793] {local_task_job.py:273} INFO - 0 downstream tasks scheduled from follow-on schedule check
