[2022-07-05 04:56:14,123] {taskinstance.py:1159} INFO - Dependencies all met for <TaskInstance: parallel_dag.load_b scheduled__2022-01-02T00:00:00+00:00 [queued]>
[2022-07-05 04:56:14,685] {taskinstance.py:1159} INFO - Dependencies all met for <TaskInstance: parallel_dag.load_b scheduled__2022-01-02T00:00:00+00:00 [queued]>
[2022-07-05 04:56:14,706] {taskinstance.py:1356} INFO - 
--------------------------------------------------------------------------------
[2022-07-05 04:56:14,716] {taskinstance.py:1357} INFO - Starting attempt 1 of 1
[2022-07-05 04:56:14,722] {taskinstance.py:1358} INFO - 
--------------------------------------------------------------------------------
[2022-07-05 04:56:15,245] {taskinstance.py:1377} INFO - Executing <Task(BashOperator): load_b> on 2022-01-02 00:00:00+00:00
[2022-07-05 04:56:15,398] {standard_task_runner.py:52} INFO - Started process 556 to run task
[2022-07-05 04:56:15,439] {standard_task_runner.py:79} INFO - Running: ['***', 'tasks', 'run', 'parallel_dag', 'load_b', 'scheduled__2022-01-02T00:00:00+00:00', '--job-id', '54', '--raw', '--subdir', 'DAGS_FOLDER/parallel_dag.py', '--cfg-path', '/tmp/tmpkj_41pcq', '--error-file', '/tmp/tmpglx9_wg3']
[2022-07-05 04:56:15,492] {standard_task_runner.py:80} INFO - Job 54: Subtask load_b
[2022-07-05 04:56:17,361] {task_command.py:370} INFO - Running <TaskInstance: parallel_dag.load_b scheduled__2022-01-02T00:00:00+00:00 [running]> on host dfb99dfc9d64
[2022-07-05 04:56:20,708] {taskinstance.py:1571} INFO - Exporting the following env vars:
AIRFLOW_CTX_DAG_OWNER=***
AIRFLOW_CTX_DAG_ID=parallel_dag
AIRFLOW_CTX_TASK_ID=load_b
AIRFLOW_CTX_EXECUTION_DATE=2022-01-02T00:00:00+00:00
AIRFLOW_CTX_TRY_NUMBER=1
AIRFLOW_CTX_DAG_RUN_ID=scheduled__2022-01-02T00:00:00+00:00
[2022-07-05 04:56:20,715] {subprocess.py:62} INFO - Tmp dir root location: 
 /tmp
[2022-07-05 04:56:20,749] {subprocess.py:74} INFO - Running command: ['bash', '-c', 'sleep 1']
[2022-07-05 04:56:21,109] {subprocess.py:85} INFO - Output:
[2022-07-05 04:56:22,251] {subprocess.py:96} INFO - Command exited with return code 0
[2022-07-05 04:56:23,082] {taskinstance.py:1400} INFO - Marking task as SUCCESS. dag_id=parallel_dag, task_id=load_b, execution_date=20220102T000000, start_date=20220705T045614, end_date=20220705T045623
[2022-07-05 04:56:23,676] {local_task_job.py:156} INFO - Task exited with return code 0
[2022-07-05 04:56:24,471] {local_task_job.py:273} INFO - 0 downstream tasks scheduled from follow-on schedule check
