[2022-07-05 05:32:20,038] {taskinstance.py:1159} INFO - Dependencies all met for <TaskInstance: task_group.process_files.Process_file1 scheduled__2022-07-04T00:00:00+00:00 [queued]>
[2022-07-05 05:32:20,125] {taskinstance.py:1159} INFO - Dependencies all met for <TaskInstance: task_group.process_files.Process_file1 scheduled__2022-07-04T00:00:00+00:00 [queued]>
[2022-07-05 05:32:20,125] {taskinstance.py:1356} INFO - 
--------------------------------------------------------------------------------
[2022-07-05 05:32:20,133] {taskinstance.py:1357} INFO - Starting attempt 1 of 1
[2022-07-05 05:32:20,133] {taskinstance.py:1358} INFO - 
--------------------------------------------------------------------------------
[2022-07-05 05:32:20,250] {taskinstance.py:1377} INFO - Executing <Task(BashOperator): process_files.Process_file1> on 2022-07-04 00:00:00+00:00
[2022-07-05 05:32:20,273] {standard_task_runner.py:52} INFO - Started process 2388 to run task
[2022-07-05 05:32:20,295] {standard_task_runner.py:79} INFO - Running: ['***', 'tasks', 'run', 'task_group', 'process_files.Process_file1', 'scheduled__2022-07-04T00:00:00+00:00', '--job-id', '109', '--raw', '--subdir', 'DAGS_FOLDER/task_group.py', '--cfg-path', '/tmp/tmpsybzkia_', '--error-file', '/tmp/tmpiyn_nz13']
[2022-07-05 05:32:20,298] {standard_task_runner.py:80} INFO - Job 109: Subtask process_files.Process_file1
[2022-07-05 05:32:20,489] {task_command.py:370} INFO - Running <TaskInstance: task_group.process_files.Process_file1 scheduled__2022-07-04T00:00:00+00:00 [running]> on host dfb99dfc9d64
[2022-07-05 05:32:20,693] {taskinstance.py:1571} INFO - Exporting the following env vars:
AIRFLOW_CTX_DAG_OWNER=***
AIRFLOW_CTX_DAG_ID=task_group
AIRFLOW_CTX_TASK_ID=process_files.Process_file1
AIRFLOW_CTX_EXECUTION_DATE=2022-07-04T00:00:00+00:00
AIRFLOW_CTX_TRY_NUMBER=1
AIRFLOW_CTX_DAG_RUN_ID=scheduled__2022-07-04T00:00:00+00:00
[2022-07-05 05:32:20,694] {subprocess.py:62} INFO - Tmp dir root location: 
 /tmp
[2022-07-05 05:32:20,694] {subprocess.py:74} INFO - Running command: ['bash', '-c', 'sleep 1']
[2022-07-05 05:32:20,703] {subprocess.py:85} INFO - Output:
[2022-07-05 05:32:21,710] {subprocess.py:96} INFO - Command exited with return code 0
[2022-07-05 05:32:21,798] {taskinstance.py:1400} INFO - Marking task as SUCCESS. dag_id=task_group, task_id=process_files.Process_file1, execution_date=20220704T000000, start_date=20220705T053220, end_date=20220705T053221
[2022-07-05 05:32:21,853] {local_task_job.py:156} INFO - Task exited with return code 0
[2022-07-05 05:32:21,917] {local_task_job.py:273} INFO - 0 downstream tasks scheduled from follow-on schedule check
