[2022-07-31 04:35:32,248] {processor.py:153} INFO - Started process (PID=50) to work on /opt/airflow/dags/trigger_rules/triggers_rules.py
[2022-07-31 04:35:32,254] {processor.py:641} INFO - Processing file /opt/airflow/dags/trigger_rules/triggers_rules.py for tasks to queue
[2022-07-31 04:35:32,258] {logging_mixin.py:115} INFO - [2022-07-31 04:35:32,258] {dagbag.py:507} INFO - Filling up the DagBag from /opt/airflow/dags/trigger_rules/triggers_rules.py
[2022-07-31 04:35:32,329] {logging_mixin.py:115} WARNING - /home/airflow/.local/lib/python3.7/site-packages/airflow/operators/bash.py:144 DeprecationWarning: none_failed_or_skipped Trigger Rule is deprecated. Please use `none_failed_min_one_success`.
[2022-07-31 04:35:32,333] {processor.py:651} INFO - DAG(s) dict_keys(['trigger_rules']) retrieved from /opt/airflow/dags/trigger_rules/triggers_rules.py
[2022-07-31 04:35:32,438] {logging_mixin.py:115} INFO - [2022-07-31 04:35:32,438] {dag.py:2379} INFO - Sync 1 DAGs
[2022-07-31 04:35:32,576] {logging_mixin.py:115} INFO - [2022-07-31 04:35:32,576] {dag.py:2931} INFO - Setting next_dagrun for trigger_rules to 2022-07-30T00:00:00+00:00, run_after=2022-07-31T00:00:00+00:00
[2022-07-31 04:35:32,603] {processor.py:161} INFO - Processing /opt/airflow/dags/trigger_rules/triggers_rules.py took 0.375 seconds
[2022-07-31 04:36:03,555] {processor.py:153} INFO - Started process (PID=123) to work on /opt/airflow/dags/trigger_rules/triggers_rules.py
[2022-07-31 04:36:03,558] {processor.py:641} INFO - Processing file /opt/airflow/dags/trigger_rules/triggers_rules.py for tasks to queue
[2022-07-31 04:36:03,559] {logging_mixin.py:115} INFO - [2022-07-31 04:36:03,559] {dagbag.py:507} INFO - Filling up the DagBag from /opt/airflow/dags/trigger_rules/triggers_rules.py
[2022-07-31 04:36:03,589] {logging_mixin.py:115} WARNING - /home/airflow/.local/lib/python3.7/site-packages/airflow/operators/bash.py:144 DeprecationWarning: none_failed_or_skipped Trigger Rule is deprecated. Please use `none_failed_min_one_success`.
[2022-07-31 04:36:03,592] {processor.py:651} INFO - DAG(s) dict_keys(['trigger_rules']) retrieved from /opt/airflow/dags/trigger_rules/triggers_rules.py
[2022-07-31 04:36:03,631] {logging_mixin.py:115} INFO - [2022-07-31 04:36:03,631] {dag.py:2379} INFO - Sync 1 DAGs
[2022-07-31 04:36:03,672] {logging_mixin.py:115} INFO - [2022-07-31 04:36:03,672] {dag.py:2931} INFO - Setting next_dagrun for trigger_rules to 2022-07-30T00:00:00+00:00, run_after=2022-07-31T00:00:00+00:00
[2022-07-31 04:36:03,697] {processor.py:161} INFO - Processing /opt/airflow/dags/trigger_rules/triggers_rules.py took 0.146 seconds
[2022-07-31 04:36:34,448] {processor.py:153} INFO - Started process (PID=197) to work on /opt/airflow/dags/trigger_rules/triggers_rules.py
[2022-07-31 04:36:34,449] {processor.py:641} INFO - Processing file /opt/airflow/dags/trigger_rules/triggers_rules.py for tasks to queue
[2022-07-31 04:36:34,450] {logging_mixin.py:115} INFO - [2022-07-31 04:36:34,450] {dagbag.py:507} INFO - Filling up the DagBag from /opt/airflow/dags/trigger_rules/triggers_rules.py
[2022-07-31 04:36:34,466] {logging_mixin.py:115} WARNING - /home/airflow/.local/lib/python3.7/site-packages/airflow/operators/bash.py:144 DeprecationWarning: none_failed_or_skipped Trigger Rule is deprecated. Please use `none_failed_min_one_success`.
[2022-07-31 04:36:34,468] {processor.py:651} INFO - DAG(s) dict_keys(['trigger_rules']) retrieved from /opt/airflow/dags/trigger_rules/triggers_rules.py
[2022-07-31 04:36:34,503] {logging_mixin.py:115} INFO - [2022-07-31 04:36:34,503] {dag.py:2379} INFO - Sync 1 DAGs
[2022-07-31 04:36:34,541] {logging_mixin.py:115} INFO - [2022-07-31 04:36:34,541] {dag.py:2931} INFO - Setting next_dagrun for trigger_rules to 2022-07-30T00:00:00+00:00, run_after=2022-07-31T00:00:00+00:00
[2022-07-31 04:36:34,558] {processor.py:161} INFO - Processing /opt/airflow/dags/trigger_rules/triggers_rules.py took 0.114 seconds
[2022-07-31 04:37:05,152] {processor.py:153} INFO - Started process (PID=272) to work on /opt/airflow/dags/trigger_rules/triggers_rules.py
[2022-07-31 04:37:05,153] {processor.py:641} INFO - Processing file /opt/airflow/dags/trigger_rules/triggers_rules.py for tasks to queue
[2022-07-31 04:37:05,157] {logging_mixin.py:115} INFO - [2022-07-31 04:37:05,153] {dagbag.py:507} INFO - Filling up the DagBag from /opt/airflow/dags/trigger_rules/triggers_rules.py
[2022-07-31 04:37:05,192] {logging_mixin.py:115} WARNING - /home/airflow/.local/lib/python3.7/site-packages/airflow/operators/bash.py:144 DeprecationWarning: none_failed_or_skipped Trigger Rule is deprecated. Please use `none_failed_min_one_success`.
[2022-07-31 04:37:05,193] {processor.py:651} INFO - DAG(s) dict_keys(['trigger_rules']) retrieved from /opt/airflow/dags/trigger_rules/triggers_rules.py
[2022-07-31 04:37:05,253] {logging_mixin.py:115} INFO - [2022-07-31 04:37:05,252] {dag.py:2379} INFO - Sync 1 DAGs
[2022-07-31 04:37:05,328] {logging_mixin.py:115} INFO - [2022-07-31 04:37:05,328] {dag.py:2931} INFO - Setting next_dagrun for trigger_rules to 2022-07-30T00:00:00+00:00, run_after=2022-07-31T00:00:00+00:00
[2022-07-31 04:37:05,358] {processor.py:161} INFO - Processing /opt/airflow/dags/trigger_rules/triggers_rules.py took 0.210 seconds
[2022-07-31 04:37:36,261] {processor.py:153} INFO - Started process (PID=352) to work on /opt/airflow/dags/trigger_rules/triggers_rules.py
[2022-07-31 04:37:36,275] {processor.py:641} INFO - Processing file /opt/airflow/dags/trigger_rules/triggers_rules.py for tasks to queue
[2022-07-31 04:37:36,291] {logging_mixin.py:115} INFO - [2022-07-31 04:37:36,291] {dagbag.py:507} INFO - Filling up the DagBag from /opt/airflow/dags/trigger_rules/triggers_rules.py
[2022-07-31 04:37:36,340] {logging_mixin.py:115} WARNING - /home/airflow/.local/lib/python3.7/site-packages/airflow/operators/bash.py:144 DeprecationWarning: none_failed_or_skipped Trigger Rule is deprecated. Please use `none_failed_min_one_success`.
[2022-07-31 04:37:36,346] {processor.py:651} INFO - DAG(s) dict_keys(['trigger_rules']) retrieved from /opt/airflow/dags/trigger_rules/triggers_rules.py
[2022-07-31 04:37:36,412] {logging_mixin.py:115} INFO - [2022-07-31 04:37:36,412] {dag.py:2379} INFO - Sync 1 DAGs
[2022-07-31 04:37:36,480] {logging_mixin.py:115} INFO - [2022-07-31 04:37:36,480] {dag.py:2931} INFO - Setting next_dagrun for trigger_rules to 2022-07-30T00:00:00+00:00, run_after=2022-07-31T00:00:00+00:00
[2022-07-31 04:37:36,532] {processor.py:161} INFO - Processing /opt/airflow/dags/trigger_rules/triggers_rules.py took 0.275 seconds
[2022-07-31 04:38:06,683] {processor.py:153} INFO - Started process (PID=424) to work on /opt/airflow/dags/trigger_rules/triggers_rules.py
[2022-07-31 04:38:06,684] {processor.py:641} INFO - Processing file /opt/airflow/dags/trigger_rules/triggers_rules.py for tasks to queue
[2022-07-31 04:38:06,687] {logging_mixin.py:115} INFO - [2022-07-31 04:38:06,687] {dagbag.py:507} INFO - Filling up the DagBag from /opt/airflow/dags/trigger_rules/triggers_rules.py
[2022-07-31 04:38:06,727] {logging_mixin.py:115} WARNING - /home/airflow/.local/lib/python3.7/site-packages/airflow/operators/bash.py:144 DeprecationWarning: none_failed_or_skipped Trigger Rule is deprecated. Please use `none_failed_min_one_success`.
[2022-07-31 04:38:06,742] {processor.py:651} INFO - DAG(s) dict_keys(['trigger_rules']) retrieved from /opt/airflow/dags/trigger_rules/triggers_rules.py
[2022-07-31 04:38:06,887] {logging_mixin.py:115} INFO - [2022-07-31 04:38:06,886] {dag.py:2379} INFO - Sync 1 DAGs
[2022-07-31 04:38:07,053] {logging_mixin.py:115} INFO - [2022-07-31 04:38:07,052] {dag.py:2931} INFO - Setting next_dagrun for trigger_rules to 2022-07-30T00:00:00+00:00, run_after=2022-07-31T00:00:00+00:00
[2022-07-31 04:38:07,158] {processor.py:161} INFO - Processing /opt/airflow/dags/trigger_rules/triggers_rules.py took 0.491 seconds
[2022-07-31 04:38:38,099] {processor.py:153} INFO - Started process (PID=504) to work on /opt/airflow/dags/trigger_rules/triggers_rules.py
[2022-07-31 04:38:38,102] {processor.py:641} INFO - Processing file /opt/airflow/dags/trigger_rules/triggers_rules.py for tasks to queue
[2022-07-31 04:38:38,103] {logging_mixin.py:115} INFO - [2022-07-31 04:38:38,103] {dagbag.py:507} INFO - Filling up the DagBag from /opt/airflow/dags/trigger_rules/triggers_rules.py
[2022-07-31 04:38:38,139] {logging_mixin.py:115} WARNING - /home/airflow/.local/lib/python3.7/site-packages/airflow/operators/bash.py:144 DeprecationWarning: none_failed_or_skipped Trigger Rule is deprecated. Please use `none_failed_min_one_success`.
[2022-07-31 04:38:38,156] {processor.py:651} INFO - DAG(s) dict_keys(['trigger_rules']) retrieved from /opt/airflow/dags/trigger_rules/triggers_rules.py
[2022-07-31 04:38:38,218] {logging_mixin.py:115} INFO - [2022-07-31 04:38:38,218] {dag.py:2379} INFO - Sync 1 DAGs
[2022-07-31 04:38:38,283] {logging_mixin.py:115} INFO - [2022-07-31 04:38:38,283] {dag.py:2931} INFO - Setting next_dagrun for trigger_rules to 2022-07-30T00:00:00+00:00, run_after=2022-07-31T00:00:00+00:00
[2022-07-31 04:38:38,312] {processor.py:161} INFO - Processing /opt/airflow/dags/trigger_rules/triggers_rules.py took 0.224 seconds
[2022-07-31 04:39:08,975] {processor.py:153} INFO - Started process (PID=577) to work on /opt/airflow/dags/trigger_rules/triggers_rules.py
[2022-07-31 04:39:08,976] {processor.py:641} INFO - Processing file /opt/airflow/dags/trigger_rules/triggers_rules.py for tasks to queue
[2022-07-31 04:39:08,977] {logging_mixin.py:115} INFO - [2022-07-31 04:39:08,977] {dagbag.py:507} INFO - Filling up the DagBag from /opt/airflow/dags/trigger_rules/triggers_rules.py
[2022-07-31 04:39:08,994] {logging_mixin.py:115} WARNING - /home/airflow/.local/lib/python3.7/site-packages/airflow/operators/bash.py:144 DeprecationWarning: none_failed_or_skipped Trigger Rule is deprecated. Please use `none_failed_min_one_success`.
[2022-07-31 04:39:08,995] {processor.py:651} INFO - DAG(s) dict_keys(['trigger_rules']) retrieved from /opt/airflow/dags/trigger_rules/triggers_rules.py
[2022-07-31 04:39:09,032] {logging_mixin.py:115} INFO - [2022-07-31 04:39:09,032] {dag.py:2379} INFO - Sync 1 DAGs
[2022-07-31 04:39:09,070] {logging_mixin.py:115} INFO - [2022-07-31 04:39:09,070] {dag.py:2931} INFO - Setting next_dagrun for trigger_rules to 2022-07-30T00:00:00+00:00, run_after=2022-07-31T00:00:00+00:00
[2022-07-31 04:39:09,086] {processor.py:161} INFO - Processing /opt/airflow/dags/trigger_rules/triggers_rules.py took 0.115 seconds
[2022-07-31 04:39:39,734] {processor.py:153} INFO - Started process (PID=654) to work on /opt/airflow/dags/trigger_rules/triggers_rules.py
[2022-07-31 04:39:39,734] {processor.py:641} INFO - Processing file /opt/airflow/dags/trigger_rules/triggers_rules.py for tasks to queue
[2022-07-31 04:39:39,746] {logging_mixin.py:115} INFO - [2022-07-31 04:39:39,746] {dagbag.py:507} INFO - Filling up the DagBag from /opt/airflow/dags/trigger_rules/triggers_rules.py
[2022-07-31 04:39:39,785] {logging_mixin.py:115} WARNING - /home/airflow/.local/lib/python3.7/site-packages/airflow/operators/bash.py:144 DeprecationWarning: none_failed_or_skipped Trigger Rule is deprecated. Please use `none_failed_min_one_success`.
[2022-07-31 04:39:39,795] {processor.py:651} INFO - DAG(s) dict_keys(['trigger_rules']) retrieved from /opt/airflow/dags/trigger_rules/triggers_rules.py
[2022-07-31 04:39:39,855] {logging_mixin.py:115} INFO - [2022-07-31 04:39:39,854] {dag.py:2379} INFO - Sync 1 DAGs
[2022-07-31 04:39:40,011] {logging_mixin.py:115} INFO - [2022-07-31 04:39:40,011] {dag.py:2931} INFO - Setting next_dagrun for trigger_rules to 2022-07-30T00:00:00+00:00, run_after=2022-07-31T00:00:00+00:00
[2022-07-31 04:39:40,094] {processor.py:161} INFO - Processing /opt/airflow/dags/trigger_rules/triggers_rules.py took 0.367 seconds
[2022-07-31 04:40:10,129] {processor.py:153} INFO - Started process (PID=728) to work on /opt/airflow/dags/trigger_rules/triggers_rules.py
[2022-07-31 04:40:10,133] {processor.py:641} INFO - Processing file /opt/airflow/dags/trigger_rules/triggers_rules.py for tasks to queue
[2022-07-31 04:40:10,135] {logging_mixin.py:115} INFO - [2022-07-31 04:40:10,135] {dagbag.py:507} INFO - Filling up the DagBag from /opt/airflow/dags/trigger_rules/triggers_rules.py
[2022-07-31 04:40:10,160] {logging_mixin.py:115} WARNING - /home/airflow/.local/lib/python3.7/site-packages/airflow/operators/bash.py:144 DeprecationWarning: none_failed_or_skipped Trigger Rule is deprecated. Please use `none_failed_min_one_success`.
[2022-07-31 04:40:10,162] {processor.py:651} INFO - DAG(s) dict_keys(['trigger_rules']) retrieved from /opt/airflow/dags/trigger_rules/triggers_rules.py
[2022-07-31 04:40:10,220] {logging_mixin.py:115} INFO - [2022-07-31 04:40:10,220] {dag.py:2379} INFO - Sync 1 DAGs
[2022-07-31 04:40:10,248] {logging_mixin.py:115} INFO - [2022-07-31 04:40:10,248] {dag.py:2931} INFO - Setting next_dagrun for trigger_rules to 2022-07-30T00:00:00+00:00, run_after=2022-07-31T00:00:00+00:00
[2022-07-31 04:40:10,263] {processor.py:161} INFO - Processing /opt/airflow/dags/trigger_rules/triggers_rules.py took 0.137 seconds
[2022-07-31 04:40:40,553] {processor.py:153} INFO - Started process (PID=801) to work on /opt/airflow/dags/trigger_rules/triggers_rules.py
[2022-07-31 04:40:40,555] {processor.py:641} INFO - Processing file /opt/airflow/dags/trigger_rules/triggers_rules.py for tasks to queue
[2022-07-31 04:40:40,567] {logging_mixin.py:115} INFO - [2022-07-31 04:40:40,556] {dagbag.py:507} INFO - Filling up the DagBag from /opt/airflow/dags/trigger_rules/triggers_rules.py
[2022-07-31 04:40:40,604] {logging_mixin.py:115} WARNING - /home/airflow/.local/lib/python3.7/site-packages/airflow/operators/bash.py:144 DeprecationWarning: none_failed_or_skipped Trigger Rule is deprecated. Please use `none_failed_min_one_success`.
[2022-07-31 04:40:40,613] {processor.py:651} INFO - DAG(s) dict_keys(['trigger_rules']) retrieved from /opt/airflow/dags/trigger_rules/triggers_rules.py
[2022-07-31 04:40:40,705] {logging_mixin.py:115} INFO - [2022-07-31 04:40:40,705] {dag.py:2379} INFO - Sync 1 DAGs
[2022-07-31 04:40:40,844] {logging_mixin.py:115} INFO - [2022-07-31 04:40:40,844] {dag.py:2931} INFO - Setting next_dagrun for trigger_rules to 2022-07-30T00:00:00+00:00, run_after=2022-07-31T00:00:00+00:00
[2022-07-31 04:40:40,885] {processor.py:161} INFO - Processing /opt/airflow/dags/trigger_rules/triggers_rules.py took 0.336 seconds
[2022-07-31 04:41:11,477] {processor.py:153} INFO - Started process (PID=882) to work on /opt/airflow/dags/trigger_rules/triggers_rules.py
[2022-07-31 04:41:11,489] {processor.py:641} INFO - Processing file /opt/airflow/dags/trigger_rules/triggers_rules.py for tasks to queue
[2022-07-31 04:41:11,493] {logging_mixin.py:115} INFO - [2022-07-31 04:41:11,493] {dagbag.py:507} INFO - Filling up the DagBag from /opt/airflow/dags/trigger_rules/triggers_rules.py
[2022-07-31 04:41:11,543] {logging_mixin.py:115} WARNING - /home/airflow/.local/lib/python3.7/site-packages/airflow/operators/bash.py:144 DeprecationWarning: none_failed_or_skipped Trigger Rule is deprecated. Please use `none_failed_min_one_success`.
[2022-07-31 04:41:11,552] {processor.py:651} INFO - DAG(s) dict_keys(['trigger_rules']) retrieved from /opt/airflow/dags/trigger_rules/triggers_rules.py
[2022-07-31 04:41:11,654] {logging_mixin.py:115} INFO - [2022-07-31 04:41:11,654] {dag.py:2379} INFO - Sync 1 DAGs
[2022-07-31 04:41:11,754] {logging_mixin.py:115} INFO - [2022-07-31 04:41:11,754] {dag.py:2931} INFO - Setting next_dagrun for trigger_rules to 2022-07-30T00:00:00+00:00, run_after=2022-07-31T00:00:00+00:00
[2022-07-31 04:41:11,809] {processor.py:161} INFO - Processing /opt/airflow/dags/trigger_rules/triggers_rules.py took 0.336 seconds
[2022-07-31 04:41:42,698] {processor.py:153} INFO - Started process (PID=960) to work on /opt/airflow/dags/trigger_rules/triggers_rules.py
[2022-07-31 04:41:42,700] {processor.py:641} INFO - Processing file /opt/airflow/dags/trigger_rules/triggers_rules.py for tasks to queue
[2022-07-31 04:41:42,701] {logging_mixin.py:115} INFO - [2022-07-31 04:41:42,701] {dagbag.py:507} INFO - Filling up the DagBag from /opt/airflow/dags/trigger_rules/triggers_rules.py
[2022-07-31 04:41:42,724] {logging_mixin.py:115} WARNING - /home/airflow/.local/lib/python3.7/site-packages/airflow/operators/bash.py:144 DeprecationWarning: none_failed_or_skipped Trigger Rule is deprecated. Please use `none_failed_min_one_success`.
[2022-07-31 04:41:42,726] {processor.py:651} INFO - DAG(s) dict_keys(['trigger_rules']) retrieved from /opt/airflow/dags/trigger_rules/triggers_rules.py
[2022-07-31 04:41:42,770] {logging_mixin.py:115} INFO - [2022-07-31 04:41:42,765] {dag.py:2379} INFO - Sync 1 DAGs
[2022-07-31 04:41:42,918] {logging_mixin.py:115} INFO - [2022-07-31 04:41:42,918] {dag.py:2931} INFO - Setting next_dagrun for trigger_rules to 2022-07-30T00:00:00+00:00, run_after=2022-07-31T00:00:00+00:00
[2022-07-31 04:41:42,967] {processor.py:161} INFO - Processing /opt/airflow/dags/trigger_rules/triggers_rules.py took 0.273 seconds
[2022-07-31 04:42:13,268] {processor.py:153} INFO - Started process (PID=1039) to work on /opt/airflow/dags/trigger_rules/triggers_rules.py
[2022-07-31 04:42:13,271] {processor.py:641} INFO - Processing file /opt/airflow/dags/trigger_rules/triggers_rules.py for tasks to queue
[2022-07-31 04:42:13,273] {logging_mixin.py:115} INFO - [2022-07-31 04:42:13,273] {dagbag.py:507} INFO - Filling up the DagBag from /opt/airflow/dags/trigger_rules/triggers_rules.py
[2022-07-31 04:42:13,310] {logging_mixin.py:115} WARNING - /home/airflow/.local/lib/python3.7/site-packages/airflow/operators/bash.py:144 DeprecationWarning: none_failed_or_skipped Trigger Rule is deprecated. Please use `none_failed_min_one_success`.
[2022-07-31 04:42:13,318] {processor.py:651} INFO - DAG(s) dict_keys(['trigger_rules']) retrieved from /opt/airflow/dags/trigger_rules/triggers_rules.py
[2022-07-31 04:42:13,383] {logging_mixin.py:115} INFO - [2022-07-31 04:42:13,383] {dag.py:2379} INFO - Sync 1 DAGs
[2022-07-31 04:42:13,459] {logging_mixin.py:115} INFO - [2022-07-31 04:42:13,459] {dag.py:2931} INFO - Setting next_dagrun for trigger_rules to 2022-07-30T00:00:00+00:00, run_after=2022-07-31T00:00:00+00:00
[2022-07-31 04:42:13,499] {processor.py:161} INFO - Processing /opt/airflow/dags/trigger_rules/triggers_rules.py took 0.241 seconds
[2022-07-31 04:42:44,212] {processor.py:153} INFO - Started process (PID=1114) to work on /opt/airflow/dags/trigger_rules/triggers_rules.py
[2022-07-31 04:42:44,213] {processor.py:641} INFO - Processing file /opt/airflow/dags/trigger_rules/triggers_rules.py for tasks to queue
[2022-07-31 04:42:44,213] {logging_mixin.py:115} INFO - [2022-07-31 04:42:44,213] {dagbag.py:507} INFO - Filling up the DagBag from /opt/airflow/dags/trigger_rules/triggers_rules.py
[2022-07-31 04:42:44,230] {logging_mixin.py:115} WARNING - /home/airflow/.local/lib/python3.7/site-packages/airflow/operators/bash.py:144 DeprecationWarning: none_failed_or_skipped Trigger Rule is deprecated. Please use `none_failed_min_one_success`.
[2022-07-31 04:42:44,231] {processor.py:651} INFO - DAG(s) dict_keys(['trigger_rules']) retrieved from /opt/airflow/dags/trigger_rules/triggers_rules.py
[2022-07-31 04:42:44,265] {logging_mixin.py:115} INFO - [2022-07-31 04:42:44,265] {dag.py:2379} INFO - Sync 1 DAGs
[2022-07-31 04:42:44,299] {logging_mixin.py:115} INFO - [2022-07-31 04:42:44,299] {dag.py:2931} INFO - Setting next_dagrun for trigger_rules to 2022-07-30T00:00:00+00:00, run_after=2022-07-31T00:00:00+00:00
[2022-07-31 04:42:44,314] {processor.py:161} INFO - Processing /opt/airflow/dags/trigger_rules/triggers_rules.py took 0.106 seconds
[2022-07-31 06:54:40,254] {processor.py:153} INFO - Started process (PID=51) to work on /opt/airflow/dags/trigger_rules/triggers_rules.py
[2022-07-31 06:54:40,275] {processor.py:641} INFO - Processing file /opt/airflow/dags/trigger_rules/triggers_rules.py for tasks to queue
[2022-07-31 06:54:40,276] {logging_mixin.py:115} INFO - [2022-07-31 06:54:40,276] {dagbag.py:507} INFO - Filling up the DagBag from /opt/airflow/dags/trigger_rules/triggers_rules.py
[2022-07-31 06:54:40,378] {logging_mixin.py:115} WARNING - /home/airflow/.local/lib/python3.7/site-packages/airflow/operators/bash.py:144 DeprecationWarning: none_failed_or_skipped Trigger Rule is deprecated. Please use `none_failed_min_one_success`.
[2022-07-31 06:54:40,402] {processor.py:651} INFO - DAG(s) dict_keys(['trigger_rules']) retrieved from /opt/airflow/dags/trigger_rules/triggers_rules.py
[2022-07-31 06:54:40,563] {logging_mixin.py:115} INFO - [2022-07-31 06:54:40,563] {dag.py:2379} INFO - Sync 1 DAGs
[2022-07-31 06:54:40,663] {logging_mixin.py:115} INFO - [2022-07-31 06:54:40,662] {dag.py:2931} INFO - Setting next_dagrun for trigger_rules to 2022-07-30T00:00:00+00:00, run_after=2022-07-31T00:00:00+00:00
[2022-07-31 06:54:40,709] {processor.py:161} INFO - Processing /opt/airflow/dags/trigger_rules/triggers_rules.py took 0.478 seconds
[2022-07-31 06:55:10,977] {processor.py:153} INFO - Started process (PID=122) to work on /opt/airflow/dags/trigger_rules/triggers_rules.py
[2022-07-31 06:55:10,991] {processor.py:641} INFO - Processing file /opt/airflow/dags/trigger_rules/triggers_rules.py for tasks to queue
[2022-07-31 06:55:10,992] {logging_mixin.py:115} INFO - [2022-07-31 06:55:10,992] {dagbag.py:507} INFO - Filling up the DagBag from /opt/airflow/dags/trigger_rules/triggers_rules.py
[2022-07-31 06:55:11,061] {logging_mixin.py:115} WARNING - /home/airflow/.local/lib/python3.7/site-packages/airflow/operators/bash.py:144 DeprecationWarning: none_failed_or_skipped Trigger Rule is deprecated. Please use `none_failed_min_one_success`.
[2022-07-31 06:55:11,072] {processor.py:651} INFO - DAG(s) dict_keys(['trigger_rules']) retrieved from /opt/airflow/dags/trigger_rules/triggers_rules.py
[2022-07-31 06:55:11,179] {logging_mixin.py:115} INFO - [2022-07-31 06:55:11,179] {dag.py:2379} INFO - Sync 1 DAGs
[2022-07-31 06:55:11,280] {logging_mixin.py:115} INFO - [2022-07-31 06:55:11,280] {dag.py:2931} INFO - Setting next_dagrun for trigger_rules to 2022-07-30T00:00:00+00:00, run_after=2022-07-31T00:00:00+00:00
[2022-07-31 06:55:11,346] {processor.py:161} INFO - Processing /opt/airflow/dags/trigger_rules/triggers_rules.py took 0.387 seconds
[2022-07-31 06:55:41,530] {processor.py:153} INFO - Started process (PID=185) to work on /opt/airflow/dags/trigger_rules/triggers_rules.py
[2022-07-31 06:55:41,543] {processor.py:641} INFO - Processing file /opt/airflow/dags/trigger_rules/triggers_rules.py for tasks to queue
[2022-07-31 06:55:41,547] {logging_mixin.py:115} INFO - [2022-07-31 06:55:41,547] {dagbag.py:507} INFO - Filling up the DagBag from /opt/airflow/dags/trigger_rules/triggers_rules.py
[2022-07-31 06:55:41,576] {logging_mixin.py:115} WARNING - /home/airflow/.local/lib/python3.7/site-packages/airflow/operators/bash.py:144 DeprecationWarning: none_failed_or_skipped Trigger Rule is deprecated. Please use `none_failed_min_one_success`.
[2022-07-31 06:55:41,577] {processor.py:651} INFO - DAG(s) dict_keys(['trigger_rules']) retrieved from /opt/airflow/dags/trigger_rules/triggers_rules.py
[2022-07-31 06:55:41,627] {logging_mixin.py:115} INFO - [2022-07-31 06:55:41,627] {dag.py:2379} INFO - Sync 1 DAGs
[2022-07-31 06:55:41,663] {logging_mixin.py:115} INFO - [2022-07-31 06:55:41,663] {dag.py:2931} INFO - Setting next_dagrun for trigger_rules to 2022-07-30T00:00:00+00:00, run_after=2022-07-31T00:00:00+00:00
[2022-07-31 06:55:41,704] {processor.py:161} INFO - Processing /opt/airflow/dags/trigger_rules/triggers_rules.py took 0.177 seconds
[2022-07-31 06:56:12,479] {processor.py:153} INFO - Started process (PID=256) to work on /opt/airflow/dags/trigger_rules/triggers_rules.py
[2022-07-31 06:56:12,483] {processor.py:641} INFO - Processing file /opt/airflow/dags/trigger_rules/triggers_rules.py for tasks to queue
[2022-07-31 06:56:12,485] {logging_mixin.py:115} INFO - [2022-07-31 06:56:12,485] {dagbag.py:507} INFO - Filling up the DagBag from /opt/airflow/dags/trigger_rules/triggers_rules.py
[2022-07-31 06:56:12,539] {logging_mixin.py:115} WARNING - /home/airflow/.local/lib/python3.7/site-packages/airflow/operators/bash.py:144 DeprecationWarning: none_failed_or_skipped Trigger Rule is deprecated. Please use `none_failed_min_one_success`.
[2022-07-31 06:56:12,540] {processor.py:651} INFO - DAG(s) dict_keys(['trigger_rules']) retrieved from /opt/airflow/dags/trigger_rules/triggers_rules.py
[2022-07-31 06:56:12,615] {logging_mixin.py:115} INFO - [2022-07-31 06:56:12,615] {dag.py:2379} INFO - Sync 1 DAGs
[2022-07-31 06:56:12,708] {logging_mixin.py:115} INFO - [2022-07-31 06:56:12,708] {dag.py:2931} INFO - Setting next_dagrun for trigger_rules to 2022-07-30T00:00:00+00:00, run_after=2022-07-31T00:00:00+00:00
[2022-07-31 06:56:12,754] {processor.py:161} INFO - Processing /opt/airflow/dags/trigger_rules/triggers_rules.py took 0.306 seconds
[2022-07-31 06:56:42,869] {processor.py:153} INFO - Started process (PID=339) to work on /opt/airflow/dags/trigger_rules/triggers_rules.py
[2022-07-31 06:56:42,870] {processor.py:641} INFO - Processing file /opt/airflow/dags/trigger_rules/triggers_rules.py for tasks to queue
[2022-07-31 06:56:42,870] {logging_mixin.py:115} INFO - [2022-07-31 06:56:42,870] {dagbag.py:507} INFO - Filling up the DagBag from /opt/airflow/dags/trigger_rules/triggers_rules.py
[2022-07-31 06:56:42,887] {logging_mixin.py:115} WARNING - /home/airflow/.local/lib/python3.7/site-packages/airflow/operators/bash.py:144 DeprecationWarning: none_failed_or_skipped Trigger Rule is deprecated. Please use `none_failed_min_one_success`.
[2022-07-31 06:56:42,888] {processor.py:651} INFO - DAG(s) dict_keys(['trigger_rules']) retrieved from /opt/airflow/dags/trigger_rules/triggers_rules.py
[2022-07-31 06:56:42,921] {logging_mixin.py:115} INFO - [2022-07-31 06:56:42,921] {dag.py:2379} INFO - Sync 1 DAGs
[2022-07-31 06:56:42,954] {logging_mixin.py:115} INFO - [2022-07-31 06:56:42,954] {dag.py:2931} INFO - Setting next_dagrun for trigger_rules to 2022-07-30T00:00:00+00:00, run_after=2022-07-31T00:00:00+00:00
[2022-07-31 06:56:42,976] {processor.py:161} INFO - Processing /opt/airflow/dags/trigger_rules/triggers_rules.py took 0.111 seconds
[2022-07-31 06:57:14,334] {processor.py:153} INFO - Started process (PID=412) to work on /opt/airflow/dags/trigger_rules/triggers_rules.py
[2022-07-31 06:57:14,341] {processor.py:641} INFO - Processing file /opt/airflow/dags/trigger_rules/triggers_rules.py for tasks to queue
[2022-07-31 06:57:14,361] {logging_mixin.py:115} INFO - [2022-07-31 06:57:14,361] {dagbag.py:507} INFO - Filling up the DagBag from /opt/airflow/dags/trigger_rules/triggers_rules.py
[2022-07-31 06:57:14,406] {logging_mixin.py:115} WARNING - /home/airflow/.local/lib/python3.7/site-packages/airflow/operators/bash.py:144 DeprecationWarning: none_failed_or_skipped Trigger Rule is deprecated. Please use `none_failed_min_one_success`.
[2022-07-31 06:57:14,421] {processor.py:651} INFO - DAG(s) dict_keys(['trigger_rules']) retrieved from /opt/airflow/dags/trigger_rules/triggers_rules.py
[2022-07-31 06:57:14,511] {logging_mixin.py:115} INFO - [2022-07-31 06:57:14,511] {dag.py:2379} INFO - Sync 1 DAGs
[2022-07-31 06:57:14,617] {logging_mixin.py:115} INFO - [2022-07-31 06:57:14,617] {dag.py:2931} INFO - Setting next_dagrun for trigger_rules to 2022-07-30T00:00:00+00:00, run_after=2022-07-31T00:00:00+00:00
[2022-07-31 06:57:14,691] {processor.py:161} INFO - Processing /opt/airflow/dags/trigger_rules/triggers_rules.py took 0.373 seconds
[2022-07-31 06:57:45,309] {processor.py:153} INFO - Started process (PID=492) to work on /opt/airflow/dags/trigger_rules/triggers_rules.py
[2022-07-31 06:57:45,310] {processor.py:641} INFO - Processing file /opt/airflow/dags/trigger_rules/triggers_rules.py for tasks to queue
[2022-07-31 06:57:45,311] {logging_mixin.py:115} INFO - [2022-07-31 06:57:45,310] {dagbag.py:507} INFO - Filling up the DagBag from /opt/airflow/dags/trigger_rules/triggers_rules.py
[2022-07-31 06:57:45,345] {logging_mixin.py:115} WARNING - /home/airflow/.local/lib/python3.7/site-packages/airflow/operators/bash.py:144 DeprecationWarning: none_failed_or_skipped Trigger Rule is deprecated. Please use `none_failed_min_one_success`.
[2022-07-31 06:57:45,351] {processor.py:651} INFO - DAG(s) dict_keys(['trigger_rules']) retrieved from /opt/airflow/dags/trigger_rules/triggers_rules.py
[2022-07-31 06:57:45,414] {logging_mixin.py:115} INFO - [2022-07-31 06:57:45,413] {dag.py:2379} INFO - Sync 1 DAGs
[2022-07-31 06:57:45,473] {logging_mixin.py:115} INFO - [2022-07-31 06:57:45,472] {dag.py:2931} INFO - Setting next_dagrun for trigger_rules to 2022-07-30T00:00:00+00:00, run_after=2022-07-31T00:00:00+00:00
[2022-07-31 06:57:45,494] {processor.py:161} INFO - Processing /opt/airflow/dags/trigger_rules/triggers_rules.py took 0.195 seconds
[2022-07-31 06:58:15,734] {processor.py:153} INFO - Started process (PID=562) to work on /opt/airflow/dags/trigger_rules/triggers_rules.py
[2022-07-31 06:58:15,739] {processor.py:641} INFO - Processing file /opt/airflow/dags/trigger_rules/triggers_rules.py for tasks to queue
[2022-07-31 06:58:15,740] {logging_mixin.py:115} INFO - [2022-07-31 06:58:15,740] {dagbag.py:507} INFO - Filling up the DagBag from /opt/airflow/dags/trigger_rules/triggers_rules.py
[2022-07-31 06:58:15,771] {logging_mixin.py:115} WARNING - /home/airflow/.local/lib/python3.7/site-packages/airflow/operators/bash.py:144 DeprecationWarning: none_failed_or_skipped Trigger Rule is deprecated. Please use `none_failed_min_one_success`.
[2022-07-31 06:58:15,773] {processor.py:651} INFO - DAG(s) dict_keys(['trigger_rules']) retrieved from /opt/airflow/dags/trigger_rules/triggers_rules.py
[2022-07-31 06:58:15,830] {logging_mixin.py:115} INFO - [2022-07-31 06:58:15,830] {dag.py:2379} INFO - Sync 1 DAGs
[2022-07-31 06:58:15,895] {logging_mixin.py:115} INFO - [2022-07-31 06:58:15,895] {dag.py:2931} INFO - Setting next_dagrun for trigger_rules to 2022-07-30T00:00:00+00:00, run_after=2022-07-31T00:00:00+00:00
[2022-07-31 06:58:15,929] {processor.py:161} INFO - Processing /opt/airflow/dags/trigger_rules/triggers_rules.py took 0.201 seconds
[2022-07-31 06:58:46,236] {processor.py:153} INFO - Started process (PID=635) to work on /opt/airflow/dags/trigger_rules/triggers_rules.py
[2022-07-31 06:58:46,243] {processor.py:641} INFO - Processing file /opt/airflow/dags/trigger_rules/triggers_rules.py for tasks to queue
[2022-07-31 06:58:46,244] {logging_mixin.py:115} INFO - [2022-07-31 06:58:46,244] {dagbag.py:507} INFO - Filling up the DagBag from /opt/airflow/dags/trigger_rules/triggers_rules.py
[2022-07-31 06:58:46,276] {logging_mixin.py:115} WARNING - /home/airflow/.local/lib/python3.7/site-packages/airflow/operators/bash.py:144 DeprecationWarning: none_failed_or_skipped Trigger Rule is deprecated. Please use `none_failed_min_one_success`.
[2022-07-31 06:58:46,279] {processor.py:651} INFO - DAG(s) dict_keys(['trigger_rules']) retrieved from /opt/airflow/dags/trigger_rules/triggers_rules.py
[2022-07-31 06:58:46,338] {logging_mixin.py:115} INFO - [2022-07-31 06:58:46,338] {dag.py:2379} INFO - Sync 1 DAGs
[2022-07-31 06:58:46,410] {logging_mixin.py:115} INFO - [2022-07-31 06:58:46,410] {dag.py:2931} INFO - Setting next_dagrun for trigger_rules to 2022-07-30T00:00:00+00:00, run_after=2022-07-31T00:00:00+00:00
[2022-07-31 06:58:46,460] {processor.py:161} INFO - Processing /opt/airflow/dags/trigger_rules/triggers_rules.py took 0.246 seconds
[2022-07-31 06:59:16,919] {processor.py:153} INFO - Started process (PID=720) to work on /opt/airflow/dags/trigger_rules/triggers_rules.py
[2022-07-31 06:59:16,924] {processor.py:641} INFO - Processing file /opt/airflow/dags/trigger_rules/triggers_rules.py for tasks to queue
[2022-07-31 06:59:16,926] {logging_mixin.py:115} INFO - [2022-07-31 06:59:16,926] {dagbag.py:507} INFO - Filling up the DagBag from /opt/airflow/dags/trigger_rules/triggers_rules.py
[2022-07-31 06:59:16,979] {logging_mixin.py:115} WARNING - /home/airflow/.local/lib/python3.7/site-packages/airflow/operators/bash.py:144 DeprecationWarning: none_failed_or_skipped Trigger Rule is deprecated. Please use `none_failed_min_one_success`.
[2022-07-31 06:59:16,984] {processor.py:651} INFO - DAG(s) dict_keys(['trigger_rules']) retrieved from /opt/airflow/dags/trigger_rules/triggers_rules.py
[2022-07-31 06:59:17,065] {logging_mixin.py:115} INFO - [2022-07-31 06:59:17,064] {dag.py:2379} INFO - Sync 1 DAGs
[2022-07-31 06:59:17,157] {logging_mixin.py:115} INFO - [2022-07-31 06:59:17,157] {dag.py:2931} INFO - Setting next_dagrun for trigger_rules to 2022-07-30T00:00:00+00:00, run_after=2022-07-31T00:00:00+00:00
[2022-07-31 06:59:17,190] {processor.py:161} INFO - Processing /opt/airflow/dags/trigger_rules/triggers_rules.py took 0.280 seconds
[2022-07-31 06:59:47,506] {processor.py:153} INFO - Started process (PID=794) to work on /opt/airflow/dags/trigger_rules/triggers_rules.py
[2022-07-31 06:59:47,507] {processor.py:641} INFO - Processing file /opt/airflow/dags/trigger_rules/triggers_rules.py for tasks to queue
[2022-07-31 06:59:47,508] {logging_mixin.py:115} INFO - [2022-07-31 06:59:47,507] {dagbag.py:507} INFO - Filling up the DagBag from /opt/airflow/dags/trigger_rules/triggers_rules.py
[2022-07-31 06:59:47,579] {logging_mixin.py:115} WARNING - /home/airflow/.local/lib/python3.7/site-packages/airflow/operators/bash.py:144 DeprecationWarning: none_failed_or_skipped Trigger Rule is deprecated. Please use `none_failed_min_one_success`.
[2022-07-31 06:59:47,581] {processor.py:651} INFO - DAG(s) dict_keys(['trigger_rules']) retrieved from /opt/airflow/dags/trigger_rules/triggers_rules.py
[2022-07-31 06:59:47,682] {logging_mixin.py:115} INFO - [2022-07-31 06:59:47,681] {dag.py:2379} INFO - Sync 1 DAGs
[2022-07-31 06:59:47,747] {logging_mixin.py:115} INFO - [2022-07-31 06:59:47,747] {dag.py:2931} INFO - Setting next_dagrun for trigger_rules to 2022-07-30T00:00:00+00:00, run_after=2022-07-31T00:00:00+00:00
[2022-07-31 06:59:48,316] {processor.py:161} INFO - Processing /opt/airflow/dags/trigger_rules/triggers_rules.py took 0.825 seconds
[2022-07-31 07:00:18,834] {processor.py:153} INFO - Started process (PID=877) to work on /opt/airflow/dags/trigger_rules/triggers_rules.py
[2022-07-31 07:00:18,850] {processor.py:641} INFO - Processing file /opt/airflow/dags/trigger_rules/triggers_rules.py for tasks to queue
[2022-07-31 07:00:18,853] {logging_mixin.py:115} INFO - [2022-07-31 07:00:18,852] {dagbag.py:507} INFO - Filling up the DagBag from /opt/airflow/dags/trigger_rules/triggers_rules.py
[2022-07-31 07:00:18,897] {logging_mixin.py:115} WARNING - /home/airflow/.local/lib/python3.7/site-packages/airflow/operators/bash.py:144 DeprecationWarning: none_failed_or_skipped Trigger Rule is deprecated. Please use `none_failed_min_one_success`.
[2022-07-31 07:00:18,901] {processor.py:651} INFO - DAG(s) dict_keys(['trigger_rules']) retrieved from /opt/airflow/dags/trigger_rules/triggers_rules.py
[2022-07-31 07:00:18,967] {logging_mixin.py:115} INFO - [2022-07-31 07:00:18,967] {dag.py:2379} INFO - Sync 1 DAGs
[2022-07-31 07:00:19,036] {logging_mixin.py:115} INFO - [2022-07-31 07:00:19,035] {dag.py:2931} INFO - Setting next_dagrun for trigger_rules to 2022-07-30T00:00:00+00:00, run_after=2022-07-31T00:00:00+00:00
[2022-07-31 07:00:19,374] {processor.py:161} INFO - Processing /opt/airflow/dags/trigger_rules/triggers_rules.py took 0.556 seconds
[2022-07-31 07:00:49,846] {processor.py:153} INFO - Started process (PID=949) to work on /opt/airflow/dags/trigger_rules/triggers_rules.py
[2022-07-31 07:00:49,847] {processor.py:641} INFO - Processing file /opt/airflow/dags/trigger_rules/triggers_rules.py for tasks to queue
[2022-07-31 07:00:49,848] {logging_mixin.py:115} INFO - [2022-07-31 07:00:49,848] {dagbag.py:507} INFO - Filling up the DagBag from /opt/airflow/dags/trigger_rules/triggers_rules.py
[2022-07-31 07:00:49,866] {logging_mixin.py:115} WARNING - /home/airflow/.local/lib/python3.7/site-packages/airflow/operators/bash.py:144 DeprecationWarning: none_failed_or_skipped Trigger Rule is deprecated. Please use `none_failed_min_one_success`.
[2022-07-31 07:00:49,868] {processor.py:651} INFO - DAG(s) dict_keys(['trigger_rules']) retrieved from /opt/airflow/dags/trigger_rules/triggers_rules.py
[2022-07-31 07:00:49,902] {logging_mixin.py:115} INFO - [2022-07-31 07:00:49,902] {dag.py:2379} INFO - Sync 1 DAGs
[2022-07-31 07:00:49,941] {logging_mixin.py:115} INFO - [2022-07-31 07:00:49,941] {dag.py:2931} INFO - Setting next_dagrun for trigger_rules to 2022-07-30T00:00:00+00:00, run_after=2022-07-31T00:00:00+00:00
[2022-07-31 07:00:50,155] {processor.py:161} INFO - Processing /opt/airflow/dags/trigger_rules/triggers_rules.py took 0.318 seconds
[2022-07-31 07:01:20,666] {processor.py:153} INFO - Started process (PID=1021) to work on /opt/airflow/dags/trigger_rules/triggers_rules.py
[2022-07-31 07:01:20,668] {processor.py:641} INFO - Processing file /opt/airflow/dags/trigger_rules/triggers_rules.py for tasks to queue
[2022-07-31 07:01:20,669] {logging_mixin.py:115} INFO - [2022-07-31 07:01:20,669] {dagbag.py:507} INFO - Filling up the DagBag from /opt/airflow/dags/trigger_rules/triggers_rules.py
[2022-07-31 07:01:20,720] {logging_mixin.py:115} WARNING - /home/airflow/.local/lib/python3.7/site-packages/airflow/operators/bash.py:144 DeprecationWarning: none_failed_or_skipped Trigger Rule is deprecated. Please use `none_failed_min_one_success`.
[2022-07-31 07:01:20,732] {processor.py:651} INFO - DAG(s) dict_keys(['trigger_rules']) retrieved from /opt/airflow/dags/trigger_rules/triggers_rules.py
[2022-07-31 07:01:20,831] {logging_mixin.py:115} INFO - [2022-07-31 07:01:20,831] {dag.py:2379} INFO - Sync 1 DAGs
[2022-07-31 07:01:20,999] {logging_mixin.py:115} INFO - [2022-07-31 07:01:20,999] {dag.py:2931} INFO - Setting next_dagrun for trigger_rules to 2022-07-30T00:00:00+00:00, run_after=2022-07-31T00:00:00+00:00
[2022-07-31 07:01:21,922] {processor.py:161} INFO - Processing /opt/airflow/dags/trigger_rules/triggers_rules.py took 1.269 seconds
[2022-07-31 07:01:52,756] {processor.py:153} INFO - Started process (PID=1103) to work on /opt/airflow/dags/trigger_rules/triggers_rules.py
[2022-07-31 07:01:52,763] {processor.py:641} INFO - Processing file /opt/airflow/dags/trigger_rules/triggers_rules.py for tasks to queue
[2022-07-31 07:01:52,764] {logging_mixin.py:115} INFO - [2022-07-31 07:01:52,764] {dagbag.py:507} INFO - Filling up the DagBag from /opt/airflow/dags/trigger_rules/triggers_rules.py
[2022-07-31 07:01:52,810] {logging_mixin.py:115} WARNING - /home/airflow/.local/lib/python3.7/site-packages/airflow/operators/bash.py:144 DeprecationWarning: none_failed_or_skipped Trigger Rule is deprecated. Please use `none_failed_min_one_success`.
[2022-07-31 07:01:52,818] {processor.py:651} INFO - DAG(s) dict_keys(['trigger_rules']) retrieved from /opt/airflow/dags/trigger_rules/triggers_rules.py
[2022-07-31 07:01:52,914] {logging_mixin.py:115} INFO - [2022-07-31 07:01:52,914] {dag.py:2379} INFO - Sync 1 DAGs
[2022-07-31 07:01:53,034] {logging_mixin.py:115} INFO - [2022-07-31 07:01:53,034] {dag.py:2931} INFO - Setting next_dagrun for trigger_rules to 2022-07-30T00:00:00+00:00, run_after=2022-07-31T00:00:00+00:00
[2022-07-31 07:01:53,656] {processor.py:161} INFO - Processing /opt/airflow/dags/trigger_rules/triggers_rules.py took 0.926 seconds
[2022-07-31 07:02:24,129] {processor.py:153} INFO - Started process (PID=1176) to work on /opt/airflow/dags/trigger_rules/triggers_rules.py
[2022-07-31 07:02:24,133] {processor.py:641} INFO - Processing file /opt/airflow/dags/trigger_rules/triggers_rules.py for tasks to queue
[2022-07-31 07:02:24,135] {logging_mixin.py:115} INFO - [2022-07-31 07:02:24,135] {dagbag.py:507} INFO - Filling up the DagBag from /opt/airflow/dags/trigger_rules/triggers_rules.py
[2022-07-31 07:02:24,157] {logging_mixin.py:115} WARNING - /home/airflow/.local/lib/python3.7/site-packages/airflow/operators/bash.py:144 DeprecationWarning: none_failed_or_skipped Trigger Rule is deprecated. Please use `none_failed_min_one_success`.
[2022-07-31 07:02:24,159] {processor.py:651} INFO - DAG(s) dict_keys(['trigger_rules']) retrieved from /opt/airflow/dags/trigger_rules/triggers_rules.py
[2022-07-31 07:02:24,198] {logging_mixin.py:115} INFO - [2022-07-31 07:02:24,197] {dag.py:2379} INFO - Sync 1 DAGs
[2022-07-31 07:02:24,275] {logging_mixin.py:115} INFO - [2022-07-31 07:02:24,274] {dag.py:2931} INFO - Setting next_dagrun for trigger_rules to 2022-07-30T00:00:00+00:00, run_after=2022-07-31T00:00:00+00:00
[2022-07-31 07:02:24,676] {processor.py:161} INFO - Processing /opt/airflow/dags/trigger_rules/triggers_rules.py took 0.551 seconds
[2022-07-31 07:02:55,065] {processor.py:153} INFO - Started process (PID=1247) to work on /opt/airflow/dags/trigger_rules/triggers_rules.py
[2022-07-31 07:02:55,071] {processor.py:641} INFO - Processing file /opt/airflow/dags/trigger_rules/triggers_rules.py for tasks to queue
[2022-07-31 07:02:55,072] {logging_mixin.py:115} INFO - [2022-07-31 07:02:55,072] {dagbag.py:507} INFO - Filling up the DagBag from /opt/airflow/dags/trigger_rules/triggers_rules.py
[2022-07-31 07:02:55,096] {logging_mixin.py:115} WARNING - /home/airflow/.local/lib/python3.7/site-packages/airflow/operators/bash.py:144 DeprecationWarning: none_failed_or_skipped Trigger Rule is deprecated. Please use `none_failed_min_one_success`.
[2022-07-31 07:02:55,097] {processor.py:651} INFO - DAG(s) dict_keys(['trigger_rules']) retrieved from /opt/airflow/dags/trigger_rules/triggers_rules.py
[2022-07-31 07:02:55,145] {logging_mixin.py:115} INFO - [2022-07-31 07:02:55,144] {dag.py:2379} INFO - Sync 1 DAGs
[2022-07-31 07:02:55,212] {logging_mixin.py:115} INFO - [2022-07-31 07:02:55,212] {dag.py:2931} INFO - Setting next_dagrun for trigger_rules to 2022-07-30T00:00:00+00:00, run_after=2022-07-31T00:00:00+00:00
[2022-07-31 07:02:55,409] {processor.py:161} INFO - Processing /opt/airflow/dags/trigger_rules/triggers_rules.py took 0.348 seconds
