[2022-07-04 09:50:01,305] {taskinstance.py:1159} INFO - Dependencies all met for <TaskInstance: example_bash_operator.runme_2 manual__2022-07-04T09:49:59.473162+00:00 [queued]>
[2022-07-04 09:50:01,353] {taskinstance.py:1159} INFO - Dependencies all met for <TaskInstance: example_bash_operator.runme_2 manual__2022-07-04T09:49:59.473162+00:00 [queued]>
[2022-07-04 09:50:01,362] {taskinstance.py:1356} INFO - 
--------------------------------------------------------------------------------
[2022-07-04 09:50:01,365] {taskinstance.py:1357} INFO - Starting attempt 1 of 1
[2022-07-04 09:50:01,365] {taskinstance.py:1358} INFO - 
--------------------------------------------------------------------------------
[2022-07-04 09:50:01,416] {taskinstance.py:1377} INFO - Executing <Task(BashOperator): runme_2> on 2022-07-04 09:49:59.473162+00:00
[2022-07-04 09:50:01,486] {standard_task_runner.py:79} INFO - Running: ['***', 'tasks', 'run', 'example_bash_operator', 'runme_2', 'manual__2022-07-04T09:49:59.473162+00:00', '--job-id', '12', '--raw', '--subdir', '/home/***/.local/lib/python3.7/site-packages/***/example_dags/example_bash_operator.py', '--cfg-path', '/tmp/tmpi2y8kevh', '--error-file', '/tmp/tmpnd2hc573']
[2022-07-04 09:50:01,441] {standard_task_runner.py:52} INFO - Started process 398 to run task
[2022-07-04 09:50:01,502] {standard_task_runner.py:80} INFO - Job 12: Subtask runme_2
[2022-07-04 09:50:01,753] {task_command.py:370} INFO - Running <TaskInstance: example_bash_operator.runme_2 manual__2022-07-04T09:49:59.473162+00:00 [running]> on host b631230cc7b5
[2022-07-04 09:50:01,949] {taskinstance.py:1571} INFO - Exporting the following env vars:
AIRFLOW_CTX_DAG_OWNER=***
AIRFLOW_CTX_DAG_ID=example_bash_operator
AIRFLOW_CTX_TASK_ID=runme_2
AIRFLOW_CTX_EXECUTION_DATE=2022-07-04T09:49:59.473162+00:00
AIRFLOW_CTX_TRY_NUMBER=1
AIRFLOW_CTX_DAG_RUN_ID=manual__2022-07-04T09:49:59.473162+00:00
[2022-07-04 09:50:01,951] {subprocess.py:62} INFO - Tmp dir root location: 
 /tmp
[2022-07-04 09:50:01,954] {subprocess.py:74} INFO - Running command: ['bash', '-c', 'echo "example_bash_operator__runme_2__20220704" && sleep 1']
[2022-07-04 09:50:01,968] {subprocess.py:85} INFO - Output:
[2022-07-04 09:50:01,970] {subprocess.py:92} INFO - example_bash_operator__runme_2__20220704
[2022-07-04 09:50:02,974] {subprocess.py:96} INFO - Command exited with return code 0
[2022-07-04 09:50:03,025] {taskinstance.py:1400} INFO - Marking task as SUCCESS. dag_id=example_bash_operator, task_id=runme_2, execution_date=20220704T094959, start_date=20220704T095001, end_date=20220704T095003
[2022-07-04 09:50:03,062] {local_task_job.py:156} INFO - Task exited with return code 0
[2022-07-04 09:50:03,107] {local_task_job.py:273} INFO - 0 downstream tasks scheduled from follow-on schedule check
