[2022-07-05 04:50:36,204] {taskinstance.py:1159} INFO - Dependencies all met for <TaskInstance: parallel_dag.extract_a scheduled__2022-07-04T00:00:00+00:00 [queued]>
[2022-07-05 04:50:36,240] {taskinstance.py:1159} INFO - Dependencies all met for <TaskInstance: parallel_dag.extract_a scheduled__2022-07-04T00:00:00+00:00 [queued]>
[2022-07-05 04:50:36,241] {taskinstance.py:1356} INFO - 
--------------------------------------------------------------------------------
[2022-07-05 04:50:36,241] {taskinstance.py:1357} INFO - Starting attempt 1 of 1
[2022-07-05 04:50:36,241] {taskinstance.py:1358} INFO - 
--------------------------------------------------------------------------------
[2022-07-05 04:50:36,289] {taskinstance.py:1377} INFO - Executing <Task(BashOperator): extract_a> on 2022-07-04 00:00:00+00:00
[2022-07-05 04:50:36,298] {standard_task_runner.py:52} INFO - Started process 143 to run task
[2022-07-05 04:50:36,310] {standard_task_runner.py:79} INFO - Running: ['***', 'tasks', 'run', 'parallel_dag', 'extract_a', 'scheduled__2022-07-04T00:00:00+00:00', '--job-id', '4', '--raw', '--subdir', 'DAGS_FOLDER/parallel_dag.py', '--cfg-path', '/tmp/tmp1ax9vtpy', '--error-file', '/tmp/tmptn7pl4q4']
[2022-07-05 04:50:36,320] {standard_task_runner.py:80} INFO - Job 4: Subtask extract_a
[2022-07-05 04:50:36,476] {task_command.py:370} INFO - Running <TaskInstance: parallel_dag.extract_a scheduled__2022-07-04T00:00:00+00:00 [running]> on host dfb99dfc9d64
[2022-07-05 04:50:36,652] {taskinstance.py:1571} INFO - Exporting the following env vars:
AIRFLOW_CTX_DAG_OWNER=***
AIRFLOW_CTX_DAG_ID=parallel_dag
AIRFLOW_CTX_TASK_ID=extract_a
AIRFLOW_CTX_EXECUTION_DATE=2022-07-04T00:00:00+00:00
AIRFLOW_CTX_TRY_NUMBER=1
AIRFLOW_CTX_DAG_RUN_ID=scheduled__2022-07-04T00:00:00+00:00
[2022-07-05 04:50:36,655] {subprocess.py:62} INFO - Tmp dir root location: 
 /tmp
[2022-07-05 04:50:36,656] {subprocess.py:74} INFO - Running command: ['bash', '-c', 'sleep 1']
[2022-07-05 04:50:36,671] {subprocess.py:85} INFO - Output:
[2022-07-05 04:50:37,678] {subprocess.py:96} INFO - Command exited with return code 0
[2022-07-05 04:50:37,800] {taskinstance.py:1400} INFO - Marking task as SUCCESS. dag_id=parallel_dag, task_id=extract_a, execution_date=20220704T000000, start_date=20220705T045036, end_date=20220705T045037
[2022-07-05 04:50:37,860] {local_task_job.py:156} INFO - Task exited with return code 0
[2022-07-05 04:50:38,018] {local_task_job.py:273} INFO - 1 downstream tasks scheduled from follow-on schedule check
[2022-07-05 04:51:30,135] {taskinstance.py:1159} INFO - Dependencies all met for <TaskInstance: parallel_dag.extract_a scheduled__2022-07-04T00:00:00+00:00 [queued]>
[2022-07-05 04:51:30,156] {taskinstance.py:1159} INFO - Dependencies all met for <TaskInstance: parallel_dag.extract_a scheduled__2022-07-04T00:00:00+00:00 [queued]>
[2022-07-05 04:51:30,156] {taskinstance.py:1356} INFO - 
--------------------------------------------------------------------------------
[2022-07-05 04:51:30,157] {taskinstance.py:1357} INFO - Starting attempt 1 of 1
[2022-07-05 04:51:30,157] {taskinstance.py:1358} INFO - 
--------------------------------------------------------------------------------
[2022-07-05 04:51:30,178] {taskinstance.py:1377} INFO - Executing <Task(BashOperator): extract_a> on 2022-07-04 00:00:00+00:00
[2022-07-05 04:51:30,185] {standard_task_runner.py:52} INFO - Started process 214 to run task
[2022-07-05 04:51:30,194] {standard_task_runner.py:79} INFO - Running: ['***', 'tasks', 'run', 'parallel_dag', 'extract_a', 'scheduled__2022-07-04T00:00:00+00:00', '--job-id', '13', '--raw', '--subdir', 'DAGS_FOLDER/parallel_dag.py', '--cfg-path', '/tmp/tmp7qx9iyt8', '--error-file', '/tmp/tmpl3zk3t39']
[2022-07-05 04:51:30,196] {standard_task_runner.py:80} INFO - Job 13: Subtask extract_a
[2022-07-05 04:51:30,282] {task_command.py:370} INFO - Running <TaskInstance: parallel_dag.extract_a scheduled__2022-07-04T00:00:00+00:00 [running]> on host dfb99dfc9d64
[2022-07-05 04:51:30,405] {taskinstance.py:1571} INFO - Exporting the following env vars:
AIRFLOW_CTX_DAG_OWNER=***
AIRFLOW_CTX_DAG_ID=parallel_dag
AIRFLOW_CTX_TASK_ID=extract_a
AIRFLOW_CTX_EXECUTION_DATE=2022-07-04T00:00:00+00:00
AIRFLOW_CTX_TRY_NUMBER=1
AIRFLOW_CTX_DAG_RUN_ID=scheduled__2022-07-04T00:00:00+00:00
[2022-07-05 04:51:30,410] {subprocess.py:62} INFO - Tmp dir root location: 
 /tmp
[2022-07-05 04:51:30,411] {subprocess.py:74} INFO - Running command: ['bash', '-c', 'sleep 1']
[2022-07-05 04:51:30,426] {subprocess.py:85} INFO - Output:
[2022-07-05 04:51:31,432] {subprocess.py:96} INFO - Command exited with return code 0
[2022-07-05 04:51:31,467] {taskinstance.py:1400} INFO - Marking task as SUCCESS. dag_id=parallel_dag, task_id=extract_a, execution_date=20220704T000000, start_date=20220705T045130, end_date=20220705T045131
[2022-07-05 04:51:31,491] {local_task_job.py:156} INFO - Task exited with return code 0
[2022-07-05 04:51:31,573] {local_task_job.py:273} INFO - 1 downstream tasks scheduled from follow-on schedule check
[2022-07-05 04:57:57,397] {taskinstance.py:1159} INFO - Dependencies all met for <TaskInstance: parallel_dag.extract_a scheduled__2022-07-04T00:00:00+00:00 [queued]>
[2022-07-05 04:57:57,724] {taskinstance.py:1159} INFO - Dependencies all met for <TaskInstance: parallel_dag.extract_a scheduled__2022-07-04T00:00:00+00:00 [queued]>
[2022-07-05 04:57:57,740] {taskinstance.py:1356} INFO - 
--------------------------------------------------------------------------------
[2022-07-05 04:57:57,743] {taskinstance.py:1357} INFO - Starting attempt 1 of 1
[2022-07-05 04:57:57,744] {taskinstance.py:1358} INFO - 
--------------------------------------------------------------------------------
[2022-07-05 04:57:58,176] {taskinstance.py:1377} INFO - Executing <Task(BashOperator): extract_a> on 2022-07-04 00:00:00+00:00
[2022-07-05 04:57:58,302] {standard_task_runner.py:79} INFO - Running: ['***', 'tasks', 'run', 'parallel_dag', 'extract_a', 'scheduled__2022-07-04T00:00:00+00:00', '--job-id', '84', '--raw', '--subdir', 'DAGS_FOLDER/parallel_dag.py', '--cfg-path', '/tmp/tmp515n4uwd', '--error-file', '/tmp/tmpoze85mfe']
[2022-07-05 04:57:58,303] {standard_task_runner.py:80} INFO - Job 84: Subtask extract_a
[2022-07-05 04:57:58,259] {standard_task_runner.py:52} INFO - Started process 721 to run task
[2022-07-05 04:57:59,709] {task_command.py:370} INFO - Running <TaskInstance: parallel_dag.extract_a scheduled__2022-07-04T00:00:00+00:00 [running]> on host dfb99dfc9d64
[2022-07-05 04:58:03,317] {taskinstance.py:1571} INFO - Exporting the following env vars:
AIRFLOW_CTX_DAG_OWNER=***
AIRFLOW_CTX_DAG_ID=parallel_dag
AIRFLOW_CTX_TASK_ID=extract_a
AIRFLOW_CTX_EXECUTION_DATE=2022-07-04T00:00:00+00:00
AIRFLOW_CTX_TRY_NUMBER=1
AIRFLOW_CTX_DAG_RUN_ID=scheduled__2022-07-04T00:00:00+00:00
[2022-07-05 04:58:03,348] {subprocess.py:62} INFO - Tmp dir root location: 
 /tmp
[2022-07-05 04:58:03,392] {subprocess.py:74} INFO - Running command: ['bash', '-c', 'sleep 1']
[2022-07-05 04:58:03,723] {subprocess.py:85} INFO - Output:
[2022-07-05 04:58:05,017] {subprocess.py:96} INFO - Command exited with return code 0
[2022-07-05 04:58:05,271] {taskinstance.py:1400} INFO - Marking task as SUCCESS. dag_id=parallel_dag, task_id=extract_a, execution_date=20220704T000000, start_date=20220705T045757, end_date=20220705T045805
[2022-07-05 04:58:05,376] {local_task_job.py:156} INFO - Task exited with return code 0
[2022-07-05 04:58:05,535] {local_task_job.py:273} INFO - 1 downstream tasks scheduled from follow-on schedule check
