[2022-07-05 09:46:44,059] {taskinstance.py:1159} INFO - Dependencies all met for <TaskInstance: sql_branch_dag.create_table manual__2022-07-05T09:46:42.635641+00:00 [queued]>
[2022-07-05 09:46:44,186] {taskinstance.py:1159} INFO - Dependencies all met for <TaskInstance: sql_branch_dag.create_table manual__2022-07-05T09:46:42.635641+00:00 [queued]>
[2022-07-05 09:46:44,187] {taskinstance.py:1356} INFO - 
--------------------------------------------------------------------------------
[2022-07-05 09:46:44,187] {taskinstance.py:1357} INFO - Starting attempt 1 of 1
[2022-07-05 09:46:44,187] {taskinstance.py:1358} INFO - 
--------------------------------------------------------------------------------
[2022-07-05 09:46:44,315] {taskinstance.py:1377} INFO - Executing <Task(PostgresOperator): create_table> on 2022-07-05 09:46:42.635641+00:00
[2022-07-05 09:46:44,339] {standard_task_runner.py:79} INFO - Running: ['***', 'tasks', 'run', 'sql_branch_dag', 'create_table', 'manual__2022-07-05T09:46:42.635641+00:00', '--job-id', '136', '--raw', '--subdir', 'DAGS_FOLDER/sql_branch_operator.py', '--cfg-path', '/tmp/tmppaniub0t', '--error-file', '/tmp/tmp6skmsy3z']
[2022-07-05 09:46:44,331] {standard_task_runner.py:52} INFO - Started process 1151 to run task
[2022-07-05 09:46:44,349] {standard_task_runner.py:80} INFO - Job 136: Subtask create_table
[2022-07-05 09:46:44,573] {task_command.py:370} INFO - Running <TaskInstance: sql_branch_dag.create_table manual__2022-07-05T09:46:42.635641+00:00 [running]> on host dfb99dfc9d64
[2022-07-05 09:46:44,816] {taskinstance.py:1571} INFO - Exporting the following env vars:
AIRFLOW_CTX_DAG_OWNER=***
AIRFLOW_CTX_DAG_ID=sql_branch_dag
AIRFLOW_CTX_TASK_ID=create_table
AIRFLOW_CTX_EXECUTION_DATE=2022-07-05T09:46:42.635641+00:00
AIRFLOW_CTX_TRY_NUMBER=1
AIRFLOW_CTX_DAG_RUN_ID=manual__2022-07-05T09:46:42.635641+00:00
[2022-07-05 09:46:44,847] {base.py:68} INFO - Using connection ID 'postgres_con' for task execution.
[2022-07-05 09:46:44,882] {dbapi.py:213} INFO - Running statement: 
            CREATE TABLE IF NOT EXISTS customer (
                firstname TEXT NOT NULL,
                lastname TEXT NOT NULL,
                country TEXT NOT NULL
            );, parameters: None
[2022-07-05 09:46:44,884] {postgres.py:94} INFO - NOTICE:  relation "customer" already exists, skipping

[2022-07-05 09:46:44,932] {taskinstance.py:1400} INFO - Marking task as SUCCESS. dag_id=sql_branch_dag, task_id=create_table, execution_date=20220705T094642, start_date=20220705T094644, end_date=20220705T094644
[2022-07-05 09:46:44,976] {local_task_job.py:156} INFO - Task exited with return code 0
[2022-07-05 09:46:45,117] {local_task_job.py:273} INFO - 1 downstream tasks scheduled from follow-on schedule check
