[2022-07-30 16:39:52,624] {processor.py:153} INFO - Started process (PID=113) to work on /opt/airflow/dags/external_task_sensor/external_task_sensor_parent_dag2.py
[2022-07-30 16:39:52,634] {processor.py:641} INFO - Processing file /opt/airflow/dags/external_task_sensor/external_task_sensor_parent_dag2.py for tasks to queue
[2022-07-30 16:39:52,638] {logging_mixin.py:115} INFO - [2022-07-30 16:39:52,638] {dagbag.py:507} INFO - Filling up the DagBag from /opt/airflow/dags/external_task_sensor/external_task_sensor_parent_dag2.py
[2022-07-30 16:39:52,675] {processor.py:651} INFO - DAG(s) dict_keys(['external_sensor_parent_dag_http']) retrieved from /opt/airflow/dags/external_task_sensor/external_task_sensor_parent_dag2.py
[2022-07-30 16:39:54,011] {logging_mixin.py:115} INFO - [2022-07-30 16:39:54,011] {manager.py:508} INFO - Created Permission View: can read on DAG:external_sensor_parent_dag_http
[2022-07-30 16:39:54,038] {logging_mixin.py:115} INFO - [2022-07-30 16:39:54,037] {manager.py:508} INFO - Created Permission View: can delete on DAG:external_sensor_parent_dag_http
[2022-07-30 16:39:54,054] {logging_mixin.py:115} INFO - [2022-07-30 16:39:54,054] {manager.py:508} INFO - Created Permission View: can edit on DAG:external_sensor_parent_dag_http
[2022-07-30 16:39:54,054] {logging_mixin.py:115} INFO - [2022-07-30 16:39:54,054] {dag.py:2379} INFO - Sync 1 DAGs
[2022-07-30 16:39:54,076] {logging_mixin.py:115} INFO - [2022-07-30 16:39:54,076] {dag.py:2398} INFO - Creating ORM DAG for external_sensor_parent_dag_http
[2022-07-30 16:39:54,124] {logging_mixin.py:115} INFO - [2022-07-30 16:39:54,123] {dag.py:2931} INFO - Setting next_dagrun for external_sensor_parent_dag_http to 2022-07-29T00:00:00+00:00, run_after=2022-07-30T00:00:00+00:00
[2022-07-30 16:39:54,160] {processor.py:161} INFO - Processing /opt/airflow/dags/external_task_sensor/external_task_sensor_parent_dag2.py took 1.546 seconds
[2022-07-30 16:40:24,197] {processor.py:153} INFO - Started process (PID=185) to work on /opt/airflow/dags/external_task_sensor/external_task_sensor_parent_dag2.py
[2022-07-30 16:40:24,197] {processor.py:641} INFO - Processing file /opt/airflow/dags/external_task_sensor/external_task_sensor_parent_dag2.py for tasks to queue
[2022-07-30 16:40:24,198] {logging_mixin.py:115} INFO - [2022-07-30 16:40:24,198] {dagbag.py:507} INFO - Filling up the DagBag from /opt/airflow/dags/external_task_sensor/external_task_sensor_parent_dag2.py
[2022-07-30 16:40:24,205] {processor.py:651} INFO - DAG(s) dict_keys(['external_sensor_parent_dag_http']) retrieved from /opt/airflow/dags/external_task_sensor/external_task_sensor_parent_dag2.py
[2022-07-30 16:40:24,229] {logging_mixin.py:115} INFO - [2022-07-30 16:40:24,229] {dag.py:2379} INFO - Sync 1 DAGs
[2022-07-30 16:40:24,251] {logging_mixin.py:115} INFO - [2022-07-30 16:40:24,251] {dag.py:2931} INFO - Setting next_dagrun for external_sensor_parent_dag_http to 2022-07-29T00:00:00+00:00, run_after=2022-07-30T00:00:00+00:00
[2022-07-30 16:40:24,264] {processor.py:161} INFO - Processing /opt/airflow/dags/external_task_sensor/external_task_sensor_parent_dag2.py took 0.070 seconds
[2022-07-30 16:40:54,501] {processor.py:153} INFO - Started process (PID=257) to work on /opt/airflow/dags/external_task_sensor/external_task_sensor_parent_dag2.py
[2022-07-30 16:40:54,510] {processor.py:641} INFO - Processing file /opt/airflow/dags/external_task_sensor/external_task_sensor_parent_dag2.py for tasks to queue
[2022-07-30 16:40:54,511] {logging_mixin.py:115} INFO - [2022-07-30 16:40:54,511] {dagbag.py:507} INFO - Filling up the DagBag from /opt/airflow/dags/external_task_sensor/external_task_sensor_parent_dag2.py
[2022-07-30 16:40:54,524] {processor.py:651} INFO - DAG(s) dict_keys(['external_sensor_parent_dag_http']) retrieved from /opt/airflow/dags/external_task_sensor/external_task_sensor_parent_dag2.py
[2022-07-30 16:40:54,600] {logging_mixin.py:115} INFO - [2022-07-30 16:40:54,600] {dag.py:2379} INFO - Sync 1 DAGs
[2022-07-30 16:40:54,647] {logging_mixin.py:115} INFO - [2022-07-30 16:40:54,647] {dag.py:2931} INFO - Setting next_dagrun for external_sensor_parent_dag_http to 2022-07-29T00:00:00+00:00, run_after=2022-07-30T00:00:00+00:00
[2022-07-30 16:40:54,675] {processor.py:161} INFO - Processing /opt/airflow/dags/external_task_sensor/external_task_sensor_parent_dag2.py took 0.179 seconds
[2022-07-30 16:41:25,121] {processor.py:153} INFO - Started process (PID=331) to work on /opt/airflow/dags/external_task_sensor/external_task_sensor_parent_dag2.py
[2022-07-30 16:41:25,125] {processor.py:641} INFO - Processing file /opt/airflow/dags/external_task_sensor/external_task_sensor_parent_dag2.py for tasks to queue
[2022-07-30 16:41:25,129] {logging_mixin.py:115} INFO - [2022-07-30 16:41:25,129] {dagbag.py:507} INFO - Filling up the DagBag from /opt/airflow/dags/external_task_sensor/external_task_sensor_parent_dag2.py
[2022-07-30 16:41:25,159] {processor.py:651} INFO - DAG(s) dict_keys(['external_sensor_parent_dag_http']) retrieved from /opt/airflow/dags/external_task_sensor/external_task_sensor_parent_dag2.py
[2022-07-30 16:41:25,256] {logging_mixin.py:115} INFO - [2022-07-30 16:41:25,256] {dag.py:2379} INFO - Sync 1 DAGs
[2022-07-30 16:41:25,323] {logging_mixin.py:115} INFO - [2022-07-30 16:41:25,323] {dag.py:2931} INFO - Setting next_dagrun for external_sensor_parent_dag_http to 2022-07-29T00:00:00+00:00, run_after=2022-07-30T00:00:00+00:00
[2022-07-30 16:41:25,361] {processor.py:161} INFO - Processing /opt/airflow/dags/external_task_sensor/external_task_sensor_parent_dag2.py took 0.247 seconds
[2022-07-30 16:41:55,697] {processor.py:153} INFO - Started process (PID=421) to work on /opt/airflow/dags/external_task_sensor/external_task_sensor_parent_dag2.py
[2022-07-30 16:41:55,698] {processor.py:641} INFO - Processing file /opt/airflow/dags/external_task_sensor/external_task_sensor_parent_dag2.py for tasks to queue
[2022-07-30 16:41:55,699] {logging_mixin.py:115} INFO - [2022-07-30 16:41:55,699] {dagbag.py:507} INFO - Filling up the DagBag from /opt/airflow/dags/external_task_sensor/external_task_sensor_parent_dag2.py
[2022-07-30 16:41:55,710] {processor.py:651} INFO - DAG(s) dict_keys(['external_sensor_parent_dag_http']) retrieved from /opt/airflow/dags/external_task_sensor/external_task_sensor_parent_dag2.py
[2022-07-30 16:41:55,742] {logging_mixin.py:115} INFO - [2022-07-30 16:41:55,742] {dag.py:2379} INFO - Sync 1 DAGs
[2022-07-30 16:41:55,792] {logging_mixin.py:115} INFO - [2022-07-30 16:41:55,791] {dag.py:2931} INFO - Setting next_dagrun for external_sensor_parent_dag_http to 2022-07-29T00:00:00+00:00, run_after=2022-07-30T00:00:00+00:00
[2022-07-30 16:41:55,815] {processor.py:161} INFO - Processing /opt/airflow/dags/external_task_sensor/external_task_sensor_parent_dag2.py took 0.122 seconds
[2022-07-30 16:42:25,879] {processor.py:153} INFO - Started process (PID=493) to work on /opt/airflow/dags/external_task_sensor/external_task_sensor_parent_dag2.py
[2022-07-30 16:42:25,881] {processor.py:641} INFO - Processing file /opt/airflow/dags/external_task_sensor/external_task_sensor_parent_dag2.py for tasks to queue
[2022-07-30 16:42:25,882] {logging_mixin.py:115} INFO - [2022-07-30 16:42:25,882] {dagbag.py:507} INFO - Filling up the DagBag from /opt/airflow/dags/external_task_sensor/external_task_sensor_parent_dag2.py
[2022-07-30 16:42:25,892] {processor.py:651} INFO - DAG(s) dict_keys(['external_sensor_parent_dag_http']) retrieved from /opt/airflow/dags/external_task_sensor/external_task_sensor_parent_dag2.py
[2022-07-30 16:42:25,923] {logging_mixin.py:115} INFO - [2022-07-30 16:42:25,923] {dag.py:2379} INFO - Sync 1 DAGs
[2022-07-30 16:42:25,970] {logging_mixin.py:115} INFO - [2022-07-30 16:42:25,969] {dag.py:2931} INFO - Setting next_dagrun for external_sensor_parent_dag_http to 2022-07-29T00:00:00+00:00, run_after=2022-07-30T00:00:00+00:00
[2022-07-30 16:42:26,006] {processor.py:161} INFO - Processing /opt/airflow/dags/external_task_sensor/external_task_sensor_parent_dag2.py took 0.131 seconds
[2022-07-30 16:44:20,107] {processor.py:153} INFO - Started process (PID=92) to work on /opt/airflow/dags/external_task_sensor/external_task_sensor_parent_dag2.py
[2022-07-30 16:44:20,112] {processor.py:641} INFO - Processing file /opt/airflow/dags/external_task_sensor/external_task_sensor_parent_dag2.py for tasks to queue
[2022-07-30 16:44:20,113] {logging_mixin.py:115} INFO - [2022-07-30 16:44:20,112] {dagbag.py:507} INFO - Filling up the DagBag from /opt/airflow/dags/external_task_sensor/external_task_sensor_parent_dag2.py
[2022-07-30 16:44:20,154] {processor.py:651} INFO - DAG(s) dict_keys(['external_sensor_parent_dag_http']) retrieved from /opt/airflow/dags/external_task_sensor/external_task_sensor_parent_dag2.py
[2022-07-30 16:44:20,241] {logging_mixin.py:115} INFO - [2022-07-30 16:44:20,241] {dag.py:2379} INFO - Sync 1 DAGs
[2022-07-30 16:44:20,330] {logging_mixin.py:115} INFO - [2022-07-30 16:44:20,330] {dag.py:2931} INFO - Setting next_dagrun for external_sensor_parent_dag_http to 2022-07-29T00:00:00+00:00, run_after=2022-07-30T00:00:00+00:00
[2022-07-30 16:44:20,380] {processor.py:161} INFO - Processing /opt/airflow/dags/external_task_sensor/external_task_sensor_parent_dag2.py took 0.289 seconds
[2022-07-30 16:44:51,508] {processor.py:153} INFO - Started process (PID=171) to work on /opt/airflow/dags/external_task_sensor/external_task_sensor_parent_dag2.py
[2022-07-30 16:44:51,508] {processor.py:641} INFO - Processing file /opt/airflow/dags/external_task_sensor/external_task_sensor_parent_dag2.py for tasks to queue
[2022-07-30 16:44:51,509] {logging_mixin.py:115} INFO - [2022-07-30 16:44:51,509] {dagbag.py:507} INFO - Filling up the DagBag from /opt/airflow/dags/external_task_sensor/external_task_sensor_parent_dag2.py
[2022-07-30 16:44:51,532] {processor.py:651} INFO - DAG(s) dict_keys(['external_sensor_parent_dag_http']) retrieved from /opt/airflow/dags/external_task_sensor/external_task_sensor_parent_dag2.py
[2022-07-30 16:44:51,624] {logging_mixin.py:115} INFO - [2022-07-30 16:44:51,624] {dag.py:2379} INFO - Sync 1 DAGs
[2022-07-30 16:44:51,723] {logging_mixin.py:115} INFO - [2022-07-30 16:44:51,723] {dag.py:2931} INFO - Setting next_dagrun for external_sensor_parent_dag_http to 2022-07-29T00:00:00+00:00, run_after=2022-07-30T00:00:00+00:00
[2022-07-30 16:44:51,795] {processor.py:161} INFO - Processing /opt/airflow/dags/external_task_sensor/external_task_sensor_parent_dag2.py took 0.294 seconds
[2022-07-30 16:45:22,310] {processor.py:153} INFO - Started process (PID=244) to work on /opt/airflow/dags/external_task_sensor/external_task_sensor_parent_dag2.py
[2022-07-30 16:45:22,312] {processor.py:641} INFO - Processing file /opt/airflow/dags/external_task_sensor/external_task_sensor_parent_dag2.py for tasks to queue
[2022-07-30 16:45:22,312] {logging_mixin.py:115} INFO - [2022-07-30 16:45:22,312] {dagbag.py:507} INFO - Filling up the DagBag from /opt/airflow/dags/external_task_sensor/external_task_sensor_parent_dag2.py
[2022-07-30 16:45:22,320] {processor.py:651} INFO - DAG(s) dict_keys(['external_sensor_parent_dag_http']) retrieved from /opt/airflow/dags/external_task_sensor/external_task_sensor_parent_dag2.py
[2022-07-30 16:45:22,361] {logging_mixin.py:115} INFO - [2022-07-30 16:45:22,361] {dag.py:2379} INFO - Sync 1 DAGs
[2022-07-30 16:45:22,395] {logging_mixin.py:115} INFO - [2022-07-30 16:45:22,395] {dag.py:2931} INFO - Setting next_dagrun for external_sensor_parent_dag_http to 2022-07-29T00:00:00+00:00, run_after=2022-07-30T00:00:00+00:00
[2022-07-30 16:45:22,410] {processor.py:161} INFO - Processing /opt/airflow/dags/external_task_sensor/external_task_sensor_parent_dag2.py took 0.103 seconds
[2022-07-30 16:45:52,818] {processor.py:153} INFO - Started process (PID=321) to work on /opt/airflow/dags/external_task_sensor/external_task_sensor_parent_dag2.py
[2022-07-30 16:45:52,818] {processor.py:641} INFO - Processing file /opt/airflow/dags/external_task_sensor/external_task_sensor_parent_dag2.py for tasks to queue
[2022-07-30 16:45:52,819] {logging_mixin.py:115} INFO - [2022-07-30 16:45:52,819] {dagbag.py:507} INFO - Filling up the DagBag from /opt/airflow/dags/external_task_sensor/external_task_sensor_parent_dag2.py
[2022-07-30 16:45:52,830] {processor.py:651} INFO - DAG(s) dict_keys(['external_sensor_parent_dag_http']) retrieved from /opt/airflow/dags/external_task_sensor/external_task_sensor_parent_dag2.py
[2022-07-30 16:45:52,864] {logging_mixin.py:115} INFO - [2022-07-30 16:45:52,864] {dag.py:2379} INFO - Sync 1 DAGs
[2022-07-30 16:45:52,906] {logging_mixin.py:115} INFO - [2022-07-30 16:45:52,906] {dag.py:2931} INFO - Setting next_dagrun for external_sensor_parent_dag_http to 2022-07-29T00:00:00+00:00, run_after=2022-07-30T00:00:00+00:00
[2022-07-30 16:45:52,923] {processor.py:161} INFO - Processing /opt/airflow/dags/external_task_sensor/external_task_sensor_parent_dag2.py took 0.110 seconds
[2022-07-30 16:46:24,504] {processor.py:153} INFO - Started process (PID=403) to work on /opt/airflow/dags/external_task_sensor/external_task_sensor_parent_dag2.py
[2022-07-30 16:46:24,507] {processor.py:641} INFO - Processing file /opt/airflow/dags/external_task_sensor/external_task_sensor_parent_dag2.py for tasks to queue
[2022-07-30 16:46:24,508] {logging_mixin.py:115} INFO - [2022-07-30 16:46:24,507] {dagbag.py:507} INFO - Filling up the DagBag from /opt/airflow/dags/external_task_sensor/external_task_sensor_parent_dag2.py
[2022-07-30 16:46:24,523] {processor.py:651} INFO - DAG(s) dict_keys(['external_sensor_parent_dag_http']) retrieved from /opt/airflow/dags/external_task_sensor/external_task_sensor_parent_dag2.py
[2022-07-30 16:46:24,579] {logging_mixin.py:115} INFO - [2022-07-30 16:46:24,578] {dag.py:2379} INFO - Sync 1 DAGs
[2022-07-30 16:46:24,613] {logging_mixin.py:115} INFO - [2022-07-30 16:46:24,613] {dag.py:2931} INFO - Setting next_dagrun for external_sensor_parent_dag_http to 2022-07-29T00:00:00+00:00, run_after=2022-07-30T00:00:00+00:00
[2022-07-30 16:46:24,632] {processor.py:161} INFO - Processing /opt/airflow/dags/external_task_sensor/external_task_sensor_parent_dag2.py took 0.131 seconds
[2022-07-30 16:46:55,387] {processor.py:153} INFO - Started process (PID=477) to work on /opt/airflow/dags/external_task_sensor/external_task_sensor_parent_dag2.py
[2022-07-30 16:46:55,387] {processor.py:641} INFO - Processing file /opt/airflow/dags/external_task_sensor/external_task_sensor_parent_dag2.py for tasks to queue
[2022-07-30 16:46:55,388] {logging_mixin.py:115} INFO - [2022-07-30 16:46:55,388] {dagbag.py:507} INFO - Filling up the DagBag from /opt/airflow/dags/external_task_sensor/external_task_sensor_parent_dag2.py
[2022-07-30 16:46:55,413] {processor.py:651} INFO - DAG(s) dict_keys(['external_sensor_parent_dag_http']) retrieved from /opt/airflow/dags/external_task_sensor/external_task_sensor_parent_dag2.py
[2022-07-30 16:46:55,496] {logging_mixin.py:115} INFO - [2022-07-30 16:46:55,496] {dag.py:2379} INFO - Sync 1 DAGs
[2022-07-30 16:46:55,575] {logging_mixin.py:115} INFO - [2022-07-30 16:46:55,574] {dag.py:2931} INFO - Setting next_dagrun for external_sensor_parent_dag_http to 2022-07-29T00:00:00+00:00, run_after=2022-07-30T00:00:00+00:00
[2022-07-30 16:46:55,632] {processor.py:161} INFO - Processing /opt/airflow/dags/external_task_sensor/external_task_sensor_parent_dag2.py took 0.249 seconds
[2022-07-30 16:47:26,322] {processor.py:153} INFO - Started process (PID=557) to work on /opt/airflow/dags/external_task_sensor/external_task_sensor_parent_dag2.py
[2022-07-30 16:47:26,325] {processor.py:641} INFO - Processing file /opt/airflow/dags/external_task_sensor/external_task_sensor_parent_dag2.py for tasks to queue
[2022-07-30 16:47:26,325] {logging_mixin.py:115} INFO - [2022-07-30 16:47:26,325] {dagbag.py:507} INFO - Filling up the DagBag from /opt/airflow/dags/external_task_sensor/external_task_sensor_parent_dag2.py
[2022-07-30 16:47:26,342] {processor.py:651} INFO - DAG(s) dict_keys(['external_sensor_parent_dag_http']) retrieved from /opt/airflow/dags/external_task_sensor/external_task_sensor_parent_dag2.py
[2022-07-30 16:47:26,388] {logging_mixin.py:115} INFO - [2022-07-30 16:47:26,388] {dag.py:2379} INFO - Sync 1 DAGs
[2022-07-30 16:47:26,435] {logging_mixin.py:115} INFO - [2022-07-30 16:47:26,434] {dag.py:2931} INFO - Setting next_dagrun for external_sensor_parent_dag_http to 2022-07-29T00:00:00+00:00, run_after=2022-07-30T00:00:00+00:00
[2022-07-30 16:47:26,466] {processor.py:161} INFO - Processing /opt/airflow/dags/external_task_sensor/external_task_sensor_parent_dag2.py took 0.156 seconds
[2022-07-30 16:47:56,573] {processor.py:153} INFO - Started process (PID=633) to work on /opt/airflow/dags/external_task_sensor/external_task_sensor_parent_dag2.py
[2022-07-30 16:47:56,574] {processor.py:641} INFO - Processing file /opt/airflow/dags/external_task_sensor/external_task_sensor_parent_dag2.py for tasks to queue
[2022-07-30 16:47:56,574] {logging_mixin.py:115} INFO - [2022-07-30 16:47:56,574] {dagbag.py:507} INFO - Filling up the DagBag from /opt/airflow/dags/external_task_sensor/external_task_sensor_parent_dag2.py
[2022-07-30 16:47:56,584] {processor.py:651} INFO - DAG(s) dict_keys(['external_sensor_parent_dag_http']) retrieved from /opt/airflow/dags/external_task_sensor/external_task_sensor_parent_dag2.py
[2022-07-30 16:47:56,614] {logging_mixin.py:115} INFO - [2022-07-30 16:47:56,614] {dag.py:2379} INFO - Sync 1 DAGs
[2022-07-30 16:47:56,646] {logging_mixin.py:115} INFO - [2022-07-30 16:47:56,646] {dag.py:2931} INFO - Setting next_dagrun for external_sensor_parent_dag_http to 2022-07-29T00:00:00+00:00, run_after=2022-07-30T00:00:00+00:00
[2022-07-30 16:47:56,661] {processor.py:161} INFO - Processing /opt/airflow/dags/external_task_sensor/external_task_sensor_parent_dag2.py took 0.091 seconds
[2022-07-30 16:48:28,927] {processor.py:153} INFO - Started process (PID=719) to work on /opt/airflow/dags/external_task_sensor/external_task_sensor_parent_dag2.py
[2022-07-30 16:48:28,936] {processor.py:641} INFO - Processing file /opt/airflow/dags/external_task_sensor/external_task_sensor_parent_dag2.py for tasks to queue
[2022-07-30 16:48:28,937] {logging_mixin.py:115} INFO - [2022-07-30 16:48:28,936] {dagbag.py:507} INFO - Filling up the DagBag from /opt/airflow/dags/external_task_sensor/external_task_sensor_parent_dag2.py
[2022-07-30 16:48:28,945] {processor.py:651} INFO - DAG(s) dict_keys(['external_sensor_parent_dag_http']) retrieved from /opt/airflow/dags/external_task_sensor/external_task_sensor_parent_dag2.py
[2022-07-30 16:48:29,013] {logging_mixin.py:115} INFO - [2022-07-30 16:48:29,013] {dag.py:2379} INFO - Sync 1 DAGs
[2022-07-30 16:48:29,065] {logging_mixin.py:115} INFO - [2022-07-30 16:48:29,064] {dag.py:2931} INFO - Setting next_dagrun for external_sensor_parent_dag_http to 2022-07-29T00:00:00+00:00, run_after=2022-07-30T00:00:00+00:00
[2022-07-30 16:48:29,093] {processor.py:161} INFO - Processing /opt/airflow/dags/external_task_sensor/external_task_sensor_parent_dag2.py took 0.169 seconds
[2022-07-30 16:48:59,710] {processor.py:153} INFO - Started process (PID=791) to work on /opt/airflow/dags/external_task_sensor/external_task_sensor_parent_dag2.py
[2022-07-30 16:48:59,711] {processor.py:641} INFO - Processing file /opt/airflow/dags/external_task_sensor/external_task_sensor_parent_dag2.py for tasks to queue
[2022-07-30 16:48:59,711] {logging_mixin.py:115} INFO - [2022-07-30 16:48:59,711] {dagbag.py:507} INFO - Filling up the DagBag from /opt/airflow/dags/external_task_sensor/external_task_sensor_parent_dag2.py
[2022-07-30 16:48:59,725] {processor.py:651} INFO - DAG(s) dict_keys(['external_sensor_parent_dag_http']) retrieved from /opt/airflow/dags/external_task_sensor/external_task_sensor_parent_dag2.py
[2022-07-30 16:48:59,762] {logging_mixin.py:115} INFO - [2022-07-30 16:48:59,762] {dag.py:2379} INFO - Sync 1 DAGs
[2022-07-30 16:48:59,803] {logging_mixin.py:115} INFO - [2022-07-30 16:48:59,803] {dag.py:2931} INFO - Setting next_dagrun for external_sensor_parent_dag_http to 2022-07-29T00:00:00+00:00, run_after=2022-07-30T00:00:00+00:00
[2022-07-30 16:48:59,820] {processor.py:161} INFO - Processing /opt/airflow/dags/external_task_sensor/external_task_sensor_parent_dag2.py took 0.115 seconds
[2022-07-30 16:49:32,642] {processor.py:153} INFO - Started process (PID=877) to work on /opt/airflow/dags/external_task_sensor/external_task_sensor_parent_dag2.py
[2022-07-30 16:49:32,646] {processor.py:641} INFO - Processing file /opt/airflow/dags/external_task_sensor/external_task_sensor_parent_dag2.py for tasks to queue
[2022-07-30 16:49:32,649] {logging_mixin.py:115} INFO - [2022-07-30 16:49:32,649] {dagbag.py:507} INFO - Filling up the DagBag from /opt/airflow/dags/external_task_sensor/external_task_sensor_parent_dag2.py
[2022-07-30 16:49:32,665] {processor.py:651} INFO - DAG(s) dict_keys(['external_sensor_parent_dag_http']) retrieved from /opt/airflow/dags/external_task_sensor/external_task_sensor_parent_dag2.py
[2022-07-30 16:49:32,710] {logging_mixin.py:115} INFO - [2022-07-30 16:49:32,709] {dag.py:2379} INFO - Sync 1 DAGs
[2022-07-30 16:49:32,742] {logging_mixin.py:115} INFO - [2022-07-30 16:49:32,742] {dag.py:2931} INFO - Setting next_dagrun for external_sensor_parent_dag_http to 2022-07-29T00:00:00+00:00, run_after=2022-07-30T00:00:00+00:00
[2022-07-30 16:49:32,760] {processor.py:161} INFO - Processing /opt/airflow/dags/external_task_sensor/external_task_sensor_parent_dag2.py took 0.127 seconds
[2022-07-30 16:50:03,089] {processor.py:153} INFO - Started process (PID=950) to work on /opt/airflow/dags/external_task_sensor/external_task_sensor_parent_dag2.py
[2022-07-30 16:50:03,090] {processor.py:641} INFO - Processing file /opt/airflow/dags/external_task_sensor/external_task_sensor_parent_dag2.py for tasks to queue
[2022-07-30 16:50:03,090] {logging_mixin.py:115} INFO - [2022-07-30 16:50:03,090] {dagbag.py:507} INFO - Filling up the DagBag from /opt/airflow/dags/external_task_sensor/external_task_sensor_parent_dag2.py
[2022-07-30 16:50:03,098] {processor.py:651} INFO - DAG(s) dict_keys(['external_sensor_parent_dag_http']) retrieved from /opt/airflow/dags/external_task_sensor/external_task_sensor_parent_dag2.py
[2022-07-30 16:50:03,128] {logging_mixin.py:115} INFO - [2022-07-30 16:50:03,128] {dag.py:2379} INFO - Sync 1 DAGs
[2022-07-30 16:50:03,160] {logging_mixin.py:115} INFO - [2022-07-30 16:50:03,159] {dag.py:2931} INFO - Setting next_dagrun for external_sensor_parent_dag_http to 2022-07-29T00:00:00+00:00, run_after=2022-07-30T00:00:00+00:00
[2022-07-30 16:50:03,174] {processor.py:161} INFO - Processing /opt/airflow/dags/external_task_sensor/external_task_sensor_parent_dag2.py took 0.088 seconds
[2022-07-30 16:50:33,514] {processor.py:153} INFO - Started process (PID=1021) to work on /opt/airflow/dags/external_task_sensor/external_task_sensor_parent_dag2.py
[2022-07-30 16:50:33,515] {processor.py:641} INFO - Processing file /opt/airflow/dags/external_task_sensor/external_task_sensor_parent_dag2.py for tasks to queue
[2022-07-30 16:50:33,515] {logging_mixin.py:115} INFO - [2022-07-30 16:50:33,515] {dagbag.py:507} INFO - Filling up the DagBag from /opt/airflow/dags/external_task_sensor/external_task_sensor_parent_dag2.py
[2022-07-30 16:50:33,524] {processor.py:651} INFO - DAG(s) dict_keys(['external_sensor_parent_dag_http']) retrieved from /opt/airflow/dags/external_task_sensor/external_task_sensor_parent_dag2.py
[2022-07-30 16:50:33,555] {logging_mixin.py:115} INFO - [2022-07-30 16:50:33,555] {dag.py:2379} INFO - Sync 1 DAGs
[2022-07-30 16:50:33,589] {logging_mixin.py:115} INFO - [2022-07-30 16:50:33,589] {dag.py:2931} INFO - Setting next_dagrun for external_sensor_parent_dag_http to 2022-07-29T00:00:00+00:00, run_after=2022-07-30T00:00:00+00:00
[2022-07-30 16:50:33,604] {processor.py:161} INFO - Processing /opt/airflow/dags/external_task_sensor/external_task_sensor_parent_dag2.py took 0.094 seconds
[2022-07-30 16:51:05,589] {processor.py:153} INFO - Started process (PID=1101) to work on /opt/airflow/dags/external_task_sensor/external_task_sensor_parent_dag2.py
[2022-07-30 16:51:05,589] {processor.py:641} INFO - Processing file /opt/airflow/dags/external_task_sensor/external_task_sensor_parent_dag2.py for tasks to queue
[2022-07-30 16:51:05,590] {logging_mixin.py:115} INFO - [2022-07-30 16:51:05,590] {dagbag.py:507} INFO - Filling up the DagBag from /opt/airflow/dags/external_task_sensor/external_task_sensor_parent_dag2.py
[2022-07-30 16:51:05,639] {processor.py:651} INFO - DAG(s) dict_keys(['external_sensor_parent_dag_http']) retrieved from /opt/airflow/dags/external_task_sensor/external_task_sensor_parent_dag2.py
[2022-07-30 16:51:05,817] {logging_mixin.py:115} INFO - [2022-07-30 16:51:05,817] {dag.py:2379} INFO - Sync 1 DAGs
[2022-07-30 16:51:05,905] {logging_mixin.py:115} INFO - [2022-07-30 16:51:05,905] {dag.py:2931} INFO - Setting next_dagrun for external_sensor_parent_dag_http to 2022-07-29T00:00:00+00:00, run_after=2022-07-30T00:00:00+00:00
[2022-07-30 16:51:05,937] {processor.py:161} INFO - Processing /opt/airflow/dags/external_task_sensor/external_task_sensor_parent_dag2.py took 0.367 seconds
[2022-07-30 16:51:35,963] {processor.py:153} INFO - Started process (PID=1176) to work on /opt/airflow/dags/external_task_sensor/external_task_sensor_parent_dag2.py
[2022-07-30 16:51:35,964] {processor.py:641} INFO - Processing file /opt/airflow/dags/external_task_sensor/external_task_sensor_parent_dag2.py for tasks to queue
[2022-07-30 16:51:35,965] {logging_mixin.py:115} INFO - [2022-07-30 16:51:35,965] {dagbag.py:507} INFO - Filling up the DagBag from /opt/airflow/dags/external_task_sensor/external_task_sensor_parent_dag2.py
[2022-07-30 16:51:35,974] {processor.py:651} INFO - DAG(s) dict_keys(['external_sensor_parent_dag_http']) retrieved from /opt/airflow/dags/external_task_sensor/external_task_sensor_parent_dag2.py
[2022-07-30 16:51:36,004] {logging_mixin.py:115} INFO - [2022-07-30 16:51:36,004] {dag.py:2379} INFO - Sync 1 DAGs
[2022-07-30 16:51:36,036] {logging_mixin.py:115} INFO - [2022-07-30 16:51:36,036] {dag.py:2931} INFO - Setting next_dagrun for external_sensor_parent_dag_http to 2022-07-29T00:00:00+00:00, run_after=2022-07-30T00:00:00+00:00
[2022-07-30 16:51:36,050] {processor.py:161} INFO - Processing /opt/airflow/dags/external_task_sensor/external_task_sensor_parent_dag2.py took 0.091 seconds
[2022-07-30 16:52:06,980] {processor.py:153} INFO - Started process (PID=1254) to work on /opt/airflow/dags/external_task_sensor/external_task_sensor_parent_dag2.py
[2022-07-30 16:52:06,981] {processor.py:641} INFO - Processing file /opt/airflow/dags/external_task_sensor/external_task_sensor_parent_dag2.py for tasks to queue
[2022-07-30 16:52:06,982] {logging_mixin.py:115} INFO - [2022-07-30 16:52:06,981] {dagbag.py:507} INFO - Filling up the DagBag from /opt/airflow/dags/external_task_sensor/external_task_sensor_parent_dag2.py
[2022-07-30 16:52:06,994] {processor.py:651} INFO - DAG(s) dict_keys(['external_sensor_parent_dag_http']) retrieved from /opt/airflow/dags/external_task_sensor/external_task_sensor_parent_dag2.py
[2022-07-30 16:52:07,029] {logging_mixin.py:115} INFO - [2022-07-30 16:52:07,029] {dag.py:2379} INFO - Sync 1 DAGs
[2022-07-30 16:52:07,060] {logging_mixin.py:115} INFO - [2022-07-30 16:52:07,060] {dag.py:2931} INFO - Setting next_dagrun for external_sensor_parent_dag_http to 2022-07-29T00:00:00+00:00, run_after=2022-07-30T00:00:00+00:00
[2022-07-30 16:52:07,073] {processor.py:161} INFO - Processing /opt/airflow/dags/external_task_sensor/external_task_sensor_parent_dag2.py took 0.098 seconds
[2022-07-30 16:52:38,216] {processor.py:153} INFO - Started process (PID=1335) to work on /opt/airflow/dags/external_task_sensor/external_task_sensor_parent_dag2.py
[2022-07-30 16:52:38,217] {processor.py:641} INFO - Processing file /opt/airflow/dags/external_task_sensor/external_task_sensor_parent_dag2.py for tasks to queue
[2022-07-30 16:52:38,217] {logging_mixin.py:115} INFO - [2022-07-30 16:52:38,217] {dagbag.py:507} INFO - Filling up the DagBag from /opt/airflow/dags/external_task_sensor/external_task_sensor_parent_dag2.py
[2022-07-30 16:52:38,235] {processor.py:651} INFO - DAG(s) dict_keys(['external_sensor_parent_dag_http']) retrieved from /opt/airflow/dags/external_task_sensor/external_task_sensor_parent_dag2.py
[2022-07-30 16:52:38,274] {logging_mixin.py:115} INFO - [2022-07-30 16:52:38,274] {dag.py:2379} INFO - Sync 1 DAGs
[2022-07-30 16:52:38,306] {logging_mixin.py:115} INFO - [2022-07-30 16:52:38,306] {dag.py:2931} INFO - Setting next_dagrun for external_sensor_parent_dag_http to 2022-07-29T00:00:00+00:00, run_after=2022-07-30T00:00:00+00:00
[2022-07-30 16:52:38,320] {processor.py:161} INFO - Processing /opt/airflow/dags/external_task_sensor/external_task_sensor_parent_dag2.py took 0.116 seconds
[2022-07-30 16:53:08,663] {processor.py:153} INFO - Started process (PID=1413) to work on /opt/airflow/dags/external_task_sensor/external_task_sensor_parent_dag2.py
[2022-07-30 16:53:08,664] {processor.py:641} INFO - Processing file /opt/airflow/dags/external_task_sensor/external_task_sensor_parent_dag2.py for tasks to queue
[2022-07-30 16:53:08,664] {logging_mixin.py:115} INFO - [2022-07-30 16:53:08,664] {dagbag.py:507} INFO - Filling up the DagBag from /opt/airflow/dags/external_task_sensor/external_task_sensor_parent_dag2.py
[2022-07-30 16:53:08,675] {processor.py:651} INFO - DAG(s) dict_keys(['external_sensor_parent_dag_http']) retrieved from /opt/airflow/dags/external_task_sensor/external_task_sensor_parent_dag2.py
[2022-07-30 16:53:08,708] {logging_mixin.py:115} INFO - [2022-07-30 16:53:08,708] {dag.py:2379} INFO - Sync 1 DAGs
[2022-07-30 16:53:08,742] {logging_mixin.py:115} INFO - [2022-07-30 16:53:08,742] {dag.py:2931} INFO - Setting next_dagrun for external_sensor_parent_dag_http to 2022-07-29T00:00:00+00:00, run_after=2022-07-30T00:00:00+00:00
[2022-07-30 16:53:08,757] {processor.py:161} INFO - Processing /opt/airflow/dags/external_task_sensor/external_task_sensor_parent_dag2.py took 0.097 seconds
[2022-07-30 16:53:40,336] {processor.py:153} INFO - Started process (PID=1491) to work on /opt/airflow/dags/external_task_sensor/external_task_sensor_parent_dag2.py
[2022-07-30 16:53:40,337] {processor.py:641} INFO - Processing file /opt/airflow/dags/external_task_sensor/external_task_sensor_parent_dag2.py for tasks to queue
[2022-07-30 16:53:40,337] {logging_mixin.py:115} INFO - [2022-07-30 16:53:40,337] {dagbag.py:507} INFO - Filling up the DagBag from /opt/airflow/dags/external_task_sensor/external_task_sensor_parent_dag2.py
[2022-07-30 16:53:40,350] {processor.py:651} INFO - DAG(s) dict_keys(['external_sensor_parent_dag_http']) retrieved from /opt/airflow/dags/external_task_sensor/external_task_sensor_parent_dag2.py
[2022-07-30 16:53:40,394] {logging_mixin.py:115} INFO - [2022-07-30 16:53:40,394] {dag.py:2379} INFO - Sync 1 DAGs
[2022-07-30 16:53:40,464] {logging_mixin.py:115} INFO - [2022-07-30 16:53:40,464] {dag.py:2931} INFO - Setting next_dagrun for external_sensor_parent_dag_http to 2022-07-29T00:00:00+00:00, run_after=2022-07-30T00:00:00+00:00
[2022-07-30 16:53:40,504] {processor.py:161} INFO - Processing /opt/airflow/dags/external_task_sensor/external_task_sensor_parent_dag2.py took 0.172 seconds
[2022-07-30 16:54:11,123] {processor.py:153} INFO - Started process (PID=1573) to work on /opt/airflow/dags/external_task_sensor/external_task_sensor_parent_dag2.py
[2022-07-30 16:54:11,124] {processor.py:641} INFO - Processing file /opt/airflow/dags/external_task_sensor/external_task_sensor_parent_dag2.py for tasks to queue
[2022-07-30 16:54:11,124] {logging_mixin.py:115} INFO - [2022-07-30 16:54:11,124] {dagbag.py:507} INFO - Filling up the DagBag from /opt/airflow/dags/external_task_sensor/external_task_sensor_parent_dag2.py
[2022-07-30 16:54:11,133] {processor.py:651} INFO - DAG(s) dict_keys(['external_sensor_parent_dag_http']) retrieved from /opt/airflow/dags/external_task_sensor/external_task_sensor_parent_dag2.py
[2022-07-30 16:54:11,163] {logging_mixin.py:115} INFO - [2022-07-30 16:54:11,163] {dag.py:2379} INFO - Sync 1 DAGs
[2022-07-30 16:54:11,194] {logging_mixin.py:115} INFO - [2022-07-30 16:54:11,194] {dag.py:2931} INFO - Setting next_dagrun for external_sensor_parent_dag_http to 2022-07-29T00:00:00+00:00, run_after=2022-07-30T00:00:00+00:00
[2022-07-30 16:54:11,209] {processor.py:161} INFO - Processing /opt/airflow/dags/external_task_sensor/external_task_sensor_parent_dag2.py took 0.090 seconds
[2022-07-30 16:54:41,773] {processor.py:153} INFO - Started process (PID=1648) to work on /opt/airflow/dags/external_task_sensor/external_task_sensor_parent_dag2.py
[2022-07-30 16:54:41,774] {processor.py:641} INFO - Processing file /opt/airflow/dags/external_task_sensor/external_task_sensor_parent_dag2.py for tasks to queue
[2022-07-30 16:54:41,775] {logging_mixin.py:115} INFO - [2022-07-30 16:54:41,775] {dagbag.py:507} INFO - Filling up the DagBag from /opt/airflow/dags/external_task_sensor/external_task_sensor_parent_dag2.py
[2022-07-30 16:54:41,784] {processor.py:651} INFO - DAG(s) dict_keys(['external_sensor_parent_dag_http']) retrieved from /opt/airflow/dags/external_task_sensor/external_task_sensor_parent_dag2.py
[2022-07-30 16:54:41,816] {logging_mixin.py:115} INFO - [2022-07-30 16:54:41,815] {dag.py:2379} INFO - Sync 1 DAGs
[2022-07-30 16:54:41,849] {logging_mixin.py:115} INFO - [2022-07-30 16:54:41,849] {dag.py:2931} INFO - Setting next_dagrun for external_sensor_parent_dag_http to 2022-07-29T00:00:00+00:00, run_after=2022-07-30T00:00:00+00:00
[2022-07-30 16:54:41,863] {processor.py:161} INFO - Processing /opt/airflow/dags/external_task_sensor/external_task_sensor_parent_dag2.py took 0.094 seconds
[2022-07-30 16:55:12,019] {processor.py:153} INFO - Started process (PID=1730) to work on /opt/airflow/dags/external_task_sensor/external_task_sensor_parent_dag2.py
[2022-07-30 16:55:12,028] {processor.py:641} INFO - Processing file /opt/airflow/dags/external_task_sensor/external_task_sensor_parent_dag2.py for tasks to queue
[2022-07-30 16:55:12,028] {logging_mixin.py:115} INFO - [2022-07-30 16:55:12,028] {dagbag.py:507} INFO - Filling up the DagBag from /opt/airflow/dags/external_task_sensor/external_task_sensor_parent_dag2.py
[2022-07-30 16:55:12,037] {processor.py:651} INFO - DAG(s) dict_keys(['external_sensor_parent_dag_http']) retrieved from /opt/airflow/dags/external_task_sensor/external_task_sensor_parent_dag2.py
[2022-07-30 16:55:12,134] {logging_mixin.py:115} INFO - [2022-07-30 16:55:12,134] {dag.py:2379} INFO - Sync 1 DAGs
[2022-07-30 16:55:12,194] {logging_mixin.py:115} INFO - [2022-07-30 16:55:12,194] {dag.py:2931} INFO - Setting next_dagrun for external_sensor_parent_dag_http to 2022-07-29T00:00:00+00:00, run_after=2022-07-30T00:00:00+00:00
[2022-07-30 16:55:12,223] {processor.py:161} INFO - Processing /opt/airflow/dags/external_task_sensor/external_task_sensor_parent_dag2.py took 0.208 seconds
[2022-07-30 16:55:42,342] {processor.py:153} INFO - Started process (PID=1807) to work on /opt/airflow/dags/external_task_sensor/external_task_sensor_parent_dag2.py
[2022-07-30 16:55:42,345] {processor.py:641} INFO - Processing file /opt/airflow/dags/external_task_sensor/external_task_sensor_parent_dag2.py for tasks to queue
[2022-07-30 16:55:42,345] {logging_mixin.py:115} INFO - [2022-07-30 16:55:42,345] {dagbag.py:507} INFO - Filling up the DagBag from /opt/airflow/dags/external_task_sensor/external_task_sensor_parent_dag2.py
[2022-07-30 16:55:42,354] {processor.py:651} INFO - DAG(s) dict_keys(['external_sensor_parent_dag_http']) retrieved from /opt/airflow/dags/external_task_sensor/external_task_sensor_parent_dag2.py
[2022-07-30 16:55:42,376] {logging_mixin.py:115} INFO - [2022-07-30 16:55:42,376] {dag.py:2379} INFO - Sync 1 DAGs
[2022-07-30 16:55:42,397] {logging_mixin.py:115} INFO - [2022-07-30 16:55:42,397] {dag.py:2931} INFO - Setting next_dagrun for external_sensor_parent_dag_http to 2022-07-29T00:00:00+00:00, run_after=2022-07-30T00:00:00+00:00
[2022-07-30 16:55:42,407] {processor.py:161} INFO - Processing /opt/airflow/dags/external_task_sensor/external_task_sensor_parent_dag2.py took 0.069 seconds
[2022-07-30 16:56:13,280] {processor.py:153} INFO - Started process (PID=1887) to work on /opt/airflow/dags/external_task_sensor/external_task_sensor_parent_dag2.py
[2022-07-30 16:56:13,281] {processor.py:641} INFO - Processing file /opt/airflow/dags/external_task_sensor/external_task_sensor_parent_dag2.py for tasks to queue
[2022-07-30 16:56:13,281] {logging_mixin.py:115} INFO - [2022-07-30 16:56:13,281] {dagbag.py:507} INFO - Filling up the DagBag from /opt/airflow/dags/external_task_sensor/external_task_sensor_parent_dag2.py
[2022-07-30 16:56:13,293] {processor.py:651} INFO - DAG(s) dict_keys(['external_sensor_parent_dag_http']) retrieved from /opt/airflow/dags/external_task_sensor/external_task_sensor_parent_dag2.py
[2022-07-30 16:56:13,323] {logging_mixin.py:115} INFO - [2022-07-30 16:56:13,323] {dag.py:2379} INFO - Sync 1 DAGs
[2022-07-30 16:56:13,356] {logging_mixin.py:115} INFO - [2022-07-30 16:56:13,356] {dag.py:2931} INFO - Setting next_dagrun for external_sensor_parent_dag_http to 2022-07-29T00:00:00+00:00, run_after=2022-07-30T00:00:00+00:00
[2022-07-30 16:56:13,374] {processor.py:161} INFO - Processing /opt/airflow/dags/external_task_sensor/external_task_sensor_parent_dag2.py took 0.097 seconds
[2022-07-30 16:56:43,691] {processor.py:153} INFO - Started process (PID=1963) to work on /opt/airflow/dags/external_task_sensor/external_task_sensor_parent_dag2.py
[2022-07-30 16:56:43,693] {processor.py:641} INFO - Processing file /opt/airflow/dags/external_task_sensor/external_task_sensor_parent_dag2.py for tasks to queue
[2022-07-30 16:56:43,694] {logging_mixin.py:115} INFO - [2022-07-30 16:56:43,694] {dagbag.py:507} INFO - Filling up the DagBag from /opt/airflow/dags/external_task_sensor/external_task_sensor_parent_dag2.py
[2022-07-30 16:56:43,713] {processor.py:651} INFO - DAG(s) dict_keys(['external_sensor_parent_dag_http']) retrieved from /opt/airflow/dags/external_task_sensor/external_task_sensor_parent_dag2.py
[2022-07-30 16:56:43,770] {logging_mixin.py:115} INFO - [2022-07-30 16:56:43,770] {dag.py:2379} INFO - Sync 1 DAGs
[2022-07-30 16:56:43,828] {logging_mixin.py:115} INFO - [2022-07-30 16:56:43,828] {dag.py:2931} INFO - Setting next_dagrun for external_sensor_parent_dag_http to 2022-07-29T00:00:00+00:00, run_after=2022-07-30T00:00:00+00:00
[2022-07-30 16:56:43,844] {processor.py:161} INFO - Processing /opt/airflow/dags/external_task_sensor/external_task_sensor_parent_dag2.py took 0.158 seconds
[2022-07-30 16:57:14,273] {processor.py:153} INFO - Started process (PID=2043) to work on /opt/airflow/dags/external_task_sensor/external_task_sensor_parent_dag2.py
[2022-07-30 16:57:14,273] {processor.py:641} INFO - Processing file /opt/airflow/dags/external_task_sensor/external_task_sensor_parent_dag2.py for tasks to queue
[2022-07-30 16:57:14,274] {logging_mixin.py:115} INFO - [2022-07-30 16:57:14,274] {dagbag.py:507} INFO - Filling up the DagBag from /opt/airflow/dags/external_task_sensor/external_task_sensor_parent_dag2.py
[2022-07-30 16:57:14,282] {processor.py:651} INFO - DAG(s) dict_keys(['external_sensor_parent_dag_http']) retrieved from /opt/airflow/dags/external_task_sensor/external_task_sensor_parent_dag2.py
[2022-07-30 16:57:14,339] {logging_mixin.py:115} INFO - [2022-07-30 16:57:14,339] {dag.py:2379} INFO - Sync 1 DAGs
[2022-07-30 16:57:14,373] {logging_mixin.py:115} INFO - [2022-07-30 16:57:14,373] {dag.py:2931} INFO - Setting next_dagrun for external_sensor_parent_dag_http to 2022-07-29T00:00:00+00:00, run_after=2022-07-30T00:00:00+00:00
[2022-07-30 16:57:14,388] {processor.py:161} INFO - Processing /opt/airflow/dags/external_task_sensor/external_task_sensor_parent_dag2.py took 0.119 seconds
[2022-07-30 16:57:45,128] {processor.py:153} INFO - Started process (PID=2118) to work on /opt/airflow/dags/external_task_sensor/external_task_sensor_parent_dag2.py
[2022-07-30 16:57:45,129] {processor.py:641} INFO - Processing file /opt/airflow/dags/external_task_sensor/external_task_sensor_parent_dag2.py for tasks to queue
[2022-07-30 16:57:45,130] {logging_mixin.py:115} INFO - [2022-07-30 16:57:45,130] {dagbag.py:507} INFO - Filling up the DagBag from /opt/airflow/dags/external_task_sensor/external_task_sensor_parent_dag2.py
[2022-07-30 16:57:45,140] {processor.py:651} INFO - DAG(s) dict_keys(['external_sensor_parent_dag_http']) retrieved from /opt/airflow/dags/external_task_sensor/external_task_sensor_parent_dag2.py
[2022-07-30 16:57:45,172] {logging_mixin.py:115} INFO - [2022-07-30 16:57:45,172] {dag.py:2379} INFO - Sync 1 DAGs
[2022-07-30 16:57:45,225] {logging_mixin.py:115} INFO - [2022-07-30 16:57:45,225] {dag.py:2931} INFO - Setting next_dagrun for external_sensor_parent_dag_http to 2022-07-29T00:00:00+00:00, run_after=2022-07-30T00:00:00+00:00
[2022-07-30 16:57:45,261] {processor.py:161} INFO - Processing /opt/airflow/dags/external_task_sensor/external_task_sensor_parent_dag2.py took 0.140 seconds
[2022-07-30 16:58:16,031] {processor.py:153} INFO - Started process (PID=2201) to work on /opt/airflow/dags/external_task_sensor/external_task_sensor_parent_dag2.py
[2022-07-30 16:58:16,031] {processor.py:641} INFO - Processing file /opt/airflow/dags/external_task_sensor/external_task_sensor_parent_dag2.py for tasks to queue
[2022-07-30 16:58:16,032] {logging_mixin.py:115} INFO - [2022-07-30 16:58:16,032] {dagbag.py:507} INFO - Filling up the DagBag from /opt/airflow/dags/external_task_sensor/external_task_sensor_parent_dag2.py
[2022-07-30 16:58:16,049] {processor.py:651} INFO - DAG(s) dict_keys(['external_sensor_parent_dag_http']) retrieved from /opt/airflow/dags/external_task_sensor/external_task_sensor_parent_dag2.py
[2022-07-30 16:58:16,113] {logging_mixin.py:115} INFO - [2022-07-30 16:58:16,113] {dag.py:2379} INFO - Sync 1 DAGs
[2022-07-30 16:58:16,177] {logging_mixin.py:115} INFO - [2022-07-30 16:58:16,177] {dag.py:2931} INFO - Setting next_dagrun for external_sensor_parent_dag_http to 2022-07-29T00:00:00+00:00, run_after=2022-07-30T00:00:00+00:00
[2022-07-30 16:58:16,228] {processor.py:161} INFO - Processing /opt/airflow/dags/external_task_sensor/external_task_sensor_parent_dag2.py took 0.208 seconds
[2022-07-30 16:58:47,408] {processor.py:153} INFO - Started process (PID=2273) to work on /opt/airflow/dags/external_task_sensor/external_task_sensor_parent_dag2.py
[2022-07-30 16:58:47,409] {processor.py:641} INFO - Processing file /opt/airflow/dags/external_task_sensor/external_task_sensor_parent_dag2.py for tasks to queue
[2022-07-30 16:58:47,409] {logging_mixin.py:115} INFO - [2022-07-30 16:58:47,409] {dagbag.py:507} INFO - Filling up the DagBag from /opt/airflow/dags/external_task_sensor/external_task_sensor_parent_dag2.py
[2022-07-30 16:58:47,437] {processor.py:651} INFO - DAG(s) dict_keys(['external_sensor_parent_dag_http']) retrieved from /opt/airflow/dags/external_task_sensor/external_task_sensor_parent_dag2.py
[2022-07-30 16:58:47,504] {logging_mixin.py:115} INFO - [2022-07-30 16:58:47,504] {dag.py:2379} INFO - Sync 1 DAGs
[2022-07-30 16:58:47,566] {logging_mixin.py:115} INFO - [2022-07-30 16:58:47,566] {dag.py:2931} INFO - Setting next_dagrun for external_sensor_parent_dag_http to 2022-07-29T00:00:00+00:00, run_after=2022-07-30T00:00:00+00:00
[2022-07-30 16:58:47,588] {processor.py:161} INFO - Processing /opt/airflow/dags/external_task_sensor/external_task_sensor_parent_dag2.py took 0.198 seconds
[2022-07-30 16:59:18,004] {processor.py:153} INFO - Started process (PID=2357) to work on /opt/airflow/dags/external_task_sensor/external_task_sensor_parent_dag2.py
[2022-07-30 16:59:18,004] {processor.py:641} INFO - Processing file /opt/airflow/dags/external_task_sensor/external_task_sensor_parent_dag2.py for tasks to queue
[2022-07-30 16:59:18,005] {logging_mixin.py:115} INFO - [2022-07-30 16:59:18,005] {dagbag.py:507} INFO - Filling up the DagBag from /opt/airflow/dags/external_task_sensor/external_task_sensor_parent_dag2.py
[2022-07-30 16:59:18,015] {processor.py:651} INFO - DAG(s) dict_keys(['external_sensor_parent_dag_http']) retrieved from /opt/airflow/dags/external_task_sensor/external_task_sensor_parent_dag2.py
[2022-07-30 16:59:18,048] {logging_mixin.py:115} INFO - [2022-07-30 16:59:18,048] {dag.py:2379} INFO - Sync 1 DAGs
[2022-07-30 16:59:18,082] {logging_mixin.py:115} INFO - [2022-07-30 16:59:18,082] {dag.py:2931} INFO - Setting next_dagrun for external_sensor_parent_dag_http to 2022-07-29T00:00:00+00:00, run_after=2022-07-30T00:00:00+00:00
[2022-07-30 16:59:18,096] {processor.py:161} INFO - Processing /opt/airflow/dags/external_task_sensor/external_task_sensor_parent_dag2.py took 0.097 seconds
[2022-07-30 16:59:48,743] {processor.py:153} INFO - Started process (PID=2437) to work on /opt/airflow/dags/external_task_sensor/external_task_sensor_parent_dag2.py
[2022-07-30 16:59:48,744] {processor.py:641} INFO - Processing file /opt/airflow/dags/external_task_sensor/external_task_sensor_parent_dag2.py for tasks to queue
[2022-07-30 16:59:48,744] {logging_mixin.py:115} INFO - [2022-07-30 16:59:48,744] {dagbag.py:507} INFO - Filling up the DagBag from /opt/airflow/dags/external_task_sensor/external_task_sensor_parent_dag2.py
[2022-07-30 16:59:48,765] {processor.py:651} INFO - DAG(s) dict_keys(['external_sensor_parent_dag_http']) retrieved from /opt/airflow/dags/external_task_sensor/external_task_sensor_parent_dag2.py
[2022-07-30 16:59:48,832] {logging_mixin.py:115} INFO - [2022-07-30 16:59:48,832] {dag.py:2379} INFO - Sync 1 DAGs
[2022-07-30 16:59:48,891] {logging_mixin.py:115} INFO - [2022-07-30 16:59:48,891] {dag.py:2931} INFO - Setting next_dagrun for external_sensor_parent_dag_http to 2022-07-29T00:00:00+00:00, run_after=2022-07-30T00:00:00+00:00
[2022-07-30 16:59:48,919] {processor.py:161} INFO - Processing /opt/airflow/dags/external_task_sensor/external_task_sensor_parent_dag2.py took 0.184 seconds
[2022-07-30 17:00:19,314] {processor.py:153} INFO - Started process (PID=2509) to work on /opt/airflow/dags/external_task_sensor/external_task_sensor_parent_dag2.py
[2022-07-30 17:00:19,314] {processor.py:641} INFO - Processing file /opt/airflow/dags/external_task_sensor/external_task_sensor_parent_dag2.py for tasks to queue
[2022-07-30 17:00:19,315] {logging_mixin.py:115} INFO - [2022-07-30 17:00:19,314] {dagbag.py:507} INFO - Filling up the DagBag from /opt/airflow/dags/external_task_sensor/external_task_sensor_parent_dag2.py
[2022-07-30 17:00:19,324] {processor.py:651} INFO - DAG(s) dict_keys(['external_sensor_parent_dag_http']) retrieved from /opt/airflow/dags/external_task_sensor/external_task_sensor_parent_dag2.py
[2022-07-30 17:00:19,352] {logging_mixin.py:115} INFO - [2022-07-30 17:00:19,352] {dag.py:2379} INFO - Sync 1 DAGs
[2022-07-30 17:00:19,384] {logging_mixin.py:115} INFO - [2022-07-30 17:00:19,384] {dag.py:2931} INFO - Setting next_dagrun for external_sensor_parent_dag_http to 2022-07-29T00:00:00+00:00, run_after=2022-07-30T00:00:00+00:00
[2022-07-30 17:00:19,398] {processor.py:161} INFO - Processing /opt/airflow/dags/external_task_sensor/external_task_sensor_parent_dag2.py took 0.088 seconds
[2022-07-30 17:00:50,031] {processor.py:153} INFO - Started process (PID=2596) to work on /opt/airflow/dags/external_task_sensor/external_task_sensor_parent_dag2.py
[2022-07-30 17:00:50,040] {processor.py:641} INFO - Processing file /opt/airflow/dags/external_task_sensor/external_task_sensor_parent_dag2.py for tasks to queue
[2022-07-30 17:00:50,041] {logging_mixin.py:115} INFO - [2022-07-30 17:00:50,040] {dagbag.py:507} INFO - Filling up the DagBag from /opt/airflow/dags/external_task_sensor/external_task_sensor_parent_dag2.py
[2022-07-30 17:00:50,053] {processor.py:651} INFO - DAG(s) dict_keys(['external_sensor_parent_dag_http']) retrieved from /opt/airflow/dags/external_task_sensor/external_task_sensor_parent_dag2.py
[2022-07-30 17:00:50,111] {logging_mixin.py:115} INFO - [2022-07-30 17:00:50,111] {dag.py:2379} INFO - Sync 1 DAGs
[2022-07-30 17:00:50,171] {logging_mixin.py:115} INFO - [2022-07-30 17:00:50,171] {dag.py:2931} INFO - Setting next_dagrun for external_sensor_parent_dag_http to 2022-07-29T00:00:00+00:00, run_after=2022-07-30T00:00:00+00:00
[2022-07-30 17:00:50,211] {processor.py:161} INFO - Processing /opt/airflow/dags/external_task_sensor/external_task_sensor_parent_dag2.py took 0.184 seconds
[2022-07-30 17:01:20,545] {processor.py:153} INFO - Started process (PID=2668) to work on /opt/airflow/dags/external_task_sensor/external_task_sensor_parent_dag2.py
[2022-07-30 17:01:20,546] {processor.py:641} INFO - Processing file /opt/airflow/dags/external_task_sensor/external_task_sensor_parent_dag2.py for tasks to queue
[2022-07-30 17:01:20,546] {logging_mixin.py:115} INFO - [2022-07-30 17:01:20,546] {dagbag.py:507} INFO - Filling up the DagBag from /opt/airflow/dags/external_task_sensor/external_task_sensor_parent_dag2.py
[2022-07-30 17:01:20,555] {processor.py:651} INFO - DAG(s) dict_keys(['external_sensor_parent_dag_http']) retrieved from /opt/airflow/dags/external_task_sensor/external_task_sensor_parent_dag2.py
[2022-07-30 17:01:20,586] {logging_mixin.py:115} INFO - [2022-07-30 17:01:20,585] {dag.py:2379} INFO - Sync 1 DAGs
[2022-07-30 17:01:20,609] {logging_mixin.py:115} INFO - [2022-07-30 17:01:20,609] {dag.py:2931} INFO - Setting next_dagrun for external_sensor_parent_dag_http to 2022-07-29T00:00:00+00:00, run_after=2022-07-30T00:00:00+00:00
[2022-07-30 17:01:20,619] {processor.py:161} INFO - Processing /opt/airflow/dags/external_task_sensor/external_task_sensor_parent_dag2.py took 0.078 seconds
[2022-07-30 17:01:52,696] {processor.py:153} INFO - Started process (PID=2751) to work on /opt/airflow/dags/external_task_sensor/external_task_sensor_parent_dag2.py
[2022-07-30 17:01:52,697] {processor.py:641} INFO - Processing file /opt/airflow/dags/external_task_sensor/external_task_sensor_parent_dag2.py for tasks to queue
[2022-07-30 17:01:52,698] {logging_mixin.py:115} INFO - [2022-07-30 17:01:52,697] {dagbag.py:507} INFO - Filling up the DagBag from /opt/airflow/dags/external_task_sensor/external_task_sensor_parent_dag2.py
[2022-07-30 17:01:52,707] {processor.py:651} INFO - DAG(s) dict_keys(['external_sensor_parent_dag_http']) retrieved from /opt/airflow/dags/external_task_sensor/external_task_sensor_parent_dag2.py
[2022-07-30 17:01:52,756] {logging_mixin.py:115} INFO - [2022-07-30 17:01:52,756] {dag.py:2379} INFO - Sync 1 DAGs
[2022-07-30 17:01:52,790] {logging_mixin.py:115} INFO - [2022-07-30 17:01:52,790] {dag.py:2931} INFO - Setting next_dagrun for external_sensor_parent_dag_http to 2022-07-29T00:00:00+00:00, run_after=2022-07-30T00:00:00+00:00
[2022-07-30 17:01:52,807] {processor.py:161} INFO - Processing /opt/airflow/dags/external_task_sensor/external_task_sensor_parent_dag2.py took 0.115 seconds
[2022-07-30 17:02:23,248] {processor.py:153} INFO - Started process (PID=2827) to work on /opt/airflow/dags/external_task_sensor/external_task_sensor_parent_dag2.py
[2022-07-30 17:02:23,249] {processor.py:641} INFO - Processing file /opt/airflow/dags/external_task_sensor/external_task_sensor_parent_dag2.py for tasks to queue
[2022-07-30 17:02:23,250] {logging_mixin.py:115} INFO - [2022-07-30 17:02:23,250] {dagbag.py:507} INFO - Filling up the DagBag from /opt/airflow/dags/external_task_sensor/external_task_sensor_parent_dag2.py
[2022-07-30 17:02:23,258] {processor.py:651} INFO - DAG(s) dict_keys(['external_sensor_parent_dag_http']) retrieved from /opt/airflow/dags/external_task_sensor/external_task_sensor_parent_dag2.py
[2022-07-30 17:02:23,288] {logging_mixin.py:115} INFO - [2022-07-30 17:02:23,288] {dag.py:2379} INFO - Sync 1 DAGs
[2022-07-30 17:02:23,321] {logging_mixin.py:115} INFO - [2022-07-30 17:02:23,321] {dag.py:2931} INFO - Setting next_dagrun for external_sensor_parent_dag_http to 2022-07-29T00:00:00+00:00, run_after=2022-07-30T00:00:00+00:00
[2022-07-30 17:02:23,336] {processor.py:161} INFO - Processing /opt/airflow/dags/external_task_sensor/external_task_sensor_parent_dag2.py took 0.091 seconds
[2022-07-30 17:02:53,415] {processor.py:153} INFO - Started process (PID=2904) to work on /opt/airflow/dags/external_task_sensor/external_task_sensor_parent_dag2.py
[2022-07-30 17:02:53,415] {processor.py:641} INFO - Processing file /opt/airflow/dags/external_task_sensor/external_task_sensor_parent_dag2.py for tasks to queue
[2022-07-30 17:02:53,421] {logging_mixin.py:115} INFO - [2022-07-30 17:02:53,421] {dagbag.py:507} INFO - Filling up the DagBag from /opt/airflow/dags/external_task_sensor/external_task_sensor_parent_dag2.py
[2022-07-30 17:02:53,438] {processor.py:651} INFO - DAG(s) dict_keys(['external_sensor_parent_dag_http']) retrieved from /opt/airflow/dags/external_task_sensor/external_task_sensor_parent_dag2.py
[2022-07-30 17:02:53,532] {logging_mixin.py:115} INFO - [2022-07-30 17:02:53,532] {dag.py:2379} INFO - Sync 1 DAGs
[2022-07-30 17:02:53,629] {logging_mixin.py:115} INFO - [2022-07-30 17:02:53,629] {dag.py:2931} INFO - Setting next_dagrun for external_sensor_parent_dag_http to 2022-07-29T00:00:00+00:00, run_after=2022-07-30T00:00:00+00:00
[2022-07-30 17:02:53,674] {processor.py:161} INFO - Processing /opt/airflow/dags/external_task_sensor/external_task_sensor_parent_dag2.py took 0.263 seconds
[2022-07-30 17:03:23,883] {processor.py:153} INFO - Started process (PID=2987) to work on /opt/airflow/dags/external_task_sensor/external_task_sensor_parent_dag2.py
[2022-07-30 17:03:23,883] {processor.py:641} INFO - Processing file /opt/airflow/dags/external_task_sensor/external_task_sensor_parent_dag2.py for tasks to queue
[2022-07-30 17:03:23,886] {logging_mixin.py:115} INFO - [2022-07-30 17:03:23,886] {dagbag.py:507} INFO - Filling up the DagBag from /opt/airflow/dags/external_task_sensor/external_task_sensor_parent_dag2.py
[2022-07-30 17:03:23,909] {processor.py:651} INFO - DAG(s) dict_keys(['external_sensor_parent_dag_http']) retrieved from /opt/airflow/dags/external_task_sensor/external_task_sensor_parent_dag2.py
[2022-07-30 17:03:23,941] {logging_mixin.py:115} INFO - [2022-07-30 17:03:23,941] {dag.py:2379} INFO - Sync 1 DAGs
[2022-07-30 17:03:23,987] {logging_mixin.py:115} INFO - [2022-07-30 17:03:23,987] {dag.py:2931} INFO - Setting next_dagrun for external_sensor_parent_dag_http to 2022-07-29T00:00:00+00:00, run_after=2022-07-30T00:00:00+00:00
[2022-07-30 17:03:24,014] {processor.py:161} INFO - Processing /opt/airflow/dags/external_task_sensor/external_task_sensor_parent_dag2.py took 0.138 seconds
[2022-07-30 17:03:54,611] {processor.py:153} INFO - Started process (PID=3060) to work on /opt/airflow/dags/external_task_sensor/external_task_sensor_parent_dag2.py
[2022-07-30 17:03:54,616] {processor.py:641} INFO - Processing file /opt/airflow/dags/external_task_sensor/external_task_sensor_parent_dag2.py for tasks to queue
[2022-07-30 17:03:54,617] {logging_mixin.py:115} INFO - [2022-07-30 17:03:54,616] {dagbag.py:507} INFO - Filling up the DagBag from /opt/airflow/dags/external_task_sensor/external_task_sensor_parent_dag2.py
[2022-07-30 17:03:54,633] {processor.py:651} INFO - DAG(s) dict_keys(['external_sensor_parent_dag_http']) retrieved from /opt/airflow/dags/external_task_sensor/external_task_sensor_parent_dag2.py
[2022-07-30 17:03:54,694] {logging_mixin.py:115} INFO - [2022-07-30 17:03:54,694] {dag.py:2379} INFO - Sync 1 DAGs
[2022-07-30 17:03:54,766] {logging_mixin.py:115} INFO - [2022-07-30 17:03:54,766] {dag.py:2931} INFO - Setting next_dagrun for external_sensor_parent_dag_http to 2022-07-29T00:00:00+00:00, run_after=2022-07-30T00:00:00+00:00
[2022-07-30 17:03:54,802] {processor.py:161} INFO - Processing /opt/airflow/dags/external_task_sensor/external_task_sensor_parent_dag2.py took 0.203 seconds
[2022-07-30 17:04:25,690] {processor.py:153} INFO - Started process (PID=3140) to work on /opt/airflow/dags/external_task_sensor/external_task_sensor_parent_dag2.py
[2022-07-30 17:04:25,691] {processor.py:641} INFO - Processing file /opt/airflow/dags/external_task_sensor/external_task_sensor_parent_dag2.py for tasks to queue
[2022-07-30 17:04:25,691] {logging_mixin.py:115} INFO - [2022-07-30 17:04:25,691] {dagbag.py:507} INFO - Filling up the DagBag from /opt/airflow/dags/external_task_sensor/external_task_sensor_parent_dag2.py
[2022-07-30 17:04:25,716] {processor.py:651} INFO - DAG(s) dict_keys(['external_sensor_parent_dag_http']) retrieved from /opt/airflow/dags/external_task_sensor/external_task_sensor_parent_dag2.py
[2022-07-30 17:04:25,770] {logging_mixin.py:115} INFO - [2022-07-30 17:04:25,770] {dag.py:2379} INFO - Sync 1 DAGs
[2022-07-30 17:04:25,826] {logging_mixin.py:115} INFO - [2022-07-30 17:04:25,825] {dag.py:2931} INFO - Setting next_dagrun for external_sensor_parent_dag_http to 2022-07-29T00:00:00+00:00, run_after=2022-07-30T00:00:00+00:00
[2022-07-30 17:04:25,841] {processor.py:161} INFO - Processing /opt/airflow/dags/external_task_sensor/external_task_sensor_parent_dag2.py took 0.155 seconds
[2022-07-30 17:04:56,907] {processor.py:153} INFO - Started process (PID=3219) to work on /opt/airflow/dags/external_task_sensor/external_task_sensor_parent_dag2.py
[2022-07-30 17:04:56,928] {processor.py:641} INFO - Processing file /opt/airflow/dags/external_task_sensor/external_task_sensor_parent_dag2.py for tasks to queue
[2022-07-30 17:04:56,929] {logging_mixin.py:115} INFO - [2022-07-30 17:04:56,928] {dagbag.py:507} INFO - Filling up the DagBag from /opt/airflow/dags/external_task_sensor/external_task_sensor_parent_dag2.py
[2022-07-30 17:04:56,982] {processor.py:651} INFO - DAG(s) dict_keys(['external_sensor_parent_dag_http']) retrieved from /opt/airflow/dags/external_task_sensor/external_task_sensor_parent_dag2.py
[2022-07-30 17:04:57,051] {logging_mixin.py:115} INFO - [2022-07-30 17:04:57,051] {dag.py:2379} INFO - Sync 1 DAGs
[2022-07-30 17:04:57,090] {logging_mixin.py:115} INFO - [2022-07-30 17:04:57,090] {dag.py:2931} INFO - Setting next_dagrun for external_sensor_parent_dag_http to 2022-07-29T00:00:00+00:00, run_after=2022-07-30T00:00:00+00:00
[2022-07-30 17:04:57,118] {processor.py:161} INFO - Processing /opt/airflow/dags/external_task_sensor/external_task_sensor_parent_dag2.py took 0.227 seconds
[2022-07-30 17:05:27,409] {processor.py:153} INFO - Started process (PID=3305) to work on /opt/airflow/dags/external_task_sensor/external_task_sensor_parent_dag2.py
[2022-07-30 17:05:27,410] {processor.py:641} INFO - Processing file /opt/airflow/dags/external_task_sensor/external_task_sensor_parent_dag2.py for tasks to queue
[2022-07-30 17:05:27,410] {logging_mixin.py:115} INFO - [2022-07-30 17:05:27,410] {dagbag.py:507} INFO - Filling up the DagBag from /opt/airflow/dags/external_task_sensor/external_task_sensor_parent_dag2.py
[2022-07-30 17:05:27,419] {processor.py:651} INFO - DAG(s) dict_keys(['external_sensor_parent_dag_http']) retrieved from /opt/airflow/dags/external_task_sensor/external_task_sensor_parent_dag2.py
[2022-07-30 17:05:27,466] {logging_mixin.py:115} INFO - [2022-07-30 17:05:27,466] {dag.py:2379} INFO - Sync 1 DAGs
[2022-07-30 17:05:27,506] {logging_mixin.py:115} INFO - [2022-07-30 17:05:27,506] {dag.py:2931} INFO - Setting next_dagrun for external_sensor_parent_dag_http to 2022-07-29T00:00:00+00:00, run_after=2022-07-30T00:00:00+00:00
[2022-07-30 17:05:27,536] {processor.py:161} INFO - Processing /opt/airflow/dags/external_task_sensor/external_task_sensor_parent_dag2.py took 0.131 seconds
[2022-07-30 17:05:57,596] {processor.py:153} INFO - Started process (PID=3384) to work on /opt/airflow/dags/external_task_sensor/external_task_sensor_parent_dag2.py
[2022-07-30 17:05:57,596] {processor.py:641} INFO - Processing file /opt/airflow/dags/external_task_sensor/external_task_sensor_parent_dag2.py for tasks to queue
[2022-07-30 17:05:57,597] {logging_mixin.py:115} INFO - [2022-07-30 17:05:57,597] {dagbag.py:507} INFO - Filling up the DagBag from /opt/airflow/dags/external_task_sensor/external_task_sensor_parent_dag2.py
[2022-07-30 17:05:57,618] {processor.py:651} INFO - DAG(s) dict_keys(['external_sensor_parent_dag_http']) retrieved from /opt/airflow/dags/external_task_sensor/external_task_sensor_parent_dag2.py
[2022-07-30 17:05:57,672] {logging_mixin.py:115} INFO - [2022-07-30 17:05:57,672] {dag.py:2379} INFO - Sync 1 DAGs
[2022-07-30 17:05:57,746] {logging_mixin.py:115} INFO - [2022-07-30 17:05:57,746] {dag.py:2931} INFO - Setting next_dagrun for external_sensor_parent_dag_http to 2022-07-29T00:00:00+00:00, run_after=2022-07-30T00:00:00+00:00
[2022-07-30 17:05:57,768] {processor.py:161} INFO - Processing /opt/airflow/dags/external_task_sensor/external_task_sensor_parent_dag2.py took 0.180 seconds
[2022-07-30 17:06:28,419] {processor.py:153} INFO - Started process (PID=3466) to work on /opt/airflow/dags/external_task_sensor/external_task_sensor_parent_dag2.py
[2022-07-30 17:06:28,428] {processor.py:641} INFO - Processing file /opt/airflow/dags/external_task_sensor/external_task_sensor_parent_dag2.py for tasks to queue
[2022-07-30 17:06:28,429] {logging_mixin.py:115} INFO - [2022-07-30 17:06:28,428] {dagbag.py:507} INFO - Filling up the DagBag from /opt/airflow/dags/external_task_sensor/external_task_sensor_parent_dag2.py
[2022-07-30 17:06:28,437] {processor.py:651} INFO - DAG(s) dict_keys(['external_sensor_parent_dag_http']) retrieved from /opt/airflow/dags/external_task_sensor/external_task_sensor_parent_dag2.py
[2022-07-30 17:06:28,491] {logging_mixin.py:115} INFO - [2022-07-30 17:06:28,491] {dag.py:2379} INFO - Sync 1 DAGs
[2022-07-30 17:06:28,594] {logging_mixin.py:115} INFO - [2022-07-30 17:06:28,594] {dag.py:2931} INFO - Setting next_dagrun for external_sensor_parent_dag_http to 2022-07-29T00:00:00+00:00, run_after=2022-07-30T00:00:00+00:00
[2022-07-30 17:06:28,627] {processor.py:161} INFO - Processing /opt/airflow/dags/external_task_sensor/external_task_sensor_parent_dag2.py took 0.212 seconds
[2022-07-30 17:06:59,292] {processor.py:153} INFO - Started process (PID=3541) to work on /opt/airflow/dags/external_task_sensor/external_task_sensor_parent_dag2.py
[2022-07-30 17:06:59,292] {processor.py:641} INFO - Processing file /opt/airflow/dags/external_task_sensor/external_task_sensor_parent_dag2.py for tasks to queue
[2022-07-30 17:06:59,293] {logging_mixin.py:115} INFO - [2022-07-30 17:06:59,293] {dagbag.py:507} INFO - Filling up the DagBag from /opt/airflow/dags/external_task_sensor/external_task_sensor_parent_dag2.py
[2022-07-30 17:06:59,314] {processor.py:651} INFO - DAG(s) dict_keys(['external_sensor_parent_dag_http']) retrieved from /opt/airflow/dags/external_task_sensor/external_task_sensor_parent_dag2.py
[2022-07-30 17:06:59,369] {logging_mixin.py:115} INFO - [2022-07-30 17:06:59,369] {dag.py:2379} INFO - Sync 1 DAGs
[2022-07-30 17:06:59,432] {logging_mixin.py:115} INFO - [2022-07-30 17:06:59,432] {dag.py:2931} INFO - Setting next_dagrun for external_sensor_parent_dag_http to 2022-07-29T00:00:00+00:00, run_after=2022-07-30T00:00:00+00:00
[2022-07-30 17:06:59,471] {processor.py:161} INFO - Processing /opt/airflow/dags/external_task_sensor/external_task_sensor_parent_dag2.py took 0.183 seconds
[2022-07-30 17:07:29,778] {processor.py:153} INFO - Started process (PID=3622) to work on /opt/airflow/dags/external_task_sensor/external_task_sensor_parent_dag2.py
[2022-07-30 17:07:29,779] {processor.py:641} INFO - Processing file /opt/airflow/dags/external_task_sensor/external_task_sensor_parent_dag2.py for tasks to queue
[2022-07-30 17:07:29,779] {logging_mixin.py:115} INFO - [2022-07-30 17:07:29,779] {dagbag.py:507} INFO - Filling up the DagBag from /opt/airflow/dags/external_task_sensor/external_task_sensor_parent_dag2.py
[2022-07-30 17:07:29,803] {processor.py:651} INFO - DAG(s) dict_keys(['external_sensor_parent_dag_http']) retrieved from /opt/airflow/dags/external_task_sensor/external_task_sensor_parent_dag2.py
[2022-07-30 17:07:29,858] {logging_mixin.py:115} INFO - [2022-07-30 17:07:29,858] {dag.py:2379} INFO - Sync 1 DAGs
[2022-07-30 17:07:29,892] {logging_mixin.py:115} INFO - [2022-07-30 17:07:29,892] {dag.py:2931} INFO - Setting next_dagrun for external_sensor_parent_dag_http to 2022-07-29T00:00:00+00:00, run_after=2022-07-30T00:00:00+00:00
[2022-07-30 17:07:29,908] {processor.py:161} INFO - Processing /opt/airflow/dags/external_task_sensor/external_task_sensor_parent_dag2.py took 0.134 seconds
[2022-07-30 17:08:00,255] {processor.py:153} INFO - Started process (PID=3696) to work on /opt/airflow/dags/external_task_sensor/external_task_sensor_parent_dag2.py
[2022-07-30 17:08:00,259] {processor.py:641} INFO - Processing file /opt/airflow/dags/external_task_sensor/external_task_sensor_parent_dag2.py for tasks to queue
[2022-07-30 17:08:00,260] {logging_mixin.py:115} INFO - [2022-07-30 17:08:00,260] {dagbag.py:507} INFO - Filling up the DagBag from /opt/airflow/dags/external_task_sensor/external_task_sensor_parent_dag2.py
[2022-07-30 17:08:00,276] {processor.py:651} INFO - DAG(s) dict_keys(['external_sensor_parent_dag_http']) retrieved from /opt/airflow/dags/external_task_sensor/external_task_sensor_parent_dag2.py
[2022-07-30 17:08:00,327] {logging_mixin.py:115} INFO - [2022-07-30 17:08:00,327] {dag.py:2379} INFO - Sync 1 DAGs
[2022-07-30 17:08:00,364] {logging_mixin.py:115} INFO - [2022-07-30 17:08:00,364] {dag.py:2931} INFO - Setting next_dagrun for external_sensor_parent_dag_http to 2022-07-29T00:00:00+00:00, run_after=2022-07-30T00:00:00+00:00
[2022-07-30 17:08:00,387] {processor.py:161} INFO - Processing /opt/airflow/dags/external_task_sensor/external_task_sensor_parent_dag2.py took 0.136 seconds
[2022-07-30 17:08:30,522] {processor.py:153} INFO - Started process (PID=3772) to work on /opt/airflow/dags/external_task_sensor/external_task_sensor_parent_dag2.py
[2022-07-30 17:08:30,522] {processor.py:641} INFO - Processing file /opt/airflow/dags/external_task_sensor/external_task_sensor_parent_dag2.py for tasks to queue
[2022-07-30 17:08:30,523] {logging_mixin.py:115} INFO - [2022-07-30 17:08:30,523] {dagbag.py:507} INFO - Filling up the DagBag from /opt/airflow/dags/external_task_sensor/external_task_sensor_parent_dag2.py
[2022-07-30 17:08:30,531] {processor.py:651} INFO - DAG(s) dict_keys(['external_sensor_parent_dag_http']) retrieved from /opt/airflow/dags/external_task_sensor/external_task_sensor_parent_dag2.py
[2022-07-30 17:08:30,568] {logging_mixin.py:115} INFO - [2022-07-30 17:08:30,568] {dag.py:2379} INFO - Sync 1 DAGs
[2022-07-30 17:08:30,619] {logging_mixin.py:115} INFO - [2022-07-30 17:08:30,618] {dag.py:2931} INFO - Setting next_dagrun for external_sensor_parent_dag_http to 2022-07-29T00:00:00+00:00, run_after=2022-07-30T00:00:00+00:00
[2022-07-30 17:08:30,649] {processor.py:161} INFO - Processing /opt/airflow/dags/external_task_sensor/external_task_sensor_parent_dag2.py took 0.131 seconds
[2022-07-30 17:09:00,899] {processor.py:153} INFO - Started process (PID=3857) to work on /opt/airflow/dags/external_task_sensor/external_task_sensor_parent_dag2.py
[2022-07-30 17:09:00,904] {processor.py:641} INFO - Processing file /opt/airflow/dags/external_task_sensor/external_task_sensor_parent_dag2.py for tasks to queue
[2022-07-30 17:09:00,905] {logging_mixin.py:115} INFO - [2022-07-30 17:09:00,905] {dagbag.py:507} INFO - Filling up the DagBag from /opt/airflow/dags/external_task_sensor/external_task_sensor_parent_dag2.py
[2022-07-30 17:09:00,915] {processor.py:651} INFO - DAG(s) dict_keys(['external_sensor_parent_dag_http']) retrieved from /opt/airflow/dags/external_task_sensor/external_task_sensor_parent_dag2.py
[2022-07-30 17:09:00,955] {logging_mixin.py:115} INFO - [2022-07-30 17:09:00,955] {dag.py:2379} INFO - Sync 1 DAGs
[2022-07-30 17:09:00,989] {logging_mixin.py:115} INFO - [2022-07-30 17:09:00,989] {dag.py:2931} INFO - Setting next_dagrun for external_sensor_parent_dag_http to 2022-07-29T00:00:00+00:00, run_after=2022-07-30T00:00:00+00:00
[2022-07-30 17:09:01,009] {processor.py:161} INFO - Processing /opt/airflow/dags/external_task_sensor/external_task_sensor_parent_dag2.py took 0.121 seconds
[2022-07-30 17:09:32,447] {processor.py:153} INFO - Started process (PID=3935) to work on /opt/airflow/dags/external_task_sensor/external_task_sensor_parent_dag2.py
[2022-07-30 17:09:32,447] {processor.py:641} INFO - Processing file /opt/airflow/dags/external_task_sensor/external_task_sensor_parent_dag2.py for tasks to queue
[2022-07-30 17:09:32,448] {logging_mixin.py:115} INFO - [2022-07-30 17:09:32,448] {dagbag.py:507} INFO - Filling up the DagBag from /opt/airflow/dags/external_task_sensor/external_task_sensor_parent_dag2.py
[2022-07-30 17:09:32,469] {processor.py:651} INFO - DAG(s) dict_keys(['external_sensor_parent_dag_http']) retrieved from /opt/airflow/dags/external_task_sensor/external_task_sensor_parent_dag2.py
[2022-07-30 17:09:32,532] {logging_mixin.py:115} INFO - [2022-07-30 17:09:32,532] {dag.py:2379} INFO - Sync 1 DAGs
[2022-07-30 17:09:32,591] {logging_mixin.py:115} INFO - [2022-07-30 17:09:32,591] {dag.py:2931} INFO - Setting next_dagrun for external_sensor_parent_dag_http to 2022-07-29T00:00:00+00:00, run_after=2022-07-30T00:00:00+00:00
[2022-07-30 17:09:32,811] {processor.py:161} INFO - Processing /opt/airflow/dags/external_task_sensor/external_task_sensor_parent_dag2.py took 0.377 seconds
[2022-07-30 17:10:02,952] {processor.py:153} INFO - Started process (PID=4012) to work on /opt/airflow/dags/external_task_sensor/external_task_sensor_parent_dag2.py
[2022-07-30 17:10:02,953] {processor.py:641} INFO - Processing file /opt/airflow/dags/external_task_sensor/external_task_sensor_parent_dag2.py for tasks to queue
[2022-07-30 17:10:02,954] {logging_mixin.py:115} INFO - [2022-07-30 17:10:02,954] {dagbag.py:507} INFO - Filling up the DagBag from /opt/airflow/dags/external_task_sensor/external_task_sensor_parent_dag2.py
[2022-07-30 17:10:02,962] {processor.py:651} INFO - DAG(s) dict_keys(['external_sensor_parent_dag_http']) retrieved from /opt/airflow/dags/external_task_sensor/external_task_sensor_parent_dag2.py
[2022-07-30 17:10:03,004] {logging_mixin.py:115} INFO - [2022-07-30 17:10:03,004] {dag.py:2379} INFO - Sync 1 DAGs
[2022-07-30 17:10:03,043] {logging_mixin.py:115} INFO - [2022-07-30 17:10:03,043] {dag.py:2931} INFO - Setting next_dagrun for external_sensor_parent_dag_http to 2022-07-29T00:00:00+00:00, run_after=2022-07-30T00:00:00+00:00
[2022-07-30 17:10:03,234] {processor.py:161} INFO - Processing /opt/airflow/dags/external_task_sensor/external_task_sensor_parent_dag2.py took 0.286 seconds
[2022-07-30 17:10:34,683] {processor.py:153} INFO - Started process (PID=4100) to work on /opt/airflow/dags/external_task_sensor/external_task_sensor_parent_dag2.py
[2022-07-30 17:10:34,684] {processor.py:641} INFO - Processing file /opt/airflow/dags/external_task_sensor/external_task_sensor_parent_dag2.py for tasks to queue
[2022-07-30 17:10:34,684] {logging_mixin.py:115} INFO - [2022-07-30 17:10:34,684] {dagbag.py:507} INFO - Filling up the DagBag from /opt/airflow/dags/external_task_sensor/external_task_sensor_parent_dag2.py
[2022-07-30 17:10:34,692] {processor.py:651} INFO - DAG(s) dict_keys(['external_sensor_parent_dag_http']) retrieved from /opt/airflow/dags/external_task_sensor/external_task_sensor_parent_dag2.py
[2022-07-30 17:10:34,753] {logging_mixin.py:115} INFO - [2022-07-30 17:10:34,753] {dag.py:2379} INFO - Sync 1 DAGs
[2022-07-30 17:10:34,791] {logging_mixin.py:115} INFO - [2022-07-30 17:10:34,790] {dag.py:2931} INFO - Setting next_dagrun for external_sensor_parent_dag_http to 2022-07-29T00:00:00+00:00, run_after=2022-07-30T00:00:00+00:00
[2022-07-30 17:10:34,980] {processor.py:161} INFO - Processing /opt/airflow/dags/external_task_sensor/external_task_sensor_parent_dag2.py took 0.300 seconds
[2022-07-30 17:11:05,063] {processor.py:153} INFO - Started process (PID=4176) to work on /opt/airflow/dags/external_task_sensor/external_task_sensor_parent_dag2.py
[2022-07-30 17:11:05,064] {processor.py:641} INFO - Processing file /opt/airflow/dags/external_task_sensor/external_task_sensor_parent_dag2.py for tasks to queue
[2022-07-30 17:11:05,064] {logging_mixin.py:115} INFO - [2022-07-30 17:11:05,064] {dagbag.py:507} INFO - Filling up the DagBag from /opt/airflow/dags/external_task_sensor/external_task_sensor_parent_dag2.py
[2022-07-30 17:11:05,072] {processor.py:651} INFO - DAG(s) dict_keys(['external_sensor_parent_dag_http']) retrieved from /opt/airflow/dags/external_task_sensor/external_task_sensor_parent_dag2.py
[2022-07-30 17:11:05,101] {logging_mixin.py:115} INFO - [2022-07-30 17:11:05,101] {dag.py:2379} INFO - Sync 1 DAGs
[2022-07-30 17:11:05,135] {logging_mixin.py:115} INFO - [2022-07-30 17:11:05,135] {dag.py:2931} INFO - Setting next_dagrun for external_sensor_parent_dag_http to 2022-07-29T00:00:00+00:00, run_after=2022-07-30T00:00:00+00:00
[2022-07-30 17:11:05,326] {processor.py:161} INFO - Processing /opt/airflow/dags/external_task_sensor/external_task_sensor_parent_dag2.py took 0.267 seconds
[2022-07-30 17:11:36,511] {processor.py:153} INFO - Started process (PID=4250) to work on /opt/airflow/dags/external_task_sensor/external_task_sensor_parent_dag2.py
[2022-07-30 17:11:36,512] {processor.py:641} INFO - Processing file /opt/airflow/dags/external_task_sensor/external_task_sensor_parent_dag2.py for tasks to queue
[2022-07-30 17:11:36,512] {logging_mixin.py:115} INFO - [2022-07-30 17:11:36,512] {dagbag.py:507} INFO - Filling up the DagBag from /opt/airflow/dags/external_task_sensor/external_task_sensor_parent_dag2.py
[2022-07-30 17:11:36,545] {processor.py:651} INFO - DAG(s) dict_keys(['external_sensor_parent_dag_http']) retrieved from /opt/airflow/dags/external_task_sensor/external_task_sensor_parent_dag2.py
[2022-07-30 17:11:36,628] {logging_mixin.py:115} INFO - [2022-07-30 17:11:36,628] {dag.py:2379} INFO - Sync 1 DAGs
[2022-07-30 17:11:36,723] {logging_mixin.py:115} INFO - [2022-07-30 17:11:36,723] {dag.py:2931} INFO - Setting next_dagrun for external_sensor_parent_dag_http to 2022-07-29T00:00:00+00:00, run_after=2022-07-30T00:00:00+00:00
[2022-07-30 17:11:37,267] {processor.py:161} INFO - Processing /opt/airflow/dags/external_task_sensor/external_task_sensor_parent_dag2.py took 0.776 seconds
[2022-07-30 17:12:09,662] {processor.py:153} INFO - Started process (PID=4333) to work on /opt/airflow/dags/external_task_sensor/external_task_sensor_parent_dag2.py
[2022-07-30 17:12:09,674] {processor.py:641} INFO - Processing file /opt/airflow/dags/external_task_sensor/external_task_sensor_parent_dag2.py for tasks to queue
[2022-07-30 17:12:09,675] {logging_mixin.py:115} INFO - [2022-07-30 17:12:09,675] {dagbag.py:507} INFO - Filling up the DagBag from /opt/airflow/dags/external_task_sensor/external_task_sensor_parent_dag2.py
[2022-07-30 17:12:09,694] {processor.py:651} INFO - DAG(s) dict_keys(['external_sensor_parent_dag_http']) retrieved from /opt/airflow/dags/external_task_sensor/external_task_sensor_parent_dag2.py
[2022-07-30 17:12:09,752] {logging_mixin.py:115} INFO - [2022-07-30 17:12:09,752] {dag.py:2379} INFO - Sync 1 DAGs
[2022-07-30 17:12:09,807] {logging_mixin.py:115} INFO - [2022-07-30 17:12:09,807] {dag.py:2931} INFO - Setting next_dagrun for external_sensor_parent_dag_http to 2022-07-29T00:00:00+00:00, run_after=2022-07-30T00:00:00+00:00
[2022-07-30 17:12:10,030] {processor.py:161} INFO - Processing /opt/airflow/dags/external_task_sensor/external_task_sensor_parent_dag2.py took 0.373 seconds
[2022-07-30 17:12:40,191] {processor.py:153} INFO - Started process (PID=4405) to work on /opt/airflow/dags/external_task_sensor/external_task_sensor_parent_dag2.py
[2022-07-30 17:12:40,191] {processor.py:641} INFO - Processing file /opt/airflow/dags/external_task_sensor/external_task_sensor_parent_dag2.py for tasks to queue
[2022-07-30 17:12:40,196] {logging_mixin.py:115} INFO - [2022-07-30 17:12:40,196] {dagbag.py:507} INFO - Filling up the DagBag from /opt/airflow/dags/external_task_sensor/external_task_sensor_parent_dag2.py
[2022-07-30 17:12:40,208] {processor.py:651} INFO - DAG(s) dict_keys(['external_sensor_parent_dag_http']) retrieved from /opt/airflow/dags/external_task_sensor/external_task_sensor_parent_dag2.py
[2022-07-30 17:12:40,247] {logging_mixin.py:115} INFO - [2022-07-30 17:12:40,246] {dag.py:2379} INFO - Sync 1 DAGs
[2022-07-30 17:12:40,281] {logging_mixin.py:115} INFO - [2022-07-30 17:12:40,281] {dag.py:2931} INFO - Setting next_dagrun for external_sensor_parent_dag_http to 2022-07-29T00:00:00+00:00, run_after=2022-07-30T00:00:00+00:00
[2022-07-30 17:12:40,470] {processor.py:161} INFO - Processing /opt/airflow/dags/external_task_sensor/external_task_sensor_parent_dag2.py took 0.283 seconds
[2022-07-30 17:13:14,115] {processor.py:153} INFO - Started process (PID=4490) to work on /opt/airflow/dags/external_task_sensor/external_task_sensor_parent_dag2.py
[2022-07-30 17:13:14,116] {processor.py:641} INFO - Processing file /opt/airflow/dags/external_task_sensor/external_task_sensor_parent_dag2.py for tasks to queue
[2022-07-30 17:13:14,117] {logging_mixin.py:115} INFO - [2022-07-30 17:13:14,117] {dagbag.py:507} INFO - Filling up the DagBag from /opt/airflow/dags/external_task_sensor/external_task_sensor_parent_dag2.py
[2022-07-30 17:13:14,147] {processor.py:651} INFO - DAG(s) dict_keys(['external_sensor_parent_dag_http']) retrieved from /opt/airflow/dags/external_task_sensor/external_task_sensor_parent_dag2.py
[2022-07-30 17:13:14,214] {logging_mixin.py:115} INFO - [2022-07-30 17:13:14,214] {dag.py:2379} INFO - Sync 1 DAGs
[2022-07-30 17:13:14,267] {logging_mixin.py:115} INFO - [2022-07-30 17:13:14,267] {dag.py:2931} INFO - Setting next_dagrun for external_sensor_parent_dag_http to 2022-07-29T00:00:00+00:00, run_after=2022-07-30T00:00:00+00:00
[2022-07-30 17:13:14,620] {processor.py:161} INFO - Processing /opt/airflow/dags/external_task_sensor/external_task_sensor_parent_dag2.py took 0.514 seconds
[2022-07-30 17:13:45,060] {processor.py:153} INFO - Started process (PID=4563) to work on /opt/airflow/dags/external_task_sensor/external_task_sensor_parent_dag2.py
[2022-07-30 17:13:45,061] {processor.py:641} INFO - Processing file /opt/airflow/dags/external_task_sensor/external_task_sensor_parent_dag2.py for tasks to queue
[2022-07-30 17:13:45,062] {logging_mixin.py:115} INFO - [2022-07-30 17:13:45,062] {dagbag.py:507} INFO - Filling up the DagBag from /opt/airflow/dags/external_task_sensor/external_task_sensor_parent_dag2.py
[2022-07-30 17:13:45,071] {processor.py:651} INFO - DAG(s) dict_keys(['external_sensor_parent_dag_http']) retrieved from /opt/airflow/dags/external_task_sensor/external_task_sensor_parent_dag2.py
[2022-07-30 17:13:45,103] {logging_mixin.py:115} INFO - [2022-07-30 17:13:45,103] {dag.py:2379} INFO - Sync 1 DAGs
[2022-07-30 17:13:45,138] {logging_mixin.py:115} INFO - [2022-07-30 17:13:45,138] {dag.py:2931} INFO - Setting next_dagrun for external_sensor_parent_dag_http to 2022-07-29T00:00:00+00:00, run_after=2022-07-30T00:00:00+00:00
[2022-07-30 17:13:45,337] {processor.py:161} INFO - Processing /opt/airflow/dags/external_task_sensor/external_task_sensor_parent_dag2.py took 0.286 seconds
[2022-07-30 17:14:15,587] {processor.py:153} INFO - Started process (PID=4635) to work on /opt/airflow/dags/external_task_sensor/external_task_sensor_parent_dag2.py
[2022-07-30 17:14:15,588] {processor.py:641} INFO - Processing file /opt/airflow/dags/external_task_sensor/external_task_sensor_parent_dag2.py for tasks to queue
[2022-07-30 17:14:15,588] {logging_mixin.py:115} INFO - [2022-07-30 17:14:15,588] {dagbag.py:507} INFO - Filling up the DagBag from /opt/airflow/dags/external_task_sensor/external_task_sensor_parent_dag2.py
[2022-07-30 17:14:15,602] {processor.py:651} INFO - DAG(s) dict_keys(['external_sensor_parent_dag_http']) retrieved from /opt/airflow/dags/external_task_sensor/external_task_sensor_parent_dag2.py
[2022-07-30 17:14:15,640] {logging_mixin.py:115} INFO - [2022-07-30 17:14:15,640] {dag.py:2379} INFO - Sync 1 DAGs
[2022-07-30 17:14:15,695] {logging_mixin.py:115} INFO - [2022-07-30 17:14:15,695] {dag.py:2931} INFO - Setting next_dagrun for external_sensor_parent_dag_http to 2022-07-29T00:00:00+00:00, run_after=2022-07-30T00:00:00+00:00
[2022-07-30 17:14:15,744] {processor.py:161} INFO - Processing /opt/airflow/dags/external_task_sensor/external_task_sensor_parent_dag2.py took 0.161 seconds
[2022-07-30 17:14:46,036] {processor.py:153} INFO - Started process (PID=4707) to work on /opt/airflow/dags/external_task_sensor/external_task_sensor_parent_dag2.py
[2022-07-30 17:14:46,037] {processor.py:641} INFO - Processing file /opt/airflow/dags/external_task_sensor/external_task_sensor_parent_dag2.py for tasks to queue
[2022-07-30 17:14:46,038] {logging_mixin.py:115} INFO - [2022-07-30 17:14:46,038] {dagbag.py:507} INFO - Filling up the DagBag from /opt/airflow/dags/external_task_sensor/external_task_sensor_parent_dag2.py
[2022-07-30 17:14:46,046] {processor.py:651} INFO - DAG(s) dict_keys(['external_sensor_parent_dag_http']) retrieved from /opt/airflow/dags/external_task_sensor/external_task_sensor_parent_dag2.py
[2022-07-30 17:14:46,113] {logging_mixin.py:115} INFO - [2022-07-30 17:14:46,113] {dag.py:2379} INFO - Sync 1 DAGs
[2022-07-30 17:14:46,169] {logging_mixin.py:115} INFO - [2022-07-30 17:14:46,169] {dag.py:2931} INFO - Setting next_dagrun for external_sensor_parent_dag_http to 2022-07-29T00:00:00+00:00, run_after=2022-07-30T00:00:00+00:00
[2022-07-30 17:14:46,209] {processor.py:161} INFO - Processing /opt/airflow/dags/external_task_sensor/external_task_sensor_parent_dag2.py took 0.177 seconds
[2022-07-30 17:15:17,119] {processor.py:153} INFO - Started process (PID=4787) to work on /opt/airflow/dags/external_task_sensor/external_task_sensor_parent_dag2.py
[2022-07-30 17:15:17,144] {processor.py:641} INFO - Processing file /opt/airflow/dags/external_task_sensor/external_task_sensor_parent_dag2.py for tasks to queue
[2022-07-30 17:15:17,145] {logging_mixin.py:115} INFO - [2022-07-30 17:15:17,144] {dagbag.py:507} INFO - Filling up the DagBag from /opt/airflow/dags/external_task_sensor/external_task_sensor_parent_dag2.py
[2022-07-30 17:15:17,178] {processor.py:651} INFO - DAG(s) dict_keys(['external_sensor_parent_dag_http']) retrieved from /opt/airflow/dags/external_task_sensor/external_task_sensor_parent_dag2.py
[2022-07-30 17:15:17,264] {logging_mixin.py:115} INFO - [2022-07-30 17:15:17,264] {dag.py:2379} INFO - Sync 1 DAGs
[2022-07-30 17:15:17,359] {logging_mixin.py:115} INFO - [2022-07-30 17:15:17,359] {dag.py:2931} INFO - Setting next_dagrun for external_sensor_parent_dag_http to 2022-07-29T00:00:00+00:00, run_after=2022-07-30T00:00:00+00:00
[2022-07-30 17:15:17,412] {processor.py:161} INFO - Processing /opt/airflow/dags/external_task_sensor/external_task_sensor_parent_dag2.py took 0.296 seconds
[2022-07-30 17:15:48,245] {processor.py:153} INFO - Started process (PID=4865) to work on /opt/airflow/dags/external_task_sensor/external_task_sensor_parent_dag2.py
[2022-07-30 17:15:48,245] {processor.py:641} INFO - Processing file /opt/airflow/dags/external_task_sensor/external_task_sensor_parent_dag2.py for tasks to queue
[2022-07-30 17:15:48,246] {logging_mixin.py:115} INFO - [2022-07-30 17:15:48,246] {dagbag.py:507} INFO - Filling up the DagBag from /opt/airflow/dags/external_task_sensor/external_task_sensor_parent_dag2.py
[2022-07-30 17:15:48,260] {processor.py:651} INFO - DAG(s) dict_keys(['external_sensor_parent_dag_http']) retrieved from /opt/airflow/dags/external_task_sensor/external_task_sensor_parent_dag2.py
[2022-07-30 17:15:48,302] {logging_mixin.py:115} INFO - [2022-07-30 17:15:48,301] {dag.py:2379} INFO - Sync 1 DAGs
[2022-07-30 17:15:48,372] {logging_mixin.py:115} INFO - [2022-07-30 17:15:48,372] {dag.py:2931} INFO - Setting next_dagrun for external_sensor_parent_dag_http to 2022-07-29T00:00:00+00:00, run_after=2022-07-30T00:00:00+00:00
[2022-07-30 17:15:48,397] {processor.py:161} INFO - Processing /opt/airflow/dags/external_task_sensor/external_task_sensor_parent_dag2.py took 0.159 seconds
[2022-07-30 17:16:18,733] {processor.py:153} INFO - Started process (PID=4938) to work on /opt/airflow/dags/external_task_sensor/external_task_sensor_parent_dag2.py
[2022-07-30 17:16:18,734] {processor.py:641} INFO - Processing file /opt/airflow/dags/external_task_sensor/external_task_sensor_parent_dag2.py for tasks to queue
[2022-07-30 17:16:18,735] {logging_mixin.py:115} INFO - [2022-07-30 17:16:18,734] {dagbag.py:507} INFO - Filling up the DagBag from /opt/airflow/dags/external_task_sensor/external_task_sensor_parent_dag2.py
[2022-07-30 17:16:18,751] {processor.py:651} INFO - DAG(s) dict_keys(['external_sensor_parent_dag_http']) retrieved from /opt/airflow/dags/external_task_sensor/external_task_sensor_parent_dag2.py
[2022-07-30 17:16:18,781] {logging_mixin.py:115} INFO - [2022-07-30 17:16:18,781] {dag.py:2379} INFO - Sync 1 DAGs
[2022-07-30 17:16:18,814] {logging_mixin.py:115} INFO - [2022-07-30 17:16:18,814] {dag.py:2931} INFO - Setting next_dagrun for external_sensor_parent_dag_http to 2022-07-29T00:00:00+00:00, run_after=2022-07-30T00:00:00+00:00
[2022-07-30 17:16:18,827] {processor.py:161} INFO - Processing /opt/airflow/dags/external_task_sensor/external_task_sensor_parent_dag2.py took 0.098 seconds
[2022-07-30 17:16:49,775] {processor.py:153} INFO - Started process (PID=5025) to work on /opt/airflow/dags/external_task_sensor/external_task_sensor_parent_dag2.py
[2022-07-30 17:16:49,798] {processor.py:641} INFO - Processing file /opt/airflow/dags/external_task_sensor/external_task_sensor_parent_dag2.py for tasks to queue
[2022-07-30 17:16:49,799] {logging_mixin.py:115} INFO - [2022-07-30 17:16:49,798] {dagbag.py:507} INFO - Filling up the DagBag from /opt/airflow/dags/external_task_sensor/external_task_sensor_parent_dag2.py
[2022-07-30 17:16:49,847] {processor.py:651} INFO - DAG(s) dict_keys(['external_sensor_parent_dag_http']) retrieved from /opt/airflow/dags/external_task_sensor/external_task_sensor_parent_dag2.py
[2022-07-30 17:16:49,948] {logging_mixin.py:115} INFO - [2022-07-30 17:16:49,948] {dag.py:2379} INFO - Sync 1 DAGs
[2022-07-30 17:16:50,046] {logging_mixin.py:115} INFO - [2022-07-30 17:16:50,046] {dag.py:2931} INFO - Setting next_dagrun for external_sensor_parent_dag_http to 2022-07-29T00:00:00+00:00, run_after=2022-07-30T00:00:00+00:00
[2022-07-30 17:16:50,100] {processor.py:161} INFO - Processing /opt/airflow/dags/external_task_sensor/external_task_sensor_parent_dag2.py took 0.328 seconds
[2022-07-30 17:17:20,636] {processor.py:153} INFO - Started process (PID=5096) to work on /opt/airflow/dags/external_task_sensor/external_task_sensor_parent_dag2.py
[2022-07-30 17:17:20,637] {processor.py:641} INFO - Processing file /opt/airflow/dags/external_task_sensor/external_task_sensor_parent_dag2.py for tasks to queue
[2022-07-30 17:17:20,637] {logging_mixin.py:115} INFO - [2022-07-30 17:17:20,637] {dagbag.py:507} INFO - Filling up the DagBag from /opt/airflow/dags/external_task_sensor/external_task_sensor_parent_dag2.py
[2022-07-30 17:17:20,647] {processor.py:651} INFO - DAG(s) dict_keys(['external_sensor_parent_dag_http']) retrieved from /opt/airflow/dags/external_task_sensor/external_task_sensor_parent_dag2.py
[2022-07-30 17:17:20,682] {logging_mixin.py:115} INFO - [2022-07-30 17:17:20,682] {dag.py:2379} INFO - Sync 1 DAGs
[2022-07-30 17:17:20,724] {logging_mixin.py:115} INFO - [2022-07-30 17:17:20,724] {dag.py:2931} INFO - Setting next_dagrun for external_sensor_parent_dag_http to 2022-07-29T00:00:00+00:00, run_after=2022-07-30T00:00:00+00:00
[2022-07-30 17:17:20,739] {processor.py:161} INFO - Processing /opt/airflow/dags/external_task_sensor/external_task_sensor_parent_dag2.py took 0.107 seconds
[2022-07-30 17:17:51,466] {processor.py:153} INFO - Started process (PID=5174) to work on /opt/airflow/dags/external_task_sensor/external_task_sensor_parent_dag2.py
[2022-07-30 17:17:51,467] {processor.py:641} INFO - Processing file /opt/airflow/dags/external_task_sensor/external_task_sensor_parent_dag2.py for tasks to queue
[2022-07-30 17:17:51,467] {logging_mixin.py:115} INFO - [2022-07-30 17:17:51,467] {dagbag.py:507} INFO - Filling up the DagBag from /opt/airflow/dags/external_task_sensor/external_task_sensor_parent_dag2.py
[2022-07-30 17:17:51,487] {processor.py:651} INFO - DAG(s) dict_keys(['external_sensor_parent_dag_http']) retrieved from /opt/airflow/dags/external_task_sensor/external_task_sensor_parent_dag2.py
[2022-07-30 17:17:51,542] {logging_mixin.py:115} INFO - [2022-07-30 17:17:51,541] {dag.py:2379} INFO - Sync 1 DAGs
[2022-07-30 17:17:51,576] {logging_mixin.py:115} INFO - [2022-07-30 17:17:51,576] {dag.py:2931} INFO - Setting next_dagrun for external_sensor_parent_dag_http to 2022-07-29T00:00:00+00:00, run_after=2022-07-30T00:00:00+00:00
[2022-07-30 17:17:51,600] {processor.py:161} INFO - Processing /opt/airflow/dags/external_task_sensor/external_task_sensor_parent_dag2.py took 0.138 seconds
[2022-07-30 17:18:22,133] {processor.py:153} INFO - Started process (PID=5261) to work on /opt/airflow/dags/external_task_sensor/external_task_sensor_parent_dag2.py
[2022-07-30 17:18:22,134] {processor.py:641} INFO - Processing file /opt/airflow/dags/external_task_sensor/external_task_sensor_parent_dag2.py for tasks to queue
[2022-07-30 17:18:22,134] {logging_mixin.py:115} INFO - [2022-07-30 17:18:22,134] {dagbag.py:507} INFO - Filling up the DagBag from /opt/airflow/dags/external_task_sensor/external_task_sensor_parent_dag2.py
[2022-07-30 17:18:22,143] {processor.py:651} INFO - DAG(s) dict_keys(['external_sensor_parent_dag_http']) retrieved from /opt/airflow/dags/external_task_sensor/external_task_sensor_parent_dag2.py
[2022-07-30 17:18:22,175] {logging_mixin.py:115} INFO - [2022-07-30 17:18:22,174] {dag.py:2379} INFO - Sync 1 DAGs
[2022-07-30 17:18:22,209] {logging_mixin.py:115} INFO - [2022-07-30 17:18:22,209] {dag.py:2931} INFO - Setting next_dagrun for external_sensor_parent_dag_http to 2022-07-29T00:00:00+00:00, run_after=2022-07-30T00:00:00+00:00
[2022-07-30 17:18:22,224] {processor.py:161} INFO - Processing /opt/airflow/dags/external_task_sensor/external_task_sensor_parent_dag2.py took 0.094 seconds
[2022-07-30 17:18:52,585] {processor.py:153} INFO - Started process (PID=5338) to work on /opt/airflow/dags/external_task_sensor/external_task_sensor_parent_dag2.py
[2022-07-30 17:18:52,585] {processor.py:641} INFO - Processing file /opt/airflow/dags/external_task_sensor/external_task_sensor_parent_dag2.py for tasks to queue
[2022-07-30 17:18:52,586] {logging_mixin.py:115} INFO - [2022-07-30 17:18:52,586] {dagbag.py:507} INFO - Filling up the DagBag from /opt/airflow/dags/external_task_sensor/external_task_sensor_parent_dag2.py
[2022-07-30 17:18:52,596] {processor.py:651} INFO - DAG(s) dict_keys(['external_sensor_parent_dag_http']) retrieved from /opt/airflow/dags/external_task_sensor/external_task_sensor_parent_dag2.py
[2022-07-30 17:18:52,624] {logging_mixin.py:115} INFO - [2022-07-30 17:18:52,623] {dag.py:2379} INFO - Sync 1 DAGs
[2022-07-30 17:18:52,664] {logging_mixin.py:115} INFO - [2022-07-30 17:18:52,664] {dag.py:2931} INFO - Setting next_dagrun for external_sensor_parent_dag_http to 2022-07-29T00:00:00+00:00, run_after=2022-07-30T00:00:00+00:00
[2022-07-30 17:18:52,684] {processor.py:161} INFO - Processing /opt/airflow/dags/external_task_sensor/external_task_sensor_parent_dag2.py took 0.103 seconds
[2022-07-30 17:19:22,967] {processor.py:153} INFO - Started process (PID=5418) to work on /opt/airflow/dags/external_task_sensor/external_task_sensor_parent_dag2.py
[2022-07-30 17:19:22,976] {processor.py:641} INFO - Processing file /opt/airflow/dags/external_task_sensor/external_task_sensor_parent_dag2.py for tasks to queue
[2022-07-30 17:19:22,977] {logging_mixin.py:115} INFO - [2022-07-30 17:19:22,976] {dagbag.py:507} INFO - Filling up the DagBag from /opt/airflow/dags/external_task_sensor/external_task_sensor_parent_dag2.py
[2022-07-30 17:19:22,997] {processor.py:651} INFO - DAG(s) dict_keys(['external_sensor_parent_dag_http']) retrieved from /opt/airflow/dags/external_task_sensor/external_task_sensor_parent_dag2.py
[2022-07-30 17:19:23,056] {logging_mixin.py:115} INFO - [2022-07-30 17:19:23,056] {dag.py:2379} INFO - Sync 1 DAGs
[2022-07-30 17:19:23,123] {logging_mixin.py:115} INFO - [2022-07-30 17:19:23,123] {dag.py:2931} INFO - Setting next_dagrun for external_sensor_parent_dag_http to 2022-07-29T00:00:00+00:00, run_after=2022-07-30T00:00:00+00:00
[2022-07-30 17:19:23,169] {processor.py:161} INFO - Processing /opt/airflow/dags/external_task_sensor/external_task_sensor_parent_dag2.py took 0.206 seconds
[2022-07-30 17:19:53,586] {processor.py:153} INFO - Started process (PID=5497) to work on /opt/airflow/dags/external_task_sensor/external_task_sensor_parent_dag2.py
[2022-07-30 17:19:53,586] {processor.py:641} INFO - Processing file /opt/airflow/dags/external_task_sensor/external_task_sensor_parent_dag2.py for tasks to queue
[2022-07-30 17:19:53,587] {logging_mixin.py:115} INFO - [2022-07-30 17:19:53,587] {dagbag.py:507} INFO - Filling up the DagBag from /opt/airflow/dags/external_task_sensor/external_task_sensor_parent_dag2.py
[2022-07-30 17:19:53,596] {processor.py:651} INFO - DAG(s) dict_keys(['external_sensor_parent_dag_http']) retrieved from /opt/airflow/dags/external_task_sensor/external_task_sensor_parent_dag2.py
[2022-07-30 17:19:53,632] {logging_mixin.py:115} INFO - [2022-07-30 17:19:53,631] {dag.py:2379} INFO - Sync 1 DAGs
[2022-07-30 17:19:53,668] {logging_mixin.py:115} INFO - [2022-07-30 17:19:53,668] {dag.py:2931} INFO - Setting next_dagrun for external_sensor_parent_dag_http to 2022-07-29T00:00:00+00:00, run_after=2022-07-30T00:00:00+00:00
[2022-07-30 17:19:53,696] {processor.py:161} INFO - Processing /opt/airflow/dags/external_task_sensor/external_task_sensor_parent_dag2.py took 0.115 seconds
