[2022-07-30 16:39:52,454] {processor.py:153} INFO - Started process (PID=112) to work on /opt/airflow/dags/external_task_sensor/external_task_sensor_parent_dag1.py
[2022-07-30 16:39:52,454] {processor.py:641} INFO - Processing file /opt/airflow/dags/external_task_sensor/external_task_sensor_parent_dag1.py for tasks to queue
[2022-07-30 16:39:52,463] {logging_mixin.py:115} INFO - [2022-07-30 16:39:52,455] {dagbag.py:507} INFO - Filling up the DagBag from /opt/airflow/dags/external_task_sensor/external_task_sensor_parent_dag1.py
[2022-07-30 16:39:52,486] {processor.py:651} INFO - DAG(s) dict_keys(['external_sensor_parent_dag_s3']) retrieved from /opt/airflow/dags/external_task_sensor/external_task_sensor_parent_dag1.py
[2022-07-30 16:39:53,739] {logging_mixin.py:115} INFO - [2022-07-30 16:39:53,739] {manager.py:508} INFO - Created Permission View: can read on DAG:external_sensor_parent_dag_s3
[2022-07-30 16:39:53,759] {logging_mixin.py:115} INFO - [2022-07-30 16:39:53,759] {manager.py:508} INFO - Created Permission View: can delete on DAG:external_sensor_parent_dag_s3
[2022-07-30 16:39:53,804] {logging_mixin.py:115} INFO - [2022-07-30 16:39:53,804] {manager.py:508} INFO - Created Permission View: can edit on DAG:external_sensor_parent_dag_s3
[2022-07-30 16:39:53,804] {logging_mixin.py:115} INFO - [2022-07-30 16:39:53,804] {dag.py:2379} INFO - Sync 1 DAGs
[2022-07-30 16:39:53,845] {logging_mixin.py:115} INFO - [2022-07-30 16:39:53,845] {dag.py:2398} INFO - Creating ORM DAG for external_sensor_parent_dag_s3
[2022-07-30 16:39:53,901] {logging_mixin.py:115} INFO - [2022-07-30 16:39:53,900] {dag.py:2931} INFO - Setting next_dagrun for external_sensor_parent_dag_s3 to 2022-07-29T00:00:00+00:00, run_after=2022-07-30T00:00:00+00:00
[2022-07-30 16:39:53,958] {processor.py:161} INFO - Processing /opt/airflow/dags/external_task_sensor/external_task_sensor_parent_dag1.py took 1.508 seconds
[2022-07-30 16:40:24,111] {processor.py:153} INFO - Started process (PID=184) to work on /opt/airflow/dags/external_task_sensor/external_task_sensor_parent_dag1.py
[2022-07-30 16:40:24,111] {processor.py:641} INFO - Processing file /opt/airflow/dags/external_task_sensor/external_task_sensor_parent_dag1.py for tasks to queue
[2022-07-30 16:40:24,112] {logging_mixin.py:115} INFO - [2022-07-30 16:40:24,112] {dagbag.py:507} INFO - Filling up the DagBag from /opt/airflow/dags/external_task_sensor/external_task_sensor_parent_dag1.py
[2022-07-30 16:40:24,120] {processor.py:651} INFO - DAG(s) dict_keys(['external_sensor_parent_dag_s3']) retrieved from /opt/airflow/dags/external_task_sensor/external_task_sensor_parent_dag1.py
[2022-07-30 16:40:24,144] {logging_mixin.py:115} INFO - [2022-07-30 16:40:24,143] {dag.py:2379} INFO - Sync 1 DAGs
[2022-07-30 16:40:24,166] {logging_mixin.py:115} INFO - [2022-07-30 16:40:24,166] {dag.py:2931} INFO - Setting next_dagrun for external_sensor_parent_dag_s3 to 2022-07-29T00:00:00+00:00, run_after=2022-07-30T00:00:00+00:00
[2022-07-30 16:40:24,180] {processor.py:161} INFO - Processing /opt/airflow/dags/external_task_sensor/external_task_sensor_parent_dag1.py took 0.072 seconds
[2022-07-30 16:40:54,492] {processor.py:153} INFO - Started process (PID=256) to work on /opt/airflow/dags/external_task_sensor/external_task_sensor_parent_dag1.py
[2022-07-30 16:40:54,497] {processor.py:641} INFO - Processing file /opt/airflow/dags/external_task_sensor/external_task_sensor_parent_dag1.py for tasks to queue
[2022-07-30 16:40:54,501] {logging_mixin.py:115} INFO - [2022-07-30 16:40:54,501] {dagbag.py:507} INFO - Filling up the DagBag from /opt/airflow/dags/external_task_sensor/external_task_sensor_parent_dag1.py
[2022-07-30 16:40:54,518] {processor.py:651} INFO - DAG(s) dict_keys(['external_sensor_parent_dag_s3']) retrieved from /opt/airflow/dags/external_task_sensor/external_task_sensor_parent_dag1.py
[2022-07-30 16:40:54,558] {logging_mixin.py:115} INFO - [2022-07-30 16:40:54,558] {dag.py:2379} INFO - Sync 1 DAGs
[2022-07-30 16:40:54,590] {logging_mixin.py:115} INFO - [2022-07-30 16:40:54,590] {dag.py:2931} INFO - Setting next_dagrun for external_sensor_parent_dag_s3 to 2022-07-29T00:00:00+00:00, run_after=2022-07-30T00:00:00+00:00
[2022-07-30 16:40:54,638] {processor.py:161} INFO - Processing /opt/airflow/dags/external_task_sensor/external_task_sensor_parent_dag1.py took 0.150 seconds
[2022-07-30 16:41:25,125] {processor.py:153} INFO - Started process (PID=330) to work on /opt/airflow/dags/external_task_sensor/external_task_sensor_parent_dag1.py
[2022-07-30 16:41:25,126] {processor.py:641} INFO - Processing file /opt/airflow/dags/external_task_sensor/external_task_sensor_parent_dag1.py for tasks to queue
[2022-07-30 16:41:25,126] {logging_mixin.py:115} INFO - [2022-07-30 16:41:25,126] {dagbag.py:507} INFO - Filling up the DagBag from /opt/airflow/dags/external_task_sensor/external_task_sensor_parent_dag1.py
[2022-07-30 16:41:25,135] {processor.py:651} INFO - DAG(s) dict_keys(['external_sensor_parent_dag_s3']) retrieved from /opt/airflow/dags/external_task_sensor/external_task_sensor_parent_dag1.py
[2022-07-30 16:41:25,164] {logging_mixin.py:115} INFO - [2022-07-30 16:41:25,164] {dag.py:2379} INFO - Sync 1 DAGs
[2022-07-30 16:41:25,203] {logging_mixin.py:115} INFO - [2022-07-30 16:41:25,202] {dag.py:2931} INFO - Setting next_dagrun for external_sensor_parent_dag_s3 to 2022-07-29T00:00:00+00:00, run_after=2022-07-30T00:00:00+00:00
[2022-07-30 16:41:25,222] {processor.py:161} INFO - Processing /opt/airflow/dags/external_task_sensor/external_task_sensor_parent_dag1.py took 0.100 seconds
[2022-07-30 16:41:55,364] {processor.py:153} INFO - Started process (PID=420) to work on /opt/airflow/dags/external_task_sensor/external_task_sensor_parent_dag1.py
[2022-07-30 16:41:55,369] {processor.py:641} INFO - Processing file /opt/airflow/dags/external_task_sensor/external_task_sensor_parent_dag1.py for tasks to queue
[2022-07-30 16:41:55,371] {logging_mixin.py:115} INFO - [2022-07-30 16:41:55,371] {dagbag.py:507} INFO - Filling up the DagBag from /opt/airflow/dags/external_task_sensor/external_task_sensor_parent_dag1.py
[2022-07-30 16:41:55,401] {processor.py:651} INFO - DAG(s) dict_keys(['external_sensor_parent_dag_s3']) retrieved from /opt/airflow/dags/external_task_sensor/external_task_sensor_parent_dag1.py
[2022-07-30 16:41:55,491] {logging_mixin.py:115} INFO - [2022-07-30 16:41:55,490] {dag.py:2379} INFO - Sync 1 DAGs
[2022-07-30 16:41:55,592] {logging_mixin.py:115} INFO - [2022-07-30 16:41:55,592] {dag.py:2931} INFO - Setting next_dagrun for external_sensor_parent_dag_s3 to 2022-07-29T00:00:00+00:00, run_after=2022-07-30T00:00:00+00:00
[2022-07-30 16:41:55,650] {processor.py:161} INFO - Processing /opt/airflow/dags/external_task_sensor/external_task_sensor_parent_dag1.py took 0.301 seconds
[2022-07-30 16:42:25,771] {processor.py:153} INFO - Started process (PID=492) to work on /opt/airflow/dags/external_task_sensor/external_task_sensor_parent_dag1.py
[2022-07-30 16:42:25,772] {processor.py:641} INFO - Processing file /opt/airflow/dags/external_task_sensor/external_task_sensor_parent_dag1.py for tasks to queue
[2022-07-30 16:42:25,773] {logging_mixin.py:115} INFO - [2022-07-30 16:42:25,772] {dagbag.py:507} INFO - Filling up the DagBag from /opt/airflow/dags/external_task_sensor/external_task_sensor_parent_dag1.py
[2022-07-30 16:42:25,781] {processor.py:651} INFO - DAG(s) dict_keys(['external_sensor_parent_dag_s3']) retrieved from /opt/airflow/dags/external_task_sensor/external_task_sensor_parent_dag1.py
[2022-07-30 16:42:25,811] {logging_mixin.py:115} INFO - [2022-07-30 16:42:25,811] {dag.py:2379} INFO - Sync 1 DAGs
[2022-07-30 16:42:25,843] {logging_mixin.py:115} INFO - [2022-07-30 16:42:25,843] {dag.py:2931} INFO - Setting next_dagrun for external_sensor_parent_dag_s3 to 2022-07-29T00:00:00+00:00, run_after=2022-07-30T00:00:00+00:00
[2022-07-30 16:42:25,860] {processor.py:161} INFO - Processing /opt/airflow/dags/external_task_sensor/external_task_sensor_parent_dag1.py took 0.092 seconds
[2022-07-30 16:44:19,918] {processor.py:153} INFO - Started process (PID=91) to work on /opt/airflow/dags/external_task_sensor/external_task_sensor_parent_dag1.py
[2022-07-30 16:44:19,932] {processor.py:641} INFO - Processing file /opt/airflow/dags/external_task_sensor/external_task_sensor_parent_dag1.py for tasks to queue
[2022-07-30 16:44:19,933] {logging_mixin.py:115} INFO - [2022-07-30 16:44:19,932] {dagbag.py:507} INFO - Filling up the DagBag from /opt/airflow/dags/external_task_sensor/external_task_sensor_parent_dag1.py
[2022-07-30 16:44:19,971] {processor.py:651} INFO - DAG(s) dict_keys(['external_sensor_parent_dag_s3']) retrieved from /opt/airflow/dags/external_task_sensor/external_task_sensor_parent_dag1.py
[2022-07-30 16:44:20,084] {logging_mixin.py:115} INFO - [2022-07-30 16:44:20,084] {dag.py:2379} INFO - Sync 1 DAGs
[2022-07-30 16:44:20,206] {logging_mixin.py:115} INFO - [2022-07-30 16:44:20,206] {dag.py:2931} INFO - Setting next_dagrun for external_sensor_parent_dag_s3 to 2022-07-29T00:00:00+00:00, run_after=2022-07-30T00:00:00+00:00
[2022-07-30 16:44:20,240] {processor.py:161} INFO - Processing /opt/airflow/dags/external_task_sensor/external_task_sensor_parent_dag1.py took 0.327 seconds
[2022-07-30 16:44:51,211] {processor.py:153} INFO - Started process (PID=170) to work on /opt/airflow/dags/external_task_sensor/external_task_sensor_parent_dag1.py
[2022-07-30 16:44:51,219] {processor.py:641} INFO - Processing file /opt/airflow/dags/external_task_sensor/external_task_sensor_parent_dag1.py for tasks to queue
[2022-07-30 16:44:51,220] {logging_mixin.py:115} INFO - [2022-07-30 16:44:51,219] {dagbag.py:507} INFO - Filling up the DagBag from /opt/airflow/dags/external_task_sensor/external_task_sensor_parent_dag1.py
[2022-07-30 16:44:51,234] {processor.py:651} INFO - DAG(s) dict_keys(['external_sensor_parent_dag_s3']) retrieved from /opt/airflow/dags/external_task_sensor/external_task_sensor_parent_dag1.py
[2022-07-30 16:44:51,348] {logging_mixin.py:115} INFO - [2022-07-30 16:44:51,348] {dag.py:2379} INFO - Sync 1 DAGs
[2022-07-30 16:44:51,443] {logging_mixin.py:115} INFO - [2022-07-30 16:44:51,443] {dag.py:2931} INFO - Setting next_dagrun for external_sensor_parent_dag_s3 to 2022-07-29T00:00:00+00:00, run_after=2022-07-30T00:00:00+00:00
[2022-07-30 16:44:51,492] {processor.py:161} INFO - Processing /opt/airflow/dags/external_task_sensor/external_task_sensor_parent_dag1.py took 0.285 seconds
[2022-07-30 16:45:22,209] {processor.py:153} INFO - Started process (PID=243) to work on /opt/airflow/dags/external_task_sensor/external_task_sensor_parent_dag1.py
[2022-07-30 16:45:22,210] {processor.py:641} INFO - Processing file /opt/airflow/dags/external_task_sensor/external_task_sensor_parent_dag1.py for tasks to queue
[2022-07-30 16:45:22,211] {logging_mixin.py:115} INFO - [2022-07-30 16:45:22,211] {dagbag.py:507} INFO - Filling up the DagBag from /opt/airflow/dags/external_task_sensor/external_task_sensor_parent_dag1.py
[2022-07-30 16:45:22,224] {processor.py:651} INFO - DAG(s) dict_keys(['external_sensor_parent_dag_s3']) retrieved from /opt/airflow/dags/external_task_sensor/external_task_sensor_parent_dag1.py
[2022-07-30 16:45:22,255] {logging_mixin.py:115} INFO - [2022-07-30 16:45:22,255] {dag.py:2379} INFO - Sync 1 DAGs
[2022-07-30 16:45:22,288] {logging_mixin.py:115} INFO - [2022-07-30 16:45:22,287] {dag.py:2931} INFO - Setting next_dagrun for external_sensor_parent_dag_s3 to 2022-07-29T00:00:00+00:00, run_after=2022-07-30T00:00:00+00:00
[2022-07-30 16:45:22,308] {processor.py:161} INFO - Processing /opt/airflow/dags/external_task_sensor/external_task_sensor_parent_dag1.py took 0.103 seconds
[2022-07-30 16:45:52,686] {processor.py:153} INFO - Started process (PID=320) to work on /opt/airflow/dags/external_task_sensor/external_task_sensor_parent_dag1.py
[2022-07-30 16:45:52,686] {processor.py:641} INFO - Processing file /opt/airflow/dags/external_task_sensor/external_task_sensor_parent_dag1.py for tasks to queue
[2022-07-30 16:45:52,687] {logging_mixin.py:115} INFO - [2022-07-30 16:45:52,687] {dagbag.py:507} INFO - Filling up the DagBag from /opt/airflow/dags/external_task_sensor/external_task_sensor_parent_dag1.py
[2022-07-30 16:45:52,697] {processor.py:651} INFO - DAG(s) dict_keys(['external_sensor_parent_dag_s3']) retrieved from /opt/airflow/dags/external_task_sensor/external_task_sensor_parent_dag1.py
[2022-07-30 16:45:52,733] {logging_mixin.py:115} INFO - [2022-07-30 16:45:52,733] {dag.py:2379} INFO - Sync 1 DAGs
[2022-07-30 16:45:52,770] {logging_mixin.py:115} INFO - [2022-07-30 16:45:52,770] {dag.py:2931} INFO - Setting next_dagrun for external_sensor_parent_dag_s3 to 2022-07-29T00:00:00+00:00, run_after=2022-07-30T00:00:00+00:00
[2022-07-30 16:45:52,799] {processor.py:161} INFO - Processing /opt/airflow/dags/external_task_sensor/external_task_sensor_parent_dag1.py took 0.117 seconds
[2022-07-30 16:46:24,182] {processor.py:153} INFO - Started process (PID=402) to work on /opt/airflow/dags/external_task_sensor/external_task_sensor_parent_dag1.py
[2022-07-30 16:46:24,200] {processor.py:641} INFO - Processing file /opt/airflow/dags/external_task_sensor/external_task_sensor_parent_dag1.py for tasks to queue
[2022-07-30 16:46:24,201] {logging_mixin.py:115} INFO - [2022-07-30 16:46:24,200] {dagbag.py:507} INFO - Filling up the DagBag from /opt/airflow/dags/external_task_sensor/external_task_sensor_parent_dag1.py
[2022-07-30 16:46:24,254] {processor.py:651} INFO - DAG(s) dict_keys(['external_sensor_parent_dag_s3']) retrieved from /opt/airflow/dags/external_task_sensor/external_task_sensor_parent_dag1.py
[2022-07-30 16:46:24,368] {logging_mixin.py:115} INFO - [2022-07-30 16:46:24,368] {dag.py:2379} INFO - Sync 1 DAGs
[2022-07-30 16:46:24,423] {logging_mixin.py:115} INFO - [2022-07-30 16:46:24,422] {dag.py:2931} INFO - Setting next_dagrun for external_sensor_parent_dag_s3 to 2022-07-29T00:00:00+00:00, run_after=2022-07-30T00:00:00+00:00
[2022-07-30 16:46:24,471] {processor.py:161} INFO - Processing /opt/airflow/dags/external_task_sensor/external_task_sensor_parent_dag1.py took 0.302 seconds
[2022-07-30 16:46:55,170] {processor.py:153} INFO - Started process (PID=476) to work on /opt/airflow/dags/external_task_sensor/external_task_sensor_parent_dag1.py
[2022-07-30 16:46:55,170] {processor.py:641} INFO - Processing file /opt/airflow/dags/external_task_sensor/external_task_sensor_parent_dag1.py for tasks to queue
[2022-07-30 16:46:55,171] {logging_mixin.py:115} INFO - [2022-07-30 16:46:55,171] {dagbag.py:507} INFO - Filling up the DagBag from /opt/airflow/dags/external_task_sensor/external_task_sensor_parent_dag1.py
[2022-07-30 16:46:55,184] {processor.py:651} INFO - DAG(s) dict_keys(['external_sensor_parent_dag_s3']) retrieved from /opt/airflow/dags/external_task_sensor/external_task_sensor_parent_dag1.py
[2022-07-30 16:46:55,260] {logging_mixin.py:115} INFO - [2022-07-30 16:46:55,260] {dag.py:2379} INFO - Sync 1 DAGs
[2022-07-30 16:46:55,337] {logging_mixin.py:115} INFO - [2022-07-30 16:46:55,336] {dag.py:2931} INFO - Setting next_dagrun for external_sensor_parent_dag_s3 to 2022-07-29T00:00:00+00:00, run_after=2022-07-30T00:00:00+00:00
[2022-07-30 16:46:55,368] {processor.py:161} INFO - Processing /opt/airflow/dags/external_task_sensor/external_task_sensor_parent_dag1.py took 0.209 seconds
[2022-07-30 16:47:25,867] {processor.py:153} INFO - Started process (PID=549) to work on /opt/airflow/dags/external_task_sensor/external_task_sensor_parent_dag1.py
[2022-07-30 16:47:25,870] {processor.py:641} INFO - Processing file /opt/airflow/dags/external_task_sensor/external_task_sensor_parent_dag1.py for tasks to queue
[2022-07-30 16:47:25,871] {logging_mixin.py:115} INFO - [2022-07-30 16:47:25,871] {dagbag.py:507} INFO - Filling up the DagBag from /opt/airflow/dags/external_task_sensor/external_task_sensor_parent_dag1.py
[2022-07-30 16:47:25,894] {processor.py:651} INFO - DAG(s) dict_keys(['external_sensor_parent_dag_s3']) retrieved from /opt/airflow/dags/external_task_sensor/external_task_sensor_parent_dag1.py
[2022-07-30 16:47:25,983] {logging_mixin.py:115} INFO - [2022-07-30 16:47:25,983] {dag.py:2379} INFO - Sync 1 DAGs
[2022-07-30 16:47:26,117] {logging_mixin.py:115} INFO - [2022-07-30 16:47:26,116] {dag.py:2931} INFO - Setting next_dagrun for external_sensor_parent_dag_s3 to 2022-07-29T00:00:00+00:00, run_after=2022-07-30T00:00:00+00:00
[2022-07-30 16:47:26,178] {processor.py:161} INFO - Processing /opt/airflow/dags/external_task_sensor/external_task_sensor_parent_dag1.py took 0.321 seconds
[2022-07-30 16:47:56,466] {processor.py:153} INFO - Started process (PID=632) to work on /opt/airflow/dags/external_task_sensor/external_task_sensor_parent_dag1.py
[2022-07-30 16:47:56,467] {processor.py:641} INFO - Processing file /opt/airflow/dags/external_task_sensor/external_task_sensor_parent_dag1.py for tasks to queue
[2022-07-30 16:47:56,467] {logging_mixin.py:115} INFO - [2022-07-30 16:47:56,467] {dagbag.py:507} INFO - Filling up the DagBag from /opt/airflow/dags/external_task_sensor/external_task_sensor_parent_dag1.py
[2022-07-30 16:47:56,476] {processor.py:651} INFO - DAG(s) dict_keys(['external_sensor_parent_dag_s3']) retrieved from /opt/airflow/dags/external_task_sensor/external_task_sensor_parent_dag1.py
[2022-07-30 16:47:56,509] {logging_mixin.py:115} INFO - [2022-07-30 16:47:56,509] {dag.py:2379} INFO - Sync 1 DAGs
[2022-07-30 16:47:56,541] {logging_mixin.py:115} INFO - [2022-07-30 16:47:56,541] {dag.py:2931} INFO - Setting next_dagrun for external_sensor_parent_dag_s3 to 2022-07-29T00:00:00+00:00, run_after=2022-07-30T00:00:00+00:00
[2022-07-30 16:47:56,557] {processor.py:161} INFO - Processing /opt/airflow/dags/external_task_sensor/external_task_sensor_parent_dag1.py took 0.095 seconds
[2022-07-30 16:48:28,852] {processor.py:153} INFO - Started process (PID=718) to work on /opt/airflow/dags/external_task_sensor/external_task_sensor_parent_dag1.py
[2022-07-30 16:48:28,860] {processor.py:641} INFO - Processing file /opt/airflow/dags/external_task_sensor/external_task_sensor_parent_dag1.py for tasks to queue
[2022-07-30 16:48:28,862] {logging_mixin.py:115} INFO - [2022-07-30 16:48:28,862] {dagbag.py:507} INFO - Filling up the DagBag from /opt/airflow/dags/external_task_sensor/external_task_sensor_parent_dag1.py
[2022-07-30 16:48:28,872] {processor.py:651} INFO - DAG(s) dict_keys(['external_sensor_parent_dag_s3']) retrieved from /opt/airflow/dags/external_task_sensor/external_task_sensor_parent_dag1.py
[2022-07-30 16:48:28,903] {logging_mixin.py:115} INFO - [2022-07-30 16:48:28,903] {dag.py:2379} INFO - Sync 1 DAGs
[2022-07-30 16:48:28,942] {logging_mixin.py:115} INFO - [2022-07-30 16:48:28,942] {dag.py:2931} INFO - Setting next_dagrun for external_sensor_parent_dag_s3 to 2022-07-29T00:00:00+00:00, run_after=2022-07-30T00:00:00+00:00
[2022-07-30 16:48:28,956] {processor.py:161} INFO - Processing /opt/airflow/dags/external_task_sensor/external_task_sensor_parent_dag1.py took 0.107 seconds
[2022-07-30 16:48:59,592] {processor.py:153} INFO - Started process (PID=790) to work on /opt/airflow/dags/external_task_sensor/external_task_sensor_parent_dag1.py
[2022-07-30 16:48:59,593] {processor.py:641} INFO - Processing file /opt/airflow/dags/external_task_sensor/external_task_sensor_parent_dag1.py for tasks to queue
[2022-07-30 16:48:59,594] {logging_mixin.py:115} INFO - [2022-07-30 16:48:59,594] {dagbag.py:507} INFO - Filling up the DagBag from /opt/airflow/dags/external_task_sensor/external_task_sensor_parent_dag1.py
[2022-07-30 16:48:59,605] {processor.py:651} INFO - DAG(s) dict_keys(['external_sensor_parent_dag_s3']) retrieved from /opt/airflow/dags/external_task_sensor/external_task_sensor_parent_dag1.py
[2022-07-30 16:48:59,644] {logging_mixin.py:115} INFO - [2022-07-30 16:48:59,644] {dag.py:2379} INFO - Sync 1 DAGs
[2022-07-30 16:48:59,686] {logging_mixin.py:115} INFO - [2022-07-30 16:48:59,685] {dag.py:2931} INFO - Setting next_dagrun for external_sensor_parent_dag_s3 to 2022-07-29T00:00:00+00:00, run_after=2022-07-30T00:00:00+00:00
[2022-07-30 16:48:59,707] {processor.py:161} INFO - Processing /opt/airflow/dags/external_task_sensor/external_task_sensor_parent_dag1.py took 0.119 seconds
[2022-07-30 16:49:32,386] {processor.py:153} INFO - Started process (PID=876) to work on /opt/airflow/dags/external_task_sensor/external_task_sensor_parent_dag1.py
[2022-07-30 16:49:32,386] {processor.py:641} INFO - Processing file /opt/airflow/dags/external_task_sensor/external_task_sensor_parent_dag1.py for tasks to queue
[2022-07-30 16:49:32,387] {logging_mixin.py:115} INFO - [2022-07-30 16:49:32,387] {dagbag.py:507} INFO - Filling up the DagBag from /opt/airflow/dags/external_task_sensor/external_task_sensor_parent_dag1.py
[2022-07-30 16:49:32,423] {processor.py:651} INFO - DAG(s) dict_keys(['external_sensor_parent_dag_s3']) retrieved from /opt/airflow/dags/external_task_sensor/external_task_sensor_parent_dag1.py
[2022-07-30 16:49:32,527] {logging_mixin.py:115} INFO - [2022-07-30 16:49:32,527] {dag.py:2379} INFO - Sync 1 DAGs
[2022-07-30 16:49:32,574] {logging_mixin.py:115} INFO - [2022-07-30 16:49:32,574] {dag.py:2931} INFO - Setting next_dagrun for external_sensor_parent_dag_s3 to 2022-07-29T00:00:00+00:00, run_after=2022-07-30T00:00:00+00:00
[2022-07-30 16:49:32,652] {processor.py:161} INFO - Processing /opt/airflow/dags/external_task_sensor/external_task_sensor_parent_dag1.py took 0.280 seconds
[2022-07-30 16:50:02,802] {processor.py:153} INFO - Started process (PID=949) to work on /opt/airflow/dags/external_task_sensor/external_task_sensor_parent_dag1.py
[2022-07-30 16:50:02,802] {processor.py:641} INFO - Processing file /opt/airflow/dags/external_task_sensor/external_task_sensor_parent_dag1.py for tasks to queue
[2022-07-30 16:50:02,803] {logging_mixin.py:115} INFO - [2022-07-30 16:50:02,803] {dagbag.py:507} INFO - Filling up the DagBag from /opt/airflow/dags/external_task_sensor/external_task_sensor_parent_dag1.py
[2022-07-30 16:50:02,836] {processor.py:651} INFO - DAG(s) dict_keys(['external_sensor_parent_dag_s3']) retrieved from /opt/airflow/dags/external_task_sensor/external_task_sensor_parent_dag1.py
[2022-07-30 16:50:02,920] {logging_mixin.py:115} INFO - [2022-07-30 16:50:02,920] {dag.py:2379} INFO - Sync 1 DAGs
[2022-07-30 16:50:03,023] {logging_mixin.py:115} INFO - [2022-07-30 16:50:03,023] {dag.py:2931} INFO - Setting next_dagrun for external_sensor_parent_dag_s3 to 2022-07-29T00:00:00+00:00, run_after=2022-07-30T00:00:00+00:00
[2022-07-30 16:50:03,068] {processor.py:161} INFO - Processing /opt/airflow/dags/external_task_sensor/external_task_sensor_parent_dag1.py took 0.275 seconds
[2022-07-30 16:50:33,406] {processor.py:153} INFO - Started process (PID=1020) to work on /opt/airflow/dags/external_task_sensor/external_task_sensor_parent_dag1.py
[2022-07-30 16:50:33,407] {processor.py:641} INFO - Processing file /opt/airflow/dags/external_task_sensor/external_task_sensor_parent_dag1.py for tasks to queue
[2022-07-30 16:50:33,408] {logging_mixin.py:115} INFO - [2022-07-30 16:50:33,408] {dagbag.py:507} INFO - Filling up the DagBag from /opt/airflow/dags/external_task_sensor/external_task_sensor_parent_dag1.py
[2022-07-30 16:50:33,417] {processor.py:651} INFO - DAG(s) dict_keys(['external_sensor_parent_dag_s3']) retrieved from /opt/airflow/dags/external_task_sensor/external_task_sensor_parent_dag1.py
[2022-07-30 16:50:33,462] {logging_mixin.py:115} INFO - [2022-07-30 16:50:33,462] {dag.py:2379} INFO - Sync 1 DAGs
[2022-07-30 16:50:33,493] {logging_mixin.py:115} INFO - [2022-07-30 16:50:33,493] {dag.py:2931} INFO - Setting next_dagrun for external_sensor_parent_dag_s3 to 2022-07-29T00:00:00+00:00, run_after=2022-07-30T00:00:00+00:00
[2022-07-30 16:50:33,507] {processor.py:161} INFO - Processing /opt/airflow/dags/external_task_sensor/external_task_sensor_parent_dag1.py took 0.104 seconds
[2022-07-30 16:51:05,214] {processor.py:153} INFO - Started process (PID=1100) to work on /opt/airflow/dags/external_task_sensor/external_task_sensor_parent_dag1.py
[2022-07-30 16:51:05,214] {processor.py:641} INFO - Processing file /opt/airflow/dags/external_task_sensor/external_task_sensor_parent_dag1.py for tasks to queue
[2022-07-30 16:51:05,215] {logging_mixin.py:115} INFO - [2022-07-30 16:51:05,215] {dagbag.py:507} INFO - Filling up the DagBag from /opt/airflow/dags/external_task_sensor/external_task_sensor_parent_dag1.py
[2022-07-30 16:51:05,256] {processor.py:651} INFO - DAG(s) dict_keys(['external_sensor_parent_dag_s3']) retrieved from /opt/airflow/dags/external_task_sensor/external_task_sensor_parent_dag1.py
[2022-07-30 16:51:05,387] {logging_mixin.py:115} INFO - [2022-07-30 16:51:05,387] {dag.py:2379} INFO - Sync 1 DAGs
[2022-07-30 16:51:05,596] {logging_mixin.py:115} INFO - [2022-07-30 16:51:05,596] {dag.py:2931} INFO - Setting next_dagrun for external_sensor_parent_dag_s3 to 2022-07-29T00:00:00+00:00, run_after=2022-07-30T00:00:00+00:00
[2022-07-30 16:51:05,686] {processor.py:161} INFO - Processing /opt/airflow/dags/external_task_sensor/external_task_sensor_parent_dag1.py took 0.486 seconds
[2022-07-30 16:51:35,959] {processor.py:153} INFO - Started process (PID=1175) to work on /opt/airflow/dags/external_task_sensor/external_task_sensor_parent_dag1.py
[2022-07-30 16:51:35,960] {processor.py:641} INFO - Processing file /opt/airflow/dags/external_task_sensor/external_task_sensor_parent_dag1.py for tasks to queue
[2022-07-30 16:51:35,960] {logging_mixin.py:115} INFO - [2022-07-30 16:51:35,960] {dagbag.py:507} INFO - Filling up the DagBag from /opt/airflow/dags/external_task_sensor/external_task_sensor_parent_dag1.py
[2022-07-30 16:51:35,969] {processor.py:651} INFO - DAG(s) dict_keys(['external_sensor_parent_dag_s3']) retrieved from /opt/airflow/dags/external_task_sensor/external_task_sensor_parent_dag1.py
[2022-07-30 16:51:36,002] {logging_mixin.py:115} INFO - [2022-07-30 16:51:36,002] {dag.py:2379} INFO - Sync 1 DAGs
[2022-07-30 16:51:36,036] {logging_mixin.py:115} INFO - [2022-07-30 16:51:36,036] {dag.py:2931} INFO - Setting next_dagrun for external_sensor_parent_dag_s3 to 2022-07-29T00:00:00+00:00, run_after=2022-07-30T00:00:00+00:00
[2022-07-30 16:51:36,050] {processor.py:161} INFO - Processing /opt/airflow/dags/external_task_sensor/external_task_sensor_parent_dag1.py took 0.100 seconds
[2022-07-30 16:52:06,824] {processor.py:153} INFO - Started process (PID=1253) to work on /opt/airflow/dags/external_task_sensor/external_task_sensor_parent_dag1.py
[2022-07-30 16:52:06,825] {processor.py:641} INFO - Processing file /opt/airflow/dags/external_task_sensor/external_task_sensor_parent_dag1.py for tasks to queue
[2022-07-30 16:52:06,825] {logging_mixin.py:115} INFO - [2022-07-30 16:52:06,825] {dagbag.py:507} INFO - Filling up the DagBag from /opt/airflow/dags/external_task_sensor/external_task_sensor_parent_dag1.py
[2022-07-30 16:52:06,847] {processor.py:651} INFO - DAG(s) dict_keys(['external_sensor_parent_dag_s3']) retrieved from /opt/airflow/dags/external_task_sensor/external_task_sensor_parent_dag1.py
[2022-07-30 16:52:06,940] {logging_mixin.py:115} INFO - [2022-07-30 16:52:06,940] {dag.py:2379} INFO - Sync 1 DAGs
[2022-07-30 16:52:06,999] {logging_mixin.py:115} INFO - [2022-07-30 16:52:06,999] {dag.py:2931} INFO - Setting next_dagrun for external_sensor_parent_dag_s3 to 2022-07-29T00:00:00+00:00, run_after=2022-07-30T00:00:00+00:00
[2022-07-30 16:52:07,023] {processor.py:161} INFO - Processing /opt/airflow/dags/external_task_sensor/external_task_sensor_parent_dag1.py took 0.210 seconds
[2022-07-30 16:52:38,137] {processor.py:153} INFO - Started process (PID=1334) to work on /opt/airflow/dags/external_task_sensor/external_task_sensor_parent_dag1.py
[2022-07-30 16:52:38,140] {processor.py:641} INFO - Processing file /opt/airflow/dags/external_task_sensor/external_task_sensor_parent_dag1.py for tasks to queue
[2022-07-30 16:52:38,141] {logging_mixin.py:115} INFO - [2022-07-30 16:52:38,141] {dagbag.py:507} INFO - Filling up the DagBag from /opt/airflow/dags/external_task_sensor/external_task_sensor_parent_dag1.py
[2022-07-30 16:52:38,154] {processor.py:651} INFO - DAG(s) dict_keys(['external_sensor_parent_dag_s3']) retrieved from /opt/airflow/dags/external_task_sensor/external_task_sensor_parent_dag1.py
[2022-07-30 16:52:38,198] {logging_mixin.py:115} INFO - [2022-07-30 16:52:38,198] {dag.py:2379} INFO - Sync 1 DAGs
[2022-07-30 16:52:38,233] {logging_mixin.py:115} INFO - [2022-07-30 16:52:38,233] {dag.py:2931} INFO - Setting next_dagrun for external_sensor_parent_dag_s3 to 2022-07-29T00:00:00+00:00, run_after=2022-07-30T00:00:00+00:00
[2022-07-30 16:52:38,249] {processor.py:161} INFO - Processing /opt/airflow/dags/external_task_sensor/external_task_sensor_parent_dag1.py took 0.116 seconds
[2022-07-30 16:53:08,572] {processor.py:153} INFO - Started process (PID=1412) to work on /opt/airflow/dags/external_task_sensor/external_task_sensor_parent_dag1.py
[2022-07-30 16:53:08,572] {processor.py:641} INFO - Processing file /opt/airflow/dags/external_task_sensor/external_task_sensor_parent_dag1.py for tasks to queue
[2022-07-30 16:53:08,573] {logging_mixin.py:115} INFO - [2022-07-30 16:53:08,573] {dagbag.py:507} INFO - Filling up the DagBag from /opt/airflow/dags/external_task_sensor/external_task_sensor_parent_dag1.py
[2022-07-30 16:53:08,582] {processor.py:651} INFO - DAG(s) dict_keys(['external_sensor_parent_dag_s3']) retrieved from /opt/airflow/dags/external_task_sensor/external_task_sensor_parent_dag1.py
[2022-07-30 16:53:08,611] {logging_mixin.py:115} INFO - [2022-07-30 16:53:08,611] {dag.py:2379} INFO - Sync 1 DAGs
[2022-07-30 16:53:08,643] {logging_mixin.py:115} INFO - [2022-07-30 16:53:08,642] {dag.py:2931} INFO - Setting next_dagrun for external_sensor_parent_dag_s3 to 2022-07-29T00:00:00+00:00, run_after=2022-07-30T00:00:00+00:00
[2022-07-30 16:53:08,656] {processor.py:161} INFO - Processing /opt/airflow/dags/external_task_sensor/external_task_sensor_parent_dag1.py took 0.089 seconds
[2022-07-30 16:53:40,322] {processor.py:153} INFO - Started process (PID=1490) to work on /opt/airflow/dags/external_task_sensor/external_task_sensor_parent_dag1.py
[2022-07-30 16:53:40,332] {processor.py:641} INFO - Processing file /opt/airflow/dags/external_task_sensor/external_task_sensor_parent_dag1.py for tasks to queue
[2022-07-30 16:53:40,332] {logging_mixin.py:115} INFO - [2022-07-30 16:53:40,332] {dagbag.py:507} INFO - Filling up the DagBag from /opt/airflow/dags/external_task_sensor/external_task_sensor_parent_dag1.py
[2022-07-30 16:53:40,341] {processor.py:651} INFO - DAG(s) dict_keys(['external_sensor_parent_dag_s3']) retrieved from /opt/airflow/dags/external_task_sensor/external_task_sensor_parent_dag1.py
[2022-07-30 16:53:40,372] {logging_mixin.py:115} INFO - [2022-07-30 16:53:40,371] {dag.py:2379} INFO - Sync 1 DAGs
[2022-07-30 16:53:40,413] {logging_mixin.py:115} INFO - [2022-07-30 16:53:40,413] {dag.py:2931} INFO - Setting next_dagrun for external_sensor_parent_dag_s3 to 2022-07-29T00:00:00+00:00, run_after=2022-07-30T00:00:00+00:00
[2022-07-30 16:53:40,436] {processor.py:161} INFO - Processing /opt/airflow/dags/external_task_sensor/external_task_sensor_parent_dag1.py took 0.118 seconds
[2022-07-30 16:54:11,009] {processor.py:153} INFO - Started process (PID=1572) to work on /opt/airflow/dags/external_task_sensor/external_task_sensor_parent_dag1.py
[2022-07-30 16:54:11,009] {processor.py:641} INFO - Processing file /opt/airflow/dags/external_task_sensor/external_task_sensor_parent_dag1.py for tasks to queue
[2022-07-30 16:54:11,010] {logging_mixin.py:115} INFO - [2022-07-30 16:54:11,010] {dagbag.py:507} INFO - Filling up the DagBag from /opt/airflow/dags/external_task_sensor/external_task_sensor_parent_dag1.py
[2022-07-30 16:54:11,019] {processor.py:651} INFO - DAG(s) dict_keys(['external_sensor_parent_dag_s3']) retrieved from /opt/airflow/dags/external_task_sensor/external_task_sensor_parent_dag1.py
[2022-07-30 16:54:11,050] {logging_mixin.py:115} INFO - [2022-07-30 16:54:11,050] {dag.py:2379} INFO - Sync 1 DAGs
[2022-07-30 16:54:11,084] {logging_mixin.py:115} INFO - [2022-07-30 16:54:11,084] {dag.py:2931} INFO - Setting next_dagrun for external_sensor_parent_dag_s3 to 2022-07-29T00:00:00+00:00, run_after=2022-07-30T00:00:00+00:00
[2022-07-30 16:54:11,101] {processor.py:161} INFO - Processing /opt/airflow/dags/external_task_sensor/external_task_sensor_parent_dag1.py took 0.096 seconds
[2022-07-30 16:54:41,655] {processor.py:153} INFO - Started process (PID=1646) to work on /opt/airflow/dags/external_task_sensor/external_task_sensor_parent_dag1.py
[2022-07-30 16:54:41,656] {processor.py:641} INFO - Processing file /opt/airflow/dags/external_task_sensor/external_task_sensor_parent_dag1.py for tasks to queue
[2022-07-30 16:54:41,657] {logging_mixin.py:115} INFO - [2022-07-30 16:54:41,656] {dagbag.py:507} INFO - Filling up the DagBag from /opt/airflow/dags/external_task_sensor/external_task_sensor_parent_dag1.py
[2022-07-30 16:54:41,665] {processor.py:651} INFO - DAG(s) dict_keys(['external_sensor_parent_dag_s3']) retrieved from /opt/airflow/dags/external_task_sensor/external_task_sensor_parent_dag1.py
[2022-07-30 16:54:41,705] {logging_mixin.py:115} INFO - [2022-07-30 16:54:41,705] {dag.py:2379} INFO - Sync 1 DAGs
[2022-07-30 16:54:41,738] {logging_mixin.py:115} INFO - [2022-07-30 16:54:41,738] {dag.py:2931} INFO - Setting next_dagrun for external_sensor_parent_dag_s3 to 2022-07-29T00:00:00+00:00, run_after=2022-07-30T00:00:00+00:00
[2022-07-30 16:54:41,752] {processor.py:161} INFO - Processing /opt/airflow/dags/external_task_sensor/external_task_sensor_parent_dag1.py took 0.105 seconds
[2022-07-30 16:55:11,867] {processor.py:153} INFO - Started process (PID=1729) to work on /opt/airflow/dags/external_task_sensor/external_task_sensor_parent_dag1.py
[2022-07-30 16:55:11,867] {processor.py:641} INFO - Processing file /opt/airflow/dags/external_task_sensor/external_task_sensor_parent_dag1.py for tasks to queue
[2022-07-30 16:55:11,868] {logging_mixin.py:115} INFO - [2022-07-30 16:55:11,868] {dagbag.py:507} INFO - Filling up the DagBag from /opt/airflow/dags/external_task_sensor/external_task_sensor_parent_dag1.py
[2022-07-30 16:55:11,884] {processor.py:651} INFO - DAG(s) dict_keys(['external_sensor_parent_dag_s3']) retrieved from /opt/airflow/dags/external_task_sensor/external_task_sensor_parent_dag1.py
[2022-07-30 16:55:11,942] {logging_mixin.py:115} INFO - [2022-07-30 16:55:11,942] {dag.py:2379} INFO - Sync 1 DAGs
[2022-07-30 16:55:12,005] {logging_mixin.py:115} INFO - [2022-07-30 16:55:12,005] {dag.py:2931} INFO - Setting next_dagrun for external_sensor_parent_dag_s3 to 2022-07-29T00:00:00+00:00, run_after=2022-07-30T00:00:00+00:00
[2022-07-30 16:55:12,020] {processor.py:161} INFO - Processing /opt/airflow/dags/external_task_sensor/external_task_sensor_parent_dag1.py took 0.164 seconds
[2022-07-30 16:55:42,213] {processor.py:153} INFO - Started process (PID=1805) to work on /opt/airflow/dags/external_task_sensor/external_task_sensor_parent_dag1.py
[2022-07-30 16:55:42,214] {processor.py:641} INFO - Processing file /opt/airflow/dags/external_task_sensor/external_task_sensor_parent_dag1.py for tasks to queue
[2022-07-30 16:55:42,215] {logging_mixin.py:115} INFO - [2022-07-30 16:55:42,214] {dagbag.py:507} INFO - Filling up the DagBag from /opt/airflow/dags/external_task_sensor/external_task_sensor_parent_dag1.py
[2022-07-30 16:55:42,223] {processor.py:651} INFO - DAG(s) dict_keys(['external_sensor_parent_dag_s3']) retrieved from /opt/airflow/dags/external_task_sensor/external_task_sensor_parent_dag1.py
[2022-07-30 16:55:42,270] {logging_mixin.py:115} INFO - [2022-07-30 16:55:42,270] {dag.py:2379} INFO - Sync 1 DAGs
[2022-07-30 16:55:42,302] {logging_mixin.py:115} INFO - [2022-07-30 16:55:42,302] {dag.py:2931} INFO - Setting next_dagrun for external_sensor_parent_dag_s3 to 2022-07-29T00:00:00+00:00, run_after=2022-07-30T00:00:00+00:00
[2022-07-30 16:55:42,317] {processor.py:161} INFO - Processing /opt/airflow/dags/external_task_sensor/external_task_sensor_parent_dag1.py took 0.107 seconds
[2022-07-30 16:56:13,138] {processor.py:153} INFO - Started process (PID=1886) to work on /opt/airflow/dags/external_task_sensor/external_task_sensor_parent_dag1.py
[2022-07-30 16:56:13,139] {processor.py:641} INFO - Processing file /opt/airflow/dags/external_task_sensor/external_task_sensor_parent_dag1.py for tasks to queue
[2022-07-30 16:56:13,139] {logging_mixin.py:115} INFO - [2022-07-30 16:56:13,139] {dagbag.py:507} INFO - Filling up the DagBag from /opt/airflow/dags/external_task_sensor/external_task_sensor_parent_dag1.py
[2022-07-30 16:56:13,148] {processor.py:651} INFO - DAG(s) dict_keys(['external_sensor_parent_dag_s3']) retrieved from /opt/airflow/dags/external_task_sensor/external_task_sensor_parent_dag1.py
[2022-07-30 16:56:13,200] {logging_mixin.py:115} INFO - [2022-07-30 16:56:13,200] {dag.py:2379} INFO - Sync 1 DAGs
[2022-07-30 16:56:13,269] {logging_mixin.py:115} INFO - [2022-07-30 16:56:13,268] {dag.py:2931} INFO - Setting next_dagrun for external_sensor_parent_dag_s3 to 2022-07-29T00:00:00+00:00, run_after=2022-07-30T00:00:00+00:00
[2022-07-30 16:56:13,289] {processor.py:161} INFO - Processing /opt/airflow/dags/external_task_sensor/external_task_sensor_parent_dag1.py took 0.155 seconds
[2022-07-30 16:56:43,612] {processor.py:153} INFO - Started process (PID=1962) to work on /opt/airflow/dags/external_task_sensor/external_task_sensor_parent_dag1.py
[2022-07-30 16:56:43,613] {processor.py:641} INFO - Processing file /opt/airflow/dags/external_task_sensor/external_task_sensor_parent_dag1.py for tasks to queue
[2022-07-30 16:56:43,614] {logging_mixin.py:115} INFO - [2022-07-30 16:56:43,614] {dagbag.py:507} INFO - Filling up the DagBag from /opt/airflow/dags/external_task_sensor/external_task_sensor_parent_dag1.py
[2022-07-30 16:56:43,623] {processor.py:651} INFO - DAG(s) dict_keys(['external_sensor_parent_dag_s3']) retrieved from /opt/airflow/dags/external_task_sensor/external_task_sensor_parent_dag1.py
[2022-07-30 16:56:43,667] {logging_mixin.py:115} INFO - [2022-07-30 16:56:43,667] {dag.py:2379} INFO - Sync 1 DAGs
[2022-07-30 16:56:43,713] {logging_mixin.py:115} INFO - [2022-07-30 16:56:43,713] {dag.py:2931} INFO - Setting next_dagrun for external_sensor_parent_dag_s3 to 2022-07-29T00:00:00+00:00, run_after=2022-07-30T00:00:00+00:00
[2022-07-30 16:56:43,734] {processor.py:161} INFO - Processing /opt/airflow/dags/external_task_sensor/external_task_sensor_parent_dag1.py took 0.134 seconds
[2022-07-30 16:57:14,168] {processor.py:153} INFO - Started process (PID=2042) to work on /opt/airflow/dags/external_task_sensor/external_task_sensor_parent_dag1.py
[2022-07-30 16:57:14,169] {processor.py:641} INFO - Processing file /opt/airflow/dags/external_task_sensor/external_task_sensor_parent_dag1.py for tasks to queue
[2022-07-30 16:57:14,169] {logging_mixin.py:115} INFO - [2022-07-30 16:57:14,169] {dagbag.py:507} INFO - Filling up the DagBag from /opt/airflow/dags/external_task_sensor/external_task_sensor_parent_dag1.py
[2022-07-30 16:57:14,182] {processor.py:651} INFO - DAG(s) dict_keys(['external_sensor_parent_dag_s3']) retrieved from /opt/airflow/dags/external_task_sensor/external_task_sensor_parent_dag1.py
[2022-07-30 16:57:14,239] {logging_mixin.py:115} INFO - [2022-07-30 16:57:14,239] {dag.py:2379} INFO - Sync 1 DAGs
[2022-07-30 16:57:14,295] {logging_mixin.py:115} INFO - [2022-07-30 16:57:14,295] {dag.py:2931} INFO - Setting next_dagrun for external_sensor_parent_dag_s3 to 2022-07-29T00:00:00+00:00, run_after=2022-07-30T00:00:00+00:00
[2022-07-30 16:57:14,332] {processor.py:161} INFO - Processing /opt/airflow/dags/external_task_sensor/external_task_sensor_parent_dag1.py took 0.176 seconds
[2022-07-30 16:57:44,948] {processor.py:153} INFO - Started process (PID=2117) to work on /opt/airflow/dags/external_task_sensor/external_task_sensor_parent_dag1.py
[2022-07-30 16:57:44,960] {processor.py:641} INFO - Processing file /opt/airflow/dags/external_task_sensor/external_task_sensor_parent_dag1.py for tasks to queue
[2022-07-30 16:57:44,961] {logging_mixin.py:115} INFO - [2022-07-30 16:57:44,960] {dagbag.py:507} INFO - Filling up the DagBag from /opt/airflow/dags/external_task_sensor/external_task_sensor_parent_dag1.py
[2022-07-30 16:57:44,978] {processor.py:651} INFO - DAG(s) dict_keys(['external_sensor_parent_dag_s3']) retrieved from /opt/airflow/dags/external_task_sensor/external_task_sensor_parent_dag1.py
[2022-07-30 16:57:45,036] {logging_mixin.py:115} INFO - [2022-07-30 16:57:45,036] {dag.py:2379} INFO - Sync 1 DAGs
[2022-07-30 16:57:45,110] {logging_mixin.py:115} INFO - [2022-07-30 16:57:45,110] {dag.py:2931} INFO - Setting next_dagrun for external_sensor_parent_dag_s3 to 2022-07-29T00:00:00+00:00, run_after=2022-07-30T00:00:00+00:00
[2022-07-30 16:57:45,142] {processor.py:161} INFO - Processing /opt/airflow/dags/external_task_sensor/external_task_sensor_parent_dag1.py took 0.198 seconds
[2022-07-30 16:58:16,019] {processor.py:153} INFO - Started process (PID=2200) to work on /opt/airflow/dags/external_task_sensor/external_task_sensor_parent_dag1.py
[2022-07-30 16:58:16,020] {processor.py:641} INFO - Processing file /opt/airflow/dags/external_task_sensor/external_task_sensor_parent_dag1.py for tasks to queue
[2022-07-30 16:58:16,021] {logging_mixin.py:115} INFO - [2022-07-30 16:58:16,021] {dagbag.py:507} INFO - Filling up the DagBag from /opt/airflow/dags/external_task_sensor/external_task_sensor_parent_dag1.py
[2022-07-30 16:58:16,042] {processor.py:651} INFO - DAG(s) dict_keys(['external_sensor_parent_dag_s3']) retrieved from /opt/airflow/dags/external_task_sensor/external_task_sensor_parent_dag1.py
[2022-07-30 16:58:16,087] {logging_mixin.py:115} INFO - [2022-07-30 16:58:16,087] {dag.py:2379} INFO - Sync 1 DAGs
[2022-07-30 16:58:16,151] {logging_mixin.py:115} INFO - [2022-07-30 16:58:16,151] {dag.py:2931} INFO - Setting next_dagrun for external_sensor_parent_dag_s3 to 2022-07-29T00:00:00+00:00, run_after=2022-07-30T00:00:00+00:00
[2022-07-30 16:58:16,182] {processor.py:161} INFO - Processing /opt/airflow/dags/external_task_sensor/external_task_sensor_parent_dag1.py took 0.171 seconds
[2022-07-30 16:58:47,087] {processor.py:153} INFO - Started process (PID=2272) to work on /opt/airflow/dags/external_task_sensor/external_task_sensor_parent_dag1.py
[2022-07-30 16:58:47,095] {processor.py:641} INFO - Processing file /opt/airflow/dags/external_task_sensor/external_task_sensor_parent_dag1.py for tasks to queue
[2022-07-30 16:58:47,095] {logging_mixin.py:115} INFO - [2022-07-30 16:58:47,095] {dagbag.py:507} INFO - Filling up the DagBag from /opt/airflow/dags/external_task_sensor/external_task_sensor_parent_dag1.py
[2022-07-30 16:58:47,123] {processor.py:651} INFO - DAG(s) dict_keys(['external_sensor_parent_dag_s3']) retrieved from /opt/airflow/dags/external_task_sensor/external_task_sensor_parent_dag1.py
[2022-07-30 16:58:47,216] {logging_mixin.py:115} INFO - [2022-07-30 16:58:47,216] {dag.py:2379} INFO - Sync 1 DAGs
[2022-07-30 16:58:47,306] {logging_mixin.py:115} INFO - [2022-07-30 16:58:47,306] {dag.py:2931} INFO - Setting next_dagrun for external_sensor_parent_dag_s3 to 2022-07-29T00:00:00+00:00, run_after=2022-07-30T00:00:00+00:00
[2022-07-30 16:58:47,352] {processor.py:161} INFO - Processing /opt/airflow/dags/external_task_sensor/external_task_sensor_parent_dag1.py took 0.269 seconds
[2022-07-30 16:59:17,904] {processor.py:153} INFO - Started process (PID=2356) to work on /opt/airflow/dags/external_task_sensor/external_task_sensor_parent_dag1.py
[2022-07-30 16:59:17,904] {processor.py:641} INFO - Processing file /opt/airflow/dags/external_task_sensor/external_task_sensor_parent_dag1.py for tasks to queue
[2022-07-30 16:59:17,905] {logging_mixin.py:115} INFO - [2022-07-30 16:59:17,905] {dagbag.py:507} INFO - Filling up the DagBag from /opt/airflow/dags/external_task_sensor/external_task_sensor_parent_dag1.py
[2022-07-30 16:59:17,914] {processor.py:651} INFO - DAG(s) dict_keys(['external_sensor_parent_dag_s3']) retrieved from /opt/airflow/dags/external_task_sensor/external_task_sensor_parent_dag1.py
[2022-07-30 16:59:17,949] {logging_mixin.py:115} INFO - [2022-07-30 16:59:17,949] {dag.py:2379} INFO - Sync 1 DAGs
[2022-07-30 16:59:17,976] {logging_mixin.py:115} INFO - [2022-07-30 16:59:17,976] {dag.py:2931} INFO - Setting next_dagrun for external_sensor_parent_dag_s3 to 2022-07-29T00:00:00+00:00, run_after=2022-07-30T00:00:00+00:00
[2022-07-30 16:59:17,986] {processor.py:161} INFO - Processing /opt/airflow/dags/external_task_sensor/external_task_sensor_parent_dag1.py took 0.087 seconds
[2022-07-30 16:59:48,470] {processor.py:153} INFO - Started process (PID=2436) to work on /opt/airflow/dags/external_task_sensor/external_task_sensor_parent_dag1.py
[2022-07-30 16:59:48,472] {processor.py:641} INFO - Processing file /opt/airflow/dags/external_task_sensor/external_task_sensor_parent_dag1.py for tasks to queue
[2022-07-30 16:59:48,474] {logging_mixin.py:115} INFO - [2022-07-30 16:59:48,473] {dagbag.py:507} INFO - Filling up the DagBag from /opt/airflow/dags/external_task_sensor/external_task_sensor_parent_dag1.py
[2022-07-30 16:59:48,498] {processor.py:651} INFO - DAG(s) dict_keys(['external_sensor_parent_dag_s3']) retrieved from /opt/airflow/dags/external_task_sensor/external_task_sensor_parent_dag1.py
[2022-07-30 16:59:48,589] {logging_mixin.py:115} INFO - [2022-07-30 16:59:48,588] {dag.py:2379} INFO - Sync 1 DAGs
[2022-07-30 16:59:48,674] {logging_mixin.py:115} INFO - [2022-07-30 16:59:48,673] {dag.py:2931} INFO - Setting next_dagrun for external_sensor_parent_dag_s3 to 2022-07-29T00:00:00+00:00, run_after=2022-07-30T00:00:00+00:00
[2022-07-30 16:59:48,710] {processor.py:161} INFO - Processing /opt/airflow/dags/external_task_sensor/external_task_sensor_parent_dag1.py took 0.250 seconds
[2022-07-30 17:00:19,166] {processor.py:153} INFO - Started process (PID=2508) to work on /opt/airflow/dags/external_task_sensor/external_task_sensor_parent_dag1.py
[2022-07-30 17:00:19,166] {processor.py:641} INFO - Processing file /opt/airflow/dags/external_task_sensor/external_task_sensor_parent_dag1.py for tasks to queue
[2022-07-30 17:00:19,167] {logging_mixin.py:115} INFO - [2022-07-30 17:00:19,167] {dagbag.py:507} INFO - Filling up the DagBag from /opt/airflow/dags/external_task_sensor/external_task_sensor_parent_dag1.py
[2022-07-30 17:00:19,176] {processor.py:651} INFO - DAG(s) dict_keys(['external_sensor_parent_dag_s3']) retrieved from /opt/airflow/dags/external_task_sensor/external_task_sensor_parent_dag1.py
[2022-07-30 17:00:19,207] {logging_mixin.py:115} INFO - [2022-07-30 17:00:19,207] {dag.py:2379} INFO - Sync 1 DAGs
[2022-07-30 17:00:19,253] {logging_mixin.py:115} INFO - [2022-07-30 17:00:19,253] {dag.py:2931} INFO - Setting next_dagrun for external_sensor_parent_dag_s3 to 2022-07-29T00:00:00+00:00, run_after=2022-07-30T00:00:00+00:00
[2022-07-30 17:00:19,272] {processor.py:161} INFO - Processing /opt/airflow/dags/external_task_sensor/external_task_sensor_parent_dag1.py took 0.110 seconds
[2022-07-30 17:00:49,967] {processor.py:153} INFO - Started process (PID=2595) to work on /opt/airflow/dags/external_task_sensor/external_task_sensor_parent_dag1.py
[2022-07-30 17:00:49,976] {processor.py:641} INFO - Processing file /opt/airflow/dags/external_task_sensor/external_task_sensor_parent_dag1.py for tasks to queue
[2022-07-30 17:00:49,976] {logging_mixin.py:115} INFO - [2022-07-30 17:00:49,976] {dagbag.py:507} INFO - Filling up the DagBag from /opt/airflow/dags/external_task_sensor/external_task_sensor_parent_dag1.py
[2022-07-30 17:00:49,988] {processor.py:651} INFO - DAG(s) dict_keys(['external_sensor_parent_dag_s3']) retrieved from /opt/airflow/dags/external_task_sensor/external_task_sensor_parent_dag1.py
[2022-07-30 17:00:50,030] {logging_mixin.py:115} INFO - [2022-07-30 17:00:50,030] {dag.py:2379} INFO - Sync 1 DAGs
[2022-07-30 17:00:50,063] {logging_mixin.py:115} INFO - [2022-07-30 17:00:50,063] {dag.py:2931} INFO - Setting next_dagrun for external_sensor_parent_dag_s3 to 2022-07-29T00:00:00+00:00, run_after=2022-07-30T00:00:00+00:00
[2022-07-30 17:00:50,084] {processor.py:161} INFO - Processing /opt/airflow/dags/external_task_sensor/external_task_sensor_parent_dag1.py took 0.121 seconds
[2022-07-30 17:01:20,442] {processor.py:153} INFO - Started process (PID=2667) to work on /opt/airflow/dags/external_task_sensor/external_task_sensor_parent_dag1.py
[2022-07-30 17:01:20,443] {processor.py:641} INFO - Processing file /opt/airflow/dags/external_task_sensor/external_task_sensor_parent_dag1.py for tasks to queue
[2022-07-30 17:01:20,443] {logging_mixin.py:115} INFO - [2022-07-30 17:01:20,443] {dagbag.py:507} INFO - Filling up the DagBag from /opt/airflow/dags/external_task_sensor/external_task_sensor_parent_dag1.py
[2022-07-30 17:01:20,452] {processor.py:651} INFO - DAG(s) dict_keys(['external_sensor_parent_dag_s3']) retrieved from /opt/airflow/dags/external_task_sensor/external_task_sensor_parent_dag1.py
[2022-07-30 17:01:20,482] {logging_mixin.py:115} INFO - [2022-07-30 17:01:20,482] {dag.py:2379} INFO - Sync 1 DAGs
[2022-07-30 17:01:20,514] {logging_mixin.py:115} INFO - [2022-07-30 17:01:20,514] {dag.py:2931} INFO - Setting next_dagrun for external_sensor_parent_dag_s3 to 2022-07-29T00:00:00+00:00, run_after=2022-07-30T00:00:00+00:00
[2022-07-30 17:01:20,532] {processor.py:161} INFO - Processing /opt/airflow/dags/external_task_sensor/external_task_sensor_parent_dag1.py took 0.093 seconds
[2022-07-30 17:01:52,547] {processor.py:153} INFO - Started process (PID=2750) to work on /opt/airflow/dags/external_task_sensor/external_task_sensor_parent_dag1.py
[2022-07-30 17:01:52,556] {processor.py:641} INFO - Processing file /opt/airflow/dags/external_task_sensor/external_task_sensor_parent_dag1.py for tasks to queue
[2022-07-30 17:01:52,557] {logging_mixin.py:115} INFO - [2022-07-30 17:01:52,556] {dagbag.py:507} INFO - Filling up the DagBag from /opt/airflow/dags/external_task_sensor/external_task_sensor_parent_dag1.py
[2022-07-30 17:01:52,574] {processor.py:651} INFO - DAG(s) dict_keys(['external_sensor_parent_dag_s3']) retrieved from /opt/airflow/dags/external_task_sensor/external_task_sensor_parent_dag1.py
[2022-07-30 17:01:52,632] {logging_mixin.py:115} INFO - [2022-07-30 17:01:52,632] {dag.py:2379} INFO - Sync 1 DAGs
[2022-07-30 17:01:52,689] {logging_mixin.py:115} INFO - [2022-07-30 17:01:52,689] {dag.py:2931} INFO - Setting next_dagrun for external_sensor_parent_dag_s3 to 2022-07-29T00:00:00+00:00, run_after=2022-07-30T00:00:00+00:00
[2022-07-30 17:01:52,725] {processor.py:161} INFO - Processing /opt/airflow/dags/external_task_sensor/external_task_sensor_parent_dag1.py took 0.182 seconds
[2022-07-30 17:02:23,122] {processor.py:153} INFO - Started process (PID=2826) to work on /opt/airflow/dags/external_task_sensor/external_task_sensor_parent_dag1.py
[2022-07-30 17:02:23,124] {processor.py:641} INFO - Processing file /opt/airflow/dags/external_task_sensor/external_task_sensor_parent_dag1.py for tasks to queue
[2022-07-30 17:02:23,125] {logging_mixin.py:115} INFO - [2022-07-30 17:02:23,125] {dagbag.py:507} INFO - Filling up the DagBag from /opt/airflow/dags/external_task_sensor/external_task_sensor_parent_dag1.py
[2022-07-30 17:02:23,135] {processor.py:651} INFO - DAG(s) dict_keys(['external_sensor_parent_dag_s3']) retrieved from /opt/airflow/dags/external_task_sensor/external_task_sensor_parent_dag1.py
[2022-07-30 17:02:23,179] {logging_mixin.py:115} INFO - [2022-07-30 17:02:23,179] {dag.py:2379} INFO - Sync 1 DAGs
[2022-07-30 17:02:23,213] {logging_mixin.py:115} INFO - [2022-07-30 17:02:23,213] {dag.py:2931} INFO - Setting next_dagrun for external_sensor_parent_dag_s3 to 2022-07-29T00:00:00+00:00, run_after=2022-07-30T00:00:00+00:00
[2022-07-30 17:02:23,227] {processor.py:161} INFO - Processing /opt/airflow/dags/external_task_sensor/external_task_sensor_parent_dag1.py took 0.109 seconds
[2022-07-30 17:02:53,305] {processor.py:153} INFO - Started process (PID=2903) to work on /opt/airflow/dags/external_task_sensor/external_task_sensor_parent_dag1.py
[2022-07-30 17:02:53,305] {processor.py:641} INFO - Processing file /opt/airflow/dags/external_task_sensor/external_task_sensor_parent_dag1.py for tasks to queue
[2022-07-30 17:02:53,306] {logging_mixin.py:115} INFO - [2022-07-30 17:02:53,306] {dagbag.py:507} INFO - Filling up the DagBag from /opt/airflow/dags/external_task_sensor/external_task_sensor_parent_dag1.py
[2022-07-30 17:02:53,314] {processor.py:651} INFO - DAG(s) dict_keys(['external_sensor_parent_dag_s3']) retrieved from /opt/airflow/dags/external_task_sensor/external_task_sensor_parent_dag1.py
[2022-07-30 17:02:53,343] {logging_mixin.py:115} INFO - [2022-07-30 17:02:53,343] {dag.py:2379} INFO - Sync 1 DAGs
[2022-07-30 17:02:53,375] {logging_mixin.py:115} INFO - [2022-07-30 17:02:53,375] {dag.py:2931} INFO - Setting next_dagrun for external_sensor_parent_dag_s3 to 2022-07-29T00:00:00+00:00, run_after=2022-07-30T00:00:00+00:00
[2022-07-30 17:02:53,389] {processor.py:161} INFO - Processing /opt/airflow/dags/external_task_sensor/external_task_sensor_parent_dag1.py took 0.088 seconds
[2022-07-30 17:03:23,658] {processor.py:153} INFO - Started process (PID=2985) to work on /opt/airflow/dags/external_task_sensor/external_task_sensor_parent_dag1.py
[2022-07-30 17:03:23,660] {processor.py:641} INFO - Processing file /opt/airflow/dags/external_task_sensor/external_task_sensor_parent_dag1.py for tasks to queue
[2022-07-30 17:03:23,661] {logging_mixin.py:115} INFO - [2022-07-30 17:03:23,661] {dagbag.py:507} INFO - Filling up the DagBag from /opt/airflow/dags/external_task_sensor/external_task_sensor_parent_dag1.py
[2022-07-30 17:03:23,675] {processor.py:651} INFO - DAG(s) dict_keys(['external_sensor_parent_dag_s3']) retrieved from /opt/airflow/dags/external_task_sensor/external_task_sensor_parent_dag1.py
[2022-07-30 17:03:23,740] {logging_mixin.py:115} INFO - [2022-07-30 17:03:23,740] {dag.py:2379} INFO - Sync 1 DAGs
[2022-07-30 17:03:23,799] {logging_mixin.py:115} INFO - [2022-07-30 17:03:23,799] {dag.py:2931} INFO - Setting next_dagrun for external_sensor_parent_dag_s3 to 2022-07-29T00:00:00+00:00, run_after=2022-07-30T00:00:00+00:00
[2022-07-30 17:03:23,836] {processor.py:161} INFO - Processing /opt/airflow/dags/external_task_sensor/external_task_sensor_parent_dag1.py took 0.181 seconds
[2022-07-30 17:03:54,547] {processor.py:153} INFO - Started process (PID=3059) to work on /opt/airflow/dags/external_task_sensor/external_task_sensor_parent_dag1.py
[2022-07-30 17:03:54,566] {processor.py:641} INFO - Processing file /opt/airflow/dags/external_task_sensor/external_task_sensor_parent_dag1.py for tasks to queue
[2022-07-30 17:03:54,566] {logging_mixin.py:115} INFO - [2022-07-30 17:03:54,566] {dagbag.py:507} INFO - Filling up the DagBag from /opt/airflow/dags/external_task_sensor/external_task_sensor_parent_dag1.py
[2022-07-30 17:03:54,590] {processor.py:651} INFO - DAG(s) dict_keys(['external_sensor_parent_dag_s3']) retrieved from /opt/airflow/dags/external_task_sensor/external_task_sensor_parent_dag1.py
[2022-07-30 17:03:54,644] {logging_mixin.py:115} INFO - [2022-07-30 17:03:54,644] {dag.py:2379} INFO - Sync 1 DAGs
[2022-07-30 17:03:54,711] {logging_mixin.py:115} INFO - [2022-07-30 17:03:54,711] {dag.py:2931} INFO - Setting next_dagrun for external_sensor_parent_dag_s3 to 2022-07-29T00:00:00+00:00, run_after=2022-07-30T00:00:00+00:00
[2022-07-30 17:03:54,740] {processor.py:161} INFO - Processing /opt/airflow/dags/external_task_sensor/external_task_sensor_parent_dag1.py took 0.198 seconds
[2022-07-30 17:04:25,418] {processor.py:153} INFO - Started process (PID=3139) to work on /opt/airflow/dags/external_task_sensor/external_task_sensor_parent_dag1.py
[2022-07-30 17:04:25,419] {processor.py:641} INFO - Processing file /opt/airflow/dags/external_task_sensor/external_task_sensor_parent_dag1.py for tasks to queue
[2022-07-30 17:04:25,420] {logging_mixin.py:115} INFO - [2022-07-30 17:04:25,420] {dagbag.py:507} INFO - Filling up the DagBag from /opt/airflow/dags/external_task_sensor/external_task_sensor_parent_dag1.py
[2022-07-30 17:04:25,447] {processor.py:651} INFO - DAG(s) dict_keys(['external_sensor_parent_dag_s3']) retrieved from /opt/airflow/dags/external_task_sensor/external_task_sensor_parent_dag1.py
[2022-07-30 17:04:25,604] {logging_mixin.py:115} INFO - [2022-07-30 17:04:25,604] {dag.py:2379} INFO - Sync 1 DAGs
[2022-07-30 17:04:25,662] {logging_mixin.py:115} INFO - [2022-07-30 17:04:25,662] {dag.py:2931} INFO - Setting next_dagrun for external_sensor_parent_dag_s3 to 2022-07-29T00:00:00+00:00, run_after=2022-07-30T00:00:00+00:00
[2022-07-30 17:04:25,709] {processor.py:161} INFO - Processing /opt/airflow/dags/external_task_sensor/external_task_sensor_parent_dag1.py took 0.331 seconds
[2022-07-30 17:04:56,667] {processor.py:153} INFO - Started process (PID=3218) to work on /opt/airflow/dags/external_task_sensor/external_task_sensor_parent_dag1.py
[2022-07-30 17:04:56,678] {processor.py:641} INFO - Processing file /opt/airflow/dags/external_task_sensor/external_task_sensor_parent_dag1.py for tasks to queue
[2022-07-30 17:04:56,679] {logging_mixin.py:115} INFO - [2022-07-30 17:04:56,679] {dagbag.py:507} INFO - Filling up the DagBag from /opt/airflow/dags/external_task_sensor/external_task_sensor_parent_dag1.py
[2022-07-30 17:04:56,709] {processor.py:651} INFO - DAG(s) dict_keys(['external_sensor_parent_dag_s3']) retrieved from /opt/airflow/dags/external_task_sensor/external_task_sensor_parent_dag1.py
[2022-07-30 17:04:56,800] {logging_mixin.py:115} INFO - [2022-07-30 17:04:56,800] {dag.py:2379} INFO - Sync 1 DAGs
[2022-07-30 17:04:56,836] {logging_mixin.py:115} INFO - [2022-07-30 17:04:56,835] {dag.py:2931} INFO - Setting next_dagrun for external_sensor_parent_dag_s3 to 2022-07-29T00:00:00+00:00, run_after=2022-07-30T00:00:00+00:00
[2022-07-30 17:04:56,864] {processor.py:161} INFO - Processing /opt/airflow/dags/external_task_sensor/external_task_sensor_parent_dag1.py took 0.233 seconds
[2022-07-30 17:05:26,915] {processor.py:153} INFO - Started process (PID=3303) to work on /opt/airflow/dags/external_task_sensor/external_task_sensor_parent_dag1.py
[2022-07-30 17:05:26,916] {processor.py:641} INFO - Processing file /opt/airflow/dags/external_task_sensor/external_task_sensor_parent_dag1.py for tasks to queue
[2022-07-30 17:05:26,916] {logging_mixin.py:115} INFO - [2022-07-30 17:05:26,916] {dagbag.py:507} INFO - Filling up the DagBag from /opt/airflow/dags/external_task_sensor/external_task_sensor_parent_dag1.py
[2022-07-30 17:05:26,929] {processor.py:651} INFO - DAG(s) dict_keys(['external_sensor_parent_dag_s3']) retrieved from /opt/airflow/dags/external_task_sensor/external_task_sensor_parent_dag1.py
[2022-07-30 17:05:26,988] {logging_mixin.py:115} INFO - [2022-07-30 17:05:26,988] {dag.py:2379} INFO - Sync 1 DAGs
[2022-07-30 17:05:27,054] {logging_mixin.py:115} INFO - [2022-07-30 17:05:27,054] {dag.py:2931} INFO - Setting next_dagrun for external_sensor_parent_dag_s3 to 2022-07-29T00:00:00+00:00, run_after=2022-07-30T00:00:00+00:00
[2022-07-30 17:05:27,101] {processor.py:161} INFO - Processing /opt/airflow/dags/external_task_sensor/external_task_sensor_parent_dag1.py took 0.196 seconds
[2022-07-30 17:05:57,377] {processor.py:153} INFO - Started process (PID=3382) to work on /opt/airflow/dags/external_task_sensor/external_task_sensor_parent_dag1.py
[2022-07-30 17:05:57,378] {processor.py:641} INFO - Processing file /opt/airflow/dags/external_task_sensor/external_task_sensor_parent_dag1.py for tasks to queue
[2022-07-30 17:05:57,378] {logging_mixin.py:115} INFO - [2022-07-30 17:05:57,378] {dagbag.py:507} INFO - Filling up the DagBag from /opt/airflow/dags/external_task_sensor/external_task_sensor_parent_dag1.py
[2022-07-30 17:05:57,387] {processor.py:651} INFO - DAG(s) dict_keys(['external_sensor_parent_dag_s3']) retrieved from /opt/airflow/dags/external_task_sensor/external_task_sensor_parent_dag1.py
[2022-07-30 17:05:57,452] {logging_mixin.py:115} INFO - [2022-07-30 17:05:57,452] {dag.py:2379} INFO - Sync 1 DAGs
[2022-07-30 17:05:57,524] {logging_mixin.py:115} INFO - [2022-07-30 17:05:57,524] {dag.py:2931} INFO - Setting next_dagrun for external_sensor_parent_dag_s3 to 2022-07-29T00:00:00+00:00, run_after=2022-07-30T00:00:00+00:00
[2022-07-30 17:05:57,545] {processor.py:161} INFO - Processing /opt/airflow/dags/external_task_sensor/external_task_sensor_parent_dag1.py took 0.182 seconds
[2022-07-30 17:06:28,214] {processor.py:153} INFO - Started process (PID=3465) to work on /opt/airflow/dags/external_task_sensor/external_task_sensor_parent_dag1.py
[2022-07-30 17:06:28,215] {processor.py:641} INFO - Processing file /opt/airflow/dags/external_task_sensor/external_task_sensor_parent_dag1.py for tasks to queue
[2022-07-30 17:06:28,215] {logging_mixin.py:115} INFO - [2022-07-30 17:06:28,215] {dagbag.py:507} INFO - Filling up the DagBag from /opt/airflow/dags/external_task_sensor/external_task_sensor_parent_dag1.py
[2022-07-30 17:06:28,237] {processor.py:651} INFO - DAG(s) dict_keys(['external_sensor_parent_dag_s3']) retrieved from /opt/airflow/dags/external_task_sensor/external_task_sensor_parent_dag1.py
[2022-07-30 17:06:28,300] {logging_mixin.py:115} INFO - [2022-07-30 17:06:28,300] {dag.py:2379} INFO - Sync 1 DAGs
[2022-07-30 17:06:28,354] {logging_mixin.py:115} INFO - [2022-07-30 17:06:28,354] {dag.py:2931} INFO - Setting next_dagrun for external_sensor_parent_dag_s3 to 2022-07-29T00:00:00+00:00, run_after=2022-07-30T00:00:00+00:00
[2022-07-30 17:06:28,386] {processor.py:161} INFO - Processing /opt/airflow/dags/external_task_sensor/external_task_sensor_parent_dag1.py took 0.175 seconds
[2022-07-30 17:06:59,193] {processor.py:153} INFO - Started process (PID=3540) to work on /opt/airflow/dags/external_task_sensor/external_task_sensor_parent_dag1.py
[2022-07-30 17:06:59,201] {processor.py:641} INFO - Processing file /opt/airflow/dags/external_task_sensor/external_task_sensor_parent_dag1.py for tasks to queue
[2022-07-30 17:06:59,201] {logging_mixin.py:115} INFO - [2022-07-30 17:06:59,201] {dagbag.py:507} INFO - Filling up the DagBag from /opt/airflow/dags/external_task_sensor/external_task_sensor_parent_dag1.py
[2022-07-30 17:06:59,225] {processor.py:651} INFO - DAG(s) dict_keys(['external_sensor_parent_dag_s3']) retrieved from /opt/airflow/dags/external_task_sensor/external_task_sensor_parent_dag1.py
[2022-07-30 17:06:59,299] {logging_mixin.py:115} INFO - [2022-07-30 17:06:59,299] {dag.py:2379} INFO - Sync 1 DAGs
[2022-07-30 17:06:59,360] {logging_mixin.py:115} INFO - [2022-07-30 17:06:59,360] {dag.py:2931} INFO - Setting next_dagrun for external_sensor_parent_dag_s3 to 2022-07-29T00:00:00+00:00, run_after=2022-07-30T00:00:00+00:00
[2022-07-30 17:06:59,390] {processor.py:161} INFO - Processing /opt/airflow/dags/external_task_sensor/external_task_sensor_parent_dag1.py took 0.213 seconds
[2022-07-30 17:07:29,639] {processor.py:153} INFO - Started process (PID=3619) to work on /opt/airflow/dags/external_task_sensor/external_task_sensor_parent_dag1.py
[2022-07-30 17:07:29,640] {processor.py:641} INFO - Processing file /opt/airflow/dags/external_task_sensor/external_task_sensor_parent_dag1.py for tasks to queue
[2022-07-30 17:07:29,640] {logging_mixin.py:115} INFO - [2022-07-30 17:07:29,640] {dagbag.py:507} INFO - Filling up the DagBag from /opt/airflow/dags/external_task_sensor/external_task_sensor_parent_dag1.py
[2022-07-30 17:07:29,657] {processor.py:651} INFO - DAG(s) dict_keys(['external_sensor_parent_dag_s3']) retrieved from /opt/airflow/dags/external_task_sensor/external_task_sensor_parent_dag1.py
[2022-07-30 17:07:29,712] {logging_mixin.py:115} INFO - [2022-07-30 17:07:29,712] {dag.py:2379} INFO - Sync 1 DAGs
[2022-07-30 17:07:29,763] {logging_mixin.py:115} INFO - [2022-07-30 17:07:29,763] {dag.py:2931} INFO - Setting next_dagrun for external_sensor_parent_dag_s3 to 2022-07-29T00:00:00+00:00, run_after=2022-07-30T00:00:00+00:00
[2022-07-30 17:07:29,793] {processor.py:161} INFO - Processing /opt/airflow/dags/external_task_sensor/external_task_sensor_parent_dag1.py took 0.158 seconds
[2022-07-30 17:08:00,019] {processor.py:153} INFO - Started process (PID=3695) to work on /opt/airflow/dags/external_task_sensor/external_task_sensor_parent_dag1.py
[2022-07-30 17:08:00,028] {processor.py:641} INFO - Processing file /opt/airflow/dags/external_task_sensor/external_task_sensor_parent_dag1.py for tasks to queue
[2022-07-30 17:08:00,029] {logging_mixin.py:115} INFO - [2022-07-30 17:08:00,029] {dagbag.py:507} INFO - Filling up the DagBag from /opt/airflow/dags/external_task_sensor/external_task_sensor_parent_dag1.py
[2022-07-30 17:08:00,046] {processor.py:651} INFO - DAG(s) dict_keys(['external_sensor_parent_dag_s3']) retrieved from /opt/airflow/dags/external_task_sensor/external_task_sensor_parent_dag1.py
[2022-07-30 17:08:00,108] {logging_mixin.py:115} INFO - [2022-07-30 17:08:00,108] {dag.py:2379} INFO - Sync 1 DAGs
[2022-07-30 17:08:00,171] {logging_mixin.py:115} INFO - [2022-07-30 17:08:00,171] {dag.py:2931} INFO - Setting next_dagrun for external_sensor_parent_dag_s3 to 2022-07-29T00:00:00+00:00, run_after=2022-07-30T00:00:00+00:00
[2022-07-30 17:08:00,200] {processor.py:161} INFO - Processing /opt/airflow/dags/external_task_sensor/external_task_sensor_parent_dag1.py took 0.185 seconds
[2022-07-30 17:08:30,328] {processor.py:153} INFO - Started process (PID=3770) to work on /opt/airflow/dags/external_task_sensor/external_task_sensor_parent_dag1.py
[2022-07-30 17:08:30,328] {processor.py:641} INFO - Processing file /opt/airflow/dags/external_task_sensor/external_task_sensor_parent_dag1.py for tasks to queue
[2022-07-30 17:08:30,329] {logging_mixin.py:115} INFO - [2022-07-30 17:08:30,329] {dagbag.py:507} INFO - Filling up the DagBag from /opt/airflow/dags/external_task_sensor/external_task_sensor_parent_dag1.py
[2022-07-30 17:08:30,347] {processor.py:651} INFO - DAG(s) dict_keys(['external_sensor_parent_dag_s3']) retrieved from /opt/airflow/dags/external_task_sensor/external_task_sensor_parent_dag1.py
[2022-07-30 17:08:30,420] {logging_mixin.py:115} INFO - [2022-07-30 17:08:30,420] {dag.py:2379} INFO - Sync 1 DAGs
[2022-07-30 17:08:30,470] {logging_mixin.py:115} INFO - [2022-07-30 17:08:30,470] {dag.py:2931} INFO - Setting next_dagrun for external_sensor_parent_dag_s3 to 2022-07-29T00:00:00+00:00, run_after=2022-07-30T00:00:00+00:00
[2022-07-30 17:08:30,494] {processor.py:161} INFO - Processing /opt/airflow/dags/external_task_sensor/external_task_sensor_parent_dag1.py took 0.182 seconds
[2022-07-30 17:09:00,875] {processor.py:153} INFO - Started process (PID=3856) to work on /opt/airflow/dags/external_task_sensor/external_task_sensor_parent_dag1.py
[2022-07-30 17:09:00,876] {processor.py:641} INFO - Processing file /opt/airflow/dags/external_task_sensor/external_task_sensor_parent_dag1.py for tasks to queue
[2022-07-30 17:09:00,876] {logging_mixin.py:115} INFO - [2022-07-30 17:09:00,876] {dagbag.py:507} INFO - Filling up the DagBag from /opt/airflow/dags/external_task_sensor/external_task_sensor_parent_dag1.py
[2022-07-30 17:09:00,885] {processor.py:651} INFO - DAG(s) dict_keys(['external_sensor_parent_dag_s3']) retrieved from /opt/airflow/dags/external_task_sensor/external_task_sensor_parent_dag1.py
[2022-07-30 17:09:00,916] {logging_mixin.py:115} INFO - [2022-07-30 17:09:00,916] {dag.py:2379} INFO - Sync 1 DAGs
[2022-07-30 17:09:00,949] {logging_mixin.py:115} INFO - [2022-07-30 17:09:00,949] {dag.py:2931} INFO - Setting next_dagrun for external_sensor_parent_dag_s3 to 2022-07-29T00:00:00+00:00, run_after=2022-07-30T00:00:00+00:00
[2022-07-30 17:09:00,964] {processor.py:161} INFO - Processing /opt/airflow/dags/external_task_sensor/external_task_sensor_parent_dag1.py took 0.093 seconds
[2022-07-30 17:09:32,168] {processor.py:153} INFO - Started process (PID=3934) to work on /opt/airflow/dags/external_task_sensor/external_task_sensor_parent_dag1.py
[2022-07-30 17:09:32,168] {processor.py:641} INFO - Processing file /opt/airflow/dags/external_task_sensor/external_task_sensor_parent_dag1.py for tasks to queue
[2022-07-30 17:09:32,169] {logging_mixin.py:115} INFO - [2022-07-30 17:09:32,169] {dagbag.py:507} INFO - Filling up the DagBag from /opt/airflow/dags/external_task_sensor/external_task_sensor_parent_dag1.py
[2022-07-30 17:09:32,186] {processor.py:651} INFO - DAG(s) dict_keys(['external_sensor_parent_dag_s3']) retrieved from /opt/airflow/dags/external_task_sensor/external_task_sensor_parent_dag1.py
[2022-07-30 17:09:32,244] {logging_mixin.py:115} INFO - [2022-07-30 17:09:32,244] {dag.py:2379} INFO - Sync 1 DAGs
[2022-07-30 17:09:32,310] {logging_mixin.py:115} INFO - [2022-07-30 17:09:32,310] {dag.py:2931} INFO - Setting next_dagrun for external_sensor_parent_dag_s3 to 2022-07-29T00:00:00+00:00, run_after=2022-07-30T00:00:00+00:00
[2022-07-30 17:09:32,620] {processor.py:161} INFO - Processing /opt/airflow/dags/external_task_sensor/external_task_sensor_parent_dag1.py took 0.456 seconds
[2022-07-30 17:10:02,762] {processor.py:153} INFO - Started process (PID=4011) to work on /opt/airflow/dags/external_task_sensor/external_task_sensor_parent_dag1.py
[2022-07-30 17:10:02,763] {processor.py:641} INFO - Processing file /opt/airflow/dags/external_task_sensor/external_task_sensor_parent_dag1.py for tasks to queue
[2022-07-30 17:10:02,764] {logging_mixin.py:115} INFO - [2022-07-30 17:10:02,764] {dagbag.py:507} INFO - Filling up the DagBag from /opt/airflow/dags/external_task_sensor/external_task_sensor_parent_dag1.py
[2022-07-30 17:10:02,774] {processor.py:651} INFO - DAG(s) dict_keys(['external_sensor_parent_dag_s3']) retrieved from /opt/airflow/dags/external_task_sensor/external_task_sensor_parent_dag1.py
[2022-07-30 17:10:02,807] {logging_mixin.py:115} INFO - [2022-07-30 17:10:02,807] {dag.py:2379} INFO - Sync 1 DAGs
[2022-07-30 17:10:02,838] {logging_mixin.py:115} INFO - [2022-07-30 17:10:02,838] {dag.py:2931} INFO - Setting next_dagrun for external_sensor_parent_dag_s3 to 2022-07-29T00:00:00+00:00, run_after=2022-07-30T00:00:00+00:00
[2022-07-30 17:10:03,048] {processor.py:161} INFO - Processing /opt/airflow/dags/external_task_sensor/external_task_sensor_parent_dag1.py took 0.290 seconds
[2022-07-30 17:10:34,543] {processor.py:153} INFO - Started process (PID=4099) to work on /opt/airflow/dags/external_task_sensor/external_task_sensor_parent_dag1.py
[2022-07-30 17:10:34,543] {processor.py:641} INFO - Processing file /opt/airflow/dags/external_task_sensor/external_task_sensor_parent_dag1.py for tasks to queue
[2022-07-30 17:10:34,544] {logging_mixin.py:115} INFO - [2022-07-30 17:10:34,544] {dagbag.py:507} INFO - Filling up the DagBag from /opt/airflow/dags/external_task_sensor/external_task_sensor_parent_dag1.py
[2022-07-30 17:10:34,559] {processor.py:651} INFO - DAG(s) dict_keys(['external_sensor_parent_dag_s3']) retrieved from /opt/airflow/dags/external_task_sensor/external_task_sensor_parent_dag1.py
[2022-07-30 17:10:34,615] {logging_mixin.py:115} INFO - [2022-07-30 17:10:34,615] {dag.py:2379} INFO - Sync 1 DAGs
[2022-07-30 17:10:34,662] {logging_mixin.py:115} INFO - [2022-07-30 17:10:34,662] {dag.py:2931} INFO - Setting next_dagrun for external_sensor_parent_dag_s3 to 2022-07-29T00:00:00+00:00, run_after=2022-07-30T00:00:00+00:00
[2022-07-30 17:10:35,033] {processor.py:161} INFO - Processing /opt/airflow/dags/external_task_sensor/external_task_sensor_parent_dag1.py took 0.496 seconds
[2022-07-30 17:11:05,215] {processor.py:153} INFO - Started process (PID=4177) to work on /opt/airflow/dags/external_task_sensor/external_task_sensor_parent_dag1.py
[2022-07-30 17:11:05,216] {processor.py:641} INFO - Processing file /opt/airflow/dags/external_task_sensor/external_task_sensor_parent_dag1.py for tasks to queue
[2022-07-30 17:11:05,216] {logging_mixin.py:115} INFO - [2022-07-30 17:11:05,216] {dagbag.py:507} INFO - Filling up the DagBag from /opt/airflow/dags/external_task_sensor/external_task_sensor_parent_dag1.py
[2022-07-30 17:11:05,225] {processor.py:651} INFO - DAG(s) dict_keys(['external_sensor_parent_dag_s3']) retrieved from /opt/airflow/dags/external_task_sensor/external_task_sensor_parent_dag1.py
[2022-07-30 17:11:05,253] {logging_mixin.py:115} INFO - [2022-07-30 17:11:05,253] {dag.py:2379} INFO - Sync 1 DAGs
[2022-07-30 17:11:05,284] {logging_mixin.py:115} INFO - [2022-07-30 17:11:05,284] {dag.py:2931} INFO - Setting next_dagrun for external_sensor_parent_dag_s3 to 2022-07-29T00:00:00+00:00, run_after=2022-07-30T00:00:00+00:00
[2022-07-30 17:11:05,447] {processor.py:161} INFO - Processing /opt/airflow/dags/external_task_sensor/external_task_sensor_parent_dag1.py took 0.242 seconds
[2022-07-30 17:11:36,390] {processor.py:153} INFO - Started process (PID=4249) to work on /opt/airflow/dags/external_task_sensor/external_task_sensor_parent_dag1.py
[2022-07-30 17:11:36,397] {processor.py:641} INFO - Processing file /opt/airflow/dags/external_task_sensor/external_task_sensor_parent_dag1.py for tasks to queue
[2022-07-30 17:11:36,398] {logging_mixin.py:115} INFO - [2022-07-30 17:11:36,398] {dagbag.py:507} INFO - Filling up the DagBag from /opt/airflow/dags/external_task_sensor/external_task_sensor_parent_dag1.py
[2022-07-30 17:11:36,417] {processor.py:651} INFO - DAG(s) dict_keys(['external_sensor_parent_dag_s3']) retrieved from /opt/airflow/dags/external_task_sensor/external_task_sensor_parent_dag1.py
[2022-07-30 17:11:36,498] {logging_mixin.py:115} INFO - [2022-07-30 17:11:36,498] {dag.py:2379} INFO - Sync 1 DAGs
[2022-07-30 17:11:36,579] {logging_mixin.py:115} INFO - [2022-07-30 17:11:36,579] {dag.py:2931} INFO - Setting next_dagrun for external_sensor_parent_dag_s3 to 2022-07-29T00:00:00+00:00, run_after=2022-07-30T00:00:00+00:00
[2022-07-30 17:11:37,190] {processor.py:161} INFO - Processing /opt/airflow/dags/external_task_sensor/external_task_sensor_parent_dag1.py took 0.808 seconds
[2022-07-30 17:12:09,455] {processor.py:153} INFO - Started process (PID=4332) to work on /opt/airflow/dags/external_task_sensor/external_task_sensor_parent_dag1.py
[2022-07-30 17:12:09,464] {processor.py:641} INFO - Processing file /opt/airflow/dags/external_task_sensor/external_task_sensor_parent_dag1.py for tasks to queue
[2022-07-30 17:12:09,465] {logging_mixin.py:115} INFO - [2022-07-30 17:12:09,464] {dagbag.py:507} INFO - Filling up the DagBag from /opt/airflow/dags/external_task_sensor/external_task_sensor_parent_dag1.py
[2022-07-30 17:12:09,481] {processor.py:651} INFO - DAG(s) dict_keys(['external_sensor_parent_dag_s3']) retrieved from /opt/airflow/dags/external_task_sensor/external_task_sensor_parent_dag1.py
[2022-07-30 17:12:09,540] {logging_mixin.py:115} INFO - [2022-07-30 17:12:09,540] {dag.py:2379} INFO - Sync 1 DAGs
[2022-07-30 17:12:09,599] {logging_mixin.py:115} INFO - [2022-07-30 17:12:09,599] {dag.py:2931} INFO - Setting next_dagrun for external_sensor_parent_dag_s3 to 2022-07-29T00:00:00+00:00, run_after=2022-07-30T00:00:00+00:00
[2022-07-30 17:12:09,832] {processor.py:161} INFO - Processing /opt/airflow/dags/external_task_sensor/external_task_sensor_parent_dag1.py took 0.380 seconds
[2022-07-30 17:12:39,961] {processor.py:153} INFO - Started process (PID=4404) to work on /opt/airflow/dags/external_task_sensor/external_task_sensor_parent_dag1.py
[2022-07-30 17:12:39,961] {processor.py:641} INFO - Processing file /opt/airflow/dags/external_task_sensor/external_task_sensor_parent_dag1.py for tasks to queue
[2022-07-30 17:12:39,962] {logging_mixin.py:115} INFO - [2022-07-30 17:12:39,962] {dagbag.py:507} INFO - Filling up the DagBag from /opt/airflow/dags/external_task_sensor/external_task_sensor_parent_dag1.py
[2022-07-30 17:12:39,968] {processor.py:651} INFO - DAG(s) dict_keys(['external_sensor_parent_dag_s3']) retrieved from /opt/airflow/dags/external_task_sensor/external_task_sensor_parent_dag1.py
[2022-07-30 17:12:39,991] {logging_mixin.py:115} INFO - [2022-07-30 17:12:39,991] {dag.py:2379} INFO - Sync 1 DAGs
[2022-07-30 17:12:40,013] {logging_mixin.py:115} INFO - [2022-07-30 17:12:40,013] {dag.py:2931} INFO - Setting next_dagrun for external_sensor_parent_dag_s3 to 2022-07-29T00:00:00+00:00, run_after=2022-07-30T00:00:00+00:00
[2022-07-30 17:12:40,156] {processor.py:161} INFO - Processing /opt/airflow/dags/external_task_sensor/external_task_sensor_parent_dag1.py took 0.198 seconds
[2022-07-30 17:13:13,735] {processor.py:153} INFO - Started process (PID=4488) to work on /opt/airflow/dags/external_task_sensor/external_task_sensor_parent_dag1.py
[2022-07-30 17:13:13,736] {processor.py:641} INFO - Processing file /opt/airflow/dags/external_task_sensor/external_task_sensor_parent_dag1.py for tasks to queue
[2022-07-30 17:13:13,737] {logging_mixin.py:115} INFO - [2022-07-30 17:13:13,736] {dagbag.py:507} INFO - Filling up the DagBag from /opt/airflow/dags/external_task_sensor/external_task_sensor_parent_dag1.py
[2022-07-30 17:13:13,759] {processor.py:651} INFO - DAG(s) dict_keys(['external_sensor_parent_dag_s3']) retrieved from /opt/airflow/dags/external_task_sensor/external_task_sensor_parent_dag1.py
[2022-07-30 17:13:13,805] {logging_mixin.py:115} INFO - [2022-07-30 17:13:13,805] {dag.py:2379} INFO - Sync 1 DAGs
[2022-07-30 17:13:13,839] {logging_mixin.py:115} INFO - [2022-07-30 17:13:13,839] {dag.py:2931} INFO - Setting next_dagrun for external_sensor_parent_dag_s3 to 2022-07-29T00:00:00+00:00, run_after=2022-07-30T00:00:00+00:00
[2022-07-30 17:13:14,068] {processor.py:161} INFO - Processing /opt/airflow/dags/external_task_sensor/external_task_sensor_parent_dag1.py took 0.338 seconds
[2022-07-30 17:13:44,769] {processor.py:153} INFO - Started process (PID=4562) to work on /opt/airflow/dags/external_task_sensor/external_task_sensor_parent_dag1.py
[2022-07-30 17:13:44,771] {processor.py:641} INFO - Processing file /opt/airflow/dags/external_task_sensor/external_task_sensor_parent_dag1.py for tasks to queue
[2022-07-30 17:13:44,772] {logging_mixin.py:115} INFO - [2022-07-30 17:13:44,772] {dagbag.py:507} INFO - Filling up the DagBag from /opt/airflow/dags/external_task_sensor/external_task_sensor_parent_dag1.py
[2022-07-30 17:13:44,782] {processor.py:651} INFO - DAG(s) dict_keys(['external_sensor_parent_dag_s3']) retrieved from /opt/airflow/dags/external_task_sensor/external_task_sensor_parent_dag1.py
[2022-07-30 17:13:44,812] {logging_mixin.py:115} INFO - [2022-07-30 17:13:44,812] {dag.py:2379} INFO - Sync 1 DAGs
[2022-07-30 17:13:44,846] {logging_mixin.py:115} INFO - [2022-07-30 17:13:44,846] {dag.py:2931} INFO - Setting next_dagrun for external_sensor_parent_dag_s3 to 2022-07-29T00:00:00+00:00, run_after=2022-07-30T00:00:00+00:00
[2022-07-30 17:13:45,030] {processor.py:161} INFO - Processing /opt/airflow/dags/external_task_sensor/external_task_sensor_parent_dag1.py took 0.265 seconds
[2022-07-30 17:14:15,429] {processor.py:153} INFO - Started process (PID=4634) to work on /opt/airflow/dags/external_task_sensor/external_task_sensor_parent_dag1.py
[2022-07-30 17:14:15,430] {processor.py:641} INFO - Processing file /opt/airflow/dags/external_task_sensor/external_task_sensor_parent_dag1.py for tasks to queue
[2022-07-30 17:14:15,431] {logging_mixin.py:115} INFO - [2022-07-30 17:14:15,430] {dagbag.py:507} INFO - Filling up the DagBag from /opt/airflow/dags/external_task_sensor/external_task_sensor_parent_dag1.py
[2022-07-30 17:14:15,445] {processor.py:651} INFO - DAG(s) dict_keys(['external_sensor_parent_dag_s3']) retrieved from /opt/airflow/dags/external_task_sensor/external_task_sensor_parent_dag1.py
[2022-07-30 17:14:15,507] {logging_mixin.py:115} INFO - [2022-07-30 17:14:15,506] {dag.py:2379} INFO - Sync 1 DAGs
[2022-07-30 17:14:15,566] {logging_mixin.py:115} INFO - [2022-07-30 17:14:15,566] {dag.py:2931} INFO - Setting next_dagrun for external_sensor_parent_dag_s3 to 2022-07-29T00:00:00+00:00, run_after=2022-07-30T00:00:00+00:00
[2022-07-30 17:14:15,581] {processor.py:161} INFO - Processing /opt/airflow/dags/external_task_sensor/external_task_sensor_parent_dag1.py took 0.156 seconds
[2022-07-30 17:14:45,930] {processor.py:153} INFO - Started process (PID=4706) to work on /opt/airflow/dags/external_task_sensor/external_task_sensor_parent_dag1.py
[2022-07-30 17:14:45,932] {processor.py:641} INFO - Processing file /opt/airflow/dags/external_task_sensor/external_task_sensor_parent_dag1.py for tasks to queue
[2022-07-30 17:14:45,933] {logging_mixin.py:115} INFO - [2022-07-30 17:14:45,933] {dagbag.py:507} INFO - Filling up the DagBag from /opt/airflow/dags/external_task_sensor/external_task_sensor_parent_dag1.py
[2022-07-30 17:14:45,958] {processor.py:651} INFO - DAG(s) dict_keys(['external_sensor_parent_dag_s3']) retrieved from /opt/airflow/dags/external_task_sensor/external_task_sensor_parent_dag1.py
[2022-07-30 17:14:46,024] {logging_mixin.py:115} INFO - [2022-07-30 17:14:46,024] {dag.py:2379} INFO - Sync 1 DAGs
[2022-07-30 17:14:46,098] {logging_mixin.py:115} INFO - [2022-07-30 17:14:46,098] {dag.py:2931} INFO - Setting next_dagrun for external_sensor_parent_dag_s3 to 2022-07-29T00:00:00+00:00, run_after=2022-07-30T00:00:00+00:00
[2022-07-30 17:14:46,128] {processor.py:161} INFO - Processing /opt/airflow/dags/external_task_sensor/external_task_sensor_parent_dag1.py took 0.214 seconds
[2022-07-30 17:15:17,099] {processor.py:153} INFO - Started process (PID=4786) to work on /opt/airflow/dags/external_task_sensor/external_task_sensor_parent_dag1.py
[2022-07-30 17:15:17,100] {processor.py:641} INFO - Processing file /opt/airflow/dags/external_task_sensor/external_task_sensor_parent_dag1.py for tasks to queue
[2022-07-30 17:15:17,100] {logging_mixin.py:115} INFO - [2022-07-30 17:15:17,100] {dagbag.py:507} INFO - Filling up the DagBag from /opt/airflow/dags/external_task_sensor/external_task_sensor_parent_dag1.py
[2022-07-30 17:15:17,124] {processor.py:651} INFO - DAG(s) dict_keys(['external_sensor_parent_dag_s3']) retrieved from /opt/airflow/dags/external_task_sensor/external_task_sensor_parent_dag1.py
[2022-07-30 17:15:17,212] {logging_mixin.py:115} INFO - [2022-07-30 17:15:17,212] {dag.py:2379} INFO - Sync 1 DAGs
[2022-07-30 17:15:17,310] {logging_mixin.py:115} INFO - [2022-07-30 17:15:17,310] {dag.py:2931} INFO - Setting next_dagrun for external_sensor_parent_dag_s3 to 2022-07-29T00:00:00+00:00, run_after=2022-07-30T00:00:00+00:00
[2022-07-30 17:15:17,354] {processor.py:161} INFO - Processing /opt/airflow/dags/external_task_sensor/external_task_sensor_parent_dag1.py took 0.267 seconds
[2022-07-30 17:15:48,234] {processor.py:153} INFO - Started process (PID=4864) to work on /opt/airflow/dags/external_task_sensor/external_task_sensor_parent_dag1.py
[2022-07-30 17:15:48,234] {processor.py:641} INFO - Processing file /opt/airflow/dags/external_task_sensor/external_task_sensor_parent_dag1.py for tasks to queue
[2022-07-30 17:15:48,235] {logging_mixin.py:115} INFO - [2022-07-30 17:15:48,235] {dagbag.py:507} INFO - Filling up the DagBag from /opt/airflow/dags/external_task_sensor/external_task_sensor_parent_dag1.py
[2022-07-30 17:15:48,249] {processor.py:651} INFO - DAG(s) dict_keys(['external_sensor_parent_dag_s3']) retrieved from /opt/airflow/dags/external_task_sensor/external_task_sensor_parent_dag1.py
[2022-07-30 17:15:48,302] {logging_mixin.py:115} INFO - [2022-07-30 17:15:48,302] {dag.py:2379} INFO - Sync 1 DAGs
[2022-07-30 17:15:48,387] {logging_mixin.py:115} INFO - [2022-07-30 17:15:48,387] {dag.py:2931} INFO - Setting next_dagrun for external_sensor_parent_dag_s3 to 2022-07-29T00:00:00+00:00, run_after=2022-07-30T00:00:00+00:00
[2022-07-30 17:15:48,407] {processor.py:161} INFO - Processing /opt/airflow/dags/external_task_sensor/external_task_sensor_parent_dag1.py took 0.178 seconds
[2022-07-30 17:16:18,726] {processor.py:153} INFO - Started process (PID=4937) to work on /opt/airflow/dags/external_task_sensor/external_task_sensor_parent_dag1.py
[2022-07-30 17:16:18,727] {processor.py:641} INFO - Processing file /opt/airflow/dags/external_task_sensor/external_task_sensor_parent_dag1.py for tasks to queue
[2022-07-30 17:16:18,728] {logging_mixin.py:115} INFO - [2022-07-30 17:16:18,727] {dagbag.py:507} INFO - Filling up the DagBag from /opt/airflow/dags/external_task_sensor/external_task_sensor_parent_dag1.py
[2022-07-30 17:16:18,736] {processor.py:651} INFO - DAG(s) dict_keys(['external_sensor_parent_dag_s3']) retrieved from /opt/airflow/dags/external_task_sensor/external_task_sensor_parent_dag1.py
[2022-07-30 17:16:18,772] {logging_mixin.py:115} INFO - [2022-07-30 17:16:18,772] {dag.py:2379} INFO - Sync 1 DAGs
[2022-07-30 17:16:18,807] {logging_mixin.py:115} INFO - [2022-07-30 17:16:18,807] {dag.py:2931} INFO - Setting next_dagrun for external_sensor_parent_dag_s3 to 2022-07-29T00:00:00+00:00, run_after=2022-07-30T00:00:00+00:00
[2022-07-30 17:16:18,820] {processor.py:161} INFO - Processing /opt/airflow/dags/external_task_sensor/external_task_sensor_parent_dag1.py took 0.098 seconds
[2022-07-30 17:16:49,351] {processor.py:153} INFO - Started process (PID=5024) to work on /opt/airflow/dags/external_task_sensor/external_task_sensor_parent_dag1.py
[2022-07-30 17:16:49,351] {processor.py:641} INFO - Processing file /opt/airflow/dags/external_task_sensor/external_task_sensor_parent_dag1.py for tasks to queue
[2022-07-30 17:16:49,352] {logging_mixin.py:115} INFO - [2022-07-30 17:16:49,352] {dagbag.py:507} INFO - Filling up the DagBag from /opt/airflow/dags/external_task_sensor/external_task_sensor_parent_dag1.py
[2022-07-30 17:16:49,379] {processor.py:651} INFO - DAG(s) dict_keys(['external_sensor_parent_dag_s3']) retrieved from /opt/airflow/dags/external_task_sensor/external_task_sensor_parent_dag1.py
[2022-07-30 17:16:49,519] {logging_mixin.py:115} INFO - [2022-07-30 17:16:49,519] {dag.py:2379} INFO - Sync 1 DAGs
[2022-07-30 17:16:49,703] {logging_mixin.py:115} INFO - [2022-07-30 17:16:49,703] {dag.py:2931} INFO - Setting next_dagrun for external_sensor_parent_dag_s3 to 2022-07-29T00:00:00+00:00, run_after=2022-07-30T00:00:00+00:00
[2022-07-30 17:16:49,768] {processor.py:161} INFO - Processing /opt/airflow/dags/external_task_sensor/external_task_sensor_parent_dag1.py took 0.423 seconds
[2022-07-30 17:17:20,515] {processor.py:153} INFO - Started process (PID=5095) to work on /opt/airflow/dags/external_task_sensor/external_task_sensor_parent_dag1.py
[2022-07-30 17:17:20,517] {processor.py:641} INFO - Processing file /opt/airflow/dags/external_task_sensor/external_task_sensor_parent_dag1.py for tasks to queue
[2022-07-30 17:17:20,517] {logging_mixin.py:115} INFO - [2022-07-30 17:17:20,517] {dagbag.py:507} INFO - Filling up the DagBag from /opt/airflow/dags/external_task_sensor/external_task_sensor_parent_dag1.py
[2022-07-30 17:17:20,527] {processor.py:651} INFO - DAG(s) dict_keys(['external_sensor_parent_dag_s3']) retrieved from /opt/airflow/dags/external_task_sensor/external_task_sensor_parent_dag1.py
[2022-07-30 17:17:20,580] {logging_mixin.py:115} INFO - [2022-07-30 17:17:20,580] {dag.py:2379} INFO - Sync 1 DAGs
[2022-07-30 17:17:20,613] {logging_mixin.py:115} INFO - [2022-07-30 17:17:20,612] {dag.py:2931} INFO - Setting next_dagrun for external_sensor_parent_dag_s3 to 2022-07-29T00:00:00+00:00, run_after=2022-07-30T00:00:00+00:00
[2022-07-30 17:17:20,626] {processor.py:161} INFO - Processing /opt/airflow/dags/external_task_sensor/external_task_sensor_parent_dag1.py took 0.114 seconds
[2022-07-30 17:17:51,311] {processor.py:153} INFO - Started process (PID=5173) to work on /opt/airflow/dags/external_task_sensor/external_task_sensor_parent_dag1.py
[2022-07-30 17:17:51,311] {processor.py:641} INFO - Processing file /opt/airflow/dags/external_task_sensor/external_task_sensor_parent_dag1.py for tasks to queue
[2022-07-30 17:17:51,320] {logging_mixin.py:115} INFO - [2022-07-30 17:17:51,313] {dagbag.py:507} INFO - Filling up the DagBag from /opt/airflow/dags/external_task_sensor/external_task_sensor_parent_dag1.py
[2022-07-30 17:17:51,336] {processor.py:651} INFO - DAG(s) dict_keys(['external_sensor_parent_dag_s3']) retrieved from /opt/airflow/dags/external_task_sensor/external_task_sensor_parent_dag1.py
[2022-07-30 17:17:51,412] {logging_mixin.py:115} INFO - [2022-07-30 17:17:51,412] {dag.py:2379} INFO - Sync 1 DAGs
[2022-07-30 17:17:51,479] {logging_mixin.py:115} INFO - [2022-07-30 17:17:51,479] {dag.py:2931} INFO - Setting next_dagrun for external_sensor_parent_dag_s3 to 2022-07-29T00:00:00+00:00, run_after=2022-07-30T00:00:00+00:00
[2022-07-30 17:17:51,509] {processor.py:161} INFO - Processing /opt/airflow/dags/external_task_sensor/external_task_sensor_parent_dag1.py took 0.202 seconds
[2022-07-30 17:18:21,983] {processor.py:153} INFO - Started process (PID=5260) to work on /opt/airflow/dags/external_task_sensor/external_task_sensor_parent_dag1.py
[2022-07-30 17:18:21,988] {processor.py:641} INFO - Processing file /opt/airflow/dags/external_task_sensor/external_task_sensor_parent_dag1.py for tasks to queue
[2022-07-30 17:18:21,988] {logging_mixin.py:115} INFO - [2022-07-30 17:18:21,988] {dagbag.py:507} INFO - Filling up the DagBag from /opt/airflow/dags/external_task_sensor/external_task_sensor_parent_dag1.py
[2022-07-30 17:18:22,014] {processor.py:651} INFO - DAG(s) dict_keys(['external_sensor_parent_dag_s3']) retrieved from /opt/airflow/dags/external_task_sensor/external_task_sensor_parent_dag1.py
[2022-07-30 17:18:22,061] {logging_mixin.py:115} INFO - [2022-07-30 17:18:22,061] {dag.py:2379} INFO - Sync 1 DAGs
[2022-07-30 17:18:22,095] {logging_mixin.py:115} INFO - [2022-07-30 17:18:22,095] {dag.py:2931} INFO - Setting next_dagrun for external_sensor_parent_dag_s3 to 2022-07-29T00:00:00+00:00, run_after=2022-07-30T00:00:00+00:00
[2022-07-30 17:18:22,111] {processor.py:161} INFO - Processing /opt/airflow/dags/external_task_sensor/external_task_sensor_parent_dag1.py took 0.140 seconds
[2022-07-30 17:18:52,468] {processor.py:153} INFO - Started process (PID=5337) to work on /opt/airflow/dags/external_task_sensor/external_task_sensor_parent_dag1.py
[2022-07-30 17:18:52,468] {processor.py:641} INFO - Processing file /opt/airflow/dags/external_task_sensor/external_task_sensor_parent_dag1.py for tasks to queue
[2022-07-30 17:18:52,469] {logging_mixin.py:115} INFO - [2022-07-30 17:18:52,469] {dagbag.py:507} INFO - Filling up the DagBag from /opt/airflow/dags/external_task_sensor/external_task_sensor_parent_dag1.py
[2022-07-30 17:18:52,477] {processor.py:651} INFO - DAG(s) dict_keys(['external_sensor_parent_dag_s3']) retrieved from /opt/airflow/dags/external_task_sensor/external_task_sensor_parent_dag1.py
[2022-07-30 17:18:52,507] {logging_mixin.py:115} INFO - [2022-07-30 17:18:52,507] {dag.py:2379} INFO - Sync 1 DAGs
[2022-07-30 17:18:52,548] {logging_mixin.py:115} INFO - [2022-07-30 17:18:52,548] {dag.py:2931} INFO - Setting next_dagrun for external_sensor_parent_dag_s3 to 2022-07-29T00:00:00+00:00, run_after=2022-07-30T00:00:00+00:00
[2022-07-30 17:18:52,567] {processor.py:161} INFO - Processing /opt/airflow/dags/external_task_sensor/external_task_sensor_parent_dag1.py took 0.103 seconds
[2022-07-30 17:19:22,938] {processor.py:153} INFO - Started process (PID=5417) to work on /opt/airflow/dags/external_task_sensor/external_task_sensor_parent_dag1.py
[2022-07-30 17:19:22,964] {processor.py:641} INFO - Processing file /opt/airflow/dags/external_task_sensor/external_task_sensor_parent_dag1.py for tasks to queue
[2022-07-30 17:19:22,964] {logging_mixin.py:115} INFO - [2022-07-30 17:19:22,964] {dagbag.py:507} INFO - Filling up the DagBag from /opt/airflow/dags/external_task_sensor/external_task_sensor_parent_dag1.py
[2022-07-30 17:19:22,997] {processor.py:651} INFO - DAG(s) dict_keys(['external_sensor_parent_dag_s3']) retrieved from /opt/airflow/dags/external_task_sensor/external_task_sensor_parent_dag1.py
[2022-07-30 17:19:23,140] {logging_mixin.py:115} INFO - [2022-07-30 17:19:23,140] {dag.py:2379} INFO - Sync 1 DAGs
[2022-07-30 17:19:23,245] {logging_mixin.py:115} INFO - [2022-07-30 17:19:23,245] {dag.py:2931} INFO - Setting next_dagrun for external_sensor_parent_dag_s3 to 2022-07-29T00:00:00+00:00, run_after=2022-07-30T00:00:00+00:00
[2022-07-30 17:19:23,286] {processor.py:161} INFO - Processing /opt/airflow/dags/external_task_sensor/external_task_sensor_parent_dag1.py took 0.375 seconds
[2022-07-30 17:19:53,581] {processor.py:153} INFO - Started process (PID=5496) to work on /opt/airflow/dags/external_task_sensor/external_task_sensor_parent_dag1.py
[2022-07-30 17:19:53,581] {processor.py:641} INFO - Processing file /opt/airflow/dags/external_task_sensor/external_task_sensor_parent_dag1.py for tasks to queue
[2022-07-30 17:19:53,582] {logging_mixin.py:115} INFO - [2022-07-30 17:19:53,582] {dagbag.py:507} INFO - Filling up the DagBag from /opt/airflow/dags/external_task_sensor/external_task_sensor_parent_dag1.py
[2022-07-30 17:19:53,591] {processor.py:651} INFO - DAG(s) dict_keys(['external_sensor_parent_dag_s3']) retrieved from /opt/airflow/dags/external_task_sensor/external_task_sensor_parent_dag1.py
[2022-07-30 17:19:53,623] {logging_mixin.py:115} INFO - [2022-07-30 17:19:53,623] {dag.py:2379} INFO - Sync 1 DAGs
[2022-07-30 17:19:53,653] {logging_mixin.py:115} INFO - [2022-07-30 17:19:53,653] {dag.py:2931} INFO - Setting next_dagrun for external_sensor_parent_dag_s3 to 2022-07-29T00:00:00+00:00, run_after=2022-07-30T00:00:00+00:00
[2022-07-30 17:19:53,668] {processor.py:161} INFO - Processing /opt/airflow/dags/external_task_sensor/external_task_sensor_parent_dag1.py took 0.092 seconds
