[2022-07-30 16:39:54,009] {processor.py:153} INFO - Started process (PID=114) to work on /opt/airflow/dags/external_task_sensor/external_task_sensor_targte-dag.py
[2022-07-30 16:39:54,010] {processor.py:641} INFO - Processing file /opt/airflow/dags/external_task_sensor/external_task_sensor_targte-dag.py for tasks to queue
[2022-07-30 16:39:54,012] {logging_mixin.py:115} INFO - [2022-07-30 16:39:54,012] {dagbag.py:507} INFO - Filling up the DagBag from /opt/airflow/dags/external_task_sensor/external_task_sensor_targte-dag.py
[2022-07-30 16:39:54,061] {processor.py:651} INFO - DAG(s) dict_keys(['external_sensor_target_dag']) retrieved from /opt/airflow/dags/external_task_sensor/external_task_sensor_targte-dag.py
[2022-07-30 16:39:55,174] {logging_mixin.py:115} INFO - [2022-07-30 16:39:55,173] {manager.py:508} INFO - Created Permission View: can read on DAG:external_sensor_target_dag
[2022-07-30 16:39:55,227] {logging_mixin.py:115} INFO - [2022-07-30 16:39:55,227] {manager.py:508} INFO - Created Permission View: can delete on DAG:external_sensor_target_dag
[2022-07-30 16:39:55,278] {logging_mixin.py:115} INFO - [2022-07-30 16:39:55,277] {manager.py:508} INFO - Created Permission View: can edit on DAG:external_sensor_target_dag
[2022-07-30 16:39:55,278] {logging_mixin.py:115} INFO - [2022-07-30 16:39:55,278] {dag.py:2379} INFO - Sync 1 DAGs
[2022-07-30 16:39:55,303] {logging_mixin.py:115} INFO - [2022-07-30 16:39:55,303] {dag.py:2398} INFO - Creating ORM DAG for external_sensor_target_dag
[2022-07-30 16:39:55,360] {logging_mixin.py:115} INFO - [2022-07-30 16:39:55,359] {dag.py:2931} INFO - Setting next_dagrun for external_sensor_target_dag to 2022-07-29T00:00:00+00:00, run_after=2022-07-30T00:00:00+00:00
[2022-07-30 16:39:55,412] {processor.py:161} INFO - Processing /opt/airflow/dags/external_task_sensor/external_task_sensor_targte-dag.py took 1.413 seconds
[2022-07-30 16:40:26,204] {processor.py:153} INFO - Started process (PID=186) to work on /opt/airflow/dags/external_task_sensor/external_task_sensor_targte-dag.py
[2022-07-30 16:40:26,205] {processor.py:641} INFO - Processing file /opt/airflow/dags/external_task_sensor/external_task_sensor_targte-dag.py for tasks to queue
[2022-07-30 16:40:26,205] {logging_mixin.py:115} INFO - [2022-07-30 16:40:26,205] {dagbag.py:507} INFO - Filling up the DagBag from /opt/airflow/dags/external_task_sensor/external_task_sensor_targte-dag.py
[2022-07-30 16:40:26,223] {processor.py:651} INFO - DAG(s) dict_keys(['external_sensor_target_dag']) retrieved from /opt/airflow/dags/external_task_sensor/external_task_sensor_targte-dag.py
[2022-07-30 16:40:26,258] {logging_mixin.py:115} INFO - [2022-07-30 16:40:26,257] {dag.py:2379} INFO - Sync 1 DAGs
[2022-07-30 16:40:26,446] {logging_mixin.py:115} INFO - [2022-07-30 16:40:26,446] {dag.py:2931} INFO - Setting next_dagrun for external_sensor_target_dag to 2022-07-29T00:00:00+00:00, run_after=2022-07-30T00:00:00+00:00
[2022-07-30 16:40:26,460] {processor.py:161} INFO - Processing /opt/airflow/dags/external_task_sensor/external_task_sensor_targte-dag.py took 0.258 seconds
[2022-07-30 16:40:56,678] {processor.py:153} INFO - Started process (PID=258) to work on /opt/airflow/dags/external_task_sensor/external_task_sensor_targte-dag.py
[2022-07-30 16:40:56,679] {processor.py:641} INFO - Processing file /opt/airflow/dags/external_task_sensor/external_task_sensor_targte-dag.py for tasks to queue
[2022-07-30 16:40:56,679] {logging_mixin.py:115} INFO - [2022-07-30 16:40:56,679] {dagbag.py:507} INFO - Filling up the DagBag from /opt/airflow/dags/external_task_sensor/external_task_sensor_targte-dag.py
[2022-07-30 16:40:56,697] {processor.py:651} INFO - DAG(s) dict_keys(['external_sensor_target_dag']) retrieved from /opt/airflow/dags/external_task_sensor/external_task_sensor_targte-dag.py
[2022-07-30 16:40:56,730] {logging_mixin.py:115} INFO - [2022-07-30 16:40:56,730] {dag.py:2379} INFO - Sync 1 DAGs
[2022-07-30 16:40:56,883] {logging_mixin.py:115} INFO - [2022-07-30 16:40:56,883] {dag.py:2931} INFO - Setting next_dagrun for external_sensor_target_dag to 2022-07-29T00:00:00+00:00, run_after=2022-07-30T00:00:00+00:00
[2022-07-30 16:40:56,917] {processor.py:161} INFO - Processing /opt/airflow/dags/external_task_sensor/external_task_sensor_targte-dag.py took 0.242 seconds
[2022-07-30 16:41:27,248] {processor.py:153} INFO - Started process (PID=342) to work on /opt/airflow/dags/external_task_sensor/external_task_sensor_targte-dag.py
[2022-07-30 16:41:27,248] {processor.py:641} INFO - Processing file /opt/airflow/dags/external_task_sensor/external_task_sensor_targte-dag.py for tasks to queue
[2022-07-30 16:41:27,249] {logging_mixin.py:115} INFO - [2022-07-30 16:41:27,249] {dagbag.py:507} INFO - Filling up the DagBag from /opt/airflow/dags/external_task_sensor/external_task_sensor_targte-dag.py
[2022-07-30 16:41:27,266] {processor.py:651} INFO - DAG(s) dict_keys(['external_sensor_target_dag']) retrieved from /opt/airflow/dags/external_task_sensor/external_task_sensor_targte-dag.py
[2022-07-30 16:41:27,302] {logging_mixin.py:115} INFO - [2022-07-30 16:41:27,302] {dag.py:2379} INFO - Sync 1 DAGs
[2022-07-30 16:41:27,463] {logging_mixin.py:115} INFO - [2022-07-30 16:41:27,463] {dag.py:2931} INFO - Setting next_dagrun for external_sensor_target_dag to 2022-07-29T00:00:00+00:00, run_after=2022-07-30T00:00:00+00:00
[2022-07-30 16:41:27,474] {processor.py:161} INFO - Processing /opt/airflow/dags/external_task_sensor/external_task_sensor_targte-dag.py took 0.230 seconds
[2022-07-30 16:41:57,841] {processor.py:153} INFO - Started process (PID=422) to work on /opt/airflow/dags/external_task_sensor/external_task_sensor_targte-dag.py
[2022-07-30 16:41:57,842] {processor.py:641} INFO - Processing file /opt/airflow/dags/external_task_sensor/external_task_sensor_targte-dag.py for tasks to queue
[2022-07-30 16:41:57,843] {logging_mixin.py:115} INFO - [2022-07-30 16:41:57,843] {dagbag.py:507} INFO - Filling up the DagBag from /opt/airflow/dags/external_task_sensor/external_task_sensor_targte-dag.py
[2022-07-30 16:41:57,861] {processor.py:651} INFO - DAG(s) dict_keys(['external_sensor_target_dag']) retrieved from /opt/airflow/dags/external_task_sensor/external_task_sensor_targte-dag.py
[2022-07-30 16:41:57,895] {logging_mixin.py:115} INFO - [2022-07-30 16:41:57,895] {dag.py:2379} INFO - Sync 1 DAGs
[2022-07-30 16:41:58,049] {logging_mixin.py:115} INFO - [2022-07-30 16:41:58,049] {dag.py:2931} INFO - Setting next_dagrun for external_sensor_target_dag to 2022-07-29T00:00:00+00:00, run_after=2022-07-30T00:00:00+00:00
[2022-07-30 16:41:58,063] {processor.py:161} INFO - Processing /opt/airflow/dags/external_task_sensor/external_task_sensor_targte-dag.py took 0.224 seconds
[2022-07-30 16:42:28,330] {processor.py:153} INFO - Started process (PID=505) to work on /opt/airflow/dags/external_task_sensor/external_task_sensor_targte-dag.py
[2022-07-30 16:42:28,332] {processor.py:641} INFO - Processing file /opt/airflow/dags/external_task_sensor/external_task_sensor_targte-dag.py for tasks to queue
[2022-07-30 16:42:28,333] {logging_mixin.py:115} INFO - [2022-07-30 16:42:28,333] {dagbag.py:507} INFO - Filling up the DagBag from /opt/airflow/dags/external_task_sensor/external_task_sensor_targte-dag.py
[2022-07-30 16:42:28,396] {processor.py:651} INFO - DAG(s) dict_keys(['external_sensor_target_dag']) retrieved from /opt/airflow/dags/external_task_sensor/external_task_sensor_targte-dag.py
[2022-07-30 16:42:28,464] {logging_mixin.py:115} INFO - [2022-07-30 16:42:28,464] {dag.py:2379} INFO - Sync 1 DAGs
[2022-07-30 16:42:28,687] {logging_mixin.py:115} INFO - [2022-07-30 16:42:28,687] {dag.py:2931} INFO - Setting next_dagrun for external_sensor_target_dag to 2022-07-29T00:00:00+00:00, run_after=2022-07-30T00:00:00+00:00
[2022-07-30 16:42:28,701] {processor.py:161} INFO - Processing /opt/airflow/dags/external_task_sensor/external_task_sensor_targte-dag.py took 0.375 seconds
[2022-07-30 16:44:20,303] {processor.py:153} INFO - Started process (PID=93) to work on /opt/airflow/dags/external_task_sensor/external_task_sensor_targte-dag.py
[2022-07-30 16:44:20,317] {processor.py:641} INFO - Processing file /opt/airflow/dags/external_task_sensor/external_task_sensor_targte-dag.py for tasks to queue
[2022-07-30 16:44:20,318] {logging_mixin.py:115} INFO - [2022-07-30 16:44:20,317] {dagbag.py:507} INFO - Filling up the DagBag from /opt/airflow/dags/external_task_sensor/external_task_sensor_targte-dag.py
[2022-07-30 16:44:20,398] {processor.py:651} INFO - DAG(s) dict_keys(['external_sensor_target_dag']) retrieved from /opt/airflow/dags/external_task_sensor/external_task_sensor_targte-dag.py
[2022-07-30 16:44:20,528] {logging_mixin.py:115} INFO - [2022-07-30 16:44:20,528] {dag.py:2379} INFO - Sync 1 DAGs
[2022-07-30 16:44:20,706] {logging_mixin.py:115} INFO - [2022-07-30 16:44:20,706] {dag.py:2931} INFO - Setting next_dagrun for external_sensor_target_dag to 2022-07-29T00:00:00+00:00, run_after=2022-07-30T00:00:00+00:00
[2022-07-30 16:44:20,752] {processor.py:161} INFO - Processing /opt/airflow/dags/external_task_sensor/external_task_sensor_targte-dag.py took 0.453 seconds
[2022-07-30 16:44:51,550] {processor.py:153} INFO - Started process (PID=172) to work on /opt/airflow/dags/external_task_sensor/external_task_sensor_targte-dag.py
[2022-07-30 16:44:51,550] {processor.py:641} INFO - Processing file /opt/airflow/dags/external_task_sensor/external_task_sensor_targte-dag.py for tasks to queue
[2022-07-30 16:44:51,551] {logging_mixin.py:115} INFO - [2022-07-30 16:44:51,551] {dagbag.py:507} INFO - Filling up the DagBag from /opt/airflow/dags/external_task_sensor/external_task_sensor_targte-dag.py
[2022-07-30 16:44:51,628] {processor.py:651} INFO - DAG(s) dict_keys(['external_sensor_target_dag']) retrieved from /opt/airflow/dags/external_task_sensor/external_task_sensor_targte-dag.py
[2022-07-30 16:44:51,741] {logging_mixin.py:115} INFO - [2022-07-30 16:44:51,741] {dag.py:2379} INFO - Sync 1 DAGs
[2022-07-30 16:44:51,774] {logging_mixin.py:115} INFO - [2022-07-30 16:44:51,774] {dag.py:2931} INFO - Setting next_dagrun for external_sensor_target_dag to 2022-07-29T00:00:00+00:00, run_after=2022-07-30T00:00:00+00:00
[2022-07-30 16:44:51,802] {processor.py:161} INFO - Processing /opt/airflow/dags/external_task_sensor/external_task_sensor_targte-dag.py took 0.258 seconds
[2022-07-30 16:45:22,333] {processor.py:153} INFO - Started process (PID=245) to work on /opt/airflow/dags/external_task_sensor/external_task_sensor_targte-dag.py
[2022-07-30 16:45:22,334] {processor.py:641} INFO - Processing file /opt/airflow/dags/external_task_sensor/external_task_sensor_targte-dag.py for tasks to queue
[2022-07-30 16:45:22,335] {logging_mixin.py:115} INFO - [2022-07-30 16:45:22,335] {dagbag.py:507} INFO - Filling up the DagBag from /opt/airflow/dags/external_task_sensor/external_task_sensor_targte-dag.py
[2022-07-30 16:45:22,361] {processor.py:651} INFO - DAG(s) dict_keys(['external_sensor_target_dag']) retrieved from /opt/airflow/dags/external_task_sensor/external_task_sensor_targte-dag.py
[2022-07-30 16:45:22,410] {logging_mixin.py:115} INFO - [2022-07-30 16:45:22,410] {dag.py:2379} INFO - Sync 1 DAGs
[2022-07-30 16:45:22,444] {logging_mixin.py:115} INFO - [2022-07-30 16:45:22,444] {dag.py:2931} INFO - Setting next_dagrun for external_sensor_target_dag to 2022-07-29T00:00:00+00:00, run_after=2022-07-30T00:00:00+00:00
[2022-07-30 16:45:22,460] {processor.py:161} INFO - Processing /opt/airflow/dags/external_task_sensor/external_task_sensor_targte-dag.py took 0.130 seconds
[2022-07-30 16:45:52,825] {processor.py:153} INFO - Started process (PID=322) to work on /opt/airflow/dags/external_task_sensor/external_task_sensor_targte-dag.py
[2022-07-30 16:45:52,826] {processor.py:641} INFO - Processing file /opt/airflow/dags/external_task_sensor/external_task_sensor_targte-dag.py for tasks to queue
[2022-07-30 16:45:52,826] {logging_mixin.py:115} INFO - [2022-07-30 16:45:52,826] {dagbag.py:507} INFO - Filling up the DagBag from /opt/airflow/dags/external_task_sensor/external_task_sensor_targte-dag.py
[2022-07-30 16:45:52,858] {processor.py:651} INFO - DAG(s) dict_keys(['external_sensor_target_dag']) retrieved from /opt/airflow/dags/external_task_sensor/external_task_sensor_targte-dag.py
[2022-07-30 16:45:52,920] {logging_mixin.py:115} INFO - [2022-07-30 16:45:52,920] {dag.py:2379} INFO - Sync 1 DAGs
[2022-07-30 16:45:52,977] {logging_mixin.py:115} INFO - [2022-07-30 16:45:52,977] {dag.py:2931} INFO - Setting next_dagrun for external_sensor_target_dag to 2022-07-29T00:00:00+00:00, run_after=2022-07-30T00:00:00+00:00
[2022-07-30 16:45:52,997] {processor.py:161} INFO - Processing /opt/airflow/dags/external_task_sensor/external_task_sensor_targte-dag.py took 0.176 seconds
[2022-07-30 16:46:24,513] {processor.py:153} INFO - Started process (PID=404) to work on /opt/airflow/dags/external_task_sensor/external_task_sensor_targte-dag.py
[2022-07-30 16:46:24,514] {processor.py:641} INFO - Processing file /opt/airflow/dags/external_task_sensor/external_task_sensor_targte-dag.py for tasks to queue
[2022-07-30 16:46:24,515] {logging_mixin.py:115} INFO - [2022-07-30 16:46:24,515] {dagbag.py:507} INFO - Filling up the DagBag from /opt/airflow/dags/external_task_sensor/external_task_sensor_targte-dag.py
[2022-07-30 16:46:24,563] {processor.py:651} INFO - DAG(s) dict_keys(['external_sensor_target_dag']) retrieved from /opt/airflow/dags/external_task_sensor/external_task_sensor_targte-dag.py
[2022-07-30 16:46:24,620] {logging_mixin.py:115} INFO - [2022-07-30 16:46:24,620] {dag.py:2379} INFO - Sync 1 DAGs
[2022-07-30 16:46:24,650] {logging_mixin.py:115} INFO - [2022-07-30 16:46:24,649] {dag.py:2931} INFO - Setting next_dagrun for external_sensor_target_dag to 2022-07-29T00:00:00+00:00, run_after=2022-07-30T00:00:00+00:00
[2022-07-30 16:46:24,664] {processor.py:161} INFO - Processing /opt/airflow/dags/external_task_sensor/external_task_sensor_targte-dag.py took 0.155 seconds
[2022-07-30 16:46:55,395] {processor.py:153} INFO - Started process (PID=478) to work on /opt/airflow/dags/external_task_sensor/external_task_sensor_targte-dag.py
[2022-07-30 16:46:55,395] {processor.py:641} INFO - Processing file /opt/airflow/dags/external_task_sensor/external_task_sensor_targte-dag.py for tasks to queue
[2022-07-30 16:46:55,396] {logging_mixin.py:115} INFO - [2022-07-30 16:46:55,396] {dagbag.py:507} INFO - Filling up the DagBag from /opt/airflow/dags/external_task_sensor/external_task_sensor_targte-dag.py
[2022-07-30 16:46:55,418] {processor.py:651} INFO - DAG(s) dict_keys(['external_sensor_target_dag']) retrieved from /opt/airflow/dags/external_task_sensor/external_task_sensor_targte-dag.py
[2022-07-30 16:46:55,492] {logging_mixin.py:115} INFO - [2022-07-30 16:46:55,492] {dag.py:2379} INFO - Sync 1 DAGs
[2022-07-30 16:46:55,524] {logging_mixin.py:115} INFO - [2022-07-30 16:46:55,524] {dag.py:2931} INFO - Setting next_dagrun for external_sensor_target_dag to 2022-07-29T00:00:00+00:00, run_after=2022-07-30T00:00:00+00:00
[2022-07-30 16:46:55,538] {processor.py:161} INFO - Processing /opt/airflow/dags/external_task_sensor/external_task_sensor_targte-dag.py took 0.147 seconds
[2022-07-30 16:47:26,240] {processor.py:153} INFO - Started process (PID=556) to work on /opt/airflow/dags/external_task_sensor/external_task_sensor_targte-dag.py
[2022-07-30 16:47:26,241] {processor.py:641} INFO - Processing file /opt/airflow/dags/external_task_sensor/external_task_sensor_targte-dag.py for tasks to queue
[2022-07-30 16:47:26,242] {logging_mixin.py:115} INFO - [2022-07-30 16:47:26,242] {dagbag.py:507} INFO - Filling up the DagBag from /opt/airflow/dags/external_task_sensor/external_task_sensor_targte-dag.py
[2022-07-30 16:47:26,282] {processor.py:651} INFO - DAG(s) dict_keys(['external_sensor_target_dag']) retrieved from /opt/airflow/dags/external_task_sensor/external_task_sensor_targte-dag.py
[2022-07-30 16:47:26,338] {logging_mixin.py:115} INFO - [2022-07-30 16:47:26,337] {dag.py:2379} INFO - Sync 1 DAGs
[2022-07-30 16:47:26,376] {logging_mixin.py:115} INFO - [2022-07-30 16:47:26,376] {dag.py:2931} INFO - Setting next_dagrun for external_sensor_target_dag to 2022-07-29T00:00:00+00:00, run_after=2022-07-30T00:00:00+00:00
[2022-07-30 16:47:26,396] {processor.py:161} INFO - Processing /opt/airflow/dags/external_task_sensor/external_task_sensor_targte-dag.py took 0.173 seconds
[2022-07-30 16:47:56,579] {processor.py:153} INFO - Started process (PID=634) to work on /opt/airflow/dags/external_task_sensor/external_task_sensor_targte-dag.py
[2022-07-30 16:47:56,580] {processor.py:641} INFO - Processing file /opt/airflow/dags/external_task_sensor/external_task_sensor_targte-dag.py for tasks to queue
[2022-07-30 16:47:56,580] {logging_mixin.py:115} INFO - [2022-07-30 16:47:56,580] {dagbag.py:507} INFO - Filling up the DagBag from /opt/airflow/dags/external_task_sensor/external_task_sensor_targte-dag.py
[2022-07-30 16:47:56,608] {processor.py:651} INFO - DAG(s) dict_keys(['external_sensor_target_dag']) retrieved from /opt/airflow/dags/external_task_sensor/external_task_sensor_targte-dag.py
[2022-07-30 16:47:56,672] {logging_mixin.py:115} INFO - [2022-07-30 16:47:56,672] {dag.py:2379} INFO - Sync 1 DAGs
[2022-07-30 16:47:56,706] {logging_mixin.py:115} INFO - [2022-07-30 16:47:56,706] {dag.py:2931} INFO - Setting next_dagrun for external_sensor_target_dag to 2022-07-29T00:00:00+00:00, run_after=2022-07-30T00:00:00+00:00
[2022-07-30 16:47:56,723] {processor.py:161} INFO - Processing /opt/airflow/dags/external_task_sensor/external_task_sensor_targte-dag.py took 0.148 seconds
[2022-07-30 16:48:28,996] {processor.py:153} INFO - Started process (PID=720) to work on /opt/airflow/dags/external_task_sensor/external_task_sensor_targte-dag.py
[2022-07-30 16:48:29,003] {processor.py:641} INFO - Processing file /opt/airflow/dags/external_task_sensor/external_task_sensor_targte-dag.py for tasks to queue
[2022-07-30 16:48:29,004] {logging_mixin.py:115} INFO - [2022-07-30 16:48:29,004] {dagbag.py:507} INFO - Filling up the DagBag from /opt/airflow/dags/external_task_sensor/external_task_sensor_targte-dag.py
[2022-07-30 16:48:29,063] {processor.py:651} INFO - DAG(s) dict_keys(['external_sensor_target_dag']) retrieved from /opt/airflow/dags/external_task_sensor/external_task_sensor_targte-dag.py
[2022-07-30 16:48:29,184] {logging_mixin.py:115} INFO - [2022-07-30 16:48:29,184] {dag.py:2379} INFO - Sync 1 DAGs
[2022-07-30 16:48:29,339] {logging_mixin.py:115} INFO - [2022-07-30 16:48:29,331] {dag.py:2931} INFO - Setting next_dagrun for external_sensor_target_dag to 2022-07-29T00:00:00+00:00, run_after=2022-07-30T00:00:00+00:00
[2022-07-30 16:48:29,409] {processor.py:161} INFO - Processing /opt/airflow/dags/external_task_sensor/external_task_sensor_targte-dag.py took 0.417 seconds
[2022-07-30 16:48:59,733] {processor.py:153} INFO - Started process (PID=792) to work on /opt/airflow/dags/external_task_sensor/external_task_sensor_targte-dag.py
[2022-07-30 16:48:59,734] {processor.py:641} INFO - Processing file /opt/airflow/dags/external_task_sensor/external_task_sensor_targte-dag.py for tasks to queue
[2022-07-30 16:48:59,735] {logging_mixin.py:115} INFO - [2022-07-30 16:48:59,734] {dagbag.py:507} INFO - Filling up the DagBag from /opt/airflow/dags/external_task_sensor/external_task_sensor_targte-dag.py
[2022-07-30 16:48:59,761] {processor.py:651} INFO - DAG(s) dict_keys(['external_sensor_target_dag']) retrieved from /opt/airflow/dags/external_task_sensor/external_task_sensor_targte-dag.py
[2022-07-30 16:48:59,819] {logging_mixin.py:115} INFO - [2022-07-30 16:48:59,819] {dag.py:2379} INFO - Sync 1 DAGs
[2022-07-30 16:48:59,864] {logging_mixin.py:115} INFO - [2022-07-30 16:48:59,864] {dag.py:2931} INFO - Setting next_dagrun for external_sensor_target_dag to 2022-07-29T00:00:00+00:00, run_after=2022-07-30T00:00:00+00:00
[2022-07-30 16:48:59,882] {processor.py:161} INFO - Processing /opt/airflow/dags/external_task_sensor/external_task_sensor_targte-dag.py took 0.153 seconds
[2022-07-30 16:49:32,690] {processor.py:153} INFO - Started process (PID=878) to work on /opt/airflow/dags/external_task_sensor/external_task_sensor_targte-dag.py
[2022-07-30 16:49:32,691] {processor.py:641} INFO - Processing file /opt/airflow/dags/external_task_sensor/external_task_sensor_targte-dag.py for tasks to queue
[2022-07-30 16:49:32,692] {logging_mixin.py:115} INFO - [2022-07-30 16:49:32,692] {dagbag.py:507} INFO - Filling up the DagBag from /opt/airflow/dags/external_task_sensor/external_task_sensor_targte-dag.py
[2022-07-30 16:49:32,731] {processor.py:651} INFO - DAG(s) dict_keys(['external_sensor_target_dag']) retrieved from /opt/airflow/dags/external_task_sensor/external_task_sensor_targte-dag.py
[2022-07-30 16:49:32,798] {logging_mixin.py:115} INFO - [2022-07-30 16:49:32,798] {dag.py:2379} INFO - Sync 1 DAGs
[2022-07-30 16:49:32,831] {logging_mixin.py:115} INFO - [2022-07-30 16:49:32,831] {dag.py:2931} INFO - Setting next_dagrun for external_sensor_target_dag to 2022-07-29T00:00:00+00:00, run_after=2022-07-30T00:00:00+00:00
[2022-07-30 16:49:32,846] {processor.py:161} INFO - Processing /opt/airflow/dags/external_task_sensor/external_task_sensor_targte-dag.py took 0.160 seconds
[2022-07-30 16:50:03,194] {processor.py:153} INFO - Started process (PID=951) to work on /opt/airflow/dags/external_task_sensor/external_task_sensor_targte-dag.py
[2022-07-30 16:50:03,196] {processor.py:641} INFO - Processing file /opt/airflow/dags/external_task_sensor/external_task_sensor_targte-dag.py for tasks to queue
[2022-07-30 16:50:03,196] {logging_mixin.py:115} INFO - [2022-07-30 16:50:03,196] {dagbag.py:507} INFO - Filling up the DagBag from /opt/airflow/dags/external_task_sensor/external_task_sensor_targte-dag.py
[2022-07-30 16:50:03,234] {processor.py:651} INFO - DAG(s) dict_keys(['external_sensor_target_dag']) retrieved from /opt/airflow/dags/external_task_sensor/external_task_sensor_targte-dag.py
[2022-07-30 16:50:03,288] {logging_mixin.py:115} INFO - [2022-07-30 16:50:03,288] {dag.py:2379} INFO - Sync 1 DAGs
[2022-07-30 16:50:03,321] {logging_mixin.py:115} INFO - [2022-07-30 16:50:03,321] {dag.py:2931} INFO - Setting next_dagrun for external_sensor_target_dag to 2022-07-29T00:00:00+00:00, run_after=2022-07-30T00:00:00+00:00
[2022-07-30 16:50:03,341] {processor.py:161} INFO - Processing /opt/airflow/dags/external_task_sensor/external_task_sensor_targte-dag.py took 0.151 seconds
[2022-07-30 16:50:33,530] {processor.py:153} INFO - Started process (PID=1022) to work on /opt/airflow/dags/external_task_sensor/external_task_sensor_targte-dag.py
[2022-07-30 16:50:33,531] {processor.py:641} INFO - Processing file /opt/airflow/dags/external_task_sensor/external_task_sensor_targte-dag.py for tasks to queue
[2022-07-30 16:50:33,532] {logging_mixin.py:115} INFO - [2022-07-30 16:50:33,532] {dagbag.py:507} INFO - Filling up the DagBag from /opt/airflow/dags/external_task_sensor/external_task_sensor_targte-dag.py
[2022-07-30 16:50:33,555] {processor.py:651} INFO - DAG(s) dict_keys(['external_sensor_target_dag']) retrieved from /opt/airflow/dags/external_task_sensor/external_task_sensor_targte-dag.py
[2022-07-30 16:50:33,602] {logging_mixin.py:115} INFO - [2022-07-30 16:50:33,601] {dag.py:2379} INFO - Sync 1 DAGs
[2022-07-30 16:50:33,634] {logging_mixin.py:115} INFO - [2022-07-30 16:50:33,634] {dag.py:2931} INFO - Setting next_dagrun for external_sensor_target_dag to 2022-07-29T00:00:00+00:00, run_after=2022-07-30T00:00:00+00:00
[2022-07-30 16:50:33,649] {processor.py:161} INFO - Processing /opt/airflow/dags/external_task_sensor/external_task_sensor_targte-dag.py took 0.124 seconds
[2022-07-30 16:51:05,759] {processor.py:153} INFO - Started process (PID=1102) to work on /opt/airflow/dags/external_task_sensor/external_task_sensor_targte-dag.py
[2022-07-30 16:51:05,759] {processor.py:641} INFO - Processing file /opt/airflow/dags/external_task_sensor/external_task_sensor_targte-dag.py for tasks to queue
[2022-07-30 16:51:05,768] {logging_mixin.py:115} INFO - [2022-07-30 16:51:05,768] {dagbag.py:507} INFO - Filling up the DagBag from /opt/airflow/dags/external_task_sensor/external_task_sensor_targte-dag.py
[2022-07-30 16:51:05,890] {processor.py:651} INFO - DAG(s) dict_keys(['external_sensor_target_dag']) retrieved from /opt/airflow/dags/external_task_sensor/external_task_sensor_targte-dag.py
[2022-07-30 16:51:06,124] {logging_mixin.py:115} INFO - [2022-07-30 16:51:06,124] {dag.py:2379} INFO - Sync 1 DAGs
[2022-07-30 16:51:06,236] {logging_mixin.py:115} INFO - [2022-07-30 16:51:06,236] {dag.py:2931} INFO - Setting next_dagrun for external_sensor_target_dag to 2022-07-29T00:00:00+00:00, run_after=2022-07-30T00:00:00+00:00
[2022-07-30 16:51:06,260] {processor.py:161} INFO - Processing /opt/airflow/dags/external_task_sensor/external_task_sensor_targte-dag.py took 0.511 seconds
[2022-07-30 16:51:36,970] {processor.py:153} INFO - Started process (PID=1177) to work on /opt/airflow/dags/external_task_sensor/external_task_sensor_targte-dag.py
[2022-07-30 16:51:36,971] {processor.py:641} INFO - Processing file /opt/airflow/dags/external_task_sensor/external_task_sensor_targte-dag.py for tasks to queue
[2022-07-30 16:51:36,971] {logging_mixin.py:115} INFO - [2022-07-30 16:51:36,971] {dagbag.py:507} INFO - Filling up the DagBag from /opt/airflow/dags/external_task_sensor/external_task_sensor_targte-dag.py
[2022-07-30 16:51:36,994] {processor.py:651} INFO - DAG(s) dict_keys(['external_sensor_target_dag']) retrieved from /opt/airflow/dags/external_task_sensor/external_task_sensor_targte-dag.py
[2022-07-30 16:51:37,043] {logging_mixin.py:115} INFO - [2022-07-30 16:51:37,042] {dag.py:2379} INFO - Sync 1 DAGs
[2022-07-30 16:51:37,074] {logging_mixin.py:115} INFO - [2022-07-30 16:51:37,073] {dag.py:2931} INFO - Setting next_dagrun for external_sensor_target_dag to 2022-07-29T00:00:00+00:00, run_after=2022-07-30T00:00:00+00:00
[2022-07-30 16:51:37,088] {processor.py:161} INFO - Processing /opt/airflow/dags/external_task_sensor/external_task_sensor_targte-dag.py took 0.122 seconds
[2022-07-30 16:52:08,076] {processor.py:153} INFO - Started process (PID=1255) to work on /opt/airflow/dags/external_task_sensor/external_task_sensor_targte-dag.py
[2022-07-30 16:52:08,077] {processor.py:641} INFO - Processing file /opt/airflow/dags/external_task_sensor/external_task_sensor_targte-dag.py for tasks to queue
[2022-07-30 16:52:08,077] {logging_mixin.py:115} INFO - [2022-07-30 16:52:08,077] {dagbag.py:507} INFO - Filling up the DagBag from /opt/airflow/dags/external_task_sensor/external_task_sensor_targte-dag.py
[2022-07-30 16:52:08,146] {processor.py:651} INFO - DAG(s) dict_keys(['external_sensor_target_dag']) retrieved from /opt/airflow/dags/external_task_sensor/external_task_sensor_targte-dag.py
[2022-07-30 16:52:08,246] {logging_mixin.py:115} INFO - [2022-07-30 16:52:08,246] {dag.py:2379} INFO - Sync 1 DAGs
[2022-07-30 16:52:08,285] {logging_mixin.py:115} INFO - [2022-07-30 16:52:08,285] {dag.py:2931} INFO - Setting next_dagrun for external_sensor_target_dag to 2022-07-29T00:00:00+00:00, run_after=2022-07-30T00:00:00+00:00
[2022-07-30 16:52:08,300] {processor.py:161} INFO - Processing /opt/airflow/dags/external_task_sensor/external_task_sensor_targte-dag.py took 0.227 seconds
[2022-07-30 16:52:38,339] {processor.py:153} INFO - Started process (PID=1336) to work on /opt/airflow/dags/external_task_sensor/external_task_sensor_targte-dag.py
[2022-07-30 16:52:38,340] {processor.py:641} INFO - Processing file /opt/airflow/dags/external_task_sensor/external_task_sensor_targte-dag.py for tasks to queue
[2022-07-30 16:52:38,341] {logging_mixin.py:115} INFO - [2022-07-30 16:52:38,340] {dagbag.py:507} INFO - Filling up the DagBag from /opt/airflow/dags/external_task_sensor/external_task_sensor_targte-dag.py
[2022-07-30 16:52:38,363] {processor.py:651} INFO - DAG(s) dict_keys(['external_sensor_target_dag']) retrieved from /opt/airflow/dags/external_task_sensor/external_task_sensor_targte-dag.py
[2022-07-30 16:52:38,414] {logging_mixin.py:115} INFO - [2022-07-30 16:52:38,414] {dag.py:2379} INFO - Sync 1 DAGs
[2022-07-30 16:52:38,449] {logging_mixin.py:115} INFO - [2022-07-30 16:52:38,449] {dag.py:2931} INFO - Setting next_dagrun for external_sensor_target_dag to 2022-07-29T00:00:00+00:00, run_after=2022-07-30T00:00:00+00:00
[2022-07-30 16:52:38,463] {processor.py:161} INFO - Processing /opt/airflow/dags/external_task_sensor/external_task_sensor_targte-dag.py took 0.127 seconds
[2022-07-30 16:53:08,680] {processor.py:153} INFO - Started process (PID=1414) to work on /opt/airflow/dags/external_task_sensor/external_task_sensor_targte-dag.py
[2022-07-30 16:53:08,680] {processor.py:641} INFO - Processing file /opt/airflow/dags/external_task_sensor/external_task_sensor_targte-dag.py for tasks to queue
[2022-07-30 16:53:08,681] {logging_mixin.py:115} INFO - [2022-07-30 16:53:08,681] {dagbag.py:507} INFO - Filling up the DagBag from /opt/airflow/dags/external_task_sensor/external_task_sensor_targte-dag.py
[2022-07-30 16:53:08,704] {processor.py:651} INFO - DAG(s) dict_keys(['external_sensor_target_dag']) retrieved from /opt/airflow/dags/external_task_sensor/external_task_sensor_targte-dag.py
[2022-07-30 16:53:08,753] {logging_mixin.py:115} INFO - [2022-07-30 16:53:08,753] {dag.py:2379} INFO - Sync 1 DAGs
[2022-07-30 16:53:08,790] {logging_mixin.py:115} INFO - [2022-07-30 16:53:08,790] {dag.py:2931} INFO - Setting next_dagrun for external_sensor_target_dag to 2022-07-29T00:00:00+00:00, run_after=2022-07-30T00:00:00+00:00
[2022-07-30 16:53:08,806] {processor.py:161} INFO - Processing /opt/airflow/dags/external_task_sensor/external_task_sensor_targte-dag.py took 0.130 seconds
[2022-07-30 16:53:40,475] {processor.py:153} INFO - Started process (PID=1493) to work on /opt/airflow/dags/external_task_sensor/external_task_sensor_targte-dag.py
[2022-07-30 16:53:40,479] {processor.py:641} INFO - Processing file /opt/airflow/dags/external_task_sensor/external_task_sensor_targte-dag.py for tasks to queue
[2022-07-30 16:53:40,480] {logging_mixin.py:115} INFO - [2022-07-30 16:53:40,480] {dagbag.py:507} INFO - Filling up the DagBag from /opt/airflow/dags/external_task_sensor/external_task_sensor_targte-dag.py
[2022-07-30 16:53:40,557] {processor.py:651} INFO - DAG(s) dict_keys(['external_sensor_target_dag']) retrieved from /opt/airflow/dags/external_task_sensor/external_task_sensor_targte-dag.py
[2022-07-30 16:53:40,640] {logging_mixin.py:115} INFO - [2022-07-30 16:53:40,640] {dag.py:2379} INFO - Sync 1 DAGs
[2022-07-30 16:53:40,709] {logging_mixin.py:115} INFO - [2022-07-30 16:53:40,708] {dag.py:2931} INFO - Setting next_dagrun for external_sensor_target_dag to 2022-07-29T00:00:00+00:00, run_after=2022-07-30T00:00:00+00:00
[2022-07-30 16:53:40,746] {processor.py:161} INFO - Processing /opt/airflow/dags/external_task_sensor/external_task_sensor_targte-dag.py took 0.274 seconds
[2022-07-30 16:54:11,282] {processor.py:153} INFO - Started process (PID=1575) to work on /opt/airflow/dags/external_task_sensor/external_task_sensor_targte-dag.py
[2022-07-30 16:54:11,283] {processor.py:641} INFO - Processing file /opt/airflow/dags/external_task_sensor/external_task_sensor_targte-dag.py for tasks to queue
[2022-07-30 16:54:11,283] {logging_mixin.py:115} INFO - [2022-07-30 16:54:11,283] {dagbag.py:507} INFO - Filling up the DagBag from /opt/airflow/dags/external_task_sensor/external_task_sensor_targte-dag.py
[2022-07-30 16:54:11,306] {processor.py:651} INFO - DAG(s) dict_keys(['external_sensor_target_dag']) retrieved from /opt/airflow/dags/external_task_sensor/external_task_sensor_targte-dag.py
[2022-07-30 16:54:11,364] {logging_mixin.py:115} INFO - [2022-07-30 16:54:11,364] {dag.py:2379} INFO - Sync 1 DAGs
[2022-07-30 16:54:11,399] {logging_mixin.py:115} INFO - [2022-07-30 16:54:11,399] {dag.py:2931} INFO - Setting next_dagrun for external_sensor_target_dag to 2022-07-29T00:00:00+00:00, run_after=2022-07-30T00:00:00+00:00
[2022-07-30 16:54:11,414] {processor.py:161} INFO - Processing /opt/airflow/dags/external_task_sensor/external_task_sensor_targte-dag.py took 0.136 seconds
[2022-07-30 16:54:41,964] {processor.py:153} INFO - Started process (PID=1650) to work on /opt/airflow/dags/external_task_sensor/external_task_sensor_targte-dag.py
[2022-07-30 16:54:41,965] {processor.py:641} INFO - Processing file /opt/airflow/dags/external_task_sensor/external_task_sensor_targte-dag.py for tasks to queue
[2022-07-30 16:54:41,965] {logging_mixin.py:115} INFO - [2022-07-30 16:54:41,965] {dagbag.py:507} INFO - Filling up the DagBag from /opt/airflow/dags/external_task_sensor/external_task_sensor_targte-dag.py
[2022-07-30 16:54:41,988] {processor.py:651} INFO - DAG(s) dict_keys(['external_sensor_target_dag']) retrieved from /opt/airflow/dags/external_task_sensor/external_task_sensor_targte-dag.py
[2022-07-30 16:54:42,042] {logging_mixin.py:115} INFO - [2022-07-30 16:54:42,042] {dag.py:2379} INFO - Sync 1 DAGs
[2022-07-30 16:54:42,076] {logging_mixin.py:115} INFO - [2022-07-30 16:54:42,076] {dag.py:2931} INFO - Setting next_dagrun for external_sensor_target_dag to 2022-07-29T00:00:00+00:00, run_after=2022-07-30T00:00:00+00:00
[2022-07-30 16:54:42,092] {processor.py:161} INFO - Processing /opt/airflow/dags/external_task_sensor/external_task_sensor_targte-dag.py took 0.132 seconds
[2022-07-30 16:55:12,268] {processor.py:153} INFO - Started process (PID=1733) to work on /opt/airflow/dags/external_task_sensor/external_task_sensor_targte-dag.py
[2022-07-30 16:55:12,269] {processor.py:641} INFO - Processing file /opt/airflow/dags/external_task_sensor/external_task_sensor_targte-dag.py for tasks to queue
[2022-07-30 16:55:12,270] {logging_mixin.py:115} INFO - [2022-07-30 16:55:12,270] {dagbag.py:507} INFO - Filling up the DagBag from /opt/airflow/dags/external_task_sensor/external_task_sensor_targte-dag.py
[2022-07-30 16:55:12,338] {processor.py:651} INFO - DAG(s) dict_keys(['external_sensor_target_dag']) retrieved from /opt/airflow/dags/external_task_sensor/external_task_sensor_targte-dag.py
[2022-07-30 16:55:12,432] {logging_mixin.py:115} INFO - [2022-07-30 16:55:12,432] {dag.py:2379} INFO - Sync 1 DAGs
[2022-07-30 16:55:12,490] {logging_mixin.py:115} INFO - [2022-07-30 16:55:12,490] {dag.py:2931} INFO - Setting next_dagrun for external_sensor_target_dag to 2022-07-29T00:00:00+00:00, run_after=2022-07-30T00:00:00+00:00
[2022-07-30 16:55:12,520] {processor.py:161} INFO - Processing /opt/airflow/dags/external_task_sensor/external_task_sensor_targte-dag.py took 0.263 seconds
[2022-07-30 16:55:43,369] {processor.py:153} INFO - Started process (PID=1809) to work on /opt/airflow/dags/external_task_sensor/external_task_sensor_targte-dag.py
[2022-07-30 16:55:43,369] {processor.py:641} INFO - Processing file /opt/airflow/dags/external_task_sensor/external_task_sensor_targte-dag.py for tasks to queue
[2022-07-30 16:55:43,370] {logging_mixin.py:115} INFO - [2022-07-30 16:55:43,370] {dagbag.py:507} INFO - Filling up the DagBag from /opt/airflow/dags/external_task_sensor/external_task_sensor_targte-dag.py
[2022-07-30 16:55:43,392] {processor.py:651} INFO - DAG(s) dict_keys(['external_sensor_target_dag']) retrieved from /opt/airflow/dags/external_task_sensor/external_task_sensor_targte-dag.py
[2022-07-30 16:55:43,445] {logging_mixin.py:115} INFO - [2022-07-30 16:55:43,445] {dag.py:2379} INFO - Sync 1 DAGs
[2022-07-30 16:55:43,478] {logging_mixin.py:115} INFO - [2022-07-30 16:55:43,478] {dag.py:2931} INFO - Setting next_dagrun for external_sensor_target_dag to 2022-07-29T00:00:00+00:00, run_after=2022-07-30T00:00:00+00:00
[2022-07-30 16:55:43,493] {processor.py:161} INFO - Processing /opt/airflow/dags/external_task_sensor/external_task_sensor_targte-dag.py took 0.128 seconds
[2022-07-30 16:56:14,411] {processor.py:153} INFO - Started process (PID=1892) to work on /opt/airflow/dags/external_task_sensor/external_task_sensor_targte-dag.py
[2022-07-30 16:56:14,415] {processor.py:641} INFO - Processing file /opt/airflow/dags/external_task_sensor/external_task_sensor_targte-dag.py for tasks to queue
[2022-07-30 16:56:14,415] {logging_mixin.py:115} INFO - [2022-07-30 16:56:14,415] {dagbag.py:507} INFO - Filling up the DagBag from /opt/airflow/dags/external_task_sensor/external_task_sensor_targte-dag.py
[2022-07-30 16:56:14,483] {processor.py:651} INFO - DAG(s) dict_keys(['external_sensor_target_dag']) retrieved from /opt/airflow/dags/external_task_sensor/external_task_sensor_targte-dag.py
[2022-07-30 16:56:14,568] {logging_mixin.py:115} INFO - [2022-07-30 16:56:14,568] {dag.py:2379} INFO - Sync 1 DAGs
[2022-07-30 16:56:14,634] {logging_mixin.py:115} INFO - [2022-07-30 16:56:14,634] {dag.py:2931} INFO - Setting next_dagrun for external_sensor_target_dag to 2022-07-29T00:00:00+00:00, run_after=2022-07-30T00:00:00+00:00
[2022-07-30 16:56:14,668] {processor.py:161} INFO - Processing /opt/airflow/dags/external_task_sensor/external_task_sensor_targte-dag.py took 0.261 seconds
[2022-07-30 16:56:44,843] {processor.py:153} INFO - Started process (PID=1965) to work on /opt/airflow/dags/external_task_sensor/external_task_sensor_targte-dag.py
[2022-07-30 16:56:44,844] {processor.py:641} INFO - Processing file /opt/airflow/dags/external_task_sensor/external_task_sensor_targte-dag.py for tasks to queue
[2022-07-30 16:56:44,844] {logging_mixin.py:115} INFO - [2022-07-30 16:56:44,844] {dagbag.py:507} INFO - Filling up the DagBag from /opt/airflow/dags/external_task_sensor/external_task_sensor_targte-dag.py
[2022-07-30 16:56:44,861] {processor.py:651} INFO - DAG(s) dict_keys(['external_sensor_target_dag']) retrieved from /opt/airflow/dags/external_task_sensor/external_task_sensor_targte-dag.py
[2022-07-30 16:56:44,893] {logging_mixin.py:115} INFO - [2022-07-30 16:56:44,893] {dag.py:2379} INFO - Sync 1 DAGs
[2022-07-30 16:56:44,915] {logging_mixin.py:115} INFO - [2022-07-30 16:56:44,915] {dag.py:2931} INFO - Setting next_dagrun for external_sensor_target_dag to 2022-07-29T00:00:00+00:00, run_after=2022-07-30T00:00:00+00:00
[2022-07-30 16:56:44,927] {processor.py:161} INFO - Processing /opt/airflow/dags/external_task_sensor/external_task_sensor_targte-dag.py took 0.086 seconds
[2022-07-30 16:57:15,431] {processor.py:153} INFO - Started process (PID=2047) to work on /opt/airflow/dags/external_task_sensor/external_task_sensor_targte-dag.py
[2022-07-30 16:57:15,440] {processor.py:641} INFO - Processing file /opt/airflow/dags/external_task_sensor/external_task_sensor_targte-dag.py for tasks to queue
[2022-07-30 16:57:15,440] {logging_mixin.py:115} INFO - [2022-07-30 16:57:15,440] {dagbag.py:507} INFO - Filling up the DagBag from /opt/airflow/dags/external_task_sensor/external_task_sensor_targte-dag.py
[2022-07-30 16:57:15,495] {processor.py:651} INFO - DAG(s) dict_keys(['external_sensor_target_dag']) retrieved from /opt/airflow/dags/external_task_sensor/external_task_sensor_targte-dag.py
[2022-07-30 16:57:15,633] {logging_mixin.py:115} INFO - [2022-07-30 16:57:15,632] {dag.py:2379} INFO - Sync 1 DAGs
[2022-07-30 16:57:15,714] {logging_mixin.py:115} INFO - [2022-07-30 16:57:15,714] {dag.py:2931} INFO - Setting next_dagrun for external_sensor_target_dag to 2022-07-29T00:00:00+00:00, run_after=2022-07-30T00:00:00+00:00
[2022-07-30 16:57:15,742] {processor.py:161} INFO - Processing /opt/airflow/dags/external_task_sensor/external_task_sensor_targte-dag.py took 0.314 seconds
[2022-07-30 16:57:46,202] {processor.py:153} INFO - Started process (PID=2120) to work on /opt/airflow/dags/external_task_sensor/external_task_sensor_targte-dag.py
[2022-07-30 16:57:46,203] {processor.py:641} INFO - Processing file /opt/airflow/dags/external_task_sensor/external_task_sensor_targte-dag.py for tasks to queue
[2022-07-30 16:57:46,203] {logging_mixin.py:115} INFO - [2022-07-30 16:57:46,203] {dagbag.py:507} INFO - Filling up the DagBag from /opt/airflow/dags/external_task_sensor/external_task_sensor_targte-dag.py
[2022-07-30 16:57:46,226] {processor.py:651} INFO - DAG(s) dict_keys(['external_sensor_target_dag']) retrieved from /opt/airflow/dags/external_task_sensor/external_task_sensor_targte-dag.py
[2022-07-30 16:57:46,274] {logging_mixin.py:115} INFO - [2022-07-30 16:57:46,273] {dag.py:2379} INFO - Sync 1 DAGs
[2022-07-30 16:57:46,311] {logging_mixin.py:115} INFO - [2022-07-30 16:57:46,311] {dag.py:2931} INFO - Setting next_dagrun for external_sensor_target_dag to 2022-07-29T00:00:00+00:00, run_after=2022-07-30T00:00:00+00:00
[2022-07-30 16:57:46,327] {processor.py:161} INFO - Processing /opt/airflow/dags/external_task_sensor/external_task_sensor_targte-dag.py took 0.129 seconds
[2022-07-30 16:58:17,263] {processor.py:153} INFO - Started process (PID=2203) to work on /opt/airflow/dags/external_task_sensor/external_task_sensor_targte-dag.py
[2022-07-30 16:58:17,264] {processor.py:641} INFO - Processing file /opt/airflow/dags/external_task_sensor/external_task_sensor_targte-dag.py for tasks to queue
[2022-07-30 16:58:17,265] {logging_mixin.py:115} INFO - [2022-07-30 16:58:17,264] {dagbag.py:507} INFO - Filling up the DagBag from /opt/airflow/dags/external_task_sensor/external_task_sensor_targte-dag.py
[2022-07-30 16:58:17,288] {processor.py:651} INFO - DAG(s) dict_keys(['external_sensor_target_dag']) retrieved from /opt/airflow/dags/external_task_sensor/external_task_sensor_targte-dag.py
[2022-07-30 16:58:17,338] {logging_mixin.py:115} INFO - [2022-07-30 16:58:17,338] {dag.py:2379} INFO - Sync 1 DAGs
[2022-07-30 16:58:17,370] {logging_mixin.py:115} INFO - [2022-07-30 16:58:17,370] {dag.py:2931} INFO - Setting next_dagrun for external_sensor_target_dag to 2022-07-29T00:00:00+00:00, run_after=2022-07-30T00:00:00+00:00
[2022-07-30 16:58:17,386] {processor.py:161} INFO - Processing /opt/airflow/dags/external_task_sensor/external_task_sensor_targte-dag.py took 0.126 seconds
[2022-07-30 16:58:47,688] {processor.py:153} INFO - Started process (PID=2275) to work on /opt/airflow/dags/external_task_sensor/external_task_sensor_targte-dag.py
[2022-07-30 16:58:47,688] {processor.py:641} INFO - Processing file /opt/airflow/dags/external_task_sensor/external_task_sensor_targte-dag.py for tasks to queue
[2022-07-30 16:58:47,689] {logging_mixin.py:115} INFO - [2022-07-30 16:58:47,689] {dagbag.py:507} INFO - Filling up the DagBag from /opt/airflow/dags/external_task_sensor/external_task_sensor_targte-dag.py
[2022-07-30 16:58:47,761] {processor.py:651} INFO - DAG(s) dict_keys(['external_sensor_target_dag']) retrieved from /opt/airflow/dags/external_task_sensor/external_task_sensor_targte-dag.py
[2022-07-30 16:58:47,872] {logging_mixin.py:115} INFO - [2022-07-30 16:58:47,872] {dag.py:2379} INFO - Sync 1 DAGs
[2022-07-30 16:58:47,939] {logging_mixin.py:115} INFO - [2022-07-30 16:58:47,939] {dag.py:2931} INFO - Setting next_dagrun for external_sensor_target_dag to 2022-07-29T00:00:00+00:00, run_after=2022-07-30T00:00:00+00:00
[2022-07-30 16:58:47,974] {processor.py:161} INFO - Processing /opt/airflow/dags/external_task_sensor/external_task_sensor_targte-dag.py took 0.290 seconds
[2022-07-30 16:59:18,010] {processor.py:153} INFO - Started process (PID=2358) to work on /opt/airflow/dags/external_task_sensor/external_task_sensor_targte-dag.py
[2022-07-30 16:59:18,010] {processor.py:641} INFO - Processing file /opt/airflow/dags/external_task_sensor/external_task_sensor_targte-dag.py for tasks to queue
[2022-07-30 16:59:18,011] {logging_mixin.py:115} INFO - [2022-07-30 16:59:18,011] {dagbag.py:507} INFO - Filling up the DagBag from /opt/airflow/dags/external_task_sensor/external_task_sensor_targte-dag.py
[2022-07-30 16:59:18,035] {processor.py:651} INFO - DAG(s) dict_keys(['external_sensor_target_dag']) retrieved from /opt/airflow/dags/external_task_sensor/external_task_sensor_targte-dag.py
[2022-07-30 16:59:18,084] {logging_mixin.py:115} INFO - [2022-07-30 16:59:18,084] {dag.py:2379} INFO - Sync 1 DAGs
[2022-07-30 16:59:18,122] {logging_mixin.py:115} INFO - [2022-07-30 16:59:18,121] {dag.py:2931} INFO - Setting next_dagrun for external_sensor_target_dag to 2022-07-29T00:00:00+00:00, run_after=2022-07-30T00:00:00+00:00
[2022-07-30 16:59:18,307] {processor.py:161} INFO - Processing /opt/airflow/dags/external_task_sensor/external_task_sensor_targte-dag.py took 0.302 seconds
[2022-07-30 16:59:48,988] {processor.py:153} INFO - Started process (PID=2438) to work on /opt/airflow/dags/external_task_sensor/external_task_sensor_targte-dag.py
[2022-07-30 16:59:48,990] {processor.py:641} INFO - Processing file /opt/airflow/dags/external_task_sensor/external_task_sensor_targte-dag.py for tasks to queue
[2022-07-30 16:59:48,991] {logging_mixin.py:115} INFO - [2022-07-30 16:59:48,991] {dagbag.py:507} INFO - Filling up the DagBag from /opt/airflow/dags/external_task_sensor/external_task_sensor_targte-dag.py
[2022-07-30 16:59:49,035] {processor.py:651} INFO - DAG(s) dict_keys(['external_sensor_target_dag']) retrieved from /opt/airflow/dags/external_task_sensor/external_task_sensor_targte-dag.py
[2022-07-30 16:59:49,085] {logging_mixin.py:115} INFO - [2022-07-30 16:59:49,085] {dag.py:2379} INFO - Sync 1 DAGs
[2022-07-30 16:59:49,121] {logging_mixin.py:115} INFO - [2022-07-30 16:59:49,121] {dag.py:2931} INFO - Setting next_dagrun for external_sensor_target_dag to 2022-07-29T00:00:00+00:00, run_after=2022-07-30T00:00:00+00:00
[2022-07-30 16:59:49,323] {processor.py:161} INFO - Processing /opt/airflow/dags/external_task_sensor/external_task_sensor_targte-dag.py took 0.346 seconds
[2022-07-30 17:00:19,427] {processor.py:153} INFO - Started process (PID=2510) to work on /opt/airflow/dags/external_task_sensor/external_task_sensor_targte-dag.py
[2022-07-30 17:00:19,427] {processor.py:641} INFO - Processing file /opt/airflow/dags/external_task_sensor/external_task_sensor_targte-dag.py for tasks to queue
[2022-07-30 17:00:19,434] {logging_mixin.py:115} INFO - [2022-07-30 17:00:19,434] {dagbag.py:507} INFO - Filling up the DagBag from /opt/airflow/dags/external_task_sensor/external_task_sensor_targte-dag.py
[2022-07-30 17:00:19,506] {processor.py:651} INFO - DAG(s) dict_keys(['external_sensor_target_dag']) retrieved from /opt/airflow/dags/external_task_sensor/external_task_sensor_targte-dag.py
[2022-07-30 17:00:19,640] {logging_mixin.py:115} INFO - [2022-07-30 17:00:19,640] {dag.py:2379} INFO - Sync 1 DAGs
[2022-07-30 17:00:19,703] {logging_mixin.py:115} INFO - [2022-07-30 17:00:19,703] {dag.py:2931} INFO - Setting next_dagrun for external_sensor_target_dag to 2022-07-29T00:00:00+00:00, run_after=2022-07-30T00:00:00+00:00
[2022-07-30 17:00:20,093] {processor.py:161} INFO - Processing /opt/airflow/dags/external_task_sensor/external_task_sensor_targte-dag.py took 0.672 seconds
[2022-07-30 17:00:50,339] {processor.py:153} INFO - Started process (PID=2599) to work on /opt/airflow/dags/external_task_sensor/external_task_sensor_targte-dag.py
[2022-07-30 17:00:50,340] {processor.py:641} INFO - Processing file /opt/airflow/dags/external_task_sensor/external_task_sensor_targte-dag.py for tasks to queue
[2022-07-30 17:00:50,340] {logging_mixin.py:115} INFO - [2022-07-30 17:00:50,340] {dagbag.py:507} INFO - Filling up the DagBag from /opt/airflow/dags/external_task_sensor/external_task_sensor_targte-dag.py
[2022-07-30 17:00:50,391] {processor.py:651} INFO - DAG(s) dict_keys(['external_sensor_target_dag']) retrieved from /opt/airflow/dags/external_task_sensor/external_task_sensor_targte-dag.py
[2022-07-30 17:00:50,437] {logging_mixin.py:115} INFO - [2022-07-30 17:00:50,437] {dag.py:2379} INFO - Sync 1 DAGs
[2022-07-30 17:00:50,470] {logging_mixin.py:115} INFO - [2022-07-30 17:00:50,470] {dag.py:2931} INFO - Setting next_dagrun for external_sensor_target_dag to 2022-07-29T00:00:00+00:00, run_after=2022-07-30T00:00:00+00:00
[2022-07-30 17:00:50,812] {processor.py:161} INFO - Processing /opt/airflow/dags/external_task_sensor/external_task_sensor_targte-dag.py took 0.477 seconds
[2022-07-30 17:01:20,845] {processor.py:153} INFO - Started process (PID=2671) to work on /opt/airflow/dags/external_task_sensor/external_task_sensor_targte-dag.py
[2022-07-30 17:01:20,846] {processor.py:641} INFO - Processing file /opt/airflow/dags/external_task_sensor/external_task_sensor_targte-dag.py for tasks to queue
[2022-07-30 17:01:20,846] {logging_mixin.py:115} INFO - [2022-07-30 17:01:20,846] {dagbag.py:507} INFO - Filling up the DagBag from /opt/airflow/dags/external_task_sensor/external_task_sensor_targte-dag.py
[2022-07-30 17:01:20,862] {processor.py:651} INFO - DAG(s) dict_keys(['external_sensor_target_dag']) retrieved from /opt/airflow/dags/external_task_sensor/external_task_sensor_targte-dag.py
[2022-07-30 17:01:20,894] {logging_mixin.py:115} INFO - [2022-07-30 17:01:20,894] {dag.py:2379} INFO - Sync 1 DAGs
[2022-07-30 17:01:20,927] {logging_mixin.py:115} INFO - [2022-07-30 17:01:20,926] {dag.py:2931} INFO - Setting next_dagrun for external_sensor_target_dag to 2022-07-29T00:00:00+00:00, run_after=2022-07-30T00:00:00+00:00
[2022-07-30 17:01:21,095] {processor.py:161} INFO - Processing /opt/airflow/dags/external_task_sensor/external_task_sensor_targte-dag.py took 0.253 seconds
[2022-07-30 17:01:52,944] {processor.py:153} INFO - Started process (PID=2756) to work on /opt/airflow/dags/external_task_sensor/external_task_sensor_targte-dag.py
[2022-07-30 17:01:52,956] {processor.py:641} INFO - Processing file /opt/airflow/dags/external_task_sensor/external_task_sensor_targte-dag.py for tasks to queue
[2022-07-30 17:01:52,957] {logging_mixin.py:115} INFO - [2022-07-30 17:01:52,957] {dagbag.py:507} INFO - Filling up the DagBag from /opt/airflow/dags/external_task_sensor/external_task_sensor_targte-dag.py
[2022-07-30 17:01:52,988] {processor.py:651} INFO - DAG(s) dict_keys(['external_sensor_target_dag']) retrieved from /opt/airflow/dags/external_task_sensor/external_task_sensor_targte-dag.py
[2022-07-30 17:01:53,038] {logging_mixin.py:115} INFO - [2022-07-30 17:01:53,038] {dag.py:2379} INFO - Sync 1 DAGs
[2022-07-30 17:01:53,073] {logging_mixin.py:115} INFO - [2022-07-30 17:01:53,072] {dag.py:2931} INFO - Setting next_dagrun for external_sensor_target_dag to 2022-07-29T00:00:00+00:00, run_after=2022-07-30T00:00:00+00:00
[2022-07-30 17:01:53,324] {processor.py:161} INFO - Processing /opt/airflow/dags/external_task_sensor/external_task_sensor_targte-dag.py took 0.387 seconds
[2022-07-30 17:02:23,410] {processor.py:153} INFO - Started process (PID=2829) to work on /opt/airflow/dags/external_task_sensor/external_task_sensor_targte-dag.py
[2022-07-30 17:02:23,411] {processor.py:641} INFO - Processing file /opt/airflow/dags/external_task_sensor/external_task_sensor_targte-dag.py for tasks to queue
[2022-07-30 17:02:23,411] {logging_mixin.py:115} INFO - [2022-07-30 17:02:23,411] {dagbag.py:507} INFO - Filling up the DagBag from /opt/airflow/dags/external_task_sensor/external_task_sensor_targte-dag.py
[2022-07-30 17:02:23,435] {processor.py:651} INFO - DAG(s) dict_keys(['external_sensor_target_dag']) retrieved from /opt/airflow/dags/external_task_sensor/external_task_sensor_targte-dag.py
[2022-07-30 17:02:23,492] {logging_mixin.py:115} INFO - [2022-07-30 17:02:23,492] {dag.py:2379} INFO - Sync 1 DAGs
[2022-07-30 17:02:23,525] {logging_mixin.py:115} INFO - [2022-07-30 17:02:23,525] {dag.py:2931} INFO - Setting next_dagrun for external_sensor_target_dag to 2022-07-29T00:00:00+00:00, run_after=2022-07-30T00:00:00+00:00
[2022-07-30 17:02:23,706] {processor.py:161} INFO - Processing /opt/airflow/dags/external_task_sensor/external_task_sensor_targte-dag.py took 0.302 seconds
[2022-07-30 17:02:54,138] {processor.py:153} INFO - Started process (PID=2908) to work on /opt/airflow/dags/external_task_sensor/external_task_sensor_targte-dag.py
[2022-07-30 17:02:54,142] {processor.py:641} INFO - Processing file /opt/airflow/dags/external_task_sensor/external_task_sensor_targte-dag.py for tasks to queue
[2022-07-30 17:02:54,143] {logging_mixin.py:115} INFO - [2022-07-30 17:02:54,143] {dagbag.py:507} INFO - Filling up the DagBag from /opt/airflow/dags/external_task_sensor/external_task_sensor_targte-dag.py
[2022-07-30 17:02:54,182] {processor.py:651} INFO - DAG(s) dict_keys(['external_sensor_target_dag']) retrieved from /opt/airflow/dags/external_task_sensor/external_task_sensor_targte-dag.py
[2022-07-30 17:02:54,293] {logging_mixin.py:115} INFO - [2022-07-30 17:02:54,293] {dag.py:2379} INFO - Sync 1 DAGs
[2022-07-30 17:02:54,358] {logging_mixin.py:115} INFO - [2022-07-30 17:02:54,358] {dag.py:2931} INFO - Setting next_dagrun for external_sensor_target_dag to 2022-07-29T00:00:00+00:00, run_after=2022-07-30T00:00:00+00:00
[2022-07-30 17:02:54,715] {processor.py:161} INFO - Processing /opt/airflow/dags/external_task_sensor/external_task_sensor_targte-dag.py took 0.585 seconds
[2022-07-30 17:03:24,926] {processor.py:153} INFO - Started process (PID=2989) to work on /opt/airflow/dags/external_task_sensor/external_task_sensor_targte-dag.py
[2022-07-30 17:03:24,927] {processor.py:641} INFO - Processing file /opt/airflow/dags/external_task_sensor/external_task_sensor_targte-dag.py for tasks to queue
[2022-07-30 17:03:24,928] {logging_mixin.py:115} INFO - [2022-07-30 17:03:24,927] {dagbag.py:507} INFO - Filling up the DagBag from /opt/airflow/dags/external_task_sensor/external_task_sensor_targte-dag.py
[2022-07-30 17:03:24,950] {processor.py:651} INFO - DAG(s) dict_keys(['external_sensor_target_dag']) retrieved from /opt/airflow/dags/external_task_sensor/external_task_sensor_targte-dag.py
[2022-07-30 17:03:25,007] {logging_mixin.py:115} INFO - [2022-07-30 17:03:25,007] {dag.py:2379} INFO - Sync 1 DAGs
[2022-07-30 17:03:25,041] {logging_mixin.py:115} INFO - [2022-07-30 17:03:25,041] {dag.py:2931} INFO - Setting next_dagrun for external_sensor_target_dag to 2022-07-29T00:00:00+00:00, run_after=2022-07-30T00:00:00+00:00
[2022-07-30 17:03:25,231] {processor.py:161} INFO - Processing /opt/airflow/dags/external_task_sensor/external_task_sensor_targte-dag.py took 0.309 seconds
[2022-07-30 17:03:55,842] {processor.py:153} INFO - Started process (PID=3063) to work on /opt/airflow/dags/external_task_sensor/external_task_sensor_targte-dag.py
[2022-07-30 17:03:55,852] {processor.py:641} INFO - Processing file /opt/airflow/dags/external_task_sensor/external_task_sensor_targte-dag.py for tasks to queue
[2022-07-30 17:03:55,852] {logging_mixin.py:115} INFO - [2022-07-30 17:03:55,852] {dagbag.py:507} INFO - Filling up the DagBag from /opt/airflow/dags/external_task_sensor/external_task_sensor_targte-dag.py
[2022-07-30 17:03:55,879] {processor.py:651} INFO - DAG(s) dict_keys(['external_sensor_target_dag']) retrieved from /opt/airflow/dags/external_task_sensor/external_task_sensor_targte-dag.py
[2022-07-30 17:03:55,932] {logging_mixin.py:115} INFO - [2022-07-30 17:03:55,932] {dag.py:2379} INFO - Sync 1 DAGs
[2022-07-30 17:03:55,967] {logging_mixin.py:115} INFO - [2022-07-30 17:03:55,967] {dag.py:2931} INFO - Setting next_dagrun for external_sensor_target_dag to 2022-07-29T00:00:00+00:00, run_after=2022-07-30T00:00:00+00:00
[2022-07-30 17:03:56,143] {processor.py:161} INFO - Processing /opt/airflow/dags/external_task_sensor/external_task_sensor_targte-dag.py took 0.304 seconds
[2022-07-30 17:04:26,835] {processor.py:153} INFO - Started process (PID=3145) to work on /opt/airflow/dags/external_task_sensor/external_task_sensor_targte-dag.py
[2022-07-30 17:04:26,836] {processor.py:641} INFO - Processing file /opt/airflow/dags/external_task_sensor/external_task_sensor_targte-dag.py for tasks to queue
[2022-07-30 17:04:26,837] {logging_mixin.py:115} INFO - [2022-07-30 17:04:26,836] {dagbag.py:507} INFO - Filling up the DagBag from /opt/airflow/dags/external_task_sensor/external_task_sensor_targte-dag.py
[2022-07-30 17:04:26,879] {processor.py:651} INFO - DAG(s) dict_keys(['external_sensor_target_dag']) retrieved from /opt/airflow/dags/external_task_sensor/external_task_sensor_targte-dag.py
[2022-07-30 17:04:26,991] {logging_mixin.py:115} INFO - [2022-07-30 17:04:26,991] {dag.py:2379} INFO - Sync 1 DAGs
[2022-07-30 17:04:27,210] {logging_mixin.py:115} INFO - [2022-07-30 17:04:27,210] {dag.py:2931} INFO - Setting next_dagrun for external_sensor_target_dag to 2022-07-29T00:00:00+00:00, run_after=2022-07-30T00:00:00+00:00
[2022-07-30 17:04:27,224] {processor.py:161} INFO - Processing /opt/airflow/dags/external_task_sensor/external_task_sensor_targte-dag.py took 0.392 seconds
[2022-07-30 17:04:58,154] {processor.py:153} INFO - Started process (PID=3222) to work on /opt/airflow/dags/external_task_sensor/external_task_sensor_targte-dag.py
[2022-07-30 17:04:58,155] {processor.py:641} INFO - Processing file /opt/airflow/dags/external_task_sensor/external_task_sensor_targte-dag.py for tasks to queue
[2022-07-30 17:04:58,156] {logging_mixin.py:115} INFO - [2022-07-30 17:04:58,156] {dagbag.py:507} INFO - Filling up the DagBag from /opt/airflow/dags/external_task_sensor/external_task_sensor_targte-dag.py
[2022-07-30 17:04:58,179] {processor.py:651} INFO - DAG(s) dict_keys(['external_sensor_target_dag']) retrieved from /opt/airflow/dags/external_task_sensor/external_task_sensor_targte-dag.py
[2022-07-30 17:04:58,230] {logging_mixin.py:115} INFO - [2022-07-30 17:04:58,229] {dag.py:2379} INFO - Sync 1 DAGs
[2022-07-30 17:04:58,432] {logging_mixin.py:115} INFO - [2022-07-30 17:04:58,432] {dag.py:2931} INFO - Setting next_dagrun for external_sensor_target_dag to 2022-07-29T00:00:00+00:00, run_after=2022-07-30T00:00:00+00:00
[2022-07-30 17:04:58,446] {processor.py:161} INFO - Processing /opt/airflow/dags/external_task_sensor/external_task_sensor_targte-dag.py took 0.296 seconds
[2022-07-30 17:05:28,548] {processor.py:153} INFO - Started process (PID=3307) to work on /opt/airflow/dags/external_task_sensor/external_task_sensor_targte-dag.py
[2022-07-30 17:05:28,548] {processor.py:641} INFO - Processing file /opt/airflow/dags/external_task_sensor/external_task_sensor_targte-dag.py for tasks to queue
[2022-07-30 17:05:28,549] {logging_mixin.py:115} INFO - [2022-07-30 17:05:28,549] {dagbag.py:507} INFO - Filling up the DagBag from /opt/airflow/dags/external_task_sensor/external_task_sensor_targte-dag.py
[2022-07-30 17:05:28,565] {processor.py:651} INFO - DAG(s) dict_keys(['external_sensor_target_dag']) retrieved from /opt/airflow/dags/external_task_sensor/external_task_sensor_targte-dag.py
[2022-07-30 17:05:28,597] {logging_mixin.py:115} INFO - [2022-07-30 17:05:28,597] {dag.py:2379} INFO - Sync 1 DAGs
[2022-07-30 17:05:28,745] {logging_mixin.py:115} INFO - [2022-07-30 17:05:28,745] {dag.py:2931} INFO - Setting next_dagrun for external_sensor_target_dag to 2022-07-29T00:00:00+00:00, run_after=2022-07-30T00:00:00+00:00
[2022-07-30 17:05:28,755] {processor.py:161} INFO - Processing /opt/airflow/dags/external_task_sensor/external_task_sensor_targte-dag.py took 0.210 seconds
[2022-07-30 17:05:58,897] {processor.py:153} INFO - Started process (PID=3386) to work on /opt/airflow/dags/external_task_sensor/external_task_sensor_targte-dag.py
[2022-07-30 17:05:58,898] {processor.py:641} INFO - Processing file /opt/airflow/dags/external_task_sensor/external_task_sensor_targte-dag.py for tasks to queue
[2022-07-30 17:05:58,898] {logging_mixin.py:115} INFO - [2022-07-30 17:05:58,898] {dagbag.py:507} INFO - Filling up the DagBag from /opt/airflow/dags/external_task_sensor/external_task_sensor_targte-dag.py
[2022-07-30 17:05:58,914] {processor.py:651} INFO - DAG(s) dict_keys(['external_sensor_target_dag']) retrieved from /opt/airflow/dags/external_task_sensor/external_task_sensor_targte-dag.py
[2022-07-30 17:05:58,947] {logging_mixin.py:115} INFO - [2022-07-30 17:05:58,946] {dag.py:2379} INFO - Sync 1 DAGs
[2022-07-30 17:05:59,138] {logging_mixin.py:115} INFO - [2022-07-30 17:05:59,138] {dag.py:2931} INFO - Setting next_dagrun for external_sensor_target_dag to 2022-07-29T00:00:00+00:00, run_after=2022-07-30T00:00:00+00:00
[2022-07-30 17:05:59,161] {processor.py:161} INFO - Processing /opt/airflow/dags/external_task_sensor/external_task_sensor_targte-dag.py took 0.267 seconds
[2022-07-30 17:06:29,637] {processor.py:153} INFO - Started process (PID=3468) to work on /opt/airflow/dags/external_task_sensor/external_task_sensor_targte-dag.py
[2022-07-30 17:06:29,637] {processor.py:641} INFO - Processing file /opt/airflow/dags/external_task_sensor/external_task_sensor_targte-dag.py for tasks to queue
[2022-07-30 17:06:29,638] {logging_mixin.py:115} INFO - [2022-07-30 17:06:29,638] {dagbag.py:507} INFO - Filling up the DagBag from /opt/airflow/dags/external_task_sensor/external_task_sensor_targte-dag.py
[2022-07-30 17:06:29,664] {processor.py:651} INFO - DAG(s) dict_keys(['external_sensor_target_dag']) retrieved from /opt/airflow/dags/external_task_sensor/external_task_sensor_targte-dag.py
[2022-07-30 17:06:29,747] {logging_mixin.py:115} INFO - [2022-07-30 17:06:29,747] {dag.py:2379} INFO - Sync 1 DAGs
[2022-07-30 17:06:29,972] {logging_mixin.py:115} INFO - [2022-07-30 17:06:29,971] {dag.py:2931} INFO - Setting next_dagrun for external_sensor_target_dag to 2022-07-29T00:00:00+00:00, run_after=2022-07-30T00:00:00+00:00
[2022-07-30 17:06:30,004] {processor.py:161} INFO - Processing /opt/airflow/dags/external_task_sensor/external_task_sensor_targte-dag.py took 0.371 seconds
[2022-07-30 17:07:00,495] {processor.py:153} INFO - Started process (PID=3543) to work on /opt/airflow/dags/external_task_sensor/external_task_sensor_targte-dag.py
[2022-07-30 17:07:00,496] {processor.py:641} INFO - Processing file /opt/airflow/dags/external_task_sensor/external_task_sensor_targte-dag.py for tasks to queue
[2022-07-30 17:07:00,497] {logging_mixin.py:115} INFO - [2022-07-30 17:07:00,497] {dagbag.py:507} INFO - Filling up the DagBag from /opt/airflow/dags/external_task_sensor/external_task_sensor_targte-dag.py
[2022-07-30 17:07:00,520] {processor.py:651} INFO - DAG(s) dict_keys(['external_sensor_target_dag']) retrieved from /opt/airflow/dags/external_task_sensor/external_task_sensor_targte-dag.py
[2022-07-30 17:07:00,569] {logging_mixin.py:115} INFO - [2022-07-30 17:07:00,569] {dag.py:2379} INFO - Sync 1 DAGs
[2022-07-30 17:07:00,766] {logging_mixin.py:115} INFO - [2022-07-30 17:07:00,766] {dag.py:2931} INFO - Setting next_dagrun for external_sensor_target_dag to 2022-07-29T00:00:00+00:00, run_after=2022-07-30T00:00:00+00:00
[2022-07-30 17:07:00,778] {processor.py:161} INFO - Processing /opt/airflow/dags/external_task_sensor/external_task_sensor_targte-dag.py took 0.287 seconds
[2022-07-30 17:07:30,895] {processor.py:153} INFO - Started process (PID=3624) to work on /opt/airflow/dags/external_task_sensor/external_task_sensor_targte-dag.py
[2022-07-30 17:07:30,896] {processor.py:641} INFO - Processing file /opt/airflow/dags/external_task_sensor/external_task_sensor_targte-dag.py for tasks to queue
[2022-07-30 17:07:30,897] {logging_mixin.py:115} INFO - [2022-07-30 17:07:30,897] {dagbag.py:507} INFO - Filling up the DagBag from /opt/airflow/dags/external_task_sensor/external_task_sensor_targte-dag.py
[2022-07-30 17:07:30,982] {processor.py:651} INFO - DAG(s) dict_keys(['external_sensor_target_dag']) retrieved from /opt/airflow/dags/external_task_sensor/external_task_sensor_targte-dag.py
[2022-07-30 17:07:31,064] {logging_mixin.py:115} INFO - [2022-07-30 17:07:31,064] {dag.py:2379} INFO - Sync 1 DAGs
[2022-07-30 17:07:31,330] {logging_mixin.py:115} INFO - [2022-07-30 17:07:31,330] {dag.py:2931} INFO - Setting next_dagrun for external_sensor_target_dag to 2022-07-29T00:00:00+00:00, run_after=2022-07-30T00:00:00+00:00
[2022-07-30 17:07:31,339] {processor.py:161} INFO - Processing /opt/airflow/dags/external_task_sensor/external_task_sensor_targte-dag.py took 0.460 seconds
[2022-07-30 17:08:01,423] {processor.py:153} INFO - Started process (PID=3698) to work on /opt/airflow/dags/external_task_sensor/external_task_sensor_targte-dag.py
[2022-07-30 17:08:01,430] {processor.py:641} INFO - Processing file /opt/airflow/dags/external_task_sensor/external_task_sensor_targte-dag.py for tasks to queue
[2022-07-30 17:08:01,431] {logging_mixin.py:115} INFO - [2022-07-30 17:08:01,431] {dagbag.py:507} INFO - Filling up the DagBag from /opt/airflow/dags/external_task_sensor/external_task_sensor_targte-dag.py
[2022-07-30 17:08:01,455] {processor.py:651} INFO - DAG(s) dict_keys(['external_sensor_target_dag']) retrieved from /opt/airflow/dags/external_task_sensor/external_task_sensor_targte-dag.py
[2022-07-30 17:08:01,513] {logging_mixin.py:115} INFO - [2022-07-30 17:08:01,513] {dag.py:2379} INFO - Sync 1 DAGs
[2022-07-30 17:08:02,011] {logging_mixin.py:115} INFO - [2022-07-30 17:08:02,011] {dag.py:2931} INFO - Setting next_dagrun for external_sensor_target_dag to 2022-07-29T00:00:00+00:00, run_after=2022-07-30T00:00:00+00:00
[2022-07-30 17:08:02,047] {processor.py:161} INFO - Processing /opt/airflow/dags/external_task_sensor/external_task_sensor_targte-dag.py took 0.632 seconds
[2022-07-30 17:08:32,114] {processor.py:153} INFO - Started process (PID=3783) to work on /opt/airflow/dags/external_task_sensor/external_task_sensor_targte-dag.py
[2022-07-30 17:08:32,115] {processor.py:641} INFO - Processing file /opt/airflow/dags/external_task_sensor/external_task_sensor_targte-dag.py for tasks to queue
[2022-07-30 17:08:32,115] {logging_mixin.py:115} INFO - [2022-07-30 17:08:32,115] {dagbag.py:507} INFO - Filling up the DagBag from /opt/airflow/dags/external_task_sensor/external_task_sensor_targte-dag.py
[2022-07-30 17:08:32,168] {processor.py:651} INFO - DAG(s) dict_keys(['external_sensor_target_dag']) retrieved from /opt/airflow/dags/external_task_sensor/external_task_sensor_targte-dag.py
[2022-07-30 17:08:32,281] {logging_mixin.py:115} INFO - [2022-07-30 17:08:32,281] {dag.py:2379} INFO - Sync 1 DAGs
[2022-07-30 17:08:32,655] {logging_mixin.py:115} INFO - [2022-07-30 17:08:32,655] {dag.py:2931} INFO - Setting next_dagrun for external_sensor_target_dag to 2022-07-29T00:00:00+00:00, run_after=2022-07-30T00:00:00+00:00
[2022-07-30 17:08:32,671] {processor.py:161} INFO - Processing /opt/airflow/dags/external_task_sensor/external_task_sensor_targte-dag.py took 0.569 seconds
[2022-07-30 17:09:03,060] {processor.py:153} INFO - Started process (PID=3860) to work on /opt/airflow/dags/external_task_sensor/external_task_sensor_targte-dag.py
[2022-07-30 17:09:03,061] {processor.py:641} INFO - Processing file /opt/airflow/dags/external_task_sensor/external_task_sensor_targte-dag.py for tasks to queue
[2022-07-30 17:09:03,062] {logging_mixin.py:115} INFO - [2022-07-30 17:09:03,062] {dagbag.py:507} INFO - Filling up the DagBag from /opt/airflow/dags/external_task_sensor/external_task_sensor_targte-dag.py
[2022-07-30 17:09:03,109] {processor.py:651} INFO - DAG(s) dict_keys(['external_sensor_target_dag']) retrieved from /opt/airflow/dags/external_task_sensor/external_task_sensor_targte-dag.py
[2022-07-30 17:09:03,251] {logging_mixin.py:115} INFO - [2022-07-30 17:09:03,251] {dag.py:2379} INFO - Sync 1 DAGs
[2022-07-30 17:09:03,475] {logging_mixin.py:115} INFO - [2022-07-30 17:09:03,475] {dag.py:2931} INFO - Setting next_dagrun for external_sensor_target_dag to 2022-07-29T00:00:00+00:00, run_after=2022-07-30T00:00:00+00:00
[2022-07-30 17:09:03,489] {processor.py:161} INFO - Processing /opt/airflow/dags/external_task_sensor/external_task_sensor_targte-dag.py took 0.432 seconds
[2022-07-30 17:09:33,869] {processor.py:153} INFO - Started process (PID=3940) to work on /opt/airflow/dags/external_task_sensor/external_task_sensor_targte-dag.py
[2022-07-30 17:09:33,870] {processor.py:641} INFO - Processing file /opt/airflow/dags/external_task_sensor/external_task_sensor_targte-dag.py for tasks to queue
[2022-07-30 17:09:33,870] {logging_mixin.py:115} INFO - [2022-07-30 17:09:33,870] {dagbag.py:507} INFO - Filling up the DagBag from /opt/airflow/dags/external_task_sensor/external_task_sensor_targte-dag.py
[2022-07-30 17:09:33,917] {processor.py:651} INFO - DAG(s) dict_keys(['external_sensor_target_dag']) retrieved from /opt/airflow/dags/external_task_sensor/external_task_sensor_targte-dag.py
[2022-07-30 17:09:33,984] {logging_mixin.py:115} INFO - [2022-07-30 17:09:33,984] {dag.py:2379} INFO - Sync 1 DAGs
[2022-07-30 17:09:34,019] {logging_mixin.py:115} INFO - [2022-07-30 17:09:34,019] {dag.py:2931} INFO - Setting next_dagrun for external_sensor_target_dag to 2022-07-29T00:00:00+00:00, run_after=2022-07-30T00:00:00+00:00
[2022-07-30 17:09:34,036] {processor.py:161} INFO - Processing /opt/airflow/dags/external_task_sensor/external_task_sensor_targte-dag.py took 0.179 seconds
[2022-07-30 17:10:04,263] {processor.py:153} INFO - Started process (PID=4015) to work on /opt/airflow/dags/external_task_sensor/external_task_sensor_targte-dag.py
[2022-07-30 17:10:04,268] {processor.py:641} INFO - Processing file /opt/airflow/dags/external_task_sensor/external_task_sensor_targte-dag.py for tasks to queue
[2022-07-30 17:10:04,269] {logging_mixin.py:115} INFO - [2022-07-30 17:10:04,268] {dagbag.py:507} INFO - Filling up the DagBag from /opt/airflow/dags/external_task_sensor/external_task_sensor_targte-dag.py
[2022-07-30 17:10:04,292] {processor.py:651} INFO - DAG(s) dict_keys(['external_sensor_target_dag']) retrieved from /opt/airflow/dags/external_task_sensor/external_task_sensor_targte-dag.py
[2022-07-30 17:10:04,342] {logging_mixin.py:115} INFO - [2022-07-30 17:10:04,342] {dag.py:2379} INFO - Sync 1 DAGs
[2022-07-30 17:10:04,380] {logging_mixin.py:115} INFO - [2022-07-30 17:10:04,380] {dag.py:2931} INFO - Setting next_dagrun for external_sensor_target_dag to 2022-07-29T00:00:00+00:00, run_after=2022-07-30T00:00:00+00:00
[2022-07-30 17:10:04,394] {processor.py:161} INFO - Processing /opt/airflow/dags/external_task_sensor/external_task_sensor_targte-dag.py took 0.135 seconds
[2022-07-30 17:10:35,085] {processor.py:153} INFO - Started process (PID=4103) to work on /opt/airflow/dags/external_task_sensor/external_task_sensor_targte-dag.py
[2022-07-30 17:10:35,088] {processor.py:641} INFO - Processing file /opt/airflow/dags/external_task_sensor/external_task_sensor_targte-dag.py for tasks to queue
[2022-07-30 17:10:35,089] {logging_mixin.py:115} INFO - [2022-07-30 17:10:35,088] {dagbag.py:507} INFO - Filling up the DagBag from /opt/airflow/dags/external_task_sensor/external_task_sensor_targte-dag.py
[2022-07-30 17:10:35,141] {processor.py:651} INFO - DAG(s) dict_keys(['external_sensor_target_dag']) retrieved from /opt/airflow/dags/external_task_sensor/external_task_sensor_targte-dag.py
[2022-07-30 17:10:35,291] {logging_mixin.py:115} INFO - [2022-07-30 17:10:35,291] {dag.py:2379} INFO - Sync 1 DAGs
[2022-07-30 17:10:35,402] {logging_mixin.py:115} INFO - [2022-07-30 17:10:35,402] {dag.py:2931} INFO - Setting next_dagrun for external_sensor_target_dag to 2022-07-29T00:00:00+00:00, run_after=2022-07-30T00:00:00+00:00
[2022-07-30 17:10:35,444] {processor.py:161} INFO - Processing /opt/airflow/dags/external_task_sensor/external_task_sensor_targte-dag.py took 0.363 seconds
[2022-07-30 17:11:06,412] {processor.py:153} INFO - Started process (PID=4179) to work on /opt/airflow/dags/external_task_sensor/external_task_sensor_targte-dag.py
[2022-07-30 17:11:06,414] {processor.py:641} INFO - Processing file /opt/airflow/dags/external_task_sensor/external_task_sensor_targte-dag.py for tasks to queue
[2022-07-30 17:11:06,415] {logging_mixin.py:115} INFO - [2022-07-30 17:11:06,415] {dagbag.py:507} INFO - Filling up the DagBag from /opt/airflow/dags/external_task_sensor/external_task_sensor_targte-dag.py
[2022-07-30 17:11:06,439] {processor.py:651} INFO - DAG(s) dict_keys(['external_sensor_target_dag']) retrieved from /opt/airflow/dags/external_task_sensor/external_task_sensor_targte-dag.py
[2022-07-30 17:11:06,494] {logging_mixin.py:115} INFO - [2022-07-30 17:11:06,494] {dag.py:2379} INFO - Sync 1 DAGs
[2022-07-30 17:11:06,541] {logging_mixin.py:115} INFO - [2022-07-30 17:11:06,541] {dag.py:2931} INFO - Setting next_dagrun for external_sensor_target_dag to 2022-07-29T00:00:00+00:00, run_after=2022-07-30T00:00:00+00:00
[2022-07-30 17:11:06,573] {processor.py:161} INFO - Processing /opt/airflow/dags/external_task_sensor/external_task_sensor_targte-dag.py took 0.167 seconds
[2022-07-30 17:11:37,351] {processor.py:153} INFO - Started process (PID=4252) to work on /opt/airflow/dags/external_task_sensor/external_task_sensor_targte-dag.py
[2022-07-30 17:11:37,351] {processor.py:641} INFO - Processing file /opt/airflow/dags/external_task_sensor/external_task_sensor_targte-dag.py for tasks to queue
[2022-07-30 17:11:37,362] {logging_mixin.py:115} INFO - [2022-07-30 17:11:37,362] {dagbag.py:507} INFO - Filling up the DagBag from /opt/airflow/dags/external_task_sensor/external_task_sensor_targte-dag.py
[2022-07-30 17:11:37,411] {processor.py:651} INFO - DAG(s) dict_keys(['external_sensor_target_dag']) retrieved from /opt/airflow/dags/external_task_sensor/external_task_sensor_targte-dag.py
[2022-07-30 17:11:37,462] {logging_mixin.py:115} INFO - [2022-07-30 17:11:37,462] {dag.py:2379} INFO - Sync 1 DAGs
[2022-07-30 17:11:37,494] {logging_mixin.py:115} INFO - [2022-07-30 17:11:37,494] {dag.py:2931} INFO - Setting next_dagrun for external_sensor_target_dag to 2022-07-29T00:00:00+00:00, run_after=2022-07-30T00:00:00+00:00
[2022-07-30 17:11:37,536] {processor.py:161} INFO - Processing /opt/airflow/dags/external_task_sensor/external_task_sensor_targte-dag.py took 0.204 seconds
[2022-07-30 17:12:09,880] {processor.py:153} INFO - Started process (PID=4334) to work on /opt/airflow/dags/external_task_sensor/external_task_sensor_targte-dag.py
[2022-07-30 17:12:09,882] {processor.py:641} INFO - Processing file /opt/airflow/dags/external_task_sensor/external_task_sensor_targte-dag.py for tasks to queue
[2022-07-30 17:12:09,883] {logging_mixin.py:115} INFO - [2022-07-30 17:12:09,883] {dagbag.py:507} INFO - Filling up the DagBag from /opt/airflow/dags/external_task_sensor/external_task_sensor_targte-dag.py
[2022-07-30 17:12:09,931] {processor.py:651} INFO - DAG(s) dict_keys(['external_sensor_target_dag']) retrieved from /opt/airflow/dags/external_task_sensor/external_task_sensor_targte-dag.py
[2022-07-30 17:12:10,024] {logging_mixin.py:115} INFO - [2022-07-30 17:12:10,023] {dag.py:2379} INFO - Sync 1 DAGs
[2022-07-30 17:12:10,073] {logging_mixin.py:115} INFO - [2022-07-30 17:12:10,073] {dag.py:2931} INFO - Setting next_dagrun for external_sensor_target_dag to 2022-07-29T00:00:00+00:00, run_after=2022-07-30T00:00:00+00:00
[2022-07-30 17:12:10,087] {processor.py:161} INFO - Processing /opt/airflow/dags/external_task_sensor/external_task_sensor_targte-dag.py took 0.211 seconds
[2022-07-30 17:12:40,187] {processor.py:153} INFO - Started process (PID=4406) to work on /opt/airflow/dags/external_task_sensor/external_task_sensor_targte-dag.py
[2022-07-30 17:12:40,188] {processor.py:641} INFO - Processing file /opt/airflow/dags/external_task_sensor/external_task_sensor_targte-dag.py for tasks to queue
[2022-07-30 17:12:40,188] {logging_mixin.py:115} INFO - [2022-07-30 17:12:40,188] {dagbag.py:507} INFO - Filling up the DagBag from /opt/airflow/dags/external_task_sensor/external_task_sensor_targte-dag.py
[2022-07-30 17:12:40,211] {processor.py:651} INFO - DAG(s) dict_keys(['external_sensor_target_dag']) retrieved from /opt/airflow/dags/external_task_sensor/external_task_sensor_targte-dag.py
[2022-07-30 17:12:40,269] {logging_mixin.py:115} INFO - [2022-07-30 17:12:40,269] {dag.py:2379} INFO - Sync 1 DAGs
[2022-07-30 17:12:40,302] {logging_mixin.py:115} INFO - [2022-07-30 17:12:40,302] {dag.py:2931} INFO - Setting next_dagrun for external_sensor_target_dag to 2022-07-29T00:00:00+00:00, run_after=2022-07-30T00:00:00+00:00
[2022-07-30 17:12:40,318] {processor.py:161} INFO - Processing /opt/airflow/dags/external_task_sensor/external_task_sensor_targte-dag.py took 0.135 seconds
[2022-07-30 17:13:14,149] {processor.py:153} INFO - Started process (PID=4491) to work on /opt/airflow/dags/external_task_sensor/external_task_sensor_targte-dag.py
[2022-07-30 17:13:14,151] {processor.py:641} INFO - Processing file /opt/airflow/dags/external_task_sensor/external_task_sensor_targte-dag.py for tasks to queue
[2022-07-30 17:13:14,151] {logging_mixin.py:115} INFO - [2022-07-30 17:13:14,151] {dagbag.py:507} INFO - Filling up the DagBag from /opt/airflow/dags/external_task_sensor/external_task_sensor_targte-dag.py
[2022-07-30 17:13:14,209] {processor.py:651} INFO - DAG(s) dict_keys(['external_sensor_target_dag']) retrieved from /opt/airflow/dags/external_task_sensor/external_task_sensor_targte-dag.py
[2022-07-30 17:13:14,328] {logging_mixin.py:115} INFO - [2022-07-30 17:13:14,328] {dag.py:2379} INFO - Sync 1 DAGs
[2022-07-30 17:13:14,391] {logging_mixin.py:115} INFO - [2022-07-30 17:13:14,391] {dag.py:2931} INFO - Setting next_dagrun for external_sensor_target_dag to 2022-07-29T00:00:00+00:00, run_after=2022-07-30T00:00:00+00:00
[2022-07-30 17:13:14,421] {processor.py:161} INFO - Processing /opt/airflow/dags/external_task_sensor/external_task_sensor_targte-dag.py took 0.284 seconds
[2022-07-30 17:13:45,065] {processor.py:153} INFO - Started process (PID=4564) to work on /opt/airflow/dags/external_task_sensor/external_task_sensor_targte-dag.py
[2022-07-30 17:13:45,066] {processor.py:641} INFO - Processing file /opt/airflow/dags/external_task_sensor/external_task_sensor_targte-dag.py for tasks to queue
[2022-07-30 17:13:45,067] {logging_mixin.py:115} INFO - [2022-07-30 17:13:45,066] {dagbag.py:507} INFO - Filling up the DagBag from /opt/airflow/dags/external_task_sensor/external_task_sensor_targte-dag.py
[2022-07-30 17:13:45,090] {processor.py:651} INFO - DAG(s) dict_keys(['external_sensor_target_dag']) retrieved from /opt/airflow/dags/external_task_sensor/external_task_sensor_targte-dag.py
[2022-07-30 17:13:45,141] {logging_mixin.py:115} INFO - [2022-07-30 17:13:45,141] {dag.py:2379} INFO - Sync 1 DAGs
[2022-07-30 17:13:45,178] {logging_mixin.py:115} INFO - [2022-07-30 17:13:45,178] {dag.py:2931} INFO - Setting next_dagrun for external_sensor_target_dag to 2022-07-29T00:00:00+00:00, run_after=2022-07-30T00:00:00+00:00
[2022-07-30 17:13:45,195] {processor.py:161} INFO - Processing /opt/airflow/dags/external_task_sensor/external_task_sensor_targte-dag.py took 0.134 seconds
[2022-07-30 17:14:15,607] {processor.py:153} INFO - Started process (PID=4636) to work on /opt/airflow/dags/external_task_sensor/external_task_sensor_targte-dag.py
[2022-07-30 17:14:15,608] {processor.py:641} INFO - Processing file /opt/airflow/dags/external_task_sensor/external_task_sensor_targte-dag.py for tasks to queue
[2022-07-30 17:14:15,609] {logging_mixin.py:115} INFO - [2022-07-30 17:14:15,609] {dagbag.py:507} INFO - Filling up the DagBag from /opt/airflow/dags/external_task_sensor/external_task_sensor_targte-dag.py
[2022-07-30 17:14:15,636] {processor.py:651} INFO - DAG(s) dict_keys(['external_sensor_target_dag']) retrieved from /opt/airflow/dags/external_task_sensor/external_task_sensor_targte-dag.py
[2022-07-30 17:14:15,700] {logging_mixin.py:115} INFO - [2022-07-30 17:14:15,699] {dag.py:2379} INFO - Sync 1 DAGs
[2022-07-30 17:14:15,755] {logging_mixin.py:115} INFO - [2022-07-30 17:14:15,754] {dag.py:2931} INFO - Setting next_dagrun for external_sensor_target_dag to 2022-07-29T00:00:00+00:00, run_after=2022-07-30T00:00:00+00:00
[2022-07-30 17:14:15,771] {processor.py:161} INFO - Processing /opt/airflow/dags/external_task_sensor/external_task_sensor_targte-dag.py took 0.169 seconds
[2022-07-30 17:14:46,172] {processor.py:153} INFO - Started process (PID=4708) to work on /opt/airflow/dags/external_task_sensor/external_task_sensor_targte-dag.py
[2022-07-30 17:14:46,173] {processor.py:641} INFO - Processing file /opt/airflow/dags/external_task_sensor/external_task_sensor_targte-dag.py for tasks to queue
[2022-07-30 17:14:46,174] {logging_mixin.py:115} INFO - [2022-07-30 17:14:46,174] {dagbag.py:507} INFO - Filling up the DagBag from /opt/airflow/dags/external_task_sensor/external_task_sensor_targte-dag.py
[2022-07-30 17:14:46,199] {processor.py:651} INFO - DAG(s) dict_keys(['external_sensor_target_dag']) retrieved from /opt/airflow/dags/external_task_sensor/external_task_sensor_targte-dag.py
[2022-07-30 17:14:46,265] {logging_mixin.py:115} INFO - [2022-07-30 17:14:46,265] {dag.py:2379} INFO - Sync 1 DAGs
[2022-07-30 17:14:46,320] {logging_mixin.py:115} INFO - [2022-07-30 17:14:46,319] {dag.py:2931} INFO - Setting next_dagrun for external_sensor_target_dag to 2022-07-29T00:00:00+00:00, run_after=2022-07-30T00:00:00+00:00
[2022-07-30 17:14:46,351] {processor.py:161} INFO - Processing /opt/airflow/dags/external_task_sensor/external_task_sensor_targte-dag.py took 0.187 seconds
[2022-07-30 17:15:17,407] {processor.py:153} INFO - Started process (PID=4788) to work on /opt/airflow/dags/external_task_sensor/external_task_sensor_targte-dag.py
[2022-07-30 17:15:17,428] {processor.py:641} INFO - Processing file /opt/airflow/dags/external_task_sensor/external_task_sensor_targte-dag.py for tasks to queue
[2022-07-30 17:15:17,429] {logging_mixin.py:115} INFO - [2022-07-30 17:15:17,429] {dagbag.py:507} INFO - Filling up the DagBag from /opt/airflow/dags/external_task_sensor/external_task_sensor_targte-dag.py
[2022-07-30 17:15:17,508] {processor.py:651} INFO - DAG(s) dict_keys(['external_sensor_target_dag']) retrieved from /opt/airflow/dags/external_task_sensor/external_task_sensor_targte-dag.py
[2022-07-30 17:15:17,616] {logging_mixin.py:115} INFO - [2022-07-30 17:15:17,616] {dag.py:2379} INFO - Sync 1 DAGs
[2022-07-30 17:15:17,718] {logging_mixin.py:115} INFO - [2022-07-30 17:15:17,718] {dag.py:2931} INFO - Setting next_dagrun for external_sensor_target_dag to 2022-07-29T00:00:00+00:00, run_after=2022-07-30T00:00:00+00:00
[2022-07-30 17:15:17,767] {processor.py:161} INFO - Processing /opt/airflow/dags/external_task_sensor/external_task_sensor_targte-dag.py took 0.364 seconds
[2022-07-30 17:15:48,423] {processor.py:153} INFO - Started process (PID=4866) to work on /opt/airflow/dags/external_task_sensor/external_task_sensor_targte-dag.py
[2022-07-30 17:15:48,424] {processor.py:641} INFO - Processing file /opt/airflow/dags/external_task_sensor/external_task_sensor_targte-dag.py for tasks to queue
[2022-07-30 17:15:48,425] {logging_mixin.py:115} INFO - [2022-07-30 17:15:48,425] {dagbag.py:507} INFO - Filling up the DagBag from /opt/airflow/dags/external_task_sensor/external_task_sensor_targte-dag.py
[2022-07-30 17:15:48,459] {processor.py:651} INFO - DAG(s) dict_keys(['external_sensor_target_dag']) retrieved from /opt/airflow/dags/external_task_sensor/external_task_sensor_targte-dag.py
[2022-07-30 17:15:48,525] {logging_mixin.py:115} INFO - [2022-07-30 17:15:48,525] {dag.py:2379} INFO - Sync 1 DAGs
[2022-07-30 17:15:48,580] {logging_mixin.py:115} INFO - [2022-07-30 17:15:48,580] {dag.py:2931} INFO - Setting next_dagrun for external_sensor_target_dag to 2022-07-29T00:00:00+00:00, run_after=2022-07-30T00:00:00+00:00
[2022-07-30 17:15:48,604] {processor.py:161} INFO - Processing /opt/airflow/dags/external_task_sensor/external_task_sensor_targte-dag.py took 0.187 seconds
[2022-07-30 17:16:18,842] {processor.py:153} INFO - Started process (PID=4939) to work on /opt/airflow/dags/external_task_sensor/external_task_sensor_targte-dag.py
[2022-07-30 17:16:18,843] {processor.py:641} INFO - Processing file /opt/airflow/dags/external_task_sensor/external_task_sensor_targte-dag.py for tasks to queue
[2022-07-30 17:16:18,844] {logging_mixin.py:115} INFO - [2022-07-30 17:16:18,844] {dagbag.py:507} INFO - Filling up the DagBag from /opt/airflow/dags/external_task_sensor/external_task_sensor_targte-dag.py
[2022-07-30 17:16:18,867] {processor.py:651} INFO - DAG(s) dict_keys(['external_sensor_target_dag']) retrieved from /opt/airflow/dags/external_task_sensor/external_task_sensor_targte-dag.py
[2022-07-30 17:16:18,922] {logging_mixin.py:115} INFO - [2022-07-30 17:16:18,922] {dag.py:2379} INFO - Sync 1 DAGs
[2022-07-30 17:16:18,955] {logging_mixin.py:115} INFO - [2022-07-30 17:16:18,954] {dag.py:2931} INFO - Setting next_dagrun for external_sensor_target_dag to 2022-07-29T00:00:00+00:00, run_after=2022-07-30T00:00:00+00:00
[2022-07-30 17:16:18,968] {processor.py:161} INFO - Processing /opt/airflow/dags/external_task_sensor/external_task_sensor_targte-dag.py took 0.130 seconds
[2022-07-30 17:16:49,851] {processor.py:153} INFO - Started process (PID=5026) to work on /opt/airflow/dags/external_task_sensor/external_task_sensor_targte-dag.py
[2022-07-30 17:16:49,852] {processor.py:641} INFO - Processing file /opt/airflow/dags/external_task_sensor/external_task_sensor_targte-dag.py for tasks to queue
[2022-07-30 17:16:49,852] {logging_mixin.py:115} INFO - [2022-07-30 17:16:49,852] {dagbag.py:507} INFO - Filling up the DagBag from /opt/airflow/dags/external_task_sensor/external_task_sensor_targte-dag.py
[2022-07-30 17:16:49,916] {processor.py:651} INFO - DAG(s) dict_keys(['external_sensor_target_dag']) retrieved from /opt/airflow/dags/external_task_sensor/external_task_sensor_targte-dag.py
[2022-07-30 17:16:50,048] {logging_mixin.py:115} INFO - [2022-07-30 17:16:50,048] {dag.py:2379} INFO - Sync 1 DAGs
[2022-07-30 17:16:50,155] {logging_mixin.py:115} INFO - [2022-07-30 17:16:50,155] {dag.py:2931} INFO - Setting next_dagrun for external_sensor_target_dag to 2022-07-29T00:00:00+00:00, run_after=2022-07-30T00:00:00+00:00
[2022-07-30 17:16:50,214] {processor.py:161} INFO - Processing /opt/airflow/dags/external_task_sensor/external_task_sensor_targte-dag.py took 0.377 seconds
[2022-07-30 17:17:20,647] {processor.py:153} INFO - Started process (PID=5097) to work on /opt/airflow/dags/external_task_sensor/external_task_sensor_targte-dag.py
[2022-07-30 17:17:20,648] {processor.py:641} INFO - Processing file /opt/airflow/dags/external_task_sensor/external_task_sensor_targte-dag.py for tasks to queue
[2022-07-30 17:17:20,649] {logging_mixin.py:115} INFO - [2022-07-30 17:17:20,649] {dagbag.py:507} INFO - Filling up the DagBag from /opt/airflow/dags/external_task_sensor/external_task_sensor_targte-dag.py
[2022-07-30 17:17:20,674] {processor.py:651} INFO - DAG(s) dict_keys(['external_sensor_target_dag']) retrieved from /opt/airflow/dags/external_task_sensor/external_task_sensor_targte-dag.py
[2022-07-30 17:17:20,730] {logging_mixin.py:115} INFO - [2022-07-30 17:17:20,730] {dag.py:2379} INFO - Sync 1 DAGs
[2022-07-30 17:17:20,763] {logging_mixin.py:115} INFO - [2022-07-30 17:17:20,763] {dag.py:2931} INFO - Setting next_dagrun for external_sensor_target_dag to 2022-07-29T00:00:00+00:00, run_after=2022-07-30T00:00:00+00:00
[2022-07-30 17:17:20,778] {processor.py:161} INFO - Processing /opt/airflow/dags/external_task_sensor/external_task_sensor_targte-dag.py took 0.135 seconds
[2022-07-30 17:17:51,550] {processor.py:153} INFO - Started process (PID=5175) to work on /opt/airflow/dags/external_task_sensor/external_task_sensor_targte-dag.py
[2022-07-30 17:17:51,550] {processor.py:641} INFO - Processing file /opt/airflow/dags/external_task_sensor/external_task_sensor_targte-dag.py for tasks to queue
[2022-07-30 17:17:51,551] {logging_mixin.py:115} INFO - [2022-07-30 17:17:51,551] {dagbag.py:507} INFO - Filling up the DagBag from /opt/airflow/dags/external_task_sensor/external_task_sensor_targte-dag.py
[2022-07-30 17:17:51,622] {processor.py:651} INFO - DAG(s) dict_keys(['external_sensor_target_dag']) retrieved from /opt/airflow/dags/external_task_sensor/external_task_sensor_targte-dag.py
[2022-07-30 17:17:51,710] {logging_mixin.py:115} INFO - [2022-07-30 17:17:51,710] {dag.py:2379} INFO - Sync 1 DAGs
[2022-07-30 17:17:51,746] {logging_mixin.py:115} INFO - [2022-07-30 17:17:51,745] {dag.py:2931} INFO - Setting next_dagrun for external_sensor_target_dag to 2022-07-29T00:00:00+00:00, run_after=2022-07-30T00:00:00+00:00
[2022-07-30 17:17:51,768] {processor.py:161} INFO - Processing /opt/airflow/dags/external_task_sensor/external_task_sensor_targte-dag.py took 0.230 seconds
[2022-07-30 17:18:22,150] {processor.py:153} INFO - Started process (PID=5262) to work on /opt/airflow/dags/external_task_sensor/external_task_sensor_targte-dag.py
[2022-07-30 17:18:22,151] {processor.py:641} INFO - Processing file /opt/airflow/dags/external_task_sensor/external_task_sensor_targte-dag.py for tasks to queue
[2022-07-30 17:18:22,152] {logging_mixin.py:115} INFO - [2022-07-30 17:18:22,151] {dagbag.py:507} INFO - Filling up the DagBag from /opt/airflow/dags/external_task_sensor/external_task_sensor_targte-dag.py
[2022-07-30 17:18:22,175] {processor.py:651} INFO - DAG(s) dict_keys(['external_sensor_target_dag']) retrieved from /opt/airflow/dags/external_task_sensor/external_task_sensor_targte-dag.py
[2022-07-30 17:18:22,224] {logging_mixin.py:115} INFO - [2022-07-30 17:18:22,223] {dag.py:2379} INFO - Sync 1 DAGs
[2022-07-30 17:18:22,257] {logging_mixin.py:115} INFO - [2022-07-30 17:18:22,257] {dag.py:2931} INFO - Setting next_dagrun for external_sensor_target_dag to 2022-07-29T00:00:00+00:00, run_after=2022-07-30T00:00:00+00:00
[2022-07-30 17:18:22,279] {processor.py:161} INFO - Processing /opt/airflow/dags/external_task_sensor/external_task_sensor_targte-dag.py took 0.134 seconds
[2022-07-30 17:18:52,705] {processor.py:153} INFO - Started process (PID=5339) to work on /opt/airflow/dags/external_task_sensor/external_task_sensor_targte-dag.py
[2022-07-30 17:18:52,706] {processor.py:641} INFO - Processing file /opt/airflow/dags/external_task_sensor/external_task_sensor_targte-dag.py for tasks to queue
[2022-07-30 17:18:52,706] {logging_mixin.py:115} INFO - [2022-07-30 17:18:52,706] {dagbag.py:507} INFO - Filling up the DagBag from /opt/airflow/dags/external_task_sensor/external_task_sensor_targte-dag.py
[2022-07-30 17:18:52,769] {processor.py:651} INFO - DAG(s) dict_keys(['external_sensor_target_dag']) retrieved from /opt/airflow/dags/external_task_sensor/external_task_sensor_targte-dag.py
[2022-07-30 17:18:52,911] {logging_mixin.py:115} INFO - [2022-07-30 17:18:52,911] {dag.py:2379} INFO - Sync 1 DAGs
[2022-07-30 17:18:53,003] {logging_mixin.py:115} INFO - [2022-07-30 17:18:53,003] {dag.py:2931} INFO - Setting next_dagrun for external_sensor_target_dag to 2022-07-29T00:00:00+00:00, run_after=2022-07-30T00:00:00+00:00
[2022-07-30 17:18:53,053] {processor.py:161} INFO - Processing /opt/airflow/dags/external_task_sensor/external_task_sensor_targte-dag.py took 0.351 seconds
[2022-07-30 17:19:23,215] {processor.py:153} INFO - Started process (PID=5419) to work on /opt/airflow/dags/external_task_sensor/external_task_sensor_targte-dag.py
[2022-07-30 17:19:23,232] {processor.py:641} INFO - Processing file /opt/airflow/dags/external_task_sensor/external_task_sensor_targte-dag.py for tasks to queue
[2022-07-30 17:19:23,233] {logging_mixin.py:115} INFO - [2022-07-30 17:19:23,232] {dagbag.py:507} INFO - Filling up the DagBag from /opt/airflow/dags/external_task_sensor/external_task_sensor_targte-dag.py
[2022-07-30 17:19:23,303] {processor.py:651} INFO - DAG(s) dict_keys(['external_sensor_target_dag']) retrieved from /opt/airflow/dags/external_task_sensor/external_task_sensor_targte-dag.py
[2022-07-30 17:19:23,447] {logging_mixin.py:115} INFO - [2022-07-30 17:19:23,447] {dag.py:2379} INFO - Sync 1 DAGs
[2022-07-30 17:19:23,546] {logging_mixin.py:115} INFO - [2022-07-30 17:19:23,546] {dag.py:2931} INFO - Setting next_dagrun for external_sensor_target_dag to 2022-07-29T00:00:00+00:00, run_after=2022-07-30T00:00:00+00:00
[2022-07-30 17:19:23,614] {processor.py:161} INFO - Processing /opt/airflow/dags/external_task_sensor/external_task_sensor_targte-dag.py took 0.403 seconds
[2022-07-30 17:19:53,696] {processor.py:153} INFO - Started process (PID=5498) to work on /opt/airflow/dags/external_task_sensor/external_task_sensor_targte-dag.py
[2022-07-30 17:19:53,699] {processor.py:641} INFO - Processing file /opt/airflow/dags/external_task_sensor/external_task_sensor_targte-dag.py for tasks to queue
[2022-07-30 17:19:53,700] {logging_mixin.py:115} INFO - [2022-07-30 17:19:53,700] {dagbag.py:507} INFO - Filling up the DagBag from /opt/airflow/dags/external_task_sensor/external_task_sensor_targte-dag.py
[2022-07-30 17:19:53,732] {processor.py:651} INFO - DAG(s) dict_keys(['external_sensor_target_dag']) retrieved from /opt/airflow/dags/external_task_sensor/external_task_sensor_targte-dag.py
[2022-07-30 17:19:53,782] {logging_mixin.py:115} INFO - [2022-07-30 17:19:53,782] {dag.py:2379} INFO - Sync 1 DAGs
[2022-07-30 17:19:53,813] {logging_mixin.py:115} INFO - [2022-07-30 17:19:53,813] {dag.py:2931} INFO - Setting next_dagrun for external_sensor_target_dag to 2022-07-29T00:00:00+00:00, run_after=2022-07-30T00:00:00+00:00
[2022-07-30 17:19:53,827] {processor.py:161} INFO - Processing /opt/airflow/dags/external_task_sensor/external_task_sensor_targte-dag.py took 0.135 seconds
