[2022-07-05 03:57:57,702] {processor.py:153} INFO - Started process (PID=65) to work on /home/airflow/.local/lib/python3.7/site-packages/airflow/example_dags/example_complex.py
[2022-07-05 03:57:57,703] {processor.py:641} INFO - Processing file /home/airflow/.local/lib/python3.7/site-packages/airflow/example_dags/example_complex.py for tasks to queue
[2022-07-05 03:57:57,703] {logging_mixin.py:115} INFO - [2022-07-05 03:57:57,703] {dagbag.py:507} INFO - Filling up the DagBag from /home/airflow/.local/lib/python3.7/site-packages/airflow/example_dags/example_complex.py
[2022-07-05 03:57:57,818] {processor.py:651} INFO - DAG(s) dict_keys(['example_complex']) retrieved from /home/airflow/.local/lib/python3.7/site-packages/airflow/example_dags/example_complex.py
[2022-07-05 03:58:00,201] {logging_mixin.py:115} INFO - [2022-07-05 03:58:00,201] {manager.py:508} INFO - Created Permission View: can read on DAG:example_complex
[2022-07-05 03:58:00,283] {logging_mixin.py:115} INFO - [2022-07-05 03:58:00,283] {manager.py:508} INFO - Created Permission View: can edit on DAG:example_complex
[2022-07-05 03:58:00,322] {logging_mixin.py:115} INFO - [2022-07-05 03:58:00,322] {manager.py:508} INFO - Created Permission View: can delete on DAG:example_complex
[2022-07-05 03:58:00,322] {logging_mixin.py:115} INFO - [2022-07-05 03:58:00,322] {dag.py:2379} INFO - Sync 1 DAGs
[2022-07-05 03:58:00,397] {logging_mixin.py:115} INFO - [2022-07-05 03:58:00,397] {dag.py:2398} INFO - Creating ORM DAG for example_complex
[2022-07-05 03:58:00,528] {logging_mixin.py:115} INFO - [2022-07-05 03:58:00,528] {dag.py:2931} INFO - Setting next_dagrun for example_complex to None, run_after=None
[2022-07-05 03:58:00,661] {processor.py:161} INFO - Processing /home/airflow/.local/lib/python3.7/site-packages/airflow/example_dags/example_complex.py took 2.981 seconds
[2022-07-05 03:58:31,228] {processor.py:153} INFO - Started process (PID=111) to work on /home/airflow/.local/lib/python3.7/site-packages/airflow/example_dags/example_complex.py
[2022-07-05 03:58:31,230] {processor.py:641} INFO - Processing file /home/airflow/.local/lib/python3.7/site-packages/airflow/example_dags/example_complex.py for tasks to queue
[2022-07-05 03:58:31,237] {logging_mixin.py:115} INFO - [2022-07-05 03:58:31,237] {dagbag.py:507} INFO - Filling up the DagBag from /home/airflow/.local/lib/python3.7/site-packages/airflow/example_dags/example_complex.py
[2022-07-05 03:58:31,285] {processor.py:651} INFO - DAG(s) dict_keys(['example_complex']) retrieved from /home/airflow/.local/lib/python3.7/site-packages/airflow/example_dags/example_complex.py
[2022-07-05 03:58:31,342] {logging_mixin.py:115} INFO - [2022-07-05 03:58:31,342] {dag.py:2379} INFO - Sync 1 DAGs
[2022-07-05 03:58:31,394] {logging_mixin.py:115} INFO - [2022-07-05 03:58:31,393] {dag.py:2931} INFO - Setting next_dagrun for example_complex to None, run_after=None
[2022-07-05 03:58:31,423] {processor.py:161} INFO - Processing /home/airflow/.local/lib/python3.7/site-packages/airflow/example_dags/example_complex.py took 0.200 seconds
[2022-07-05 03:59:01,753] {processor.py:153} INFO - Started process (PID=174) to work on /home/airflow/.local/lib/python3.7/site-packages/airflow/example_dags/example_complex.py
[2022-07-05 03:59:01,754] {processor.py:641} INFO - Processing file /home/airflow/.local/lib/python3.7/site-packages/airflow/example_dags/example_complex.py for tasks to queue
[2022-07-05 03:59:01,755] {logging_mixin.py:115} INFO - [2022-07-05 03:59:01,754] {dagbag.py:507} INFO - Filling up the DagBag from /home/airflow/.local/lib/python3.7/site-packages/airflow/example_dags/example_complex.py
[2022-07-05 03:59:01,810] {processor.py:651} INFO - DAG(s) dict_keys(['example_complex']) retrieved from /home/airflow/.local/lib/python3.7/site-packages/airflow/example_dags/example_complex.py
[2022-07-05 03:59:01,917] {logging_mixin.py:115} INFO - [2022-07-05 03:59:01,916] {dag.py:2379} INFO - Sync 1 DAGs
[2022-07-05 03:59:01,977] {logging_mixin.py:115} INFO - [2022-07-05 03:59:01,977] {dag.py:2931} INFO - Setting next_dagrun for example_complex to None, run_after=None
[2022-07-05 03:59:02,072] {processor.py:161} INFO - Processing /home/airflow/.local/lib/python3.7/site-packages/airflow/example_dags/example_complex.py took 0.327 seconds
[2022-07-05 03:59:32,705] {processor.py:153} INFO - Started process (PID=227) to work on /home/airflow/.local/lib/python3.7/site-packages/airflow/example_dags/example_complex.py
[2022-07-05 03:59:32,706] {processor.py:641} INFO - Processing file /home/airflow/.local/lib/python3.7/site-packages/airflow/example_dags/example_complex.py for tasks to queue
[2022-07-05 03:59:32,707] {logging_mixin.py:115} INFO - [2022-07-05 03:59:32,706] {dagbag.py:507} INFO - Filling up the DagBag from /home/airflow/.local/lib/python3.7/site-packages/airflow/example_dags/example_complex.py
[2022-07-05 03:59:32,732] {processor.py:651} INFO - DAG(s) dict_keys(['example_complex']) retrieved from /home/airflow/.local/lib/python3.7/site-packages/airflow/example_dags/example_complex.py
[2022-07-05 03:59:32,789] {logging_mixin.py:115} INFO - [2022-07-05 03:59:32,789] {dag.py:2379} INFO - Sync 1 DAGs
[2022-07-05 03:59:32,816] {logging_mixin.py:115} INFO - [2022-07-05 03:59:32,816] {dag.py:2931} INFO - Setting next_dagrun for example_complex to None, run_after=None
[2022-07-05 03:59:32,832] {processor.py:161} INFO - Processing /home/airflow/.local/lib/python3.7/site-packages/airflow/example_dags/example_complex.py took 0.132 seconds
[2022-07-05 04:00:03,489] {processor.py:153} INFO - Started process (PID=279) to work on /home/airflow/.local/lib/python3.7/site-packages/airflow/example_dags/example_complex.py
[2022-07-05 04:00:03,526] {processor.py:641} INFO - Processing file /home/airflow/.local/lib/python3.7/site-packages/airflow/example_dags/example_complex.py for tasks to queue
[2022-07-05 04:00:03,527] {logging_mixin.py:115} INFO - [2022-07-05 04:00:03,527] {dagbag.py:507} INFO - Filling up the DagBag from /home/airflow/.local/lib/python3.7/site-packages/airflow/example_dags/example_complex.py
[2022-07-05 04:00:03,636] {processor.py:651} INFO - DAG(s) dict_keys(['example_complex']) retrieved from /home/airflow/.local/lib/python3.7/site-packages/airflow/example_dags/example_complex.py
[2022-07-05 04:00:03,697] {logging_mixin.py:115} INFO - [2022-07-05 04:00:03,697] {dag.py:2379} INFO - Sync 1 DAGs
[2022-07-05 04:00:03,741] {logging_mixin.py:115} INFO - [2022-07-05 04:00:03,741] {dag.py:2931} INFO - Setting next_dagrun for example_complex to None, run_after=None
[2022-07-05 04:00:03,770] {processor.py:161} INFO - Processing /home/airflow/.local/lib/python3.7/site-packages/airflow/example_dags/example_complex.py took 0.295 seconds
[2022-07-05 04:00:33,909] {processor.py:153} INFO - Started process (PID=341) to work on /home/airflow/.local/lib/python3.7/site-packages/airflow/example_dags/example_complex.py
[2022-07-05 04:00:33,910] {processor.py:641} INFO - Processing file /home/airflow/.local/lib/python3.7/site-packages/airflow/example_dags/example_complex.py for tasks to queue
[2022-07-05 04:00:33,911] {logging_mixin.py:115} INFO - [2022-07-05 04:00:33,910] {dagbag.py:507} INFO - Filling up the DagBag from /home/airflow/.local/lib/python3.7/site-packages/airflow/example_dags/example_complex.py
[2022-07-05 04:00:33,934] {processor.py:651} INFO - DAG(s) dict_keys(['example_complex']) retrieved from /home/airflow/.local/lib/python3.7/site-packages/airflow/example_dags/example_complex.py
[2022-07-05 04:00:33,976] {logging_mixin.py:115} INFO - [2022-07-05 04:00:33,976] {dag.py:2379} INFO - Sync 1 DAGs
[2022-07-05 04:00:34,007] {logging_mixin.py:115} INFO - [2022-07-05 04:00:34,007] {dag.py:2931} INFO - Setting next_dagrun for example_complex to None, run_after=None
[2022-07-05 04:00:34,027] {processor.py:161} INFO - Processing /home/airflow/.local/lib/python3.7/site-packages/airflow/example_dags/example_complex.py took 0.122 seconds
[2022-07-05 04:01:04,224] {processor.py:153} INFO - Started process (PID=398) to work on /home/airflow/.local/lib/python3.7/site-packages/airflow/example_dags/example_complex.py
[2022-07-05 04:01:04,225] {processor.py:641} INFO - Processing file /home/airflow/.local/lib/python3.7/site-packages/airflow/example_dags/example_complex.py for tasks to queue
[2022-07-05 04:01:04,226] {logging_mixin.py:115} INFO - [2022-07-05 04:01:04,226] {dagbag.py:507} INFO - Filling up the DagBag from /home/airflow/.local/lib/python3.7/site-packages/airflow/example_dags/example_complex.py
[2022-07-05 04:01:04,245] {processor.py:651} INFO - DAG(s) dict_keys(['example_complex']) retrieved from /home/airflow/.local/lib/python3.7/site-packages/airflow/example_dags/example_complex.py
[2022-07-05 04:01:04,286] {logging_mixin.py:115} INFO - [2022-07-05 04:01:04,286] {dag.py:2379} INFO - Sync 1 DAGs
[2022-07-05 04:01:04,319] {logging_mixin.py:115} INFO - [2022-07-05 04:01:04,319] {dag.py:2931} INFO - Setting next_dagrun for example_complex to None, run_after=None
[2022-07-05 04:01:04,342] {processor.py:161} INFO - Processing /home/airflow/.local/lib/python3.7/site-packages/airflow/example_dags/example_complex.py took 0.121 seconds
[2022-07-05 04:01:34,768] {processor.py:153} INFO - Started process (PID=461) to work on /home/airflow/.local/lib/python3.7/site-packages/airflow/example_dags/example_complex.py
[2022-07-05 04:01:34,769] {processor.py:641} INFO - Processing file /home/airflow/.local/lib/python3.7/site-packages/airflow/example_dags/example_complex.py for tasks to queue
[2022-07-05 04:01:34,770] {logging_mixin.py:115} INFO - [2022-07-05 04:01:34,770] {dagbag.py:507} INFO - Filling up the DagBag from /home/airflow/.local/lib/python3.7/site-packages/airflow/example_dags/example_complex.py
[2022-07-05 04:01:34,790] {processor.py:651} INFO - DAG(s) dict_keys(['example_complex']) retrieved from /home/airflow/.local/lib/python3.7/site-packages/airflow/example_dags/example_complex.py
[2022-07-05 04:01:34,832] {logging_mixin.py:115} INFO - [2022-07-05 04:01:34,832] {dag.py:2379} INFO - Sync 1 DAGs
[2022-07-05 04:01:34,865] {logging_mixin.py:115} INFO - [2022-07-05 04:01:34,864] {dag.py:2931} INFO - Setting next_dagrun for example_complex to None, run_after=None
[2022-07-05 04:01:34,880] {processor.py:161} INFO - Processing /home/airflow/.local/lib/python3.7/site-packages/airflow/example_dags/example_complex.py took 0.115 seconds
[2022-07-05 04:02:05,255] {processor.py:153} INFO - Started process (PID=513) to work on /home/airflow/.local/lib/python3.7/site-packages/airflow/example_dags/example_complex.py
[2022-07-05 04:02:05,262] {processor.py:641} INFO - Processing file /home/airflow/.local/lib/python3.7/site-packages/airflow/example_dags/example_complex.py for tasks to queue
[2022-07-05 04:02:05,268] {logging_mixin.py:115} INFO - [2022-07-05 04:02:05,267] {dagbag.py:507} INFO - Filling up the DagBag from /home/airflow/.local/lib/python3.7/site-packages/airflow/example_dags/example_complex.py
[2022-07-05 04:02:05,295] {processor.py:651} INFO - DAG(s) dict_keys(['example_complex']) retrieved from /home/airflow/.local/lib/python3.7/site-packages/airflow/example_dags/example_complex.py
[2022-07-05 04:02:05,369] {logging_mixin.py:115} INFO - [2022-07-05 04:02:05,369] {dag.py:2379} INFO - Sync 1 DAGs
[2022-07-05 04:02:05,428] {logging_mixin.py:115} INFO - [2022-07-05 04:02:05,428] {dag.py:2931} INFO - Setting next_dagrun for example_complex to None, run_after=None
[2022-07-05 04:02:05,457] {processor.py:161} INFO - Processing /home/airflow/.local/lib/python3.7/site-packages/airflow/example_dags/example_complex.py took 0.206 seconds
[2022-07-05 04:02:35,494] {processor.py:153} INFO - Started process (PID=565) to work on /home/airflow/.local/lib/python3.7/site-packages/airflow/example_dags/example_complex.py
[2022-07-05 04:02:35,495] {processor.py:641} INFO - Processing file /home/airflow/.local/lib/python3.7/site-packages/airflow/example_dags/example_complex.py for tasks to queue
[2022-07-05 04:02:35,495] {logging_mixin.py:115} INFO - [2022-07-05 04:02:35,495] {dagbag.py:507} INFO - Filling up the DagBag from /home/airflow/.local/lib/python3.7/site-packages/airflow/example_dags/example_complex.py
[2022-07-05 04:02:35,511] {processor.py:651} INFO - DAG(s) dict_keys(['example_complex']) retrieved from /home/airflow/.local/lib/python3.7/site-packages/airflow/example_dags/example_complex.py
[2022-07-05 04:02:35,540] {logging_mixin.py:115} INFO - [2022-07-05 04:02:35,540] {dag.py:2379} INFO - Sync 1 DAGs
[2022-07-05 04:02:35,562] {logging_mixin.py:115} INFO - [2022-07-05 04:02:35,562] {dag.py:2931} INFO - Setting next_dagrun for example_complex to None, run_after=None
[2022-07-05 04:02:35,575] {processor.py:161} INFO - Processing /home/airflow/.local/lib/python3.7/site-packages/airflow/example_dags/example_complex.py took 0.084 seconds
[2022-07-05 04:03:05,967] {processor.py:153} INFO - Started process (PID=629) to work on /home/airflow/.local/lib/python3.7/site-packages/airflow/example_dags/example_complex.py
[2022-07-05 04:03:05,973] {processor.py:641} INFO - Processing file /home/airflow/.local/lib/python3.7/site-packages/airflow/example_dags/example_complex.py for tasks to queue
[2022-07-05 04:03:05,977] {logging_mixin.py:115} INFO - [2022-07-05 04:03:05,977] {dagbag.py:507} INFO - Filling up the DagBag from /home/airflow/.local/lib/python3.7/site-packages/airflow/example_dags/example_complex.py
[2022-07-05 04:03:06,001] {processor.py:651} INFO - DAG(s) dict_keys(['example_complex']) retrieved from /home/airflow/.local/lib/python3.7/site-packages/airflow/example_dags/example_complex.py
[2022-07-05 04:03:06,047] {logging_mixin.py:115} INFO - [2022-07-05 04:03:06,047] {dag.py:2379} INFO - Sync 1 DAGs
[2022-07-05 04:03:06,092] {logging_mixin.py:115} INFO - [2022-07-05 04:03:06,092] {dag.py:2931} INFO - Setting next_dagrun for example_complex to None, run_after=None
[2022-07-05 04:03:06,112] {processor.py:161} INFO - Processing /home/airflow/.local/lib/python3.7/site-packages/airflow/example_dags/example_complex.py took 0.149 seconds
[2022-07-05 04:03:36,458] {processor.py:153} INFO - Started process (PID=691) to work on /home/airflow/.local/lib/python3.7/site-packages/airflow/example_dags/example_complex.py
[2022-07-05 04:03:36,463] {processor.py:641} INFO - Processing file /home/airflow/.local/lib/python3.7/site-packages/airflow/example_dags/example_complex.py for tasks to queue
[2022-07-05 04:03:36,470] {logging_mixin.py:115} INFO - [2022-07-05 04:03:36,470] {dagbag.py:507} INFO - Filling up the DagBag from /home/airflow/.local/lib/python3.7/site-packages/airflow/example_dags/example_complex.py
[2022-07-05 04:03:36,573] {processor.py:651} INFO - DAG(s) dict_keys(['example_complex']) retrieved from /home/airflow/.local/lib/python3.7/site-packages/airflow/example_dags/example_complex.py
[2022-07-05 04:03:36,742] {logging_mixin.py:115} INFO - [2022-07-05 04:03:36,741] {dag.py:2379} INFO - Sync 1 DAGs
[2022-07-05 04:03:36,787] {logging_mixin.py:115} INFO - [2022-07-05 04:03:36,787] {dag.py:2931} INFO - Setting next_dagrun for example_complex to None, run_after=None
[2022-07-05 04:03:36,821] {processor.py:161} INFO - Processing /home/airflow/.local/lib/python3.7/site-packages/airflow/example_dags/example_complex.py took 0.367 seconds
[2022-07-05 04:04:07,660] {processor.py:153} INFO - Started process (PID=753) to work on /home/airflow/.local/lib/python3.7/site-packages/airflow/example_dags/example_complex.py
[2022-07-05 04:04:07,667] {processor.py:641} INFO - Processing file /home/airflow/.local/lib/python3.7/site-packages/airflow/example_dags/example_complex.py for tasks to queue
[2022-07-05 04:04:07,672] {logging_mixin.py:115} INFO - [2022-07-05 04:04:07,672] {dagbag.py:507} INFO - Filling up the DagBag from /home/airflow/.local/lib/python3.7/site-packages/airflow/example_dags/example_complex.py
[2022-07-05 04:04:07,710] {processor.py:651} INFO - DAG(s) dict_keys(['example_complex']) retrieved from /home/airflow/.local/lib/python3.7/site-packages/airflow/example_dags/example_complex.py
[2022-07-05 04:04:07,762] {logging_mixin.py:115} INFO - [2022-07-05 04:04:07,762] {dag.py:2379} INFO - Sync 1 DAGs
[2022-07-05 04:04:07,797] {logging_mixin.py:115} INFO - [2022-07-05 04:04:07,797] {dag.py:2931} INFO - Setting next_dagrun for example_complex to None, run_after=None
[2022-07-05 04:04:07,819] {processor.py:161} INFO - Processing /home/airflow/.local/lib/python3.7/site-packages/airflow/example_dags/example_complex.py took 0.163 seconds
[2022-07-05 04:04:38,185] {processor.py:153} INFO - Started process (PID=809) to work on /home/airflow/.local/lib/python3.7/site-packages/airflow/example_dags/example_complex.py
[2022-07-05 04:04:38,185] {processor.py:641} INFO - Processing file /home/airflow/.local/lib/python3.7/site-packages/airflow/example_dags/example_complex.py for tasks to queue
[2022-07-05 04:04:38,186] {logging_mixin.py:115} INFO - [2022-07-05 04:04:38,186] {dagbag.py:507} INFO - Filling up the DagBag from /home/airflow/.local/lib/python3.7/site-packages/airflow/example_dags/example_complex.py
[2022-07-05 04:04:38,213] {processor.py:651} INFO - DAG(s) dict_keys(['example_complex']) retrieved from /home/airflow/.local/lib/python3.7/site-packages/airflow/example_dags/example_complex.py
[2022-07-05 04:04:38,285] {logging_mixin.py:115} INFO - [2022-07-05 04:04:38,285] {dag.py:2379} INFO - Sync 1 DAGs
[2022-07-05 04:04:38,350] {logging_mixin.py:115} INFO - [2022-07-05 04:04:38,349] {dag.py:2931} INFO - Setting next_dagrun for example_complex to None, run_after=None
[2022-07-05 04:04:38,382] {processor.py:161} INFO - Processing /home/airflow/.local/lib/python3.7/site-packages/airflow/example_dags/example_complex.py took 0.202 seconds
[2022-07-05 04:05:09,133] {processor.py:153} INFO - Started process (PID=870) to work on /home/airflow/.local/lib/python3.7/site-packages/airflow/example_dags/example_complex.py
[2022-07-05 04:05:09,137] {processor.py:641} INFO - Processing file /home/airflow/.local/lib/python3.7/site-packages/airflow/example_dags/example_complex.py for tasks to queue
[2022-07-05 04:05:09,138] {logging_mixin.py:115} INFO - [2022-07-05 04:05:09,138] {dagbag.py:507} INFO - Filling up the DagBag from /home/airflow/.local/lib/python3.7/site-packages/airflow/example_dags/example_complex.py
[2022-07-05 04:05:09,185] {processor.py:651} INFO - DAG(s) dict_keys(['example_complex']) retrieved from /home/airflow/.local/lib/python3.7/site-packages/airflow/example_dags/example_complex.py
[2022-07-05 04:05:09,273] {logging_mixin.py:115} INFO - [2022-07-05 04:05:09,273] {dag.py:2379} INFO - Sync 1 DAGs
[2022-07-05 04:05:09,330] {logging_mixin.py:115} INFO - [2022-07-05 04:05:09,330] {dag.py:2931} INFO - Setting next_dagrun for example_complex to None, run_after=None
[2022-07-05 04:05:09,393] {processor.py:161} INFO - Processing /home/airflow/.local/lib/python3.7/site-packages/airflow/example_dags/example_complex.py took 0.266 seconds
[2022-07-05 04:05:39,655] {processor.py:153} INFO - Started process (PID=922) to work on /home/airflow/.local/lib/python3.7/site-packages/airflow/example_dags/example_complex.py
[2022-07-05 04:05:39,681] {processor.py:641} INFO - Processing file /home/airflow/.local/lib/python3.7/site-packages/airflow/example_dags/example_complex.py for tasks to queue
[2022-07-05 04:05:39,681] {logging_mixin.py:115} INFO - [2022-07-05 04:05:39,681] {dagbag.py:507} INFO - Filling up the DagBag from /home/airflow/.local/lib/python3.7/site-packages/airflow/example_dags/example_complex.py
[2022-07-05 04:05:39,742] {processor.py:651} INFO - DAG(s) dict_keys(['example_complex']) retrieved from /home/airflow/.local/lib/python3.7/site-packages/airflow/example_dags/example_complex.py
[2022-07-05 04:05:39,849] {logging_mixin.py:115} INFO - [2022-07-05 04:05:39,849] {dag.py:2379} INFO - Sync 1 DAGs
[2022-07-05 04:05:39,916] {logging_mixin.py:115} INFO - [2022-07-05 04:05:39,916] {dag.py:2931} INFO - Setting next_dagrun for example_complex to None, run_after=None
[2022-07-05 04:05:39,961] {processor.py:161} INFO - Processing /home/airflow/.local/lib/python3.7/site-packages/airflow/example_dags/example_complex.py took 0.314 seconds
[2022-07-05 04:06:10,117] {processor.py:153} INFO - Started process (PID=988) to work on /home/airflow/.local/lib/python3.7/site-packages/airflow/example_dags/example_complex.py
[2022-07-05 04:06:10,121] {processor.py:641} INFO - Processing file /home/airflow/.local/lib/python3.7/site-packages/airflow/example_dags/example_complex.py for tasks to queue
[2022-07-05 04:06:10,133] {logging_mixin.py:115} INFO - [2022-07-05 04:06:10,133] {dagbag.py:507} INFO - Filling up the DagBag from /home/airflow/.local/lib/python3.7/site-packages/airflow/example_dags/example_complex.py
[2022-07-05 04:06:10,171] {processor.py:651} INFO - DAG(s) dict_keys(['example_complex']) retrieved from /home/airflow/.local/lib/python3.7/site-packages/airflow/example_dags/example_complex.py
[2022-07-05 04:06:10,285] {logging_mixin.py:115} INFO - [2022-07-05 04:06:10,285] {dag.py:2379} INFO - Sync 1 DAGs
[2022-07-05 04:06:10,363] {logging_mixin.py:115} INFO - [2022-07-05 04:06:10,363] {dag.py:2931} INFO - Setting next_dagrun for example_complex to None, run_after=None
[2022-07-05 04:06:10,401] {processor.py:161} INFO - Processing /home/airflow/.local/lib/python3.7/site-packages/airflow/example_dags/example_complex.py took 0.292 seconds
[2022-07-05 04:06:41,191] {processor.py:153} INFO - Started process (PID=1043) to work on /home/airflow/.local/lib/python3.7/site-packages/airflow/example_dags/example_complex.py
[2022-07-05 04:06:41,210] {processor.py:641} INFO - Processing file /home/airflow/.local/lib/python3.7/site-packages/airflow/example_dags/example_complex.py for tasks to queue
[2022-07-05 04:06:41,216] {logging_mixin.py:115} INFO - [2022-07-05 04:06:41,216] {dagbag.py:507} INFO - Filling up the DagBag from /home/airflow/.local/lib/python3.7/site-packages/airflow/example_dags/example_complex.py
[2022-07-05 04:06:41,262] {processor.py:651} INFO - DAG(s) dict_keys(['example_complex']) retrieved from /home/airflow/.local/lib/python3.7/site-packages/airflow/example_dags/example_complex.py
[2022-07-05 04:06:41,374] {logging_mixin.py:115} INFO - [2022-07-05 04:06:41,374] {dag.py:2379} INFO - Sync 1 DAGs
[2022-07-05 04:06:41,445] {logging_mixin.py:115} INFO - [2022-07-05 04:06:41,445] {dag.py:2931} INFO - Setting next_dagrun for example_complex to None, run_after=None
[2022-07-05 04:06:41,491] {processor.py:161} INFO - Processing /home/airflow/.local/lib/python3.7/site-packages/airflow/example_dags/example_complex.py took 0.306 seconds
[2022-07-05 04:07:11,868] {processor.py:153} INFO - Started process (PID=1109) to work on /home/airflow/.local/lib/python3.7/site-packages/airflow/example_dags/example_complex.py
[2022-07-05 04:07:11,885] {processor.py:641} INFO - Processing file /home/airflow/.local/lib/python3.7/site-packages/airflow/example_dags/example_complex.py for tasks to queue
[2022-07-05 04:07:11,886] {logging_mixin.py:115} INFO - [2022-07-05 04:07:11,886] {dagbag.py:507} INFO - Filling up the DagBag from /home/airflow/.local/lib/python3.7/site-packages/airflow/example_dags/example_complex.py
[2022-07-05 04:07:11,955] {processor.py:651} INFO - DAG(s) dict_keys(['example_complex']) retrieved from /home/airflow/.local/lib/python3.7/site-packages/airflow/example_dags/example_complex.py
[2022-07-05 04:07:12,053] {logging_mixin.py:115} INFO - [2022-07-05 04:07:12,053] {dag.py:2379} INFO - Sync 1 DAGs
[2022-07-05 04:07:12,117] {logging_mixin.py:115} INFO - [2022-07-05 04:07:12,117] {dag.py:2931} INFO - Setting next_dagrun for example_complex to None, run_after=None
[2022-07-05 04:07:12,172] {processor.py:161} INFO - Processing /home/airflow/.local/lib/python3.7/site-packages/airflow/example_dags/example_complex.py took 0.307 seconds
[2022-07-05 04:07:42,310] {processor.py:153} INFO - Started process (PID=1165) to work on /home/airflow/.local/lib/python3.7/site-packages/airflow/example_dags/example_complex.py
[2022-07-05 04:07:42,310] {processor.py:641} INFO - Processing file /home/airflow/.local/lib/python3.7/site-packages/airflow/example_dags/example_complex.py for tasks to queue
[2022-07-05 04:07:42,311] {logging_mixin.py:115} INFO - [2022-07-05 04:07:42,311] {dagbag.py:507} INFO - Filling up the DagBag from /home/airflow/.local/lib/python3.7/site-packages/airflow/example_dags/example_complex.py
[2022-07-05 04:07:42,335] {processor.py:651} INFO - DAG(s) dict_keys(['example_complex']) retrieved from /home/airflow/.local/lib/python3.7/site-packages/airflow/example_dags/example_complex.py
[2022-07-05 04:07:42,384] {logging_mixin.py:115} INFO - [2022-07-05 04:07:42,384] {dag.py:2379} INFO - Sync 1 DAGs
[2022-07-05 04:07:42,419] {logging_mixin.py:115} INFO - [2022-07-05 04:07:42,419] {dag.py:2931} INFO - Setting next_dagrun for example_complex to None, run_after=None
[2022-07-05 04:07:42,445] {processor.py:161} INFO - Processing /home/airflow/.local/lib/python3.7/site-packages/airflow/example_dags/example_complex.py took 0.151 seconds
[2022-07-05 04:08:13,767] {processor.py:153} INFO - Started process (PID=1224) to work on /home/airflow/.local/lib/python3.7/site-packages/airflow/example_dags/example_complex.py
[2022-07-05 04:08:13,777] {processor.py:641} INFO - Processing file /home/airflow/.local/lib/python3.7/site-packages/airflow/example_dags/example_complex.py for tasks to queue
[2022-07-05 04:08:13,783] {logging_mixin.py:115} INFO - [2022-07-05 04:08:13,783] {dagbag.py:507} INFO - Filling up the DagBag from /home/airflow/.local/lib/python3.7/site-packages/airflow/example_dags/example_complex.py
[2022-07-05 04:08:13,837] {processor.py:651} INFO - DAG(s) dict_keys(['example_complex']) retrieved from /home/airflow/.local/lib/python3.7/site-packages/airflow/example_dags/example_complex.py
[2022-07-05 04:08:13,907] {logging_mixin.py:115} INFO - [2022-07-05 04:08:13,907] {dag.py:2379} INFO - Sync 1 DAGs
[2022-07-05 04:08:13,985] {logging_mixin.py:115} INFO - [2022-07-05 04:08:13,984] {dag.py:2931} INFO - Setting next_dagrun for example_complex to None, run_after=None
[2022-07-05 04:08:14,033] {processor.py:161} INFO - Processing /home/airflow/.local/lib/python3.7/site-packages/airflow/example_dags/example_complex.py took 0.274 seconds
[2022-07-05 04:08:44,137] {processor.py:153} INFO - Started process (PID=1279) to work on /home/airflow/.local/lib/python3.7/site-packages/airflow/example_dags/example_complex.py
[2022-07-05 04:08:44,138] {processor.py:641} INFO - Processing file /home/airflow/.local/lib/python3.7/site-packages/airflow/example_dags/example_complex.py for tasks to queue
[2022-07-05 04:08:44,139] {logging_mixin.py:115} INFO - [2022-07-05 04:08:44,139] {dagbag.py:507} INFO - Filling up the DagBag from /home/airflow/.local/lib/python3.7/site-packages/airflow/example_dags/example_complex.py
[2022-07-05 04:08:44,155] {processor.py:651} INFO - DAG(s) dict_keys(['example_complex']) retrieved from /home/airflow/.local/lib/python3.7/site-packages/airflow/example_dags/example_complex.py
[2022-07-05 04:08:44,185] {logging_mixin.py:115} INFO - [2022-07-05 04:08:44,185] {dag.py:2379} INFO - Sync 1 DAGs
[2022-07-05 04:08:44,211] {logging_mixin.py:115} INFO - [2022-07-05 04:08:44,211] {dag.py:2931} INFO - Setting next_dagrun for example_complex to None, run_after=None
[2022-07-05 04:08:44,227] {processor.py:161} INFO - Processing /home/airflow/.local/lib/python3.7/site-packages/airflow/example_dags/example_complex.py took 0.092 seconds
[2022-07-05 04:09:14,460] {processor.py:153} INFO - Started process (PID=1329) to work on /home/airflow/.local/lib/python3.7/site-packages/airflow/example_dags/example_complex.py
[2022-07-05 04:09:14,465] {processor.py:641} INFO - Processing file /home/airflow/.local/lib/python3.7/site-packages/airflow/example_dags/example_complex.py for tasks to queue
[2022-07-05 04:09:14,472] {logging_mixin.py:115} INFO - [2022-07-05 04:09:14,472] {dagbag.py:507} INFO - Filling up the DagBag from /home/airflow/.local/lib/python3.7/site-packages/airflow/example_dags/example_complex.py
[2022-07-05 04:09:14,512] {processor.py:651} INFO - DAG(s) dict_keys(['example_complex']) retrieved from /home/airflow/.local/lib/python3.7/site-packages/airflow/example_dags/example_complex.py
[2022-07-05 04:09:14,558] {logging_mixin.py:115} INFO - [2022-07-05 04:09:14,558] {dag.py:2379} INFO - Sync 1 DAGs
[2022-07-05 04:09:14,597] {logging_mixin.py:115} INFO - [2022-07-05 04:09:14,596] {dag.py:2931} INFO - Setting next_dagrun for example_complex to None, run_after=None
[2022-07-05 04:09:14,626] {processor.py:161} INFO - Processing /home/airflow/.local/lib/python3.7/site-packages/airflow/example_dags/example_complex.py took 0.170 seconds
[2022-07-05 04:09:44,670] {processor.py:153} INFO - Started process (PID=1381) to work on /home/airflow/.local/lib/python3.7/site-packages/airflow/example_dags/example_complex.py
[2022-07-05 04:09:44,677] {processor.py:641} INFO - Processing file /home/airflow/.local/lib/python3.7/site-packages/airflow/example_dags/example_complex.py for tasks to queue
[2022-07-05 04:09:44,677] {logging_mixin.py:115} INFO - [2022-07-05 04:09:44,677] {dagbag.py:507} INFO - Filling up the DagBag from /home/airflow/.local/lib/python3.7/site-packages/airflow/example_dags/example_complex.py
[2022-07-05 04:09:44,725] {processor.py:651} INFO - DAG(s) dict_keys(['example_complex']) retrieved from /home/airflow/.local/lib/python3.7/site-packages/airflow/example_dags/example_complex.py
[2022-07-05 04:09:44,810] {logging_mixin.py:115} INFO - [2022-07-05 04:09:44,810] {dag.py:2379} INFO - Sync 1 DAGs
[2022-07-05 04:09:44,877] {logging_mixin.py:115} INFO - [2022-07-05 04:09:44,877] {dag.py:2931} INFO - Setting next_dagrun for example_complex to None, run_after=None
[2022-07-05 04:09:44,926] {processor.py:161} INFO - Processing /home/airflow/.local/lib/python3.7/site-packages/airflow/example_dags/example_complex.py took 0.260 seconds
[2022-07-05 04:10:15,838] {processor.py:153} INFO - Started process (PID=1440) to work on /home/airflow/.local/lib/python3.7/site-packages/airflow/example_dags/example_complex.py
[2022-07-05 04:10:15,847] {processor.py:641} INFO - Processing file /home/airflow/.local/lib/python3.7/site-packages/airflow/example_dags/example_complex.py for tasks to queue
[2022-07-05 04:10:15,855] {logging_mixin.py:115} INFO - [2022-07-05 04:10:15,855] {dagbag.py:507} INFO - Filling up the DagBag from /home/airflow/.local/lib/python3.7/site-packages/airflow/example_dags/example_complex.py
[2022-07-05 04:10:15,978] {processor.py:651} INFO - DAG(s) dict_keys(['example_complex']) retrieved from /home/airflow/.local/lib/python3.7/site-packages/airflow/example_dags/example_complex.py
[2022-07-05 04:10:16,267] {logging_mixin.py:115} INFO - [2022-07-05 04:10:16,266] {dag.py:2379} INFO - Sync 1 DAGs
[2022-07-05 04:10:16,357] {logging_mixin.py:115} INFO - [2022-07-05 04:10:16,357] {dag.py:2931} INFO - Setting next_dagrun for example_complex to None, run_after=None
[2022-07-05 04:10:16,421] {processor.py:161} INFO - Processing /home/airflow/.local/lib/python3.7/site-packages/airflow/example_dags/example_complex.py took 0.596 seconds
[2022-07-05 04:10:46,584] {processor.py:153} INFO - Started process (PID=1495) to work on /home/airflow/.local/lib/python3.7/site-packages/airflow/example_dags/example_complex.py
[2022-07-05 04:10:46,585] {processor.py:641} INFO - Processing file /home/airflow/.local/lib/python3.7/site-packages/airflow/example_dags/example_complex.py for tasks to queue
[2022-07-05 04:10:46,585] {logging_mixin.py:115} INFO - [2022-07-05 04:10:46,585] {dagbag.py:507} INFO - Filling up the DagBag from /home/airflow/.local/lib/python3.7/site-packages/airflow/example_dags/example_complex.py
[2022-07-05 04:10:46,607] {processor.py:651} INFO - DAG(s) dict_keys(['example_complex']) retrieved from /home/airflow/.local/lib/python3.7/site-packages/airflow/example_dags/example_complex.py
[2022-07-05 04:10:46,649] {logging_mixin.py:115} INFO - [2022-07-05 04:10:46,649] {dag.py:2379} INFO - Sync 1 DAGs
[2022-07-05 04:10:46,681] {logging_mixin.py:115} INFO - [2022-07-05 04:10:46,681] {dag.py:2931} INFO - Setting next_dagrun for example_complex to None, run_after=None
[2022-07-05 04:10:46,700] {processor.py:161} INFO - Processing /home/airflow/.local/lib/python3.7/site-packages/airflow/example_dags/example_complex.py took 0.119 seconds
[2022-07-05 04:11:17,440] {processor.py:153} INFO - Started process (PID=1549) to work on /home/airflow/.local/lib/python3.7/site-packages/airflow/example_dags/example_complex.py
[2022-07-05 04:11:17,441] {processor.py:641} INFO - Processing file /home/airflow/.local/lib/python3.7/site-packages/airflow/example_dags/example_complex.py for tasks to queue
[2022-07-05 04:11:17,442] {logging_mixin.py:115} INFO - [2022-07-05 04:11:17,442] {dagbag.py:507} INFO - Filling up the DagBag from /home/airflow/.local/lib/python3.7/site-packages/airflow/example_dags/example_complex.py
[2022-07-05 04:11:17,460] {processor.py:651} INFO - DAG(s) dict_keys(['example_complex']) retrieved from /home/airflow/.local/lib/python3.7/site-packages/airflow/example_dags/example_complex.py
[2022-07-05 04:11:17,490] {logging_mixin.py:115} INFO - [2022-07-05 04:11:17,490] {dag.py:2379} INFO - Sync 1 DAGs
[2022-07-05 04:11:17,513] {logging_mixin.py:115} INFO - [2022-07-05 04:11:17,513] {dag.py:2931} INFO - Setting next_dagrun for example_complex to None, run_after=None
[2022-07-05 04:11:17,528] {processor.py:161} INFO - Processing /home/airflow/.local/lib/python3.7/site-packages/airflow/example_dags/example_complex.py took 0.091 seconds
[2022-07-05 04:11:48,485] {processor.py:153} INFO - Started process (PID=1609) to work on /home/airflow/.local/lib/python3.7/site-packages/airflow/example_dags/example_complex.py
[2022-07-05 04:11:48,486] {processor.py:641} INFO - Processing file /home/airflow/.local/lib/python3.7/site-packages/airflow/example_dags/example_complex.py for tasks to queue
[2022-07-05 04:11:48,487] {logging_mixin.py:115} INFO - [2022-07-05 04:11:48,487] {dagbag.py:507} INFO - Filling up the DagBag from /home/airflow/.local/lib/python3.7/site-packages/airflow/example_dags/example_complex.py
[2022-07-05 04:11:48,538] {processor.py:651} INFO - DAG(s) dict_keys(['example_complex']) retrieved from /home/airflow/.local/lib/python3.7/site-packages/airflow/example_dags/example_complex.py
[2022-07-05 04:11:48,613] {logging_mixin.py:115} INFO - [2022-07-05 04:11:48,613] {dag.py:2379} INFO - Sync 1 DAGs
[2022-07-05 04:11:48,669] {logging_mixin.py:115} INFO - [2022-07-05 04:11:48,669] {dag.py:2931} INFO - Setting next_dagrun for example_complex to None, run_after=None
[2022-07-05 04:11:48,711] {processor.py:161} INFO - Processing /home/airflow/.local/lib/python3.7/site-packages/airflow/example_dags/example_complex.py took 0.235 seconds
[2022-07-05 04:12:19,189] {processor.py:153} INFO - Started process (PID=1667) to work on /home/airflow/.local/lib/python3.7/site-packages/airflow/example_dags/example_complex.py
[2022-07-05 04:12:19,190] {processor.py:641} INFO - Processing file /home/airflow/.local/lib/python3.7/site-packages/airflow/example_dags/example_complex.py for tasks to queue
[2022-07-05 04:12:19,191] {logging_mixin.py:115} INFO - [2022-07-05 04:12:19,191] {dagbag.py:507} INFO - Filling up the DagBag from /home/airflow/.local/lib/python3.7/site-packages/airflow/example_dags/example_complex.py
[2022-07-05 04:12:19,209] {processor.py:651} INFO - DAG(s) dict_keys(['example_complex']) retrieved from /home/airflow/.local/lib/python3.7/site-packages/airflow/example_dags/example_complex.py
[2022-07-05 04:12:19,257] {logging_mixin.py:115} INFO - [2022-07-05 04:12:19,257] {dag.py:2379} INFO - Sync 1 DAGs
[2022-07-05 04:12:19,288] {logging_mixin.py:115} INFO - [2022-07-05 04:12:19,288] {dag.py:2931} INFO - Setting next_dagrun for example_complex to None, run_after=None
[2022-07-05 04:12:19,304] {processor.py:161} INFO - Processing /home/airflow/.local/lib/python3.7/site-packages/airflow/example_dags/example_complex.py took 0.118 seconds
[2022-07-05 04:12:49,951] {processor.py:153} INFO - Started process (PID=1726) to work on /home/airflow/.local/lib/python3.7/site-packages/airflow/example_dags/example_complex.py
[2022-07-05 04:12:49,952] {processor.py:641} INFO - Processing file /home/airflow/.local/lib/python3.7/site-packages/airflow/example_dags/example_complex.py for tasks to queue
[2022-07-05 04:12:49,953] {logging_mixin.py:115} INFO - [2022-07-05 04:12:49,953] {dagbag.py:507} INFO - Filling up the DagBag from /home/airflow/.local/lib/python3.7/site-packages/airflow/example_dags/example_complex.py
[2022-07-05 04:12:49,969] {processor.py:651} INFO - DAG(s) dict_keys(['example_complex']) retrieved from /home/airflow/.local/lib/python3.7/site-packages/airflow/example_dags/example_complex.py
[2022-07-05 04:12:50,000] {logging_mixin.py:115} INFO - [2022-07-05 04:12:50,000] {dag.py:2379} INFO - Sync 1 DAGs
[2022-07-05 04:12:50,023] {logging_mixin.py:115} INFO - [2022-07-05 04:12:50,023] {dag.py:2931} INFO - Setting next_dagrun for example_complex to None, run_after=None
[2022-07-05 04:12:50,039] {processor.py:161} INFO - Processing /home/airflow/.local/lib/python3.7/site-packages/airflow/example_dags/example_complex.py took 0.091 seconds
[2022-07-05 04:13:20,671] {processor.py:153} INFO - Started process (PID=1778) to work on /home/airflow/.local/lib/python3.7/site-packages/airflow/example_dags/example_complex.py
[2022-07-05 04:13:20,672] {processor.py:641} INFO - Processing file /home/airflow/.local/lib/python3.7/site-packages/airflow/example_dags/example_complex.py for tasks to queue
[2022-07-05 04:13:20,672] {logging_mixin.py:115} INFO - [2022-07-05 04:13:20,672] {dagbag.py:507} INFO - Filling up the DagBag from /home/airflow/.local/lib/python3.7/site-packages/airflow/example_dags/example_complex.py
[2022-07-05 04:13:20,692] {processor.py:651} INFO - DAG(s) dict_keys(['example_complex']) retrieved from /home/airflow/.local/lib/python3.7/site-packages/airflow/example_dags/example_complex.py
[2022-07-05 04:13:20,734] {logging_mixin.py:115} INFO - [2022-07-05 04:13:20,733] {dag.py:2379} INFO - Sync 1 DAGs
[2022-07-05 04:13:20,772] {logging_mixin.py:115} INFO - [2022-07-05 04:13:20,772] {dag.py:2931} INFO - Setting next_dagrun for example_complex to None, run_after=None
[2022-07-05 04:13:20,791] {processor.py:161} INFO - Processing /home/airflow/.local/lib/python3.7/site-packages/airflow/example_dags/example_complex.py took 0.124 seconds
[2022-07-05 04:13:51,242] {processor.py:153} INFO - Started process (PID=1839) to work on /home/airflow/.local/lib/python3.7/site-packages/airflow/example_dags/example_complex.py
[2022-07-05 04:13:51,243] {processor.py:641} INFO - Processing file /home/airflow/.local/lib/python3.7/site-packages/airflow/example_dags/example_complex.py for tasks to queue
[2022-07-05 04:13:51,244] {logging_mixin.py:115} INFO - [2022-07-05 04:13:51,244] {dagbag.py:507} INFO - Filling up the DagBag from /home/airflow/.local/lib/python3.7/site-packages/airflow/example_dags/example_complex.py
[2022-07-05 04:13:51,264] {processor.py:651} INFO - DAG(s) dict_keys(['example_complex']) retrieved from /home/airflow/.local/lib/python3.7/site-packages/airflow/example_dags/example_complex.py
[2022-07-05 04:13:51,304] {logging_mixin.py:115} INFO - [2022-07-05 04:13:51,303] {dag.py:2379} INFO - Sync 1 DAGs
[2022-07-05 04:13:51,336] {logging_mixin.py:115} INFO - [2022-07-05 04:13:51,336] {dag.py:2931} INFO - Setting next_dagrun for example_complex to None, run_after=None
[2022-07-05 04:13:51,353] {processor.py:161} INFO - Processing /home/airflow/.local/lib/python3.7/site-packages/airflow/example_dags/example_complex.py took 0.116 seconds
[2022-07-05 04:14:21,504] {processor.py:153} INFO - Started process (PID=1896) to work on /home/airflow/.local/lib/python3.7/site-packages/airflow/example_dags/example_complex.py
[2022-07-05 04:14:21,510] {processor.py:641} INFO - Processing file /home/airflow/.local/lib/python3.7/site-packages/airflow/example_dags/example_complex.py for tasks to queue
[2022-07-05 04:14:21,516] {logging_mixin.py:115} INFO - [2022-07-05 04:14:21,515] {dagbag.py:507} INFO - Filling up the DagBag from /home/airflow/.local/lib/python3.7/site-packages/airflow/example_dags/example_complex.py
[2022-07-05 04:14:21,542] {processor.py:651} INFO - DAG(s) dict_keys(['example_complex']) retrieved from /home/airflow/.local/lib/python3.7/site-packages/airflow/example_dags/example_complex.py
[2022-07-05 04:14:21,595] {logging_mixin.py:115} INFO - [2022-07-05 04:14:21,595] {dag.py:2379} INFO - Sync 1 DAGs
[2022-07-05 04:14:21,633] {logging_mixin.py:115} INFO - [2022-07-05 04:14:21,632] {dag.py:2931} INFO - Setting next_dagrun for example_complex to None, run_after=None
[2022-07-05 04:14:21,648] {processor.py:161} INFO - Processing /home/airflow/.local/lib/python3.7/site-packages/airflow/example_dags/example_complex.py took 0.147 seconds
[2022-07-05 04:14:52,426] {processor.py:153} INFO - Started process (PID=1957) to work on /home/airflow/.local/lib/python3.7/site-packages/airflow/example_dags/example_complex.py
[2022-07-05 04:14:52,434] {processor.py:641} INFO - Processing file /home/airflow/.local/lib/python3.7/site-packages/airflow/example_dags/example_complex.py for tasks to queue
[2022-07-05 04:14:52,439] {logging_mixin.py:115} INFO - [2022-07-05 04:14:52,439] {dagbag.py:507} INFO - Filling up the DagBag from /home/airflow/.local/lib/python3.7/site-packages/airflow/example_dags/example_complex.py
[2022-07-05 04:14:52,463] {processor.py:651} INFO - DAG(s) dict_keys(['example_complex']) retrieved from /home/airflow/.local/lib/python3.7/site-packages/airflow/example_dags/example_complex.py
[2022-07-05 04:14:52,508] {logging_mixin.py:115} INFO - [2022-07-05 04:14:52,507] {dag.py:2379} INFO - Sync 1 DAGs
[2022-07-05 04:14:52,549] {logging_mixin.py:115} INFO - [2022-07-05 04:14:52,549] {dag.py:2931} INFO - Setting next_dagrun for example_complex to None, run_after=None
[2022-07-05 04:14:52,570] {processor.py:161} INFO - Processing /home/airflow/.local/lib/python3.7/site-packages/airflow/example_dags/example_complex.py took 0.147 seconds
[2022-07-05 04:15:22,674] {processor.py:153} INFO - Started process (PID=2007) to work on /home/airflow/.local/lib/python3.7/site-packages/airflow/example_dags/example_complex.py
[2022-07-05 04:15:22,676] {processor.py:641} INFO - Processing file /home/airflow/.local/lib/python3.7/site-packages/airflow/example_dags/example_complex.py for tasks to queue
[2022-07-05 04:15:22,676] {logging_mixin.py:115} INFO - [2022-07-05 04:15:22,676] {dagbag.py:507} INFO - Filling up the DagBag from /home/airflow/.local/lib/python3.7/site-packages/airflow/example_dags/example_complex.py
[2022-07-05 04:15:22,701] {processor.py:651} INFO - DAG(s) dict_keys(['example_complex']) retrieved from /home/airflow/.local/lib/python3.7/site-packages/airflow/example_dags/example_complex.py
[2022-07-05 04:15:22,738] {logging_mixin.py:115} INFO - [2022-07-05 04:15:22,738] {dag.py:2379} INFO - Sync 1 DAGs
[2022-07-05 04:15:22,771] {logging_mixin.py:115} INFO - [2022-07-05 04:15:22,771] {dag.py:2931} INFO - Setting next_dagrun for example_complex to None, run_after=None
[2022-07-05 04:15:22,788] {processor.py:161} INFO - Processing /home/airflow/.local/lib/python3.7/site-packages/airflow/example_dags/example_complex.py took 0.118 seconds
[2022-07-05 04:15:53,275] {processor.py:153} INFO - Started process (PID=2057) to work on /home/airflow/.local/lib/python3.7/site-packages/airflow/example_dags/example_complex.py
[2022-07-05 04:15:53,275] {processor.py:641} INFO - Processing file /home/airflow/.local/lib/python3.7/site-packages/airflow/example_dags/example_complex.py for tasks to queue
[2022-07-05 04:15:53,276] {logging_mixin.py:115} INFO - [2022-07-05 04:15:53,276] {dagbag.py:507} INFO - Filling up the DagBag from /home/airflow/.local/lib/python3.7/site-packages/airflow/example_dags/example_complex.py
[2022-07-05 04:15:53,293] {processor.py:651} INFO - DAG(s) dict_keys(['example_complex']) retrieved from /home/airflow/.local/lib/python3.7/site-packages/airflow/example_dags/example_complex.py
[2022-07-05 04:15:53,323] {logging_mixin.py:115} INFO - [2022-07-05 04:15:53,323] {dag.py:2379} INFO - Sync 1 DAGs
[2022-07-05 04:15:53,347] {logging_mixin.py:115} INFO - [2022-07-05 04:15:53,347] {dag.py:2931} INFO - Setting next_dagrun for example_complex to None, run_after=None
[2022-07-05 04:15:53,363] {processor.py:161} INFO - Processing /home/airflow/.local/lib/python3.7/site-packages/airflow/example_dags/example_complex.py took 0.091 seconds
[2022-07-05 04:16:23,674] {processor.py:153} INFO - Started process (PID=2109) to work on /home/airflow/.local/lib/python3.7/site-packages/airflow/example_dags/example_complex.py
[2022-07-05 04:16:23,680] {processor.py:641} INFO - Processing file /home/airflow/.local/lib/python3.7/site-packages/airflow/example_dags/example_complex.py for tasks to queue
[2022-07-05 04:16:23,685] {logging_mixin.py:115} INFO - [2022-07-05 04:16:23,684] {dagbag.py:507} INFO - Filling up the DagBag from /home/airflow/.local/lib/python3.7/site-packages/airflow/example_dags/example_complex.py
[2022-07-05 04:16:23,710] {processor.py:651} INFO - DAG(s) dict_keys(['example_complex']) retrieved from /home/airflow/.local/lib/python3.7/site-packages/airflow/example_dags/example_complex.py
[2022-07-05 04:16:23,759] {logging_mixin.py:115} INFO - [2022-07-05 04:16:23,759] {dag.py:2379} INFO - Sync 1 DAGs
[2022-07-05 04:16:23,794] {logging_mixin.py:115} INFO - [2022-07-05 04:16:23,794] {dag.py:2931} INFO - Setting next_dagrun for example_complex to None, run_after=None
[2022-07-05 04:16:23,815] {processor.py:161} INFO - Processing /home/airflow/.local/lib/python3.7/site-packages/airflow/example_dags/example_complex.py took 0.147 seconds
[2022-07-05 04:16:54,095] {processor.py:153} INFO - Started process (PID=2172) to work on /home/airflow/.local/lib/python3.7/site-packages/airflow/example_dags/example_complex.py
[2022-07-05 04:16:54,096] {processor.py:641} INFO - Processing file /home/airflow/.local/lib/python3.7/site-packages/airflow/example_dags/example_complex.py for tasks to queue
[2022-07-05 04:16:54,097] {logging_mixin.py:115} INFO - [2022-07-05 04:16:54,096] {dagbag.py:507} INFO - Filling up the DagBag from /home/airflow/.local/lib/python3.7/site-packages/airflow/example_dags/example_complex.py
[2022-07-05 04:16:54,156] {processor.py:651} INFO - DAG(s) dict_keys(['example_complex']) retrieved from /home/airflow/.local/lib/python3.7/site-packages/airflow/example_dags/example_complex.py
[2022-07-05 04:16:54,234] {logging_mixin.py:115} INFO - [2022-07-05 04:16:54,234] {dag.py:2379} INFO - Sync 1 DAGs
[2022-07-05 04:16:54,305] {logging_mixin.py:115} INFO - [2022-07-05 04:16:54,305] {dag.py:2931} INFO - Setting next_dagrun for example_complex to None, run_after=None
[2022-07-05 04:16:54,335] {processor.py:161} INFO - Processing /home/airflow/.local/lib/python3.7/site-packages/airflow/example_dags/example_complex.py took 0.248 seconds
[2022-07-05 04:17:25,024] {processor.py:153} INFO - Started process (PID=2222) to work on /home/airflow/.local/lib/python3.7/site-packages/airflow/example_dags/example_complex.py
[2022-07-05 04:17:25,025] {processor.py:641} INFO - Processing file /home/airflow/.local/lib/python3.7/site-packages/airflow/example_dags/example_complex.py for tasks to queue
[2022-07-05 04:17:25,026] {logging_mixin.py:115} INFO - [2022-07-05 04:17:25,026] {dagbag.py:507} INFO - Filling up the DagBag from /home/airflow/.local/lib/python3.7/site-packages/airflow/example_dags/example_complex.py
[2022-07-05 04:17:25,046] {processor.py:651} INFO - DAG(s) dict_keys(['example_complex']) retrieved from /home/airflow/.local/lib/python3.7/site-packages/airflow/example_dags/example_complex.py
[2022-07-05 04:17:25,104] {logging_mixin.py:115} INFO - [2022-07-05 04:17:25,104] {dag.py:2379} INFO - Sync 1 DAGs
[2022-07-05 04:17:25,138] {logging_mixin.py:115} INFO - [2022-07-05 04:17:25,138] {dag.py:2931} INFO - Setting next_dagrun for example_complex to None, run_after=None
[2022-07-05 04:17:25,162] {processor.py:161} INFO - Processing /home/airflow/.local/lib/python3.7/site-packages/airflow/example_dags/example_complex.py took 0.142 seconds
[2022-07-05 04:17:55,359] {processor.py:153} INFO - Started process (PID=2273) to work on /home/airflow/.local/lib/python3.7/site-packages/airflow/example_dags/example_complex.py
[2022-07-05 04:17:55,360] {processor.py:641} INFO - Processing file /home/airflow/.local/lib/python3.7/site-packages/airflow/example_dags/example_complex.py for tasks to queue
[2022-07-05 04:17:55,361] {logging_mixin.py:115} INFO - [2022-07-05 04:17:55,361] {dagbag.py:507} INFO - Filling up the DagBag from /home/airflow/.local/lib/python3.7/site-packages/airflow/example_dags/example_complex.py
[2022-07-05 04:17:55,380] {processor.py:651} INFO - DAG(s) dict_keys(['example_complex']) retrieved from /home/airflow/.local/lib/python3.7/site-packages/airflow/example_dags/example_complex.py
[2022-07-05 04:17:55,430] {logging_mixin.py:115} INFO - [2022-07-05 04:17:55,430] {dag.py:2379} INFO - Sync 1 DAGs
[2022-07-05 04:17:55,474] {logging_mixin.py:115} INFO - [2022-07-05 04:17:55,474] {dag.py:2931} INFO - Setting next_dagrun for example_complex to None, run_after=None
[2022-07-05 04:17:55,495] {processor.py:161} INFO - Processing /home/airflow/.local/lib/python3.7/site-packages/airflow/example_dags/example_complex.py took 0.140 seconds
[2022-07-05 04:18:25,836] {processor.py:153} INFO - Started process (PID=2331) to work on /home/airflow/.local/lib/python3.7/site-packages/airflow/example_dags/example_complex.py
[2022-07-05 04:18:25,845] {processor.py:641} INFO - Processing file /home/airflow/.local/lib/python3.7/site-packages/airflow/example_dags/example_complex.py for tasks to queue
[2022-07-05 04:18:25,845] {logging_mixin.py:115} INFO - [2022-07-05 04:18:25,845] {dagbag.py:507} INFO - Filling up the DagBag from /home/airflow/.local/lib/python3.7/site-packages/airflow/example_dags/example_complex.py
[2022-07-05 04:18:25,887] {processor.py:651} INFO - DAG(s) dict_keys(['example_complex']) retrieved from /home/airflow/.local/lib/python3.7/site-packages/airflow/example_dags/example_complex.py
[2022-07-05 04:18:25,936] {logging_mixin.py:115} INFO - [2022-07-05 04:18:25,936] {dag.py:2379} INFO - Sync 1 DAGs
[2022-07-05 04:18:26,006] {logging_mixin.py:115} INFO - [2022-07-05 04:18:26,006] {dag.py:2931} INFO - Setting next_dagrun for example_complex to None, run_after=None
[2022-07-05 04:18:26,061] {processor.py:161} INFO - Processing /home/airflow/.local/lib/python3.7/site-packages/airflow/example_dags/example_complex.py took 0.233 seconds
[2022-07-05 04:18:56,390] {processor.py:153} INFO - Started process (PID=2390) to work on /home/airflow/.local/lib/python3.7/site-packages/airflow/example_dags/example_complex.py
[2022-07-05 04:18:56,400] {processor.py:641} INFO - Processing file /home/airflow/.local/lib/python3.7/site-packages/airflow/example_dags/example_complex.py for tasks to queue
[2022-07-05 04:18:56,401] {logging_mixin.py:115} INFO - [2022-07-05 04:18:56,400] {dagbag.py:507} INFO - Filling up the DagBag from /home/airflow/.local/lib/python3.7/site-packages/airflow/example_dags/example_complex.py
[2022-07-05 04:18:56,429] {processor.py:651} INFO - DAG(s) dict_keys(['example_complex']) retrieved from /home/airflow/.local/lib/python3.7/site-packages/airflow/example_dags/example_complex.py
[2022-07-05 04:18:56,476] {logging_mixin.py:115} INFO - [2022-07-05 04:18:56,475] {dag.py:2379} INFO - Sync 1 DAGs
[2022-07-05 04:18:56,565] {logging_mixin.py:115} INFO - [2022-07-05 04:18:56,565] {dag.py:2931} INFO - Setting next_dagrun for example_complex to None, run_after=None
[2022-07-05 04:18:56,601] {processor.py:161} INFO - Processing /home/airflow/.local/lib/python3.7/site-packages/airflow/example_dags/example_complex.py took 0.214 seconds
[2022-07-05 04:19:26,769] {processor.py:153} INFO - Started process (PID=2448) to work on /home/airflow/.local/lib/python3.7/site-packages/airflow/example_dags/example_complex.py
[2022-07-05 04:19:26,777] {processor.py:641} INFO - Processing file /home/airflow/.local/lib/python3.7/site-packages/airflow/example_dags/example_complex.py for tasks to queue
[2022-07-05 04:19:26,781] {logging_mixin.py:115} INFO - [2022-07-05 04:19:26,781] {dagbag.py:507} INFO - Filling up the DagBag from /home/airflow/.local/lib/python3.7/site-packages/airflow/example_dags/example_complex.py
[2022-07-05 04:19:26,832] {processor.py:651} INFO - DAG(s) dict_keys(['example_complex']) retrieved from /home/airflow/.local/lib/python3.7/site-packages/airflow/example_dags/example_complex.py
[2022-07-05 04:19:26,899] {logging_mixin.py:115} INFO - [2022-07-05 04:19:26,898] {dag.py:2379} INFO - Sync 1 DAGs
[2022-07-05 04:19:26,946] {logging_mixin.py:115} INFO - [2022-07-05 04:19:26,946] {dag.py:2931} INFO - Setting next_dagrun for example_complex to None, run_after=None
[2022-07-05 04:19:26,968] {processor.py:161} INFO - Processing /home/airflow/.local/lib/python3.7/site-packages/airflow/example_dags/example_complex.py took 0.203 seconds
[2022-07-05 04:19:57,520] {processor.py:153} INFO - Started process (PID=2517) to work on /home/airflow/.local/lib/python3.7/site-packages/airflow/example_dags/example_complex.py
[2022-07-05 04:19:57,536] {processor.py:641} INFO - Processing file /home/airflow/.local/lib/python3.7/site-packages/airflow/example_dags/example_complex.py for tasks to queue
[2022-07-05 04:19:57,542] {logging_mixin.py:115} INFO - [2022-07-05 04:19:57,542] {dagbag.py:507} INFO - Filling up the DagBag from /home/airflow/.local/lib/python3.7/site-packages/airflow/example_dags/example_complex.py
[2022-07-05 04:19:57,632] {processor.py:651} INFO - DAG(s) dict_keys(['example_complex']) retrieved from /home/airflow/.local/lib/python3.7/site-packages/airflow/example_dags/example_complex.py
[2022-07-05 04:19:57,729] {logging_mixin.py:115} INFO - [2022-07-05 04:19:57,729] {dag.py:2379} INFO - Sync 1 DAGs
[2022-07-05 04:19:57,844] {logging_mixin.py:115} INFO - [2022-07-05 04:19:57,843] {dag.py:2931} INFO - Setting next_dagrun for example_complex to None, run_after=None
[2022-07-05 04:19:57,884] {processor.py:161} INFO - Processing /home/airflow/.local/lib/python3.7/site-packages/airflow/example_dags/example_complex.py took 0.367 seconds
[2022-07-05 04:20:28,508] {processor.py:153} INFO - Started process (PID=2569) to work on /home/airflow/.local/lib/python3.7/site-packages/airflow/example_dags/example_complex.py
[2022-07-05 04:20:28,522] {processor.py:641} INFO - Processing file /home/airflow/.local/lib/python3.7/site-packages/airflow/example_dags/example_complex.py for tasks to queue
[2022-07-05 04:20:28,528] {logging_mixin.py:115} INFO - [2022-07-05 04:20:28,527] {dagbag.py:507} INFO - Filling up the DagBag from /home/airflow/.local/lib/python3.7/site-packages/airflow/example_dags/example_complex.py
[2022-07-05 04:20:28,597] {processor.py:651} INFO - DAG(s) dict_keys(['example_complex']) retrieved from /home/airflow/.local/lib/python3.7/site-packages/airflow/example_dags/example_complex.py
[2022-07-05 04:20:28,681] {logging_mixin.py:115} INFO - [2022-07-05 04:20:28,681] {dag.py:2379} INFO - Sync 1 DAGs
[2022-07-05 04:20:28,759] {logging_mixin.py:115} INFO - [2022-07-05 04:20:28,759] {dag.py:2931} INFO - Setting next_dagrun for example_complex to None, run_after=None
[2022-07-05 04:20:28,812] {processor.py:161} INFO - Processing /home/airflow/.local/lib/python3.7/site-packages/airflow/example_dags/example_complex.py took 0.308 seconds
[2022-07-05 04:20:59,637] {processor.py:153} INFO - Started process (PID=2621) to work on /home/airflow/.local/lib/python3.7/site-packages/airflow/example_dags/example_complex.py
[2022-07-05 04:20:59,638] {processor.py:641} INFO - Processing file /home/airflow/.local/lib/python3.7/site-packages/airflow/example_dags/example_complex.py for tasks to queue
[2022-07-05 04:20:59,639] {logging_mixin.py:115} INFO - [2022-07-05 04:20:59,639] {dagbag.py:507} INFO - Filling up the DagBag from /home/airflow/.local/lib/python3.7/site-packages/airflow/example_dags/example_complex.py
[2022-07-05 04:20:59,658] {processor.py:651} INFO - DAG(s) dict_keys(['example_complex']) retrieved from /home/airflow/.local/lib/python3.7/site-packages/airflow/example_dags/example_complex.py
[2022-07-05 04:20:59,717] {logging_mixin.py:115} INFO - [2022-07-05 04:20:59,717] {dag.py:2379} INFO - Sync 1 DAGs
[2022-07-05 04:20:59,754] {logging_mixin.py:115} INFO - [2022-07-05 04:20:59,754] {dag.py:2931} INFO - Setting next_dagrun for example_complex to None, run_after=None
[2022-07-05 04:20:59,769] {processor.py:161} INFO - Processing /home/airflow/.local/lib/python3.7/site-packages/airflow/example_dags/example_complex.py took 0.136 seconds
[2022-07-05 04:21:29,976] {processor.py:153} INFO - Started process (PID=2673) to work on /home/airflow/.local/lib/python3.7/site-packages/airflow/example_dags/example_complex.py
[2022-07-05 04:21:29,977] {processor.py:641} INFO - Processing file /home/airflow/.local/lib/python3.7/site-packages/airflow/example_dags/example_complex.py for tasks to queue
[2022-07-05 04:21:29,981] {logging_mixin.py:115} INFO - [2022-07-05 04:21:29,981] {dagbag.py:507} INFO - Filling up the DagBag from /home/airflow/.local/lib/python3.7/site-packages/airflow/example_dags/example_complex.py
[2022-07-05 04:21:30,054] {processor.py:651} INFO - DAG(s) dict_keys(['example_complex']) retrieved from /home/airflow/.local/lib/python3.7/site-packages/airflow/example_dags/example_complex.py
[2022-07-05 04:21:30,254] {logging_mixin.py:115} INFO - [2022-07-05 04:21:30,254] {dag.py:2379} INFO - Sync 1 DAGs
[2022-07-05 04:21:30,348] {logging_mixin.py:115} INFO - [2022-07-05 04:21:30,347] {dag.py:2931} INFO - Setting next_dagrun for example_complex to None, run_after=None
[2022-07-05 04:21:30,417] {processor.py:161} INFO - Processing /home/airflow/.local/lib/python3.7/site-packages/airflow/example_dags/example_complex.py took 0.445 seconds
[2022-07-05 04:22:00,668] {processor.py:153} INFO - Started process (PID=2733) to work on /home/airflow/.local/lib/python3.7/site-packages/airflow/example_dags/example_complex.py
[2022-07-05 04:22:00,681] {processor.py:641} INFO - Processing file /home/airflow/.local/lib/python3.7/site-packages/airflow/example_dags/example_complex.py for tasks to queue
[2022-07-05 04:22:00,686] {logging_mixin.py:115} INFO - [2022-07-05 04:22:00,686] {dagbag.py:507} INFO - Filling up the DagBag from /home/airflow/.local/lib/python3.7/site-packages/airflow/example_dags/example_complex.py
[2022-07-05 04:22:00,806] {processor.py:651} INFO - DAG(s) dict_keys(['example_complex']) retrieved from /home/airflow/.local/lib/python3.7/site-packages/airflow/example_dags/example_complex.py
[2022-07-05 04:22:00,993] {logging_mixin.py:115} INFO - [2022-07-05 04:22:00,993] {dag.py:2379} INFO - Sync 1 DAGs
[2022-07-05 04:22:01,111] {logging_mixin.py:115} INFO - [2022-07-05 04:22:01,111] {dag.py:2931} INFO - Setting next_dagrun for example_complex to None, run_after=None
[2022-07-05 04:22:01,193] {processor.py:161} INFO - Processing /home/airflow/.local/lib/python3.7/site-packages/airflow/example_dags/example_complex.py took 0.528 seconds
[2022-07-05 04:22:31,248] {processor.py:153} INFO - Started process (PID=2786) to work on /home/airflow/.local/lib/python3.7/site-packages/airflow/example_dags/example_complex.py
[2022-07-05 04:22:31,249] {processor.py:641} INFO - Processing file /home/airflow/.local/lib/python3.7/site-packages/airflow/example_dags/example_complex.py for tasks to queue
[2022-07-05 04:22:31,249] {logging_mixin.py:115} INFO - [2022-07-05 04:22:31,249] {dagbag.py:507} INFO - Filling up the DagBag from /home/airflow/.local/lib/python3.7/site-packages/airflow/example_dags/example_complex.py
[2022-07-05 04:22:31,268] {processor.py:651} INFO - DAG(s) dict_keys(['example_complex']) retrieved from /home/airflow/.local/lib/python3.7/site-packages/airflow/example_dags/example_complex.py
[2022-07-05 04:22:31,308] {logging_mixin.py:115} INFO - [2022-07-05 04:22:31,308] {dag.py:2379} INFO - Sync 1 DAGs
[2022-07-05 04:22:31,342] {logging_mixin.py:115} INFO - [2022-07-05 04:22:31,342] {dag.py:2931} INFO - Setting next_dagrun for example_complex to None, run_after=None
[2022-07-05 04:22:31,361] {processor.py:161} INFO - Processing /home/airflow/.local/lib/python3.7/site-packages/airflow/example_dags/example_complex.py took 0.117 seconds
[2022-07-05 04:23:01,580] {processor.py:153} INFO - Started process (PID=2838) to work on /home/airflow/.local/lib/python3.7/site-packages/airflow/example_dags/example_complex.py
[2022-07-05 04:23:01,581] {processor.py:641} INFO - Processing file /home/airflow/.local/lib/python3.7/site-packages/airflow/example_dags/example_complex.py for tasks to queue
[2022-07-05 04:23:01,581] {logging_mixin.py:115} INFO - [2022-07-05 04:23:01,581] {dagbag.py:507} INFO - Filling up the DagBag from /home/airflow/.local/lib/python3.7/site-packages/airflow/example_dags/example_complex.py
[2022-07-05 04:23:01,634] {processor.py:651} INFO - DAG(s) dict_keys(['example_complex']) retrieved from /home/airflow/.local/lib/python3.7/site-packages/airflow/example_dags/example_complex.py
[2022-07-05 04:23:01,721] {logging_mixin.py:115} INFO - [2022-07-05 04:23:01,720] {dag.py:2379} INFO - Sync 1 DAGs
[2022-07-05 04:23:01,776] {logging_mixin.py:115} INFO - [2022-07-05 04:23:01,776] {dag.py:2931} INFO - Setting next_dagrun for example_complex to None, run_after=None
[2022-07-05 04:23:02,002] {processor.py:161} INFO - Processing /home/airflow/.local/lib/python3.7/site-packages/airflow/example_dags/example_complex.py took 0.425 seconds
[2022-07-05 04:23:32,662] {processor.py:153} INFO - Started process (PID=2891) to work on /home/airflow/.local/lib/python3.7/site-packages/airflow/example_dags/example_complex.py
[2022-07-05 04:23:32,668] {processor.py:641} INFO - Processing file /home/airflow/.local/lib/python3.7/site-packages/airflow/example_dags/example_complex.py for tasks to queue
[2022-07-05 04:23:32,669] {logging_mixin.py:115} INFO - [2022-07-05 04:23:32,669] {dagbag.py:507} INFO - Filling up the DagBag from /home/airflow/.local/lib/python3.7/site-packages/airflow/example_dags/example_complex.py
[2022-07-05 04:23:32,724] {processor.py:651} INFO - DAG(s) dict_keys(['example_complex']) retrieved from /home/airflow/.local/lib/python3.7/site-packages/airflow/example_dags/example_complex.py
[2022-07-05 04:23:32,885] {logging_mixin.py:115} INFO - [2022-07-05 04:23:32,885] {dag.py:2379} INFO - Sync 1 DAGs
[2022-07-05 04:23:33,002] {logging_mixin.py:115} INFO - [2022-07-05 04:23:33,002] {dag.py:2931} INFO - Setting next_dagrun for example_complex to None, run_after=None
[2022-07-05 04:23:33,692] {processor.py:161} INFO - Processing /home/airflow/.local/lib/python3.7/site-packages/airflow/example_dags/example_complex.py took 1.034 seconds
[2022-07-05 04:24:04,298] {processor.py:153} INFO - Started process (PID=2956) to work on /home/airflow/.local/lib/python3.7/site-packages/airflow/example_dags/example_complex.py
[2022-07-05 04:24:04,301] {processor.py:641} INFO - Processing file /home/airflow/.local/lib/python3.7/site-packages/airflow/example_dags/example_complex.py for tasks to queue
[2022-07-05 04:24:04,302] {logging_mixin.py:115} INFO - [2022-07-05 04:24:04,301] {dagbag.py:507} INFO - Filling up the DagBag from /home/airflow/.local/lib/python3.7/site-packages/airflow/example_dags/example_complex.py
[2022-07-05 04:24:04,362] {processor.py:651} INFO - DAG(s) dict_keys(['example_complex']) retrieved from /home/airflow/.local/lib/python3.7/site-packages/airflow/example_dags/example_complex.py
[2022-07-05 04:24:04,431] {logging_mixin.py:115} INFO - [2022-07-05 04:24:04,431] {dag.py:2379} INFO - Sync 1 DAGs
[2022-07-05 04:24:04,471] {logging_mixin.py:115} INFO - [2022-07-05 04:24:04,471] {dag.py:2931} INFO - Setting next_dagrun for example_complex to None, run_after=None
[2022-07-05 04:24:04,681] {processor.py:161} INFO - Processing /home/airflow/.local/lib/python3.7/site-packages/airflow/example_dags/example_complex.py took 0.392 seconds
[2022-07-05 04:24:35,399] {processor.py:153} INFO - Started process (PID=3015) to work on /home/airflow/.local/lib/python3.7/site-packages/airflow/example_dags/example_complex.py
[2022-07-05 04:24:35,417] {processor.py:641} INFO - Processing file /home/airflow/.local/lib/python3.7/site-packages/airflow/example_dags/example_complex.py for tasks to queue
[2022-07-05 04:24:35,418] {logging_mixin.py:115} INFO - [2022-07-05 04:24:35,418] {dagbag.py:507} INFO - Filling up the DagBag from /home/airflow/.local/lib/python3.7/site-packages/airflow/example_dags/example_complex.py
[2022-07-05 04:24:35,488] {processor.py:651} INFO - DAG(s) dict_keys(['example_complex']) retrieved from /home/airflow/.local/lib/python3.7/site-packages/airflow/example_dags/example_complex.py
[2022-07-05 04:24:35,601] {logging_mixin.py:115} INFO - [2022-07-05 04:24:35,601] {dag.py:2379} INFO - Sync 1 DAGs
[2022-07-05 04:24:35,698] {logging_mixin.py:115} INFO - [2022-07-05 04:24:35,698] {dag.py:2931} INFO - Setting next_dagrun for example_complex to None, run_after=None
[2022-07-05 04:24:36,110] {processor.py:161} INFO - Processing /home/airflow/.local/lib/python3.7/site-packages/airflow/example_dags/example_complex.py took 0.715 seconds
[2022-07-05 04:25:06,840] {processor.py:153} INFO - Started process (PID=3070) to work on /home/airflow/.local/lib/python3.7/site-packages/airflow/example_dags/example_complex.py
[2022-07-05 04:25:06,848] {processor.py:641} INFO - Processing file /home/airflow/.local/lib/python3.7/site-packages/airflow/example_dags/example_complex.py for tasks to queue
[2022-07-05 04:25:06,853] {logging_mixin.py:115} INFO - [2022-07-05 04:25:06,852] {dagbag.py:507} INFO - Filling up the DagBag from /home/airflow/.local/lib/python3.7/site-packages/airflow/example_dags/example_complex.py
[2022-07-05 04:25:06,902] {processor.py:651} INFO - DAG(s) dict_keys(['example_complex']) retrieved from /home/airflow/.local/lib/python3.7/site-packages/airflow/example_dags/example_complex.py
[2022-07-05 04:25:07,065] {logging_mixin.py:115} INFO - [2022-07-05 04:25:07,065] {dag.py:2379} INFO - Sync 1 DAGs
[2022-07-05 04:25:07,161] {logging_mixin.py:115} INFO - [2022-07-05 04:25:07,161] {dag.py:2931} INFO - Setting next_dagrun for example_complex to None, run_after=None
[2022-07-05 04:25:07,557] {processor.py:161} INFO - Processing /home/airflow/.local/lib/python3.7/site-packages/airflow/example_dags/example_complex.py took 0.728 seconds
[2022-07-05 04:25:38,056] {processor.py:153} INFO - Started process (PID=3131) to work on /home/airflow/.local/lib/python3.7/site-packages/airflow/example_dags/example_complex.py
[2022-07-05 04:25:38,065] {processor.py:641} INFO - Processing file /home/airflow/.local/lib/python3.7/site-packages/airflow/example_dags/example_complex.py for tasks to queue
[2022-07-05 04:25:38,066] {logging_mixin.py:115} INFO - [2022-07-05 04:25:38,065] {dagbag.py:507} INFO - Filling up the DagBag from /home/airflow/.local/lib/python3.7/site-packages/airflow/example_dags/example_complex.py
[2022-07-05 04:25:38,119] {processor.py:651} INFO - DAG(s) dict_keys(['example_complex']) retrieved from /home/airflow/.local/lib/python3.7/site-packages/airflow/example_dags/example_complex.py
[2022-07-05 04:25:38,209] {logging_mixin.py:115} INFO - [2022-07-05 04:25:38,209] {dag.py:2379} INFO - Sync 1 DAGs
[2022-07-05 04:25:38,278] {logging_mixin.py:115} INFO - [2022-07-05 04:25:38,278] {dag.py:2931} INFO - Setting next_dagrun for example_complex to None, run_after=None
[2022-07-05 04:25:38,871] {processor.py:161} INFO - Processing /home/airflow/.local/lib/python3.7/site-packages/airflow/example_dags/example_complex.py took 0.819 seconds
[2022-07-05 04:26:09,226] {processor.py:153} INFO - Started process (PID=3191) to work on /home/airflow/.local/lib/python3.7/site-packages/airflow/example_dags/example_complex.py
[2022-07-05 04:26:09,231] {processor.py:641} INFO - Processing file /home/airflow/.local/lib/python3.7/site-packages/airflow/example_dags/example_complex.py for tasks to queue
[2022-07-05 04:26:09,236] {logging_mixin.py:115} INFO - [2022-07-05 04:26:09,236] {dagbag.py:507} INFO - Filling up the DagBag from /home/airflow/.local/lib/python3.7/site-packages/airflow/example_dags/example_complex.py
[2022-07-05 04:26:09,283] {processor.py:651} INFO - DAG(s) dict_keys(['example_complex']) retrieved from /home/airflow/.local/lib/python3.7/site-packages/airflow/example_dags/example_complex.py
[2022-07-05 04:26:09,394] {logging_mixin.py:115} INFO - [2022-07-05 04:26:09,394] {dag.py:2379} INFO - Sync 1 DAGs
[2022-07-05 04:26:09,481] {logging_mixin.py:115} INFO - [2022-07-05 04:26:09,481] {dag.py:2931} INFO - Setting next_dagrun for example_complex to None, run_after=None
[2022-07-05 04:26:09,774] {processor.py:161} INFO - Processing /home/airflow/.local/lib/python3.7/site-packages/airflow/example_dags/example_complex.py took 0.571 seconds
[2022-07-05 04:26:39,896] {processor.py:153} INFO - Started process (PID=3242) to work on /home/airflow/.local/lib/python3.7/site-packages/airflow/example_dags/example_complex.py
[2022-07-05 04:26:39,898] {processor.py:641} INFO - Processing file /home/airflow/.local/lib/python3.7/site-packages/airflow/example_dags/example_complex.py for tasks to queue
[2022-07-05 04:26:39,899] {logging_mixin.py:115} INFO - [2022-07-05 04:26:39,899] {dagbag.py:507} INFO - Filling up the DagBag from /home/airflow/.local/lib/python3.7/site-packages/airflow/example_dags/example_complex.py
[2022-07-05 04:26:39,929] {processor.py:651} INFO - DAG(s) dict_keys(['example_complex']) retrieved from /home/airflow/.local/lib/python3.7/site-packages/airflow/example_dags/example_complex.py
[2022-07-05 04:26:39,973] {logging_mixin.py:115} INFO - [2022-07-05 04:26:39,973] {dag.py:2379} INFO - Sync 1 DAGs
[2022-07-05 04:26:40,008] {logging_mixin.py:115} INFO - [2022-07-05 04:26:40,008] {dag.py:2931} INFO - Setting next_dagrun for example_complex to None, run_after=None
[2022-07-05 04:26:40,251] {processor.py:161} INFO - Processing /home/airflow/.local/lib/python3.7/site-packages/airflow/example_dags/example_complex.py took 0.364 seconds
[2022-07-05 04:27:10,315] {processor.py:153} INFO - Started process (PID=3308) to work on /home/airflow/.local/lib/python3.7/site-packages/airflow/example_dags/example_complex.py
[2022-07-05 04:27:10,322] {processor.py:641} INFO - Processing file /home/airflow/.local/lib/python3.7/site-packages/airflow/example_dags/example_complex.py for tasks to queue
[2022-07-05 04:27:10,323] {logging_mixin.py:115} INFO - [2022-07-05 04:27:10,323] {dagbag.py:507} INFO - Filling up the DagBag from /home/airflow/.local/lib/python3.7/site-packages/airflow/example_dags/example_complex.py
[2022-07-05 04:27:10,374] {processor.py:651} INFO - DAG(s) dict_keys(['example_complex']) retrieved from /home/airflow/.local/lib/python3.7/site-packages/airflow/example_dags/example_complex.py
[2022-07-05 04:27:10,476] {logging_mixin.py:115} INFO - [2022-07-05 04:27:10,475] {dag.py:2379} INFO - Sync 1 DAGs
[2022-07-05 04:27:10,553] {logging_mixin.py:115} INFO - [2022-07-05 04:27:10,553] {dag.py:2931} INFO - Setting next_dagrun for example_complex to None, run_after=None
[2022-07-05 04:27:10,903] {processor.py:161} INFO - Processing /home/airflow/.local/lib/python3.7/site-packages/airflow/example_dags/example_complex.py took 0.592 seconds
[2022-07-05 04:27:41,250] {processor.py:153} INFO - Started process (PID=3362) to work on /home/airflow/.local/lib/python3.7/site-packages/airflow/example_dags/example_complex.py
[2022-07-05 04:27:41,253] {processor.py:641} INFO - Processing file /home/airflow/.local/lib/python3.7/site-packages/airflow/example_dags/example_complex.py for tasks to queue
[2022-07-05 04:27:41,254] {logging_mixin.py:115} INFO - [2022-07-05 04:27:41,254] {dagbag.py:507} INFO - Filling up the DagBag from /home/airflow/.local/lib/python3.7/site-packages/airflow/example_dags/example_complex.py
[2022-07-05 04:27:41,297] {processor.py:651} INFO - DAG(s) dict_keys(['example_complex']) retrieved from /home/airflow/.local/lib/python3.7/site-packages/airflow/example_dags/example_complex.py
[2022-07-05 04:27:41,394] {logging_mixin.py:115} INFO - [2022-07-05 04:27:41,394] {dag.py:2379} INFO - Sync 1 DAGs
[2022-07-05 04:27:41,498] {logging_mixin.py:115} INFO - [2022-07-05 04:27:41,498] {dag.py:2931} INFO - Setting next_dagrun for example_complex to None, run_after=None
[2022-07-05 04:27:42,060] {processor.py:161} INFO - Processing /home/airflow/.local/lib/python3.7/site-packages/airflow/example_dags/example_complex.py took 0.830 seconds
[2022-07-05 04:28:12,263] {processor.py:153} INFO - Started process (PID=3424) to work on /home/airflow/.local/lib/python3.7/site-packages/airflow/example_dags/example_complex.py
[2022-07-05 04:28:12,265] {processor.py:641} INFO - Processing file /home/airflow/.local/lib/python3.7/site-packages/airflow/example_dags/example_complex.py for tasks to queue
[2022-07-05 04:28:12,266] {logging_mixin.py:115} INFO - [2022-07-05 04:28:12,266] {dagbag.py:507} INFO - Filling up the DagBag from /home/airflow/.local/lib/python3.7/site-packages/airflow/example_dags/example_complex.py
[2022-07-05 04:28:12,305] {processor.py:651} INFO - DAG(s) dict_keys(['example_complex']) retrieved from /home/airflow/.local/lib/python3.7/site-packages/airflow/example_dags/example_complex.py
[2022-07-05 04:28:12,384] {logging_mixin.py:115} INFO - [2022-07-05 04:28:12,384] {dag.py:2379} INFO - Sync 1 DAGs
[2022-07-05 04:28:12,465] {logging_mixin.py:115} INFO - [2022-07-05 04:28:12,465] {dag.py:2931} INFO - Setting next_dagrun for example_complex to None, run_after=None
[2022-07-05 04:28:12,868] {processor.py:161} INFO - Processing /home/airflow/.local/lib/python3.7/site-packages/airflow/example_dags/example_complex.py took 0.613 seconds
[2022-07-05 04:28:43,303] {processor.py:153} INFO - Started process (PID=3476) to work on /home/airflow/.local/lib/python3.7/site-packages/airflow/example_dags/example_complex.py
[2022-07-05 04:28:43,304] {processor.py:641} INFO - Processing file /home/airflow/.local/lib/python3.7/site-packages/airflow/example_dags/example_complex.py for tasks to queue
[2022-07-05 04:28:43,304] {logging_mixin.py:115} INFO - [2022-07-05 04:28:43,304] {dagbag.py:507} INFO - Filling up the DagBag from /home/airflow/.local/lib/python3.7/site-packages/airflow/example_dags/example_complex.py
[2022-07-05 04:28:43,325] {processor.py:651} INFO - DAG(s) dict_keys(['example_complex']) retrieved from /home/airflow/.local/lib/python3.7/site-packages/airflow/example_dags/example_complex.py
[2022-07-05 04:28:43,375] {logging_mixin.py:115} INFO - [2022-07-05 04:28:43,375] {dag.py:2379} INFO - Sync 1 DAGs
[2022-07-05 04:28:43,419] {logging_mixin.py:115} INFO - [2022-07-05 04:28:43,419] {dag.py:2931} INFO - Setting next_dagrun for example_complex to None, run_after=None
[2022-07-05 04:28:43,632] {processor.py:161} INFO - Processing /home/airflow/.local/lib/python3.7/site-packages/airflow/example_dags/example_complex.py took 0.333 seconds
[2022-07-05 04:29:13,921] {processor.py:153} INFO - Started process (PID=3530) to work on /home/airflow/.local/lib/python3.7/site-packages/airflow/example_dags/example_complex.py
[2022-07-05 04:29:13,923] {processor.py:641} INFO - Processing file /home/airflow/.local/lib/python3.7/site-packages/airflow/example_dags/example_complex.py for tasks to queue
[2022-07-05 04:29:13,924] {logging_mixin.py:115} INFO - [2022-07-05 04:29:13,924] {dagbag.py:507} INFO - Filling up the DagBag from /home/airflow/.local/lib/python3.7/site-packages/airflow/example_dags/example_complex.py
[2022-07-05 04:29:13,964] {processor.py:651} INFO - DAG(s) dict_keys(['example_complex']) retrieved from /home/airflow/.local/lib/python3.7/site-packages/airflow/example_dags/example_complex.py
[2022-07-05 04:29:14,039] {logging_mixin.py:115} INFO - [2022-07-05 04:29:14,038] {dag.py:2379} INFO - Sync 1 DAGs
[2022-07-05 04:29:14,082] {logging_mixin.py:115} INFO - [2022-07-05 04:29:14,082] {dag.py:2931} INFO - Setting next_dagrun for example_complex to None, run_after=None
[2022-07-05 04:29:14,348] {processor.py:161} INFO - Processing /home/airflow/.local/lib/python3.7/site-packages/airflow/example_dags/example_complex.py took 0.431 seconds
[2022-07-05 04:29:45,281] {processor.py:153} INFO - Started process (PID=3588) to work on /home/airflow/.local/lib/python3.7/site-packages/airflow/example_dags/example_complex.py
[2022-07-05 04:29:45,290] {processor.py:641} INFO - Processing file /home/airflow/.local/lib/python3.7/site-packages/airflow/example_dags/example_complex.py for tasks to queue
[2022-07-05 04:29:45,292] {logging_mixin.py:115} INFO - [2022-07-05 04:29:45,292] {dagbag.py:507} INFO - Filling up the DagBag from /home/airflow/.local/lib/python3.7/site-packages/airflow/example_dags/example_complex.py
[2022-07-05 04:29:45,408] {processor.py:651} INFO - DAG(s) dict_keys(['example_complex']) retrieved from /home/airflow/.local/lib/python3.7/site-packages/airflow/example_dags/example_complex.py
[2022-07-05 04:29:45,603] {logging_mixin.py:115} INFO - [2022-07-05 04:29:45,603] {dag.py:2379} INFO - Sync 1 DAGs
[2022-07-05 04:29:45,813] {logging_mixin.py:115} INFO - [2022-07-05 04:29:45,813] {dag.py:2931} INFO - Setting next_dagrun for example_complex to None, run_after=None
[2022-07-05 04:29:46,872] {processor.py:161} INFO - Processing /home/airflow/.local/lib/python3.7/site-packages/airflow/example_dags/example_complex.py took 1.644 seconds
[2022-07-05 04:30:17,003] {processor.py:153} INFO - Started process (PID=3643) to work on /home/airflow/.local/lib/python3.7/site-packages/airflow/example_dags/example_complex.py
[2022-07-05 04:30:17,005] {processor.py:641} INFO - Processing file /home/airflow/.local/lib/python3.7/site-packages/airflow/example_dags/example_complex.py for tasks to queue
[2022-07-05 04:30:17,006] {logging_mixin.py:115} INFO - [2022-07-05 04:30:17,006] {dagbag.py:507} INFO - Filling up the DagBag from /home/airflow/.local/lib/python3.7/site-packages/airflow/example_dags/example_complex.py
[2022-07-05 04:30:17,036] {processor.py:651} INFO - DAG(s) dict_keys(['example_complex']) retrieved from /home/airflow/.local/lib/python3.7/site-packages/airflow/example_dags/example_complex.py
[2022-07-05 04:30:17,084] {logging_mixin.py:115} INFO - [2022-07-05 04:30:17,084] {dag.py:2379} INFO - Sync 1 DAGs
[2022-07-05 04:30:17,120] {logging_mixin.py:115} INFO - [2022-07-05 04:30:17,120] {dag.py:2931} INFO - Setting next_dagrun for example_complex to None, run_after=None
[2022-07-05 04:30:17,341] {processor.py:161} INFO - Processing /home/airflow/.local/lib/python3.7/site-packages/airflow/example_dags/example_complex.py took 0.342 seconds
[2022-07-05 04:30:48,013] {processor.py:153} INFO - Started process (PID=3696) to work on /home/airflow/.local/lib/python3.7/site-packages/airflow/example_dags/example_complex.py
[2022-07-05 04:30:48,013] {processor.py:641} INFO - Processing file /home/airflow/.local/lib/python3.7/site-packages/airflow/example_dags/example_complex.py for tasks to queue
[2022-07-05 04:30:48,014] {logging_mixin.py:115} INFO - [2022-07-05 04:30:48,014] {dagbag.py:507} INFO - Filling up the DagBag from /home/airflow/.local/lib/python3.7/site-packages/airflow/example_dags/example_complex.py
[2022-07-05 04:30:48,033] {processor.py:651} INFO - DAG(s) dict_keys(['example_complex']) retrieved from /home/airflow/.local/lib/python3.7/site-packages/airflow/example_dags/example_complex.py
[2022-07-05 04:30:48,074] {logging_mixin.py:115} INFO - [2022-07-05 04:30:48,073] {dag.py:2379} INFO - Sync 1 DAGs
[2022-07-05 04:30:48,109] {logging_mixin.py:115} INFO - [2022-07-05 04:30:48,108] {dag.py:2931} INFO - Setting next_dagrun for example_complex to None, run_after=None
[2022-07-05 04:30:48,327] {processor.py:161} INFO - Processing /home/airflow/.local/lib/python3.7/site-packages/airflow/example_dags/example_complex.py took 0.319 seconds
[2022-07-05 04:31:18,579] {processor.py:153} INFO - Started process (PID=3766) to work on /home/airflow/.local/lib/python3.7/site-packages/airflow/example_dags/example_complex.py
[2022-07-05 04:31:18,581] {processor.py:641} INFO - Processing file /home/airflow/.local/lib/python3.7/site-packages/airflow/example_dags/example_complex.py for tasks to queue
[2022-07-05 04:31:18,581] {logging_mixin.py:115} INFO - [2022-07-05 04:31:18,581] {dagbag.py:507} INFO - Filling up the DagBag from /home/airflow/.local/lib/python3.7/site-packages/airflow/example_dags/example_complex.py
[2022-07-05 04:31:18,639] {processor.py:651} INFO - DAG(s) dict_keys(['example_complex']) retrieved from /home/airflow/.local/lib/python3.7/site-packages/airflow/example_dags/example_complex.py
[2022-07-05 04:31:18,783] {logging_mixin.py:115} INFO - [2022-07-05 04:31:18,783] {dag.py:2379} INFO - Sync 1 DAGs
[2022-07-05 04:31:18,873] {logging_mixin.py:115} INFO - [2022-07-05 04:31:18,873] {dag.py:2931} INFO - Setting next_dagrun for example_complex to None, run_after=None
[2022-07-05 04:31:19,488] {processor.py:161} INFO - Processing /home/airflow/.local/lib/python3.7/site-packages/airflow/example_dags/example_complex.py took 0.918 seconds
[2022-07-05 04:31:49,676] {processor.py:153} INFO - Started process (PID=3827) to work on /home/airflow/.local/lib/python3.7/site-packages/airflow/example_dags/example_complex.py
[2022-07-05 04:31:49,684] {processor.py:641} INFO - Processing file /home/airflow/.local/lib/python3.7/site-packages/airflow/example_dags/example_complex.py for tasks to queue
[2022-07-05 04:31:49,685] {logging_mixin.py:115} INFO - [2022-07-05 04:31:49,685] {dagbag.py:507} INFO - Filling up the DagBag from /home/airflow/.local/lib/python3.7/site-packages/airflow/example_dags/example_complex.py
[2022-07-05 04:31:49,750] {processor.py:651} INFO - DAG(s) dict_keys(['example_complex']) retrieved from /home/airflow/.local/lib/python3.7/site-packages/airflow/example_dags/example_complex.py
[2022-07-05 04:31:49,858] {logging_mixin.py:115} INFO - [2022-07-05 04:31:49,858] {dag.py:2379} INFO - Sync 1 DAGs
[2022-07-05 04:31:49,965] {logging_mixin.py:115} INFO - [2022-07-05 04:31:49,965] {dag.py:2931} INFO - Setting next_dagrun for example_complex to None, run_after=None
[2022-07-05 04:31:50,444] {processor.py:161} INFO - Processing /home/airflow/.local/lib/python3.7/site-packages/airflow/example_dags/example_complex.py took 0.779 seconds
[2022-07-05 04:32:20,729] {processor.py:153} INFO - Started process (PID=3879) to work on /home/airflow/.local/lib/python3.7/site-packages/airflow/example_dags/example_complex.py
[2022-07-05 04:32:20,744] {processor.py:641} INFO - Processing file /home/airflow/.local/lib/python3.7/site-packages/airflow/example_dags/example_complex.py for tasks to queue
[2022-07-05 04:32:20,751] {logging_mixin.py:115} INFO - [2022-07-05 04:32:20,751] {dagbag.py:507} INFO - Filling up the DagBag from /home/airflow/.local/lib/python3.7/site-packages/airflow/example_dags/example_complex.py
[2022-07-05 04:32:20,811] {processor.py:651} INFO - DAG(s) dict_keys(['example_complex']) retrieved from /home/airflow/.local/lib/python3.7/site-packages/airflow/example_dags/example_complex.py
[2022-07-05 04:32:20,901] {logging_mixin.py:115} INFO - [2022-07-05 04:32:20,901] {dag.py:2379} INFO - Sync 1 DAGs
[2022-07-05 04:32:21,002] {logging_mixin.py:115} INFO - [2022-07-05 04:32:21,002] {dag.py:2931} INFO - Setting next_dagrun for example_complex to None, run_after=None
[2022-07-05 04:32:21,241] {processor.py:161} INFO - Processing /home/airflow/.local/lib/python3.7/site-packages/airflow/example_dags/example_complex.py took 0.516 seconds
[2022-07-05 04:32:51,500] {processor.py:153} INFO - Started process (PID=3936) to work on /home/airflow/.local/lib/python3.7/site-packages/airflow/example_dags/example_complex.py
[2022-07-05 04:32:51,506] {processor.py:641} INFO - Processing file /home/airflow/.local/lib/python3.7/site-packages/airflow/example_dags/example_complex.py for tasks to queue
[2022-07-05 04:32:51,511] {logging_mixin.py:115} INFO - [2022-07-05 04:32:51,511] {dagbag.py:507} INFO - Filling up the DagBag from /home/airflow/.local/lib/python3.7/site-packages/airflow/example_dags/example_complex.py
[2022-07-05 04:32:51,568] {processor.py:651} INFO - DAG(s) dict_keys(['example_complex']) retrieved from /home/airflow/.local/lib/python3.7/site-packages/airflow/example_dags/example_complex.py
[2022-07-05 04:32:51,691] {logging_mixin.py:115} INFO - [2022-07-05 04:32:51,691] {dag.py:2379} INFO - Sync 1 DAGs
[2022-07-05 04:32:51,817] {logging_mixin.py:115} INFO - [2022-07-05 04:32:51,817] {dag.py:2931} INFO - Setting next_dagrun for example_complex to None, run_after=None
[2022-07-05 04:32:52,399] {processor.py:161} INFO - Processing /home/airflow/.local/lib/python3.7/site-packages/airflow/example_dags/example_complex.py took 0.903 seconds
[2022-07-05 04:33:22,608] {processor.py:153} INFO - Started process (PID=3997) to work on /home/airflow/.local/lib/python3.7/site-packages/airflow/example_dags/example_complex.py
[2022-07-05 04:33:22,609] {processor.py:641} INFO - Processing file /home/airflow/.local/lib/python3.7/site-packages/airflow/example_dags/example_complex.py for tasks to queue
[2022-07-05 04:33:22,610] {logging_mixin.py:115} INFO - [2022-07-05 04:33:22,610] {dagbag.py:507} INFO - Filling up the DagBag from /home/airflow/.local/lib/python3.7/site-packages/airflow/example_dags/example_complex.py
[2022-07-05 04:33:22,626] {processor.py:651} INFO - DAG(s) dict_keys(['example_complex']) retrieved from /home/airflow/.local/lib/python3.7/site-packages/airflow/example_dags/example_complex.py
[2022-07-05 04:33:22,656] {logging_mixin.py:115} INFO - [2022-07-05 04:33:22,656] {dag.py:2379} INFO - Sync 1 DAGs
[2022-07-05 04:33:22,821] {logging_mixin.py:115} INFO - [2022-07-05 04:33:22,821] {dag.py:2931} INFO - Setting next_dagrun for example_complex to None, run_after=None
[2022-07-05 04:33:22,834] {processor.py:161} INFO - Processing /home/airflow/.local/lib/python3.7/site-packages/airflow/example_dags/example_complex.py took 0.229 seconds
[2022-07-05 04:33:53,481] {processor.py:153} INFO - Started process (PID=4050) to work on /home/airflow/.local/lib/python3.7/site-packages/airflow/example_dags/example_complex.py
[2022-07-05 04:33:53,481] {processor.py:641} INFO - Processing file /home/airflow/.local/lib/python3.7/site-packages/airflow/example_dags/example_complex.py for tasks to queue
[2022-07-05 04:33:53,482] {logging_mixin.py:115} INFO - [2022-07-05 04:33:53,482] {dagbag.py:507} INFO - Filling up the DagBag from /home/airflow/.local/lib/python3.7/site-packages/airflow/example_dags/example_complex.py
[2022-07-05 04:33:53,550] {processor.py:651} INFO - DAG(s) dict_keys(['example_complex']) retrieved from /home/airflow/.local/lib/python3.7/site-packages/airflow/example_dags/example_complex.py
[2022-07-05 04:33:53,633] {logging_mixin.py:115} INFO - [2022-07-05 04:33:53,633] {dag.py:2379} INFO - Sync 1 DAGs
[2022-07-05 04:33:54,043] {logging_mixin.py:115} INFO - [2022-07-05 04:33:54,043] {dag.py:2931} INFO - Setting next_dagrun for example_complex to None, run_after=None
[2022-07-05 04:33:54,068] {processor.py:161} INFO - Processing /home/airflow/.local/lib/python3.7/site-packages/airflow/example_dags/example_complex.py took 0.612 seconds
[2022-07-05 04:34:24,461] {processor.py:153} INFO - Started process (PID=4112) to work on /home/airflow/.local/lib/python3.7/site-packages/airflow/example_dags/example_complex.py
[2022-07-05 04:34:24,465] {processor.py:641} INFO - Processing file /home/airflow/.local/lib/python3.7/site-packages/airflow/example_dags/example_complex.py for tasks to queue
[2022-07-05 04:34:24,466] {logging_mixin.py:115} INFO - [2022-07-05 04:34:24,466] {dagbag.py:507} INFO - Filling up the DagBag from /home/airflow/.local/lib/python3.7/site-packages/airflow/example_dags/example_complex.py
[2022-07-05 04:34:24,516] {processor.py:651} INFO - DAG(s) dict_keys(['example_complex']) retrieved from /home/airflow/.local/lib/python3.7/site-packages/airflow/example_dags/example_complex.py
[2022-07-05 04:34:24,609] {logging_mixin.py:115} INFO - [2022-07-05 04:34:24,609] {dag.py:2379} INFO - Sync 1 DAGs
[2022-07-05 04:34:24,944] {logging_mixin.py:115} INFO - [2022-07-05 04:34:24,944] {dag.py:2931} INFO - Setting next_dagrun for example_complex to None, run_after=None
[2022-07-05 04:34:24,982] {processor.py:161} INFO - Processing /home/airflow/.local/lib/python3.7/site-packages/airflow/example_dags/example_complex.py took 0.526 seconds
[2022-07-05 04:34:55,998] {processor.py:153} INFO - Started process (PID=4166) to work on /home/airflow/.local/lib/python3.7/site-packages/airflow/example_dags/example_complex.py
[2022-07-05 04:34:56,003] {processor.py:641} INFO - Processing file /home/airflow/.local/lib/python3.7/site-packages/airflow/example_dags/example_complex.py for tasks to queue
[2022-07-05 04:34:56,004] {logging_mixin.py:115} INFO - [2022-07-05 04:34:56,004] {dagbag.py:507} INFO - Filling up the DagBag from /home/airflow/.local/lib/python3.7/site-packages/airflow/example_dags/example_complex.py
[2022-07-05 04:34:56,034] {processor.py:651} INFO - DAG(s) dict_keys(['example_complex']) retrieved from /home/airflow/.local/lib/python3.7/site-packages/airflow/example_dags/example_complex.py
[2022-07-05 04:34:56,086] {logging_mixin.py:115} INFO - [2022-07-05 04:34:56,085] {dag.py:2379} INFO - Sync 1 DAGs
[2022-07-05 04:34:56,384] {logging_mixin.py:115} INFO - [2022-07-05 04:34:56,383] {dag.py:2931} INFO - Setting next_dagrun for example_complex to None, run_after=None
[2022-07-05 04:34:56,425] {processor.py:161} INFO - Processing /home/airflow/.local/lib/python3.7/site-packages/airflow/example_dags/example_complex.py took 0.431 seconds
[2022-07-05 04:35:27,422] {processor.py:153} INFO - Started process (PID=4226) to work on /home/airflow/.local/lib/python3.7/site-packages/airflow/example_dags/example_complex.py
[2022-07-05 04:35:27,444] {processor.py:641} INFO - Processing file /home/airflow/.local/lib/python3.7/site-packages/airflow/example_dags/example_complex.py for tasks to queue
[2022-07-05 04:35:27,445] {logging_mixin.py:115} INFO - [2022-07-05 04:35:27,445] {dagbag.py:507} INFO - Filling up the DagBag from /home/airflow/.local/lib/python3.7/site-packages/airflow/example_dags/example_complex.py
[2022-07-05 04:35:27,490] {processor.py:651} INFO - DAG(s) dict_keys(['example_complex']) retrieved from /home/airflow/.local/lib/python3.7/site-packages/airflow/example_dags/example_complex.py
[2022-07-05 04:35:27,587] {logging_mixin.py:115} INFO - [2022-07-05 04:35:27,587] {dag.py:2379} INFO - Sync 1 DAGs
[2022-07-05 04:35:27,937] {logging_mixin.py:115} INFO - [2022-07-05 04:35:27,937] {dag.py:2931} INFO - Setting next_dagrun for example_complex to None, run_after=None
[2022-07-05 04:35:27,969] {processor.py:161} INFO - Processing /home/airflow/.local/lib/python3.7/site-packages/airflow/example_dags/example_complex.py took 0.550 seconds
[2022-07-05 04:35:58,003] {processor.py:153} INFO - Started process (PID=4278) to work on /home/airflow/.local/lib/python3.7/site-packages/airflow/example_dags/example_complex.py
[2022-07-05 04:35:58,005] {processor.py:641} INFO - Processing file /home/airflow/.local/lib/python3.7/site-packages/airflow/example_dags/example_complex.py for tasks to queue
[2022-07-05 04:35:58,005] {logging_mixin.py:115} INFO - [2022-07-05 04:35:58,005] {dagbag.py:507} INFO - Filling up the DagBag from /home/airflow/.local/lib/python3.7/site-packages/airflow/example_dags/example_complex.py
[2022-07-05 04:35:58,031] {processor.py:651} INFO - DAG(s) dict_keys(['example_complex']) retrieved from /home/airflow/.local/lib/python3.7/site-packages/airflow/example_dags/example_complex.py
[2022-07-05 04:35:58,062] {logging_mixin.py:115} INFO - [2022-07-05 04:35:58,062] {dag.py:2379} INFO - Sync 1 DAGs
[2022-07-05 04:35:58,226] {logging_mixin.py:115} INFO - [2022-07-05 04:35:58,226] {dag.py:2931} INFO - Setting next_dagrun for example_complex to None, run_after=None
[2022-07-05 04:35:58,240] {processor.py:161} INFO - Processing /home/airflow/.local/lib/python3.7/site-packages/airflow/example_dags/example_complex.py took 0.242 seconds
[2022-07-05 04:36:28,547] {processor.py:153} INFO - Started process (PID=4333) to work on /home/airflow/.local/lib/python3.7/site-packages/airflow/example_dags/example_complex.py
[2022-07-05 04:36:28,581] {processor.py:641} INFO - Processing file /home/airflow/.local/lib/python3.7/site-packages/airflow/example_dags/example_complex.py for tasks to queue
[2022-07-05 04:36:28,585] {logging_mixin.py:115} INFO - [2022-07-05 04:36:28,585] {dagbag.py:507} INFO - Filling up the DagBag from /home/airflow/.local/lib/python3.7/site-packages/airflow/example_dags/example_complex.py
[2022-07-05 04:36:28,701] {processor.py:651} INFO - DAG(s) dict_keys(['example_complex']) retrieved from /home/airflow/.local/lib/python3.7/site-packages/airflow/example_dags/example_complex.py
[2022-07-05 04:36:28,945] {logging_mixin.py:115} INFO - [2022-07-05 04:36:28,945] {dag.py:2379} INFO - Sync 1 DAGs
[2022-07-05 04:36:30,173] {logging_mixin.py:115} INFO - [2022-07-05 04:36:30,173] {dag.py:2931} INFO - Setting next_dagrun for example_complex to None, run_after=None
[2022-07-05 04:36:30,245] {processor.py:161} INFO - Processing /home/airflow/.local/lib/python3.7/site-packages/airflow/example_dags/example_complex.py took 1.726 seconds
[2022-07-05 04:37:00,544] {processor.py:153} INFO - Started process (PID=4389) to work on /home/airflow/.local/lib/python3.7/site-packages/airflow/example_dags/example_complex.py
[2022-07-05 04:37:00,545] {processor.py:641} INFO - Processing file /home/airflow/.local/lib/python3.7/site-packages/airflow/example_dags/example_complex.py for tasks to queue
[2022-07-05 04:37:00,545] {logging_mixin.py:115} INFO - [2022-07-05 04:37:00,545] {dagbag.py:507} INFO - Filling up the DagBag from /home/airflow/.local/lib/python3.7/site-packages/airflow/example_dags/example_complex.py
[2022-07-05 04:37:00,566] {processor.py:651} INFO - DAG(s) dict_keys(['example_complex']) retrieved from /home/airflow/.local/lib/python3.7/site-packages/airflow/example_dags/example_complex.py
[2022-07-05 04:37:00,612] {logging_mixin.py:115} INFO - [2022-07-05 04:37:00,612] {dag.py:2379} INFO - Sync 1 DAGs
[2022-07-05 04:37:00,864] {logging_mixin.py:115} INFO - [2022-07-05 04:37:00,864] {dag.py:2931} INFO - Setting next_dagrun for example_complex to None, run_after=None
[2022-07-05 04:37:00,884] {processor.py:161} INFO - Processing /home/airflow/.local/lib/python3.7/site-packages/airflow/example_dags/example_complex.py took 0.344 seconds
[2022-07-05 04:37:31,478] {processor.py:153} INFO - Started process (PID=4441) to work on /home/airflow/.local/lib/python3.7/site-packages/airflow/example_dags/example_complex.py
[2022-07-05 04:37:31,479] {processor.py:641} INFO - Processing file /home/airflow/.local/lib/python3.7/site-packages/airflow/example_dags/example_complex.py for tasks to queue
[2022-07-05 04:37:31,479] {logging_mixin.py:115} INFO - [2022-07-05 04:37:31,479] {dagbag.py:507} INFO - Filling up the DagBag from /home/airflow/.local/lib/python3.7/site-packages/airflow/example_dags/example_complex.py
[2022-07-05 04:37:31,505] {processor.py:651} INFO - DAG(s) dict_keys(['example_complex']) retrieved from /home/airflow/.local/lib/python3.7/site-packages/airflow/example_dags/example_complex.py
[2022-07-05 04:37:31,574] {logging_mixin.py:115} INFO - [2022-07-05 04:37:31,574] {dag.py:2379} INFO - Sync 1 DAGs
[2022-07-05 04:37:31,845] {logging_mixin.py:115} INFO - [2022-07-05 04:37:31,845] {dag.py:2931} INFO - Setting next_dagrun for example_complex to None, run_after=None
[2022-07-05 04:37:31,861] {processor.py:161} INFO - Processing /home/airflow/.local/lib/python3.7/site-packages/airflow/example_dags/example_complex.py took 0.388 seconds
[2022-07-05 04:38:02,196] {processor.py:153} INFO - Started process (PID=4495) to work on /home/airflow/.local/lib/python3.7/site-packages/airflow/example_dags/example_complex.py
[2022-07-05 04:38:02,210] {processor.py:641} INFO - Processing file /home/airflow/.local/lib/python3.7/site-packages/airflow/example_dags/example_complex.py for tasks to queue
[2022-07-05 04:38:02,210] {logging_mixin.py:115} INFO - [2022-07-05 04:38:02,210] {dagbag.py:507} INFO - Filling up the DagBag from /home/airflow/.local/lib/python3.7/site-packages/airflow/example_dags/example_complex.py
[2022-07-05 04:38:02,367] {processor.py:651} INFO - DAG(s) dict_keys(['example_complex']) retrieved from /home/airflow/.local/lib/python3.7/site-packages/airflow/example_dags/example_complex.py
[2022-07-05 04:38:02,649] {logging_mixin.py:115} INFO - [2022-07-05 04:38:02,649] {dag.py:2379} INFO - Sync 1 DAGs
[2022-07-05 04:38:04,330] {logging_mixin.py:115} INFO - [2022-07-05 04:38:04,330] {dag.py:2931} INFO - Setting next_dagrun for example_complex to None, run_after=None
[2022-07-05 04:38:04,417] {processor.py:161} INFO - Processing /home/airflow/.local/lib/python3.7/site-packages/airflow/example_dags/example_complex.py took 2.264 seconds
[2022-07-05 04:38:34,560] {processor.py:153} INFO - Started process (PID=4548) to work on /home/airflow/.local/lib/python3.7/site-packages/airflow/example_dags/example_complex.py
[2022-07-05 04:38:34,563] {processor.py:641} INFO - Processing file /home/airflow/.local/lib/python3.7/site-packages/airflow/example_dags/example_complex.py for tasks to queue
[2022-07-05 04:38:34,568] {logging_mixin.py:115} INFO - [2022-07-05 04:38:34,568] {dagbag.py:507} INFO - Filling up the DagBag from /home/airflow/.local/lib/python3.7/site-packages/airflow/example_dags/example_complex.py
[2022-07-05 04:38:34,704] {processor.py:651} INFO - DAG(s) dict_keys(['example_complex']) retrieved from /home/airflow/.local/lib/python3.7/site-packages/airflow/example_dags/example_complex.py
[2022-07-05 04:38:34,909] {logging_mixin.py:115} INFO - [2022-07-05 04:38:34,909] {dag.py:2379} INFO - Sync 1 DAGs
[2022-07-05 04:38:35,433] {logging_mixin.py:115} INFO - [2022-07-05 04:38:35,433] {dag.py:2931} INFO - Setting next_dagrun for example_complex to None, run_after=None
[2022-07-05 04:38:35,469] {processor.py:161} INFO - Processing /home/airflow/.local/lib/python3.7/site-packages/airflow/example_dags/example_complex.py took 0.934 seconds
[2022-07-05 04:39:05,727] {processor.py:153} INFO - Started process (PID=4611) to work on /home/airflow/.local/lib/python3.7/site-packages/airflow/example_dags/example_complex.py
[2022-07-05 04:39:05,746] {processor.py:641} INFO - Processing file /home/airflow/.local/lib/python3.7/site-packages/airflow/example_dags/example_complex.py for tasks to queue
[2022-07-05 04:39:05,747] {logging_mixin.py:115} INFO - [2022-07-05 04:39:05,747] {dagbag.py:507} INFO - Filling up the DagBag from /home/airflow/.local/lib/python3.7/site-packages/airflow/example_dags/example_complex.py
[2022-07-05 04:39:05,818] {processor.py:651} INFO - DAG(s) dict_keys(['example_complex']) retrieved from /home/airflow/.local/lib/python3.7/site-packages/airflow/example_dags/example_complex.py
[2022-07-05 04:39:05,884] {logging_mixin.py:115} INFO - [2022-07-05 04:39:05,884] {dag.py:2379} INFO - Sync 1 DAGs
[2022-07-05 04:39:06,217] {logging_mixin.py:115} INFO - [2022-07-05 04:39:06,217] {dag.py:2931} INFO - Setting next_dagrun for example_complex to None, run_after=None
[2022-07-05 04:39:06,251] {processor.py:161} INFO - Processing /home/airflow/.local/lib/python3.7/site-packages/airflow/example_dags/example_complex.py took 0.554 seconds
