[2022-07-31 04:36:02,033] {processor.py:153} INFO - Started process (PID=119) to work on /opt/airflow/dags/assignment_solution/dags_communication/final_dag.py
[2022-07-31 04:36:02,050] {processor.py:641} INFO - Processing file /opt/airflow/dags/assignment_solution/dags_communication/final_dag.py for tasks to queue
[2022-07-31 04:36:02,051] {logging_mixin.py:115} INFO - [2022-07-31 04:36:02,050] {dagbag.py:507} INFO - Filling up the DagBag from /opt/airflow/dags/assignment_solution/dags_communication/final_dag.py
[2022-07-31 04:36:02,105] {processor.py:651} INFO - DAG(s) dict_keys(['final_dag']) retrieved from /opt/airflow/dags/assignment_solution/dags_communication/final_dag.py
[2022-07-31 04:36:02,433] {logging_mixin.py:115} INFO - [2022-07-31 04:36:02,432] {dag.py:2379} INFO - Sync 1 DAGs
[2022-07-31 04:36:02,870] {logging_mixin.py:115} INFO - [2022-07-31 04:36:02,870] {dag.py:2931} INFO - Setting next_dagrun for final_dag to None, run_after=None
[2022-07-31 04:36:02,910] {processor.py:161} INFO - Processing /opt/airflow/dags/assignment_solution/dags_communication/final_dag.py took 0.882 seconds
[2022-07-31 04:36:33,295] {processor.py:153} INFO - Started process (PID=194) to work on /opt/airflow/dags/assignment_solution/dags_communication/final_dag.py
[2022-07-31 04:36:33,295] {processor.py:641} INFO - Processing file /opt/airflow/dags/assignment_solution/dags_communication/final_dag.py for tasks to queue
[2022-07-31 04:36:33,296] {logging_mixin.py:115} INFO - [2022-07-31 04:36:33,296] {dagbag.py:507} INFO - Filling up the DagBag from /opt/airflow/dags/assignment_solution/dags_communication/final_dag.py
[2022-07-31 04:36:33,318] {processor.py:651} INFO - DAG(s) dict_keys(['final_dag']) retrieved from /opt/airflow/dags/assignment_solution/dags_communication/final_dag.py
[2022-07-31 04:36:33,353] {logging_mixin.py:115} INFO - [2022-07-31 04:36:33,353] {dag.py:2379} INFO - Sync 1 DAGs
[2022-07-31 04:36:33,387] {logging_mixin.py:115} INFO - [2022-07-31 04:36:33,387] {dag.py:2931} INFO - Setting next_dagrun for final_dag to None, run_after=None
[2022-07-31 04:36:33,403] {processor.py:161} INFO - Processing /opt/airflow/dags/assignment_solution/dags_communication/final_dag.py took 0.113 seconds
[2022-07-31 04:37:03,847] {processor.py:153} INFO - Started process (PID=269) to work on /opt/airflow/dags/assignment_solution/dags_communication/final_dag.py
[2022-07-31 04:37:03,850] {processor.py:641} INFO - Processing file /opt/airflow/dags/assignment_solution/dags_communication/final_dag.py for tasks to queue
[2022-07-31 04:37:03,852] {logging_mixin.py:115} INFO - [2022-07-31 04:37:03,852] {dagbag.py:507} INFO - Filling up the DagBag from /opt/airflow/dags/assignment_solution/dags_communication/final_dag.py
[2022-07-31 04:37:03,885] {processor.py:651} INFO - DAG(s) dict_keys(['final_dag']) retrieved from /opt/airflow/dags/assignment_solution/dags_communication/final_dag.py
[2022-07-31 04:37:03,952] {logging_mixin.py:115} INFO - [2022-07-31 04:37:03,952] {dag.py:2379} INFO - Sync 1 DAGs
[2022-07-31 04:37:04,025] {logging_mixin.py:115} INFO - [2022-07-31 04:37:04,025] {dag.py:2931} INFO - Setting next_dagrun for final_dag to None, run_after=None
[2022-07-31 04:37:04,093] {processor.py:161} INFO - Processing /opt/airflow/dags/assignment_solution/dags_communication/final_dag.py took 0.251 seconds
[2022-07-31 04:37:34,847] {processor.py:153} INFO - Started process (PID=347) to work on /opt/airflow/dags/assignment_solution/dags_communication/final_dag.py
[2022-07-31 04:37:34,858] {processor.py:641} INFO - Processing file /opt/airflow/dags/assignment_solution/dags_communication/final_dag.py for tasks to queue
[2022-07-31 04:37:34,862] {logging_mixin.py:115} INFO - [2022-07-31 04:37:34,862] {dagbag.py:507} INFO - Filling up the DagBag from /opt/airflow/dags/assignment_solution/dags_communication/final_dag.py
[2022-07-31 04:37:34,922] {processor.py:651} INFO - DAG(s) dict_keys(['final_dag']) retrieved from /opt/airflow/dags/assignment_solution/dags_communication/final_dag.py
[2022-07-31 04:37:35,019] {logging_mixin.py:115} INFO - [2022-07-31 04:37:35,018] {dag.py:2379} INFO - Sync 1 DAGs
[2022-07-31 04:37:35,087] {logging_mixin.py:115} INFO - [2022-07-31 04:37:35,087] {dag.py:2931} INFO - Setting next_dagrun for final_dag to None, run_after=None
[2022-07-31 04:37:35,130] {processor.py:161} INFO - Processing /opt/airflow/dags/assignment_solution/dags_communication/final_dag.py took 0.287 seconds
[2022-07-31 04:38:05,458] {processor.py:153} INFO - Started process (PID=422) to work on /opt/airflow/dags/assignment_solution/dags_communication/final_dag.py
[2022-07-31 04:38:05,460] {processor.py:641} INFO - Processing file /opt/airflow/dags/assignment_solution/dags_communication/final_dag.py for tasks to queue
[2022-07-31 04:38:05,461] {logging_mixin.py:115} INFO - [2022-07-31 04:38:05,461] {dagbag.py:507} INFO - Filling up the DagBag from /opt/airflow/dags/assignment_solution/dags_communication/final_dag.py
[2022-07-31 04:38:05,496] {processor.py:651} INFO - DAG(s) dict_keys(['final_dag']) retrieved from /opt/airflow/dags/assignment_solution/dags_communication/final_dag.py
[2022-07-31 04:38:05,554] {logging_mixin.py:115} INFO - [2022-07-31 04:38:05,554] {dag.py:2379} INFO - Sync 1 DAGs
[2022-07-31 04:38:05,600] {logging_mixin.py:115} INFO - [2022-07-31 04:38:05,600] {dag.py:2931} INFO - Setting next_dagrun for final_dag to None, run_after=None
[2022-07-31 04:38:05,621] {processor.py:161} INFO - Processing /opt/airflow/dags/assignment_solution/dags_communication/final_dag.py took 0.168 seconds
[2022-07-31 04:38:35,900] {processor.py:153} INFO - Started process (PID=493) to work on /opt/airflow/dags/assignment_solution/dags_communication/final_dag.py
[2022-07-31 04:38:35,901] {processor.py:641} INFO - Processing file /opt/airflow/dags/assignment_solution/dags_communication/final_dag.py for tasks to queue
[2022-07-31 04:38:35,901] {logging_mixin.py:115} INFO - [2022-07-31 04:38:35,901] {dagbag.py:507} INFO - Filling up the DagBag from /opt/airflow/dags/assignment_solution/dags_communication/final_dag.py
[2022-07-31 04:38:35,982] {processor.py:651} INFO - DAG(s) dict_keys(['final_dag']) retrieved from /opt/airflow/dags/assignment_solution/dags_communication/final_dag.py
[2022-07-31 04:38:36,042] {logging_mixin.py:115} INFO - [2022-07-31 04:38:36,042] {dag.py:2379} INFO - Sync 1 DAGs
[2022-07-31 04:38:36,086] {logging_mixin.py:115} INFO - [2022-07-31 04:38:36,086] {dag.py:2931} INFO - Setting next_dagrun for final_dag to None, run_after=None
[2022-07-31 04:38:36,118] {processor.py:161} INFO - Processing /opt/airflow/dags/assignment_solution/dags_communication/final_dag.py took 0.237 seconds
[2022-07-31 04:39:06,815] {processor.py:153} INFO - Started process (PID=575) to work on /opt/airflow/dags/assignment_solution/dags_communication/final_dag.py
[2022-07-31 04:39:06,818] {processor.py:641} INFO - Processing file /opt/airflow/dags/assignment_solution/dags_communication/final_dag.py for tasks to queue
[2022-07-31 04:39:06,818] {logging_mixin.py:115} INFO - [2022-07-31 04:39:06,818] {dagbag.py:507} INFO - Filling up the DagBag from /opt/airflow/dags/assignment_solution/dags_communication/final_dag.py
[2022-07-31 04:39:06,841] {processor.py:651} INFO - DAG(s) dict_keys(['final_dag']) retrieved from /opt/airflow/dags/assignment_solution/dags_communication/final_dag.py
[2022-07-31 04:39:06,876] {logging_mixin.py:115} INFO - [2022-07-31 04:39:06,876] {dag.py:2379} INFO - Sync 1 DAGs
[2022-07-31 04:39:06,912] {logging_mixin.py:115} INFO - [2022-07-31 04:39:06,912] {dag.py:2931} INFO - Setting next_dagrun for final_dag to None, run_after=None
[2022-07-31 04:39:06,938] {processor.py:161} INFO - Processing /opt/airflow/dags/assignment_solution/dags_communication/final_dag.py took 0.127 seconds
[2022-07-31 04:39:37,477] {processor.py:153} INFO - Started process (PID=646) to work on /opt/airflow/dags/assignment_solution/dags_communication/final_dag.py
[2022-07-31 04:39:37,486] {processor.py:641} INFO - Processing file /opt/airflow/dags/assignment_solution/dags_communication/final_dag.py for tasks to queue
[2022-07-31 04:39:37,486] {logging_mixin.py:115} INFO - [2022-07-31 04:39:37,486] {dagbag.py:507} INFO - Filling up the DagBag from /opt/airflow/dags/assignment_solution/dags_communication/final_dag.py
[2022-07-31 04:39:37,525] {processor.py:651} INFO - DAG(s) dict_keys(['final_dag']) retrieved from /opt/airflow/dags/assignment_solution/dags_communication/final_dag.py
[2022-07-31 04:39:37,590] {logging_mixin.py:115} INFO - [2022-07-31 04:39:37,590] {dag.py:2379} INFO - Sync 1 DAGs
[2022-07-31 04:39:37,652] {logging_mixin.py:115} INFO - [2022-07-31 04:39:37,652] {dag.py:2931} INFO - Setting next_dagrun for final_dag to None, run_after=None
[2022-07-31 04:39:37,676] {processor.py:161} INFO - Processing /opt/airflow/dags/assignment_solution/dags_communication/final_dag.py took 0.203 seconds
[2022-07-31 04:40:07,868] {processor.py:153} INFO - Started process (PID=727) to work on /opt/airflow/dags/assignment_solution/dags_communication/final_dag.py
[2022-07-31 04:40:07,873] {processor.py:641} INFO - Processing file /opt/airflow/dags/assignment_solution/dags_communication/final_dag.py for tasks to queue
[2022-07-31 04:40:07,874] {logging_mixin.py:115} INFO - [2022-07-31 04:40:07,874] {dagbag.py:507} INFO - Filling up the DagBag from /opt/airflow/dags/assignment_solution/dags_communication/final_dag.py
[2022-07-31 04:40:07,942] {processor.py:651} INFO - DAG(s) dict_keys(['final_dag']) retrieved from /opt/airflow/dags/assignment_solution/dags_communication/final_dag.py
[2022-07-31 04:40:08,018] {logging_mixin.py:115} INFO - [2022-07-31 04:40:08,018] {dag.py:2379} INFO - Sync 1 DAGs
[2022-07-31 04:40:08,082] {logging_mixin.py:115} INFO - [2022-07-31 04:40:08,082] {dag.py:2931} INFO - Setting next_dagrun for final_dag to None, run_after=None
[2022-07-31 04:40:08,105] {processor.py:161} INFO - Processing /opt/airflow/dags/assignment_solution/dags_communication/final_dag.py took 0.256 seconds
[2022-07-31 04:40:38,381] {processor.py:153} INFO - Started process (PID=799) to work on /opt/airflow/dags/assignment_solution/dags_communication/final_dag.py
[2022-07-31 04:40:38,383] {processor.py:641} INFO - Processing file /opt/airflow/dags/assignment_solution/dags_communication/final_dag.py for tasks to queue
[2022-07-31 04:40:38,384] {logging_mixin.py:115} INFO - [2022-07-31 04:40:38,384] {dagbag.py:507} INFO - Filling up the DagBag from /opt/airflow/dags/assignment_solution/dags_communication/final_dag.py
[2022-07-31 04:40:38,410] {processor.py:651} INFO - DAG(s) dict_keys(['final_dag']) retrieved from /opt/airflow/dags/assignment_solution/dags_communication/final_dag.py
[2022-07-31 04:40:38,439] {logging_mixin.py:115} INFO - [2022-07-31 04:40:38,439] {dag.py:2379} INFO - Sync 1 DAGs
[2022-07-31 04:40:38,470] {logging_mixin.py:115} INFO - [2022-07-31 04:40:38,470] {dag.py:2931} INFO - Setting next_dagrun for final_dag to None, run_after=None
[2022-07-31 04:40:38,485] {processor.py:161} INFO - Processing /opt/airflow/dags/assignment_solution/dags_communication/final_dag.py took 0.108 seconds
[2022-07-31 04:41:09,293] {processor.py:153} INFO - Started process (PID=873) to work on /opt/airflow/dags/assignment_solution/dags_communication/final_dag.py
[2022-07-31 04:41:09,310] {processor.py:641} INFO - Processing file /opt/airflow/dags/assignment_solution/dags_communication/final_dag.py for tasks to queue
[2022-07-31 04:41:09,311] {logging_mixin.py:115} INFO - [2022-07-31 04:41:09,311] {dagbag.py:507} INFO - Filling up the DagBag from /opt/airflow/dags/assignment_solution/dags_communication/final_dag.py
[2022-07-31 04:41:09,377] {processor.py:651} INFO - DAG(s) dict_keys(['final_dag']) retrieved from /opt/airflow/dags/assignment_solution/dags_communication/final_dag.py
[2022-07-31 04:41:09,444] {logging_mixin.py:115} INFO - [2022-07-31 04:41:09,444] {dag.py:2379} INFO - Sync 1 DAGs
[2022-07-31 04:41:09,483] {logging_mixin.py:115} INFO - [2022-07-31 04:41:09,483] {dag.py:2931} INFO - Setting next_dagrun for final_dag to None, run_after=None
[2022-07-31 04:41:09,500] {processor.py:161} INFO - Processing /opt/airflow/dags/assignment_solution/dags_communication/final_dag.py took 0.211 seconds
[2022-07-31 04:41:39,545] {processor.py:153} INFO - Started process (PID=958) to work on /opt/airflow/dags/assignment_solution/dags_communication/final_dag.py
[2022-07-31 04:41:39,546] {processor.py:641} INFO - Processing file /opt/airflow/dags/assignment_solution/dags_communication/final_dag.py for tasks to queue
[2022-07-31 04:41:39,547] {logging_mixin.py:115} INFO - [2022-07-31 04:41:39,547] {dagbag.py:507} INFO - Filling up the DagBag from /opt/airflow/dags/assignment_solution/dags_communication/final_dag.py
[2022-07-31 04:41:39,571] {processor.py:651} INFO - DAG(s) dict_keys(['final_dag']) retrieved from /opt/airflow/dags/assignment_solution/dags_communication/final_dag.py
[2022-07-31 04:41:39,605] {logging_mixin.py:115} INFO - [2022-07-31 04:41:39,605] {dag.py:2379} INFO - Sync 1 DAGs
[2022-07-31 04:41:39,636] {logging_mixin.py:115} INFO - [2022-07-31 04:41:39,636] {dag.py:2931} INFO - Setting next_dagrun for final_dag to None, run_after=None
[2022-07-31 04:41:39,653] {processor.py:161} INFO - Processing /opt/airflow/dags/assignment_solution/dags_communication/final_dag.py took 0.118 seconds
[2022-07-31 04:42:10,041] {processor.py:153} INFO - Started process (PID=1030) to work on /opt/airflow/dags/assignment_solution/dags_communication/final_dag.py
[2022-07-31 04:42:10,051] {processor.py:641} INFO - Processing file /opt/airflow/dags/assignment_solution/dags_communication/final_dag.py for tasks to queue
[2022-07-31 04:42:10,053] {logging_mixin.py:115} INFO - [2022-07-31 04:42:10,052] {dagbag.py:507} INFO - Filling up the DagBag from /opt/airflow/dags/assignment_solution/dags_communication/final_dag.py
[2022-07-31 04:42:10,092] {processor.py:651} INFO - DAG(s) dict_keys(['final_dag']) retrieved from /opt/airflow/dags/assignment_solution/dags_communication/final_dag.py
[2022-07-31 04:42:10,136] {logging_mixin.py:115} INFO - [2022-07-31 04:42:10,136] {dag.py:2379} INFO - Sync 1 DAGs
[2022-07-31 04:42:10,173] {logging_mixin.py:115} INFO - [2022-07-31 04:42:10,173] {dag.py:2931} INFO - Setting next_dagrun for final_dag to None, run_after=None
[2022-07-31 04:42:10,198] {processor.py:161} INFO - Processing /opt/airflow/dags/assignment_solution/dags_communication/final_dag.py took 0.169 seconds
[2022-07-31 04:42:41,070] {processor.py:153} INFO - Started process (PID=1112) to work on /opt/airflow/dags/assignment_solution/dags_communication/final_dag.py
[2022-07-31 04:42:41,070] {processor.py:641} INFO - Processing file /opt/airflow/dags/assignment_solution/dags_communication/final_dag.py for tasks to queue
[2022-07-31 04:42:41,071] {logging_mixin.py:115} INFO - [2022-07-31 04:42:41,071] {dagbag.py:507} INFO - Filling up the DagBag from /opt/airflow/dags/assignment_solution/dags_communication/final_dag.py
[2022-07-31 04:42:41,095] {processor.py:651} INFO - DAG(s) dict_keys(['final_dag']) retrieved from /opt/airflow/dags/assignment_solution/dags_communication/final_dag.py
[2022-07-31 04:42:41,127] {logging_mixin.py:115} INFO - [2022-07-31 04:42:41,127] {dag.py:2379} INFO - Sync 1 DAGs
[2022-07-31 04:42:41,160] {logging_mixin.py:115} INFO - [2022-07-31 04:42:41,160] {dag.py:2931} INFO - Setting next_dagrun for final_dag to None, run_after=None
[2022-07-31 04:42:41,176] {processor.py:161} INFO - Processing /opt/airflow/dags/assignment_solution/dags_communication/final_dag.py took 0.110 seconds
