[2022-07-31 04:36:02,813] {processor.py:153} INFO - Started process (PID=120) to work on /opt/airflow/dags/assignment_solution/dags_communication/intermediate_dag.py
[2022-07-31 04:36:02,813] {processor.py:641} INFO - Processing file /opt/airflow/dags/assignment_solution/dags_communication/intermediate_dag.py for tasks to queue
[2022-07-31 04:36:02,814] {logging_mixin.py:115} INFO - [2022-07-31 04:36:02,814] {dagbag.py:507} INFO - Filling up the DagBag from /opt/airflow/dags/assignment_solution/dags_communication/intermediate_dag.py
[2022-07-31 04:36:02,840] {processor.py:651} INFO - DAG(s) dict_keys(['intermediate_dag']) retrieved from /opt/airflow/dags/assignment_solution/dags_communication/intermediate_dag.py
[2022-07-31 04:36:03,023] {logging_mixin.py:115} INFO - [2022-07-31 04:36:03,023] {dag.py:2379} INFO - Sync 1 DAGs
[2022-07-31 04:36:03,322] {logging_mixin.py:115} INFO - [2022-07-31 04:36:03,321] {dag.py:2931} INFO - Setting next_dagrun for intermediate_dag to 2022-07-30T00:00:00+00:00, run_after=2022-07-31T00:00:00+00:00
[2022-07-31 04:36:03,353] {processor.py:161} INFO - Processing /opt/airflow/dags/assignment_solution/dags_communication/intermediate_dag.py took 0.545 seconds
[2022-07-31 04:36:33,428] {processor.py:153} INFO - Started process (PID=195) to work on /opt/airflow/dags/assignment_solution/dags_communication/intermediate_dag.py
[2022-07-31 04:36:33,428] {processor.py:641} INFO - Processing file /opt/airflow/dags/assignment_solution/dags_communication/intermediate_dag.py for tasks to queue
[2022-07-31 04:36:33,429] {logging_mixin.py:115} INFO - [2022-07-31 04:36:33,429] {dagbag.py:507} INFO - Filling up the DagBag from /opt/airflow/dags/assignment_solution/dags_communication/intermediate_dag.py
[2022-07-31 04:36:33,450] {processor.py:651} INFO - DAG(s) dict_keys(['intermediate_dag']) retrieved from /opt/airflow/dags/assignment_solution/dags_communication/intermediate_dag.py
[2022-07-31 04:36:33,486] {logging_mixin.py:115} INFO - [2022-07-31 04:36:33,486] {dag.py:2379} INFO - Sync 1 DAGs
[2022-07-31 04:36:33,509] {logging_mixin.py:115} INFO - [2022-07-31 04:36:33,509] {dag.py:2931} INFO - Setting next_dagrun for intermediate_dag to 2022-07-30T00:00:00+00:00, run_after=2022-07-31T00:00:00+00:00
[2022-07-31 04:36:33,521] {processor.py:161} INFO - Processing /opt/airflow/dags/assignment_solution/dags_communication/intermediate_dag.py took 0.097 seconds
[2022-07-31 04:37:04,121] {processor.py:153} INFO - Started process (PID=270) to work on /opt/airflow/dags/assignment_solution/dags_communication/intermediate_dag.py
[2022-07-31 04:37:04,125] {processor.py:641} INFO - Processing file /opt/airflow/dags/assignment_solution/dags_communication/intermediate_dag.py for tasks to queue
[2022-07-31 04:37:04,127] {logging_mixin.py:115} INFO - [2022-07-31 04:37:04,126] {dagbag.py:507} INFO - Filling up the DagBag from /opt/airflow/dags/assignment_solution/dags_communication/intermediate_dag.py
[2022-07-31 04:37:04,158] {processor.py:651} INFO - DAG(s) dict_keys(['intermediate_dag']) retrieved from /opt/airflow/dags/assignment_solution/dags_communication/intermediate_dag.py
[2022-07-31 04:37:04,212] {logging_mixin.py:115} INFO - [2022-07-31 04:37:04,212] {dag.py:2379} INFO - Sync 1 DAGs
[2022-07-31 04:37:04,252] {logging_mixin.py:115} INFO - [2022-07-31 04:37:04,252] {dag.py:2931} INFO - Setting next_dagrun for intermediate_dag to 2022-07-30T00:00:00+00:00, run_after=2022-07-31T00:00:00+00:00
[2022-07-31 04:37:04,299] {processor.py:161} INFO - Processing /opt/airflow/dags/assignment_solution/dags_communication/intermediate_dag.py took 0.182 seconds
[2022-07-31 04:37:35,205] {processor.py:153} INFO - Started process (PID=349) to work on /opt/airflow/dags/assignment_solution/dags_communication/intermediate_dag.py
[2022-07-31 04:37:35,206] {processor.py:641} INFO - Processing file /opt/airflow/dags/assignment_solution/dags_communication/intermediate_dag.py for tasks to queue
[2022-07-31 04:37:35,207] {logging_mixin.py:115} INFO - [2022-07-31 04:37:35,207] {dagbag.py:507} INFO - Filling up the DagBag from /opt/airflow/dags/assignment_solution/dags_communication/intermediate_dag.py
[2022-07-31 04:37:35,322] {processor.py:651} INFO - DAG(s) dict_keys(['intermediate_dag']) retrieved from /opt/airflow/dags/assignment_solution/dags_communication/intermediate_dag.py
[2022-07-31 04:37:35,542] {logging_mixin.py:115} INFO - [2022-07-31 04:37:35,542] {dag.py:2379} INFO - Sync 1 DAGs
[2022-07-31 04:37:35,725] {logging_mixin.py:115} INFO - [2022-07-31 04:37:35,725] {dag.py:2931} INFO - Setting next_dagrun for intermediate_dag to 2022-07-30T00:00:00+00:00, run_after=2022-07-31T00:00:00+00:00
[2022-07-31 04:37:35,814] {processor.py:161} INFO - Processing /opt/airflow/dags/assignment_solution/dags_communication/intermediate_dag.py took 0.630 seconds
[2022-07-31 04:38:07,547] {processor.py:153} INFO - Started process (PID=427) to work on /opt/airflow/dags/assignment_solution/dags_communication/intermediate_dag.py
[2022-07-31 04:38:07,548] {processor.py:641} INFO - Processing file /opt/airflow/dags/assignment_solution/dags_communication/intermediate_dag.py for tasks to queue
[2022-07-31 04:38:07,549] {logging_mixin.py:115} INFO - [2022-07-31 04:38:07,549] {dagbag.py:507} INFO - Filling up the DagBag from /opt/airflow/dags/assignment_solution/dags_communication/intermediate_dag.py
[2022-07-31 04:38:07,597] {processor.py:651} INFO - DAG(s) dict_keys(['intermediate_dag']) retrieved from /opt/airflow/dags/assignment_solution/dags_communication/intermediate_dag.py
[2022-07-31 04:38:07,750] {logging_mixin.py:115} INFO - [2022-07-31 04:38:07,750] {dag.py:2379} INFO - Sync 1 DAGs
[2022-07-31 04:38:07,818] {logging_mixin.py:115} INFO - [2022-07-31 04:38:07,818] {dag.py:2931} INFO - Setting next_dagrun for intermediate_dag to 2022-07-30T00:00:00+00:00, run_after=2022-07-31T00:00:00+00:00
[2022-07-31 04:38:07,846] {processor.py:161} INFO - Processing /opt/airflow/dags/assignment_solution/dags_communication/intermediate_dag.py took 0.312 seconds
[2022-07-31 04:38:38,465] {processor.py:153} INFO - Started process (PID=506) to work on /opt/airflow/dags/assignment_solution/dags_communication/intermediate_dag.py
[2022-07-31 04:38:38,478] {processor.py:641} INFO - Processing file /opt/airflow/dags/assignment_solution/dags_communication/intermediate_dag.py for tasks to queue
[2022-07-31 04:38:38,482] {logging_mixin.py:115} INFO - [2022-07-31 04:38:38,482] {dagbag.py:507} INFO - Filling up the DagBag from /opt/airflow/dags/assignment_solution/dags_communication/intermediate_dag.py
[2022-07-31 04:38:38,571] {processor.py:651} INFO - DAG(s) dict_keys(['intermediate_dag']) retrieved from /opt/airflow/dags/assignment_solution/dags_communication/intermediate_dag.py
[2022-07-31 04:38:38,647] {logging_mixin.py:115} INFO - [2022-07-31 04:38:38,647] {dag.py:2379} INFO - Sync 1 DAGs
[2022-07-31 04:38:38,681] {logging_mixin.py:115} INFO - [2022-07-31 04:38:38,681] {dag.py:2931} INFO - Setting next_dagrun for intermediate_dag to 2022-07-30T00:00:00+00:00, run_after=2022-07-31T00:00:00+00:00
[2022-07-31 04:38:38,707] {processor.py:161} INFO - Processing /opt/airflow/dags/assignment_solution/dags_communication/intermediate_dag.py took 0.246 seconds
[2022-07-31 04:39:09,253] {processor.py:153} INFO - Started process (PID=580) to work on /opt/airflow/dags/assignment_solution/dags_communication/intermediate_dag.py
[2022-07-31 04:39:09,254] {processor.py:641} INFO - Processing file /opt/airflow/dags/assignment_solution/dags_communication/intermediate_dag.py for tasks to queue
[2022-07-31 04:39:09,255] {logging_mixin.py:115} INFO - [2022-07-31 04:39:09,254] {dagbag.py:507} INFO - Filling up the DagBag from /opt/airflow/dags/assignment_solution/dags_communication/intermediate_dag.py
[2022-07-31 04:39:09,280] {processor.py:651} INFO - DAG(s) dict_keys(['intermediate_dag']) retrieved from /opt/airflow/dags/assignment_solution/dags_communication/intermediate_dag.py
[2022-07-31 04:39:09,343] {logging_mixin.py:115} INFO - [2022-07-31 04:39:09,342] {dag.py:2379} INFO - Sync 1 DAGs
[2022-07-31 04:39:09,383] {logging_mixin.py:115} INFO - [2022-07-31 04:39:09,383] {dag.py:2931} INFO - Setting next_dagrun for intermediate_dag to 2022-07-30T00:00:00+00:00, run_after=2022-07-31T00:00:00+00:00
[2022-07-31 04:39:09,401] {processor.py:161} INFO - Processing /opt/airflow/dags/assignment_solution/dags_communication/intermediate_dag.py took 0.153 seconds
[2022-07-31 04:39:41,510] {processor.py:153} INFO - Started process (PID=660) to work on /opt/airflow/dags/assignment_solution/dags_communication/intermediate_dag.py
[2022-07-31 04:39:41,517] {processor.py:641} INFO - Processing file /opt/airflow/dags/assignment_solution/dags_communication/intermediate_dag.py for tasks to queue
[2022-07-31 04:39:41,518] {logging_mixin.py:115} INFO - [2022-07-31 04:39:41,518] {dagbag.py:507} INFO - Filling up the DagBag from /opt/airflow/dags/assignment_solution/dags_communication/intermediate_dag.py
[2022-07-31 04:39:41,564] {processor.py:651} INFO - DAG(s) dict_keys(['intermediate_dag']) retrieved from /opt/airflow/dags/assignment_solution/dags_communication/intermediate_dag.py
[2022-07-31 04:39:41,712] {logging_mixin.py:115} INFO - [2022-07-31 04:39:41,712] {dag.py:2379} INFO - Sync 1 DAGs
[2022-07-31 04:39:41,773] {logging_mixin.py:115} INFO - [2022-07-31 04:39:41,773] {dag.py:2931} INFO - Setting next_dagrun for intermediate_dag to 2022-07-30T00:00:00+00:00, run_after=2022-07-31T00:00:00+00:00
[2022-07-31 04:39:41,806] {processor.py:161} INFO - Processing /opt/airflow/dags/assignment_solution/dags_communication/intermediate_dag.py took 0.300 seconds
[2022-07-31 04:40:12,703] {processor.py:153} INFO - Started process (PID=735) to work on /opt/airflow/dags/assignment_solution/dags_communication/intermediate_dag.py
[2022-07-31 04:40:12,706] {processor.py:641} INFO - Processing file /opt/airflow/dags/assignment_solution/dags_communication/intermediate_dag.py for tasks to queue
[2022-07-31 04:40:12,708] {logging_mixin.py:115} INFO - [2022-07-31 04:40:12,708] {dagbag.py:507} INFO - Filling up the DagBag from /opt/airflow/dags/assignment_solution/dags_communication/intermediate_dag.py
[2022-07-31 04:40:12,760] {processor.py:651} INFO - DAG(s) dict_keys(['intermediate_dag']) retrieved from /opt/airflow/dags/assignment_solution/dags_communication/intermediate_dag.py
[2022-07-31 04:40:12,869] {logging_mixin.py:115} INFO - [2022-07-31 04:40:12,868] {dag.py:2379} INFO - Sync 1 DAGs
[2022-07-31 04:40:12,941] {logging_mixin.py:115} INFO - [2022-07-31 04:40:12,941] {dag.py:2931} INFO - Setting next_dagrun for intermediate_dag to 2022-07-30T00:00:00+00:00, run_after=2022-07-31T00:00:00+00:00
[2022-07-31 04:40:13,000] {processor.py:161} INFO - Processing /opt/airflow/dags/assignment_solution/dags_communication/intermediate_dag.py took 0.302 seconds
[2022-07-31 04:40:43,794] {processor.py:153} INFO - Started process (PID=809) to work on /opt/airflow/dags/assignment_solution/dags_communication/intermediate_dag.py
[2022-07-31 04:40:43,794] {processor.py:641} INFO - Processing file /opt/airflow/dags/assignment_solution/dags_communication/intermediate_dag.py for tasks to queue
[2022-07-31 04:40:43,795] {logging_mixin.py:115} INFO - [2022-07-31 04:40:43,795] {dagbag.py:507} INFO - Filling up the DagBag from /opt/airflow/dags/assignment_solution/dags_communication/intermediate_dag.py
[2022-07-31 04:40:43,847] {processor.py:651} INFO - DAG(s) dict_keys(['intermediate_dag']) retrieved from /opt/airflow/dags/assignment_solution/dags_communication/intermediate_dag.py
[2022-07-31 04:40:43,949] {logging_mixin.py:115} INFO - [2022-07-31 04:40:43,949] {dag.py:2379} INFO - Sync 1 DAGs
[2022-07-31 04:40:44,024] {logging_mixin.py:115} INFO - [2022-07-31 04:40:44,024] {dag.py:2931} INFO - Setting next_dagrun for intermediate_dag to 2022-07-30T00:00:00+00:00, run_after=2022-07-31T00:00:00+00:00
[2022-07-31 04:40:44,090] {processor.py:161} INFO - Processing /opt/airflow/dags/assignment_solution/dags_communication/intermediate_dag.py took 0.308 seconds
[2022-07-31 04:41:14,943] {processor.py:153} INFO - Started process (PID=893) to work on /opt/airflow/dags/assignment_solution/dags_communication/intermediate_dag.py
[2022-07-31 04:41:14,946] {processor.py:641} INFO - Processing file /opt/airflow/dags/assignment_solution/dags_communication/intermediate_dag.py for tasks to queue
[2022-07-31 04:41:14,947] {logging_mixin.py:115} INFO - [2022-07-31 04:41:14,947] {dagbag.py:507} INFO - Filling up the DagBag from /opt/airflow/dags/assignment_solution/dags_communication/intermediate_dag.py
[2022-07-31 04:41:14,991] {processor.py:651} INFO - DAG(s) dict_keys(['intermediate_dag']) retrieved from /opt/airflow/dags/assignment_solution/dags_communication/intermediate_dag.py
[2022-07-31 04:41:15,054] {logging_mixin.py:115} INFO - [2022-07-31 04:41:15,054] {dag.py:2379} INFO - Sync 1 DAGs
[2022-07-31 04:41:15,086] {logging_mixin.py:115} INFO - [2022-07-31 04:41:15,086] {dag.py:2931} INFO - Setting next_dagrun for intermediate_dag to 2022-07-30T00:00:00+00:00, run_after=2022-07-31T00:00:00+00:00
[2022-07-31 04:41:15,101] {processor.py:161} INFO - Processing /opt/airflow/dags/assignment_solution/dags_communication/intermediate_dag.py took 0.162 seconds
[2022-07-31 04:41:45,832] {processor.py:153} INFO - Started process (PID=969) to work on /opt/airflow/dags/assignment_solution/dags_communication/intermediate_dag.py
[2022-07-31 04:41:45,832] {processor.py:641} INFO - Processing file /opt/airflow/dags/assignment_solution/dags_communication/intermediate_dag.py for tasks to queue
[2022-07-31 04:41:45,833] {logging_mixin.py:115} INFO - [2022-07-31 04:41:45,833] {dagbag.py:507} INFO - Filling up the DagBag from /opt/airflow/dags/assignment_solution/dags_communication/intermediate_dag.py
[2022-07-31 04:41:45,904] {processor.py:651} INFO - DAG(s) dict_keys(['intermediate_dag']) retrieved from /opt/airflow/dags/assignment_solution/dags_communication/intermediate_dag.py
[2022-07-31 04:41:46,022] {logging_mixin.py:115} INFO - [2022-07-31 04:41:46,022] {dag.py:2379} INFO - Sync 1 DAGs
[2022-07-31 04:41:46,067] {logging_mixin.py:115} INFO - [2022-07-31 04:41:46,067] {dag.py:2931} INFO - Setting next_dagrun for intermediate_dag to 2022-07-30T00:00:00+00:00, run_after=2022-07-31T00:00:00+00:00
[2022-07-31 04:41:46,086] {processor.py:161} INFO - Processing /opt/airflow/dags/assignment_solution/dags_communication/intermediate_dag.py took 0.277 seconds
[2022-07-31 04:42:16,236] {processor.py:153} INFO - Started process (PID=1050) to work on /opt/airflow/dags/assignment_solution/dags_communication/intermediate_dag.py
[2022-07-31 04:42:16,237] {processor.py:641} INFO - Processing file /opt/airflow/dags/assignment_solution/dags_communication/intermediate_dag.py for tasks to queue
[2022-07-31 04:42:16,238] {logging_mixin.py:115} INFO - [2022-07-31 04:42:16,238] {dagbag.py:507} INFO - Filling up the DagBag from /opt/airflow/dags/assignment_solution/dags_communication/intermediate_dag.py
[2022-07-31 04:42:16,257] {processor.py:651} INFO - DAG(s) dict_keys(['intermediate_dag']) retrieved from /opt/airflow/dags/assignment_solution/dags_communication/intermediate_dag.py
[2022-07-31 04:42:16,298] {logging_mixin.py:115} INFO - [2022-07-31 04:42:16,298] {dag.py:2379} INFO - Sync 1 DAGs
[2022-07-31 04:42:16,326] {logging_mixin.py:115} INFO - [2022-07-31 04:42:16,326] {dag.py:2931} INFO - Setting next_dagrun for intermediate_dag to 2022-07-30T00:00:00+00:00, run_after=2022-07-31T00:00:00+00:00
[2022-07-31 04:42:16,338] {processor.py:161} INFO - Processing /opt/airflow/dags/assignment_solution/dags_communication/intermediate_dag.py took 0.107 seconds
[2022-07-31 04:42:47,028] {processor.py:153} INFO - Started process (PID=1123) to work on /opt/airflow/dags/assignment_solution/dags_communication/intermediate_dag.py
[2022-07-31 04:42:47,037] {processor.py:641} INFO - Processing file /opt/airflow/dags/assignment_solution/dags_communication/intermediate_dag.py for tasks to queue
[2022-07-31 04:42:47,039] {logging_mixin.py:115} INFO - [2022-07-31 04:42:47,039] {dagbag.py:507} INFO - Filling up the DagBag from /opt/airflow/dags/assignment_solution/dags_communication/intermediate_dag.py
[2022-07-31 04:42:47,064] {processor.py:651} INFO - DAG(s) dict_keys(['intermediate_dag']) retrieved from /opt/airflow/dags/assignment_solution/dags_communication/intermediate_dag.py
[2022-07-31 04:42:47,116] {logging_mixin.py:115} INFO - [2022-07-31 04:42:47,116] {dag.py:2379} INFO - Sync 1 DAGs
[2022-07-31 04:42:47,150] {logging_mixin.py:115} INFO - [2022-07-31 04:42:47,150] {dag.py:2931} INFO - Setting next_dagrun for intermediate_dag to 2022-07-30T00:00:00+00:00, run_after=2022-07-31T00:00:00+00:00
[2022-07-31 04:42:47,165] {processor.py:161} INFO - Processing /opt/airflow/dags/assignment_solution/dags_communication/intermediate_dag.py took 0.141 seconds
