[2022-07-31 04:35:37,558] {processor.py:153} INFO - Started process (PID=68) to work on /opt/airflow/dags/operators/BashOperator1.py
[2022-07-31 04:35:37,563] {processor.py:641} INFO - Processing file /opt/airflow/dags/operators/BashOperator1.py for tasks to queue
[2022-07-31 04:35:37,571] {logging_mixin.py:115} INFO - [2022-07-31 04:35:37,571] {dagbag.py:507} INFO - Filling up the DagBag from /opt/airflow/dags/operators/BashOperator1.py
[2022-07-31 04:35:37,674] {processor.py:651} INFO - DAG(s) dict_keys(['bash_operator1']) retrieved from /opt/airflow/dags/operators/BashOperator1.py
[2022-07-31 04:35:38,578] {logging_mixin.py:115} INFO - [2022-07-31 04:35:38,578] {dag.py:2379} INFO - Sync 1 DAGs
[2022-07-31 04:35:38,808] {logging_mixin.py:115} INFO - [2022-07-31 04:35:38,808] {dag.py:2931} INFO - Setting next_dagrun for bash_operator1 to 2022-07-30T00:00:00+00:00, run_after=2022-07-31T00:00:00+00:00
[2022-07-31 04:35:40,151] {processor.py:161} INFO - Processing /opt/airflow/dags/operators/BashOperator1.py took 2.624 seconds
[2022-07-31 04:36:10,916] {processor.py:153} INFO - Started process (PID=134) to work on /opt/airflow/dags/operators/BashOperator1.py
[2022-07-31 04:36:10,917] {processor.py:641} INFO - Processing file /opt/airflow/dags/operators/BashOperator1.py for tasks to queue
[2022-07-31 04:36:10,918] {logging_mixin.py:115} INFO - [2022-07-31 04:36:10,918] {dagbag.py:507} INFO - Filling up the DagBag from /opt/airflow/dags/operators/BashOperator1.py
[2022-07-31 04:36:10,927] {processor.py:651} INFO - DAG(s) dict_keys(['bash_operator1']) retrieved from /opt/airflow/dags/operators/BashOperator1.py
[2022-07-31 04:36:10,954] {logging_mixin.py:115} INFO - [2022-07-31 04:36:10,954] {dag.py:2379} INFO - Sync 1 DAGs
[2022-07-31 04:36:10,979] {logging_mixin.py:115} INFO - [2022-07-31 04:36:10,979] {dag.py:2931} INFO - Setting next_dagrun for bash_operator1 to 2022-07-30T00:00:00+00:00, run_after=2022-07-31T00:00:00+00:00
[2022-07-31 04:36:10,991] {processor.py:161} INFO - Processing /opt/airflow/dags/operators/BashOperator1.py took 0.079 seconds
[2022-07-31 04:36:41,644] {processor.py:153} INFO - Started process (PID=218) to work on /opt/airflow/dags/operators/BashOperator1.py
[2022-07-31 04:36:41,647] {processor.py:641} INFO - Processing file /opt/airflow/dags/operators/BashOperator1.py for tasks to queue
[2022-07-31 04:36:41,648] {logging_mixin.py:115} INFO - [2022-07-31 04:36:41,648] {dagbag.py:507} INFO - Filling up the DagBag from /opt/airflow/dags/operators/BashOperator1.py
[2022-07-31 04:36:41,659] {processor.py:651} INFO - DAG(s) dict_keys(['bash_operator1']) retrieved from /opt/airflow/dags/operators/BashOperator1.py
[2022-07-31 04:36:41,697] {logging_mixin.py:115} INFO - [2022-07-31 04:36:41,696] {dag.py:2379} INFO - Sync 1 DAGs
[2022-07-31 04:36:41,732] {logging_mixin.py:115} INFO - [2022-07-31 04:36:41,732] {dag.py:2931} INFO - Setting next_dagrun for bash_operator1 to 2022-07-30T00:00:00+00:00, run_after=2022-07-31T00:00:00+00:00
[2022-07-31 04:36:41,750] {processor.py:161} INFO - Processing /opt/airflow/dags/operators/BashOperator1.py took 0.110 seconds
[2022-07-31 04:37:11,832] {processor.py:153} INFO - Started process (PID=293) to work on /opt/airflow/dags/operators/BashOperator1.py
[2022-07-31 04:37:11,834] {processor.py:641} INFO - Processing file /opt/airflow/dags/operators/BashOperator1.py for tasks to queue
[2022-07-31 04:37:11,834] {logging_mixin.py:115} INFO - [2022-07-31 04:37:11,834] {dagbag.py:507} INFO - Filling up the DagBag from /opt/airflow/dags/operators/BashOperator1.py
[2022-07-31 04:37:11,843] {processor.py:651} INFO - DAG(s) dict_keys(['bash_operator1']) retrieved from /opt/airflow/dags/operators/BashOperator1.py
[2022-07-31 04:37:11,867] {logging_mixin.py:115} INFO - [2022-07-31 04:37:11,867] {dag.py:2379} INFO - Sync 1 DAGs
[2022-07-31 04:37:11,889] {logging_mixin.py:115} INFO - [2022-07-31 04:37:11,889] {dag.py:2931} INFO - Setting next_dagrun for bash_operator1 to 2022-07-30T00:00:00+00:00, run_after=2022-07-31T00:00:00+00:00
[2022-07-31 04:37:11,903] {processor.py:161} INFO - Processing /opt/airflow/dags/operators/BashOperator1.py took 0.074 seconds
[2022-07-31 04:37:41,936] {processor.py:153} INFO - Started process (PID=366) to work on /opt/airflow/dags/operators/BashOperator1.py
[2022-07-31 04:37:41,939] {processor.py:641} INFO - Processing file /opt/airflow/dags/operators/BashOperator1.py for tasks to queue
[2022-07-31 04:37:41,941] {logging_mixin.py:115} INFO - [2022-07-31 04:37:41,941] {dagbag.py:507} INFO - Filling up the DagBag from /opt/airflow/dags/operators/BashOperator1.py
[2022-07-31 04:37:41,953] {processor.py:651} INFO - DAG(s) dict_keys(['bash_operator1']) retrieved from /opt/airflow/dags/operators/BashOperator1.py
[2022-07-31 04:37:41,990] {logging_mixin.py:115} INFO - [2022-07-31 04:37:41,990] {dag.py:2379} INFO - Sync 1 DAGs
[2022-07-31 04:37:42,032] {logging_mixin.py:115} INFO - [2022-07-31 04:37:42,032] {dag.py:2931} INFO - Setting next_dagrun for bash_operator1 to 2022-07-30T00:00:00+00:00, run_after=2022-07-31T00:00:00+00:00
[2022-07-31 04:37:42,050] {processor.py:161} INFO - Processing /opt/airflow/dags/operators/BashOperator1.py took 0.117 seconds
[2022-07-31 04:38:12,520] {processor.py:153} INFO - Started process (PID=443) to work on /opt/airflow/dags/operators/BashOperator1.py
[2022-07-31 04:38:12,525] {processor.py:641} INFO - Processing file /opt/airflow/dags/operators/BashOperator1.py for tasks to queue
[2022-07-31 04:38:12,527] {logging_mixin.py:115} INFO - [2022-07-31 04:38:12,527] {dagbag.py:507} INFO - Filling up the DagBag from /opt/airflow/dags/operators/BashOperator1.py
[2022-07-31 04:38:12,538] {processor.py:651} INFO - DAG(s) dict_keys(['bash_operator1']) retrieved from /opt/airflow/dags/operators/BashOperator1.py
[2022-07-31 04:38:12,571] {logging_mixin.py:115} INFO - [2022-07-31 04:38:12,571] {dag.py:2379} INFO - Sync 1 DAGs
[2022-07-31 04:38:12,613] {logging_mixin.py:115} INFO - [2022-07-31 04:38:12,612] {dag.py:2931} INFO - Setting next_dagrun for bash_operator1 to 2022-07-30T00:00:00+00:00, run_after=2022-07-31T00:00:00+00:00
[2022-07-31 04:38:12,630] {processor.py:161} INFO - Processing /opt/airflow/dags/operators/BashOperator1.py took 0.114 seconds
[2022-07-31 04:38:42,903] {processor.py:153} INFO - Started process (PID=517) to work on /opt/airflow/dags/operators/BashOperator1.py
[2022-07-31 04:38:42,904] {processor.py:641} INFO - Processing file /opt/airflow/dags/operators/BashOperator1.py for tasks to queue
[2022-07-31 04:38:42,905] {logging_mixin.py:115} INFO - [2022-07-31 04:38:42,904] {dagbag.py:507} INFO - Filling up the DagBag from /opt/airflow/dags/operators/BashOperator1.py
[2022-07-31 04:38:42,916] {processor.py:651} INFO - DAG(s) dict_keys(['bash_operator1']) retrieved from /opt/airflow/dags/operators/BashOperator1.py
[2022-07-31 04:38:42,948] {logging_mixin.py:115} INFO - [2022-07-31 04:38:42,948] {dag.py:2379} INFO - Sync 1 DAGs
[2022-07-31 04:38:42,976] {logging_mixin.py:115} INFO - [2022-07-31 04:38:42,976] {dag.py:2931} INFO - Setting next_dagrun for bash_operator1 to 2022-07-30T00:00:00+00:00, run_after=2022-07-31T00:00:00+00:00
[2022-07-31 04:38:42,993] {processor.py:161} INFO - Processing /opt/airflow/dags/operators/BashOperator1.py took 0.093 seconds
[2022-07-31 04:39:13,234] {processor.py:153} INFO - Started process (PID=590) to work on /opt/airflow/dags/operators/BashOperator1.py
[2022-07-31 04:39:13,238] {processor.py:641} INFO - Processing file /opt/airflow/dags/operators/BashOperator1.py for tasks to queue
[2022-07-31 04:39:13,243] {logging_mixin.py:115} INFO - [2022-07-31 04:39:13,243] {dagbag.py:507} INFO - Filling up the DagBag from /opt/airflow/dags/operators/BashOperator1.py
[2022-07-31 04:39:13,302] {processor.py:651} INFO - DAG(s) dict_keys(['bash_operator1']) retrieved from /opt/airflow/dags/operators/BashOperator1.py
[2022-07-31 04:39:13,442] {logging_mixin.py:115} INFO - [2022-07-31 04:39:13,442] {dag.py:2379} INFO - Sync 1 DAGs
[2022-07-31 04:39:13,499] {logging_mixin.py:115} INFO - [2022-07-31 04:39:13,499] {dag.py:2931} INFO - Setting next_dagrun for bash_operator1 to 2022-07-30T00:00:00+00:00, run_after=2022-07-31T00:00:00+00:00
[2022-07-31 04:39:13,517] {processor.py:161} INFO - Processing /opt/airflow/dags/operators/BashOperator1.py took 0.303 seconds
[2022-07-31 04:39:43,810] {processor.py:153} INFO - Started process (PID=669) to work on /opt/airflow/dags/operators/BashOperator1.py
[2022-07-31 04:39:43,813] {processor.py:641} INFO - Processing file /opt/airflow/dags/operators/BashOperator1.py for tasks to queue
[2022-07-31 04:39:43,815] {logging_mixin.py:115} INFO - [2022-07-31 04:39:43,815] {dagbag.py:507} INFO - Filling up the DagBag from /opt/airflow/dags/operators/BashOperator1.py
[2022-07-31 04:39:43,826] {processor.py:651} INFO - DAG(s) dict_keys(['bash_operator1']) retrieved from /opt/airflow/dags/operators/BashOperator1.py
[2022-07-31 04:39:43,856] {logging_mixin.py:115} INFO - [2022-07-31 04:39:43,856] {dag.py:2379} INFO - Sync 1 DAGs
[2022-07-31 04:39:43,888] {logging_mixin.py:115} INFO - [2022-07-31 04:39:43,888] {dag.py:2931} INFO - Setting next_dagrun for bash_operator1 to 2022-07-30T00:00:00+00:00, run_after=2022-07-31T00:00:00+00:00
[2022-07-31 04:39:43,904] {processor.py:161} INFO - Processing /opt/airflow/dags/operators/BashOperator1.py took 0.097 seconds
[2022-07-31 04:40:14,048] {processor.py:153} INFO - Started process (PID=740) to work on /opt/airflow/dags/operators/BashOperator1.py
[2022-07-31 04:40:14,049] {processor.py:641} INFO - Processing file /opt/airflow/dags/operators/BashOperator1.py for tasks to queue
[2022-07-31 04:40:14,050] {logging_mixin.py:115} INFO - [2022-07-31 04:40:14,050] {dagbag.py:507} INFO - Filling up the DagBag from /opt/airflow/dags/operators/BashOperator1.py
[2022-07-31 04:40:14,060] {processor.py:651} INFO - DAG(s) dict_keys(['bash_operator1']) retrieved from /opt/airflow/dags/operators/BashOperator1.py
[2022-07-31 04:40:14,092] {logging_mixin.py:115} INFO - [2022-07-31 04:40:14,092] {dag.py:2379} INFO - Sync 1 DAGs
[2022-07-31 04:40:14,130] {logging_mixin.py:115} INFO - [2022-07-31 04:40:14,130] {dag.py:2931} INFO - Setting next_dagrun for bash_operator1 to 2022-07-30T00:00:00+00:00, run_after=2022-07-31T00:00:00+00:00
[2022-07-31 04:40:14,153] {processor.py:161} INFO - Processing /opt/airflow/dags/operators/BashOperator1.py took 0.109 seconds
[2022-07-31 04:40:44,738] {processor.py:153} INFO - Started process (PID=812) to work on /opt/airflow/dags/operators/BashOperator1.py
[2022-07-31 04:40:44,740] {processor.py:641} INFO - Processing file /opt/airflow/dags/operators/BashOperator1.py for tasks to queue
[2022-07-31 04:40:44,748] {logging_mixin.py:115} INFO - [2022-07-31 04:40:44,748] {dagbag.py:507} INFO - Filling up the DagBag from /opt/airflow/dags/operators/BashOperator1.py
[2022-07-31 04:40:44,794] {processor.py:651} INFO - DAG(s) dict_keys(['bash_operator1']) retrieved from /opt/airflow/dags/operators/BashOperator1.py
[2022-07-31 04:40:44,896] {logging_mixin.py:115} INFO - [2022-07-31 04:40:44,896] {dag.py:2379} INFO - Sync 1 DAGs
[2022-07-31 04:40:45,002] {logging_mixin.py:115} INFO - [2022-07-31 04:40:45,002] {dag.py:2931} INFO - Setting next_dagrun for bash_operator1 to 2022-07-30T00:00:00+00:00, run_after=2022-07-31T00:00:00+00:00
[2022-07-31 04:40:45,062] {processor.py:161} INFO - Processing /opt/airflow/dags/operators/BashOperator1.py took 0.327 seconds
[2022-07-31 04:41:15,268] {processor.py:153} INFO - Started process (PID=895) to work on /opt/airflow/dags/operators/BashOperator1.py
[2022-07-31 04:41:15,269] {processor.py:641} INFO - Processing file /opt/airflow/dags/operators/BashOperator1.py for tasks to queue
[2022-07-31 04:41:15,271] {logging_mixin.py:115} INFO - [2022-07-31 04:41:15,271] {dagbag.py:507} INFO - Filling up the DagBag from /opt/airflow/dags/operators/BashOperator1.py
[2022-07-31 04:41:15,284] {processor.py:651} INFO - DAG(s) dict_keys(['bash_operator1']) retrieved from /opt/airflow/dags/operators/BashOperator1.py
[2022-07-31 04:41:15,330] {logging_mixin.py:115} INFO - [2022-07-31 04:41:15,329] {dag.py:2379} INFO - Sync 1 DAGs
[2022-07-31 04:41:15,389] {logging_mixin.py:115} INFO - [2022-07-31 04:41:15,389] {dag.py:2931} INFO - Setting next_dagrun for bash_operator1 to 2022-07-30T00:00:00+00:00, run_after=2022-07-31T00:00:00+00:00
[2022-07-31 04:41:15,413] {processor.py:161} INFO - Processing /opt/airflow/dags/operators/BashOperator1.py took 0.149 seconds
[2022-07-31 04:41:45,626] {processor.py:153} INFO - Started process (PID=968) to work on /opt/airflow/dags/operators/BashOperator1.py
[2022-07-31 04:41:45,627] {processor.py:641} INFO - Processing file /opt/airflow/dags/operators/BashOperator1.py for tasks to queue
[2022-07-31 04:41:45,627] {logging_mixin.py:115} INFO - [2022-07-31 04:41:45,627] {dagbag.py:507} INFO - Filling up the DagBag from /opt/airflow/dags/operators/BashOperator1.py
[2022-07-31 04:41:45,663] {processor.py:651} INFO - DAG(s) dict_keys(['bash_operator1']) retrieved from /opt/airflow/dags/operators/BashOperator1.py
[2022-07-31 04:41:45,723] {logging_mixin.py:115} INFO - [2022-07-31 04:41:45,722] {dag.py:2379} INFO - Sync 1 DAGs
[2022-07-31 04:41:45,756] {logging_mixin.py:115} INFO - [2022-07-31 04:41:45,756] {dag.py:2931} INFO - Setting next_dagrun for bash_operator1 to 2022-07-30T00:00:00+00:00, run_after=2022-07-31T00:00:00+00:00
[2022-07-31 04:41:45,774] {processor.py:161} INFO - Processing /opt/airflow/dags/operators/BashOperator1.py took 0.160 seconds
[2022-07-31 04:42:16,111] {processor.py:153} INFO - Started process (PID=1049) to work on /opt/airflow/dags/operators/BashOperator1.py
[2022-07-31 04:42:16,113] {processor.py:641} INFO - Processing file /opt/airflow/dags/operators/BashOperator1.py for tasks to queue
[2022-07-31 04:42:16,115] {logging_mixin.py:115} INFO - [2022-07-31 04:42:16,115] {dagbag.py:507} INFO - Filling up the DagBag from /opt/airflow/dags/operators/BashOperator1.py
[2022-07-31 04:42:16,127] {processor.py:651} INFO - DAG(s) dict_keys(['bash_operator1']) retrieved from /opt/airflow/dags/operators/BashOperator1.py
[2022-07-31 04:42:16,170] {logging_mixin.py:115} INFO - [2022-07-31 04:42:16,169] {dag.py:2379} INFO - Sync 1 DAGs
[2022-07-31 04:42:16,208] {logging_mixin.py:115} INFO - [2022-07-31 04:42:16,207] {dag.py:2931} INFO - Setting next_dagrun for bash_operator1 to 2022-07-30T00:00:00+00:00, run_after=2022-07-31T00:00:00+00:00
[2022-07-31 04:42:16,223] {processor.py:161} INFO - Processing /opt/airflow/dags/operators/BashOperator1.py took 0.121 seconds
[2022-07-31 04:42:46,794] {processor.py:153} INFO - Started process (PID=1122) to work on /opt/airflow/dags/operators/BashOperator1.py
[2022-07-31 04:42:46,797] {processor.py:641} INFO - Processing file /opt/airflow/dags/operators/BashOperator1.py for tasks to queue
[2022-07-31 04:42:46,801] {logging_mixin.py:115} INFO - [2022-07-31 04:42:46,801] {dagbag.py:507} INFO - Filling up the DagBag from /opt/airflow/dags/operators/BashOperator1.py
[2022-07-31 04:42:46,830] {processor.py:651} INFO - DAG(s) dict_keys(['bash_operator1']) retrieved from /opt/airflow/dags/operators/BashOperator1.py
[2022-07-31 04:42:46,906] {logging_mixin.py:115} INFO - [2022-07-31 04:42:46,906] {dag.py:2379} INFO - Sync 1 DAGs
[2022-07-31 04:42:46,973] {logging_mixin.py:115} INFO - [2022-07-31 04:42:46,972] {dag.py:2931} INFO - Setting next_dagrun for bash_operator1 to 2022-07-30T00:00:00+00:00, run_after=2022-07-31T00:00:00+00:00
[2022-07-31 04:42:47,015] {processor.py:161} INFO - Processing /opt/airflow/dags/operators/BashOperator1.py took 0.232 seconds
[2022-07-31 06:54:50,921] {processor.py:153} INFO - Started process (PID=69) to work on /opt/airflow/dags/operators/BashOperator1.py
[2022-07-31 06:54:50,931] {processor.py:641} INFO - Processing file /opt/airflow/dags/operators/BashOperator1.py for tasks to queue
[2022-07-31 06:54:50,932] {logging_mixin.py:115} INFO - [2022-07-31 06:54:50,932] {dagbag.py:507} INFO - Filling up the DagBag from /opt/airflow/dags/operators/BashOperator1.py
[2022-07-31 06:54:50,979] {processor.py:651} INFO - DAG(s) dict_keys(['bash_operator1']) retrieved from /opt/airflow/dags/operators/BashOperator1.py
[2022-07-31 06:54:51,091] {logging_mixin.py:115} INFO - [2022-07-31 06:54:51,091] {dag.py:2379} INFO - Sync 1 DAGs
[2022-07-31 06:54:51,248] {logging_mixin.py:115} INFO - [2022-07-31 06:54:51,247] {dag.py:2931} INFO - Setting next_dagrun for bash_operator1 to 2022-07-30T00:00:00+00:00, run_after=2022-07-31T00:00:00+00:00
[2022-07-31 06:54:51,332] {processor.py:161} INFO - Processing /opt/airflow/dags/operators/BashOperator1.py took 0.414 seconds
[2022-07-31 06:55:22,773] {processor.py:153} INFO - Started process (PID=133) to work on /opt/airflow/dags/operators/BashOperator1.py
[2022-07-31 06:55:22,791] {processor.py:641} INFO - Processing file /opt/airflow/dags/operators/BashOperator1.py for tasks to queue
[2022-07-31 06:55:22,792] {logging_mixin.py:115} INFO - [2022-07-31 06:55:22,792] {dagbag.py:507} INFO - Filling up the DagBag from /opt/airflow/dags/operators/BashOperator1.py
[2022-07-31 06:55:22,818] {processor.py:651} INFO - DAG(s) dict_keys(['bash_operator1']) retrieved from /opt/airflow/dags/operators/BashOperator1.py
[2022-07-31 06:55:22,924] {logging_mixin.py:115} INFO - [2022-07-31 06:55:22,923] {dag.py:2379} INFO - Sync 1 DAGs
[2022-07-31 06:55:23,074] {logging_mixin.py:115} INFO - [2022-07-31 06:55:23,054] {dag.py:2931} INFO - Setting next_dagrun for bash_operator1 to 2022-07-30T00:00:00+00:00, run_after=2022-07-31T00:00:00+00:00
[2022-07-31 06:55:23,182] {processor.py:161} INFO - Processing /opt/airflow/dags/operators/BashOperator1.py took 0.425 seconds
[2022-07-31 06:55:53,294] {processor.py:153} INFO - Started process (PID=204) to work on /opt/airflow/dags/operators/BashOperator1.py
[2022-07-31 06:55:53,298] {processor.py:641} INFO - Processing file /opt/airflow/dags/operators/BashOperator1.py for tasks to queue
[2022-07-31 06:55:53,301] {logging_mixin.py:115} INFO - [2022-07-31 06:55:53,301] {dagbag.py:507} INFO - Filling up the DagBag from /opt/airflow/dags/operators/BashOperator1.py
[2022-07-31 06:55:53,330] {processor.py:651} INFO - DAG(s) dict_keys(['bash_operator1']) retrieved from /opt/airflow/dags/operators/BashOperator1.py
[2022-07-31 06:55:53,407] {logging_mixin.py:115} INFO - [2022-07-31 06:55:53,407] {dag.py:2379} INFO - Sync 1 DAGs
[2022-07-31 06:55:53,469] {logging_mixin.py:115} INFO - [2022-07-31 06:55:53,469] {dag.py:2931} INFO - Setting next_dagrun for bash_operator1 to 2022-07-30T00:00:00+00:00, run_after=2022-07-31T00:00:00+00:00
[2022-07-31 06:55:53,495] {processor.py:161} INFO - Processing /opt/airflow/dags/operators/BashOperator1.py took 0.220 seconds
[2022-07-31 06:56:23,959] {processor.py:153} INFO - Started process (PID=277) to work on /opt/airflow/dags/operators/BashOperator1.py
[2022-07-31 06:56:23,959] {processor.py:641} INFO - Processing file /opt/airflow/dags/operators/BashOperator1.py for tasks to queue
[2022-07-31 06:56:23,960] {logging_mixin.py:115} INFO - [2022-07-31 06:56:23,960] {dagbag.py:507} INFO - Filling up the DagBag from /opt/airflow/dags/operators/BashOperator1.py
[2022-07-31 06:56:23,978] {processor.py:651} INFO - DAG(s) dict_keys(['bash_operator1']) retrieved from /opt/airflow/dags/operators/BashOperator1.py
[2022-07-31 06:56:24,043] {logging_mixin.py:115} INFO - [2022-07-31 06:56:24,043] {dag.py:2379} INFO - Sync 1 DAGs
[2022-07-31 06:56:24,107] {logging_mixin.py:115} INFO - [2022-07-31 06:56:24,107] {dag.py:2931} INFO - Setting next_dagrun for bash_operator1 to 2022-07-30T00:00:00+00:00, run_after=2022-07-31T00:00:00+00:00
[2022-07-31 06:56:24,156] {processor.py:161} INFO - Processing /opt/airflow/dags/operators/BashOperator1.py took 0.201 seconds
[2022-07-31 06:56:54,663] {processor.py:153} INFO - Started process (PID=358) to work on /opt/airflow/dags/operators/BashOperator1.py
[2022-07-31 06:56:54,664] {processor.py:641} INFO - Processing file /opt/airflow/dags/operators/BashOperator1.py for tasks to queue
[2022-07-31 06:56:54,664] {logging_mixin.py:115} INFO - [2022-07-31 06:56:54,664] {dagbag.py:507} INFO - Filling up the DagBag from /opt/airflow/dags/operators/BashOperator1.py
[2022-07-31 06:56:54,674] {processor.py:651} INFO - DAG(s) dict_keys(['bash_operator1']) retrieved from /opt/airflow/dags/operators/BashOperator1.py
[2022-07-31 06:56:54,708] {logging_mixin.py:115} INFO - [2022-07-31 06:56:54,708] {dag.py:2379} INFO - Sync 1 DAGs
[2022-07-31 06:56:54,740] {logging_mixin.py:115} INFO - [2022-07-31 06:56:54,740] {dag.py:2931} INFO - Setting next_dagrun for bash_operator1 to 2022-07-30T00:00:00+00:00, run_after=2022-07-31T00:00:00+00:00
[2022-07-31 06:56:54,760] {processor.py:161} INFO - Processing /opt/airflow/dags/operators/BashOperator1.py took 0.101 seconds
[2022-07-31 06:57:25,441] {processor.py:153} INFO - Started process (PID=430) to work on /opt/airflow/dags/operators/BashOperator1.py
[2022-07-31 06:57:25,444] {processor.py:641} INFO - Processing file /opt/airflow/dags/operators/BashOperator1.py for tasks to queue
[2022-07-31 06:57:25,446] {logging_mixin.py:115} INFO - [2022-07-31 06:57:25,446] {dagbag.py:507} INFO - Filling up the DagBag from /opt/airflow/dags/operators/BashOperator1.py
[2022-07-31 06:57:25,459] {processor.py:651} INFO - DAG(s) dict_keys(['bash_operator1']) retrieved from /opt/airflow/dags/operators/BashOperator1.py
[2022-07-31 06:57:25,498] {logging_mixin.py:115} INFO - [2022-07-31 06:57:25,498] {dag.py:2379} INFO - Sync 1 DAGs
[2022-07-31 06:57:25,537] {logging_mixin.py:115} INFO - [2022-07-31 06:57:25,536] {dag.py:2931} INFO - Setting next_dagrun for bash_operator1 to 2022-07-30T00:00:00+00:00, run_after=2022-07-31T00:00:00+00:00
[2022-07-31 06:57:25,558] {processor.py:161} INFO - Processing /opt/airflow/dags/operators/BashOperator1.py took 0.122 seconds
[2022-07-31 06:57:56,197] {processor.py:153} INFO - Started process (PID=501) to work on /opt/airflow/dags/operators/BashOperator1.py
[2022-07-31 06:57:56,201] {processor.py:641} INFO - Processing file /opt/airflow/dags/operators/BashOperator1.py for tasks to queue
[2022-07-31 06:57:56,202] {logging_mixin.py:115} INFO - [2022-07-31 06:57:56,201] {dagbag.py:507} INFO - Filling up the DagBag from /opt/airflow/dags/operators/BashOperator1.py
[2022-07-31 06:57:56,224] {processor.py:651} INFO - DAG(s) dict_keys(['bash_operator1']) retrieved from /opt/airflow/dags/operators/BashOperator1.py
[2022-07-31 06:57:56,311] {logging_mixin.py:115} INFO - [2022-07-31 06:57:56,311] {dag.py:2379} INFO - Sync 1 DAGs
[2022-07-31 06:57:56,398] {logging_mixin.py:115} INFO - [2022-07-31 06:57:56,398] {dag.py:2931} INFO - Setting next_dagrun for bash_operator1 to 2022-07-30T00:00:00+00:00, run_after=2022-07-31T00:00:00+00:00
[2022-07-31 06:57:56,420] {processor.py:161} INFO - Processing /opt/airflow/dags/operators/BashOperator1.py took 0.235 seconds
[2022-07-31 06:58:27,484] {processor.py:153} INFO - Started process (PID=585) to work on /opt/airflow/dags/operators/BashOperator1.py
[2022-07-31 06:58:27,485] {processor.py:641} INFO - Processing file /opt/airflow/dags/operators/BashOperator1.py for tasks to queue
[2022-07-31 06:58:27,485] {logging_mixin.py:115} INFO - [2022-07-31 06:58:27,485] {dagbag.py:507} INFO - Filling up the DagBag from /opt/airflow/dags/operators/BashOperator1.py
[2022-07-31 06:58:27,495] {processor.py:651} INFO - DAG(s) dict_keys(['bash_operator1']) retrieved from /opt/airflow/dags/operators/BashOperator1.py
[2022-07-31 06:58:27,526] {logging_mixin.py:115} INFO - [2022-07-31 06:58:27,525] {dag.py:2379} INFO - Sync 1 DAGs
[2022-07-31 06:58:27,562] {logging_mixin.py:115} INFO - [2022-07-31 06:58:27,562] {dag.py:2931} INFO - Setting next_dagrun for bash_operator1 to 2022-07-30T00:00:00+00:00, run_after=2022-07-31T00:00:00+00:00
[2022-07-31 06:58:27,595] {processor.py:161} INFO - Processing /opt/airflow/dags/operators/BashOperator1.py took 0.114 seconds
[2022-07-31 06:58:57,665] {processor.py:153} INFO - Started process (PID=655) to work on /opt/airflow/dags/operators/BashOperator1.py
[2022-07-31 06:58:57,683] {processor.py:641} INFO - Processing file /opt/airflow/dags/operators/BashOperator1.py for tasks to queue
[2022-07-31 06:58:57,684] {logging_mixin.py:115} INFO - [2022-07-31 06:58:57,684] {dagbag.py:507} INFO - Filling up the DagBag from /opt/airflow/dags/operators/BashOperator1.py
[2022-07-31 06:58:57,718] {processor.py:651} INFO - DAG(s) dict_keys(['bash_operator1']) retrieved from /opt/airflow/dags/operators/BashOperator1.py
[2022-07-31 06:58:57,864] {logging_mixin.py:115} INFO - [2022-07-31 06:58:57,864] {dag.py:2379} INFO - Sync 1 DAGs
[2022-07-31 06:58:57,985] {logging_mixin.py:115} INFO - [2022-07-31 06:58:57,985] {dag.py:2931} INFO - Setting next_dagrun for bash_operator1 to 2022-07-30T00:00:00+00:00, run_after=2022-07-31T00:00:00+00:00
[2022-07-31 06:58:58,086] {processor.py:161} INFO - Processing /opt/airflow/dags/operators/BashOperator1.py took 0.445 seconds
[2022-07-31 06:59:28,269] {processor.py:153} INFO - Started process (PID=741) to work on /opt/airflow/dags/operators/BashOperator1.py
[2022-07-31 06:59:28,269] {processor.py:641} INFO - Processing file /opt/airflow/dags/operators/BashOperator1.py for tasks to queue
[2022-07-31 06:59:28,270] {logging_mixin.py:115} INFO - [2022-07-31 06:59:28,270] {dagbag.py:507} INFO - Filling up the DagBag from /opt/airflow/dags/operators/BashOperator1.py
[2022-07-31 06:59:28,282] {processor.py:651} INFO - DAG(s) dict_keys(['bash_operator1']) retrieved from /opt/airflow/dags/operators/BashOperator1.py
[2022-07-31 06:59:28,313] {logging_mixin.py:115} INFO - [2022-07-31 06:59:28,313] {dag.py:2379} INFO - Sync 1 DAGs
[2022-07-31 06:59:28,346] {logging_mixin.py:115} INFO - [2022-07-31 06:59:28,346] {dag.py:2931} INFO - Setting next_dagrun for bash_operator1 to 2022-07-30T00:00:00+00:00, run_after=2022-07-31T00:00:00+00:00
[2022-07-31 06:59:28,365] {processor.py:161} INFO - Processing /opt/airflow/dags/operators/BashOperator1.py took 0.101 seconds
[2022-07-31 06:59:58,496] {processor.py:153} INFO - Started process (PID=817) to work on /opt/airflow/dags/operators/BashOperator1.py
[2022-07-31 06:59:58,508] {processor.py:641} INFO - Processing file /opt/airflow/dags/operators/BashOperator1.py for tasks to queue
[2022-07-31 06:59:58,510] {logging_mixin.py:115} INFO - [2022-07-31 06:59:58,509] {dagbag.py:507} INFO - Filling up the DagBag from /opt/airflow/dags/operators/BashOperator1.py
[2022-07-31 06:59:58,533] {processor.py:651} INFO - DAG(s) dict_keys(['bash_operator1']) retrieved from /opt/airflow/dags/operators/BashOperator1.py
[2022-07-31 06:59:58,611] {logging_mixin.py:115} INFO - [2022-07-31 06:59:58,611] {dag.py:2379} INFO - Sync 1 DAGs
[2022-07-31 06:59:58,690] {logging_mixin.py:115} INFO - [2022-07-31 06:59:58,690] {dag.py:2931} INFO - Setting next_dagrun for bash_operator1 to 2022-07-30T00:00:00+00:00, run_after=2022-07-31T00:00:00+00:00
[2022-07-31 06:59:58,994] {processor.py:161} INFO - Processing /opt/airflow/dags/operators/BashOperator1.py took 0.502 seconds
[2022-07-31 07:00:29,519] {processor.py:153} INFO - Started process (PID=889) to work on /opt/airflow/dags/operators/BashOperator1.py
[2022-07-31 07:00:29,521] {processor.py:641} INFO - Processing file /opt/airflow/dags/operators/BashOperator1.py for tasks to queue
[2022-07-31 07:00:29,522] {logging_mixin.py:115} INFO - [2022-07-31 07:00:29,521] {dagbag.py:507} INFO - Filling up the DagBag from /opt/airflow/dags/operators/BashOperator1.py
[2022-07-31 07:00:29,536] {processor.py:651} INFO - DAG(s) dict_keys(['bash_operator1']) retrieved from /opt/airflow/dags/operators/BashOperator1.py
[2022-07-31 07:00:29,570] {logging_mixin.py:115} INFO - [2022-07-31 07:00:29,570] {dag.py:2379} INFO - Sync 1 DAGs
[2022-07-31 07:00:29,605] {logging_mixin.py:115} INFO - [2022-07-31 07:00:29,605] {dag.py:2931} INFO - Setting next_dagrun for bash_operator1 to 2022-07-30T00:00:00+00:00, run_after=2022-07-31T00:00:00+00:00
[2022-07-31 07:00:29,799] {processor.py:161} INFO - Processing /opt/airflow/dags/operators/BashOperator1.py took 0.285 seconds
[2022-07-31 07:00:59,898] {processor.py:153} INFO - Started process (PID=970) to work on /opt/airflow/dags/operators/BashOperator1.py
[2022-07-31 07:00:59,898] {processor.py:641} INFO - Processing file /opt/airflow/dags/operators/BashOperator1.py for tasks to queue
[2022-07-31 07:00:59,899] {logging_mixin.py:115} INFO - [2022-07-31 07:00:59,899] {dagbag.py:507} INFO - Filling up the DagBag from /opt/airflow/dags/operators/BashOperator1.py
[2022-07-31 07:00:59,909] {processor.py:651} INFO - DAG(s) dict_keys(['bash_operator1']) retrieved from /opt/airflow/dags/operators/BashOperator1.py
[2022-07-31 07:00:59,943] {logging_mixin.py:115} INFO - [2022-07-31 07:00:59,943] {dag.py:2379} INFO - Sync 1 DAGs
[2022-07-31 07:00:59,982] {logging_mixin.py:115} INFO - [2022-07-31 07:00:59,982] {dag.py:2931} INFO - Setting next_dagrun for bash_operator1 to 2022-07-30T00:00:00+00:00, run_after=2022-07-31T00:00:00+00:00
[2022-07-31 07:01:00,228] {processor.py:161} INFO - Processing /opt/airflow/dags/operators/BashOperator1.py took 0.334 seconds
[2022-07-31 07:01:30,370] {processor.py:153} INFO - Started process (PID=1042) to work on /opt/airflow/dags/operators/BashOperator1.py
[2022-07-31 07:01:30,372] {processor.py:641} INFO - Processing file /opt/airflow/dags/operators/BashOperator1.py for tasks to queue
[2022-07-31 07:01:30,373] {logging_mixin.py:115} INFO - [2022-07-31 07:01:30,373] {dagbag.py:507} INFO - Filling up the DagBag from /opt/airflow/dags/operators/BashOperator1.py
[2022-07-31 07:01:30,388] {processor.py:651} INFO - DAG(s) dict_keys(['bash_operator1']) retrieved from /opt/airflow/dags/operators/BashOperator1.py
[2022-07-31 07:01:30,438] {logging_mixin.py:115} INFO - [2022-07-31 07:01:30,438] {dag.py:2379} INFO - Sync 1 DAGs
[2022-07-31 07:01:30,488] {logging_mixin.py:115} INFO - [2022-07-31 07:01:30,483] {dag.py:2931} INFO - Setting next_dagrun for bash_operator1 to 2022-07-30T00:00:00+00:00, run_after=2022-07-31T00:00:00+00:00
[2022-07-31 07:01:30,813] {processor.py:161} INFO - Processing /opt/airflow/dags/operators/BashOperator1.py took 0.448 seconds
[2022-07-31 07:02:01,538] {processor.py:153} INFO - Started process (PID=1117) to work on /opt/airflow/dags/operators/BashOperator1.py
[2022-07-31 07:02:01,547] {processor.py:641} INFO - Processing file /opt/airflow/dags/operators/BashOperator1.py for tasks to queue
[2022-07-31 07:02:01,552] {logging_mixin.py:115} INFO - [2022-07-31 07:02:01,552] {dagbag.py:507} INFO - Filling up the DagBag from /opt/airflow/dags/operators/BashOperator1.py
[2022-07-31 07:02:01,574] {processor.py:651} INFO - DAG(s) dict_keys(['bash_operator1']) retrieved from /opt/airflow/dags/operators/BashOperator1.py
[2022-07-31 07:02:01,686] {logging_mixin.py:115} INFO - [2022-07-31 07:02:01,686] {dag.py:2379} INFO - Sync 1 DAGs
[2022-07-31 07:02:01,880] {logging_mixin.py:115} INFO - [2022-07-31 07:02:01,880] {dag.py:2931} INFO - Setting next_dagrun for bash_operator1 to 2022-07-30T00:00:00+00:00, run_after=2022-07-31T00:00:00+00:00
[2022-07-31 07:02:02,432] {processor.py:161} INFO - Processing /opt/airflow/dags/operators/BashOperator1.py took 0.912 seconds
[2022-07-31 07:02:32,578] {processor.py:153} INFO - Started process (PID=1188) to work on /opt/airflow/dags/operators/BashOperator1.py
[2022-07-31 07:02:32,579] {processor.py:641} INFO - Processing file /opt/airflow/dags/operators/BashOperator1.py for tasks to queue
[2022-07-31 07:02:32,579] {logging_mixin.py:115} INFO - [2022-07-31 07:02:32,579] {dagbag.py:507} INFO - Filling up the DagBag from /opt/airflow/dags/operators/BashOperator1.py
[2022-07-31 07:02:32,610] {processor.py:651} INFO - DAG(s) dict_keys(['bash_operator1']) retrieved from /opt/airflow/dags/operators/BashOperator1.py
[2022-07-31 07:02:32,723] {logging_mixin.py:115} INFO - [2022-07-31 07:02:32,723] {dag.py:2379} INFO - Sync 1 DAGs
[2022-07-31 07:02:32,794] {logging_mixin.py:115} INFO - [2022-07-31 07:02:32,794] {dag.py:2931} INFO - Setting next_dagrun for bash_operator1 to 2022-07-30T00:00:00+00:00, run_after=2022-07-31T00:00:00+00:00
[2022-07-31 07:02:33,224] {processor.py:161} INFO - Processing /opt/airflow/dags/operators/BashOperator1.py took 0.653 seconds
[2022-07-31 07:03:03,291] {processor.py:153} INFO - Started process (PID=1269) to work on /opt/airflow/dags/operators/BashOperator1.py
[2022-07-31 07:03:03,292] {processor.py:641} INFO - Processing file /opt/airflow/dags/operators/BashOperator1.py for tasks to queue
[2022-07-31 07:03:03,293] {logging_mixin.py:115} INFO - [2022-07-31 07:03:03,293] {dagbag.py:507} INFO - Filling up the DagBag from /opt/airflow/dags/operators/BashOperator1.py
[2022-07-31 07:03:03,303] {processor.py:651} INFO - DAG(s) dict_keys(['bash_operator1']) retrieved from /opt/airflow/dags/operators/BashOperator1.py
[2022-07-31 07:03:03,340] {logging_mixin.py:115} INFO - [2022-07-31 07:03:03,340] {dag.py:2379} INFO - Sync 1 DAGs
[2022-07-31 07:03:03,385] {logging_mixin.py:115} INFO - [2022-07-31 07:03:03,384] {dag.py:2931} INFO - Setting next_dagrun for bash_operator1 to 2022-07-30T00:00:00+00:00, run_after=2022-07-31T00:00:00+00:00
[2022-07-31 07:03:03,610] {processor.py:161} INFO - Processing /opt/airflow/dags/operators/BashOperator1.py took 0.323 seconds
