[2022-07-31 04:35:39,548] {processor.py:153} INFO - Started process (PID=70) to work on /opt/airflow/dags/operators/HttpOperator.py
[2022-07-31 04:35:39,593] {processor.py:641} INFO - Processing file /opt/airflow/dags/operators/HttpOperator.py for tasks to queue
[2022-07-31 04:35:39,606] {logging_mixin.py:115} INFO - [2022-07-31 04:35:39,606] {dagbag.py:507} INFO - Filling up the DagBag from /opt/airflow/dags/operators/HttpOperator.py
[2022-07-31 04:35:39,692] {processor.py:651} INFO - DAG(s) dict_keys(['http_operator']) retrieved from /opt/airflow/dags/operators/HttpOperator.py
[2022-07-31 04:35:40,286] {logging_mixin.py:115} INFO - [2022-07-31 04:35:40,286] {dag.py:2379} INFO - Sync 1 DAGs
[2022-07-31 04:35:40,416] {logging_mixin.py:115} INFO - [2022-07-31 04:35:40,416] {dag.py:2931} INFO - Setting next_dagrun for http_operator to 2022-07-30T00:00:00+00:00, run_after=2022-07-31T00:00:00+00:00
[2022-07-31 04:35:41,498] {processor.py:161} INFO - Processing /opt/airflow/dags/operators/HttpOperator.py took 1.958 seconds
[2022-07-31 04:36:11,942] {processor.py:153} INFO - Started process (PID=135) to work on /opt/airflow/dags/operators/HttpOperator.py
[2022-07-31 04:36:11,950] {processor.py:641} INFO - Processing file /opt/airflow/dags/operators/HttpOperator.py for tasks to queue
[2022-07-31 04:36:11,951] {logging_mixin.py:115} INFO - [2022-07-31 04:36:11,951] {dagbag.py:507} INFO - Filling up the DagBag from /opt/airflow/dags/operators/HttpOperator.py
[2022-07-31 04:36:11,969] {processor.py:651} INFO - DAG(s) dict_keys(['http_operator']) retrieved from /opt/airflow/dags/operators/HttpOperator.py
[2022-07-31 04:36:12,035] {logging_mixin.py:115} INFO - [2022-07-31 04:36:12,035] {dag.py:2379} INFO - Sync 1 DAGs
[2022-07-31 04:36:12,087] {logging_mixin.py:115} INFO - [2022-07-31 04:36:12,087] {dag.py:2931} INFO - Setting next_dagrun for http_operator to 2022-07-30T00:00:00+00:00, run_after=2022-07-31T00:00:00+00:00
[2022-07-31 04:36:12,106] {processor.py:161} INFO - Processing /opt/airflow/dags/operators/HttpOperator.py took 0.170 seconds
[2022-07-31 04:36:42,651] {processor.py:153} INFO - Started process (PID=219) to work on /opt/airflow/dags/operators/HttpOperator.py
[2022-07-31 04:36:42,655] {processor.py:641} INFO - Processing file /opt/airflow/dags/operators/HttpOperator.py for tasks to queue
[2022-07-31 04:36:42,656] {logging_mixin.py:115} INFO - [2022-07-31 04:36:42,656] {dagbag.py:507} INFO - Filling up the DagBag from /opt/airflow/dags/operators/HttpOperator.py
[2022-07-31 04:36:42,667] {processor.py:651} INFO - DAG(s) dict_keys(['http_operator']) retrieved from /opt/airflow/dags/operators/HttpOperator.py
[2022-07-31 04:36:42,704] {logging_mixin.py:115} INFO - [2022-07-31 04:36:42,704] {dag.py:2379} INFO - Sync 1 DAGs
[2022-07-31 04:36:42,744] {logging_mixin.py:115} INFO - [2022-07-31 04:36:42,743] {dag.py:2931} INFO - Setting next_dagrun for http_operator to 2022-07-30T00:00:00+00:00, run_after=2022-07-31T00:00:00+00:00
[2022-07-31 04:36:42,767] {processor.py:161} INFO - Processing /opt/airflow/dags/operators/HttpOperator.py took 0.119 seconds
[2022-07-31 04:37:12,917] {processor.py:153} INFO - Started process (PID=294) to work on /opt/airflow/dags/operators/HttpOperator.py
[2022-07-31 04:37:12,917] {processor.py:641} INFO - Processing file /opt/airflow/dags/operators/HttpOperator.py for tasks to queue
[2022-07-31 04:37:12,918] {logging_mixin.py:115} INFO - [2022-07-31 04:37:12,918] {dagbag.py:507} INFO - Filling up the DagBag from /opt/airflow/dags/operators/HttpOperator.py
[2022-07-31 04:37:12,934] {processor.py:651} INFO - DAG(s) dict_keys(['http_operator']) retrieved from /opt/airflow/dags/operators/HttpOperator.py
[2022-07-31 04:37:12,959] {logging_mixin.py:115} INFO - [2022-07-31 04:37:12,959] {dag.py:2379} INFO - Sync 1 DAGs
[2022-07-31 04:37:12,988] {logging_mixin.py:115} INFO - [2022-07-31 04:37:12,988] {dag.py:2931} INFO - Setting next_dagrun for http_operator to 2022-07-30T00:00:00+00:00, run_after=2022-07-31T00:00:00+00:00
[2022-07-31 04:37:13,003] {processor.py:161} INFO - Processing /opt/airflow/dags/operators/HttpOperator.py took 0.091 seconds
[2022-07-31 04:37:43,077] {processor.py:153} INFO - Started process (PID=367) to work on /opt/airflow/dags/operators/HttpOperator.py
[2022-07-31 04:37:43,079] {processor.py:641} INFO - Processing file /opt/airflow/dags/operators/HttpOperator.py for tasks to queue
[2022-07-31 04:37:43,079] {logging_mixin.py:115} INFO - [2022-07-31 04:37:43,079] {dagbag.py:507} INFO - Filling up the DagBag from /opt/airflow/dags/operators/HttpOperator.py
[2022-07-31 04:37:43,089] {processor.py:651} INFO - DAG(s) dict_keys(['http_operator']) retrieved from /opt/airflow/dags/operators/HttpOperator.py
[2022-07-31 04:37:43,120] {logging_mixin.py:115} INFO - [2022-07-31 04:37:43,120] {dag.py:2379} INFO - Sync 1 DAGs
[2022-07-31 04:37:43,154] {logging_mixin.py:115} INFO - [2022-07-31 04:37:43,154] {dag.py:2931} INFO - Setting next_dagrun for http_operator to 2022-07-30T00:00:00+00:00, run_after=2022-07-31T00:00:00+00:00
[2022-07-31 04:37:43,170] {processor.py:161} INFO - Processing /opt/airflow/dags/operators/HttpOperator.py took 0.096 seconds
[2022-07-31 04:38:13,531] {processor.py:153} INFO - Started process (PID=448) to work on /opt/airflow/dags/operators/HttpOperator.py
[2022-07-31 04:38:13,533] {processor.py:641} INFO - Processing file /opt/airflow/dags/operators/HttpOperator.py for tasks to queue
[2022-07-31 04:38:13,535] {logging_mixin.py:115} INFO - [2022-07-31 04:38:13,535] {dagbag.py:507} INFO - Filling up the DagBag from /opt/airflow/dags/operators/HttpOperator.py
[2022-07-31 04:38:13,546] {processor.py:651} INFO - DAG(s) dict_keys(['http_operator']) retrieved from /opt/airflow/dags/operators/HttpOperator.py
[2022-07-31 04:38:13,577] {logging_mixin.py:115} INFO - [2022-07-31 04:38:13,577] {dag.py:2379} INFO - Sync 1 DAGs
[2022-07-31 04:38:13,612] {logging_mixin.py:115} INFO - [2022-07-31 04:38:13,611] {dag.py:2931} INFO - Setting next_dagrun for http_operator to 2022-07-30T00:00:00+00:00, run_after=2022-07-31T00:00:00+00:00
[2022-07-31 04:38:13,629] {processor.py:161} INFO - Processing /opt/airflow/dags/operators/HttpOperator.py took 0.102 seconds
[2022-07-31 04:38:44,004] {processor.py:153} INFO - Started process (PID=519) to work on /opt/airflow/dags/operators/HttpOperator.py
[2022-07-31 04:38:44,011] {processor.py:641} INFO - Processing file /opt/airflow/dags/operators/HttpOperator.py for tasks to queue
[2022-07-31 04:38:44,013] {logging_mixin.py:115} INFO - [2022-07-31 04:38:44,013] {dagbag.py:507} INFO - Filling up the DagBag from /opt/airflow/dags/operators/HttpOperator.py
[2022-07-31 04:38:44,033] {processor.py:651} INFO - DAG(s) dict_keys(['http_operator']) retrieved from /opt/airflow/dags/operators/HttpOperator.py
[2022-07-31 04:38:44,115] {logging_mixin.py:115} INFO - [2022-07-31 04:38:44,115] {dag.py:2379} INFO - Sync 1 DAGs
[2022-07-31 04:38:44,172] {logging_mixin.py:115} INFO - [2022-07-31 04:38:44,172] {dag.py:2931} INFO - Setting next_dagrun for http_operator to 2022-07-30T00:00:00+00:00, run_after=2022-07-31T00:00:00+00:00
[2022-07-31 04:38:44,202] {processor.py:161} INFO - Processing /opt/airflow/dags/operators/HttpOperator.py took 0.206 seconds
[2022-07-31 04:39:14,526] {processor.py:153} INFO - Started process (PID=597) to work on /opt/airflow/dags/operators/HttpOperator.py
[2022-07-31 04:39:14,526] {processor.py:641} INFO - Processing file /opt/airflow/dags/operators/HttpOperator.py for tasks to queue
[2022-07-31 04:39:14,527] {logging_mixin.py:115} INFO - [2022-07-31 04:39:14,527] {dagbag.py:507} INFO - Filling up the DagBag from /opt/airflow/dags/operators/HttpOperator.py
[2022-07-31 04:39:14,539] {processor.py:651} INFO - DAG(s) dict_keys(['http_operator']) retrieved from /opt/airflow/dags/operators/HttpOperator.py
[2022-07-31 04:39:14,585] {logging_mixin.py:115} INFO - [2022-07-31 04:39:14,585] {dag.py:2379} INFO - Sync 1 DAGs
[2022-07-31 04:39:14,618] {logging_mixin.py:115} INFO - [2022-07-31 04:39:14,617] {dag.py:2931} INFO - Setting next_dagrun for http_operator to 2022-07-30T00:00:00+00:00, run_after=2022-07-31T00:00:00+00:00
[2022-07-31 04:39:14,639] {processor.py:161} INFO - Processing /opt/airflow/dags/operators/HttpOperator.py took 0.129 seconds
[2022-07-31 04:39:44,926] {processor.py:153} INFO - Started process (PID=671) to work on /opt/airflow/dags/operators/HttpOperator.py
[2022-07-31 04:39:44,927] {processor.py:641} INFO - Processing file /opt/airflow/dags/operators/HttpOperator.py for tasks to queue
[2022-07-31 04:39:44,928] {logging_mixin.py:115} INFO - [2022-07-31 04:39:44,928] {dagbag.py:507} INFO - Filling up the DagBag from /opt/airflow/dags/operators/HttpOperator.py
[2022-07-31 04:39:44,936] {processor.py:651} INFO - DAG(s) dict_keys(['http_operator']) retrieved from /opt/airflow/dags/operators/HttpOperator.py
[2022-07-31 04:39:44,959] {logging_mixin.py:115} INFO - [2022-07-31 04:39:44,959] {dag.py:2379} INFO - Sync 1 DAGs
[2022-07-31 04:39:44,981] {logging_mixin.py:115} INFO - [2022-07-31 04:39:44,981] {dag.py:2931} INFO - Setting next_dagrun for http_operator to 2022-07-30T00:00:00+00:00, run_after=2022-07-31T00:00:00+00:00
[2022-07-31 04:39:44,993] {processor.py:161} INFO - Processing /opt/airflow/dags/operators/HttpOperator.py took 0.070 seconds
[2022-07-31 04:40:15,198] {processor.py:153} INFO - Started process (PID=743) to work on /opt/airflow/dags/operators/HttpOperator.py
[2022-07-31 04:40:15,199] {processor.py:641} INFO - Processing file /opt/airflow/dags/operators/HttpOperator.py for tasks to queue
[2022-07-31 04:40:15,200] {logging_mixin.py:115} INFO - [2022-07-31 04:40:15,199] {dagbag.py:507} INFO - Filling up the DagBag from /opt/airflow/dags/operators/HttpOperator.py
[2022-07-31 04:40:15,210] {processor.py:651} INFO - DAG(s) dict_keys(['http_operator']) retrieved from /opt/airflow/dags/operators/HttpOperator.py
[2022-07-31 04:40:15,240] {logging_mixin.py:115} INFO - [2022-07-31 04:40:15,239] {dag.py:2379} INFO - Sync 1 DAGs
[2022-07-31 04:40:15,268] {logging_mixin.py:115} INFO - [2022-07-31 04:40:15,267] {dag.py:2931} INFO - Setting next_dagrun for http_operator to 2022-07-30T00:00:00+00:00, run_after=2022-07-31T00:00:00+00:00
[2022-07-31 04:40:15,317] {processor.py:161} INFO - Processing /opt/airflow/dags/operators/HttpOperator.py took 0.124 seconds
[2022-07-31 04:40:45,761] {processor.py:153} INFO - Started process (PID=822) to work on /opt/airflow/dags/operators/HttpOperator.py
[2022-07-31 04:40:45,783] {processor.py:641} INFO - Processing file /opt/airflow/dags/operators/HttpOperator.py for tasks to queue
[2022-07-31 04:40:45,785] {logging_mixin.py:115} INFO - [2022-07-31 04:40:45,785] {dagbag.py:507} INFO - Filling up the DagBag from /opt/airflow/dags/operators/HttpOperator.py
[2022-07-31 04:40:45,796] {processor.py:651} INFO - DAG(s) dict_keys(['http_operator']) retrieved from /opt/airflow/dags/operators/HttpOperator.py
[2022-07-31 04:40:45,922] {logging_mixin.py:115} INFO - [2022-07-31 04:40:45,922] {dag.py:2379} INFO - Sync 1 DAGs
[2022-07-31 04:40:46,020] {logging_mixin.py:115} INFO - [2022-07-31 04:40:46,020] {dag.py:2931} INFO - Setting next_dagrun for http_operator to 2022-07-30T00:00:00+00:00, run_after=2022-07-31T00:00:00+00:00
[2022-07-31 04:40:46,071] {processor.py:161} INFO - Processing /opt/airflow/dags/operators/HttpOperator.py took 0.314 seconds
[2022-07-31 04:41:16,439] {processor.py:153} INFO - Started process (PID=897) to work on /opt/airflow/dags/operators/HttpOperator.py
[2022-07-31 04:41:16,440] {processor.py:641} INFO - Processing file /opt/airflow/dags/operators/HttpOperator.py for tasks to queue
[2022-07-31 04:41:16,440] {logging_mixin.py:115} INFO - [2022-07-31 04:41:16,440] {dagbag.py:507} INFO - Filling up the DagBag from /opt/airflow/dags/operators/HttpOperator.py
[2022-07-31 04:41:16,448] {processor.py:651} INFO - DAG(s) dict_keys(['http_operator']) retrieved from /opt/airflow/dags/operators/HttpOperator.py
[2022-07-31 04:41:16,472] {logging_mixin.py:115} INFO - [2022-07-31 04:41:16,472] {dag.py:2379} INFO - Sync 1 DAGs
[2022-07-31 04:41:16,494] {logging_mixin.py:115} INFO - [2022-07-31 04:41:16,494] {dag.py:2931} INFO - Setting next_dagrun for http_operator to 2022-07-30T00:00:00+00:00, run_after=2022-07-31T00:00:00+00:00
[2022-07-31 04:41:16,506] {processor.py:161} INFO - Processing /opt/airflow/dags/operators/HttpOperator.py took 0.070 seconds
[2022-07-31 04:41:46,683] {processor.py:153} INFO - Started process (PID=972) to work on /opt/airflow/dags/operators/HttpOperator.py
[2022-07-31 04:41:46,688] {processor.py:641} INFO - Processing file /opt/airflow/dags/operators/HttpOperator.py for tasks to queue
[2022-07-31 04:41:46,691] {logging_mixin.py:115} INFO - [2022-07-31 04:41:46,691] {dagbag.py:507} INFO - Filling up the DagBag from /opt/airflow/dags/operators/HttpOperator.py
[2022-07-31 04:41:46,715] {processor.py:651} INFO - DAG(s) dict_keys(['http_operator']) retrieved from /opt/airflow/dags/operators/HttpOperator.py
[2022-07-31 04:41:46,772] {logging_mixin.py:115} INFO - [2022-07-31 04:41:46,772] {dag.py:2379} INFO - Sync 1 DAGs
[2022-07-31 04:41:46,844] {logging_mixin.py:115} INFO - [2022-07-31 04:41:46,844] {dag.py:2931} INFO - Setting next_dagrun for http_operator to 2022-07-30T00:00:00+00:00, run_after=2022-07-31T00:00:00+00:00
[2022-07-31 04:41:46,882] {processor.py:161} INFO - Processing /opt/airflow/dags/operators/HttpOperator.py took 0.207 seconds
[2022-07-31 04:42:17,248] {processor.py:153} INFO - Started process (PID=1051) to work on /opt/airflow/dags/operators/HttpOperator.py
[2022-07-31 04:42:17,251] {processor.py:641} INFO - Processing file /opt/airflow/dags/operators/HttpOperator.py for tasks to queue
[2022-07-31 04:42:17,252] {logging_mixin.py:115} INFO - [2022-07-31 04:42:17,252] {dagbag.py:507} INFO - Filling up the DagBag from /opt/airflow/dags/operators/HttpOperator.py
[2022-07-31 04:42:17,267] {processor.py:651} INFO - DAG(s) dict_keys(['http_operator']) retrieved from /opt/airflow/dags/operators/HttpOperator.py
[2022-07-31 04:42:17,323] {logging_mixin.py:115} INFO - [2022-07-31 04:42:17,323] {dag.py:2379} INFO - Sync 1 DAGs
[2022-07-31 04:42:17,365] {logging_mixin.py:115} INFO - [2022-07-31 04:42:17,364] {dag.py:2931} INFO - Setting next_dagrun for http_operator to 2022-07-30T00:00:00+00:00, run_after=2022-07-31T00:00:00+00:00
[2022-07-31 04:42:17,382] {processor.py:161} INFO - Processing /opt/airflow/dags/operators/HttpOperator.py took 0.138 seconds
[2022-07-31 04:42:48,080] {processor.py:153} INFO - Started process (PID=1124) to work on /opt/airflow/dags/operators/HttpOperator.py
[2022-07-31 04:42:48,089] {processor.py:641} INFO - Processing file /opt/airflow/dags/operators/HttpOperator.py for tasks to queue
[2022-07-31 04:42:48,094] {logging_mixin.py:115} INFO - [2022-07-31 04:42:48,094] {dagbag.py:507} INFO - Filling up the DagBag from /opt/airflow/dags/operators/HttpOperator.py
[2022-07-31 04:42:48,127] {processor.py:651} INFO - DAG(s) dict_keys(['http_operator']) retrieved from /opt/airflow/dags/operators/HttpOperator.py
[2022-07-31 04:42:48,232] {logging_mixin.py:115} INFO - [2022-07-31 04:42:48,232] {dag.py:2379} INFO - Sync 1 DAGs
[2022-07-31 04:42:48,372] {logging_mixin.py:115} INFO - [2022-07-31 04:42:48,372] {dag.py:2931} INFO - Setting next_dagrun for http_operator to 2022-07-30T00:00:00+00:00, run_after=2022-07-31T00:00:00+00:00
[2022-07-31 04:42:48,418] {processor.py:161} INFO - Processing /opt/airflow/dags/operators/HttpOperator.py took 0.356 seconds
