[2022-07-31 04:35:41,589] {processor.py:153} INFO - Started process (PID=72) to work on /opt/airflow/dags/operators/Postgres_Dyanmic.py
[2022-07-31 04:35:41,593] {processor.py:641} INFO - Processing file /opt/airflow/dags/operators/Postgres_Dyanmic.py for tasks to queue
[2022-07-31 04:35:41,599] {logging_mixin.py:115} INFO - [2022-07-31 04:35:41,599] {dagbag.py:507} INFO - Filling up the DagBag from /opt/airflow/dags/operators/Postgres_Dyanmic.py
[2022-07-31 04:35:41,888] {processor.py:651} INFO - DAG(s) dict_keys(['postgres_dynamic']) retrieved from /opt/airflow/dags/operators/Postgres_Dyanmic.py
[2022-07-31 04:35:43,782] {logging_mixin.py:115} INFO - [2022-07-31 04:35:43,782] {dag.py:2379} INFO - Sync 1 DAGs
[2022-07-31 04:35:43,963] {logging_mixin.py:115} INFO - [2022-07-31 04:35:43,963] {dag.py:2931} INFO - Setting next_dagrun for postgres_dynamic to 2022-07-30T00:00:00+00:00, run_after=2022-07-31T00:00:00+00:00
[2022-07-31 04:35:44,098] {processor.py:161} INFO - Processing /opt/airflow/dags/operators/Postgres_Dyanmic.py took 2.536 seconds
[2022-07-31 04:36:14,196] {processor.py:153} INFO - Started process (PID=137) to work on /opt/airflow/dags/operators/Postgres_Dyanmic.py
[2022-07-31 04:36:14,204] {processor.py:641} INFO - Processing file /opt/airflow/dags/operators/Postgres_Dyanmic.py for tasks to queue
[2022-07-31 04:36:14,207] {logging_mixin.py:115} INFO - [2022-07-31 04:36:14,206] {dagbag.py:507} INFO - Filling up the DagBag from /opt/airflow/dags/operators/Postgres_Dyanmic.py
[2022-07-31 04:36:14,280] {processor.py:651} INFO - DAG(s) dict_keys(['postgres_dynamic']) retrieved from /opt/airflow/dags/operators/Postgres_Dyanmic.py
[2022-07-31 04:36:14,328] {logging_mixin.py:115} INFO - [2022-07-31 04:36:14,328] {dag.py:2379} INFO - Sync 1 DAGs
[2022-07-31 04:36:14,363] {logging_mixin.py:115} INFO - [2022-07-31 04:36:14,363] {dag.py:2931} INFO - Setting next_dagrun for postgres_dynamic to 2022-07-30T00:00:00+00:00, run_after=2022-07-31T00:00:00+00:00
[2022-07-31 04:36:14,379] {processor.py:161} INFO - Processing /opt/airflow/dags/operators/Postgres_Dyanmic.py took 0.195 seconds
[2022-07-31 04:36:44,802] {processor.py:153} INFO - Started process (PID=221) to work on /opt/airflow/dags/operators/Postgres_Dyanmic.py
[2022-07-31 04:36:44,803] {processor.py:641} INFO - Processing file /opt/airflow/dags/operators/Postgres_Dyanmic.py for tasks to queue
[2022-07-31 04:36:44,804] {logging_mixin.py:115} INFO - [2022-07-31 04:36:44,804] {dagbag.py:507} INFO - Filling up the DagBag from /opt/airflow/dags/operators/Postgres_Dyanmic.py
[2022-07-31 04:36:44,827] {processor.py:651} INFO - DAG(s) dict_keys(['postgres_dynamic']) retrieved from /opt/airflow/dags/operators/Postgres_Dyanmic.py
[2022-07-31 04:36:44,850] {logging_mixin.py:115} INFO - [2022-07-31 04:36:44,850] {dag.py:2379} INFO - Sync 1 DAGs
[2022-07-31 04:36:44,876] {logging_mixin.py:115} INFO - [2022-07-31 04:36:44,876] {dag.py:2931} INFO - Setting next_dagrun for postgres_dynamic to 2022-07-30T00:00:00+00:00, run_after=2022-07-31T00:00:00+00:00
[2022-07-31 04:36:44,892] {processor.py:161} INFO - Processing /opt/airflow/dags/operators/Postgres_Dyanmic.py took 0.093 seconds
[2022-07-31 04:37:15,054] {processor.py:153} INFO - Started process (PID=296) to work on /opt/airflow/dags/operators/Postgres_Dyanmic.py
[2022-07-31 04:37:15,057] {processor.py:641} INFO - Processing file /opt/airflow/dags/operators/Postgres_Dyanmic.py for tasks to queue
[2022-07-31 04:37:15,059] {logging_mixin.py:115} INFO - [2022-07-31 04:37:15,059] {dagbag.py:507} INFO - Filling up the DagBag from /opt/airflow/dags/operators/Postgres_Dyanmic.py
[2022-07-31 04:37:15,102] {processor.py:651} INFO - DAG(s) dict_keys(['postgres_dynamic']) retrieved from /opt/airflow/dags/operators/Postgres_Dyanmic.py
[2022-07-31 04:37:15,142] {logging_mixin.py:115} INFO - [2022-07-31 04:37:15,142] {dag.py:2379} INFO - Sync 1 DAGs
[2022-07-31 04:37:15,177] {logging_mixin.py:115} INFO - [2022-07-31 04:37:15,177] {dag.py:2931} INFO - Setting next_dagrun for postgres_dynamic to 2022-07-30T00:00:00+00:00, run_after=2022-07-31T00:00:00+00:00
[2022-07-31 04:37:15,195] {processor.py:161} INFO - Processing /opt/airflow/dags/operators/Postgres_Dyanmic.py took 0.159 seconds
[2022-07-31 04:37:46,097] {processor.py:153} INFO - Started process (PID=369) to work on /opt/airflow/dags/operators/Postgres_Dyanmic.py
[2022-07-31 04:37:46,108] {processor.py:641} INFO - Processing file /opt/airflow/dags/operators/Postgres_Dyanmic.py for tasks to queue
[2022-07-31 04:37:46,110] {logging_mixin.py:115} INFO - [2022-07-31 04:37:46,110] {dagbag.py:507} INFO - Filling up the DagBag from /opt/airflow/dags/operators/Postgres_Dyanmic.py
[2022-07-31 04:37:46,155] {processor.py:651} INFO - DAG(s) dict_keys(['postgres_dynamic']) retrieved from /opt/airflow/dags/operators/Postgres_Dyanmic.py
[2022-07-31 04:37:46,183] {logging_mixin.py:115} INFO - [2022-07-31 04:37:46,183] {dag.py:2379} INFO - Sync 1 DAGs
[2022-07-31 04:37:46,212] {logging_mixin.py:115} INFO - [2022-07-31 04:37:46,212] {dag.py:2931} INFO - Setting next_dagrun for postgres_dynamic to 2022-07-30T00:00:00+00:00, run_after=2022-07-31T00:00:00+00:00
[2022-07-31 04:37:46,225] {processor.py:161} INFO - Processing /opt/airflow/dags/operators/Postgres_Dyanmic.py took 0.131 seconds
[2022-07-31 04:38:16,671] {processor.py:153} INFO - Started process (PID=450) to work on /opt/airflow/dags/operators/Postgres_Dyanmic.py
[2022-07-31 04:38:16,675] {processor.py:641} INFO - Processing file /opt/airflow/dags/operators/Postgres_Dyanmic.py for tasks to queue
[2022-07-31 04:38:16,675] {logging_mixin.py:115} INFO - [2022-07-31 04:38:16,675] {dagbag.py:507} INFO - Filling up the DagBag from /opt/airflow/dags/operators/Postgres_Dyanmic.py
[2022-07-31 04:38:16,707] {processor.py:651} INFO - DAG(s) dict_keys(['postgres_dynamic']) retrieved from /opt/airflow/dags/operators/Postgres_Dyanmic.py
[2022-07-31 04:38:16,734] {logging_mixin.py:115} INFO - [2022-07-31 04:38:16,734] {dag.py:2379} INFO - Sync 1 DAGs
[2022-07-31 04:38:16,763] {logging_mixin.py:115} INFO - [2022-07-31 04:38:16,763] {dag.py:2931} INFO - Setting next_dagrun for postgres_dynamic to 2022-07-30T00:00:00+00:00, run_after=2022-07-31T00:00:00+00:00
[2022-07-31 04:38:16,776] {processor.py:161} INFO - Processing /opt/airflow/dags/operators/Postgres_Dyanmic.py took 0.112 seconds
[2022-07-31 04:38:47,245] {processor.py:153} INFO - Started process (PID=522) to work on /opt/airflow/dags/operators/Postgres_Dyanmic.py
[2022-07-31 04:38:47,246] {processor.py:641} INFO - Processing file /opt/airflow/dags/operators/Postgres_Dyanmic.py for tasks to queue
[2022-07-31 04:38:47,247] {logging_mixin.py:115} INFO - [2022-07-31 04:38:47,246] {dagbag.py:507} INFO - Filling up the DagBag from /opt/airflow/dags/operators/Postgres_Dyanmic.py
[2022-07-31 04:38:47,278] {processor.py:651} INFO - DAG(s) dict_keys(['postgres_dynamic']) retrieved from /opt/airflow/dags/operators/Postgres_Dyanmic.py
[2022-07-31 04:38:47,309] {logging_mixin.py:115} INFO - [2022-07-31 04:38:47,309] {dag.py:2379} INFO - Sync 1 DAGs
[2022-07-31 04:38:47,343] {logging_mixin.py:115} INFO - [2022-07-31 04:38:47,343] {dag.py:2931} INFO - Setting next_dagrun for postgres_dynamic to 2022-07-30T00:00:00+00:00, run_after=2022-07-31T00:00:00+00:00
[2022-07-31 04:38:47,360] {processor.py:161} INFO - Processing /opt/airflow/dags/operators/Postgres_Dyanmic.py took 0.119 seconds
[2022-07-31 04:39:17,469] {processor.py:153} INFO - Started process (PID=603) to work on /opt/airflow/dags/operators/Postgres_Dyanmic.py
[2022-07-31 04:39:17,469] {processor.py:641} INFO - Processing file /opt/airflow/dags/operators/Postgres_Dyanmic.py for tasks to queue
[2022-07-31 04:39:17,470] {logging_mixin.py:115} INFO - [2022-07-31 04:39:17,470] {dagbag.py:507} INFO - Filling up the DagBag from /opt/airflow/dags/operators/Postgres_Dyanmic.py
[2022-07-31 04:39:17,493] {processor.py:651} INFO - DAG(s) dict_keys(['postgres_dynamic']) retrieved from /opt/airflow/dags/operators/Postgres_Dyanmic.py
[2022-07-31 04:39:17,518] {logging_mixin.py:115} INFO - [2022-07-31 04:39:17,518] {dag.py:2379} INFO - Sync 1 DAGs
[2022-07-31 04:39:17,541] {logging_mixin.py:115} INFO - [2022-07-31 04:39:17,541] {dag.py:2931} INFO - Setting next_dagrun for postgres_dynamic to 2022-07-30T00:00:00+00:00, run_after=2022-07-31T00:00:00+00:00
[2022-07-31 04:39:17,553] {processor.py:161} INFO - Processing /opt/airflow/dags/operators/Postgres_Dyanmic.py took 0.088 seconds
[2022-07-31 04:39:48,254] {processor.py:153} INFO - Started process (PID=675) to work on /opt/airflow/dags/operators/Postgres_Dyanmic.py
[2022-07-31 04:39:48,255] {processor.py:641} INFO - Processing file /opt/airflow/dags/operators/Postgres_Dyanmic.py for tasks to queue
[2022-07-31 04:39:48,256] {logging_mixin.py:115} INFO - [2022-07-31 04:39:48,256] {dagbag.py:507} INFO - Filling up the DagBag from /opt/airflow/dags/operators/Postgres_Dyanmic.py
[2022-07-31 04:39:48,278] {processor.py:651} INFO - DAG(s) dict_keys(['postgres_dynamic']) retrieved from /opt/airflow/dags/operators/Postgres_Dyanmic.py
[2022-07-31 04:39:48,301] {logging_mixin.py:115} INFO - [2022-07-31 04:39:48,301] {dag.py:2379} INFO - Sync 1 DAGs
[2022-07-31 04:39:48,324] {logging_mixin.py:115} INFO - [2022-07-31 04:39:48,324] {dag.py:2931} INFO - Setting next_dagrun for postgres_dynamic to 2022-07-30T00:00:00+00:00, run_after=2022-07-31T00:00:00+00:00
[2022-07-31 04:39:48,348] {processor.py:161} INFO - Processing /opt/airflow/dags/operators/Postgres_Dyanmic.py took 0.097 seconds
[2022-07-31 04:40:18,526] {processor.py:153} INFO - Started process (PID=746) to work on /opt/airflow/dags/operators/Postgres_Dyanmic.py
[2022-07-31 04:40:18,531] {processor.py:641} INFO - Processing file /opt/airflow/dags/operators/Postgres_Dyanmic.py for tasks to queue
[2022-07-31 04:40:18,533] {logging_mixin.py:115} INFO - [2022-07-31 04:40:18,533] {dagbag.py:507} INFO - Filling up the DagBag from /opt/airflow/dags/operators/Postgres_Dyanmic.py
[2022-07-31 04:40:18,602] {processor.py:651} INFO - DAG(s) dict_keys(['postgres_dynamic']) retrieved from /opt/airflow/dags/operators/Postgres_Dyanmic.py
[2022-07-31 04:40:18,710] {logging_mixin.py:115} INFO - [2022-07-31 04:40:18,710] {dag.py:2379} INFO - Sync 1 DAGs
[2022-07-31 04:40:18,780] {logging_mixin.py:115} INFO - [2022-07-31 04:40:18,780] {dag.py:2931} INFO - Setting next_dagrun for postgres_dynamic to 2022-07-30T00:00:00+00:00, run_after=2022-07-31T00:00:00+00:00
[2022-07-31 04:40:18,824] {processor.py:161} INFO - Processing /opt/airflow/dags/operators/Postgres_Dyanmic.py took 0.302 seconds
[2022-07-31 04:40:48,910] {processor.py:153} INFO - Started process (PID=826) to work on /opt/airflow/dags/operators/Postgres_Dyanmic.py
[2022-07-31 04:40:48,911] {processor.py:641} INFO - Processing file /opt/airflow/dags/operators/Postgres_Dyanmic.py for tasks to queue
[2022-07-31 04:40:48,912] {logging_mixin.py:115} INFO - [2022-07-31 04:40:48,912] {dagbag.py:507} INFO - Filling up the DagBag from /opt/airflow/dags/operators/Postgres_Dyanmic.py
[2022-07-31 04:40:48,933] {processor.py:651} INFO - DAG(s) dict_keys(['postgres_dynamic']) retrieved from /opt/airflow/dags/operators/Postgres_Dyanmic.py
[2022-07-31 04:40:48,961] {logging_mixin.py:115} INFO - [2022-07-31 04:40:48,961] {dag.py:2379} INFO - Sync 1 DAGs
[2022-07-31 04:40:48,985] {logging_mixin.py:115} INFO - [2022-07-31 04:40:48,985] {dag.py:2931} INFO - Setting next_dagrun for postgres_dynamic to 2022-07-30T00:00:00+00:00, run_after=2022-07-31T00:00:00+00:00
[2022-07-31 04:40:48,997] {processor.py:161} INFO - Processing /opt/airflow/dags/operators/Postgres_Dyanmic.py took 0.090 seconds
[2022-07-31 04:41:19,303] {processor.py:153} INFO - Started process (PID=901) to work on /opt/airflow/dags/operators/Postgres_Dyanmic.py
[2022-07-31 04:41:19,304] {processor.py:641} INFO - Processing file /opt/airflow/dags/operators/Postgres_Dyanmic.py for tasks to queue
[2022-07-31 04:41:19,304] {logging_mixin.py:115} INFO - [2022-07-31 04:41:19,304] {dagbag.py:507} INFO - Filling up the DagBag from /opt/airflow/dags/operators/Postgres_Dyanmic.py
[2022-07-31 04:41:19,333] {processor.py:651} INFO - DAG(s) dict_keys(['postgres_dynamic']) retrieved from /opt/airflow/dags/operators/Postgres_Dyanmic.py
[2022-07-31 04:41:19,365] {logging_mixin.py:115} INFO - [2022-07-31 04:41:19,365] {dag.py:2379} INFO - Sync 1 DAGs
[2022-07-31 04:41:19,400] {logging_mixin.py:115} INFO - [2022-07-31 04:41:19,400] {dag.py:2931} INFO - Setting next_dagrun for postgres_dynamic to 2022-07-30T00:00:00+00:00, run_after=2022-07-31T00:00:00+00:00
[2022-07-31 04:41:19,422] {processor.py:161} INFO - Processing /opt/airflow/dags/operators/Postgres_Dyanmic.py took 0.123 seconds
[2022-07-31 04:41:49,557] {processor.py:153} INFO - Started process (PID=986) to work on /opt/airflow/dags/operators/Postgres_Dyanmic.py
[2022-07-31 04:41:49,560] {processor.py:641} INFO - Processing file /opt/airflow/dags/operators/Postgres_Dyanmic.py for tasks to queue
[2022-07-31 04:41:49,562] {logging_mixin.py:115} INFO - [2022-07-31 04:41:49,562] {dagbag.py:507} INFO - Filling up the DagBag from /opt/airflow/dags/operators/Postgres_Dyanmic.py
[2022-07-31 04:41:49,593] {processor.py:651} INFO - DAG(s) dict_keys(['postgres_dynamic']) retrieved from /opt/airflow/dags/operators/Postgres_Dyanmic.py
[2022-07-31 04:41:49,627] {logging_mixin.py:115} INFO - [2022-07-31 04:41:49,627] {dag.py:2379} INFO - Sync 1 DAGs
[2022-07-31 04:41:49,664] {logging_mixin.py:115} INFO - [2022-07-31 04:41:49,664] {dag.py:2931} INFO - Setting next_dagrun for postgres_dynamic to 2022-07-30T00:00:00+00:00, run_after=2022-07-31T00:00:00+00:00
[2022-07-31 04:41:49,680] {processor.py:161} INFO - Processing /opt/airflow/dags/operators/Postgres_Dyanmic.py took 0.126 seconds
[2022-07-31 04:42:20,445] {processor.py:153} INFO - Started process (PID=1056) to work on /opt/airflow/dags/operators/Postgres_Dyanmic.py
[2022-07-31 04:42:20,467] {processor.py:641} INFO - Processing file /opt/airflow/dags/operators/Postgres_Dyanmic.py for tasks to queue
[2022-07-31 04:42:20,469] {logging_mixin.py:115} INFO - [2022-07-31 04:42:20,469] {dagbag.py:507} INFO - Filling up the DagBag from /opt/airflow/dags/operators/Postgres_Dyanmic.py
[2022-07-31 04:42:20,567] {processor.py:651} INFO - DAG(s) dict_keys(['postgres_dynamic']) retrieved from /opt/airflow/dags/operators/Postgres_Dyanmic.py
[2022-07-31 04:42:20,666] {logging_mixin.py:115} INFO - [2022-07-31 04:42:20,666] {dag.py:2379} INFO - Sync 1 DAGs
[2022-07-31 04:42:20,817] {logging_mixin.py:115} INFO - [2022-07-31 04:42:20,817] {dag.py:2931} INFO - Setting next_dagrun for postgres_dynamic to 2022-07-30T00:00:00+00:00, run_after=2022-07-31T00:00:00+00:00
[2022-07-31 04:42:20,980] {processor.py:161} INFO - Processing /opt/airflow/dags/operators/Postgres_Dyanmic.py took 0.544 seconds
[2022-07-31 04:42:51,672] {processor.py:153} INFO - Started process (PID=1140) to work on /opt/airflow/dags/operators/Postgres_Dyanmic.py
[2022-07-31 04:42:51,690] {processor.py:641} INFO - Processing file /opt/airflow/dags/operators/Postgres_Dyanmic.py for tasks to queue
[2022-07-31 04:42:51,691] {logging_mixin.py:115} INFO - [2022-07-31 04:42:51,691] {dagbag.py:507} INFO - Filling up the DagBag from /opt/airflow/dags/operators/Postgres_Dyanmic.py
[2022-07-31 04:42:51,722] {processor.py:651} INFO - DAG(s) dict_keys(['postgres_dynamic']) retrieved from /opt/airflow/dags/operators/Postgres_Dyanmic.py
[2022-07-31 04:42:51,753] {logging_mixin.py:115} INFO - [2022-07-31 04:42:51,752] {dag.py:2379} INFO - Sync 1 DAGs
[2022-07-31 04:42:51,789] {logging_mixin.py:115} INFO - [2022-07-31 04:42:51,789] {dag.py:2931} INFO - Setting next_dagrun for postgres_dynamic to 2022-07-30T00:00:00+00:00, run_after=2022-07-31T00:00:00+00:00
[2022-07-31 04:42:51,804] {processor.py:161} INFO - Processing /opt/airflow/dags/operators/Postgres_Dyanmic.py took 0.136 seconds
