[2022-07-31 04:35:42,652] {processor.py:153} INFO - Started process (PID=75) to work on /opt/airflow/dags/operators/PythonOperator.py
[2022-07-31 04:35:42,657] {processor.py:641} INFO - Processing file /opt/airflow/dags/operators/PythonOperator.py for tasks to queue
[2022-07-31 04:35:42,658] {logging_mixin.py:115} INFO - [2022-07-31 04:35:42,658] {dagbag.py:507} INFO - Filling up the DagBag from /opt/airflow/dags/operators/PythonOperator.py
[2022-07-31 04:35:42,827] {processor.py:651} INFO - DAG(s) dict_keys(['python_operator']) retrieved from /opt/airflow/dags/operators/PythonOperator.py
[2022-07-31 04:35:43,290] {logging_mixin.py:115} INFO - [2022-07-31 04:35:43,290] {dag.py:2379} INFO - Sync 1 DAGs
[2022-07-31 04:35:44,514] {logging_mixin.py:115} INFO - [2022-07-31 04:35:44,514] {dag.py:2931} INFO - Setting next_dagrun for python_operator to 2022-07-30T00:00:00+00:00, run_after=2022-07-31T00:00:00+00:00
[2022-07-31 04:35:44,574] {processor.py:161} INFO - Processing /opt/airflow/dags/operators/PythonOperator.py took 1.952 seconds
[2022-07-31 04:36:15,213] {processor.py:153} INFO - Started process (PID=149) to work on /opt/airflow/dags/operators/PythonOperator.py
[2022-07-31 04:36:15,216] {processor.py:641} INFO - Processing file /opt/airflow/dags/operators/PythonOperator.py for tasks to queue
[2022-07-31 04:36:15,219] {logging_mixin.py:115} INFO - [2022-07-31 04:36:15,219] {dagbag.py:507} INFO - Filling up the DagBag from /opt/airflow/dags/operators/PythonOperator.py
[2022-07-31 04:36:15,261] {processor.py:651} INFO - DAG(s) dict_keys(['python_operator']) retrieved from /opt/airflow/dags/operators/PythonOperator.py
[2022-07-31 04:36:15,299] {logging_mixin.py:115} INFO - [2022-07-31 04:36:15,299] {dag.py:2379} INFO - Sync 1 DAGs
[2022-07-31 04:36:15,356] {logging_mixin.py:115} INFO - [2022-07-31 04:36:15,355] {dag.py:2931} INFO - Setting next_dagrun for python_operator to 2022-07-30T00:00:00+00:00, run_after=2022-07-31T00:00:00+00:00
[2022-07-31 04:36:15,424] {processor.py:161} INFO - Processing /opt/airflow/dags/operators/PythonOperator.py took 0.215 seconds
[2022-07-31 04:36:45,965] {processor.py:153} INFO - Started process (PID=222) to work on /opt/airflow/dags/operators/PythonOperator.py
[2022-07-31 04:36:45,977] {processor.py:641} INFO - Processing file /opt/airflow/dags/operators/PythonOperator.py for tasks to queue
[2022-07-31 04:36:45,986] {logging_mixin.py:115} INFO - [2022-07-31 04:36:45,984] {dagbag.py:507} INFO - Filling up the DagBag from /opt/airflow/dags/operators/PythonOperator.py
[2022-07-31 04:36:46,107] {processor.py:651} INFO - DAG(s) dict_keys(['python_operator']) retrieved from /opt/airflow/dags/operators/PythonOperator.py
[2022-07-31 04:36:46,241] {logging_mixin.py:115} INFO - [2022-07-31 04:36:46,241] {dag.py:2379} INFO - Sync 1 DAGs
[2022-07-31 04:36:46,332] {logging_mixin.py:115} INFO - [2022-07-31 04:36:46,332] {dag.py:2931} INFO - Setting next_dagrun for python_operator to 2022-07-30T00:00:00+00:00, run_after=2022-07-31T00:00:00+00:00
[2022-07-31 04:36:46,365] {processor.py:161} INFO - Processing /opt/airflow/dags/operators/PythonOperator.py took 0.438 seconds
[2022-07-31 04:37:17,109] {processor.py:153} INFO - Started process (PID=297) to work on /opt/airflow/dags/operators/PythonOperator.py
[2022-07-31 04:37:17,112] {processor.py:641} INFO - Processing file /opt/airflow/dags/operators/PythonOperator.py for tasks to queue
[2022-07-31 04:37:17,115] {logging_mixin.py:115} INFO - [2022-07-31 04:37:17,113] {dagbag.py:507} INFO - Filling up the DagBag from /opt/airflow/dags/operators/PythonOperator.py
[2022-07-31 04:37:17,224] {processor.py:651} INFO - DAG(s) dict_keys(['python_operator']) retrieved from /opt/airflow/dags/operators/PythonOperator.py
[2022-07-31 04:37:17,259] {logging_mixin.py:115} INFO - [2022-07-31 04:37:17,259] {dag.py:2379} INFO - Sync 1 DAGs
[2022-07-31 04:37:17,310] {logging_mixin.py:115} INFO - [2022-07-31 04:37:17,309] {dag.py:2931} INFO - Setting next_dagrun for python_operator to 2022-07-30T00:00:00+00:00, run_after=2022-07-31T00:00:00+00:00
[2022-07-31 04:37:17,335] {processor.py:161} INFO - Processing /opt/airflow/dags/operators/PythonOperator.py took 0.245 seconds
[2022-07-31 04:37:48,193] {processor.py:153} INFO - Started process (PID=370) to work on /opt/airflow/dags/operators/PythonOperator.py
[2022-07-31 04:37:48,195] {processor.py:641} INFO - Processing file /opt/airflow/dags/operators/PythonOperator.py for tasks to queue
[2022-07-31 04:37:48,205] {logging_mixin.py:115} INFO - [2022-07-31 04:37:48,205] {dagbag.py:507} INFO - Filling up the DagBag from /opt/airflow/dags/operators/PythonOperator.py
[2022-07-31 04:37:48,267] {processor.py:651} INFO - DAG(s) dict_keys(['python_operator']) retrieved from /opt/airflow/dags/operators/PythonOperator.py
[2022-07-31 04:37:48,312] {logging_mixin.py:115} INFO - [2022-07-31 04:37:48,311] {dag.py:2379} INFO - Sync 1 DAGs
[2022-07-31 04:37:48,384] {logging_mixin.py:115} INFO - [2022-07-31 04:37:48,383] {dag.py:2931} INFO - Setting next_dagrun for python_operator to 2022-07-30T00:00:00+00:00, run_after=2022-07-31T00:00:00+00:00
[2022-07-31 04:37:48,432] {processor.py:161} INFO - Processing /opt/airflow/dags/operators/PythonOperator.py took 0.243 seconds
[2022-07-31 04:38:18,678] {processor.py:153} INFO - Started process (PID=451) to work on /opt/airflow/dags/operators/PythonOperator.py
[2022-07-31 04:38:18,680] {processor.py:641} INFO - Processing file /opt/airflow/dags/operators/PythonOperator.py for tasks to queue
[2022-07-31 04:38:18,680] {logging_mixin.py:115} INFO - [2022-07-31 04:38:18,680] {dagbag.py:507} INFO - Filling up the DagBag from /opt/airflow/dags/operators/PythonOperator.py
[2022-07-31 04:38:18,718] {processor.py:651} INFO - DAG(s) dict_keys(['python_operator']) retrieved from /opt/airflow/dags/operators/PythonOperator.py
[2022-07-31 04:38:18,741] {logging_mixin.py:115} INFO - [2022-07-31 04:38:18,741] {dag.py:2379} INFO - Sync 1 DAGs
[2022-07-31 04:38:18,780] {logging_mixin.py:115} INFO - [2022-07-31 04:38:18,780] {dag.py:2931} INFO - Setting next_dagrun for python_operator to 2022-07-30T00:00:00+00:00, run_after=2022-07-31T00:00:00+00:00
[2022-07-31 04:38:18,801] {processor.py:161} INFO - Processing /opt/airflow/dags/operators/PythonOperator.py took 0.127 seconds
[2022-07-31 04:38:49,303] {processor.py:153} INFO - Started process (PID=523) to work on /opt/airflow/dags/operators/PythonOperator.py
[2022-07-31 04:38:49,304] {processor.py:641} INFO - Processing file /opt/airflow/dags/operators/PythonOperator.py for tasks to queue
[2022-07-31 04:38:49,304] {logging_mixin.py:115} INFO - [2022-07-31 04:38:49,304] {dagbag.py:507} INFO - Filling up the DagBag from /opt/airflow/dags/operators/PythonOperator.py
[2022-07-31 04:38:49,335] {processor.py:651} INFO - DAG(s) dict_keys(['python_operator']) retrieved from /opt/airflow/dags/operators/PythonOperator.py
[2022-07-31 04:38:49,356] {logging_mixin.py:115} INFO - [2022-07-31 04:38:49,356] {dag.py:2379} INFO - Sync 1 DAGs
[2022-07-31 04:38:49,393] {logging_mixin.py:115} INFO - [2022-07-31 04:38:49,393] {dag.py:2931} INFO - Setting next_dagrun for python_operator to 2022-07-30T00:00:00+00:00, run_after=2022-07-31T00:00:00+00:00
[2022-07-31 04:38:49,407] {processor.py:161} INFO - Processing /opt/airflow/dags/operators/PythonOperator.py took 0.108 seconds
[2022-07-31 04:39:19,478] {processor.py:153} INFO - Started process (PID=604) to work on /opt/airflow/dags/operators/PythonOperator.py
[2022-07-31 04:39:19,479] {processor.py:641} INFO - Processing file /opt/airflow/dags/operators/PythonOperator.py for tasks to queue
[2022-07-31 04:39:19,480] {logging_mixin.py:115} INFO - [2022-07-31 04:39:19,480] {dagbag.py:507} INFO - Filling up the DagBag from /opt/airflow/dags/operators/PythonOperator.py
[2022-07-31 04:39:19,510] {processor.py:651} INFO - DAG(s) dict_keys(['python_operator']) retrieved from /opt/airflow/dags/operators/PythonOperator.py
[2022-07-31 04:39:19,537] {logging_mixin.py:115} INFO - [2022-07-31 04:39:19,537] {dag.py:2379} INFO - Sync 1 DAGs
[2022-07-31 04:39:19,577] {logging_mixin.py:115} INFO - [2022-07-31 04:39:19,577] {dag.py:2931} INFO - Setting next_dagrun for python_operator to 2022-07-30T00:00:00+00:00, run_after=2022-07-31T00:00:00+00:00
[2022-07-31 04:39:19,593] {processor.py:161} INFO - Processing /opt/airflow/dags/operators/PythonOperator.py took 0.119 seconds
[2022-07-31 04:39:50,338] {processor.py:153} INFO - Started process (PID=676) to work on /opt/airflow/dags/operators/PythonOperator.py
[2022-07-31 04:39:50,344] {processor.py:641} INFO - Processing file /opt/airflow/dags/operators/PythonOperator.py for tasks to queue
[2022-07-31 04:39:50,351] {logging_mixin.py:115} INFO - [2022-07-31 04:39:50,351] {dagbag.py:507} INFO - Filling up the DagBag from /opt/airflow/dags/operators/PythonOperator.py
[2022-07-31 04:39:50,464] {processor.py:651} INFO - DAG(s) dict_keys(['python_operator']) retrieved from /opt/airflow/dags/operators/PythonOperator.py
[2022-07-31 04:39:50,511] {logging_mixin.py:115} INFO - [2022-07-31 04:39:50,511] {dag.py:2379} INFO - Sync 1 DAGs
[2022-07-31 04:39:50,576] {logging_mixin.py:115} INFO - [2022-07-31 04:39:50,576] {dag.py:2931} INFO - Setting next_dagrun for python_operator to 2022-07-30T00:00:00+00:00, run_after=2022-07-31T00:00:00+00:00
[2022-07-31 04:39:50,617] {processor.py:161} INFO - Processing /opt/airflow/dags/operators/PythonOperator.py took 0.301 seconds
[2022-07-31 04:40:20,882] {processor.py:153} INFO - Started process (PID=757) to work on /opt/airflow/dags/operators/PythonOperator.py
[2022-07-31 04:40:20,883] {processor.py:641} INFO - Processing file /opt/airflow/dags/operators/PythonOperator.py for tasks to queue
[2022-07-31 04:40:20,884] {logging_mixin.py:115} INFO - [2022-07-31 04:40:20,884] {dagbag.py:507} INFO - Filling up the DagBag from /opt/airflow/dags/operators/PythonOperator.py
[2022-07-31 04:40:20,939] {processor.py:651} INFO - DAG(s) dict_keys(['python_operator']) retrieved from /opt/airflow/dags/operators/PythonOperator.py
[2022-07-31 04:40:20,977] {logging_mixin.py:115} INFO - [2022-07-31 04:40:20,977] {dag.py:2379} INFO - Sync 1 DAGs
[2022-07-31 04:40:21,010] {logging_mixin.py:115} INFO - [2022-07-31 04:40:21,010] {dag.py:2931} INFO - Setting next_dagrun for python_operator to 2022-07-30T00:00:00+00:00, run_after=2022-07-31T00:00:00+00:00
[2022-07-31 04:40:21,026] {processor.py:161} INFO - Processing /opt/airflow/dags/operators/PythonOperator.py took 0.160 seconds
[2022-07-31 04:40:51,106] {processor.py:153} INFO - Started process (PID=830) to work on /opt/airflow/dags/operators/PythonOperator.py
[2022-07-31 04:40:51,107] {processor.py:641} INFO - Processing file /opt/airflow/dags/operators/PythonOperator.py for tasks to queue
[2022-07-31 04:40:51,108] {logging_mixin.py:115} INFO - [2022-07-31 04:40:51,107] {dagbag.py:507} INFO - Filling up the DagBag from /opt/airflow/dags/operators/PythonOperator.py
[2022-07-31 04:40:51,132] {processor.py:651} INFO - DAG(s) dict_keys(['python_operator']) retrieved from /opt/airflow/dags/operators/PythonOperator.py
[2022-07-31 04:40:51,147] {logging_mixin.py:115} INFO - [2022-07-31 04:40:51,147] {dag.py:2379} INFO - Sync 1 DAGs
[2022-07-31 04:40:51,169] {logging_mixin.py:115} INFO - [2022-07-31 04:40:51,169] {dag.py:2931} INFO - Setting next_dagrun for python_operator to 2022-07-30T00:00:00+00:00, run_after=2022-07-31T00:00:00+00:00
[2022-07-31 04:40:51,182] {processor.py:161} INFO - Processing /opt/airflow/dags/operators/PythonOperator.py took 0.078 seconds
[2022-07-31 04:41:21,322] {processor.py:153} INFO - Started process (PID=903) to work on /opt/airflow/dags/operators/PythonOperator.py
[2022-07-31 04:41:21,324] {processor.py:641} INFO - Processing file /opt/airflow/dags/operators/PythonOperator.py for tasks to queue
[2022-07-31 04:41:21,326] {logging_mixin.py:115} INFO - [2022-07-31 04:41:21,326] {dagbag.py:507} INFO - Filling up the DagBag from /opt/airflow/dags/operators/PythonOperator.py
[2022-07-31 04:41:21,357] {processor.py:651} INFO - DAG(s) dict_keys(['python_operator']) retrieved from /opt/airflow/dags/operators/PythonOperator.py
[2022-07-31 04:41:21,380] {logging_mixin.py:115} INFO - [2022-07-31 04:41:21,380] {dag.py:2379} INFO - Sync 1 DAGs
[2022-07-31 04:41:21,418] {logging_mixin.py:115} INFO - [2022-07-31 04:41:21,418] {dag.py:2931} INFO - Setting next_dagrun for python_operator to 2022-07-30T00:00:00+00:00, run_after=2022-07-31T00:00:00+00:00
[2022-07-31 04:41:21,434] {processor.py:161} INFO - Processing /opt/airflow/dags/operators/PythonOperator.py took 0.116 seconds
[2022-07-31 04:41:51,563] {processor.py:153} INFO - Started process (PID=987) to work on /opt/airflow/dags/operators/PythonOperator.py
[2022-07-31 04:41:51,564] {processor.py:641} INFO - Processing file /opt/airflow/dags/operators/PythonOperator.py for tasks to queue
[2022-07-31 04:41:51,564] {logging_mixin.py:115} INFO - [2022-07-31 04:41:51,564] {dagbag.py:507} INFO - Filling up the DagBag from /opt/airflow/dags/operators/PythonOperator.py
[2022-07-31 04:41:51,587] {processor.py:651} INFO - DAG(s) dict_keys(['python_operator']) retrieved from /opt/airflow/dags/operators/PythonOperator.py
[2022-07-31 04:41:51,602] {logging_mixin.py:115} INFO - [2022-07-31 04:41:51,602] {dag.py:2379} INFO - Sync 1 DAGs
[2022-07-31 04:41:51,624] {logging_mixin.py:115} INFO - [2022-07-31 04:41:51,624] {dag.py:2931} INFO - Setting next_dagrun for python_operator to 2022-07-30T00:00:00+00:00, run_after=2022-07-31T00:00:00+00:00
[2022-07-31 04:41:51,637] {processor.py:161} INFO - Processing /opt/airflow/dags/operators/PythonOperator.py took 0.077 seconds
[2022-07-31 04:42:22,535] {processor.py:153} INFO - Started process (PID=1058) to work on /opt/airflow/dags/operators/PythonOperator.py
[2022-07-31 04:42:22,548] {processor.py:641} INFO - Processing file /opt/airflow/dags/operators/PythonOperator.py for tasks to queue
[2022-07-31 04:42:22,550] {logging_mixin.py:115} INFO - [2022-07-31 04:42:22,550] {dagbag.py:507} INFO - Filling up the DagBag from /opt/airflow/dags/operators/PythonOperator.py
[2022-07-31 04:42:22,616] {processor.py:651} INFO - DAG(s) dict_keys(['python_operator']) retrieved from /opt/airflow/dags/operators/PythonOperator.py
[2022-07-31 04:42:22,676] {logging_mixin.py:115} INFO - [2022-07-31 04:42:22,676] {dag.py:2379} INFO - Sync 1 DAGs
[2022-07-31 04:42:22,773] {logging_mixin.py:115} INFO - [2022-07-31 04:42:22,773] {dag.py:2931} INFO - Setting next_dagrun for python_operator to 2022-07-30T00:00:00+00:00, run_after=2022-07-31T00:00:00+00:00
[2022-07-31 04:42:22,814] {processor.py:161} INFO - Processing /opt/airflow/dags/operators/PythonOperator.py took 0.283 seconds
[2022-07-31 04:42:52,911] {processor.py:153} INFO - Started process (PID=1143) to work on /opt/airflow/dags/operators/PythonOperator.py
[2022-07-31 04:42:52,911] {processor.py:641} INFO - Processing file /opt/airflow/dags/operators/PythonOperator.py for tasks to queue
[2022-07-31 04:42:52,912] {logging_mixin.py:115} INFO - [2022-07-31 04:42:52,912] {dagbag.py:507} INFO - Filling up the DagBag from /opt/airflow/dags/operators/PythonOperator.py
[2022-07-31 04:42:52,935] {processor.py:651} INFO - DAG(s) dict_keys(['python_operator']) retrieved from /opt/airflow/dags/operators/PythonOperator.py
[2022-07-31 04:42:52,949] {logging_mixin.py:115} INFO - [2022-07-31 04:42:52,949] {dag.py:2379} INFO - Sync 1 DAGs
[2022-07-31 04:42:52,970] {logging_mixin.py:115} INFO - [2022-07-31 04:42:52,970] {dag.py:2931} INFO - Setting next_dagrun for python_operator to 2022-07-30T00:00:00+00:00, run_after=2022-07-31T00:00:00+00:00
[2022-07-31 04:42:52,982] {processor.py:161} INFO - Processing /opt/airflow/dags/operators/PythonOperator.py took 0.074 seconds
[2022-07-31 06:54:53,358] {processor.py:153} INFO - Started process (PID=75) to work on /opt/airflow/dags/operators/PythonOperator.py
[2022-07-31 06:54:53,364] {processor.py:641} INFO - Processing file /opt/airflow/dags/operators/PythonOperator.py for tasks to queue
[2022-07-31 06:54:53,364] {logging_mixin.py:115} INFO - [2022-07-31 06:54:53,364] {dagbag.py:507} INFO - Filling up the DagBag from /opt/airflow/dags/operators/PythonOperator.py
[2022-07-31 06:54:53,514] {processor.py:651} INFO - DAG(s) dict_keys(['python_operator']) retrieved from /opt/airflow/dags/operators/PythonOperator.py
[2022-07-31 06:54:53,611] {logging_mixin.py:115} INFO - [2022-07-31 06:54:53,610] {dag.py:2379} INFO - Sync 1 DAGs
[2022-07-31 06:54:53,777] {logging_mixin.py:115} INFO - [2022-07-31 06:54:53,777] {dag.py:2931} INFO - Setting next_dagrun for python_operator to 2022-07-30T00:00:00+00:00, run_after=2022-07-31T00:00:00+00:00
[2022-07-31 06:54:53,855] {processor.py:161} INFO - Processing /opt/airflow/dags/operators/PythonOperator.py took 0.537 seconds
[2022-07-31 06:55:25,258] {processor.py:153} INFO - Started process (PID=144) to work on /opt/airflow/dags/operators/PythonOperator.py
[2022-07-31 06:55:25,284] {processor.py:641} INFO - Processing file /opt/airflow/dags/operators/PythonOperator.py for tasks to queue
[2022-07-31 06:55:25,285] {logging_mixin.py:115} INFO - [2022-07-31 06:55:25,285] {dagbag.py:507} INFO - Filling up the DagBag from /opt/airflow/dags/operators/PythonOperator.py
[2022-07-31 06:55:25,472] {processor.py:651} INFO - DAG(s) dict_keys(['python_operator']) retrieved from /opt/airflow/dags/operators/PythonOperator.py
[2022-07-31 06:55:25,611] {logging_mixin.py:115} INFO - [2022-07-31 06:55:25,611] {dag.py:2379} INFO - Sync 1 DAGs
[2022-07-31 06:55:25,731] {logging_mixin.py:115} INFO - [2022-07-31 06:55:25,731] {dag.py:2931} INFO - Setting next_dagrun for python_operator to 2022-07-30T00:00:00+00:00, run_after=2022-07-31T00:00:00+00:00
[2022-07-31 06:55:25,795] {processor.py:161} INFO - Processing /opt/airflow/dags/operators/PythonOperator.py took 0.561 seconds
[2022-07-31 06:55:55,980] {processor.py:153} INFO - Started process (PID=209) to work on /opt/airflow/dags/operators/PythonOperator.py
[2022-07-31 06:55:55,989] {processor.py:641} INFO - Processing file /opt/airflow/dags/operators/PythonOperator.py for tasks to queue
[2022-07-31 06:55:55,991] {logging_mixin.py:115} INFO - [2022-07-31 06:55:55,990] {dagbag.py:507} INFO - Filling up the DagBag from /opt/airflow/dags/operators/PythonOperator.py
[2022-07-31 06:55:56,108] {processor.py:651} INFO - DAG(s) dict_keys(['python_operator']) retrieved from /opt/airflow/dags/operators/PythonOperator.py
[2022-07-31 06:55:56,218] {logging_mixin.py:115} INFO - [2022-07-31 06:55:56,218] {dag.py:2379} INFO - Sync 1 DAGs
[2022-07-31 06:55:56,375] {logging_mixin.py:115} INFO - [2022-07-31 06:55:56,375] {dag.py:2931} INFO - Setting next_dagrun for python_operator to 2022-07-30T00:00:00+00:00, run_after=2022-07-31T00:00:00+00:00
[2022-07-31 06:55:56,448] {processor.py:161} INFO - Processing /opt/airflow/dags/operators/PythonOperator.py took 0.476 seconds
[2022-07-31 06:56:26,533] {processor.py:153} INFO - Started process (PID=281) to work on /opt/airflow/dags/operators/PythonOperator.py
[2022-07-31 06:56:26,534] {processor.py:641} INFO - Processing file /opt/airflow/dags/operators/PythonOperator.py for tasks to queue
[2022-07-31 06:56:26,534] {logging_mixin.py:115} INFO - [2022-07-31 06:56:26,534] {dagbag.py:507} INFO - Filling up the DagBag from /opt/airflow/dags/operators/PythonOperator.py
[2022-07-31 06:56:26,558] {processor.py:651} INFO - DAG(s) dict_keys(['python_operator']) retrieved from /opt/airflow/dags/operators/PythonOperator.py
[2022-07-31 06:56:26,572] {logging_mixin.py:115} INFO - [2022-07-31 06:56:26,572] {dag.py:2379} INFO - Sync 1 DAGs
[2022-07-31 06:56:26,596] {logging_mixin.py:115} INFO - [2022-07-31 06:56:26,596] {dag.py:2931} INFO - Setting next_dagrun for python_operator to 2022-07-30T00:00:00+00:00, run_after=2022-07-31T00:00:00+00:00
[2022-07-31 06:56:26,607] {processor.py:161} INFO - Processing /opt/airflow/dags/operators/PythonOperator.py took 0.077 seconds
[2022-07-31 06:56:57,983] {processor.py:153} INFO - Started process (PID=364) to work on /opt/airflow/dags/operators/PythonOperator.py
[2022-07-31 06:56:57,984] {processor.py:641} INFO - Processing file /opt/airflow/dags/operators/PythonOperator.py for tasks to queue
[2022-07-31 06:56:57,985] {logging_mixin.py:115} INFO - [2022-07-31 06:56:57,985] {dagbag.py:507} INFO - Filling up the DagBag from /opt/airflow/dags/operators/PythonOperator.py
[2022-07-31 06:56:58,084] {processor.py:651} INFO - DAG(s) dict_keys(['python_operator']) retrieved from /opt/airflow/dags/operators/PythonOperator.py
[2022-07-31 06:56:58,129] {logging_mixin.py:115} INFO - [2022-07-31 06:56:58,129] {dag.py:2379} INFO - Sync 1 DAGs
[2022-07-31 06:56:58,224] {logging_mixin.py:115} INFO - [2022-07-31 06:56:58,224] {dag.py:2931} INFO - Setting next_dagrun for python_operator to 2022-07-30T00:00:00+00:00, run_after=2022-07-31T00:00:00+00:00
[2022-07-31 06:56:58,271] {processor.py:161} INFO - Processing /opt/airflow/dags/operators/PythonOperator.py took 0.304 seconds
[2022-07-31 06:57:28,765] {processor.py:153} INFO - Started process (PID=440) to work on /opt/airflow/dags/operators/PythonOperator.py
[2022-07-31 06:57:28,776] {processor.py:641} INFO - Processing file /opt/airflow/dags/operators/PythonOperator.py for tasks to queue
[2022-07-31 06:57:28,784] {logging_mixin.py:115} INFO - [2022-07-31 06:57:28,782] {dagbag.py:507} INFO - Filling up the DagBag from /opt/airflow/dags/operators/PythonOperator.py
[2022-07-31 06:57:28,864] {processor.py:651} INFO - DAG(s) dict_keys(['python_operator']) retrieved from /opt/airflow/dags/operators/PythonOperator.py
[2022-07-31 06:57:28,938] {logging_mixin.py:115} INFO - [2022-07-31 06:57:28,938] {dag.py:2379} INFO - Sync 1 DAGs
[2022-07-31 06:57:29,046] {logging_mixin.py:115} INFO - [2022-07-31 06:57:29,046] {dag.py:2931} INFO - Setting next_dagrun for python_operator to 2022-07-30T00:00:00+00:00, run_after=2022-07-31T00:00:00+00:00
[2022-07-31 06:57:29,091] {processor.py:161} INFO - Processing /opt/airflow/dags/operators/PythonOperator.py took 0.329 seconds
[2022-07-31 06:57:59,177] {processor.py:153} INFO - Started process (PID=514) to work on /opt/airflow/dags/operators/PythonOperator.py
[2022-07-31 06:57:59,178] {processor.py:641} INFO - Processing file /opt/airflow/dags/operators/PythonOperator.py for tasks to queue
[2022-07-31 06:57:59,179] {logging_mixin.py:115} INFO - [2022-07-31 06:57:59,179] {dagbag.py:507} INFO - Filling up the DagBag from /opt/airflow/dags/operators/PythonOperator.py
[2022-07-31 06:57:59,202] {processor.py:651} INFO - DAG(s) dict_keys(['python_operator']) retrieved from /opt/airflow/dags/operators/PythonOperator.py
[2022-07-31 06:57:59,217] {logging_mixin.py:115} INFO - [2022-07-31 06:57:59,217] {dag.py:2379} INFO - Sync 1 DAGs
[2022-07-31 06:57:59,243] {logging_mixin.py:115} INFO - [2022-07-31 06:57:59,242] {dag.py:2931} INFO - Setting next_dagrun for python_operator to 2022-07-30T00:00:00+00:00, run_after=2022-07-31T00:00:00+00:00
[2022-07-31 06:57:59,254] {processor.py:161} INFO - Processing /opt/airflow/dags/operators/PythonOperator.py took 0.086 seconds
[2022-07-31 06:58:29,803] {processor.py:153} INFO - Started process (PID=589) to work on /opt/airflow/dags/operators/PythonOperator.py
[2022-07-31 06:58:29,806] {processor.py:641} INFO - Processing file /opt/airflow/dags/operators/PythonOperator.py for tasks to queue
[2022-07-31 06:58:29,810] {logging_mixin.py:115} INFO - [2022-07-31 06:58:29,810] {dagbag.py:507} INFO - Filling up the DagBag from /opt/airflow/dags/operators/PythonOperator.py
[2022-07-31 06:58:29,886] {processor.py:651} INFO - DAG(s) dict_keys(['python_operator']) retrieved from /opt/airflow/dags/operators/PythonOperator.py
[2022-07-31 06:58:29,936] {logging_mixin.py:115} INFO - [2022-07-31 06:58:29,936] {dag.py:2379} INFO - Sync 1 DAGs
[2022-07-31 06:58:30,057] {logging_mixin.py:115} INFO - [2022-07-31 06:58:30,057] {dag.py:2931} INFO - Setting next_dagrun for python_operator to 2022-07-30T00:00:00+00:00, run_after=2022-07-31T00:00:00+00:00
[2022-07-31 06:58:30,147] {processor.py:161} INFO - Processing /opt/airflow/dags/operators/PythonOperator.py took 0.360 seconds
[2022-07-31 06:59:00,415] {processor.py:153} INFO - Started process (PID=671) to work on /opt/airflow/dags/operators/PythonOperator.py
[2022-07-31 06:59:00,428] {processor.py:641} INFO - Processing file /opt/airflow/dags/operators/PythonOperator.py for tasks to queue
[2022-07-31 06:59:00,439] {logging_mixin.py:115} INFO - [2022-07-31 06:59:00,439] {dagbag.py:507} INFO - Filling up the DagBag from /opt/airflow/dags/operators/PythonOperator.py
[2022-07-31 06:59:00,509] {processor.py:651} INFO - DAG(s) dict_keys(['python_operator']) retrieved from /opt/airflow/dags/operators/PythonOperator.py
[2022-07-31 06:59:00,577] {logging_mixin.py:115} INFO - [2022-07-31 06:59:00,577] {dag.py:2379} INFO - Sync 1 DAGs
[2022-07-31 06:59:00,692] {logging_mixin.py:115} INFO - [2022-07-31 06:59:00,692] {dag.py:2931} INFO - Setting next_dagrun for python_operator to 2022-07-30T00:00:00+00:00, run_after=2022-07-31T00:00:00+00:00
[2022-07-31 06:59:00,728] {processor.py:161} INFO - Processing /opt/airflow/dags/operators/PythonOperator.py took 0.317 seconds
[2022-07-31 06:59:31,278] {processor.py:153} INFO - Started process (PID=745) to work on /opt/airflow/dags/operators/PythonOperator.py
[2022-07-31 06:59:31,279] {processor.py:641} INFO - Processing file /opt/airflow/dags/operators/PythonOperator.py for tasks to queue
[2022-07-31 06:59:31,279] {logging_mixin.py:115} INFO - [2022-07-31 06:59:31,279] {dagbag.py:507} INFO - Filling up the DagBag from /opt/airflow/dags/operators/PythonOperator.py
[2022-07-31 06:59:31,313] {processor.py:651} INFO - DAG(s) dict_keys(['python_operator']) retrieved from /opt/airflow/dags/operators/PythonOperator.py
[2022-07-31 06:59:31,340] {logging_mixin.py:115} INFO - [2022-07-31 06:59:31,340] {dag.py:2379} INFO - Sync 1 DAGs
[2022-07-31 06:59:31,375] {logging_mixin.py:115} INFO - [2022-07-31 06:59:31,375] {dag.py:2931} INFO - Setting next_dagrun for python_operator to 2022-07-30T00:00:00+00:00, run_after=2022-07-31T00:00:00+00:00
[2022-07-31 06:59:31,389] {processor.py:161} INFO - Processing /opt/airflow/dags/operators/PythonOperator.py took 0.114 seconds
[2022-07-31 07:00:01,684] {processor.py:153} INFO - Started process (PID=821) to work on /opt/airflow/dags/operators/PythonOperator.py
[2022-07-31 07:00:01,685] {processor.py:641} INFO - Processing file /opt/airflow/dags/operators/PythonOperator.py for tasks to queue
[2022-07-31 07:00:01,686] {logging_mixin.py:115} INFO - [2022-07-31 07:00:01,686] {dagbag.py:507} INFO - Filling up the DagBag from /opt/airflow/dags/operators/PythonOperator.py
[2022-07-31 07:00:01,717] {processor.py:651} INFO - DAG(s) dict_keys(['python_operator']) retrieved from /opt/airflow/dags/operators/PythonOperator.py
[2022-07-31 07:00:01,741] {logging_mixin.py:115} INFO - [2022-07-31 07:00:01,741] {dag.py:2379} INFO - Sync 1 DAGs
[2022-07-31 07:00:02,066] {logging_mixin.py:115} INFO - [2022-07-31 07:00:02,066] {dag.py:2931} INFO - Setting next_dagrun for python_operator to 2022-07-30T00:00:00+00:00, run_after=2022-07-31T00:00:00+00:00
[2022-07-31 07:00:02,089] {processor.py:161} INFO - Processing /opt/airflow/dags/operators/PythonOperator.py took 0.409 seconds
[2022-07-31 07:00:32,318] {processor.py:153} INFO - Started process (PID=902) to work on /opt/airflow/dags/operators/PythonOperator.py
[2022-07-31 07:00:32,319] {processor.py:641} INFO - Processing file /opt/airflow/dags/operators/PythonOperator.py for tasks to queue
[2022-07-31 07:00:32,319] {logging_mixin.py:115} INFO - [2022-07-31 07:00:32,319] {dagbag.py:507} INFO - Filling up the DagBag from /opt/airflow/dags/operators/PythonOperator.py
[2022-07-31 07:00:32,363] {processor.py:651} INFO - DAG(s) dict_keys(['python_operator']) retrieved from /opt/airflow/dags/operators/PythonOperator.py
[2022-07-31 07:00:32,384] {logging_mixin.py:115} INFO - [2022-07-31 07:00:32,384] {dag.py:2379} INFO - Sync 1 DAGs
[2022-07-31 07:00:32,989] {logging_mixin.py:115} INFO - [2022-07-31 07:00:32,989] {dag.py:2931} INFO - Setting next_dagrun for python_operator to 2022-07-30T00:00:00+00:00, run_after=2022-07-31T00:00:00+00:00
[2022-07-31 07:00:33,083] {processor.py:161} INFO - Processing /opt/airflow/dags/operators/PythonOperator.py took 0.769 seconds
[2022-07-31 07:01:03,171] {processor.py:153} INFO - Started process (PID=974) to work on /opt/airflow/dags/operators/PythonOperator.py
[2022-07-31 07:01:03,172] {processor.py:641} INFO - Processing file /opt/airflow/dags/operators/PythonOperator.py for tasks to queue
[2022-07-31 07:01:03,173] {logging_mixin.py:115} INFO - [2022-07-31 07:01:03,172] {dagbag.py:507} INFO - Filling up the DagBag from /opt/airflow/dags/operators/PythonOperator.py
[2022-07-31 07:01:03,209] {processor.py:651} INFO - DAG(s) dict_keys(['python_operator']) retrieved from /opt/airflow/dags/operators/PythonOperator.py
[2022-07-31 07:01:03,235] {logging_mixin.py:115} INFO - [2022-07-31 07:01:03,234] {dag.py:2379} INFO - Sync 1 DAGs
[2022-07-31 07:01:03,502] {logging_mixin.py:115} INFO - [2022-07-31 07:01:03,502] {dag.py:2931} INFO - Setting next_dagrun for python_operator to 2022-07-30T00:00:00+00:00, run_after=2022-07-31T00:00:00+00:00
[2022-07-31 07:01:03,522] {processor.py:161} INFO - Processing /opt/airflow/dags/operators/PythonOperator.py took 0.356 seconds
[2022-07-31 07:01:33,724] {processor.py:153} INFO - Started process (PID=1046) to work on /opt/airflow/dags/operators/PythonOperator.py
[2022-07-31 07:01:33,727] {processor.py:641} INFO - Processing file /opt/airflow/dags/operators/PythonOperator.py for tasks to queue
[2022-07-31 07:01:33,732] {logging_mixin.py:115} INFO - [2022-07-31 07:01:33,732] {dagbag.py:507} INFO - Filling up the DagBag from /opt/airflow/dags/operators/PythonOperator.py
[2022-07-31 07:01:33,815] {processor.py:651} INFO - DAG(s) dict_keys(['python_operator']) retrieved from /opt/airflow/dags/operators/PythonOperator.py
[2022-07-31 07:01:33,879] {logging_mixin.py:115} INFO - [2022-07-31 07:01:33,879] {dag.py:2379} INFO - Sync 1 DAGs
[2022-07-31 07:01:34,622] {logging_mixin.py:115} INFO - [2022-07-31 07:01:34,622] {dag.py:2931} INFO - Setting next_dagrun for python_operator to 2022-07-30T00:00:00+00:00, run_after=2022-07-31T00:00:00+00:00
[2022-07-31 07:01:34,654] {processor.py:161} INFO - Processing /opt/airflow/dags/operators/PythonOperator.py took 0.934 seconds
[2022-07-31 07:02:04,908] {processor.py:153} INFO - Started process (PID=1121) to work on /opt/airflow/dags/operators/PythonOperator.py
[2022-07-31 07:02:04,913] {processor.py:641} INFO - Processing file /opt/airflow/dags/operators/PythonOperator.py for tasks to queue
[2022-07-31 07:02:04,915] {logging_mixin.py:115} INFO - [2022-07-31 07:02:04,915] {dagbag.py:507} INFO - Filling up the DagBag from /opt/airflow/dags/operators/PythonOperator.py
[2022-07-31 07:02:05,054] {processor.py:651} INFO - DAG(s) dict_keys(['python_operator']) retrieved from /opt/airflow/dags/operators/PythonOperator.py
[2022-07-31 07:02:05,167] {logging_mixin.py:115} INFO - [2022-07-31 07:02:05,167] {dag.py:2379} INFO - Sync 1 DAGs
[2022-07-31 07:02:05,876] {logging_mixin.py:115} INFO - [2022-07-31 07:02:05,876] {dag.py:2931} INFO - Setting next_dagrun for python_operator to 2022-07-30T00:00:00+00:00, run_after=2022-07-31T00:00:00+00:00
[2022-07-31 07:02:05,908] {processor.py:161} INFO - Processing /opt/airflow/dags/operators/PythonOperator.py took 1.021 seconds
[2022-07-31 07:02:36,284] {processor.py:153} INFO - Started process (PID=1200) to work on /opt/airflow/dags/operators/PythonOperator.py
[2022-07-31 07:02:36,289] {processor.py:641} INFO - Processing file /opt/airflow/dags/operators/PythonOperator.py for tasks to queue
[2022-07-31 07:02:36,292] {logging_mixin.py:115} INFO - [2022-07-31 07:02:36,291] {dagbag.py:507} INFO - Filling up the DagBag from /opt/airflow/dags/operators/PythonOperator.py
[2022-07-31 07:02:36,335] {processor.py:651} INFO - DAG(s) dict_keys(['python_operator']) retrieved from /opt/airflow/dags/operators/PythonOperator.py
[2022-07-31 07:02:36,368] {logging_mixin.py:115} INFO - [2022-07-31 07:02:36,367] {dag.py:2379} INFO - Sync 1 DAGs
[2022-07-31 07:02:36,603] {logging_mixin.py:115} INFO - [2022-07-31 07:02:36,603] {dag.py:2931} INFO - Setting next_dagrun for python_operator to 2022-07-30T00:00:00+00:00, run_after=2022-07-31T00:00:00+00:00
[2022-07-31 07:02:36,617] {processor.py:161} INFO - Processing /opt/airflow/dags/operators/PythonOperator.py took 0.338 seconds
[2022-07-31 07:03:06,734] {processor.py:153} INFO - Started process (PID=1272) to work on /opt/airflow/dags/operators/PythonOperator.py
[2022-07-31 07:03:06,736] {processor.py:641} INFO - Processing file /opt/airflow/dags/operators/PythonOperator.py for tasks to queue
[2022-07-31 07:03:06,746] {logging_mixin.py:115} INFO - [2022-07-31 07:03:06,738] {dagbag.py:507} INFO - Filling up the DagBag from /opt/airflow/dags/operators/PythonOperator.py
[2022-07-31 07:03:06,836] {processor.py:651} INFO - DAG(s) dict_keys(['python_operator']) retrieved from /opt/airflow/dags/operators/PythonOperator.py
[2022-07-31 07:03:06,942] {logging_mixin.py:115} INFO - [2022-07-31 07:03:06,942] {dag.py:2379} INFO - Sync 1 DAGs
[2022-07-31 07:03:07,499] {logging_mixin.py:115} INFO - [2022-07-31 07:03:07,499] {dag.py:2931} INFO - Setting next_dagrun for python_operator to 2022-07-30T00:00:00+00:00, run_after=2022-07-31T00:00:00+00:00
[2022-07-31 07:03:07,523] {processor.py:161} INFO - Processing /opt/airflow/dags/operators/PythonOperator.py took 0.797 seconds
