[2022-07-31 04:35:44,265] {processor.py:153} INFO - Started process (PID=76) to work on /opt/airflow/dags/operators/Python_With_TaskFlow.py
[2022-07-31 04:35:44,272] {processor.py:641} INFO - Processing file /opt/airflow/dags/operators/Python_With_TaskFlow.py for tasks to queue
[2022-07-31 04:35:44,275] {logging_mixin.py:115} INFO - [2022-07-31 04:35:44,275] {dagbag.py:507} INFO - Filling up the DagBag from /opt/airflow/dags/operators/Python_With_TaskFlow.py
[2022-07-31 04:35:44,518] {processor.py:651} INFO - DAG(s) dict_keys(['python_task_flow']) retrieved from /opt/airflow/dags/operators/Python_With_TaskFlow.py
[2022-07-31 04:35:45,090] {logging_mixin.py:115} INFO - [2022-07-31 04:35:45,090] {dag.py:2379} INFO - Sync 1 DAGs
[2022-07-31 04:35:46,219] {logging_mixin.py:115} INFO - [2022-07-31 04:35:46,219] {dag.py:2931} INFO - Setting next_dagrun for python_task_flow to 2022-07-30T00:00:00+00:00, run_after=2022-07-31T00:00:00+00:00
[2022-07-31 04:35:46,306] {processor.py:161} INFO - Processing /opt/airflow/dags/operators/Python_With_TaskFlow.py took 2.068 seconds
[2022-07-31 04:36:16,499] {processor.py:153} INFO - Started process (PID=151) to work on /opt/airflow/dags/operators/Python_With_TaskFlow.py
[2022-07-31 04:36:16,501] {processor.py:641} INFO - Processing file /opt/airflow/dags/operators/Python_With_TaskFlow.py for tasks to queue
[2022-07-31 04:36:16,504] {logging_mixin.py:115} INFO - [2022-07-31 04:36:16,503] {dagbag.py:507} INFO - Filling up the DagBag from /opt/airflow/dags/operators/Python_With_TaskFlow.py
[2022-07-31 04:36:16,586] {processor.py:651} INFO - DAG(s) dict_keys(['python_task_flow']) retrieved from /opt/airflow/dags/operators/Python_With_TaskFlow.py
[2022-07-31 04:36:16,620] {logging_mixin.py:115} INFO - [2022-07-31 04:36:16,620] {dag.py:2379} INFO - Sync 1 DAGs
[2022-07-31 04:36:16,652] {logging_mixin.py:115} INFO - [2022-07-31 04:36:16,652] {dag.py:2931} INFO - Setting next_dagrun for python_task_flow to 2022-07-30T00:00:00+00:00, run_after=2022-07-31T00:00:00+00:00
[2022-07-31 04:36:16,669] {processor.py:161} INFO - Processing /opt/airflow/dags/operators/Python_With_TaskFlow.py took 0.181 seconds
[2022-07-31 04:36:47,331] {processor.py:153} INFO - Started process (PID=224) to work on /opt/airflow/dags/operators/Python_With_TaskFlow.py
[2022-07-31 04:36:47,342] {processor.py:641} INFO - Processing file /opt/airflow/dags/operators/Python_With_TaskFlow.py for tasks to queue
[2022-07-31 04:36:47,343] {logging_mixin.py:115} INFO - [2022-07-31 04:36:47,343] {dagbag.py:507} INFO - Filling up the DagBag from /opt/airflow/dags/operators/Python_With_TaskFlow.py
[2022-07-31 04:36:47,441] {processor.py:651} INFO - DAG(s) dict_keys(['python_task_flow']) retrieved from /opt/airflow/dags/operators/Python_With_TaskFlow.py
[2022-07-31 04:36:47,492] {logging_mixin.py:115} INFO - [2022-07-31 04:36:47,492] {dag.py:2379} INFO - Sync 1 DAGs
[2022-07-31 04:36:47,569] {logging_mixin.py:115} INFO - [2022-07-31 04:36:47,568] {dag.py:2931} INFO - Setting next_dagrun for python_task_flow to 2022-07-30T00:00:00+00:00, run_after=2022-07-31T00:00:00+00:00
[2022-07-31 04:36:47,611] {processor.py:161} INFO - Processing /opt/airflow/dags/operators/Python_With_TaskFlow.py took 0.284 seconds
[2022-07-31 04:37:18,313] {processor.py:153} INFO - Started process (PID=299) to work on /opt/airflow/dags/operators/Python_With_TaskFlow.py
[2022-07-31 04:37:18,319] {processor.py:641} INFO - Processing file /opt/airflow/dags/operators/Python_With_TaskFlow.py for tasks to queue
[2022-07-31 04:37:18,324] {logging_mixin.py:115} INFO - [2022-07-31 04:37:18,324] {dagbag.py:507} INFO - Filling up the DagBag from /opt/airflow/dags/operators/Python_With_TaskFlow.py
[2022-07-31 04:37:18,429] {processor.py:651} INFO - DAG(s) dict_keys(['python_task_flow']) retrieved from /opt/airflow/dags/operators/Python_With_TaskFlow.py
[2022-07-31 04:37:18,474] {logging_mixin.py:115} INFO - [2022-07-31 04:37:18,474] {dag.py:2379} INFO - Sync 1 DAGs
[2022-07-31 04:37:18,547] {logging_mixin.py:115} INFO - [2022-07-31 04:37:18,546] {dag.py:2931} INFO - Setting next_dagrun for python_task_flow to 2022-07-30T00:00:00+00:00, run_after=2022-07-31T00:00:00+00:00
[2022-07-31 04:37:18,570] {processor.py:161} INFO - Processing /opt/airflow/dags/operators/Python_With_TaskFlow.py took 0.260 seconds
[2022-07-31 04:37:49,477] {processor.py:153} INFO - Started process (PID=382) to work on /opt/airflow/dags/operators/Python_With_TaskFlow.py
[2022-07-31 04:37:49,480] {processor.py:641} INFO - Processing file /opt/airflow/dags/operators/Python_With_TaskFlow.py for tasks to queue
[2022-07-31 04:37:49,482] {logging_mixin.py:115} INFO - [2022-07-31 04:37:49,482] {dagbag.py:507} INFO - Filling up the DagBag from /opt/airflow/dags/operators/Python_With_TaskFlow.py
[2022-07-31 04:37:49,567] {processor.py:651} INFO - DAG(s) dict_keys(['python_task_flow']) retrieved from /opt/airflow/dags/operators/Python_With_TaskFlow.py
[2022-07-31 04:37:49,610] {logging_mixin.py:115} INFO - [2022-07-31 04:37:49,610] {dag.py:2379} INFO - Sync 1 DAGs
[2022-07-31 04:37:49,677] {logging_mixin.py:115} INFO - [2022-07-31 04:37:49,677] {dag.py:2931} INFO - Setting next_dagrun for python_task_flow to 2022-07-30T00:00:00+00:00, run_after=2022-07-31T00:00:00+00:00
[2022-07-31 04:37:49,709] {processor.py:161} INFO - Processing /opt/airflow/dags/operators/Python_With_TaskFlow.py took 0.245 seconds
[2022-07-31 04:38:19,820] {processor.py:153} INFO - Started process (PID=453) to work on /opt/airflow/dags/operators/Python_With_TaskFlow.py
[2022-07-31 04:38:19,820] {processor.py:641} INFO - Processing file /opt/airflow/dags/operators/Python_With_TaskFlow.py for tasks to queue
[2022-07-31 04:38:19,827] {logging_mixin.py:115} INFO - [2022-07-31 04:38:19,826] {dagbag.py:507} INFO - Filling up the DagBag from /opt/airflow/dags/operators/Python_With_TaskFlow.py
[2022-07-31 04:38:19,906] {processor.py:651} INFO - DAG(s) dict_keys(['python_task_flow']) retrieved from /opt/airflow/dags/operators/Python_With_TaskFlow.py
[2022-07-31 04:38:19,926] {logging_mixin.py:115} INFO - [2022-07-31 04:38:19,926] {dag.py:2379} INFO - Sync 1 DAGs
[2022-07-31 04:38:19,980] {logging_mixin.py:115} INFO - [2022-07-31 04:38:19,980] {dag.py:2931} INFO - Setting next_dagrun for python_task_flow to 2022-07-30T00:00:00+00:00, run_after=2022-07-31T00:00:00+00:00
[2022-07-31 04:38:19,995] {processor.py:161} INFO - Processing /opt/airflow/dags/operators/Python_With_TaskFlow.py took 0.179 seconds
[2022-07-31 04:38:50,452] {processor.py:153} INFO - Started process (PID=531) to work on /opt/airflow/dags/operators/Python_With_TaskFlow.py
[2022-07-31 04:38:50,458] {processor.py:641} INFO - Processing file /opt/airflow/dags/operators/Python_With_TaskFlow.py for tasks to queue
[2022-07-31 04:38:50,459] {logging_mixin.py:115} INFO - [2022-07-31 04:38:50,458] {dagbag.py:507} INFO - Filling up the DagBag from /opt/airflow/dags/operators/Python_With_TaskFlow.py
[2022-07-31 04:38:50,507] {processor.py:651} INFO - DAG(s) dict_keys(['python_task_flow']) retrieved from /opt/airflow/dags/operators/Python_With_TaskFlow.py
[2022-07-31 04:38:50,530] {logging_mixin.py:115} INFO - [2022-07-31 04:38:50,530] {dag.py:2379} INFO - Sync 1 DAGs
[2022-07-31 04:38:50,566] {logging_mixin.py:115} INFO - [2022-07-31 04:38:50,566] {dag.py:2931} INFO - Setting next_dagrun for python_task_flow to 2022-07-30T00:00:00+00:00, run_after=2022-07-31T00:00:00+00:00
[2022-07-31 04:38:50,591] {processor.py:161} INFO - Processing /opt/airflow/dags/operators/Python_With_TaskFlow.py took 0.150 seconds
[2022-07-31 04:39:21,620] {processor.py:153} INFO - Started process (PID=606) to work on /opt/airflow/dags/operators/Python_With_TaskFlow.py
[2022-07-31 04:39:21,621] {processor.py:641} INFO - Processing file /opt/airflow/dags/operators/Python_With_TaskFlow.py for tasks to queue
[2022-07-31 04:39:21,622] {logging_mixin.py:115} INFO - [2022-07-31 04:39:21,622] {dagbag.py:507} INFO - Filling up the DagBag from /opt/airflow/dags/operators/Python_With_TaskFlow.py
[2022-07-31 04:39:21,672] {processor.py:651} INFO - DAG(s) dict_keys(['python_task_flow']) retrieved from /opt/airflow/dags/operators/Python_With_TaskFlow.py
[2022-07-31 04:39:21,729] {logging_mixin.py:115} INFO - [2022-07-31 04:39:21,728] {dag.py:2379} INFO - Sync 1 DAGs
[2022-07-31 04:39:21,781] {logging_mixin.py:115} INFO - [2022-07-31 04:39:21,781] {dag.py:2931} INFO - Setting next_dagrun for python_task_flow to 2022-07-30T00:00:00+00:00, run_after=2022-07-31T00:00:00+00:00
[2022-07-31 04:39:21,797] {processor.py:161} INFO - Processing /opt/airflow/dags/operators/Python_With_TaskFlow.py took 0.182 seconds
[2022-07-31 04:39:52,675] {processor.py:153} INFO - Started process (PID=678) to work on /opt/airflow/dags/operators/Python_With_TaskFlow.py
[2022-07-31 04:39:52,677] {processor.py:641} INFO - Processing file /opt/airflow/dags/operators/Python_With_TaskFlow.py for tasks to queue
[2022-07-31 04:39:52,677] {logging_mixin.py:115} INFO - [2022-07-31 04:39:52,677] {dagbag.py:507} INFO - Filling up the DagBag from /opt/airflow/dags/operators/Python_With_TaskFlow.py
[2022-07-31 04:39:52,729] {processor.py:651} INFO - DAG(s) dict_keys(['python_task_flow']) retrieved from /opt/airflow/dags/operators/Python_With_TaskFlow.py
[2022-07-31 04:39:52,754] {logging_mixin.py:115} INFO - [2022-07-31 04:39:52,754] {dag.py:2379} INFO - Sync 1 DAGs
[2022-07-31 04:39:52,804] {logging_mixin.py:115} INFO - [2022-07-31 04:39:52,803] {dag.py:2931} INFO - Setting next_dagrun for python_task_flow to 2022-07-30T00:00:00+00:00, run_after=2022-07-31T00:00:00+00:00
[2022-07-31 04:39:52,854] {processor.py:161} INFO - Processing /opt/airflow/dags/operators/Python_With_TaskFlow.py took 0.191 seconds
[2022-07-31 04:40:23,023] {processor.py:153} INFO - Started process (PID=759) to work on /opt/airflow/dags/operators/Python_With_TaskFlow.py
[2022-07-31 04:40:23,029] {processor.py:641} INFO - Processing file /opt/airflow/dags/operators/Python_With_TaskFlow.py for tasks to queue
[2022-07-31 04:40:23,030] {logging_mixin.py:115} INFO - [2022-07-31 04:40:23,030] {dagbag.py:507} INFO - Filling up the DagBag from /opt/airflow/dags/operators/Python_With_TaskFlow.py
[2022-07-31 04:40:23,073] {processor.py:651} INFO - DAG(s) dict_keys(['python_task_flow']) retrieved from /opt/airflow/dags/operators/Python_With_TaskFlow.py
[2022-07-31 04:40:23,096] {logging_mixin.py:115} INFO - [2022-07-31 04:40:23,096] {dag.py:2379} INFO - Sync 1 DAGs
[2022-07-31 04:40:23,134] {logging_mixin.py:115} INFO - [2022-07-31 04:40:23,134] {dag.py:2931} INFO - Setting next_dagrun for python_task_flow to 2022-07-30T00:00:00+00:00, run_after=2022-07-31T00:00:00+00:00
[2022-07-31 04:40:23,165] {processor.py:161} INFO - Processing /opt/airflow/dags/operators/Python_With_TaskFlow.py took 0.146 seconds
[2022-07-31 04:40:53,209] {processor.py:153} INFO - Started process (PID=831) to work on /opt/airflow/dags/operators/Python_With_TaskFlow.py
[2022-07-31 04:40:53,213] {processor.py:641} INFO - Processing file /opt/airflow/dags/operators/Python_With_TaskFlow.py for tasks to queue
[2022-07-31 04:40:53,215] {logging_mixin.py:115} INFO - [2022-07-31 04:40:53,215] {dagbag.py:507} INFO - Filling up the DagBag from /opt/airflow/dags/operators/Python_With_TaskFlow.py
[2022-07-31 04:40:53,273] {processor.py:651} INFO - DAG(s) dict_keys(['python_task_flow']) retrieved from /opt/airflow/dags/operators/Python_With_TaskFlow.py
[2022-07-31 04:40:53,342] {logging_mixin.py:115} INFO - [2022-07-31 04:40:53,341] {dag.py:2379} INFO - Sync 1 DAGs
[2022-07-31 04:40:53,393] {logging_mixin.py:115} INFO - [2022-07-31 04:40:53,393] {dag.py:2931} INFO - Setting next_dagrun for python_task_flow to 2022-07-30T00:00:00+00:00, run_after=2022-07-31T00:00:00+00:00
[2022-07-31 04:40:53,412] {processor.py:161} INFO - Processing /opt/airflow/dags/operators/Python_With_TaskFlow.py took 0.207 seconds
[2022-07-31 04:41:23,591] {processor.py:153} INFO - Started process (PID=906) to work on /opt/airflow/dags/operators/Python_With_TaskFlow.py
[2022-07-31 04:41:23,592] {processor.py:641} INFO - Processing file /opt/airflow/dags/operators/Python_With_TaskFlow.py for tasks to queue
[2022-07-31 04:41:23,593] {logging_mixin.py:115} INFO - [2022-07-31 04:41:23,593] {dagbag.py:507} INFO - Filling up the DagBag from /opt/airflow/dags/operators/Python_With_TaskFlow.py
[2022-07-31 04:41:23,675] {processor.py:651} INFO - DAG(s) dict_keys(['python_task_flow']) retrieved from /opt/airflow/dags/operators/Python_With_TaskFlow.py
[2022-07-31 04:41:23,741] {logging_mixin.py:115} INFO - [2022-07-31 04:41:23,740] {dag.py:2379} INFO - Sync 1 DAGs
[2022-07-31 04:41:23,830] {logging_mixin.py:115} INFO - [2022-07-31 04:41:23,830] {dag.py:2931} INFO - Setting next_dagrun for python_task_flow to 2022-07-30T00:00:00+00:00, run_after=2022-07-31T00:00:00+00:00
[2022-07-31 04:41:23,880] {processor.py:161} INFO - Processing /opt/airflow/dags/operators/Python_With_TaskFlow.py took 0.293 seconds
[2022-07-31 04:41:54,315] {processor.py:153} INFO - Started process (PID=991) to work on /opt/airflow/dags/operators/Python_With_TaskFlow.py
[2022-07-31 04:41:54,319] {processor.py:641} INFO - Processing file /opt/airflow/dags/operators/Python_With_TaskFlow.py for tasks to queue
[2022-07-31 04:41:54,321] {logging_mixin.py:115} INFO - [2022-07-31 04:41:54,321] {dagbag.py:507} INFO - Filling up the DagBag from /opt/airflow/dags/operators/Python_With_TaskFlow.py
[2022-07-31 04:41:54,399] {processor.py:651} INFO - DAG(s) dict_keys(['python_task_flow']) retrieved from /opt/airflow/dags/operators/Python_With_TaskFlow.py
[2022-07-31 04:41:54,425] {logging_mixin.py:115} INFO - [2022-07-31 04:41:54,424] {dag.py:2379} INFO - Sync 1 DAGs
[2022-07-31 04:41:54,469] {logging_mixin.py:115} INFO - [2022-07-31 04:41:54,468] {dag.py:2931} INFO - Setting next_dagrun for python_task_flow to 2022-07-30T00:00:00+00:00, run_after=2022-07-31T00:00:00+00:00
[2022-07-31 04:41:54,501] {processor.py:161} INFO - Processing /opt/airflow/dags/operators/Python_With_TaskFlow.py took 0.190 seconds
[2022-07-31 04:42:24,637] {processor.py:153} INFO - Started process (PID=1063) to work on /opt/airflow/dags/operators/Python_With_TaskFlow.py
[2022-07-31 04:42:24,638] {processor.py:641} INFO - Processing file /opt/airflow/dags/operators/Python_With_TaskFlow.py for tasks to queue
[2022-07-31 04:42:24,638] {logging_mixin.py:115} INFO - [2022-07-31 04:42:24,638] {dagbag.py:507} INFO - Filling up the DagBag from /opt/airflow/dags/operators/Python_With_TaskFlow.py
[2022-07-31 04:42:24,680] {processor.py:651} INFO - DAG(s) dict_keys(['python_task_flow']) retrieved from /opt/airflow/dags/operators/Python_With_TaskFlow.py
[2022-07-31 04:42:24,699] {logging_mixin.py:115} INFO - [2022-07-31 04:42:24,699] {dag.py:2379} INFO - Sync 1 DAGs
[2022-07-31 04:42:24,733] {logging_mixin.py:115} INFO - [2022-07-31 04:42:24,733] {dag.py:2931} INFO - Setting next_dagrun for python_task_flow to 2022-07-30T00:00:00+00:00, run_after=2022-07-31T00:00:00+00:00
[2022-07-31 04:42:24,749] {processor.py:161} INFO - Processing /opt/airflow/dags/operators/Python_With_TaskFlow.py took 0.116 seconds
[2022-07-31 04:42:54,936] {processor.py:153} INFO - Started process (PID=1145) to work on /opt/airflow/dags/operators/Python_With_TaskFlow.py
[2022-07-31 04:42:54,940] {processor.py:641} INFO - Processing file /opt/airflow/dags/operators/Python_With_TaskFlow.py for tasks to queue
[2022-07-31 04:42:54,942] {logging_mixin.py:115} INFO - [2022-07-31 04:42:54,942] {dagbag.py:507} INFO - Filling up the DagBag from /opt/airflow/dags/operators/Python_With_TaskFlow.py
[2022-07-31 04:42:54,994] {processor.py:651} INFO - DAG(s) dict_keys(['python_task_flow']) retrieved from /opt/airflow/dags/operators/Python_With_TaskFlow.py
[2022-07-31 04:42:55,023] {logging_mixin.py:115} INFO - [2022-07-31 04:42:55,023] {dag.py:2379} INFO - Sync 1 DAGs
[2022-07-31 04:42:55,068] {logging_mixin.py:115} INFO - [2022-07-31 04:42:55,068] {dag.py:2931} INFO - Setting next_dagrun for python_task_flow to 2022-07-30T00:00:00+00:00, run_after=2022-07-31T00:00:00+00:00
[2022-07-31 04:42:55,091] {processor.py:161} INFO - Processing /opt/airflow/dags/operators/Python_With_TaskFlow.py took 0.159 seconds
