[2022-07-05 04:50:45,035] {taskinstance.py:1159} INFO - Dependencies all met for <TaskInstance: parallel_dag.load_a manual__2022-07-05T04:50:40.537259+00:00 [queued]>
[2022-07-05 04:50:45,091] {taskinstance.py:1159} INFO - Dependencies all met for <TaskInstance: parallel_dag.load_a manual__2022-07-05T04:50:40.537259+00:00 [queued]>
[2022-07-05 04:50:45,095] {taskinstance.py:1356} INFO - 
--------------------------------------------------------------------------------
[2022-07-05 04:50:45,096] {taskinstance.py:1357} INFO - Starting attempt 1 of 1
[2022-07-05 04:50:45,097] {taskinstance.py:1358} INFO - 
--------------------------------------------------------------------------------
[2022-07-05 04:50:45,189] {taskinstance.py:1377} INFO - Executing <Task(BashOperator): load_a> on 2022-07-05 04:50:40.537259+00:00
[2022-07-05 04:50:45,203] {standard_task_runner.py:52} INFO - Started process 165 to run task
[2022-07-05 04:50:45,221] {standard_task_runner.py:79} INFO - Running: ['***', 'tasks', 'run', 'parallel_dag', 'load_a', 'manual__2022-07-05T04:50:40.537259+00:00', '--job-id', '10', '--raw', '--subdir', 'DAGS_FOLDER/parallel_dag.py', '--cfg-path', '/tmp/tmpledj4ibp', '--error-file', '/tmp/tmp89zymxdc']
[2022-07-05 04:50:45,222] {standard_task_runner.py:80} INFO - Job 10: Subtask load_a
[2022-07-05 04:50:45,306] {task_command.py:370} INFO - Running <TaskInstance: parallel_dag.load_a manual__2022-07-05T04:50:40.537259+00:00 [running]> on host dfb99dfc9d64
[2022-07-05 04:50:45,466] {taskinstance.py:1571} INFO - Exporting the following env vars:
AIRFLOW_CTX_DAG_OWNER=***
AIRFLOW_CTX_DAG_ID=parallel_dag
AIRFLOW_CTX_TASK_ID=load_a
AIRFLOW_CTX_EXECUTION_DATE=2022-07-05T04:50:40.537259+00:00
AIRFLOW_CTX_TRY_NUMBER=1
AIRFLOW_CTX_DAG_RUN_ID=manual__2022-07-05T04:50:40.537259+00:00
[2022-07-05 04:50:45,467] {subprocess.py:62} INFO - Tmp dir root location: 
 /tmp
[2022-07-05 04:50:45,468] {subprocess.py:74} INFO - Running command: ['bash', '-c', 'sleep 1']
[2022-07-05 04:50:45,483] {subprocess.py:85} INFO - Output:
[2022-07-05 04:50:46,488] {subprocess.py:96} INFO - Command exited with return code 0
[2022-07-05 04:50:46,533] {taskinstance.py:1400} INFO - Marking task as SUCCESS. dag_id=parallel_dag, task_id=load_a, execution_date=20220705T045040, start_date=20220705T045045, end_date=20220705T045046
[2022-07-05 04:50:46,578] {local_task_job.py:156} INFO - Task exited with return code 0
[2022-07-05 04:50:46,646] {local_task_job.py:273} INFO - 0 downstream tasks scheduled from follow-on schedule check
