[2022-07-05 06:42:48,880] {taskinstance.py:1159} INFO - Dependencies all met for <TaskInstance: branch_operator.branching manual__2022-07-05T06:42:46.134772+00:00 [queued]>
[2022-07-05 06:42:48,909] {taskinstance.py:1159} INFO - Dependencies all met for <TaskInstance: branch_operator.branching manual__2022-07-05T06:42:46.134772+00:00 [queued]>
[2022-07-05 06:42:48,910] {taskinstance.py:1356} INFO - 
--------------------------------------------------------------------------------
[2022-07-05 06:42:48,910] {taskinstance.py:1357} INFO - Starting attempt 1 of 1
[2022-07-05 06:42:48,911] {taskinstance.py:1358} INFO - 
--------------------------------------------------------------------------------
[2022-07-05 06:42:48,986] {taskinstance.py:1377} INFO - Executing <Task(BranchPythonOperator): branching> on 2022-07-05 06:42:46.134772+00:00
[2022-07-05 06:42:48,992] {standard_task_runner.py:52} INFO - Started process 5666 to run task
[2022-07-05 06:42:48,999] {standard_task_runner.py:79} INFO - Running: ['***', 'tasks', 'run', 'branch_operator', 'branching', 'manual__2022-07-05T06:42:46.134772+00:00', '--job-id', '123', '--raw', '--subdir', 'DAGS_FOLDER/conditional_dag.py', '--cfg-path', '/tmp/tmpgqdd055_', '--error-file', '/tmp/tmpkciwjkqu']
[2022-07-05 06:42:49,000] {standard_task_runner.py:80} INFO - Job 123: Subtask branching
[2022-07-05 06:42:49,086] {task_command.py:370} INFO - Running <TaskInstance: branch_operator.branching manual__2022-07-05T06:42:46.134772+00:00 [running]> on host dfb99dfc9d64
[2022-07-05 06:42:49,233] {taskinstance.py:1571} INFO - Exporting the following env vars:
AIRFLOW_CTX_DAG_OWNER=***
AIRFLOW_CTX_DAG_ID=branch_operator
AIRFLOW_CTX_TASK_ID=branching
AIRFLOW_CTX_EXECUTION_DATE=2022-07-05T06:42:46.134772+00:00
AIRFLOW_CTX_TRY_NUMBER=1
AIRFLOW_CTX_DAG_RUN_ID=manual__2022-07-05T06:42:46.134772+00:00
[2022-07-05 06:42:49,235] {python.py:173} INFO - Done. Returned value was: branch_c
[2022-07-05 06:42:49,236] {skipmixin.py:140} INFO - Following branch branch_c
[2022-07-05 06:42:49,236] {skipmixin.py:175} INFO - Skipping tasks ['branch_b', 'branch_a']
[2022-07-05 06:42:49,475] {taskinstance.py:1400} INFO - Marking task as SUCCESS. dag_id=branch_operator, task_id=branching, execution_date=20220705T064246, start_date=20220705T064248, end_date=20220705T064249
[2022-07-05 06:42:49,549] {local_task_job.py:156} INFO - Task exited with return code 0
[2022-07-05 06:42:49,638] {local_task_job.py:273} INFO - 1 downstream tasks scheduled from follow-on schedule check
