[2022-07-05 04:50:47,263] {taskinstance.py:1159} INFO - Dependencies all met for <TaskInstance: parallel_dag.transform manual__2022-07-05T04:50:40.537259+00:00 [queued]>
[2022-07-05 04:50:47,281] {taskinstance.py:1159} INFO - Dependencies all met for <TaskInstance: parallel_dag.transform manual__2022-07-05T04:50:40.537259+00:00 [queued]>
[2022-07-05 04:50:47,281] {taskinstance.py:1356} INFO - 
--------------------------------------------------------------------------------
[2022-07-05 04:50:47,281] {taskinstance.py:1357} INFO - Starting attempt 1 of 1
[2022-07-05 04:50:47,281] {taskinstance.py:1358} INFO - 
--------------------------------------------------------------------------------
[2022-07-05 04:50:47,307] {taskinstance.py:1377} INFO - Executing <Task(BashOperator): transform> on 2022-07-05 04:50:40.537259+00:00
[2022-07-05 04:50:47,313] {standard_task_runner.py:52} INFO - Started process 170 to run task
[2022-07-05 04:50:47,321] {standard_task_runner.py:79} INFO - Running: ['***', 'tasks', 'run', 'parallel_dag', 'transform', 'manual__2022-07-05T04:50:40.537259+00:00', '--job-id', '12', '--raw', '--subdir', 'DAGS_FOLDER/parallel_dag.py', '--cfg-path', '/tmp/tmpajnly8b6', '--error-file', '/tmp/tmphhd48l2a']
[2022-07-05 04:50:47,322] {standard_task_runner.py:80} INFO - Job 12: Subtask transform
[2022-07-05 04:50:47,402] {task_command.py:370} INFO - Running <TaskInstance: parallel_dag.transform manual__2022-07-05T04:50:40.537259+00:00 [running]> on host dfb99dfc9d64
[2022-07-05 04:50:47,533] {taskinstance.py:1571} INFO - Exporting the following env vars:
AIRFLOW_CTX_DAG_OWNER=***
AIRFLOW_CTX_DAG_ID=parallel_dag
AIRFLOW_CTX_TASK_ID=transform
AIRFLOW_CTX_EXECUTION_DATE=2022-07-05T04:50:40.537259+00:00
AIRFLOW_CTX_TRY_NUMBER=1
AIRFLOW_CTX_DAG_RUN_ID=manual__2022-07-05T04:50:40.537259+00:00
[2022-07-05 04:50:47,534] {subprocess.py:62} INFO - Tmp dir root location: 
 /tmp
[2022-07-05 04:50:47,535] {subprocess.py:74} INFO - Running command: ['bash', '-c', 'sleep 1']
[2022-07-05 04:50:47,547] {subprocess.py:85} INFO - Output:
[2022-07-05 04:50:48,554] {subprocess.py:96} INFO - Command exited with return code 0
[2022-07-05 04:50:48,587] {taskinstance.py:1400} INFO - Marking task as SUCCESS. dag_id=parallel_dag, task_id=transform, execution_date=20220705T045040, start_date=20220705T045047, end_date=20220705T045048
[2022-07-05 04:50:48,617] {local_task_job.py:156} INFO - Task exited with return code 0
[2022-07-05 04:50:48,650] {local_task_job.py:273} INFO - 0 downstream tasks scheduled from follow-on schedule check
