[2022-07-05 06:14:10,262] {taskinstance.py:1159} INFO - Dependencies all met for <TaskInstance: xcom_dag_basic.push_task manual__2022-07-05T06:14:09.632250+00:00 [queued]>
[2022-07-05 06:14:10,276] {taskinstance.py:1159} INFO - Dependencies all met for <TaskInstance: xcom_dag_basic.push_task manual__2022-07-05T06:14:09.632250+00:00 [queued]>
[2022-07-05 06:14:10,276] {taskinstance.py:1356} INFO - 
--------------------------------------------------------------------------------
[2022-07-05 06:14:10,276] {taskinstance.py:1357} INFO - Starting attempt 1 of 1
[2022-07-05 06:14:10,276] {taskinstance.py:1358} INFO - 
--------------------------------------------------------------------------------
[2022-07-05 06:14:10,304] {taskinstance.py:1377} INFO - Executing <Task(PythonOperator): push_task> on 2022-07-05 06:14:09.632250+00:00
[2022-07-05 06:14:10,310] {standard_task_runner.py:52} INFO - Started process 4320 to run task
[2022-07-05 06:14:10,322] {standard_task_runner.py:79} INFO - Running: ['***', 'tasks', 'run', 'xcom_dag_basic', 'push_task', 'manual__2022-07-05T06:14:09.632250+00:00', '--job-id', '119', '--raw', '--subdir', 'DAGS_FOLDER/xcom_dag_basic.py', '--cfg-path', '/tmp/tmpit9l0__c', '--error-file', '/tmp/tmp6y0ovhot']
[2022-07-05 06:14:10,331] {standard_task_runner.py:80} INFO - Job 119: Subtask push_task
[2022-07-05 06:14:10,412] {task_command.py:370} INFO - Running <TaskInstance: xcom_dag_basic.push_task manual__2022-07-05T06:14:09.632250+00:00 [running]> on host dfb99dfc9d64
[2022-07-05 06:14:10,532] {taskinstance.py:1571} INFO - Exporting the following env vars:
AIRFLOW_CTX_DAG_OWNER=***
AIRFLOW_CTX_DAG_ID=xcom_dag_basic
AIRFLOW_CTX_TASK_ID=push_task
AIRFLOW_CTX_EXECUTION_DATE=2022-07-05T06:14:09.632250+00:00
AIRFLOW_CTX_TRY_NUMBER=1
AIRFLOW_CTX_DAG_RUN_ID=manual__2022-07-05T06:14:09.632250+00:00
[2022-07-05 06:14:10,536] {logging_mixin.py:115} INFO - message to push: 'the_message'
[2022-07-05 06:14:10,559] {python.py:173} INFO - Done. Returned value was: None
[2022-07-05 06:14:10,582] {taskinstance.py:1400} INFO - Marking task as SUCCESS. dag_id=xcom_dag_basic, task_id=push_task, execution_date=20220705T061409, start_date=20220705T061410, end_date=20220705T061410
[2022-07-05 06:14:10,610] {local_task_job.py:156} INFO - Task exited with return code 0
[2022-07-05 06:14:10,670] {local_task_job.py:273} INFO - 1 downstream tasks scheduled from follow-on schedule check
