[2022-07-05 05:58:03,884] {taskinstance.py:1159} INFO - Dependencies all met for <TaskInstance: xcom_dag.process_user manual__2022-07-05T05:58:00.347476+00:00 [queued]>
[2022-07-05 05:58:03,896] {taskinstance.py:1159} INFO - Dependencies all met for <TaskInstance: xcom_dag.process_user manual__2022-07-05T05:58:00.347476+00:00 [queued]>
[2022-07-05 05:58:03,896] {taskinstance.py:1356} INFO - 
--------------------------------------------------------------------------------
[2022-07-05 05:58:03,896] {taskinstance.py:1357} INFO - Starting attempt 1 of 1
[2022-07-05 05:58:03,896] {taskinstance.py:1358} INFO - 
--------------------------------------------------------------------------------
[2022-07-05 05:58:03,911] {taskinstance.py:1377} INFO - Executing <Task(PythonOperator): process_user> on 2022-07-05 05:58:00.347476+00:00
[2022-07-05 05:58:03,917] {standard_task_runner.py:52} INFO - Started process 3562 to run task
[2022-07-05 05:58:03,922] {standard_task_runner.py:79} INFO - Running: ['***', 'tasks', 'run', 'xcom_dag', 'process_user', 'manual__2022-07-05T05:58:00.347476+00:00', '--job-id', '117', '--raw', '--subdir', 'DAGS_FOLDER/xcom_dag.py', '--cfg-path', '/tmp/tmp6_6mggqo', '--error-file', '/tmp/tmpkbwi0dy0']
[2022-07-05 05:58:03,923] {standard_task_runner.py:80} INFO - Job 117: Subtask process_user
[2022-07-05 05:58:03,976] {task_command.py:370} INFO - Running <TaskInstance: xcom_dag.process_user manual__2022-07-05T05:58:00.347476+00:00 [running]> on host dfb99dfc9d64
[2022-07-05 05:58:04,052] {taskinstance.py:1571} INFO - Exporting the following env vars:
AIRFLOW_CTX_DAG_OWNER=***
AIRFLOW_CTX_DAG_ID=xcom_dag
AIRFLOW_CTX_TASK_ID=process_user
AIRFLOW_CTX_EXECUTION_DATE=2022-07-05T05:58:00.347476+00:00
AIRFLOW_CTX_TRY_NUMBER=1
AIRFLOW_CTX_DAG_RUN_ID=manual__2022-07-05T05:58:00.347476+00:00
[2022-07-05 05:58:04,073] {python.py:173} INFO - Done. Returned value was: None
[2022-07-05 05:58:04,087] {taskinstance.py:1400} INFO - Marking task as SUCCESS. dag_id=xcom_dag, task_id=process_user, execution_date=20220705T055800, start_date=20220705T055803, end_date=20220705T055804
[2022-07-05 05:58:04,133] {local_task_job.py:156} INFO - Task exited with return code 0
[2022-07-05 05:58:04,169] {local_task_job.py:273} INFO - 0 downstream tasks scheduled from follow-on schedule check
