[2022-07-05 04:56:30,247] {taskinstance.py:1159} INFO - Dependencies all met for <TaskInstance: parallel_dag.load_a scheduled__2022-01-14T00:00:00+00:00 [queued]>
[2022-07-05 04:56:30,773] {taskinstance.py:1159} INFO - Dependencies all met for <TaskInstance: parallel_dag.load_a scheduled__2022-01-14T00:00:00+00:00 [queued]>
[2022-07-05 04:56:30,788] {taskinstance.py:1356} INFO - 
--------------------------------------------------------------------------------
[2022-07-05 04:56:30,793] {taskinstance.py:1357} INFO - Starting attempt 1 of 1
[2022-07-05 04:56:30,796] {taskinstance.py:1358} INFO - 
--------------------------------------------------------------------------------
[2022-07-05 04:56:31,263] {taskinstance.py:1377} INFO - Executing <Task(BashOperator): load_a> on 2022-01-14 00:00:00+00:00
[2022-07-05 04:56:31,449] {standard_task_runner.py:52} INFO - Started process 612 to run task
[2022-07-05 04:56:31,511] {standard_task_runner.py:79} INFO - Running: ['***', 'tasks', 'run', 'parallel_dag', 'load_a', 'scheduled__2022-01-14T00:00:00+00:00', '--job-id', '76', '--raw', '--subdir', 'DAGS_FOLDER/parallel_dag.py', '--cfg-path', '/tmp/tmp_9gmnjp1', '--error-file', '/tmp/tmpch_v7p5w']
[2022-07-05 04:56:31,511] {standard_task_runner.py:80} INFO - Job 76: Subtask load_a
[2022-07-05 04:56:33,062] {task_command.py:370} INFO - Running <TaskInstance: parallel_dag.load_a scheduled__2022-01-14T00:00:00+00:00 [running]> on host dfb99dfc9d64
[2022-07-05 04:56:35,856] {taskinstance.py:1571} INFO - Exporting the following env vars:
AIRFLOW_CTX_DAG_OWNER=***
AIRFLOW_CTX_DAG_ID=parallel_dag
AIRFLOW_CTX_TASK_ID=load_a
AIRFLOW_CTX_EXECUTION_DATE=2022-01-14T00:00:00+00:00
AIRFLOW_CTX_TRY_NUMBER=1
AIRFLOW_CTX_DAG_RUN_ID=scheduled__2022-01-14T00:00:00+00:00
[2022-07-05 04:56:35,913] {subprocess.py:62} INFO - Tmp dir root location: 
 /tmp
[2022-07-05 04:56:35,949] {subprocess.py:74} INFO - Running command: ['bash', '-c', 'sleep 1']
[2022-07-05 04:56:36,171] {subprocess.py:85} INFO - Output:
[2022-07-05 04:56:37,328] {subprocess.py:96} INFO - Command exited with return code 0
[2022-07-05 04:56:37,569] {taskinstance.py:1400} INFO - Marking task as SUCCESS. dag_id=parallel_dag, task_id=load_a, execution_date=20220114T000000, start_date=20220705T045630, end_date=20220705T045637
[2022-07-05 04:56:37,722] {local_task_job.py:156} INFO - Task exited with return code 0
[2022-07-05 04:56:37,927] {local_task_job.py:273} INFO - 0 downstream tasks scheduled from follow-on schedule check
