[2022-07-05 09:46:29,597] {taskinstance.py:1159} INFO - Dependencies all met for <TaskInstance: sql_branch_dag.branch_sql manual__2022-07-05T09:46:27.134545+00:00 [queued]>
[2022-07-05 09:46:29,633] {taskinstance.py:1159} INFO - Dependencies all met for <TaskInstance: sql_branch_dag.branch_sql manual__2022-07-05T09:46:27.134545+00:00 [queued]>
[2022-07-05 09:46:29,633] {taskinstance.py:1356} INFO - 
--------------------------------------------------------------------------------
[2022-07-05 09:46:29,633] {taskinstance.py:1357} INFO - Starting attempt 1 of 1
[2022-07-05 09:46:29,633] {taskinstance.py:1358} INFO - 
--------------------------------------------------------------------------------
[2022-07-05 09:46:29,681] {taskinstance.py:1377} INFO - Executing <Task(BranchSQLOperator): branch_sql> on 2022-07-05 09:46:27.134545+00:00
[2022-07-05 09:46:29,687] {standard_task_runner.py:52} INFO - Started process 1138 to run task
[2022-07-05 09:46:29,695] {standard_task_runner.py:79} INFO - Running: ['***', 'tasks', 'run', 'sql_branch_dag', 'branch_sql', 'manual__2022-07-05T09:46:27.134545+00:00', '--job-id', '134', '--raw', '--subdir', 'DAGS_FOLDER/sql_branch_operator.py', '--cfg-path', '/tmp/tmp5eploll3', '--error-file', '/tmp/tmpp4qundit']
[2022-07-05 09:46:29,700] {standard_task_runner.py:80} INFO - Job 134: Subtask branch_sql
[2022-07-05 09:46:29,842] {task_command.py:370} INFO - Running <TaskInstance: sql_branch_dag.branch_sql manual__2022-07-05T09:46:27.134545+00:00 [running]> on host dfb99dfc9d64
[2022-07-05 09:46:30,034] {taskinstance.py:1571} INFO - Exporting the following env vars:
AIRFLOW_CTX_DAG_OWNER=***
AIRFLOW_CTX_DAG_ID=sql_branch_dag
AIRFLOW_CTX_TASK_ID=branch_sql
AIRFLOW_CTX_EXECUTION_DATE=2022-07-05T09:46:27.134545+00:00
AIRFLOW_CTX_TRY_NUMBER=1
AIRFLOW_CTX_DAG_RUN_ID=manual__2022-07-05T09:46:27.134545+00:00
[2022-07-05 09:46:30,036] {sql.py:513} INFO - Executing: SELECT count(1) FROM customer (with parameters None) with connection: postgres_con
[2022-07-05 09:46:30,054] {base.py:68} INFO - Using connection ID 'postgres_con' for task execution.
[2022-07-05 09:46:30,232] {base.py:68} INFO - Using connection ID 'postgres_con' for task execution.
[2022-07-05 09:46:30,239] {sql.py:531} INFO - Query returns 0, type '<class 'int'>'
[2022-07-05 09:46:30,240] {skipmixin.py:140} INFO - Following branch customer_not_exist
[2022-07-05 09:46:30,241] {skipmixin.py:175} INFO - Skipping tasks ['customer_exist']
[2022-07-05 09:46:30,331] {taskinstance.py:1400} INFO - Marking task as SUCCESS. dag_id=sql_branch_dag, task_id=branch_sql, execution_date=20220705T094627, start_date=20220705T094629, end_date=20220705T094630
[2022-07-05 09:46:30,395] {local_task_job.py:156} INFO - Task exited with return code 0
[2022-07-05 09:46:30,481] {local_task_job.py:273} INFO - 0 downstream tasks scheduled from follow-on schedule check
