[2022-07-30 16:39:42,196] {processor.py:153} INFO - Started process (PID=84) to work on /opt/airflow/dags/basic_dags/chain.py
[2022-07-30 16:39:42,197] {processor.py:641} INFO - Processing file /opt/airflow/dags/basic_dags/chain.py for tasks to queue
[2022-07-30 16:39:42,217] {logging_mixin.py:115} INFO - [2022-07-30 16:39:42,217] {dagbag.py:507} INFO - Filling up the DagBag from /opt/airflow/dags/basic_dags/chain.py
[2022-07-30 16:39:42,252] {processor.py:651} INFO - DAG(s) dict_keys(['chain']) retrieved from /opt/airflow/dags/basic_dags/chain.py
[2022-07-30 16:39:43,088] {logging_mixin.py:115} INFO - [2022-07-30 16:39:43,088] {manager.py:508} INFO - Created Permission View: can read on DAG:chain
[2022-07-30 16:39:43,109] {logging_mixin.py:115} INFO - [2022-07-30 16:39:43,109] {manager.py:508} INFO - Created Permission View: can delete on DAG:chain
[2022-07-30 16:39:43,139] {logging_mixin.py:115} INFO - [2022-07-30 16:39:43,139] {manager.py:508} INFO - Created Permission View: can edit on DAG:chain
[2022-07-30 16:39:43,139] {logging_mixin.py:115} INFO - [2022-07-30 16:39:43,139] {dag.py:2379} INFO - Sync 1 DAGs
[2022-07-30 16:39:43,175] {logging_mixin.py:115} INFO - [2022-07-30 16:39:43,175] {dag.py:2398} INFO - Creating ORM DAG for chain
[2022-07-30 16:39:43,227] {logging_mixin.py:115} INFO - [2022-07-30 16:39:43,227] {dag.py:2931} INFO - Setting next_dagrun for chain to 2022-07-27T06:25:00+00:00, run_after=2022-07-27T06:30:00+00:00
[2022-07-30 16:39:43,291] {processor.py:161} INFO - Processing /opt/airflow/dags/basic_dags/chain.py took 1.102 seconds
[2022-07-30 16:40:13,495] {processor.py:153} INFO - Started process (PID=156) to work on /opt/airflow/dags/basic_dags/chain.py
[2022-07-30 16:40:13,495] {processor.py:641} INFO - Processing file /opt/airflow/dags/basic_dags/chain.py for tasks to queue
[2022-07-30 16:40:13,496] {logging_mixin.py:115} INFO - [2022-07-30 16:40:13,496] {dagbag.py:507} INFO - Filling up the DagBag from /opt/airflow/dags/basic_dags/chain.py
[2022-07-30 16:40:13,506] {processor.py:651} INFO - DAG(s) dict_keys(['chain']) retrieved from /opt/airflow/dags/basic_dags/chain.py
[2022-07-30 16:40:13,557] {logging_mixin.py:115} INFO - [2022-07-30 16:40:13,557] {dag.py:2379} INFO - Sync 1 DAGs
[2022-07-30 16:40:13,606] {logging_mixin.py:115} INFO - [2022-07-30 16:40:13,606] {dag.py:2931} INFO - Setting next_dagrun for chain to 2022-07-27T06:25:00+00:00, run_after=2022-07-27T06:30:00+00:00
[2022-07-30 16:40:13,633] {processor.py:161} INFO - Processing /opt/airflow/dags/basic_dags/chain.py took 0.144 seconds
[2022-07-30 16:40:44,174] {processor.py:153} INFO - Started process (PID=228) to work on /opt/airflow/dags/basic_dags/chain.py
[2022-07-30 16:40:44,177] {processor.py:641} INFO - Processing file /opt/airflow/dags/basic_dags/chain.py for tasks to queue
[2022-07-30 16:40:44,180] {logging_mixin.py:115} INFO - [2022-07-30 16:40:44,180] {dagbag.py:507} INFO - Filling up the DagBag from /opt/airflow/dags/basic_dags/chain.py
[2022-07-30 16:40:44,192] {processor.py:651} INFO - DAG(s) dict_keys(['chain']) retrieved from /opt/airflow/dags/basic_dags/chain.py
[2022-07-30 16:40:44,225] {logging_mixin.py:115} INFO - [2022-07-30 16:40:44,225] {dag.py:2379} INFO - Sync 1 DAGs
[2022-07-30 16:40:44,268] {logging_mixin.py:115} INFO - [2022-07-30 16:40:44,268] {dag.py:2931} INFO - Setting next_dagrun for chain to 2022-07-27T06:25:00+00:00, run_after=2022-07-27T06:30:00+00:00
[2022-07-30 16:40:44,302] {processor.py:161} INFO - Processing /opt/airflow/dags/basic_dags/chain.py took 0.132 seconds
[2022-07-30 16:41:15,260] {processor.py:153} INFO - Started process (PID=311) to work on /opt/airflow/dags/basic_dags/chain.py
[2022-07-30 16:41:15,260] {processor.py:641} INFO - Processing file /opt/airflow/dags/basic_dags/chain.py for tasks to queue
[2022-07-30 16:41:15,261] {logging_mixin.py:115} INFO - [2022-07-30 16:41:15,261] {dagbag.py:507} INFO - Filling up the DagBag from /opt/airflow/dags/basic_dags/chain.py
[2022-07-30 16:41:15,271] {processor.py:651} INFO - DAG(s) dict_keys(['chain']) retrieved from /opt/airflow/dags/basic_dags/chain.py
[2022-07-30 16:41:15,306] {logging_mixin.py:115} INFO - [2022-07-30 16:41:15,306] {dag.py:2379} INFO - Sync 1 DAGs
[2022-07-30 16:41:15,341] {logging_mixin.py:115} INFO - [2022-07-30 16:41:15,341] {dag.py:2931} INFO - Setting next_dagrun for chain to 2022-07-27T06:25:00+00:00, run_after=2022-07-27T06:30:00+00:00
[2022-07-30 16:41:15,357] {processor.py:161} INFO - Processing /opt/airflow/dags/basic_dags/chain.py took 0.101 seconds
[2022-07-30 16:41:46,012] {processor.py:153} INFO - Started process (PID=386) to work on /opt/airflow/dags/basic_dags/chain.py
[2022-07-30 16:41:46,019] {processor.py:641} INFO - Processing file /opt/airflow/dags/basic_dags/chain.py for tasks to queue
[2022-07-30 16:41:46,020] {logging_mixin.py:115} INFO - [2022-07-30 16:41:46,019] {dagbag.py:507} INFO - Filling up the DagBag from /opt/airflow/dags/basic_dags/chain.py
[2022-07-30 16:41:46,042] {processor.py:651} INFO - DAG(s) dict_keys(['chain']) retrieved from /opt/airflow/dags/basic_dags/chain.py
[2022-07-30 16:41:46,095] {logging_mixin.py:115} INFO - [2022-07-30 16:41:46,095] {dag.py:2379} INFO - Sync 1 DAGs
[2022-07-30 16:41:46,128] {logging_mixin.py:115} INFO - [2022-07-30 16:41:46,128] {dag.py:2931} INFO - Setting next_dagrun for chain to 2022-07-27T06:25:00+00:00, run_after=2022-07-27T06:30:00+00:00
[2022-07-30 16:41:46,149] {processor.py:161} INFO - Processing /opt/airflow/dags/basic_dags/chain.py took 0.147 seconds
[2022-07-30 16:42:16,274] {processor.py:153} INFO - Started process (PID=473) to work on /opt/airflow/dags/basic_dags/chain.py
[2022-07-30 16:42:16,274] {processor.py:641} INFO - Processing file /opt/airflow/dags/basic_dags/chain.py for tasks to queue
[2022-07-30 16:42:16,275] {logging_mixin.py:115} INFO - [2022-07-30 16:42:16,275] {dagbag.py:507} INFO - Filling up the DagBag from /opt/airflow/dags/basic_dags/chain.py
[2022-07-30 16:42:16,298] {processor.py:651} INFO - DAG(s) dict_keys(['chain']) retrieved from /opt/airflow/dags/basic_dags/chain.py
[2022-07-30 16:42:16,379] {logging_mixin.py:115} INFO - [2022-07-30 16:42:16,379] {dag.py:2379} INFO - Sync 1 DAGs
[2022-07-30 16:42:16,449] {logging_mixin.py:115} INFO - [2022-07-30 16:42:16,448] {dag.py:2931} INFO - Setting next_dagrun for chain to 2022-07-27T06:25:00+00:00, run_after=2022-07-27T06:30:00+00:00
[2022-07-30 16:42:16,487] {processor.py:161} INFO - Processing /opt/airflow/dags/basic_dags/chain.py took 0.233 seconds
[2022-07-30 16:44:15,565] {processor.py:153} INFO - Started process (PID=72) to work on /opt/airflow/dags/basic_dags/chain.py
[2022-07-30 16:44:15,572] {processor.py:641} INFO - Processing file /opt/airflow/dags/basic_dags/chain.py for tasks to queue
[2022-07-30 16:44:15,573] {logging_mixin.py:115} INFO - [2022-07-30 16:44:15,572] {dagbag.py:507} INFO - Filling up the DagBag from /opt/airflow/dags/basic_dags/chain.py
[2022-07-30 16:44:15,590] {processor.py:651} INFO - DAG(s) dict_keys(['chain']) retrieved from /opt/airflow/dags/basic_dags/chain.py
[2022-07-30 16:44:15,701] {logging_mixin.py:115} INFO - [2022-07-30 16:44:15,701] {dag.py:2379} INFO - Sync 1 DAGs
[2022-07-30 16:44:15,792] {logging_mixin.py:115} INFO - [2022-07-30 16:44:15,792] {dag.py:2931} INFO - Setting next_dagrun for chain to 2022-07-27T06:25:00+00:00, run_after=2022-07-27T06:30:00+00:00
[2022-07-30 16:44:15,824] {processor.py:161} INFO - Processing /opt/airflow/dags/basic_dags/chain.py took 0.263 seconds
[2022-07-30 16:44:46,665] {processor.py:153} INFO - Started process (PID=142) to work on /opt/airflow/dags/basic_dags/chain.py
[2022-07-30 16:44:46,666] {processor.py:641} INFO - Processing file /opt/airflow/dags/basic_dags/chain.py for tasks to queue
[2022-07-30 16:44:46,667] {logging_mixin.py:115} INFO - [2022-07-30 16:44:46,666] {dagbag.py:507} INFO - Filling up the DagBag from /opt/airflow/dags/basic_dags/chain.py
[2022-07-30 16:44:46,677] {processor.py:651} INFO - DAG(s) dict_keys(['chain']) retrieved from /opt/airflow/dags/basic_dags/chain.py
[2022-07-30 16:44:46,711] {logging_mixin.py:115} INFO - [2022-07-30 16:44:46,711] {dag.py:2379} INFO - Sync 1 DAGs
[2022-07-30 16:44:46,745] {logging_mixin.py:115} INFO - [2022-07-30 16:44:46,744] {dag.py:2931} INFO - Setting next_dagrun for chain to 2022-07-27T06:25:00+00:00, run_after=2022-07-27T06:30:00+00:00
[2022-07-30 16:44:46,758] {processor.py:161} INFO - Processing /opt/airflow/dags/basic_dags/chain.py took 0.097 seconds
[2022-07-30 16:45:17,242] {processor.py:153} INFO - Started process (PID=224) to work on /opt/airflow/dags/basic_dags/chain.py
[2022-07-30 16:45:17,244] {processor.py:641} INFO - Processing file /opt/airflow/dags/basic_dags/chain.py for tasks to queue
[2022-07-30 16:45:17,248] {logging_mixin.py:115} INFO - [2022-07-30 16:45:17,248] {dagbag.py:507} INFO - Filling up the DagBag from /opt/airflow/dags/basic_dags/chain.py
[2022-07-30 16:45:17,303] {processor.py:651} INFO - DAG(s) dict_keys(['chain']) retrieved from /opt/airflow/dags/basic_dags/chain.py
[2022-07-30 16:45:17,461] {logging_mixin.py:115} INFO - [2022-07-30 16:45:17,461] {dag.py:2379} INFO - Sync 1 DAGs
[2022-07-30 16:45:17,595] {logging_mixin.py:115} INFO - [2022-07-30 16:45:17,595] {dag.py:2931} INFO - Setting next_dagrun for chain to 2022-07-27T06:25:00+00:00, run_after=2022-07-27T06:30:00+00:00
[2022-07-30 16:45:17,650] {processor.py:161} INFO - Processing /opt/airflow/dags/basic_dags/chain.py took 0.435 seconds
[2022-07-30 16:45:48,210] {processor.py:153} INFO - Started process (PID=301) to work on /opt/airflow/dags/basic_dags/chain.py
[2022-07-30 16:45:48,211] {processor.py:641} INFO - Processing file /opt/airflow/dags/basic_dags/chain.py for tasks to queue
[2022-07-30 16:45:48,211] {logging_mixin.py:115} INFO - [2022-07-30 16:45:48,211] {dagbag.py:507} INFO - Filling up the DagBag from /opt/airflow/dags/basic_dags/chain.py
[2022-07-30 16:45:48,222] {processor.py:651} INFO - DAG(s) dict_keys(['chain']) retrieved from /opt/airflow/dags/basic_dags/chain.py
[2022-07-30 16:45:48,269] {logging_mixin.py:115} INFO - [2022-07-30 16:45:48,268] {dag.py:2379} INFO - Sync 1 DAGs
[2022-07-30 16:45:48,314] {logging_mixin.py:115} INFO - [2022-07-30 16:45:48,314] {dag.py:2931} INFO - Setting next_dagrun for chain to 2022-07-27T06:25:00+00:00, run_after=2022-07-27T06:30:00+00:00
[2022-07-30 16:45:48,336] {processor.py:161} INFO - Processing /opt/airflow/dags/basic_dags/chain.py took 0.130 seconds
[2022-07-30 16:46:18,551] {processor.py:153} INFO - Started process (PID=375) to work on /opt/airflow/dags/basic_dags/chain.py
[2022-07-30 16:46:18,560] {processor.py:641} INFO - Processing file /opt/airflow/dags/basic_dags/chain.py for tasks to queue
[2022-07-30 16:46:18,560] {logging_mixin.py:115} INFO - [2022-07-30 16:46:18,560] {dagbag.py:507} INFO - Filling up the DagBag from /opt/airflow/dags/basic_dags/chain.py
[2022-07-30 16:46:18,602] {processor.py:651} INFO - DAG(s) dict_keys(['chain']) retrieved from /opt/airflow/dags/basic_dags/chain.py
[2022-07-30 16:46:18,665] {logging_mixin.py:115} INFO - [2022-07-30 16:46:18,665] {dag.py:2379} INFO - Sync 1 DAGs
[2022-07-30 16:46:18,726] {logging_mixin.py:115} INFO - [2022-07-30 16:46:18,725] {dag.py:2931} INFO - Setting next_dagrun for chain to 2022-07-27T06:25:00+00:00, run_after=2022-07-27T06:30:00+00:00
[2022-07-30 16:46:18,751] {processor.py:161} INFO - Processing /opt/airflow/dags/basic_dags/chain.py took 0.228 seconds
[2022-07-30 16:46:51,207] {processor.py:153} INFO - Started process (PID=457) to work on /opt/airflow/dags/basic_dags/chain.py
[2022-07-30 16:46:51,216] {processor.py:641} INFO - Processing file /opt/airflow/dags/basic_dags/chain.py for tasks to queue
[2022-07-30 16:46:51,217] {logging_mixin.py:115} INFO - [2022-07-30 16:46:51,217] {dagbag.py:507} INFO - Filling up the DagBag from /opt/airflow/dags/basic_dags/chain.py
[2022-07-30 16:46:51,233] {processor.py:651} INFO - DAG(s) dict_keys(['chain']) retrieved from /opt/airflow/dags/basic_dags/chain.py
[2022-07-30 16:46:51,277] {logging_mixin.py:115} INFO - [2022-07-30 16:46:51,277] {dag.py:2379} INFO - Sync 1 DAGs
[2022-07-30 16:46:51,323] {logging_mixin.py:115} INFO - [2022-07-30 16:46:51,323] {dag.py:2931} INFO - Setting next_dagrun for chain to 2022-07-27T06:25:00+00:00, run_after=2022-07-27T06:30:00+00:00
[2022-07-30 16:46:51,367] {processor.py:161} INFO - Processing /opt/airflow/dags/basic_dags/chain.py took 0.163 seconds
[2022-07-30 16:47:22,799] {processor.py:153} INFO - Started process (PID=530) to work on /opt/airflow/dags/basic_dags/chain.py
[2022-07-30 16:47:22,804] {processor.py:641} INFO - Processing file /opt/airflow/dags/basic_dags/chain.py for tasks to queue
[2022-07-30 16:47:22,804] {logging_mixin.py:115} INFO - [2022-07-30 16:47:22,804] {dagbag.py:507} INFO - Filling up the DagBag from /opt/airflow/dags/basic_dags/chain.py
[2022-07-30 16:47:22,818] {processor.py:651} INFO - DAG(s) dict_keys(['chain']) retrieved from /opt/airflow/dags/basic_dags/chain.py
[2022-07-30 16:47:22,881] {logging_mixin.py:115} INFO - [2022-07-30 16:47:22,881] {dag.py:2379} INFO - Sync 1 DAGs
[2022-07-30 16:47:22,959] {logging_mixin.py:115} INFO - [2022-07-30 16:47:22,959] {dag.py:2931} INFO - Setting next_dagrun for chain to 2022-07-27T06:25:00+00:00, run_after=2022-07-27T06:30:00+00:00
[2022-07-30 16:47:22,983] {processor.py:161} INFO - Processing /opt/airflow/dags/basic_dags/chain.py took 0.188 seconds
[2022-07-30 16:47:53,199] {processor.py:153} INFO - Started process (PID=613) to work on /opt/airflow/dags/basic_dags/chain.py
[2022-07-30 16:47:53,200] {processor.py:641} INFO - Processing file /opt/airflow/dags/basic_dags/chain.py for tasks to queue
[2022-07-30 16:47:53,200] {logging_mixin.py:115} INFO - [2022-07-30 16:47:53,200] {dagbag.py:507} INFO - Filling up the DagBag from /opt/airflow/dags/basic_dags/chain.py
[2022-07-30 16:47:53,210] {processor.py:651} INFO - DAG(s) dict_keys(['chain']) retrieved from /opt/airflow/dags/basic_dags/chain.py
[2022-07-30 16:47:53,242] {logging_mixin.py:115} INFO - [2022-07-30 16:47:53,242] {dag.py:2379} INFO - Sync 1 DAGs
[2022-07-30 16:47:53,275] {logging_mixin.py:115} INFO - [2022-07-30 16:47:53,275] {dag.py:2931} INFO - Setting next_dagrun for chain to 2022-07-27T06:25:00+00:00, run_after=2022-07-27T06:30:00+00:00
[2022-07-30 16:47:53,291] {processor.py:161} INFO - Processing /opt/airflow/dags/basic_dags/chain.py took 0.095 seconds
[2022-07-30 16:48:25,379] {processor.py:153} INFO - Started process (PID=690) to work on /opt/airflow/dags/basic_dags/chain.py
[2022-07-30 16:48:25,398] {processor.py:641} INFO - Processing file /opt/airflow/dags/basic_dags/chain.py for tasks to queue
[2022-07-30 16:48:25,400] {logging_mixin.py:115} INFO - [2022-07-30 16:48:25,400] {dagbag.py:507} INFO - Filling up the DagBag from /opt/airflow/dags/basic_dags/chain.py
[2022-07-30 16:48:25,442] {processor.py:651} INFO - DAG(s) dict_keys(['chain']) retrieved from /opt/airflow/dags/basic_dags/chain.py
[2022-07-30 16:48:25,580] {logging_mixin.py:115} INFO - [2022-07-30 16:48:25,580] {dag.py:2379} INFO - Sync 1 DAGs
[2022-07-30 16:48:25,677] {logging_mixin.py:115} INFO - [2022-07-30 16:48:25,677] {dag.py:2931} INFO - Setting next_dagrun for chain to 2022-07-27T06:25:00+00:00, run_after=2022-07-27T06:30:00+00:00
[2022-07-30 16:48:25,789] {processor.py:161} INFO - Processing /opt/airflow/dags/basic_dags/chain.py took 0.414 seconds
[2022-07-30 16:48:56,208] {processor.py:153} INFO - Started process (PID=771) to work on /opt/airflow/dags/basic_dags/chain.py
[2022-07-30 16:48:56,209] {processor.py:641} INFO - Processing file /opt/airflow/dags/basic_dags/chain.py for tasks to queue
[2022-07-30 16:48:56,209] {logging_mixin.py:115} INFO - [2022-07-30 16:48:56,209] {dagbag.py:507} INFO - Filling up the DagBag from /opt/airflow/dags/basic_dags/chain.py
[2022-07-30 16:48:56,219] {processor.py:651} INFO - DAG(s) dict_keys(['chain']) retrieved from /opt/airflow/dags/basic_dags/chain.py
[2022-07-30 16:48:56,250] {logging_mixin.py:115} INFO - [2022-07-30 16:48:56,250] {dag.py:2379} INFO - Sync 1 DAGs
[2022-07-30 16:48:56,285] {logging_mixin.py:115} INFO - [2022-07-30 16:48:56,285] {dag.py:2931} INFO - Setting next_dagrun for chain to 2022-07-27T06:25:00+00:00, run_after=2022-07-27T06:30:00+00:00
[2022-07-30 16:48:56,299] {processor.py:161} INFO - Processing /opt/airflow/dags/basic_dags/chain.py took 0.094 seconds
[2022-07-30 16:49:26,565] {processor.py:153} INFO - Started process (PID=849) to work on /opt/airflow/dags/basic_dags/chain.py
[2022-07-30 16:49:26,566] {processor.py:641} INFO - Processing file /opt/airflow/dags/basic_dags/chain.py for tasks to queue
[2022-07-30 16:49:26,566] {logging_mixin.py:115} INFO - [2022-07-30 16:49:26,566] {dagbag.py:507} INFO - Filling up the DagBag from /opt/airflow/dags/basic_dags/chain.py
[2022-07-30 16:49:26,576] {processor.py:651} INFO - DAG(s) dict_keys(['chain']) retrieved from /opt/airflow/dags/basic_dags/chain.py
[2022-07-30 16:49:26,609] {logging_mixin.py:115} INFO - [2022-07-30 16:49:26,609] {dag.py:2379} INFO - Sync 1 DAGs
[2022-07-30 16:49:26,643] {logging_mixin.py:115} INFO - [2022-07-30 16:49:26,643] {dag.py:2931} INFO - Setting next_dagrun for chain to 2022-07-27T06:25:00+00:00, run_after=2022-07-27T06:30:00+00:00
[2022-07-30 16:49:26,663] {processor.py:161} INFO - Processing /opt/airflow/dags/basic_dags/chain.py took 0.102 seconds
[2022-07-30 16:50:00,038] {processor.py:153} INFO - Started process (PID=928) to work on /opt/airflow/dags/basic_dags/chain.py
[2022-07-30 16:50:00,039] {processor.py:641} INFO - Processing file /opt/airflow/dags/basic_dags/chain.py for tasks to queue
[2022-07-30 16:50:00,039] {logging_mixin.py:115} INFO - [2022-07-30 16:50:00,039] {dagbag.py:507} INFO - Filling up the DagBag from /opt/airflow/dags/basic_dags/chain.py
[2022-07-30 16:50:00,071] {processor.py:651} INFO - DAG(s) dict_keys(['chain']) retrieved from /opt/airflow/dags/basic_dags/chain.py
[2022-07-30 16:50:00,129] {logging_mixin.py:115} INFO - [2022-07-30 16:50:00,129] {dag.py:2379} INFO - Sync 1 DAGs
[2022-07-30 16:50:00,164] {logging_mixin.py:115} INFO - [2022-07-30 16:50:00,164] {dag.py:2931} INFO - Setting next_dagrun for chain to 2022-07-27T06:25:00+00:00, run_after=2022-07-27T06:30:00+00:00
[2022-07-30 16:50:00,179] {processor.py:161} INFO - Processing /opt/airflow/dags/basic_dags/chain.py took 0.155 seconds
[2022-07-30 16:50:30,896] {processor.py:153} INFO - Started process (PID=1000) to work on /opt/airflow/dags/basic_dags/chain.py
[2022-07-30 16:50:30,897] {processor.py:641} INFO - Processing file /opt/airflow/dags/basic_dags/chain.py for tasks to queue
[2022-07-30 16:50:30,897] {logging_mixin.py:115} INFO - [2022-07-30 16:50:30,897] {dagbag.py:507} INFO - Filling up the DagBag from /opt/airflow/dags/basic_dags/chain.py
[2022-07-30 16:50:30,908] {processor.py:651} INFO - DAG(s) dict_keys(['chain']) retrieved from /opt/airflow/dags/basic_dags/chain.py
[2022-07-30 16:50:30,943] {logging_mixin.py:115} INFO - [2022-07-30 16:50:30,943] {dag.py:2379} INFO - Sync 1 DAGs
[2022-07-30 16:50:30,981] {logging_mixin.py:115} INFO - [2022-07-30 16:50:30,980] {dag.py:2931} INFO - Setting next_dagrun for chain to 2022-07-27T06:25:00+00:00, run_after=2022-07-27T06:30:00+00:00
[2022-07-30 16:50:30,997] {processor.py:161} INFO - Processing /opt/airflow/dags/basic_dags/chain.py took 0.108 seconds
[2022-07-30 16:51:01,106] {processor.py:153} INFO - Started process (PID=1071) to work on /opt/airflow/dags/basic_dags/chain.py
[2022-07-30 16:51:01,106] {processor.py:641} INFO - Processing file /opt/airflow/dags/basic_dags/chain.py for tasks to queue
[2022-07-30 16:51:01,107] {logging_mixin.py:115} INFO - [2022-07-30 16:51:01,107] {dagbag.py:507} INFO - Filling up the DagBag from /opt/airflow/dags/basic_dags/chain.py
[2022-07-30 16:51:01,121] {processor.py:651} INFO - DAG(s) dict_keys(['chain']) retrieved from /opt/airflow/dags/basic_dags/chain.py
[2022-07-30 16:51:01,186] {logging_mixin.py:115} INFO - [2022-07-30 16:51:01,186] {dag.py:2379} INFO - Sync 1 DAGs
[2022-07-30 16:51:01,240] {logging_mixin.py:115} INFO - [2022-07-30 16:51:01,240] {dag.py:2931} INFO - Setting next_dagrun for chain to 2022-07-27T06:25:00+00:00, run_after=2022-07-27T06:30:00+00:00
[2022-07-30 16:51:01,262] {processor.py:161} INFO - Processing /opt/airflow/dags/basic_dags/chain.py took 0.161 seconds
[2022-07-30 16:51:31,503] {processor.py:153} INFO - Started process (PID=1151) to work on /opt/airflow/dags/basic_dags/chain.py
[2022-07-30 16:51:31,507] {processor.py:641} INFO - Processing file /opt/airflow/dags/basic_dags/chain.py for tasks to queue
[2022-07-30 16:51:31,509] {logging_mixin.py:115} INFO - [2022-07-30 16:51:31,508] {dagbag.py:507} INFO - Filling up the DagBag from /opt/airflow/dags/basic_dags/chain.py
[2022-07-30 16:51:31,530] {processor.py:651} INFO - DAG(s) dict_keys(['chain']) retrieved from /opt/airflow/dags/basic_dags/chain.py
[2022-07-30 16:51:31,610] {logging_mixin.py:115} INFO - [2022-07-30 16:51:31,609] {dag.py:2379} INFO - Sync 1 DAGs
[2022-07-30 16:51:31,695] {logging_mixin.py:115} INFO - [2022-07-30 16:51:31,695] {dag.py:2931} INFO - Setting next_dagrun for chain to 2022-07-27T06:25:00+00:00, run_after=2022-07-27T06:30:00+00:00
[2022-07-30 16:51:31,724] {processor.py:161} INFO - Processing /opt/airflow/dags/basic_dags/chain.py took 0.240 seconds
[2022-07-30 16:52:02,696] {processor.py:153} INFO - Started process (PID=1232) to work on /opt/airflow/dags/basic_dags/chain.py
[2022-07-30 16:52:02,697] {processor.py:641} INFO - Processing file /opt/airflow/dags/basic_dags/chain.py for tasks to queue
[2022-07-30 16:52:02,698] {logging_mixin.py:115} INFO - [2022-07-30 16:52:02,698] {dagbag.py:507} INFO - Filling up the DagBag from /opt/airflow/dags/basic_dags/chain.py
[2022-07-30 16:52:02,708] {processor.py:651} INFO - DAG(s) dict_keys(['chain']) retrieved from /opt/airflow/dags/basic_dags/chain.py
[2022-07-30 16:52:02,744] {logging_mixin.py:115} INFO - [2022-07-30 16:52:02,744] {dag.py:2379} INFO - Sync 1 DAGs
[2022-07-30 16:52:02,780] {logging_mixin.py:115} INFO - [2022-07-30 16:52:02,780] {dag.py:2931} INFO - Setting next_dagrun for chain to 2022-07-27T06:25:00+00:00, run_after=2022-07-27T06:30:00+00:00
[2022-07-30 16:52:02,794] {processor.py:161} INFO - Processing /opt/airflow/dags/basic_dags/chain.py took 0.101 seconds
[2022-07-30 16:52:33,071] {processor.py:153} INFO - Started process (PID=1304) to work on /opt/airflow/dags/basic_dags/chain.py
[2022-07-30 16:52:33,072] {processor.py:641} INFO - Processing file /opt/airflow/dags/basic_dags/chain.py for tasks to queue
[2022-07-30 16:52:33,073] {logging_mixin.py:115} INFO - [2022-07-30 16:52:33,072] {dagbag.py:507} INFO - Filling up the DagBag from /opt/airflow/dags/basic_dags/chain.py
[2022-07-30 16:52:33,082] {processor.py:651} INFO - DAG(s) dict_keys(['chain']) retrieved from /opt/airflow/dags/basic_dags/chain.py
[2022-07-30 16:52:33,115] {logging_mixin.py:115} INFO - [2022-07-30 16:52:33,115] {dag.py:2379} INFO - Sync 1 DAGs
[2022-07-30 16:52:33,149] {logging_mixin.py:115} INFO - [2022-07-30 16:52:33,149] {dag.py:2931} INFO - Setting next_dagrun for chain to 2022-07-27T06:25:00+00:00, run_after=2022-07-27T06:30:00+00:00
[2022-07-30 16:52:33,163] {processor.py:161} INFO - Processing /opt/airflow/dags/basic_dags/chain.py took 0.096 seconds
[2022-07-30 16:53:03,318] {processor.py:153} INFO - Started process (PID=1391) to work on /opt/airflow/dags/basic_dags/chain.py
[2022-07-30 16:53:03,318] {processor.py:641} INFO - Processing file /opt/airflow/dags/basic_dags/chain.py for tasks to queue
[2022-07-30 16:53:03,319] {logging_mixin.py:115} INFO - [2022-07-30 16:53:03,319] {dagbag.py:507} INFO - Filling up the DagBag from /opt/airflow/dags/basic_dags/chain.py
[2022-07-30 16:53:03,349] {processor.py:651} INFO - DAG(s) dict_keys(['chain']) retrieved from /opt/airflow/dags/basic_dags/chain.py
[2022-07-30 16:53:03,424] {logging_mixin.py:115} INFO - [2022-07-30 16:53:03,424] {dag.py:2379} INFO - Sync 1 DAGs
[2022-07-30 16:53:03,497] {logging_mixin.py:115} INFO - [2022-07-30 16:53:03,496] {dag.py:2931} INFO - Setting next_dagrun for chain to 2022-07-27T06:25:00+00:00, run_after=2022-07-27T06:30:00+00:00
[2022-07-30 16:53:03,536] {processor.py:161} INFO - Processing /opt/airflow/dags/basic_dags/chain.py took 0.224 seconds
[2022-07-30 16:53:33,820] {processor.py:153} INFO - Started process (PID=1462) to work on /opt/airflow/dags/basic_dags/chain.py
[2022-07-30 16:53:33,821] {processor.py:641} INFO - Processing file /opt/airflow/dags/basic_dags/chain.py for tasks to queue
[2022-07-30 16:53:33,822] {logging_mixin.py:115} INFO - [2022-07-30 16:53:33,822] {dagbag.py:507} INFO - Filling up the DagBag from /opt/airflow/dags/basic_dags/chain.py
[2022-07-30 16:53:33,832] {processor.py:651} INFO - DAG(s) dict_keys(['chain']) retrieved from /opt/airflow/dags/basic_dags/chain.py
[2022-07-30 16:53:33,868] {logging_mixin.py:115} INFO - [2022-07-30 16:53:33,868] {dag.py:2379} INFO - Sync 1 DAGs
[2022-07-30 16:53:33,906] {logging_mixin.py:115} INFO - [2022-07-30 16:53:33,906] {dag.py:2931} INFO - Setting next_dagrun for chain to 2022-07-27T06:25:00+00:00, run_after=2022-07-27T06:30:00+00:00
[2022-07-30 16:53:33,923] {processor.py:161} INFO - Processing /opt/airflow/dags/basic_dags/chain.py took 0.107 seconds
[2022-07-30 16:54:04,616] {processor.py:153} INFO - Started process (PID=1538) to work on /opt/airflow/dags/basic_dags/chain.py
[2022-07-30 16:54:04,616] {processor.py:641} INFO - Processing file /opt/airflow/dags/basic_dags/chain.py for tasks to queue
[2022-07-30 16:54:04,617] {logging_mixin.py:115} INFO - [2022-07-30 16:54:04,617] {dagbag.py:507} INFO - Filling up the DagBag from /opt/airflow/dags/basic_dags/chain.py
[2022-07-30 16:54:04,627] {processor.py:651} INFO - DAG(s) dict_keys(['chain']) retrieved from /opt/airflow/dags/basic_dags/chain.py
[2022-07-30 16:54:04,699] {logging_mixin.py:115} INFO - [2022-07-30 16:54:04,698] {dag.py:2379} INFO - Sync 1 DAGs
[2022-07-30 16:54:04,730] {logging_mixin.py:115} INFO - [2022-07-30 16:54:04,730] {dag.py:2931} INFO - Setting next_dagrun for chain to 2022-07-27T06:25:00+00:00, run_after=2022-07-27T06:30:00+00:00
[2022-07-30 16:54:04,745] {processor.py:161} INFO - Processing /opt/airflow/dags/basic_dags/chain.py took 0.133 seconds
[2022-07-30 16:54:35,124] {processor.py:153} INFO - Started process (PID=1624) to work on /opt/airflow/dags/basic_dags/chain.py
[2022-07-30 16:54:35,125] {processor.py:641} INFO - Processing file /opt/airflow/dags/basic_dags/chain.py for tasks to queue
[2022-07-30 16:54:35,126] {logging_mixin.py:115} INFO - [2022-07-30 16:54:35,126] {dagbag.py:507} INFO - Filling up the DagBag from /opt/airflow/dags/basic_dags/chain.py
[2022-07-30 16:54:35,143] {processor.py:651} INFO - DAG(s) dict_keys(['chain']) retrieved from /opt/airflow/dags/basic_dags/chain.py
[2022-07-30 16:54:35,180] {logging_mixin.py:115} INFO - [2022-07-30 16:54:35,180] {dag.py:2379} INFO - Sync 1 DAGs
[2022-07-30 16:54:35,213] {logging_mixin.py:115} INFO - [2022-07-30 16:54:35,213] {dag.py:2931} INFO - Setting next_dagrun for chain to 2022-07-27T06:25:00+00:00, run_after=2022-07-27T06:30:00+00:00
[2022-07-30 16:54:35,231] {processor.py:161} INFO - Processing /opt/airflow/dags/basic_dags/chain.py took 0.113 seconds
[2022-07-30 16:55:05,428] {processor.py:153} INFO - Started process (PID=1696) to work on /opt/airflow/dags/basic_dags/chain.py
[2022-07-30 16:55:05,428] {processor.py:641} INFO - Processing file /opt/airflow/dags/basic_dags/chain.py for tasks to queue
[2022-07-30 16:55:05,429] {logging_mixin.py:115} INFO - [2022-07-30 16:55:05,429] {dagbag.py:507} INFO - Filling up the DagBag from /opt/airflow/dags/basic_dags/chain.py
[2022-07-30 16:55:05,435] {processor.py:651} INFO - DAG(s) dict_keys(['chain']) retrieved from /opt/airflow/dags/basic_dags/chain.py
[2022-07-30 16:55:05,462] {logging_mixin.py:115} INFO - [2022-07-30 16:55:05,462] {dag.py:2379} INFO - Sync 1 DAGs
[2022-07-30 16:55:05,490] {logging_mixin.py:115} INFO - [2022-07-30 16:55:05,490] {dag.py:2931} INFO - Setting next_dagrun for chain to 2022-07-27T06:25:00+00:00, run_after=2022-07-27T06:30:00+00:00
[2022-07-30 16:55:05,501] {processor.py:161} INFO - Processing /opt/airflow/dags/basic_dags/chain.py took 0.076 seconds
[2022-07-30 16:55:35,825] {processor.py:153} INFO - Started process (PID=1773) to work on /opt/airflow/dags/basic_dags/chain.py
[2022-07-30 16:55:35,826] {processor.py:641} INFO - Processing file /opt/airflow/dags/basic_dags/chain.py for tasks to queue
[2022-07-30 16:55:35,827] {logging_mixin.py:115} INFO - [2022-07-30 16:55:35,827] {dagbag.py:507} INFO - Filling up the DagBag from /opt/airflow/dags/basic_dags/chain.py
[2022-07-30 16:55:35,833] {processor.py:651} INFO - DAG(s) dict_keys(['chain']) retrieved from /opt/airflow/dags/basic_dags/chain.py
[2022-07-30 16:55:35,856] {logging_mixin.py:115} INFO - [2022-07-30 16:55:35,856] {dag.py:2379} INFO - Sync 1 DAGs
[2022-07-30 16:55:35,883] {logging_mixin.py:115} INFO - [2022-07-30 16:55:35,883] {dag.py:2931} INFO - Setting next_dagrun for chain to 2022-07-27T06:25:00+00:00, run_after=2022-07-27T06:30:00+00:00
[2022-07-30 16:55:35,898] {processor.py:161} INFO - Processing /opt/airflow/dags/basic_dags/chain.py took 0.076 seconds
[2022-07-30 16:56:06,372] {processor.py:153} INFO - Started process (PID=1858) to work on /opt/airflow/dags/basic_dags/chain.py
[2022-07-30 16:56:06,372] {processor.py:641} INFO - Processing file /opt/airflow/dags/basic_dags/chain.py for tasks to queue
[2022-07-30 16:56:06,373] {logging_mixin.py:115} INFO - [2022-07-30 16:56:06,373] {dagbag.py:507} INFO - Filling up the DagBag from /opt/airflow/dags/basic_dags/chain.py
[2022-07-30 16:56:06,402] {processor.py:651} INFO - DAG(s) dict_keys(['chain']) retrieved from /opt/airflow/dags/basic_dags/chain.py
[2022-07-30 16:56:06,510] {logging_mixin.py:115} INFO - [2022-07-30 16:56:06,506] {dag.py:2379} INFO - Sync 1 DAGs
[2022-07-30 16:56:06,625] {logging_mixin.py:115} INFO - [2022-07-30 16:56:06,625] {dag.py:2931} INFO - Setting next_dagrun for chain to 2022-07-27T06:25:00+00:00, run_after=2022-07-27T06:30:00+00:00
[2022-07-30 16:56:06,690] {processor.py:161} INFO - Processing /opt/airflow/dags/basic_dags/chain.py took 0.321 seconds
[2022-07-30 16:56:37,432] {processor.py:153} INFO - Started process (PID=1939) to work on /opt/airflow/dags/basic_dags/chain.py
[2022-07-30 16:56:37,436] {processor.py:641} INFO - Processing file /opt/airflow/dags/basic_dags/chain.py for tasks to queue
[2022-07-30 16:56:37,436] {logging_mixin.py:115} INFO - [2022-07-30 16:56:37,436] {dagbag.py:507} INFO - Filling up the DagBag from /opt/airflow/dags/basic_dags/chain.py
[2022-07-30 16:56:37,453] {processor.py:651} INFO - DAG(s) dict_keys(['chain']) retrieved from /opt/airflow/dags/basic_dags/chain.py
[2022-07-30 16:56:37,523] {logging_mixin.py:115} INFO - [2022-07-30 16:56:37,523] {dag.py:2379} INFO - Sync 1 DAGs
[2022-07-30 16:56:37,583] {logging_mixin.py:115} INFO - [2022-07-30 16:56:37,582] {dag.py:2931} INFO - Setting next_dagrun for chain to 2022-07-27T06:25:00+00:00, run_after=2022-07-27T06:30:00+00:00
[2022-07-30 16:56:37,612] {processor.py:161} INFO - Processing /opt/airflow/dags/basic_dags/chain.py took 0.189 seconds
[2022-07-30 16:57:08,068] {processor.py:153} INFO - Started process (PID=2014) to work on /opt/airflow/dags/basic_dags/chain.py
[2022-07-30 16:57:08,068] {processor.py:641} INFO - Processing file /opt/airflow/dags/basic_dags/chain.py for tasks to queue
[2022-07-30 16:57:08,069] {logging_mixin.py:115} INFO - [2022-07-30 16:57:08,069] {dagbag.py:507} INFO - Filling up the DagBag from /opt/airflow/dags/basic_dags/chain.py
[2022-07-30 16:57:08,079] {processor.py:651} INFO - DAG(s) dict_keys(['chain']) retrieved from /opt/airflow/dags/basic_dags/chain.py
[2022-07-30 16:57:08,112] {logging_mixin.py:115} INFO - [2022-07-30 16:57:08,112] {dag.py:2379} INFO - Sync 1 DAGs
[2022-07-30 16:57:08,146] {logging_mixin.py:115} INFO - [2022-07-30 16:57:08,146] {dag.py:2931} INFO - Setting next_dagrun for chain to 2022-07-27T06:25:00+00:00, run_after=2022-07-27T06:30:00+00:00
[2022-07-30 16:57:08,161] {processor.py:161} INFO - Processing /opt/airflow/dags/basic_dags/chain.py took 0.097 seconds
[2022-07-30 16:57:38,348] {processor.py:153} INFO - Started process (PID=2093) to work on /opt/airflow/dags/basic_dags/chain.py
[2022-07-30 16:57:38,349] {processor.py:641} INFO - Processing file /opt/airflow/dags/basic_dags/chain.py for tasks to queue
[2022-07-30 16:57:38,349] {logging_mixin.py:115} INFO - [2022-07-30 16:57:38,349] {dagbag.py:507} INFO - Filling up the DagBag from /opt/airflow/dags/basic_dags/chain.py
[2022-07-30 16:57:38,359] {processor.py:651} INFO - DAG(s) dict_keys(['chain']) retrieved from /opt/airflow/dags/basic_dags/chain.py
[2022-07-30 16:57:38,390] {logging_mixin.py:115} INFO - [2022-07-30 16:57:38,390] {dag.py:2379} INFO - Sync 1 DAGs
[2022-07-30 16:57:38,425] {logging_mixin.py:115} INFO - [2022-07-30 16:57:38,424] {dag.py:2931} INFO - Setting next_dagrun for chain to 2022-07-27T06:25:00+00:00, run_after=2022-07-27T06:30:00+00:00
[2022-07-30 16:57:38,438] {processor.py:161} INFO - Processing /opt/airflow/dags/basic_dags/chain.py took 0.095 seconds
[2022-07-30 16:58:08,647] {processor.py:153} INFO - Started process (PID=2169) to work on /opt/airflow/dags/basic_dags/chain.py
[2022-07-30 16:58:08,648] {processor.py:641} INFO - Processing file /opt/airflow/dags/basic_dags/chain.py for tasks to queue
[2022-07-30 16:58:08,648] {logging_mixin.py:115} INFO - [2022-07-30 16:58:08,648] {dagbag.py:507} INFO - Filling up the DagBag from /opt/airflow/dags/basic_dags/chain.py
[2022-07-30 16:58:08,666] {processor.py:651} INFO - DAG(s) dict_keys(['chain']) retrieved from /opt/airflow/dags/basic_dags/chain.py
[2022-07-30 16:58:08,718] {logging_mixin.py:115} INFO - [2022-07-30 16:58:08,718] {dag.py:2379} INFO - Sync 1 DAGs
[2022-07-30 16:58:08,786] {logging_mixin.py:115} INFO - [2022-07-30 16:58:08,786] {dag.py:2931} INFO - Setting next_dagrun for chain to 2022-07-27T06:25:00+00:00, run_after=2022-07-27T06:30:00+00:00
[2022-07-30 16:58:08,813] {processor.py:161} INFO - Processing /opt/airflow/dags/basic_dags/chain.py took 0.169 seconds
[2022-07-30 16:58:39,141] {processor.py:153} INFO - Started process (PID=2242) to work on /opt/airflow/dags/basic_dags/chain.py
[2022-07-30 16:58:39,143] {processor.py:641} INFO - Processing file /opt/airflow/dags/basic_dags/chain.py for tasks to queue
[2022-07-30 16:58:39,145] {logging_mixin.py:115} INFO - [2022-07-30 16:58:39,144] {dagbag.py:507} INFO - Filling up the DagBag from /opt/airflow/dags/basic_dags/chain.py
[2022-07-30 16:58:39,166] {processor.py:651} INFO - DAG(s) dict_keys(['chain']) retrieved from /opt/airflow/dags/basic_dags/chain.py
[2022-07-30 16:58:39,258] {logging_mixin.py:115} INFO - [2022-07-30 16:58:39,258] {dag.py:2379} INFO - Sync 1 DAGs
[2022-07-30 16:58:39,307] {logging_mixin.py:115} INFO - [2022-07-30 16:58:39,307] {dag.py:2931} INFO - Setting next_dagrun for chain to 2022-07-27T06:25:00+00:00, run_after=2022-07-27T06:30:00+00:00
[2022-07-30 16:58:39,329] {processor.py:161} INFO - Processing /opt/airflow/dags/basic_dags/chain.py took 0.197 seconds
[2022-07-30 16:59:09,851] {processor.py:153} INFO - Started process (PID=2327) to work on /opt/airflow/dags/basic_dags/chain.py
[2022-07-30 16:59:09,852] {processor.py:641} INFO - Processing file /opt/airflow/dags/basic_dags/chain.py for tasks to queue
[2022-07-30 16:59:09,854] {logging_mixin.py:115} INFO - [2022-07-30 16:59:09,854] {dagbag.py:507} INFO - Filling up the DagBag from /opt/airflow/dags/basic_dags/chain.py
[2022-07-30 16:59:09,868] {processor.py:651} INFO - DAG(s) dict_keys(['chain']) retrieved from /opt/airflow/dags/basic_dags/chain.py
[2022-07-30 16:59:09,914] {logging_mixin.py:115} INFO - [2022-07-30 16:59:09,914] {dag.py:2379} INFO - Sync 1 DAGs
[2022-07-30 16:59:09,960] {logging_mixin.py:115} INFO - [2022-07-30 16:59:09,960] {dag.py:2931} INFO - Setting next_dagrun for chain to 2022-07-27T06:25:00+00:00, run_after=2022-07-27T06:30:00+00:00
[2022-07-30 16:59:09,979] {processor.py:161} INFO - Processing /opt/airflow/dags/basic_dags/chain.py took 0.135 seconds
[2022-07-30 16:59:40,947] {processor.py:153} INFO - Started process (PID=2412) to work on /opt/airflow/dags/basic_dags/chain.py
[2022-07-30 16:59:40,960] {processor.py:641} INFO - Processing file /opt/airflow/dags/basic_dags/chain.py for tasks to queue
[2022-07-30 16:59:40,961] {logging_mixin.py:115} INFO - [2022-07-30 16:59:40,961] {dagbag.py:507} INFO - Filling up the DagBag from /opt/airflow/dags/basic_dags/chain.py
[2022-07-30 16:59:41,005] {processor.py:651} INFO - DAG(s) dict_keys(['chain']) retrieved from /opt/airflow/dags/basic_dags/chain.py
[2022-07-30 16:59:41,128] {logging_mixin.py:115} INFO - [2022-07-30 16:59:41,128] {dag.py:2379} INFO - Sync 1 DAGs
[2022-07-30 16:59:41,310] {logging_mixin.py:115} INFO - [2022-07-30 16:59:41,310] {dag.py:2931} INFO - Setting next_dagrun for chain to 2022-07-27T06:25:00+00:00, run_after=2022-07-27T06:30:00+00:00
[2022-07-30 16:59:41,424] {processor.py:161} INFO - Processing /opt/airflow/dags/basic_dags/chain.py took 0.489 seconds
[2022-07-30 17:00:11,778] {processor.py:153} INFO - Started process (PID=2486) to work on /opt/airflow/dags/basic_dags/chain.py
[2022-07-30 17:00:11,778] {processor.py:641} INFO - Processing file /opt/airflow/dags/basic_dags/chain.py for tasks to queue
[2022-07-30 17:00:11,779] {logging_mixin.py:115} INFO - [2022-07-30 17:00:11,779] {dagbag.py:507} INFO - Filling up the DagBag from /opt/airflow/dags/basic_dags/chain.py
[2022-07-30 17:00:11,791] {processor.py:651} INFO - DAG(s) dict_keys(['chain']) retrieved from /opt/airflow/dags/basic_dags/chain.py
[2022-07-30 17:00:11,824] {logging_mixin.py:115} INFO - [2022-07-30 17:00:11,823] {dag.py:2379} INFO - Sync 1 DAGs
[2022-07-30 17:00:11,856] {logging_mixin.py:115} INFO - [2022-07-30 17:00:11,856] {dag.py:2931} INFO - Setting next_dagrun for chain to 2022-07-27T06:25:00+00:00, run_after=2022-07-27T06:30:00+00:00
[2022-07-30 17:00:11,870] {processor.py:161} INFO - Processing /opt/airflow/dags/basic_dags/chain.py took 0.096 seconds
[2022-07-30 17:00:42,900] {processor.py:153} INFO - Started process (PID=2561) to work on /opt/airflow/dags/basic_dags/chain.py
[2022-07-30 17:00:42,901] {processor.py:641} INFO - Processing file /opt/airflow/dags/basic_dags/chain.py for tasks to queue
[2022-07-30 17:00:42,901] {logging_mixin.py:115} INFO - [2022-07-30 17:00:42,901] {dagbag.py:507} INFO - Filling up the DagBag from /opt/airflow/dags/basic_dags/chain.py
[2022-07-30 17:00:42,912] {processor.py:651} INFO - DAG(s) dict_keys(['chain']) retrieved from /opt/airflow/dags/basic_dags/chain.py
[2022-07-30 17:00:42,944] {logging_mixin.py:115} INFO - [2022-07-30 17:00:42,944] {dag.py:2379} INFO - Sync 1 DAGs
[2022-07-30 17:00:42,976] {logging_mixin.py:115} INFO - [2022-07-30 17:00:42,975] {dag.py:2931} INFO - Setting next_dagrun for chain to 2022-07-27T06:25:00+00:00, run_after=2022-07-27T06:30:00+00:00
[2022-07-30 17:00:42,990] {processor.py:161} INFO - Processing /opt/airflow/dags/basic_dags/chain.py took 0.095 seconds
[2022-07-30 17:01:13,029] {processor.py:153} INFO - Started process (PID=2636) to work on /opt/airflow/dags/basic_dags/chain.py
[2022-07-30 17:01:13,029] {processor.py:641} INFO - Processing file /opt/airflow/dags/basic_dags/chain.py for tasks to queue
[2022-07-30 17:01:13,030] {logging_mixin.py:115} INFO - [2022-07-30 17:01:13,030] {dagbag.py:507} INFO - Filling up the DagBag from /opt/airflow/dags/basic_dags/chain.py
[2022-07-30 17:01:13,039] {processor.py:651} INFO - DAG(s) dict_keys(['chain']) retrieved from /opt/airflow/dags/basic_dags/chain.py
[2022-07-30 17:01:13,080] {logging_mixin.py:115} INFO - [2022-07-30 17:01:13,080] {dag.py:2379} INFO - Sync 1 DAGs
[2022-07-30 17:01:13,115] {logging_mixin.py:115} INFO - [2022-07-30 17:01:13,115] {dag.py:2931} INFO - Setting next_dagrun for chain to 2022-07-27T06:25:00+00:00, run_after=2022-07-27T06:30:00+00:00
[2022-07-30 17:01:13,130] {processor.py:161} INFO - Processing /opt/airflow/dags/basic_dags/chain.py took 0.105 seconds
[2022-07-30 17:01:43,470] {processor.py:153} INFO - Started process (PID=2721) to work on /opt/airflow/dags/basic_dags/chain.py
[2022-07-30 17:01:43,480] {processor.py:641} INFO - Processing file /opt/airflow/dags/basic_dags/chain.py for tasks to queue
[2022-07-30 17:01:43,480] {logging_mixin.py:115} INFO - [2022-07-30 17:01:43,480] {dagbag.py:507} INFO - Filling up the DagBag from /opt/airflow/dags/basic_dags/chain.py
[2022-07-30 17:01:43,498] {processor.py:651} INFO - DAG(s) dict_keys(['chain']) retrieved from /opt/airflow/dags/basic_dags/chain.py
[2022-07-30 17:01:43,560] {logging_mixin.py:115} INFO - [2022-07-30 17:01:43,560] {dag.py:2379} INFO - Sync 1 DAGs
[2022-07-30 17:01:43,637] {logging_mixin.py:115} INFO - [2022-07-30 17:01:43,637] {dag.py:2931} INFO - Setting next_dagrun for chain to 2022-07-27T06:25:00+00:00, run_after=2022-07-27T06:30:00+00:00
[2022-07-30 17:01:43,671] {processor.py:161} INFO - Processing /opt/airflow/dags/basic_dags/chain.py took 0.205 seconds
[2022-07-30 17:02:14,357] {processor.py:153} INFO - Started process (PID=2796) to work on /opt/airflow/dags/basic_dags/chain.py
[2022-07-30 17:02:14,358] {processor.py:641} INFO - Processing file /opt/airflow/dags/basic_dags/chain.py for tasks to queue
[2022-07-30 17:02:14,359] {logging_mixin.py:115} INFO - [2022-07-30 17:02:14,358] {dagbag.py:507} INFO - Filling up the DagBag from /opt/airflow/dags/basic_dags/chain.py
[2022-07-30 17:02:14,371] {processor.py:651} INFO - DAG(s) dict_keys(['chain']) retrieved from /opt/airflow/dags/basic_dags/chain.py
[2022-07-30 17:02:14,408] {logging_mixin.py:115} INFO - [2022-07-30 17:02:14,408] {dag.py:2379} INFO - Sync 1 DAGs
[2022-07-30 17:02:14,446] {logging_mixin.py:115} INFO - [2022-07-30 17:02:14,445] {dag.py:2931} INFO - Setting next_dagrun for chain to 2022-07-27T06:25:00+00:00, run_after=2022-07-27T06:30:00+00:00
[2022-07-30 17:02:14,460] {processor.py:161} INFO - Processing /opt/airflow/dags/basic_dags/chain.py took 0.108 seconds
[2022-07-30 17:02:45,175] {processor.py:153} INFO - Started process (PID=2884) to work on /opt/airflow/dags/basic_dags/chain.py
[2022-07-30 17:02:45,192] {processor.py:641} INFO - Processing file /opt/airflow/dags/basic_dags/chain.py for tasks to queue
[2022-07-30 17:02:45,193] {logging_mixin.py:115} INFO - [2022-07-30 17:02:45,193] {dagbag.py:507} INFO - Filling up the DagBag from /opt/airflow/dags/basic_dags/chain.py
[2022-07-30 17:02:45,214] {processor.py:651} INFO - DAG(s) dict_keys(['chain']) retrieved from /opt/airflow/dags/basic_dags/chain.py
[2022-07-30 17:02:45,310] {logging_mixin.py:115} INFO - [2022-07-30 17:02:45,309] {dag.py:2379} INFO - Sync 1 DAGs
[2022-07-30 17:02:45,407] {logging_mixin.py:115} INFO - [2022-07-30 17:02:45,407] {dag.py:2931} INFO - Setting next_dagrun for chain to 2022-07-27T06:25:00+00:00, run_after=2022-07-27T06:30:00+00:00
[2022-07-30 17:02:45,468] {processor.py:161} INFO - Processing /opt/airflow/dags/basic_dags/chain.py took 0.297 seconds
[2022-07-30 17:03:16,346] {processor.py:153} INFO - Started process (PID=2957) to work on /opt/airflow/dags/basic_dags/chain.py
[2022-07-30 17:03:16,346] {processor.py:641} INFO - Processing file /opt/airflow/dags/basic_dags/chain.py for tasks to queue
[2022-07-30 17:03:16,347] {logging_mixin.py:115} INFO - [2022-07-30 17:03:16,347] {dagbag.py:507} INFO - Filling up the DagBag from /opt/airflow/dags/basic_dags/chain.py
[2022-07-30 17:03:16,356] {processor.py:651} INFO - DAG(s) dict_keys(['chain']) retrieved from /opt/airflow/dags/basic_dags/chain.py
[2022-07-30 17:03:16,390] {logging_mixin.py:115} INFO - [2022-07-30 17:03:16,389] {dag.py:2379} INFO - Sync 1 DAGs
[2022-07-30 17:03:16,423] {logging_mixin.py:115} INFO - [2022-07-30 17:03:16,423] {dag.py:2931} INFO - Setting next_dagrun for chain to 2022-07-27T06:25:00+00:00, run_after=2022-07-27T06:30:00+00:00
[2022-07-30 17:03:16,437] {processor.py:161} INFO - Processing /opt/airflow/dags/basic_dags/chain.py took 0.095 seconds
[2022-07-30 17:03:46,568] {processor.py:153} INFO - Started process (PID=3030) to work on /opt/airflow/dags/basic_dags/chain.py
[2022-07-30 17:03:46,569] {processor.py:641} INFO - Processing file /opt/airflow/dags/basic_dags/chain.py for tasks to queue
[2022-07-30 17:03:46,569] {logging_mixin.py:115} INFO - [2022-07-30 17:03:46,569] {dagbag.py:507} INFO - Filling up the DagBag from /opt/airflow/dags/basic_dags/chain.py
[2022-07-30 17:03:46,591] {processor.py:651} INFO - DAG(s) dict_keys(['chain']) retrieved from /opt/airflow/dags/basic_dags/chain.py
[2022-07-30 17:03:46,623] {logging_mixin.py:115} INFO - [2022-07-30 17:03:46,622] {dag.py:2379} INFO - Sync 1 DAGs
[2022-07-30 17:03:46,656] {logging_mixin.py:115} INFO - [2022-07-30 17:03:46,656] {dag.py:2931} INFO - Setting next_dagrun for chain to 2022-07-27T06:25:00+00:00, run_after=2022-07-27T06:30:00+00:00
[2022-07-30 17:03:46,671] {processor.py:161} INFO - Processing /opt/airflow/dags/basic_dags/chain.py took 0.119 seconds
[2022-07-30 17:04:16,778] {processor.py:153} INFO - Started process (PID=3113) to work on /opt/airflow/dags/basic_dags/chain.py
[2022-07-30 17:04:16,779] {processor.py:641} INFO - Processing file /opt/airflow/dags/basic_dags/chain.py for tasks to queue
[2022-07-30 17:04:16,779] {logging_mixin.py:115} INFO - [2022-07-30 17:04:16,779] {dagbag.py:507} INFO - Filling up the DagBag from /opt/airflow/dags/basic_dags/chain.py
[2022-07-30 17:04:16,792] {processor.py:651} INFO - DAG(s) dict_keys(['chain']) retrieved from /opt/airflow/dags/basic_dags/chain.py
[2022-07-30 17:04:16,830] {logging_mixin.py:115} INFO - [2022-07-30 17:04:16,830] {dag.py:2379} INFO - Sync 1 DAGs
[2022-07-30 17:04:16,874] {logging_mixin.py:115} INFO - [2022-07-30 17:04:16,874] {dag.py:2931} INFO - Setting next_dagrun for chain to 2022-07-27T06:25:00+00:00, run_after=2022-07-27T06:30:00+00:00
[2022-07-30 17:04:16,887] {processor.py:161} INFO - Processing /opt/airflow/dags/basic_dags/chain.py took 0.112 seconds
[2022-07-30 17:04:46,986] {processor.py:153} INFO - Started process (PID=3187) to work on /opt/airflow/dags/basic_dags/chain.py
[2022-07-30 17:04:46,987] {processor.py:641} INFO - Processing file /opt/airflow/dags/basic_dags/chain.py for tasks to queue
[2022-07-30 17:04:46,988] {logging_mixin.py:115} INFO - [2022-07-30 17:04:46,988] {dagbag.py:507} INFO - Filling up the DagBag from /opt/airflow/dags/basic_dags/chain.py
[2022-07-30 17:04:46,994] {processor.py:651} INFO - DAG(s) dict_keys(['chain']) retrieved from /opt/airflow/dags/basic_dags/chain.py
[2022-07-30 17:04:47,017] {logging_mixin.py:115} INFO - [2022-07-30 17:04:47,017] {dag.py:2379} INFO - Sync 1 DAGs
[2022-07-30 17:04:47,039] {logging_mixin.py:115} INFO - [2022-07-30 17:04:47,038] {dag.py:2931} INFO - Setting next_dagrun for chain to 2022-07-27T06:25:00+00:00, run_after=2022-07-27T06:30:00+00:00
[2022-07-30 17:04:47,049] {processor.py:161} INFO - Processing /opt/airflow/dags/basic_dags/chain.py took 0.066 seconds
[2022-07-30 17:05:17,931] {processor.py:153} INFO - Started process (PID=3271) to work on /opt/airflow/dags/basic_dags/chain.py
[2022-07-30 17:05:17,932] {processor.py:641} INFO - Processing file /opt/airflow/dags/basic_dags/chain.py for tasks to queue
[2022-07-30 17:05:17,933] {logging_mixin.py:115} INFO - [2022-07-30 17:05:17,933] {dagbag.py:507} INFO - Filling up the DagBag from /opt/airflow/dags/basic_dags/chain.py
[2022-07-30 17:05:17,944] {processor.py:651} INFO - DAG(s) dict_keys(['chain']) retrieved from /opt/airflow/dags/basic_dags/chain.py
[2022-07-30 17:05:17,979] {logging_mixin.py:115} INFO - [2022-07-30 17:05:17,979] {dag.py:2379} INFO - Sync 1 DAGs
[2022-07-30 17:05:18,014] {logging_mixin.py:115} INFO - [2022-07-30 17:05:18,014] {dag.py:2931} INFO - Setting next_dagrun for chain to 2022-07-27T06:25:00+00:00, run_after=2022-07-27T06:30:00+00:00
[2022-07-30 17:05:18,035] {processor.py:161} INFO - Processing /opt/airflow/dags/basic_dags/chain.py took 0.108 seconds
[2022-07-30 17:05:48,325] {processor.py:153} INFO - Started process (PID=3347) to work on /opt/airflow/dags/basic_dags/chain.py
[2022-07-30 17:05:48,326] {processor.py:641} INFO - Processing file /opt/airflow/dags/basic_dags/chain.py for tasks to queue
[2022-07-30 17:05:48,326] {logging_mixin.py:115} INFO - [2022-07-30 17:05:48,326] {dagbag.py:507} INFO - Filling up the DagBag from /opt/airflow/dags/basic_dags/chain.py
[2022-07-30 17:05:48,340] {processor.py:651} INFO - DAG(s) dict_keys(['chain']) retrieved from /opt/airflow/dags/basic_dags/chain.py
[2022-07-30 17:05:48,379] {logging_mixin.py:115} INFO - [2022-07-30 17:05:48,379] {dag.py:2379} INFO - Sync 1 DAGs
[2022-07-30 17:05:48,413] {logging_mixin.py:115} INFO - [2022-07-30 17:05:48,413] {dag.py:2931} INFO - Setting next_dagrun for chain to 2022-07-27T06:25:00+00:00, run_after=2022-07-27T06:30:00+00:00
[2022-07-30 17:05:48,430] {processor.py:161} INFO - Processing /opt/airflow/dags/basic_dags/chain.py took 0.109 seconds
[2022-07-30 17:06:19,519] {processor.py:153} INFO - Started process (PID=3436) to work on /opt/airflow/dags/basic_dags/chain.py
[2022-07-30 17:06:19,520] {processor.py:641} INFO - Processing file /opt/airflow/dags/basic_dags/chain.py for tasks to queue
[2022-07-30 17:06:19,521] {logging_mixin.py:115} INFO - [2022-07-30 17:06:19,520] {dagbag.py:507} INFO - Filling up the DagBag from /opt/airflow/dags/basic_dags/chain.py
[2022-07-30 17:06:19,530] {processor.py:651} INFO - DAG(s) dict_keys(['chain']) retrieved from /opt/airflow/dags/basic_dags/chain.py
[2022-07-30 17:06:19,576] {logging_mixin.py:115} INFO - [2022-07-30 17:06:19,576] {dag.py:2379} INFO - Sync 1 DAGs
[2022-07-30 17:06:19,610] {logging_mixin.py:115} INFO - [2022-07-30 17:06:19,610] {dag.py:2931} INFO - Setting next_dagrun for chain to 2022-07-27T06:25:00+00:00, run_after=2022-07-27T06:30:00+00:00
[2022-07-30 17:06:19,627] {processor.py:161} INFO - Processing /opt/airflow/dags/basic_dags/chain.py took 0.112 seconds
[2022-07-30 17:06:49,994] {processor.py:153} INFO - Started process (PID=3510) to work on /opt/airflow/dags/basic_dags/chain.py
[2022-07-30 17:06:49,994] {processor.py:641} INFO - Processing file /opt/airflow/dags/basic_dags/chain.py for tasks to queue
[2022-07-30 17:06:49,995] {logging_mixin.py:115} INFO - [2022-07-30 17:06:49,995] {dagbag.py:507} INFO - Filling up the DagBag from /opt/airflow/dags/basic_dags/chain.py
[2022-07-30 17:06:50,010] {processor.py:651} INFO - DAG(s) dict_keys(['chain']) retrieved from /opt/airflow/dags/basic_dags/chain.py
[2022-07-30 17:06:50,043] {logging_mixin.py:115} INFO - [2022-07-30 17:06:50,043] {dag.py:2379} INFO - Sync 1 DAGs
[2022-07-30 17:06:50,083] {logging_mixin.py:115} INFO - [2022-07-30 17:06:50,083] {dag.py:2931} INFO - Setting next_dagrun for chain to 2022-07-27T06:25:00+00:00, run_after=2022-07-27T06:30:00+00:00
[2022-07-30 17:06:50,116] {processor.py:161} INFO - Processing /opt/airflow/dags/basic_dags/chain.py took 0.126 seconds
[2022-07-30 17:07:21,225] {processor.py:153} INFO - Started process (PID=3592) to work on /opt/airflow/dags/basic_dags/chain.py
[2022-07-30 17:07:21,226] {processor.py:641} INFO - Processing file /opt/airflow/dags/basic_dags/chain.py for tasks to queue
[2022-07-30 17:07:21,226] {logging_mixin.py:115} INFO - [2022-07-30 17:07:21,226] {dagbag.py:507} INFO - Filling up the DagBag from /opt/airflow/dags/basic_dags/chain.py
[2022-07-30 17:07:21,236] {processor.py:651} INFO - DAG(s) dict_keys(['chain']) retrieved from /opt/airflow/dags/basic_dags/chain.py
[2022-07-30 17:07:21,267] {logging_mixin.py:115} INFO - [2022-07-30 17:07:21,267] {dag.py:2379} INFO - Sync 1 DAGs
[2022-07-30 17:07:21,299] {logging_mixin.py:115} INFO - [2022-07-30 17:07:21,299] {dag.py:2931} INFO - Setting next_dagrun for chain to 2022-07-27T06:25:00+00:00, run_after=2022-07-27T06:30:00+00:00
[2022-07-30 17:07:21,313] {processor.py:161} INFO - Processing /opt/airflow/dags/basic_dags/chain.py took 0.092 seconds
[2022-07-30 17:07:52,051] {processor.py:153} INFO - Started process (PID=3664) to work on /opt/airflow/dags/basic_dags/chain.py
[2022-07-30 17:07:52,057] {processor.py:641} INFO - Processing file /opt/airflow/dags/basic_dags/chain.py for tasks to queue
[2022-07-30 17:07:52,058] {logging_mixin.py:115} INFO - [2022-07-30 17:07:52,058] {dagbag.py:507} INFO - Filling up the DagBag from /opt/airflow/dags/basic_dags/chain.py
[2022-07-30 17:07:52,074] {processor.py:651} INFO - DAG(s) dict_keys(['chain']) retrieved from /opt/airflow/dags/basic_dags/chain.py
[2022-07-30 17:07:52,160] {logging_mixin.py:115} INFO - [2022-07-30 17:07:52,160] {dag.py:2379} INFO - Sync 1 DAGs
[2022-07-30 17:07:52,271] {logging_mixin.py:115} INFO - [2022-07-30 17:07:52,271] {dag.py:2931} INFO - Setting next_dagrun for chain to 2022-07-27T06:25:00+00:00, run_after=2022-07-27T06:30:00+00:00
[2022-07-30 17:07:52,316] {processor.py:161} INFO - Processing /opt/airflow/dags/basic_dags/chain.py took 0.269 seconds
[2022-07-30 17:08:22,756] {processor.py:153} INFO - Started process (PID=3751) to work on /opt/airflow/dags/basic_dags/chain.py
[2022-07-30 17:08:22,757] {processor.py:641} INFO - Processing file /opt/airflow/dags/basic_dags/chain.py for tasks to queue
[2022-07-30 17:08:22,757] {logging_mixin.py:115} INFO - [2022-07-30 17:08:22,757] {dagbag.py:507} INFO - Filling up the DagBag from /opt/airflow/dags/basic_dags/chain.py
[2022-07-30 17:08:22,767] {processor.py:651} INFO - DAG(s) dict_keys(['chain']) retrieved from /opt/airflow/dags/basic_dags/chain.py
[2022-07-30 17:08:22,803] {logging_mixin.py:115} INFO - [2022-07-30 17:08:22,803] {dag.py:2379} INFO - Sync 1 DAGs
[2022-07-30 17:08:22,851] {logging_mixin.py:115} INFO - [2022-07-30 17:08:22,851] {dag.py:2931} INFO - Setting next_dagrun for chain to 2022-07-27T06:25:00+00:00, run_after=2022-07-27T06:30:00+00:00
[2022-07-30 17:08:22,873] {processor.py:161} INFO - Processing /opt/airflow/dags/basic_dags/chain.py took 0.121 seconds
[2022-07-30 17:08:53,877] {processor.py:153} INFO - Started process (PID=3827) to work on /opt/airflow/dags/basic_dags/chain.py
[2022-07-30 17:08:53,882] {processor.py:641} INFO - Processing file /opt/airflow/dags/basic_dags/chain.py for tasks to queue
[2022-07-30 17:08:53,883] {logging_mixin.py:115} INFO - [2022-07-30 17:08:53,882] {dagbag.py:507} INFO - Filling up the DagBag from /opt/airflow/dags/basic_dags/chain.py
[2022-07-30 17:08:53,910] {processor.py:651} INFO - DAG(s) dict_keys(['chain']) retrieved from /opt/airflow/dags/basic_dags/chain.py
[2022-07-30 17:08:53,988] {logging_mixin.py:115} INFO - [2022-07-30 17:08:53,988] {dag.py:2379} INFO - Sync 1 DAGs
[2022-07-30 17:08:54,057] {logging_mixin.py:115} INFO - [2022-07-30 17:08:54,057] {dag.py:2931} INFO - Setting next_dagrun for chain to 2022-07-27T06:25:00+00:00, run_after=2022-07-27T06:30:00+00:00
[2022-07-30 17:08:54,084] {processor.py:161} INFO - Processing /opt/airflow/dags/basic_dags/chain.py took 0.228 seconds
[2022-07-30 17:09:24,748] {processor.py:153} INFO - Started process (PID=3909) to work on /opt/airflow/dags/basic_dags/chain.py
[2022-07-30 17:09:24,749] {processor.py:641} INFO - Processing file /opt/airflow/dags/basic_dags/chain.py for tasks to queue
[2022-07-30 17:09:24,750] {logging_mixin.py:115} INFO - [2022-07-30 17:09:24,750] {dagbag.py:507} INFO - Filling up the DagBag from /opt/airflow/dags/basic_dags/chain.py
[2022-07-30 17:09:24,759] {processor.py:651} INFO - DAG(s) dict_keys(['chain']) retrieved from /opt/airflow/dags/basic_dags/chain.py
[2022-07-30 17:09:24,791] {logging_mixin.py:115} INFO - [2022-07-30 17:09:24,791] {dag.py:2379} INFO - Sync 1 DAGs
[2022-07-30 17:09:24,827] {logging_mixin.py:115} INFO - [2022-07-30 17:09:24,827] {dag.py:2931} INFO - Setting next_dagrun for chain to 2022-07-27T06:25:00+00:00, run_after=2022-07-27T06:30:00+00:00
[2022-07-30 17:09:25,015] {processor.py:161} INFO - Processing /opt/airflow/dags/basic_dags/chain.py took 0.271 seconds
[2022-07-30 17:09:56,052] {processor.py:153} INFO - Started process (PID=3981) to work on /opt/airflow/dags/basic_dags/chain.py
[2022-07-30 17:09:56,053] {processor.py:641} INFO - Processing file /opt/airflow/dags/basic_dags/chain.py for tasks to queue
[2022-07-30 17:09:56,053] {logging_mixin.py:115} INFO - [2022-07-30 17:09:56,053] {dagbag.py:507} INFO - Filling up the DagBag from /opt/airflow/dags/basic_dags/chain.py
[2022-07-30 17:09:56,062] {processor.py:651} INFO - DAG(s) dict_keys(['chain']) retrieved from /opt/airflow/dags/basic_dags/chain.py
[2022-07-30 17:09:56,097] {logging_mixin.py:115} INFO - [2022-07-30 17:09:56,096] {dag.py:2379} INFO - Sync 1 DAGs
[2022-07-30 17:09:56,135] {logging_mixin.py:115} INFO - [2022-07-30 17:09:56,135] {dag.py:2931} INFO - Setting next_dagrun for chain to 2022-07-27T06:25:00+00:00, run_after=2022-07-27T06:30:00+00:00
[2022-07-30 17:09:56,582] {processor.py:161} INFO - Processing /opt/airflow/dags/basic_dags/chain.py took 0.535 seconds
[2022-07-30 17:10:27,608] {processor.py:153} INFO - Started process (PID=4066) to work on /opt/airflow/dags/basic_dags/chain.py
[2022-07-30 17:10:27,609] {processor.py:641} INFO - Processing file /opt/airflow/dags/basic_dags/chain.py for tasks to queue
[2022-07-30 17:10:27,610] {logging_mixin.py:115} INFO - [2022-07-30 17:10:27,610] {dagbag.py:507} INFO - Filling up the DagBag from /opt/airflow/dags/basic_dags/chain.py
[2022-07-30 17:10:27,620] {processor.py:651} INFO - DAG(s) dict_keys(['chain']) retrieved from /opt/airflow/dags/basic_dags/chain.py
[2022-07-30 17:10:27,653] {logging_mixin.py:115} INFO - [2022-07-30 17:10:27,653] {dag.py:2379} INFO - Sync 1 DAGs
[2022-07-30 17:10:27,687] {logging_mixin.py:115} INFO - [2022-07-30 17:10:27,687] {dag.py:2931} INFO - Setting next_dagrun for chain to 2022-07-27T06:25:00+00:00, run_after=2022-07-27T06:30:00+00:00
[2022-07-30 17:10:27,863] {processor.py:161} INFO - Processing /opt/airflow/dags/basic_dags/chain.py took 0.258 seconds
[2022-07-30 17:10:58,947] {processor.py:153} INFO - Started process (PID=4148) to work on /opt/airflow/dags/basic_dags/chain.py
[2022-07-30 17:10:58,952] {processor.py:641} INFO - Processing file /opt/airflow/dags/basic_dags/chain.py for tasks to queue
[2022-07-30 17:10:58,953] {logging_mixin.py:115} INFO - [2022-07-30 17:10:58,952] {dagbag.py:507} INFO - Filling up the DagBag from /opt/airflow/dags/basic_dags/chain.py
[2022-07-30 17:10:58,986] {processor.py:651} INFO - DAG(s) dict_keys(['chain']) retrieved from /opt/airflow/dags/basic_dags/chain.py
[2022-07-30 17:10:59,080] {logging_mixin.py:115} INFO - [2022-07-30 17:10:59,080] {dag.py:2379} INFO - Sync 1 DAGs
[2022-07-30 17:10:59,147] {logging_mixin.py:115} INFO - [2022-07-30 17:10:59,147] {dag.py:2931} INFO - Setting next_dagrun for chain to 2022-07-27T06:25:00+00:00, run_after=2022-07-27T06:30:00+00:00
[2022-07-30 17:10:59,916] {processor.py:161} INFO - Processing /opt/airflow/dags/basic_dags/chain.py took 0.980 seconds
[2022-07-30 17:11:30,726] {processor.py:153} INFO - Started process (PID=4229) to work on /opt/airflow/dags/basic_dags/chain.py
[2022-07-30 17:11:30,727] {processor.py:641} INFO - Processing file /opt/airflow/dags/basic_dags/chain.py for tasks to queue
[2022-07-30 17:11:30,728] {logging_mixin.py:115} INFO - [2022-07-30 17:11:30,728] {dagbag.py:507} INFO - Filling up the DagBag from /opt/airflow/dags/basic_dags/chain.py
[2022-07-30 17:11:30,742] {processor.py:651} INFO - DAG(s) dict_keys(['chain']) retrieved from /opt/airflow/dags/basic_dags/chain.py
[2022-07-30 17:11:30,778] {logging_mixin.py:115} INFO - [2022-07-30 17:11:30,777] {dag.py:2379} INFO - Sync 1 DAGs
[2022-07-30 17:11:30,814] {logging_mixin.py:115} INFO - [2022-07-30 17:11:30,814] {dag.py:2931} INFO - Setting next_dagrun for chain to 2022-07-27T06:25:00+00:00, run_after=2022-07-27T06:30:00+00:00
[2022-07-30 17:11:31,013] {processor.py:161} INFO - Processing /opt/airflow/dags/basic_dags/chain.py took 0.291 seconds
[2022-07-30 17:12:02,023] {processor.py:153} INFO - Started process (PID=4304) to work on /opt/airflow/dags/basic_dags/chain.py
[2022-07-30 17:12:02,033] {processor.py:641} INFO - Processing file /opt/airflow/dags/basic_dags/chain.py for tasks to queue
[2022-07-30 17:12:02,033] {logging_mixin.py:115} INFO - [2022-07-30 17:12:02,033] {dagbag.py:507} INFO - Filling up the DagBag from /opt/airflow/dags/basic_dags/chain.py
[2022-07-30 17:12:02,046] {processor.py:651} INFO - DAG(s) dict_keys(['chain']) retrieved from /opt/airflow/dags/basic_dags/chain.py
[2022-07-30 17:12:02,090] {logging_mixin.py:115} INFO - [2022-07-30 17:12:02,090] {dag.py:2379} INFO - Sync 1 DAGs
[2022-07-30 17:12:02,134] {logging_mixin.py:115} INFO - [2022-07-30 17:12:02,133] {dag.py:2931} INFO - Setting next_dagrun for chain to 2022-07-27T06:25:00+00:00, run_after=2022-07-27T06:30:00+00:00
[2022-07-30 17:12:02,357] {processor.py:161} INFO - Processing /opt/airflow/dags/basic_dags/chain.py took 0.337 seconds
[2022-07-30 17:12:32,659] {processor.py:153} INFO - Started process (PID=4376) to work on /opt/airflow/dags/basic_dags/chain.py
[2022-07-30 17:12:32,662] {processor.py:641} INFO - Processing file /opt/airflow/dags/basic_dags/chain.py for tasks to queue
[2022-07-30 17:12:32,663] {logging_mixin.py:115} INFO - [2022-07-30 17:12:32,662] {dagbag.py:507} INFO - Filling up the DagBag from /opt/airflow/dags/basic_dags/chain.py
[2022-07-30 17:12:32,676] {processor.py:651} INFO - DAG(s) dict_keys(['chain']) retrieved from /opt/airflow/dags/basic_dags/chain.py
[2022-07-30 17:12:32,739] {logging_mixin.py:115} INFO - [2022-07-30 17:12:32,739] {dag.py:2379} INFO - Sync 1 DAGs
[2022-07-30 17:12:32,782] {logging_mixin.py:115} INFO - [2022-07-30 17:12:32,782] {dag.py:2931} INFO - Setting next_dagrun for chain to 2022-07-27T06:25:00+00:00, run_after=2022-07-27T06:30:00+00:00
[2022-07-30 17:12:33,106] {processor.py:161} INFO - Processing /opt/airflow/dags/basic_dags/chain.py took 0.458 seconds
[2022-07-30 17:13:03,251] {processor.py:153} INFO - Started process (PID=4459) to work on /opt/airflow/dags/basic_dags/chain.py
[2022-07-30 17:13:03,254] {processor.py:641} INFO - Processing file /opt/airflow/dags/basic_dags/chain.py for tasks to queue
[2022-07-30 17:13:03,255] {logging_mixin.py:115} INFO - [2022-07-30 17:13:03,255] {dagbag.py:507} INFO - Filling up the DagBag from /opt/airflow/dags/basic_dags/chain.py
[2022-07-30 17:13:03,264] {processor.py:651} INFO - DAG(s) dict_keys(['chain']) retrieved from /opt/airflow/dags/basic_dags/chain.py
[2022-07-30 17:13:03,300] {logging_mixin.py:115} INFO - [2022-07-30 17:13:03,300] {dag.py:2379} INFO - Sync 1 DAGs
[2022-07-30 17:13:03,356] {logging_mixin.py:115} INFO - [2022-07-30 17:13:03,355] {dag.py:2931} INFO - Setting next_dagrun for chain to 2022-07-27T06:25:00+00:00, run_after=2022-07-27T06:30:00+00:00
[2022-07-30 17:13:03,708] {processor.py:161} INFO - Processing /opt/airflow/dags/basic_dags/chain.py took 0.461 seconds
[2022-07-30 17:13:33,933] {processor.py:153} INFO - Started process (PID=4531) to work on /opt/airflow/dags/basic_dags/chain.py
[2022-07-30 17:13:33,933] {processor.py:641} INFO - Processing file /opt/airflow/dags/basic_dags/chain.py for tasks to queue
[2022-07-30 17:13:33,934] {logging_mixin.py:115} INFO - [2022-07-30 17:13:33,934] {dagbag.py:507} INFO - Filling up the DagBag from /opt/airflow/dags/basic_dags/chain.py
[2022-07-30 17:13:33,940] {processor.py:651} INFO - DAG(s) dict_keys(['chain']) retrieved from /opt/airflow/dags/basic_dags/chain.py
[2022-07-30 17:13:33,963] {logging_mixin.py:115} INFO - [2022-07-30 17:13:33,963] {dag.py:2379} INFO - Sync 1 DAGs
[2022-07-30 17:13:33,986] {logging_mixin.py:115} INFO - [2022-07-30 17:13:33,986] {dag.py:2931} INFO - Setting next_dagrun for chain to 2022-07-27T06:25:00+00:00, run_after=2022-07-27T06:30:00+00:00
[2022-07-30 17:13:34,123] {processor.py:161} INFO - Processing /opt/airflow/dags/basic_dags/chain.py took 0.193 seconds
[2022-07-30 17:14:05,028] {processor.py:153} INFO - Started process (PID=4603) to work on /opt/airflow/dags/basic_dags/chain.py
[2022-07-30 17:14:05,029] {processor.py:641} INFO - Processing file /opt/airflow/dags/basic_dags/chain.py for tasks to queue
[2022-07-30 17:14:05,030] {logging_mixin.py:115} INFO - [2022-07-30 17:14:05,029] {dagbag.py:507} INFO - Filling up the DagBag from /opt/airflow/dags/basic_dags/chain.py
[2022-07-30 17:14:05,039] {processor.py:651} INFO - DAG(s) dict_keys(['chain']) retrieved from /opt/airflow/dags/basic_dags/chain.py
[2022-07-30 17:14:05,072] {logging_mixin.py:115} INFO - [2022-07-30 17:14:05,071] {dag.py:2379} INFO - Sync 1 DAGs
[2022-07-30 17:14:05,106] {logging_mixin.py:115} INFO - [2022-07-30 17:14:05,106] {dag.py:2931} INFO - Setting next_dagrun for chain to 2022-07-27T06:25:00+00:00, run_after=2022-07-27T06:30:00+00:00
[2022-07-30 17:14:05,722] {processor.py:161} INFO - Processing /opt/airflow/dags/basic_dags/chain.py took 0.698 seconds
[2022-07-30 17:14:35,779] {processor.py:153} INFO - Started process (PID=4684) to work on /opt/airflow/dags/basic_dags/chain.py
[2022-07-30 17:14:35,788] {processor.py:641} INFO - Processing file /opt/airflow/dags/basic_dags/chain.py for tasks to queue
[2022-07-30 17:14:35,789] {logging_mixin.py:115} INFO - [2022-07-30 17:14:35,788] {dagbag.py:507} INFO - Filling up the DagBag from /opt/airflow/dags/basic_dags/chain.py
[2022-07-30 17:14:35,798] {processor.py:651} INFO - DAG(s) dict_keys(['chain']) retrieved from /opt/airflow/dags/basic_dags/chain.py
[2022-07-30 17:14:35,864] {logging_mixin.py:115} INFO - [2022-07-30 17:14:35,864] {dag.py:2379} INFO - Sync 1 DAGs
[2022-07-30 17:14:35,931] {logging_mixin.py:115} INFO - [2022-07-30 17:14:35,931] {dag.py:2931} INFO - Setting next_dagrun for chain to 2022-07-27T06:25:00+00:00, run_after=2022-07-27T06:30:00+00:00
[2022-07-30 17:14:35,956] {processor.py:161} INFO - Processing /opt/airflow/dags/basic_dags/chain.py took 0.180 seconds
[2022-07-30 17:15:06,325] {processor.py:153} INFO - Started process (PID=4756) to work on /opt/airflow/dags/basic_dags/chain.py
[2022-07-30 17:15:06,325] {processor.py:641} INFO - Processing file /opt/airflow/dags/basic_dags/chain.py for tasks to queue
[2022-07-30 17:15:06,326] {logging_mixin.py:115} INFO - [2022-07-30 17:15:06,326] {dagbag.py:507} INFO - Filling up the DagBag from /opt/airflow/dags/basic_dags/chain.py
[2022-07-30 17:15:06,332] {processor.py:651} INFO - DAG(s) dict_keys(['chain']) retrieved from /opt/airflow/dags/basic_dags/chain.py
[2022-07-30 17:15:06,356] {logging_mixin.py:115} INFO - [2022-07-30 17:15:06,356] {dag.py:2379} INFO - Sync 1 DAGs
[2022-07-30 17:15:06,380] {logging_mixin.py:115} INFO - [2022-07-30 17:15:06,379] {dag.py:2931} INFO - Setting next_dagrun for chain to 2022-07-27T06:25:00+00:00, run_after=2022-07-27T06:30:00+00:00
[2022-07-30 17:15:06,391] {processor.py:161} INFO - Processing /opt/airflow/dags/basic_dags/chain.py took 0.069 seconds
[2022-07-30 17:15:36,804] {processor.py:153} INFO - Started process (PID=4833) to work on /opt/airflow/dags/basic_dags/chain.py
[2022-07-30 17:15:36,805] {processor.py:641} INFO - Processing file /opt/airflow/dags/basic_dags/chain.py for tasks to queue
[2022-07-30 17:15:36,805] {logging_mixin.py:115} INFO - [2022-07-30 17:15:36,805] {dagbag.py:507} INFO - Filling up the DagBag from /opt/airflow/dags/basic_dags/chain.py
[2022-07-30 17:15:36,821] {processor.py:651} INFO - DAG(s) dict_keys(['chain']) retrieved from /opt/airflow/dags/basic_dags/chain.py
[2022-07-30 17:15:36,875] {logging_mixin.py:115} INFO - [2022-07-30 17:15:36,875] {dag.py:2379} INFO - Sync 1 DAGs
[2022-07-30 17:15:36,910] {logging_mixin.py:115} INFO - [2022-07-30 17:15:36,909] {dag.py:2931} INFO - Setting next_dagrun for chain to 2022-07-27T06:25:00+00:00, run_after=2022-07-27T06:30:00+00:00
[2022-07-30 17:15:36,922] {processor.py:161} INFO - Processing /opt/airflow/dags/basic_dags/chain.py took 0.122 seconds
[2022-07-30 17:16:07,760] {processor.py:153} INFO - Started process (PID=4905) to work on /opt/airflow/dags/basic_dags/chain.py
[2022-07-30 17:16:07,763] {processor.py:641} INFO - Processing file /opt/airflow/dags/basic_dags/chain.py for tasks to queue
[2022-07-30 17:16:07,764] {logging_mixin.py:115} INFO - [2022-07-30 17:16:07,764] {dagbag.py:507} INFO - Filling up the DagBag from /opt/airflow/dags/basic_dags/chain.py
[2022-07-30 17:16:07,776] {processor.py:651} INFO - DAG(s) dict_keys(['chain']) retrieved from /opt/airflow/dags/basic_dags/chain.py
[2022-07-30 17:16:07,817] {logging_mixin.py:115} INFO - [2022-07-30 17:16:07,817] {dag.py:2379} INFO - Sync 1 DAGs
[2022-07-30 17:16:07,864] {logging_mixin.py:115} INFO - [2022-07-30 17:16:07,864] {dag.py:2931} INFO - Setting next_dagrun for chain to 2022-07-27T06:25:00+00:00, run_after=2022-07-27T06:30:00+00:00
[2022-07-30 17:16:07,881] {processor.py:161} INFO - Processing /opt/airflow/dags/basic_dags/chain.py took 0.155 seconds
[2022-07-30 17:16:38,255] {processor.py:153} INFO - Started process (PID=4988) to work on /opt/airflow/dags/basic_dags/chain.py
[2022-07-30 17:16:38,256] {processor.py:641} INFO - Processing file /opt/airflow/dags/basic_dags/chain.py for tasks to queue
[2022-07-30 17:16:38,256] {logging_mixin.py:115} INFO - [2022-07-30 17:16:38,256] {dagbag.py:507} INFO - Filling up the DagBag from /opt/airflow/dags/basic_dags/chain.py
[2022-07-30 17:16:38,278] {processor.py:651} INFO - DAG(s) dict_keys(['chain']) retrieved from /opt/airflow/dags/basic_dags/chain.py
[2022-07-30 17:16:38,350] {logging_mixin.py:115} INFO - [2022-07-30 17:16:38,350] {dag.py:2379} INFO - Sync 1 DAGs
[2022-07-30 17:16:38,414] {logging_mixin.py:115} INFO - [2022-07-30 17:16:38,413] {dag.py:2931} INFO - Setting next_dagrun for chain to 2022-07-27T06:25:00+00:00, run_after=2022-07-27T06:30:00+00:00
[2022-07-30 17:16:38,446] {processor.py:161} INFO - Processing /opt/airflow/dags/basic_dags/chain.py took 0.205 seconds
[2022-07-30 17:17:08,953] {processor.py:153} INFO - Started process (PID=5064) to work on /opt/airflow/dags/basic_dags/chain.py
[2022-07-30 17:17:08,954] {processor.py:641} INFO - Processing file /opt/airflow/dags/basic_dags/chain.py for tasks to queue
[2022-07-30 17:17:08,956] {logging_mixin.py:115} INFO - [2022-07-30 17:17:08,956] {dagbag.py:507} INFO - Filling up the DagBag from /opt/airflow/dags/basic_dags/chain.py
[2022-07-30 17:17:08,974] {processor.py:651} INFO - DAG(s) dict_keys(['chain']) retrieved from /opt/airflow/dags/basic_dags/chain.py
[2022-07-30 17:17:09,032] {logging_mixin.py:115} INFO - [2022-07-30 17:17:09,032] {dag.py:2379} INFO - Sync 1 DAGs
[2022-07-30 17:17:09,064] {logging_mixin.py:115} INFO - [2022-07-30 17:17:09,064] {dag.py:2931} INFO - Setting next_dagrun for chain to 2022-07-27T06:25:00+00:00, run_after=2022-07-27T06:30:00+00:00
[2022-07-30 17:17:09,075] {processor.py:161} INFO - Processing /opt/airflow/dags/basic_dags/chain.py took 0.134 seconds
[2022-07-30 17:17:39,301] {processor.py:153} INFO - Started process (PID=5136) to work on /opt/airflow/dags/basic_dags/chain.py
[2022-07-30 17:17:39,301] {processor.py:641} INFO - Processing file /opt/airflow/dags/basic_dags/chain.py for tasks to queue
[2022-07-30 17:17:39,302] {logging_mixin.py:115} INFO - [2022-07-30 17:17:39,302] {dagbag.py:507} INFO - Filling up the DagBag from /opt/airflow/dags/basic_dags/chain.py
[2022-07-30 17:17:39,328] {processor.py:651} INFO - DAG(s) dict_keys(['chain']) retrieved from /opt/airflow/dags/basic_dags/chain.py
[2022-07-30 17:17:39,363] {logging_mixin.py:115} INFO - [2022-07-30 17:17:39,363] {dag.py:2379} INFO - Sync 1 DAGs
[2022-07-30 17:17:39,400] {logging_mixin.py:115} INFO - [2022-07-30 17:17:39,400] {dag.py:2931} INFO - Setting next_dagrun for chain to 2022-07-27T06:25:00+00:00, run_after=2022-07-27T06:30:00+00:00
[2022-07-30 17:17:39,416] {processor.py:161} INFO - Processing /opt/airflow/dags/basic_dags/chain.py took 0.119 seconds
[2022-07-30 17:18:10,243] {processor.py:153} INFO - Started process (PID=5229) to work on /opt/airflow/dags/basic_dags/chain.py
[2022-07-30 17:18:10,244] {processor.py:641} INFO - Processing file /opt/airflow/dags/basic_dags/chain.py for tasks to queue
[2022-07-30 17:18:10,245] {logging_mixin.py:115} INFO - [2022-07-30 17:18:10,245] {dagbag.py:507} INFO - Filling up the DagBag from /opt/airflow/dags/basic_dags/chain.py
[2022-07-30 17:18:10,254] {processor.py:651} INFO - DAG(s) dict_keys(['chain']) retrieved from /opt/airflow/dags/basic_dags/chain.py
[2022-07-30 17:18:10,290] {logging_mixin.py:115} INFO - [2022-07-30 17:18:10,290] {dag.py:2379} INFO - Sync 1 DAGs
[2022-07-30 17:18:10,324] {logging_mixin.py:115} INFO - [2022-07-30 17:18:10,319] {dag.py:2931} INFO - Setting next_dagrun for chain to 2022-07-27T06:25:00+00:00, run_after=2022-07-27T06:30:00+00:00
[2022-07-30 17:18:10,337] {processor.py:161} INFO - Processing /opt/airflow/dags/basic_dags/chain.py took 0.097 seconds
[2022-07-30 17:18:41,643] {processor.py:153} INFO - Started process (PID=5301) to work on /opt/airflow/dags/basic_dags/chain.py
[2022-07-30 17:18:41,648] {processor.py:641} INFO - Processing file /opt/airflow/dags/basic_dags/chain.py for tasks to queue
[2022-07-30 17:18:41,649] {logging_mixin.py:115} INFO - [2022-07-30 17:18:41,648] {dagbag.py:507} INFO - Filling up the DagBag from /opt/airflow/dags/basic_dags/chain.py
[2022-07-30 17:18:41,685] {processor.py:651} INFO - DAG(s) dict_keys(['chain']) retrieved from /opt/airflow/dags/basic_dags/chain.py
[2022-07-30 17:18:41,839] {logging_mixin.py:115} INFO - [2022-07-30 17:18:41,839] {dag.py:2379} INFO - Sync 1 DAGs
[2022-07-30 17:18:41,951] {logging_mixin.py:115} INFO - [2022-07-30 17:18:41,951] {dag.py:2931} INFO - Setting next_dagrun for chain to 2022-07-27T06:25:00+00:00, run_after=2022-07-27T06:30:00+00:00
[2022-07-30 17:18:42,022] {processor.py:161} INFO - Processing /opt/airflow/dags/basic_dags/chain.py took 0.396 seconds
[2022-07-30 17:19:12,074] {processor.py:153} INFO - Started process (PID=5385) to work on /opt/airflow/dags/basic_dags/chain.py
[2022-07-30 17:19:12,075] {processor.py:641} INFO - Processing file /opt/airflow/dags/basic_dags/chain.py for tasks to queue
[2022-07-30 17:19:12,076] {logging_mixin.py:115} INFO - [2022-07-30 17:19:12,075] {dagbag.py:507} INFO - Filling up the DagBag from /opt/airflow/dags/basic_dags/chain.py
[2022-07-30 17:19:12,085] {processor.py:651} INFO - DAG(s) dict_keys(['chain']) retrieved from /opt/airflow/dags/basic_dags/chain.py
[2022-07-30 17:19:12,110] {logging_mixin.py:115} INFO - [2022-07-30 17:19:12,109] {dag.py:2379} INFO - Sync 1 DAGs
[2022-07-30 17:19:12,132] {logging_mixin.py:115} INFO - [2022-07-30 17:19:12,132] {dag.py:2931} INFO - Setting next_dagrun for chain to 2022-07-27T06:25:00+00:00, run_after=2022-07-27T06:30:00+00:00
[2022-07-30 17:19:12,142] {processor.py:161} INFO - Processing /opt/airflow/dags/basic_dags/chain.py took 0.072 seconds
[2022-07-30 17:19:42,914] {processor.py:153} INFO - Started process (PID=5464) to work on /opt/airflow/dags/basic_dags/chain.py
[2022-07-30 17:19:42,915] {processor.py:641} INFO - Processing file /opt/airflow/dags/basic_dags/chain.py for tasks to queue
[2022-07-30 17:19:42,916] {logging_mixin.py:115} INFO - [2022-07-30 17:19:42,916] {dagbag.py:507} INFO - Filling up the DagBag from /opt/airflow/dags/basic_dags/chain.py
[2022-07-30 17:19:42,926] {processor.py:651} INFO - DAG(s) dict_keys(['chain']) retrieved from /opt/airflow/dags/basic_dags/chain.py
[2022-07-30 17:19:42,957] {logging_mixin.py:115} INFO - [2022-07-30 17:19:42,957] {dag.py:2379} INFO - Sync 1 DAGs
[2022-07-30 17:19:42,988] {logging_mixin.py:115} INFO - [2022-07-30 17:19:42,988] {dag.py:2931} INFO - Setting next_dagrun for chain to 2022-07-27T06:25:00+00:00, run_after=2022-07-27T06:30:00+00:00
[2022-07-30 17:19:43,001] {processor.py:161} INFO - Processing /opt/airflow/dags/basic_dags/chain.py took 0.091 seconds
