[2022-07-30 16:39:43,623] {processor.py:153} INFO - Started process (PID=88) to work on /opt/airflow/dags/basic_dags/first_basic_dag.py
[2022-07-30 16:39:43,624] {processor.py:641} INFO - Processing file /opt/airflow/dags/basic_dags/first_basic_dag.py for tasks to queue
[2022-07-30 16:39:43,624] {logging_mixin.py:115} INFO - [2022-07-30 16:39:43,624] {dagbag.py:507} INFO - Filling up the DagBag from /opt/airflow/dags/basic_dags/first_basic_dag.py
[2022-07-30 16:39:43,647] {processor.py:651} INFO - DAG(s) dict_keys(['first_basic_dag_1']) retrieved from /opt/airflow/dags/basic_dags/first_basic_dag.py
[2022-07-30 16:39:44,147] {logging_mixin.py:115} INFO - [2022-07-30 16:39:44,146] {manager.py:508} INFO - Created Permission View: can read on DAG:first_basic_dag_1
[2022-07-30 16:39:44,181] {logging_mixin.py:115} INFO - [2022-07-30 16:39:44,181] {manager.py:508} INFO - Created Permission View: can delete on DAG:first_basic_dag_1
[2022-07-30 16:39:44,200] {logging_mixin.py:115} INFO - [2022-07-30 16:39:44,200] {manager.py:508} INFO - Created Permission View: can edit on DAG:first_basic_dag_1
[2022-07-30 16:39:44,200] {logging_mixin.py:115} INFO - [2022-07-30 16:39:44,200] {dag.py:2379} INFO - Sync 1 DAGs
[2022-07-30 16:39:44,228] {logging_mixin.py:115} INFO - [2022-07-30 16:39:44,228] {dag.py:2398} INFO - Creating ORM DAG for first_basic_dag_1
[2022-07-30 16:39:44,268] {logging_mixin.py:115} INFO - [2022-07-30 16:39:44,268] {dag.py:2931} INFO - Setting next_dagrun for first_basic_dag_1 to 2022-07-27T06:25:00+00:00, run_after=2022-07-27T06:30:00+00:00
[2022-07-30 16:39:44,321] {processor.py:161} INFO - Processing /opt/airflow/dags/basic_dags/first_basic_dag.py took 0.707 seconds
[2022-07-30 16:40:14,818] {processor.py:153} INFO - Started process (PID=160) to work on /opt/airflow/dags/basic_dags/first_basic_dag.py
[2022-07-30 16:40:14,819] {processor.py:641} INFO - Processing file /opt/airflow/dags/basic_dags/first_basic_dag.py for tasks to queue
[2022-07-30 16:40:14,819] {logging_mixin.py:115} INFO - [2022-07-30 16:40:14,819] {dagbag.py:507} INFO - Filling up the DagBag from /opt/airflow/dags/basic_dags/first_basic_dag.py
[2022-07-30 16:40:14,836] {processor.py:651} INFO - DAG(s) dict_keys(['first_basic_dag_1']) retrieved from /opt/airflow/dags/basic_dags/first_basic_dag.py
[2022-07-30 16:40:14,930] {logging_mixin.py:115} INFO - [2022-07-30 16:40:14,930] {dag.py:2379} INFO - Sync 1 DAGs
[2022-07-30 16:40:15,029] {logging_mixin.py:115} INFO - [2022-07-30 16:40:15,028] {dag.py:2931} INFO - Setting next_dagrun for first_basic_dag_1 to 2022-07-27T06:25:00+00:00, run_after=2022-07-27T06:30:00+00:00
[2022-07-30 16:40:15,093] {processor.py:161} INFO - Processing /opt/airflow/dags/basic_dags/first_basic_dag.py took 0.279 seconds
[2022-07-30 16:40:45,474] {processor.py:153} INFO - Started process (PID=232) to work on /opt/airflow/dags/basic_dags/first_basic_dag.py
[2022-07-30 16:40:45,480] {processor.py:641} INFO - Processing file /opt/airflow/dags/basic_dags/first_basic_dag.py for tasks to queue
[2022-07-30 16:40:45,483] {logging_mixin.py:115} INFO - [2022-07-30 16:40:45,483] {dagbag.py:507} INFO - Filling up the DagBag from /opt/airflow/dags/basic_dags/first_basic_dag.py
[2022-07-30 16:40:45,503] {processor.py:651} INFO - DAG(s) dict_keys(['first_basic_dag_1']) retrieved from /opt/airflow/dags/basic_dags/first_basic_dag.py
[2022-07-30 16:40:45,582] {logging_mixin.py:115} INFO - [2022-07-30 16:40:45,581] {dag.py:2379} INFO - Sync 1 DAGs
[2022-07-30 16:40:45,654] {logging_mixin.py:115} INFO - [2022-07-30 16:40:45,654] {dag.py:2931} INFO - Setting next_dagrun for first_basic_dag_1 to 2022-07-27T06:25:00+00:00, run_after=2022-07-27T06:30:00+00:00
[2022-07-30 16:40:45,702] {processor.py:161} INFO - Processing /opt/airflow/dags/basic_dags/first_basic_dag.py took 0.232 seconds
[2022-07-30 16:41:16,613] {processor.py:153} INFO - Started process (PID=315) to work on /opt/airflow/dags/basic_dags/first_basic_dag.py
[2022-07-30 16:41:16,613] {processor.py:641} INFO - Processing file /opt/airflow/dags/basic_dags/first_basic_dag.py for tasks to queue
[2022-07-30 16:41:16,614] {logging_mixin.py:115} INFO - [2022-07-30 16:41:16,614] {dagbag.py:507} INFO - Filling up the DagBag from /opt/airflow/dags/basic_dags/first_basic_dag.py
[2022-07-30 16:41:16,631] {processor.py:651} INFO - DAG(s) dict_keys(['first_basic_dag_1']) retrieved from /opt/airflow/dags/basic_dags/first_basic_dag.py
[2022-07-30 16:41:16,672] {logging_mixin.py:115} INFO - [2022-07-30 16:41:16,672] {dag.py:2379} INFO - Sync 1 DAGs
[2022-07-30 16:41:16,705] {logging_mixin.py:115} INFO - [2022-07-30 16:41:16,705] {dag.py:2931} INFO - Setting next_dagrun for first_basic_dag_1 to 2022-07-27T06:25:00+00:00, run_after=2022-07-27T06:30:00+00:00
[2022-07-30 16:41:16,722] {processor.py:161} INFO - Processing /opt/airflow/dags/basic_dags/first_basic_dag.py took 0.113 seconds
[2022-07-30 16:41:47,467] {processor.py:153} INFO - Started process (PID=390) to work on /opt/airflow/dags/basic_dags/first_basic_dag.py
[2022-07-30 16:41:47,468] {processor.py:641} INFO - Processing file /opt/airflow/dags/basic_dags/first_basic_dag.py for tasks to queue
[2022-07-30 16:41:47,469] {logging_mixin.py:115} INFO - [2022-07-30 16:41:47,469] {dagbag.py:507} INFO - Filling up the DagBag from /opt/airflow/dags/basic_dags/first_basic_dag.py
[2022-07-30 16:41:47,489] {processor.py:651} INFO - DAG(s) dict_keys(['first_basic_dag_1']) retrieved from /opt/airflow/dags/basic_dags/first_basic_dag.py
[2022-07-30 16:41:47,603] {logging_mixin.py:115} INFO - [2022-07-30 16:41:47,602] {dag.py:2379} INFO - Sync 1 DAGs
[2022-07-30 16:41:47,660] {logging_mixin.py:115} INFO - [2022-07-30 16:41:47,660] {dag.py:2931} INFO - Setting next_dagrun for first_basic_dag_1 to 2022-07-27T06:25:00+00:00, run_after=2022-07-27T06:30:00+00:00
[2022-07-30 16:41:47,702] {processor.py:161} INFO - Processing /opt/airflow/dags/basic_dags/first_basic_dag.py took 0.245 seconds
[2022-07-30 16:42:18,209] {processor.py:153} INFO - Started process (PID=478) to work on /opt/airflow/dags/basic_dags/first_basic_dag.py
[2022-07-30 16:42:18,210] {processor.py:641} INFO - Processing file /opt/airflow/dags/basic_dags/first_basic_dag.py for tasks to queue
[2022-07-30 16:42:18,210] {logging_mixin.py:115} INFO - [2022-07-30 16:42:18,210] {dagbag.py:507} INFO - Filling up the DagBag from /opt/airflow/dags/basic_dags/first_basic_dag.py
[2022-07-30 16:42:18,220] {processor.py:651} INFO - DAG(s) dict_keys(['first_basic_dag_1']) retrieved from /opt/airflow/dags/basic_dags/first_basic_dag.py
[2022-07-30 16:42:18,265] {logging_mixin.py:115} INFO - [2022-07-30 16:42:18,265] {dag.py:2379} INFO - Sync 1 DAGs
[2022-07-30 16:42:18,325] {logging_mixin.py:115} INFO - [2022-07-30 16:42:18,325] {dag.py:2931} INFO - Setting next_dagrun for first_basic_dag_1 to 2022-07-27T06:25:00+00:00, run_after=2022-07-27T06:30:00+00:00
[2022-07-30 16:42:18,342] {processor.py:161} INFO - Processing /opt/airflow/dags/basic_dags/first_basic_dag.py took 0.137 seconds
[2022-07-30 16:44:16,285] {processor.py:153} INFO - Started process (PID=76) to work on /opt/airflow/dags/basic_dags/first_basic_dag.py
[2022-07-30 16:44:16,292] {processor.py:641} INFO - Processing file /opt/airflow/dags/basic_dags/first_basic_dag.py for tasks to queue
[2022-07-30 16:44:16,293] {logging_mixin.py:115} INFO - [2022-07-30 16:44:16,293] {dagbag.py:507} INFO - Filling up the DagBag from /opt/airflow/dags/basic_dags/first_basic_dag.py
[2022-07-30 16:44:16,322] {processor.py:651} INFO - DAG(s) dict_keys(['first_basic_dag_1']) retrieved from /opt/airflow/dags/basic_dags/first_basic_dag.py
[2022-07-30 16:44:16,423] {logging_mixin.py:115} INFO - [2022-07-30 16:44:16,423] {dag.py:2379} INFO - Sync 1 DAGs
[2022-07-30 16:44:16,592] {logging_mixin.py:115} INFO - [2022-07-30 16:44:16,592] {dag.py:2931} INFO - Setting next_dagrun for first_basic_dag_1 to 2022-07-27T06:25:00+00:00, run_after=2022-07-27T06:30:00+00:00
[2022-07-30 16:44:16,651] {processor.py:161} INFO - Processing /opt/airflow/dags/basic_dags/first_basic_dag.py took 0.382 seconds
[2022-07-30 16:44:46,864] {processor.py:153} INFO - Started process (PID=146) to work on /opt/airflow/dags/basic_dags/first_basic_dag.py
[2022-07-30 16:44:46,864] {processor.py:641} INFO - Processing file /opt/airflow/dags/basic_dags/first_basic_dag.py for tasks to queue
[2022-07-30 16:44:46,865] {logging_mixin.py:115} INFO - [2022-07-30 16:44:46,865] {dagbag.py:507} INFO - Filling up the DagBag from /opt/airflow/dags/basic_dags/first_basic_dag.py
[2022-07-30 16:44:46,876] {processor.py:651} INFO - DAG(s) dict_keys(['first_basic_dag_1']) retrieved from /opt/airflow/dags/basic_dags/first_basic_dag.py
[2022-07-30 16:44:46,906] {logging_mixin.py:115} INFO - [2022-07-30 16:44:46,906] {dag.py:2379} INFO - Sync 1 DAGs
[2022-07-30 16:44:46,940] {logging_mixin.py:115} INFO - [2022-07-30 16:44:46,940] {dag.py:2931} INFO - Setting next_dagrun for first_basic_dag_1 to 2022-07-27T06:25:00+00:00, run_after=2022-07-27T06:30:00+00:00
[2022-07-30 16:44:46,954] {processor.py:161} INFO - Processing /opt/airflow/dags/basic_dags/first_basic_dag.py took 0.094 seconds
[2022-07-30 16:45:18,009] {processor.py:153} INFO - Started process (PID=228) to work on /opt/airflow/dags/basic_dags/first_basic_dag.py
[2022-07-30 16:45:18,010] {processor.py:641} INFO - Processing file /opt/airflow/dags/basic_dags/first_basic_dag.py for tasks to queue
[2022-07-30 16:45:18,011] {logging_mixin.py:115} INFO - [2022-07-30 16:45:18,011] {dagbag.py:507} INFO - Filling up the DagBag from /opt/airflow/dags/basic_dags/first_basic_dag.py
[2022-07-30 16:45:18,021] {processor.py:651} INFO - DAG(s) dict_keys(['first_basic_dag_1']) retrieved from /opt/airflow/dags/basic_dags/first_basic_dag.py
[2022-07-30 16:45:18,074] {logging_mixin.py:115} INFO - [2022-07-30 16:45:18,074] {dag.py:2379} INFO - Sync 1 DAGs
[2022-07-30 16:45:18,147] {logging_mixin.py:115} INFO - [2022-07-30 16:45:18,147] {dag.py:2931} INFO - Setting next_dagrun for first_basic_dag_1 to 2022-07-27T06:25:00+00:00, run_after=2022-07-27T06:30:00+00:00
[2022-07-30 16:45:18,172] {processor.py:161} INFO - Processing /opt/airflow/dags/basic_dags/first_basic_dag.py took 0.173 seconds
[2022-07-30 16:45:48,498] {processor.py:153} INFO - Started process (PID=305) to work on /opt/airflow/dags/basic_dags/first_basic_dag.py
[2022-07-30 16:45:48,499] {processor.py:641} INFO - Processing file /opt/airflow/dags/basic_dags/first_basic_dag.py for tasks to queue
[2022-07-30 16:45:48,499] {logging_mixin.py:115} INFO - [2022-07-30 16:45:48,499] {dagbag.py:507} INFO - Filling up the DagBag from /opt/airflow/dags/basic_dags/first_basic_dag.py
[2022-07-30 16:45:48,509] {processor.py:651} INFO - DAG(s) dict_keys(['first_basic_dag_1']) retrieved from /opt/airflow/dags/basic_dags/first_basic_dag.py
[2022-07-30 16:45:48,545] {logging_mixin.py:115} INFO - [2022-07-30 16:45:48,545] {dag.py:2379} INFO - Sync 1 DAGs
[2022-07-30 16:45:48,585] {logging_mixin.py:115} INFO - [2022-07-30 16:45:48,585] {dag.py:2931} INFO - Setting next_dagrun for first_basic_dag_1 to 2022-07-27T06:25:00+00:00, run_after=2022-07-27T06:30:00+00:00
[2022-07-30 16:45:48,599] {processor.py:161} INFO - Processing /opt/airflow/dags/basic_dags/first_basic_dag.py took 0.105 seconds
[2022-07-30 16:46:19,014] {processor.py:153} INFO - Started process (PID=379) to work on /opt/airflow/dags/basic_dags/first_basic_dag.py
[2022-07-30 16:46:19,016] {processor.py:641} INFO - Processing file /opt/airflow/dags/basic_dags/first_basic_dag.py for tasks to queue
[2022-07-30 16:46:19,017] {logging_mixin.py:115} INFO - [2022-07-30 16:46:19,017] {dagbag.py:507} INFO - Filling up the DagBag from /opt/airflow/dags/basic_dags/first_basic_dag.py
[2022-07-30 16:46:19,036] {processor.py:651} INFO - DAG(s) dict_keys(['first_basic_dag_1']) retrieved from /opt/airflow/dags/basic_dags/first_basic_dag.py
[2022-07-30 16:46:19,109] {logging_mixin.py:115} INFO - [2022-07-30 16:46:19,109] {dag.py:2379} INFO - Sync 1 DAGs
[2022-07-30 16:46:19,169] {logging_mixin.py:115} INFO - [2022-07-30 16:46:19,169] {dag.py:2931} INFO - Setting next_dagrun for first_basic_dag_1 to 2022-07-27T06:25:00+00:00, run_after=2022-07-27T06:30:00+00:00
[2022-07-30 16:46:19,199] {processor.py:161} INFO - Processing /opt/airflow/dags/basic_dags/first_basic_dag.py took 0.189 seconds
[2022-07-30 16:46:51,763] {processor.py:153} INFO - Started process (PID=461) to work on /opt/airflow/dags/basic_dags/first_basic_dag.py
[2022-07-30 16:46:51,778] {processor.py:641} INFO - Processing file /opt/airflow/dags/basic_dags/first_basic_dag.py for tasks to queue
[2022-07-30 16:46:51,779] {logging_mixin.py:115} INFO - [2022-07-30 16:46:51,779] {dagbag.py:507} INFO - Filling up the DagBag from /opt/airflow/dags/basic_dags/first_basic_dag.py
[2022-07-30 16:46:51,808] {processor.py:651} INFO - DAG(s) dict_keys(['first_basic_dag_1']) retrieved from /opt/airflow/dags/basic_dags/first_basic_dag.py
[2022-07-30 16:46:51,861] {logging_mixin.py:115} INFO - [2022-07-30 16:46:51,861] {dag.py:2379} INFO - Sync 1 DAGs
[2022-07-30 16:46:51,903] {logging_mixin.py:115} INFO - [2022-07-30 16:46:51,903] {dag.py:2931} INFO - Setting next_dagrun for first_basic_dag_1 to 2022-07-27T06:25:00+00:00, run_after=2022-07-27T06:30:00+00:00
[2022-07-30 16:46:51,936] {processor.py:161} INFO - Processing /opt/airflow/dags/basic_dags/first_basic_dag.py took 0.177 seconds
[2022-07-30 16:47:23,232] {processor.py:153} INFO - Started process (PID=534) to work on /opt/airflow/dags/basic_dags/first_basic_dag.py
[2022-07-30 16:47:23,241] {processor.py:641} INFO - Processing file /opt/airflow/dags/basic_dags/first_basic_dag.py for tasks to queue
[2022-07-30 16:47:23,241] {logging_mixin.py:115} INFO - [2022-07-30 16:47:23,241] {dagbag.py:507} INFO - Filling up the DagBag from /opt/airflow/dags/basic_dags/first_basic_dag.py
[2022-07-30 16:47:23,267] {processor.py:651} INFO - DAG(s) dict_keys(['first_basic_dag_1']) retrieved from /opt/airflow/dags/basic_dags/first_basic_dag.py
[2022-07-30 16:47:23,321] {logging_mixin.py:115} INFO - [2022-07-30 16:47:23,321] {dag.py:2379} INFO - Sync 1 DAGs
[2022-07-30 16:47:23,383] {logging_mixin.py:115} INFO - [2022-07-30 16:47:23,383] {dag.py:2931} INFO - Setting next_dagrun for first_basic_dag_1 to 2022-07-27T06:25:00+00:00, run_after=2022-07-27T06:30:00+00:00
[2022-07-30 16:47:23,407] {processor.py:161} INFO - Processing /opt/airflow/dags/basic_dags/first_basic_dag.py took 0.179 seconds
[2022-07-30 16:47:53,473] {processor.py:153} INFO - Started process (PID=617) to work on /opt/airflow/dags/basic_dags/first_basic_dag.py
[2022-07-30 16:47:53,474] {processor.py:641} INFO - Processing file /opt/airflow/dags/basic_dags/first_basic_dag.py for tasks to queue
[2022-07-30 16:47:53,474] {logging_mixin.py:115} INFO - [2022-07-30 16:47:53,474] {dagbag.py:507} INFO - Filling up the DagBag from /opt/airflow/dags/basic_dags/first_basic_dag.py
[2022-07-30 16:47:53,484] {processor.py:651} INFO - DAG(s) dict_keys(['first_basic_dag_1']) retrieved from /opt/airflow/dags/basic_dags/first_basic_dag.py
[2022-07-30 16:47:53,516] {logging_mixin.py:115} INFO - [2022-07-30 16:47:53,516] {dag.py:2379} INFO - Sync 1 DAGs
[2022-07-30 16:47:53,550] {logging_mixin.py:115} INFO - [2022-07-30 16:47:53,550] {dag.py:2931} INFO - Setting next_dagrun for first_basic_dag_1 to 2022-07-27T06:25:00+00:00, run_after=2022-07-27T06:30:00+00:00
[2022-07-30 16:47:53,566] {processor.py:161} INFO - Processing /opt/airflow/dags/basic_dags/first_basic_dag.py took 0.097 seconds
[2022-07-30 16:48:26,501] {processor.py:153} INFO - Started process (PID=700) to work on /opt/airflow/dags/basic_dags/first_basic_dag.py
[2022-07-30 16:48:26,502] {processor.py:641} INFO - Processing file /opt/airflow/dags/basic_dags/first_basic_dag.py for tasks to queue
[2022-07-30 16:48:26,503] {logging_mixin.py:115} INFO - [2022-07-30 16:48:26,503] {dagbag.py:507} INFO - Filling up the DagBag from /opt/airflow/dags/basic_dags/first_basic_dag.py
[2022-07-30 16:48:26,519] {processor.py:651} INFO - DAG(s) dict_keys(['first_basic_dag_1']) retrieved from /opt/airflow/dags/basic_dags/first_basic_dag.py
[2022-07-30 16:48:26,620] {logging_mixin.py:115} INFO - [2022-07-30 16:48:26,620] {dag.py:2379} INFO - Sync 1 DAGs
[2022-07-30 16:48:26,763] {logging_mixin.py:115} INFO - [2022-07-30 16:48:26,762] {dag.py:2931} INFO - Setting next_dagrun for first_basic_dag_1 to 2022-07-27T06:25:00+00:00, run_after=2022-07-27T06:30:00+00:00
[2022-07-30 16:48:26,826] {processor.py:161} INFO - Processing /opt/airflow/dags/basic_dags/first_basic_dag.py took 0.328 seconds
[2022-07-30 16:48:57,474] {processor.py:153} INFO - Started process (PID=775) to work on /opt/airflow/dags/basic_dags/first_basic_dag.py
[2022-07-30 16:48:57,475] {processor.py:641} INFO - Processing file /opt/airflow/dags/basic_dags/first_basic_dag.py for tasks to queue
[2022-07-30 16:48:57,475] {logging_mixin.py:115} INFO - [2022-07-30 16:48:57,475] {dagbag.py:507} INFO - Filling up the DagBag from /opt/airflow/dags/basic_dags/first_basic_dag.py
[2022-07-30 16:48:57,485] {processor.py:651} INFO - DAG(s) dict_keys(['first_basic_dag_1']) retrieved from /opt/airflow/dags/basic_dags/first_basic_dag.py
[2022-07-30 16:48:57,518] {logging_mixin.py:115} INFO - [2022-07-30 16:48:57,517] {dag.py:2379} INFO - Sync 1 DAGs
[2022-07-30 16:48:57,551] {logging_mixin.py:115} INFO - [2022-07-30 16:48:57,551] {dag.py:2931} INFO - Setting next_dagrun for first_basic_dag_1 to 2022-07-27T06:25:00+00:00, run_after=2022-07-27T06:30:00+00:00
[2022-07-30 16:48:57,564] {processor.py:161} INFO - Processing /opt/airflow/dags/basic_dags/first_basic_dag.py took 0.093 seconds
[2022-07-30 16:49:27,941] {processor.py:153} INFO - Started process (PID=854) to work on /opt/airflow/dags/basic_dags/first_basic_dag.py
[2022-07-30 16:49:27,943] {processor.py:641} INFO - Processing file /opt/airflow/dags/basic_dags/first_basic_dag.py for tasks to queue
[2022-07-30 16:49:27,944] {logging_mixin.py:115} INFO - [2022-07-30 16:49:27,943] {dagbag.py:507} INFO - Filling up the DagBag from /opt/airflow/dags/basic_dags/first_basic_dag.py
[2022-07-30 16:49:27,953] {processor.py:651} INFO - DAG(s) dict_keys(['first_basic_dag_1']) retrieved from /opt/airflow/dags/basic_dags/first_basic_dag.py
[2022-07-30 16:49:28,008] {logging_mixin.py:115} INFO - [2022-07-30 16:49:28,008] {dag.py:2379} INFO - Sync 1 DAGs
[2022-07-30 16:49:28,041] {logging_mixin.py:115} INFO - [2022-07-30 16:49:28,041] {dag.py:2931} INFO - Setting next_dagrun for first_basic_dag_1 to 2022-07-27T06:25:00+00:00, run_after=2022-07-27T06:30:00+00:00
[2022-07-30 16:49:28,055] {processor.py:161} INFO - Processing /opt/airflow/dags/basic_dags/first_basic_dag.py took 0.118 seconds
[2022-07-30 16:50:00,348] {processor.py:153} INFO - Started process (PID=934) to work on /opt/airflow/dags/basic_dags/first_basic_dag.py
[2022-07-30 16:50:00,348] {processor.py:641} INFO - Processing file /opt/airflow/dags/basic_dags/first_basic_dag.py for tasks to queue
[2022-07-30 16:50:00,349] {logging_mixin.py:115} INFO - [2022-07-30 16:50:00,349] {dagbag.py:507} INFO - Filling up the DagBag from /opt/airflow/dags/basic_dags/first_basic_dag.py
[2022-07-30 16:50:00,367] {processor.py:651} INFO - DAG(s) dict_keys(['first_basic_dag_1']) retrieved from /opt/airflow/dags/basic_dags/first_basic_dag.py
[2022-07-30 16:50:00,409] {logging_mixin.py:115} INFO - [2022-07-30 16:50:00,408] {dag.py:2379} INFO - Sync 1 DAGs
[2022-07-30 16:50:00,450] {logging_mixin.py:115} INFO - [2022-07-30 16:50:00,449] {dag.py:2931} INFO - Setting next_dagrun for first_basic_dag_1 to 2022-07-27T06:25:00+00:00, run_after=2022-07-27T06:30:00+00:00
[2022-07-30 16:50:00,493] {processor.py:161} INFO - Processing /opt/airflow/dags/basic_dags/first_basic_dag.py took 0.149 seconds
[2022-07-30 16:50:31,453] {processor.py:153} INFO - Started process (PID=1005) to work on /opt/airflow/dags/basic_dags/first_basic_dag.py
[2022-07-30 16:50:31,455] {processor.py:641} INFO - Processing file /opt/airflow/dags/basic_dags/first_basic_dag.py for tasks to queue
[2022-07-30 16:50:31,456] {logging_mixin.py:115} INFO - [2022-07-30 16:50:31,456] {dagbag.py:507} INFO - Filling up the DagBag from /opt/airflow/dags/basic_dags/first_basic_dag.py
[2022-07-30 16:50:31,466] {processor.py:651} INFO - DAG(s) dict_keys(['first_basic_dag_1']) retrieved from /opt/airflow/dags/basic_dags/first_basic_dag.py
[2022-07-30 16:50:31,508] {logging_mixin.py:115} INFO - [2022-07-30 16:50:31,508] {dag.py:2379} INFO - Sync 1 DAGs
[2022-07-30 16:50:31,559] {logging_mixin.py:115} INFO - [2022-07-30 16:50:31,558] {dag.py:2931} INFO - Setting next_dagrun for first_basic_dag_1 to 2022-07-27T06:25:00+00:00, run_after=2022-07-27T06:30:00+00:00
[2022-07-30 16:50:31,573] {processor.py:161} INFO - Processing /opt/airflow/dags/basic_dags/first_basic_dag.py took 0.129 seconds
[2022-07-30 16:51:02,157] {processor.py:153} INFO - Started process (PID=1076) to work on /opt/airflow/dags/basic_dags/first_basic_dag.py
[2022-07-30 16:51:02,158] {processor.py:641} INFO - Processing file /opt/airflow/dags/basic_dags/first_basic_dag.py for tasks to queue
[2022-07-30 16:51:02,159] {logging_mixin.py:115} INFO - [2022-07-30 16:51:02,159] {dagbag.py:507} INFO - Filling up the DagBag from /opt/airflow/dags/basic_dags/first_basic_dag.py
[2022-07-30 16:51:02,176] {processor.py:651} INFO - DAG(s) dict_keys(['first_basic_dag_1']) retrieved from /opt/airflow/dags/basic_dags/first_basic_dag.py
[2022-07-30 16:51:02,237] {logging_mixin.py:115} INFO - [2022-07-30 16:51:02,237] {dag.py:2379} INFO - Sync 1 DAGs
[2022-07-30 16:51:02,303] {logging_mixin.py:115} INFO - [2022-07-30 16:51:02,303] {dag.py:2931} INFO - Setting next_dagrun for first_basic_dag_1 to 2022-07-27T06:25:00+00:00, run_after=2022-07-27T06:30:00+00:00
[2022-07-30 16:51:02,335] {processor.py:161} INFO - Processing /opt/airflow/dags/basic_dags/first_basic_dag.py took 0.194 seconds
[2022-07-30 16:51:32,452] {processor.py:153} INFO - Started process (PID=1156) to work on /opt/airflow/dags/basic_dags/first_basic_dag.py
[2022-07-30 16:51:32,452] {processor.py:641} INFO - Processing file /opt/airflow/dags/basic_dags/first_basic_dag.py for tasks to queue
[2022-07-30 16:51:32,453] {logging_mixin.py:115} INFO - [2022-07-30 16:51:32,453] {dagbag.py:507} INFO - Filling up the DagBag from /opt/airflow/dags/basic_dags/first_basic_dag.py
[2022-07-30 16:51:32,487] {processor.py:651} INFO - DAG(s) dict_keys(['first_basic_dag_1']) retrieved from /opt/airflow/dags/basic_dags/first_basic_dag.py
[2022-07-30 16:51:32,560] {logging_mixin.py:115} INFO - [2022-07-30 16:51:32,560] {dag.py:2379} INFO - Sync 1 DAGs
[2022-07-30 16:51:32,647] {logging_mixin.py:115} INFO - [2022-07-30 16:51:32,647] {dag.py:2931} INFO - Setting next_dagrun for first_basic_dag_1 to 2022-07-27T06:25:00+00:00, run_after=2022-07-27T06:30:00+00:00
[2022-07-30 16:51:32,695] {processor.py:161} INFO - Processing /opt/airflow/dags/basic_dags/first_basic_dag.py took 0.247 seconds
[2022-07-30 16:52:02,993] {processor.py:153} INFO - Started process (PID=1236) to work on /opt/airflow/dags/basic_dags/first_basic_dag.py
[2022-07-30 16:52:02,999] {processor.py:641} INFO - Processing file /opt/airflow/dags/basic_dags/first_basic_dag.py for tasks to queue
[2022-07-30 16:52:03,000] {logging_mixin.py:115} INFO - [2022-07-30 16:52:02,999] {dagbag.py:507} INFO - Filling up the DagBag from /opt/airflow/dags/basic_dags/first_basic_dag.py
[2022-07-30 16:52:03,016] {processor.py:651} INFO - DAG(s) dict_keys(['first_basic_dag_1']) retrieved from /opt/airflow/dags/basic_dags/first_basic_dag.py
[2022-07-30 16:52:03,086] {logging_mixin.py:115} INFO - [2022-07-30 16:52:03,086] {dag.py:2379} INFO - Sync 1 DAGs
[2022-07-30 16:52:03,146] {logging_mixin.py:115} INFO - [2022-07-30 16:52:03,146] {dag.py:2931} INFO - Setting next_dagrun for first_basic_dag_1 to 2022-07-27T06:25:00+00:00, run_after=2022-07-27T06:30:00+00:00
[2022-07-30 16:52:03,184] {processor.py:161} INFO - Processing /opt/airflow/dags/basic_dags/first_basic_dag.py took 0.195 seconds
[2022-07-30 16:52:33,311] {processor.py:153} INFO - Started process (PID=1308) to work on /opt/airflow/dags/basic_dags/first_basic_dag.py
[2022-07-30 16:52:33,314] {processor.py:641} INFO - Processing file /opt/airflow/dags/basic_dags/first_basic_dag.py for tasks to queue
[2022-07-30 16:52:33,315] {logging_mixin.py:115} INFO - [2022-07-30 16:52:33,315] {dagbag.py:507} INFO - Filling up the DagBag from /opt/airflow/dags/basic_dags/first_basic_dag.py
[2022-07-30 16:52:33,324] {processor.py:651} INFO - DAG(s) dict_keys(['first_basic_dag_1']) retrieved from /opt/airflow/dags/basic_dags/first_basic_dag.py
[2022-07-30 16:52:33,362] {logging_mixin.py:115} INFO - [2022-07-30 16:52:33,362] {dag.py:2379} INFO - Sync 1 DAGs
[2022-07-30 16:52:33,397] {logging_mixin.py:115} INFO - [2022-07-30 16:52:33,396] {dag.py:2931} INFO - Setting next_dagrun for first_basic_dag_1 to 2022-07-27T06:25:00+00:00, run_after=2022-07-27T06:30:00+00:00
[2022-07-30 16:52:33,429] {processor.py:161} INFO - Processing /opt/airflow/dags/basic_dags/first_basic_dag.py took 0.121 seconds
[2022-07-30 16:53:04,017] {processor.py:153} INFO - Started process (PID=1395) to work on /opt/airflow/dags/basic_dags/first_basic_dag.py
[2022-07-30 16:53:04,018] {processor.py:641} INFO - Processing file /opt/airflow/dags/basic_dags/first_basic_dag.py for tasks to queue
[2022-07-30 16:53:04,019] {logging_mixin.py:115} INFO - [2022-07-30 16:53:04,019] {dagbag.py:507} INFO - Filling up the DagBag from /opt/airflow/dags/basic_dags/first_basic_dag.py
[2022-07-30 16:53:04,044] {processor.py:651} INFO - DAG(s) dict_keys(['first_basic_dag_1']) retrieved from /opt/airflow/dags/basic_dags/first_basic_dag.py
[2022-07-30 16:53:04,133] {logging_mixin.py:115} INFO - [2022-07-30 16:53:04,133] {dag.py:2379} INFO - Sync 1 DAGs
[2022-07-30 16:53:04,196] {logging_mixin.py:115} INFO - [2022-07-30 16:53:04,196] {dag.py:2931} INFO - Setting next_dagrun for first_basic_dag_1 to 2022-07-27T06:25:00+00:00, run_after=2022-07-27T06:30:00+00:00
[2022-07-30 16:53:04,227] {processor.py:161} INFO - Processing /opt/airflow/dags/basic_dags/first_basic_dag.py took 0.227 seconds
[2022-07-30 16:53:34,307] {processor.py:153} INFO - Started process (PID=1467) to work on /opt/airflow/dags/basic_dags/first_basic_dag.py
[2022-07-30 16:53:34,307] {processor.py:641} INFO - Processing file /opt/airflow/dags/basic_dags/first_basic_dag.py for tasks to queue
[2022-07-30 16:53:34,308] {logging_mixin.py:115} INFO - [2022-07-30 16:53:34,308] {dagbag.py:507} INFO - Filling up the DagBag from /opt/airflow/dags/basic_dags/first_basic_dag.py
[2022-07-30 16:53:34,317] {processor.py:651} INFO - DAG(s) dict_keys(['first_basic_dag_1']) retrieved from /opt/airflow/dags/basic_dags/first_basic_dag.py
[2022-07-30 16:53:34,349] {logging_mixin.py:115} INFO - [2022-07-30 16:53:34,349] {dag.py:2379} INFO - Sync 1 DAGs
[2022-07-30 16:53:34,382] {logging_mixin.py:115} INFO - [2022-07-30 16:53:34,382] {dag.py:2931} INFO - Setting next_dagrun for first_basic_dag_1 to 2022-07-27T06:25:00+00:00, run_after=2022-07-27T06:30:00+00:00
[2022-07-30 16:53:34,397] {processor.py:161} INFO - Processing /opt/airflow/dags/basic_dags/first_basic_dag.py took 0.094 seconds
[2022-07-30 16:54:04,882] {processor.py:153} INFO - Started process (PID=1543) to work on /opt/airflow/dags/basic_dags/first_basic_dag.py
[2022-07-30 16:54:04,883] {processor.py:641} INFO - Processing file /opt/airflow/dags/basic_dags/first_basic_dag.py for tasks to queue
[2022-07-30 16:54:04,884] {logging_mixin.py:115} INFO - [2022-07-30 16:54:04,883] {dagbag.py:507} INFO - Filling up the DagBag from /opt/airflow/dags/basic_dags/first_basic_dag.py
[2022-07-30 16:54:04,893] {processor.py:651} INFO - DAG(s) dict_keys(['first_basic_dag_1']) retrieved from /opt/airflow/dags/basic_dags/first_basic_dag.py
[2022-07-30 16:54:04,926] {logging_mixin.py:115} INFO - [2022-07-30 16:54:04,926] {dag.py:2379} INFO - Sync 1 DAGs
[2022-07-30 16:54:04,974] {logging_mixin.py:115} INFO - [2022-07-30 16:54:04,974] {dag.py:2931} INFO - Setting next_dagrun for first_basic_dag_1 to 2022-07-27T06:25:00+00:00, run_after=2022-07-27T06:30:00+00:00
[2022-07-30 16:54:04,997] {processor.py:161} INFO - Processing /opt/airflow/dags/basic_dags/first_basic_dag.py took 0.119 seconds
[2022-07-30 16:54:35,460] {processor.py:153} INFO - Started process (PID=1628) to work on /opt/airflow/dags/basic_dags/first_basic_dag.py
[2022-07-30 16:54:35,460] {processor.py:641} INFO - Processing file /opt/airflow/dags/basic_dags/first_basic_dag.py for tasks to queue
[2022-07-30 16:54:35,461] {logging_mixin.py:115} INFO - [2022-07-30 16:54:35,461] {dagbag.py:507} INFO - Filling up the DagBag from /opt/airflow/dags/basic_dags/first_basic_dag.py
[2022-07-30 16:54:35,471] {processor.py:651} INFO - DAG(s) dict_keys(['first_basic_dag_1']) retrieved from /opt/airflow/dags/basic_dags/first_basic_dag.py
[2022-07-30 16:54:35,503] {logging_mixin.py:115} INFO - [2022-07-30 16:54:35,503] {dag.py:2379} INFO - Sync 1 DAGs
[2022-07-30 16:54:35,536] {logging_mixin.py:115} INFO - [2022-07-30 16:54:35,536] {dag.py:2931} INFO - Setting next_dagrun for first_basic_dag_1 to 2022-07-27T06:25:00+00:00, run_after=2022-07-27T06:30:00+00:00
[2022-07-30 16:54:35,550] {processor.py:161} INFO - Processing /opt/airflow/dags/basic_dags/first_basic_dag.py took 0.095 seconds
[2022-07-30 16:55:05,641] {processor.py:153} INFO - Started process (PID=1700) to work on /opt/airflow/dags/basic_dags/first_basic_dag.py
[2022-07-30 16:55:05,642] {processor.py:641} INFO - Processing file /opt/airflow/dags/basic_dags/first_basic_dag.py for tasks to queue
[2022-07-30 16:55:05,643] {logging_mixin.py:115} INFO - [2022-07-30 16:55:05,643] {dagbag.py:507} INFO - Filling up the DagBag from /opt/airflow/dags/basic_dags/first_basic_dag.py
[2022-07-30 16:55:05,656] {processor.py:651} INFO - DAG(s) dict_keys(['first_basic_dag_1']) retrieved from /opt/airflow/dags/basic_dags/first_basic_dag.py
[2022-07-30 16:55:05,690] {logging_mixin.py:115} INFO - [2022-07-30 16:55:05,690] {dag.py:2379} INFO - Sync 1 DAGs
[2022-07-30 16:55:05,723] {logging_mixin.py:115} INFO - [2022-07-30 16:55:05,723] {dag.py:2931} INFO - Setting next_dagrun for first_basic_dag_1 to 2022-07-27T06:25:00+00:00, run_after=2022-07-27T06:30:00+00:00
[2022-07-30 16:55:05,737] {processor.py:161} INFO - Processing /opt/airflow/dags/basic_dags/first_basic_dag.py took 0.100 seconds
[2022-07-30 16:55:36,175] {processor.py:153} INFO - Started process (PID=1785) to work on /opt/airflow/dags/basic_dags/first_basic_dag.py
[2022-07-30 16:55:36,175] {processor.py:641} INFO - Processing file /opt/airflow/dags/basic_dags/first_basic_dag.py for tasks to queue
[2022-07-30 16:55:36,176] {logging_mixin.py:115} INFO - [2022-07-30 16:55:36,176] {dagbag.py:507} INFO - Filling up the DagBag from /opt/airflow/dags/basic_dags/first_basic_dag.py
[2022-07-30 16:55:36,218] {processor.py:651} INFO - DAG(s) dict_keys(['first_basic_dag_1']) retrieved from /opt/airflow/dags/basic_dags/first_basic_dag.py
[2022-07-30 16:55:36,305] {logging_mixin.py:115} INFO - [2022-07-30 16:55:36,305] {dag.py:2379} INFO - Sync 1 DAGs
[2022-07-30 16:55:36,354] {logging_mixin.py:115} INFO - [2022-07-30 16:55:36,354] {dag.py:2931} INFO - Setting next_dagrun for first_basic_dag_1 to 2022-07-27T06:25:00+00:00, run_after=2022-07-27T06:30:00+00:00
[2022-07-30 16:55:36,371] {processor.py:161} INFO - Processing /opt/airflow/dags/basic_dags/first_basic_dag.py took 0.199 seconds
[2022-07-30 16:56:06,877] {processor.py:153} INFO - Started process (PID=1862) to work on /opt/airflow/dags/basic_dags/first_basic_dag.py
[2022-07-30 16:56:06,878] {processor.py:641} INFO - Processing file /opt/airflow/dags/basic_dags/first_basic_dag.py for tasks to queue
[2022-07-30 16:56:06,879] {logging_mixin.py:115} INFO - [2022-07-30 16:56:06,879] {dagbag.py:507} INFO - Filling up the DagBag from /opt/airflow/dags/basic_dags/first_basic_dag.py
[2022-07-30 16:56:06,888] {processor.py:651} INFO - DAG(s) dict_keys(['first_basic_dag_1']) retrieved from /opt/airflow/dags/basic_dags/first_basic_dag.py
[2022-07-30 16:56:06,922] {logging_mixin.py:115} INFO - [2022-07-30 16:56:06,922] {dag.py:2379} INFO - Sync 1 DAGs
[2022-07-30 16:56:06,959] {logging_mixin.py:115} INFO - [2022-07-30 16:56:06,959] {dag.py:2931} INFO - Setting next_dagrun for first_basic_dag_1 to 2022-07-27T06:25:00+00:00, run_after=2022-07-27T06:30:00+00:00
[2022-07-30 16:56:06,993] {processor.py:161} INFO - Processing /opt/airflow/dags/basic_dags/first_basic_dag.py took 0.119 seconds
[2022-07-30 16:56:37,844] {processor.py:153} INFO - Started process (PID=1945) to work on /opt/airflow/dags/basic_dags/first_basic_dag.py
[2022-07-30 16:56:37,844] {processor.py:641} INFO - Processing file /opt/airflow/dags/basic_dags/first_basic_dag.py for tasks to queue
[2022-07-30 16:56:37,845] {logging_mixin.py:115} INFO - [2022-07-30 16:56:37,845] {dagbag.py:507} INFO - Filling up the DagBag from /opt/airflow/dags/basic_dags/first_basic_dag.py
[2022-07-30 16:56:37,873] {processor.py:651} INFO - DAG(s) dict_keys(['first_basic_dag_1']) retrieved from /opt/airflow/dags/basic_dags/first_basic_dag.py
[2022-07-30 16:56:38,015] {logging_mixin.py:115} INFO - [2022-07-30 16:56:38,015] {dag.py:2379} INFO - Sync 1 DAGs
[2022-07-30 16:56:38,147] {logging_mixin.py:115} INFO - [2022-07-30 16:56:38,147] {dag.py:2931} INFO - Setting next_dagrun for first_basic_dag_1 to 2022-07-27T06:25:00+00:00, run_after=2022-07-27T06:30:00+00:00
[2022-07-30 16:56:38,254] {processor.py:161} INFO - Processing /opt/airflow/dags/basic_dags/first_basic_dag.py took 0.414 seconds
[2022-07-30 16:57:08,296] {processor.py:153} INFO - Started process (PID=2018) to work on /opt/airflow/dags/basic_dags/first_basic_dag.py
[2022-07-30 16:57:08,297] {processor.py:641} INFO - Processing file /opt/airflow/dags/basic_dags/first_basic_dag.py for tasks to queue
[2022-07-30 16:57:08,297] {logging_mixin.py:115} INFO - [2022-07-30 16:57:08,297] {dagbag.py:507} INFO - Filling up the DagBag from /opt/airflow/dags/basic_dags/first_basic_dag.py
[2022-07-30 16:57:08,306] {processor.py:651} INFO - DAG(s) dict_keys(['first_basic_dag_1']) retrieved from /opt/airflow/dags/basic_dags/first_basic_dag.py
[2022-07-30 16:57:08,339] {logging_mixin.py:115} INFO - [2022-07-30 16:57:08,339] {dag.py:2379} INFO - Sync 1 DAGs
[2022-07-30 16:57:08,374] {logging_mixin.py:115} INFO - [2022-07-30 16:57:08,374] {dag.py:2931} INFO - Setting next_dagrun for first_basic_dag_1 to 2022-07-27T06:25:00+00:00, run_after=2022-07-27T06:30:00+00:00
[2022-07-30 16:57:08,388] {processor.py:161} INFO - Processing /opt/airflow/dags/basic_dags/first_basic_dag.py took 0.096 seconds
[2022-07-30 16:57:38,692] {processor.py:153} INFO - Started process (PID=2097) to work on /opt/airflow/dags/basic_dags/first_basic_dag.py
[2022-07-30 16:57:38,693] {processor.py:641} INFO - Processing file /opt/airflow/dags/basic_dags/first_basic_dag.py for tasks to queue
[2022-07-30 16:57:38,693] {logging_mixin.py:115} INFO - [2022-07-30 16:57:38,693] {dagbag.py:507} INFO - Filling up the DagBag from /opt/airflow/dags/basic_dags/first_basic_dag.py
[2022-07-30 16:57:38,710] {processor.py:651} INFO - DAG(s) dict_keys(['first_basic_dag_1']) retrieved from /opt/airflow/dags/basic_dags/first_basic_dag.py
[2022-07-30 16:57:38,813] {logging_mixin.py:115} INFO - [2022-07-30 16:57:38,812] {dag.py:2379} INFO - Sync 1 DAGs
[2022-07-30 16:57:38,919] {logging_mixin.py:115} INFO - [2022-07-30 16:57:38,919] {dag.py:2931} INFO - Setting next_dagrun for first_basic_dag_1 to 2022-07-27T06:25:00+00:00, run_after=2022-07-27T06:30:00+00:00
[2022-07-30 16:57:38,964] {processor.py:161} INFO - Processing /opt/airflow/dags/basic_dags/first_basic_dag.py took 0.276 seconds
[2022-07-30 16:58:09,114] {processor.py:153} INFO - Started process (PID=2173) to work on /opt/airflow/dags/basic_dags/first_basic_dag.py
[2022-07-30 16:58:09,120] {processor.py:641} INFO - Processing file /opt/airflow/dags/basic_dags/first_basic_dag.py for tasks to queue
[2022-07-30 16:58:09,121] {logging_mixin.py:115} INFO - [2022-07-30 16:58:09,120] {dagbag.py:507} INFO - Filling up the DagBag from /opt/airflow/dags/basic_dags/first_basic_dag.py
[2022-07-30 16:58:09,142] {processor.py:651} INFO - DAG(s) dict_keys(['first_basic_dag_1']) retrieved from /opt/airflow/dags/basic_dags/first_basic_dag.py
[2022-07-30 16:58:09,201] {logging_mixin.py:115} INFO - [2022-07-30 16:58:09,201] {dag.py:2379} INFO - Sync 1 DAGs
[2022-07-30 16:58:09,234] {logging_mixin.py:115} INFO - [2022-07-30 16:58:09,234] {dag.py:2931} INFO - Setting next_dagrun for first_basic_dag_1 to 2022-07-27T06:25:00+00:00, run_after=2022-07-27T06:30:00+00:00
[2022-07-30 16:58:09,256] {processor.py:161} INFO - Processing /opt/airflow/dags/basic_dags/first_basic_dag.py took 0.153 seconds
[2022-07-30 16:58:39,585] {processor.py:153} INFO - Started process (PID=2252) to work on /opt/airflow/dags/basic_dags/first_basic_dag.py
[2022-07-30 16:58:39,585] {processor.py:641} INFO - Processing file /opt/airflow/dags/basic_dags/first_basic_dag.py for tasks to queue
[2022-07-30 16:58:39,586] {logging_mixin.py:115} INFO - [2022-07-30 16:58:39,586] {dagbag.py:507} INFO - Filling up the DagBag from /opt/airflow/dags/basic_dags/first_basic_dag.py
[2022-07-30 16:58:39,611] {processor.py:651} INFO - DAG(s) dict_keys(['first_basic_dag_1']) retrieved from /opt/airflow/dags/basic_dags/first_basic_dag.py
[2022-07-30 16:58:39,669] {logging_mixin.py:115} INFO - [2022-07-30 16:58:39,669] {dag.py:2379} INFO - Sync 1 DAGs
[2022-07-30 16:58:39,716] {logging_mixin.py:115} INFO - [2022-07-30 16:58:39,715] {dag.py:2931} INFO - Setting next_dagrun for first_basic_dag_1 to 2022-07-27T06:25:00+00:00, run_after=2022-07-27T06:30:00+00:00
[2022-07-30 16:58:39,730] {processor.py:161} INFO - Processing /opt/airflow/dags/basic_dags/first_basic_dag.py took 0.149 seconds
[2022-07-30 16:59:10,210] {processor.py:153} INFO - Started process (PID=2331) to work on /opt/airflow/dags/basic_dags/first_basic_dag.py
[2022-07-30 16:59:10,211] {processor.py:641} INFO - Processing file /opt/airflow/dags/basic_dags/first_basic_dag.py for tasks to queue
[2022-07-30 16:59:10,212] {logging_mixin.py:115} INFO - [2022-07-30 16:59:10,212] {dagbag.py:507} INFO - Filling up the DagBag from /opt/airflow/dags/basic_dags/first_basic_dag.py
[2022-07-30 16:59:10,221] {processor.py:651} INFO - DAG(s) dict_keys(['first_basic_dag_1']) retrieved from /opt/airflow/dags/basic_dags/first_basic_dag.py
[2022-07-30 16:59:10,253] {logging_mixin.py:115} INFO - [2022-07-30 16:59:10,252] {dag.py:2379} INFO - Sync 1 DAGs
[2022-07-30 16:59:10,294] {logging_mixin.py:115} INFO - [2022-07-30 16:59:10,294] {dag.py:2931} INFO - Setting next_dagrun for first_basic_dag_1 to 2022-07-27T06:25:00+00:00, run_after=2022-07-27T06:30:00+00:00
[2022-07-30 16:59:10,310] {processor.py:161} INFO - Processing /opt/airflow/dags/basic_dags/first_basic_dag.py took 0.103 seconds
[2022-07-30 16:59:42,080] {processor.py:153} INFO - Started process (PID=2417) to work on /opt/airflow/dags/basic_dags/first_basic_dag.py
[2022-07-30 16:59:42,080] {processor.py:641} INFO - Processing file /opt/airflow/dags/basic_dags/first_basic_dag.py for tasks to queue
[2022-07-30 16:59:42,081] {logging_mixin.py:115} INFO - [2022-07-30 16:59:42,081] {dagbag.py:507} INFO - Filling up the DagBag from /opt/airflow/dags/basic_dags/first_basic_dag.py
[2022-07-30 16:59:42,104] {processor.py:651} INFO - DAG(s) dict_keys(['first_basic_dag_1']) retrieved from /opt/airflow/dags/basic_dags/first_basic_dag.py
[2022-07-30 16:59:42,173] {logging_mixin.py:115} INFO - [2022-07-30 16:59:42,173] {dag.py:2379} INFO - Sync 1 DAGs
[2022-07-30 16:59:42,259] {logging_mixin.py:115} INFO - [2022-07-30 16:59:42,259] {dag.py:2931} INFO - Setting next_dagrun for first_basic_dag_1 to 2022-07-27T06:25:00+00:00, run_after=2022-07-27T06:30:00+00:00
[2022-07-30 16:59:42,300] {processor.py:161} INFO - Processing /opt/airflow/dags/basic_dags/first_basic_dag.py took 0.224 seconds
[2022-07-30 17:00:13,197] {processor.py:153} INFO - Started process (PID=2491) to work on /opt/airflow/dags/basic_dags/first_basic_dag.py
[2022-07-30 17:00:13,198] {processor.py:641} INFO - Processing file /opt/airflow/dags/basic_dags/first_basic_dag.py for tasks to queue
[2022-07-30 17:00:13,199] {logging_mixin.py:115} INFO - [2022-07-30 17:00:13,198] {dagbag.py:507} INFO - Filling up the DagBag from /opt/airflow/dags/basic_dags/first_basic_dag.py
[2022-07-30 17:00:13,215] {processor.py:651} INFO - DAG(s) dict_keys(['first_basic_dag_1']) retrieved from /opt/airflow/dags/basic_dags/first_basic_dag.py
[2022-07-30 17:00:13,250] {logging_mixin.py:115} INFO - [2022-07-30 17:00:13,250] {dag.py:2379} INFO - Sync 1 DAGs
[2022-07-30 17:00:13,284] {logging_mixin.py:115} INFO - [2022-07-30 17:00:13,284] {dag.py:2931} INFO - Setting next_dagrun for first_basic_dag_1 to 2022-07-27T06:25:00+00:00, run_after=2022-07-27T06:30:00+00:00
[2022-07-30 17:00:13,302] {processor.py:161} INFO - Processing /opt/airflow/dags/basic_dags/first_basic_dag.py took 0.109 seconds
[2022-07-30 17:00:44,134] {processor.py:153} INFO - Started process (PID=2565) to work on /opt/airflow/dags/basic_dags/first_basic_dag.py
[2022-07-30 17:00:44,135] {processor.py:641} INFO - Processing file /opt/airflow/dags/basic_dags/first_basic_dag.py for tasks to queue
[2022-07-30 17:00:44,135] {logging_mixin.py:115} INFO - [2022-07-30 17:00:44,135] {dagbag.py:507} INFO - Filling up the DagBag from /opt/airflow/dags/basic_dags/first_basic_dag.py
[2022-07-30 17:00:44,145] {processor.py:651} INFO - DAG(s) dict_keys(['first_basic_dag_1']) retrieved from /opt/airflow/dags/basic_dags/first_basic_dag.py
[2022-07-30 17:00:44,178] {logging_mixin.py:115} INFO - [2022-07-30 17:00:44,178] {dag.py:2379} INFO - Sync 1 DAGs
[2022-07-30 17:00:44,211] {logging_mixin.py:115} INFO - [2022-07-30 17:00:44,211] {dag.py:2931} INFO - Setting next_dagrun for first_basic_dag_1 to 2022-07-27T06:25:00+00:00, run_after=2022-07-27T06:30:00+00:00
[2022-07-30 17:00:44,225] {processor.py:161} INFO - Processing /opt/airflow/dags/basic_dags/first_basic_dag.py took 0.094 seconds
[2022-07-30 17:01:14,691] {processor.py:153} INFO - Started process (PID=2650) to work on /opt/airflow/dags/basic_dags/first_basic_dag.py
[2022-07-30 17:01:14,696] {processor.py:641} INFO - Processing file /opt/airflow/dags/basic_dags/first_basic_dag.py for tasks to queue
[2022-07-30 17:01:14,696] {logging_mixin.py:115} INFO - [2022-07-30 17:01:14,696] {dagbag.py:507} INFO - Filling up the DagBag from /opt/airflow/dags/basic_dags/first_basic_dag.py
[2022-07-30 17:01:14,714] {processor.py:651} INFO - DAG(s) dict_keys(['first_basic_dag_1']) retrieved from /opt/airflow/dags/basic_dags/first_basic_dag.py
[2022-07-30 17:01:14,757] {logging_mixin.py:115} INFO - [2022-07-30 17:01:14,757] {dag.py:2379} INFO - Sync 1 DAGs
[2022-07-30 17:01:14,792] {logging_mixin.py:115} INFO - [2022-07-30 17:01:14,792] {dag.py:2931} INFO - Setting next_dagrun for first_basic_dag_1 to 2022-07-27T06:25:00+00:00, run_after=2022-07-27T06:30:00+00:00
[2022-07-30 17:01:14,814] {processor.py:161} INFO - Processing /opt/airflow/dags/basic_dags/first_basic_dag.py took 0.127 seconds
[2022-07-30 17:01:44,949] {processor.py:153} INFO - Started process (PID=2726) to work on /opt/airflow/dags/basic_dags/first_basic_dag.py
[2022-07-30 17:01:44,950] {processor.py:641} INFO - Processing file /opt/airflow/dags/basic_dags/first_basic_dag.py for tasks to queue
[2022-07-30 17:01:44,950] {logging_mixin.py:115} INFO - [2022-07-30 17:01:44,950] {dagbag.py:507} INFO - Filling up the DagBag from /opt/airflow/dags/basic_dags/first_basic_dag.py
[2022-07-30 17:01:44,961] {processor.py:651} INFO - DAG(s) dict_keys(['first_basic_dag_1']) retrieved from /opt/airflow/dags/basic_dags/first_basic_dag.py
[2022-07-30 17:01:44,996] {logging_mixin.py:115} INFO - [2022-07-30 17:01:44,995] {dag.py:2379} INFO - Sync 1 DAGs
[2022-07-30 17:01:45,029] {logging_mixin.py:115} INFO - [2022-07-30 17:01:45,029] {dag.py:2931} INFO - Setting next_dagrun for first_basic_dag_1 to 2022-07-27T06:25:00+00:00, run_after=2022-07-27T06:30:00+00:00
[2022-07-30 17:01:45,047] {processor.py:161} INFO - Processing /opt/airflow/dags/basic_dags/first_basic_dag.py took 0.101 seconds
[2022-07-30 17:02:15,636] {processor.py:153} INFO - Started process (PID=2800) to work on /opt/airflow/dags/basic_dags/first_basic_dag.py
[2022-07-30 17:02:15,640] {processor.py:641} INFO - Processing file /opt/airflow/dags/basic_dags/first_basic_dag.py for tasks to queue
[2022-07-30 17:02:15,640] {logging_mixin.py:115} INFO - [2022-07-30 17:02:15,640] {dagbag.py:507} INFO - Filling up the DagBag from /opt/airflow/dags/basic_dags/first_basic_dag.py
[2022-07-30 17:02:15,658] {processor.py:651} INFO - DAG(s) dict_keys(['first_basic_dag_1']) retrieved from /opt/airflow/dags/basic_dags/first_basic_dag.py
[2022-07-30 17:02:15,722] {logging_mixin.py:115} INFO - [2022-07-30 17:02:15,722] {dag.py:2379} INFO - Sync 1 DAGs
[2022-07-30 17:02:15,790] {logging_mixin.py:115} INFO - [2022-07-30 17:02:15,789] {dag.py:2931} INFO - Setting next_dagrun for first_basic_dag_1 to 2022-07-27T06:25:00+00:00, run_after=2022-07-27T06:30:00+00:00
[2022-07-30 17:02:15,818] {processor.py:161} INFO - Processing /opt/airflow/dags/basic_dags/first_basic_dag.py took 0.188 seconds
[2022-07-30 17:02:46,768] {processor.py:153} INFO - Started process (PID=2888) to work on /opt/airflow/dags/basic_dags/first_basic_dag.py
[2022-07-30 17:02:46,768] {processor.py:641} INFO - Processing file /opt/airflow/dags/basic_dags/first_basic_dag.py for tasks to queue
[2022-07-30 17:02:46,769] {logging_mixin.py:115} INFO - [2022-07-30 17:02:46,769] {dagbag.py:507} INFO - Filling up the DagBag from /opt/airflow/dags/basic_dags/first_basic_dag.py
[2022-07-30 17:02:46,779] {processor.py:651} INFO - DAG(s) dict_keys(['first_basic_dag_1']) retrieved from /opt/airflow/dags/basic_dags/first_basic_dag.py
[2022-07-30 17:02:46,812] {logging_mixin.py:115} INFO - [2022-07-30 17:02:46,811] {dag.py:2379} INFO - Sync 1 DAGs
[2022-07-30 17:02:46,844] {logging_mixin.py:115} INFO - [2022-07-30 17:02:46,844] {dag.py:2931} INFO - Setting next_dagrun for first_basic_dag_1 to 2022-07-27T06:25:00+00:00, run_after=2022-07-27T06:30:00+00:00
[2022-07-30 17:02:46,859] {processor.py:161} INFO - Processing /opt/airflow/dags/basic_dags/first_basic_dag.py took 0.095 seconds
[2022-07-30 17:03:17,651] {processor.py:153} INFO - Started process (PID=2961) to work on /opt/airflow/dags/basic_dags/first_basic_dag.py
[2022-07-30 17:03:17,656] {processor.py:641} INFO - Processing file /opt/airflow/dags/basic_dags/first_basic_dag.py for tasks to queue
[2022-07-30 17:03:17,657] {logging_mixin.py:115} INFO - [2022-07-30 17:03:17,657] {dagbag.py:507} INFO - Filling up the DagBag from /opt/airflow/dags/basic_dags/first_basic_dag.py
[2022-07-30 17:03:17,674] {processor.py:651} INFO - DAG(s) dict_keys(['first_basic_dag_1']) retrieved from /opt/airflow/dags/basic_dags/first_basic_dag.py
[2022-07-30 17:03:17,728] {logging_mixin.py:115} INFO - [2022-07-30 17:03:17,728] {dag.py:2379} INFO - Sync 1 DAGs
[2022-07-30 17:03:17,791] {logging_mixin.py:115} INFO - [2022-07-30 17:03:17,791] {dag.py:2931} INFO - Setting next_dagrun for first_basic_dag_1 to 2022-07-27T06:25:00+00:00, run_after=2022-07-27T06:30:00+00:00
[2022-07-30 17:03:17,817] {processor.py:161} INFO - Processing /opt/airflow/dags/basic_dags/first_basic_dag.py took 0.172 seconds
[2022-07-30 17:03:48,236] {processor.py:153} INFO - Started process (PID=3044) to work on /opt/airflow/dags/basic_dags/first_basic_dag.py
[2022-07-30 17:03:48,236] {processor.py:641} INFO - Processing file /opt/airflow/dags/basic_dags/first_basic_dag.py for tasks to queue
[2022-07-30 17:03:48,237] {logging_mixin.py:115} INFO - [2022-07-30 17:03:48,237] {dagbag.py:507} INFO - Filling up the DagBag from /opt/airflow/dags/basic_dags/first_basic_dag.py
[2022-07-30 17:03:48,254] {processor.py:651} INFO - DAG(s) dict_keys(['first_basic_dag_1']) retrieved from /opt/airflow/dags/basic_dags/first_basic_dag.py
[2022-07-30 17:03:48,332] {logging_mixin.py:115} INFO - [2022-07-30 17:03:48,332] {dag.py:2379} INFO - Sync 1 DAGs
[2022-07-30 17:03:48,407] {logging_mixin.py:115} INFO - [2022-07-30 17:03:48,407] {dag.py:2931} INFO - Setting next_dagrun for first_basic_dag_1 to 2022-07-27T06:25:00+00:00, run_after=2022-07-27T06:30:00+00:00
[2022-07-30 17:03:48,453] {processor.py:161} INFO - Processing /opt/airflow/dags/basic_dags/first_basic_dag.py took 0.229 seconds
[2022-07-30 17:04:19,099] {processor.py:153} INFO - Started process (PID=3118) to work on /opt/airflow/dags/basic_dags/first_basic_dag.py
[2022-07-30 17:04:19,108] {processor.py:641} INFO - Processing file /opt/airflow/dags/basic_dags/first_basic_dag.py for tasks to queue
[2022-07-30 17:04:19,108] {logging_mixin.py:115} INFO - [2022-07-30 17:04:19,108] {dagbag.py:507} INFO - Filling up the DagBag from /opt/airflow/dags/basic_dags/first_basic_dag.py
[2022-07-30 17:04:19,125] {processor.py:651} INFO - DAG(s) dict_keys(['first_basic_dag_1']) retrieved from /opt/airflow/dags/basic_dags/first_basic_dag.py
[2022-07-30 17:04:19,188] {logging_mixin.py:115} INFO - [2022-07-30 17:04:19,188] {dag.py:2379} INFO - Sync 1 DAGs
[2022-07-30 17:04:19,250] {logging_mixin.py:115} INFO - [2022-07-30 17:04:19,250] {dag.py:2931} INFO - Setting next_dagrun for first_basic_dag_1 to 2022-07-27T06:25:00+00:00, run_after=2022-07-27T06:30:00+00:00
[2022-07-30 17:04:19,290] {processor.py:161} INFO - Processing /opt/airflow/dags/basic_dags/first_basic_dag.py took 0.194 seconds
[2022-07-30 17:04:49,611] {processor.py:153} INFO - Started process (PID=3201) to work on /opt/airflow/dags/basic_dags/first_basic_dag.py
[2022-07-30 17:04:49,612] {processor.py:641} INFO - Processing file /opt/airflow/dags/basic_dags/first_basic_dag.py for tasks to queue
[2022-07-30 17:04:49,612] {logging_mixin.py:115} INFO - [2022-07-30 17:04:49,612] {dagbag.py:507} INFO - Filling up the DagBag from /opt/airflow/dags/basic_dags/first_basic_dag.py
[2022-07-30 17:04:49,636] {processor.py:651} INFO - DAG(s) dict_keys(['first_basic_dag_1']) retrieved from /opt/airflow/dags/basic_dags/first_basic_dag.py
[2022-07-30 17:04:49,692] {logging_mixin.py:115} INFO - [2022-07-30 17:04:49,692] {dag.py:2379} INFO - Sync 1 DAGs
[2022-07-30 17:04:49,752] {logging_mixin.py:115} INFO - [2022-07-30 17:04:49,752] {dag.py:2931} INFO - Setting next_dagrun for first_basic_dag_1 to 2022-07-27T06:25:00+00:00, run_after=2022-07-27T06:30:00+00:00
[2022-07-30 17:04:49,785] {processor.py:161} INFO - Processing /opt/airflow/dags/basic_dags/first_basic_dag.py took 0.181 seconds
[2022-07-30 17:05:20,228] {processor.py:153} INFO - Started process (PID=3276) to work on /opt/airflow/dags/basic_dags/first_basic_dag.py
[2022-07-30 17:05:20,228] {processor.py:641} INFO - Processing file /opt/airflow/dags/basic_dags/first_basic_dag.py for tasks to queue
[2022-07-30 17:05:20,229] {logging_mixin.py:115} INFO - [2022-07-30 17:05:20,229] {dagbag.py:507} INFO - Filling up the DagBag from /opt/airflow/dags/basic_dags/first_basic_dag.py
[2022-07-30 17:05:20,238] {processor.py:651} INFO - DAG(s) dict_keys(['first_basic_dag_1']) retrieved from /opt/airflow/dags/basic_dags/first_basic_dag.py
[2022-07-30 17:05:20,308] {logging_mixin.py:115} INFO - [2022-07-30 17:05:20,308] {dag.py:2379} INFO - Sync 1 DAGs
[2022-07-30 17:05:20,366] {logging_mixin.py:115} INFO - [2022-07-30 17:05:20,366] {dag.py:2931} INFO - Setting next_dagrun for first_basic_dag_1 to 2022-07-27T06:25:00+00:00, run_after=2022-07-27T06:30:00+00:00
[2022-07-30 17:05:20,392] {processor.py:161} INFO - Processing /opt/airflow/dags/basic_dags/first_basic_dag.py took 0.181 seconds
[2022-07-30 17:05:50,723] {processor.py:153} INFO - Started process (PID=3366) to work on /opt/airflow/dags/basic_dags/first_basic_dag.py
[2022-07-30 17:05:50,723] {processor.py:641} INFO - Processing file /opt/airflow/dags/basic_dags/first_basic_dag.py for tasks to queue
[2022-07-30 17:05:50,724] {logging_mixin.py:115} INFO - [2022-07-30 17:05:50,724] {dagbag.py:507} INFO - Filling up the DagBag from /opt/airflow/dags/basic_dags/first_basic_dag.py
[2022-07-30 17:05:50,747] {processor.py:651} INFO - DAG(s) dict_keys(['first_basic_dag_1']) retrieved from /opt/airflow/dags/basic_dags/first_basic_dag.py
[2022-07-30 17:05:50,862] {logging_mixin.py:115} INFO - [2022-07-30 17:05:50,862] {dag.py:2379} INFO - Sync 1 DAGs
[2022-07-30 17:05:51,007] {logging_mixin.py:115} INFO - [2022-07-30 17:05:51,007] {dag.py:2931} INFO - Setting next_dagrun for first_basic_dag_1 to 2022-07-27T06:25:00+00:00, run_after=2022-07-27T06:30:00+00:00
[2022-07-30 17:05:51,075] {processor.py:161} INFO - Processing /opt/airflow/dags/basic_dags/first_basic_dag.py took 0.366 seconds
[2022-07-30 17:06:21,799] {processor.py:153} INFO - Started process (PID=3441) to work on /opt/airflow/dags/basic_dags/first_basic_dag.py
[2022-07-30 17:06:21,801] {processor.py:641} INFO - Processing file /opt/airflow/dags/basic_dags/first_basic_dag.py for tasks to queue
[2022-07-30 17:06:21,808] {logging_mixin.py:115} INFO - [2022-07-30 17:06:21,808] {dagbag.py:507} INFO - Filling up the DagBag from /opt/airflow/dags/basic_dags/first_basic_dag.py
[2022-07-30 17:06:21,828] {processor.py:651} INFO - DAG(s) dict_keys(['first_basic_dag_1']) retrieved from /opt/airflow/dags/basic_dags/first_basic_dag.py
[2022-07-30 17:06:21,864] {logging_mixin.py:115} INFO - [2022-07-30 17:06:21,864] {dag.py:2379} INFO - Sync 1 DAGs
[2022-07-30 17:06:21,901] {logging_mixin.py:115} INFO - [2022-07-30 17:06:21,901] {dag.py:2931} INFO - Setting next_dagrun for first_basic_dag_1 to 2022-07-27T06:25:00+00:00, run_after=2022-07-27T06:30:00+00:00
[2022-07-30 17:06:21,934] {processor.py:161} INFO - Processing /opt/airflow/dags/basic_dags/first_basic_dag.py took 0.138 seconds
[2022-07-30 17:06:52,321] {processor.py:153} INFO - Started process (PID=3523) to work on /opt/airflow/dags/basic_dags/first_basic_dag.py
[2022-07-30 17:06:52,321] {processor.py:641} INFO - Processing file /opt/airflow/dags/basic_dags/first_basic_dag.py for tasks to queue
[2022-07-30 17:06:52,324] {logging_mixin.py:115} INFO - [2022-07-30 17:06:52,323] {dagbag.py:507} INFO - Filling up the DagBag from /opt/airflow/dags/basic_dags/first_basic_dag.py
[2022-07-30 17:06:52,334] {processor.py:651} INFO - DAG(s) dict_keys(['first_basic_dag_1']) retrieved from /opt/airflow/dags/basic_dags/first_basic_dag.py
[2022-07-30 17:06:52,366] {logging_mixin.py:115} INFO - [2022-07-30 17:06:52,366] {dag.py:2379} INFO - Sync 1 DAGs
[2022-07-30 17:06:52,407] {logging_mixin.py:115} INFO - [2022-07-30 17:06:52,407] {dag.py:2931} INFO - Setting next_dagrun for first_basic_dag_1 to 2022-07-27T06:25:00+00:00, run_after=2022-07-27T06:30:00+00:00
[2022-07-30 17:06:52,437] {processor.py:161} INFO - Processing /opt/airflow/dags/basic_dags/first_basic_dag.py took 0.129 seconds
[2022-07-30 17:07:22,671] {processor.py:153} INFO - Started process (PID=3597) to work on /opt/airflow/dags/basic_dags/first_basic_dag.py
[2022-07-30 17:07:22,672] {processor.py:641} INFO - Processing file /opt/airflow/dags/basic_dags/first_basic_dag.py for tasks to queue
[2022-07-30 17:07:22,673] {logging_mixin.py:115} INFO - [2022-07-30 17:07:22,672] {dagbag.py:507} INFO - Filling up the DagBag from /opt/airflow/dags/basic_dags/first_basic_dag.py
[2022-07-30 17:07:22,687] {processor.py:651} INFO - DAG(s) dict_keys(['first_basic_dag_1']) retrieved from /opt/airflow/dags/basic_dags/first_basic_dag.py
[2022-07-30 17:07:22,730] {logging_mixin.py:115} INFO - [2022-07-30 17:07:22,730] {dag.py:2379} INFO - Sync 1 DAGs
[2022-07-30 17:07:22,771] {logging_mixin.py:115} INFO - [2022-07-30 17:07:22,771] {dag.py:2931} INFO - Setting next_dagrun for first_basic_dag_1 to 2022-07-27T06:25:00+00:00, run_after=2022-07-27T06:30:00+00:00
[2022-07-30 17:07:22,801] {processor.py:161} INFO - Processing /opt/airflow/dags/basic_dags/first_basic_dag.py took 0.135 seconds
[2022-07-30 17:07:53,124] {processor.py:153} INFO - Started process (PID=3669) to work on /opt/airflow/dags/basic_dags/first_basic_dag.py
[2022-07-30 17:07:53,124] {processor.py:641} INFO - Processing file /opt/airflow/dags/basic_dags/first_basic_dag.py for tasks to queue
[2022-07-30 17:07:53,125] {logging_mixin.py:115} INFO - [2022-07-30 17:07:53,125] {dagbag.py:507} INFO - Filling up the DagBag from /opt/airflow/dags/basic_dags/first_basic_dag.py
[2022-07-30 17:07:53,155] {processor.py:651} INFO - DAG(s) dict_keys(['first_basic_dag_1']) retrieved from /opt/airflow/dags/basic_dags/first_basic_dag.py
[2022-07-30 17:07:53,245] {logging_mixin.py:115} INFO - [2022-07-30 17:07:53,245] {dag.py:2379} INFO - Sync 1 DAGs
[2022-07-30 17:07:53,337] {logging_mixin.py:115} INFO - [2022-07-30 17:07:53,337] {dag.py:2931} INFO - Setting next_dagrun for first_basic_dag_1 to 2022-07-27T06:25:00+00:00, run_after=2022-07-27T06:30:00+00:00
[2022-07-30 17:07:53,379] {processor.py:161} INFO - Processing /opt/airflow/dags/basic_dags/first_basic_dag.py took 0.259 seconds
[2022-07-30 17:08:24,105] {processor.py:153} INFO - Started process (PID=3756) to work on /opt/airflow/dags/basic_dags/first_basic_dag.py
[2022-07-30 17:08:24,106] {processor.py:641} INFO - Processing file /opt/airflow/dags/basic_dags/first_basic_dag.py for tasks to queue
[2022-07-30 17:08:24,106] {logging_mixin.py:115} INFO - [2022-07-30 17:08:24,106] {dagbag.py:507} INFO - Filling up the DagBag from /opt/airflow/dags/basic_dags/first_basic_dag.py
[2022-07-30 17:08:24,115] {processor.py:651} INFO - DAG(s) dict_keys(['first_basic_dag_1']) retrieved from /opt/airflow/dags/basic_dags/first_basic_dag.py
[2022-07-30 17:08:24,144] {logging_mixin.py:115} INFO - [2022-07-30 17:08:24,144] {dag.py:2379} INFO - Sync 1 DAGs
[2022-07-30 17:08:24,176] {logging_mixin.py:115} INFO - [2022-07-30 17:08:24,176] {dag.py:2931} INFO - Setting next_dagrun for first_basic_dag_1 to 2022-07-27T06:25:00+00:00, run_after=2022-07-27T06:30:00+00:00
[2022-07-30 17:08:24,191] {processor.py:161} INFO - Processing /opt/airflow/dags/basic_dags/first_basic_dag.py took 0.091 seconds
[2022-07-30 17:08:54,404] {processor.py:153} INFO - Started process (PID=3832) to work on /opt/airflow/dags/basic_dags/first_basic_dag.py
[2022-07-30 17:08:54,405] {processor.py:641} INFO - Processing file /opt/airflow/dags/basic_dags/first_basic_dag.py for tasks to queue
[2022-07-30 17:08:54,405] {logging_mixin.py:115} INFO - [2022-07-30 17:08:54,405] {dagbag.py:507} INFO - Filling up the DagBag from /opt/airflow/dags/basic_dags/first_basic_dag.py
[2022-07-30 17:08:54,435] {processor.py:651} INFO - DAG(s) dict_keys(['first_basic_dag_1']) retrieved from /opt/airflow/dags/basic_dags/first_basic_dag.py
[2022-07-30 17:08:54,542] {logging_mixin.py:115} INFO - [2022-07-30 17:08:54,542] {dag.py:2379} INFO - Sync 1 DAGs
[2022-07-30 17:08:54,610] {logging_mixin.py:115} INFO - [2022-07-30 17:08:54,610] {dag.py:2931} INFO - Setting next_dagrun for first_basic_dag_1 to 2022-07-27T06:25:00+00:00, run_after=2022-07-27T06:30:00+00:00
[2022-07-30 17:08:54,636] {processor.py:161} INFO - Processing /opt/airflow/dags/basic_dags/first_basic_dag.py took 0.236 seconds
[2022-07-30 17:09:25,358] {processor.py:153} INFO - Started process (PID=3913) to work on /opt/airflow/dags/basic_dags/first_basic_dag.py
[2022-07-30 17:09:25,359] {processor.py:641} INFO - Processing file /opt/airflow/dags/basic_dags/first_basic_dag.py for tasks to queue
[2022-07-30 17:09:25,360] {logging_mixin.py:115} INFO - [2022-07-30 17:09:25,360] {dagbag.py:507} INFO - Filling up the DagBag from /opt/airflow/dags/basic_dags/first_basic_dag.py
[2022-07-30 17:09:25,369] {processor.py:651} INFO - DAG(s) dict_keys(['first_basic_dag_1']) retrieved from /opt/airflow/dags/basic_dags/first_basic_dag.py
[2022-07-30 17:09:25,400] {logging_mixin.py:115} INFO - [2022-07-30 17:09:25,400] {dag.py:2379} INFO - Sync 1 DAGs
[2022-07-30 17:09:25,434] {logging_mixin.py:115} INFO - [2022-07-30 17:09:25,434] {dag.py:2931} INFO - Setting next_dagrun for first_basic_dag_1 to 2022-07-27T06:25:00+00:00, run_after=2022-07-27T06:30:00+00:00
[2022-07-30 17:09:25,615] {processor.py:161} INFO - Processing /opt/airflow/dags/basic_dags/first_basic_dag.py took 0.260 seconds
[2022-07-30 17:09:57,690] {processor.py:153} INFO - Started process (PID=3997) to work on /opt/airflow/dags/basic_dags/first_basic_dag.py
[2022-07-30 17:09:57,690] {processor.py:641} INFO - Processing file /opt/airflow/dags/basic_dags/first_basic_dag.py for tasks to queue
[2022-07-30 17:09:57,691] {logging_mixin.py:115} INFO - [2022-07-30 17:09:57,691] {dagbag.py:507} INFO - Filling up the DagBag from /opt/airflow/dags/basic_dags/first_basic_dag.py
[2022-07-30 17:09:57,708] {processor.py:651} INFO - DAG(s) dict_keys(['first_basic_dag_1']) retrieved from /opt/airflow/dags/basic_dags/first_basic_dag.py
[2022-07-30 17:09:57,765] {logging_mixin.py:115} INFO - [2022-07-30 17:09:57,765] {dag.py:2379} INFO - Sync 1 DAGs
[2022-07-30 17:09:57,826] {logging_mixin.py:115} INFO - [2022-07-30 17:09:57,826] {dag.py:2931} INFO - Setting next_dagrun for first_basic_dag_1 to 2022-07-27T06:25:00+00:00, run_after=2022-07-27T06:30:00+00:00
[2022-07-30 17:09:58,080] {processor.py:161} INFO - Processing /opt/airflow/dags/basic_dags/first_basic_dag.py took 0.402 seconds
[2022-07-30 17:10:28,234] {processor.py:153} INFO - Started process (PID=4071) to work on /opt/airflow/dags/basic_dags/first_basic_dag.py
[2022-07-30 17:10:28,238] {processor.py:641} INFO - Processing file /opt/airflow/dags/basic_dags/first_basic_dag.py for tasks to queue
[2022-07-30 17:10:28,239] {logging_mixin.py:115} INFO - [2022-07-30 17:10:28,239] {dagbag.py:507} INFO - Filling up the DagBag from /opt/airflow/dags/basic_dags/first_basic_dag.py
[2022-07-30 17:10:28,254] {processor.py:651} INFO - DAG(s) dict_keys(['first_basic_dag_1']) retrieved from /opt/airflow/dags/basic_dags/first_basic_dag.py
[2022-07-30 17:10:28,306] {logging_mixin.py:115} INFO - [2022-07-30 17:10:28,306] {dag.py:2379} INFO - Sync 1 DAGs
[2022-07-30 17:10:28,338] {logging_mixin.py:115} INFO - [2022-07-30 17:10:28,338] {dag.py:2931} INFO - Setting next_dagrun for first_basic_dag_1 to 2022-07-27T06:25:00+00:00, run_after=2022-07-27T06:30:00+00:00
[2022-07-30 17:10:28,499] {processor.py:161} INFO - Processing /opt/airflow/dags/basic_dags/first_basic_dag.py took 0.272 seconds
[2022-07-30 17:11:01,807] {processor.py:153} INFO - Started process (PID=4161) to work on /opt/airflow/dags/basic_dags/first_basic_dag.py
[2022-07-30 17:11:01,816] {processor.py:641} INFO - Processing file /opt/airflow/dags/basic_dags/first_basic_dag.py for tasks to queue
[2022-07-30 17:11:01,817] {logging_mixin.py:115} INFO - [2022-07-30 17:11:01,817] {dagbag.py:507} INFO - Filling up the DagBag from /opt/airflow/dags/basic_dags/first_basic_dag.py
[2022-07-30 17:11:01,826] {processor.py:651} INFO - DAG(s) dict_keys(['first_basic_dag_1']) retrieved from /opt/airflow/dags/basic_dags/first_basic_dag.py
[2022-07-30 17:11:01,884] {logging_mixin.py:115} INFO - [2022-07-30 17:11:01,884] {dag.py:2379} INFO - Sync 1 DAGs
[2022-07-30 17:11:01,919] {logging_mixin.py:115} INFO - [2022-07-30 17:11:01,919] {dag.py:2931} INFO - Setting next_dagrun for first_basic_dag_1 to 2022-07-27T06:25:00+00:00, run_after=2022-07-27T06:30:00+00:00
[2022-07-30 17:11:02,172] {processor.py:161} INFO - Processing /opt/airflow/dags/basic_dags/first_basic_dag.py took 0.368 seconds
[2022-07-30 17:11:32,680] {processor.py:153} INFO - Started process (PID=4234) to work on /opt/airflow/dags/basic_dags/first_basic_dag.py
[2022-07-30 17:11:32,680] {processor.py:641} INFO - Processing file /opt/airflow/dags/basic_dags/first_basic_dag.py for tasks to queue
[2022-07-30 17:11:32,681] {logging_mixin.py:115} INFO - [2022-07-30 17:11:32,681] {dagbag.py:507} INFO - Filling up the DagBag from /opt/airflow/dags/basic_dags/first_basic_dag.py
[2022-07-30 17:11:32,690] {processor.py:651} INFO - DAG(s) dict_keys(['first_basic_dag_1']) retrieved from /opt/airflow/dags/basic_dags/first_basic_dag.py
[2022-07-30 17:11:32,727] {logging_mixin.py:115} INFO - [2022-07-30 17:11:32,727] {dag.py:2379} INFO - Sync 1 DAGs
[2022-07-30 17:11:32,765] {logging_mixin.py:115} INFO - [2022-07-30 17:11:32,765] {dag.py:2931} INFO - Setting next_dagrun for first_basic_dag_1 to 2022-07-27T06:25:00+00:00, run_after=2022-07-27T06:30:00+00:00
[2022-07-30 17:11:33,007] {processor.py:161} INFO - Processing /opt/airflow/dags/basic_dags/first_basic_dag.py took 0.332 seconds
[2022-07-30 17:12:03,979] {processor.py:153} INFO - Started process (PID=4308) to work on /opt/airflow/dags/basic_dags/first_basic_dag.py
[2022-07-30 17:12:04,000] {processor.py:641} INFO - Processing file /opt/airflow/dags/basic_dags/first_basic_dag.py for tasks to queue
[2022-07-30 17:12:04,001] {logging_mixin.py:115} INFO - [2022-07-30 17:12:04,000] {dagbag.py:507} INFO - Filling up the DagBag from /opt/airflow/dags/basic_dags/first_basic_dag.py
[2022-07-30 17:12:04,053] {processor.py:651} INFO - DAG(s) dict_keys(['first_basic_dag_1']) retrieved from /opt/airflow/dags/basic_dags/first_basic_dag.py
[2022-07-30 17:12:04,239] {logging_mixin.py:115} INFO - [2022-07-30 17:12:04,239] {dag.py:2379} INFO - Sync 1 DAGs
[2022-07-30 17:12:04,391] {logging_mixin.py:115} INFO - [2022-07-30 17:12:04,391] {dag.py:2931} INFO - Setting next_dagrun for first_basic_dag_1 to 2022-07-27T06:25:00+00:00, run_after=2022-07-27T06:30:00+00:00
[2022-07-30 17:12:05,096] {processor.py:161} INFO - Processing /opt/airflow/dags/basic_dags/first_basic_dag.py took 1.133 seconds
[2022-07-30 17:12:35,484] {processor.py:153} INFO - Started process (PID=4380) to work on /opt/airflow/dags/basic_dags/first_basic_dag.py
[2022-07-30 17:12:35,485] {processor.py:641} INFO - Processing file /opt/airflow/dags/basic_dags/first_basic_dag.py for tasks to queue
[2022-07-30 17:12:35,485] {logging_mixin.py:115} INFO - [2022-07-30 17:12:35,485] {dagbag.py:507} INFO - Filling up the DagBag from /opt/airflow/dags/basic_dags/first_basic_dag.py
[2022-07-30 17:12:35,505] {processor.py:651} INFO - DAG(s) dict_keys(['first_basic_dag_1']) retrieved from /opt/airflow/dags/basic_dags/first_basic_dag.py
[2022-07-30 17:12:35,562] {logging_mixin.py:115} INFO - [2022-07-30 17:12:35,561] {dag.py:2379} INFO - Sync 1 DAGs
[2022-07-30 17:12:35,646] {logging_mixin.py:115} INFO - [2022-07-30 17:12:35,646] {dag.py:2931} INFO - Setting next_dagrun for first_basic_dag_1 to 2022-07-27T06:25:00+00:00, run_after=2022-07-27T06:30:00+00:00
[2022-07-30 17:12:35,879] {processor.py:161} INFO - Processing /opt/airflow/dags/basic_dags/first_basic_dag.py took 0.402 seconds
[2022-07-30 17:13:05,970] {processor.py:153} INFO - Started process (PID=4463) to work on /opt/airflow/dags/basic_dags/first_basic_dag.py
[2022-07-30 17:13:05,974] {processor.py:641} INFO - Processing file /opt/airflow/dags/basic_dags/first_basic_dag.py for tasks to queue
[2022-07-30 17:13:05,974] {logging_mixin.py:115} INFO - [2022-07-30 17:13:05,974] {dagbag.py:507} INFO - Filling up the DagBag from /opt/airflow/dags/basic_dags/first_basic_dag.py
[2022-07-30 17:13:05,983] {processor.py:651} INFO - DAG(s) dict_keys(['first_basic_dag_1']) retrieved from /opt/airflow/dags/basic_dags/first_basic_dag.py
[2022-07-30 17:13:06,044] {logging_mixin.py:115} INFO - [2022-07-30 17:13:06,044] {dag.py:2379} INFO - Sync 1 DAGs
[2022-07-30 17:13:06,080] {logging_mixin.py:115} INFO - [2022-07-30 17:13:06,080] {dag.py:2931} INFO - Setting next_dagrun for first_basic_dag_1 to 2022-07-27T06:25:00+00:00, run_after=2022-07-27T06:30:00+00:00
[2022-07-30 17:13:06,271] {processor.py:161} INFO - Processing /opt/airflow/dags/basic_dags/first_basic_dag.py took 0.309 seconds
[2022-07-30 17:13:36,377] {processor.py:153} INFO - Started process (PID=4535) to work on /opt/airflow/dags/basic_dags/first_basic_dag.py
[2022-07-30 17:13:36,377] {processor.py:641} INFO - Processing file /opt/airflow/dags/basic_dags/first_basic_dag.py for tasks to queue
[2022-07-30 17:13:36,378] {logging_mixin.py:115} INFO - [2022-07-30 17:13:36,378] {dagbag.py:507} INFO - Filling up the DagBag from /opt/airflow/dags/basic_dags/first_basic_dag.py
[2022-07-30 17:13:36,387] {processor.py:651} INFO - DAG(s) dict_keys(['first_basic_dag_1']) retrieved from /opt/airflow/dags/basic_dags/first_basic_dag.py
[2022-07-30 17:13:36,419] {logging_mixin.py:115} INFO - [2022-07-30 17:13:36,418] {dag.py:2379} INFO - Sync 1 DAGs
[2022-07-30 17:13:36,455] {logging_mixin.py:115} INFO - [2022-07-30 17:13:36,455] {dag.py:2931} INFO - Setting next_dagrun for first_basic_dag_1 to 2022-07-27T06:25:00+00:00, run_after=2022-07-27T06:30:00+00:00
[2022-07-30 17:13:36,716] {processor.py:161} INFO - Processing /opt/airflow/dags/basic_dags/first_basic_dag.py took 0.343 seconds
[2022-07-30 17:14:07,103] {processor.py:153} INFO - Started process (PID=4613) to work on /opt/airflow/dags/basic_dags/first_basic_dag.py
[2022-07-30 17:14:07,118] {processor.py:641} INFO - Processing file /opt/airflow/dags/basic_dags/first_basic_dag.py for tasks to queue
[2022-07-30 17:14:07,119] {logging_mixin.py:115} INFO - [2022-07-30 17:14:07,119] {dagbag.py:507} INFO - Filling up the DagBag from /opt/airflow/dags/basic_dags/first_basic_dag.py
[2022-07-30 17:14:07,166] {processor.py:651} INFO - DAG(s) dict_keys(['first_basic_dag_1']) retrieved from /opt/airflow/dags/basic_dags/first_basic_dag.py
[2022-07-30 17:14:07,363] {logging_mixin.py:115} INFO - [2022-07-30 17:14:07,363] {dag.py:2379} INFO - Sync 1 DAGs
[2022-07-30 17:14:07,554] {logging_mixin.py:115} INFO - [2022-07-30 17:14:07,554] {dag.py:2931} INFO - Setting next_dagrun for first_basic_dag_1 to 2022-07-27T06:25:00+00:00, run_after=2022-07-27T06:30:00+00:00
[2022-07-30 17:14:08,552] {processor.py:161} INFO - Processing /opt/airflow/dags/basic_dags/first_basic_dag.py took 1.465 seconds
[2022-07-30 17:14:38,897] {processor.py:153} INFO - Started process (PID=4688) to work on /opt/airflow/dags/basic_dags/first_basic_dag.py
[2022-07-30 17:14:38,898] {processor.py:641} INFO - Processing file /opt/airflow/dags/basic_dags/first_basic_dag.py for tasks to queue
[2022-07-30 17:14:38,898] {logging_mixin.py:115} INFO - [2022-07-30 17:14:38,898] {dagbag.py:507} INFO - Filling up the DagBag from /opt/airflow/dags/basic_dags/first_basic_dag.py
[2022-07-30 17:14:38,904] {processor.py:651} INFO - DAG(s) dict_keys(['first_basic_dag_1']) retrieved from /opt/airflow/dags/basic_dags/first_basic_dag.py
[2022-07-30 17:14:38,927] {logging_mixin.py:115} INFO - [2022-07-30 17:14:38,927] {dag.py:2379} INFO - Sync 1 DAGs
[2022-07-30 17:14:38,949] {logging_mixin.py:115} INFO - [2022-07-30 17:14:38,949] {dag.py:2931} INFO - Setting next_dagrun for first_basic_dag_1 to 2022-07-27T06:25:00+00:00, run_after=2022-07-27T06:30:00+00:00
[2022-07-30 17:14:38,959] {processor.py:161} INFO - Processing /opt/airflow/dags/basic_dags/first_basic_dag.py took 0.064 seconds
[2022-07-30 17:15:09,557] {processor.py:153} INFO - Started process (PID=4760) to work on /opt/airflow/dags/basic_dags/first_basic_dag.py
[2022-07-30 17:15:09,558] {processor.py:641} INFO - Processing file /opt/airflow/dags/basic_dags/first_basic_dag.py for tasks to queue
[2022-07-30 17:15:09,558] {logging_mixin.py:115} INFO - [2022-07-30 17:15:09,558] {dagbag.py:507} INFO - Filling up the DagBag from /opt/airflow/dags/basic_dags/first_basic_dag.py
[2022-07-30 17:15:09,567] {processor.py:651} INFO - DAG(s) dict_keys(['first_basic_dag_1']) retrieved from /opt/airflow/dags/basic_dags/first_basic_dag.py
[2022-07-30 17:15:09,594] {logging_mixin.py:115} INFO - [2022-07-30 17:15:09,594] {dag.py:2379} INFO - Sync 1 DAGs
[2022-07-30 17:15:09,625] {logging_mixin.py:115} INFO - [2022-07-30 17:15:09,625] {dag.py:2931} INFO - Setting next_dagrun for first_basic_dag_1 to 2022-07-27T06:25:00+00:00, run_after=2022-07-27T06:30:00+00:00
[2022-07-30 17:15:09,642] {processor.py:161} INFO - Processing /opt/airflow/dags/basic_dags/first_basic_dag.py took 0.089 seconds
[2022-07-30 17:15:40,138] {processor.py:153} INFO - Started process (PID=4837) to work on /opt/airflow/dags/basic_dags/first_basic_dag.py
[2022-07-30 17:15:40,138] {processor.py:641} INFO - Processing file /opt/airflow/dags/basic_dags/first_basic_dag.py for tasks to queue
[2022-07-30 17:15:40,139] {logging_mixin.py:115} INFO - [2022-07-30 17:15:40,138] {dagbag.py:507} INFO - Filling up the DagBag from /opt/airflow/dags/basic_dags/first_basic_dag.py
[2022-07-30 17:15:40,145] {processor.py:651} INFO - DAG(s) dict_keys(['first_basic_dag_1']) retrieved from /opt/airflow/dags/basic_dags/first_basic_dag.py
[2022-07-30 17:15:40,169] {logging_mixin.py:115} INFO - [2022-07-30 17:15:40,169] {dag.py:2379} INFO - Sync 1 DAGs
[2022-07-30 17:15:40,191] {logging_mixin.py:115} INFO - [2022-07-30 17:15:40,191] {dag.py:2931} INFO - Setting next_dagrun for first_basic_dag_1 to 2022-07-27T06:25:00+00:00, run_after=2022-07-27T06:30:00+00:00
[2022-07-30 17:15:40,201] {processor.py:161} INFO - Processing /opt/airflow/dags/basic_dags/first_basic_dag.py took 0.067 seconds
[2022-07-30 17:16:10,235] {processor.py:153} INFO - Started process (PID=4919) to work on /opt/airflow/dags/basic_dags/first_basic_dag.py
[2022-07-30 17:16:10,239] {processor.py:641} INFO - Processing file /opt/airflow/dags/basic_dags/first_basic_dag.py for tasks to queue
[2022-07-30 17:16:10,240] {logging_mixin.py:115} INFO - [2022-07-30 17:16:10,240] {dagbag.py:507} INFO - Filling up the DagBag from /opt/airflow/dags/basic_dags/first_basic_dag.py
[2022-07-30 17:16:10,258] {processor.py:651} INFO - DAG(s) dict_keys(['first_basic_dag_1']) retrieved from /opt/airflow/dags/basic_dags/first_basic_dag.py
[2022-07-30 17:16:10,321] {logging_mixin.py:115} INFO - [2022-07-30 17:16:10,321] {dag.py:2379} INFO - Sync 1 DAGs
[2022-07-30 17:16:10,391] {logging_mixin.py:115} INFO - [2022-07-30 17:16:10,391] {dag.py:2931} INFO - Setting next_dagrun for first_basic_dag_1 to 2022-07-27T06:25:00+00:00, run_after=2022-07-27T06:30:00+00:00
[2022-07-30 17:16:10,450] {processor.py:161} INFO - Processing /opt/airflow/dags/basic_dags/first_basic_dag.py took 0.219 seconds
[2022-07-30 17:16:41,444] {processor.py:153} INFO - Started process (PID=4992) to work on /opt/airflow/dags/basic_dags/first_basic_dag.py
[2022-07-30 17:16:41,444] {processor.py:641} INFO - Processing file /opt/airflow/dags/basic_dags/first_basic_dag.py for tasks to queue
[2022-07-30 17:16:41,445] {logging_mixin.py:115} INFO - [2022-07-30 17:16:41,445] {dagbag.py:507} INFO - Filling up the DagBag from /opt/airflow/dags/basic_dags/first_basic_dag.py
[2022-07-30 17:16:41,458] {processor.py:651} INFO - DAG(s) dict_keys(['first_basic_dag_1']) retrieved from /opt/airflow/dags/basic_dags/first_basic_dag.py
[2022-07-30 17:16:41,490] {logging_mixin.py:115} INFO - [2022-07-30 17:16:41,489] {dag.py:2379} INFO - Sync 1 DAGs
[2022-07-30 17:16:41,533] {logging_mixin.py:115} INFO - [2022-07-30 17:16:41,533] {dag.py:2931} INFO - Setting next_dagrun for first_basic_dag_1 to 2022-07-27T06:25:00+00:00, run_after=2022-07-27T06:30:00+00:00
[2022-07-30 17:16:41,548] {processor.py:161} INFO - Processing /opt/airflow/dags/basic_dags/first_basic_dag.py took 0.112 seconds
[2022-07-30 17:17:12,166] {processor.py:153} INFO - Started process (PID=5068) to work on /opt/airflow/dags/basic_dags/first_basic_dag.py
[2022-07-30 17:17:12,167] {processor.py:641} INFO - Processing file /opt/airflow/dags/basic_dags/first_basic_dag.py for tasks to queue
[2022-07-30 17:17:12,167] {logging_mixin.py:115} INFO - [2022-07-30 17:17:12,167] {dagbag.py:507} INFO - Filling up the DagBag from /opt/airflow/dags/basic_dags/first_basic_dag.py
[2022-07-30 17:17:12,177] {processor.py:651} INFO - DAG(s) dict_keys(['first_basic_dag_1']) retrieved from /opt/airflow/dags/basic_dags/first_basic_dag.py
[2022-07-30 17:17:12,210] {logging_mixin.py:115} INFO - [2022-07-30 17:17:12,210] {dag.py:2379} INFO - Sync 1 DAGs
[2022-07-30 17:17:12,246] {logging_mixin.py:115} INFO - [2022-07-30 17:17:12,246] {dag.py:2931} INFO - Setting next_dagrun for first_basic_dag_1 to 2022-07-27T06:25:00+00:00, run_after=2022-07-27T06:30:00+00:00
[2022-07-30 17:17:12,261] {processor.py:161} INFO - Processing /opt/airflow/dags/basic_dags/first_basic_dag.py took 0.099 seconds
[2022-07-30 17:17:42,468] {processor.py:153} INFO - Started process (PID=5152) to work on /opt/airflow/dags/basic_dags/first_basic_dag.py
[2022-07-30 17:17:42,468] {processor.py:641} INFO - Processing file /opt/airflow/dags/basic_dags/first_basic_dag.py for tasks to queue
[2022-07-30 17:17:42,469] {logging_mixin.py:115} INFO - [2022-07-30 17:17:42,469] {dagbag.py:507} INFO - Filling up the DagBag from /opt/airflow/dags/basic_dags/first_basic_dag.py
[2022-07-30 17:17:42,491] {processor.py:651} INFO - DAG(s) dict_keys(['first_basic_dag_1']) retrieved from /opt/airflow/dags/basic_dags/first_basic_dag.py
[2022-07-30 17:17:42,578] {logging_mixin.py:115} INFO - [2022-07-30 17:17:42,578] {dag.py:2379} INFO - Sync 1 DAGs
[2022-07-30 17:17:42,661] {logging_mixin.py:115} INFO - [2022-07-30 17:17:42,661] {dag.py:2931} INFO - Setting next_dagrun for first_basic_dag_1 to 2022-07-27T06:25:00+00:00, run_after=2022-07-27T06:30:00+00:00
[2022-07-30 17:17:42,708] {processor.py:161} INFO - Processing /opt/airflow/dags/basic_dags/first_basic_dag.py took 0.256 seconds
[2022-07-30 17:18:13,376] {processor.py:153} INFO - Started process (PID=5233) to work on /opt/airflow/dags/basic_dags/first_basic_dag.py
[2022-07-30 17:18:13,377] {processor.py:641} INFO - Processing file /opt/airflow/dags/basic_dags/first_basic_dag.py for tasks to queue
[2022-07-30 17:18:13,377] {logging_mixin.py:115} INFO - [2022-07-30 17:18:13,377] {dagbag.py:507} INFO - Filling up the DagBag from /opt/airflow/dags/basic_dags/first_basic_dag.py
[2022-07-30 17:18:13,384] {processor.py:651} INFO - DAG(s) dict_keys(['first_basic_dag_1']) retrieved from /opt/airflow/dags/basic_dags/first_basic_dag.py
[2022-07-30 17:18:13,411] {logging_mixin.py:115} INFO - [2022-07-30 17:18:13,411] {dag.py:2379} INFO - Sync 1 DAGs
[2022-07-30 17:18:13,435] {logging_mixin.py:115} INFO - [2022-07-30 17:18:13,435] {dag.py:2931} INFO - Setting next_dagrun for first_basic_dag_1 to 2022-07-27T06:25:00+00:00, run_after=2022-07-27T06:30:00+00:00
[2022-07-30 17:18:13,446] {processor.py:161} INFO - Processing /opt/airflow/dags/basic_dags/first_basic_dag.py took 0.073 seconds
[2022-07-30 17:18:44,248] {processor.py:153} INFO - Started process (PID=5317) to work on /opt/airflow/dags/basic_dags/first_basic_dag.py
[2022-07-30 17:18:44,248] {processor.py:641} INFO - Processing file /opt/airflow/dags/basic_dags/first_basic_dag.py for tasks to queue
[2022-07-30 17:18:44,249] {logging_mixin.py:115} INFO - [2022-07-30 17:18:44,249] {dagbag.py:507} INFO - Filling up the DagBag from /opt/airflow/dags/basic_dags/first_basic_dag.py
[2022-07-30 17:18:44,258] {processor.py:651} INFO - DAG(s) dict_keys(['first_basic_dag_1']) retrieved from /opt/airflow/dags/basic_dags/first_basic_dag.py
[2022-07-30 17:18:44,289] {logging_mixin.py:115} INFO - [2022-07-30 17:18:44,289] {dag.py:2379} INFO - Sync 1 DAGs
[2022-07-30 17:18:44,336] {logging_mixin.py:115} INFO - [2022-07-30 17:18:44,336] {dag.py:2931} INFO - Setting next_dagrun for first_basic_dag_1 to 2022-07-27T06:25:00+00:00, run_after=2022-07-27T06:30:00+00:00
[2022-07-30 17:18:44,360] {processor.py:161} INFO - Processing /opt/airflow/dags/basic_dags/first_basic_dag.py took 0.116 seconds
[2022-07-30 17:19:14,681] {processor.py:153} INFO - Started process (PID=5391) to work on /opt/airflow/dags/basic_dags/first_basic_dag.py
[2022-07-30 17:19:14,681] {processor.py:641} INFO - Processing file /opt/airflow/dags/basic_dags/first_basic_dag.py for tasks to queue
[2022-07-30 17:19:14,682] {logging_mixin.py:115} INFO - [2022-07-30 17:19:14,682] {dagbag.py:507} INFO - Filling up the DagBag from /opt/airflow/dags/basic_dags/first_basic_dag.py
[2022-07-30 17:19:14,688] {processor.py:651} INFO - DAG(s) dict_keys(['first_basic_dag_1']) retrieved from /opt/airflow/dags/basic_dags/first_basic_dag.py
[2022-07-30 17:19:14,712] {logging_mixin.py:115} INFO - [2022-07-30 17:19:14,711] {dag.py:2379} INFO - Sync 1 DAGs
[2022-07-30 17:19:14,734] {logging_mixin.py:115} INFO - [2022-07-30 17:19:14,734] {dag.py:2931} INFO - Setting next_dagrun for first_basic_dag_1 to 2022-07-27T06:25:00+00:00, run_after=2022-07-27T06:30:00+00:00
[2022-07-30 17:19:14,744] {processor.py:161} INFO - Processing /opt/airflow/dags/basic_dags/first_basic_dag.py took 0.066 seconds
[2022-07-30 17:19:45,422] {processor.py:153} INFO - Started process (PID=5470) to work on /opt/airflow/dags/basic_dags/first_basic_dag.py
[2022-07-30 17:19:45,422] {processor.py:641} INFO - Processing file /opt/airflow/dags/basic_dags/first_basic_dag.py for tasks to queue
[2022-07-30 17:19:45,423] {logging_mixin.py:115} INFO - [2022-07-30 17:19:45,423] {dagbag.py:507} INFO - Filling up the DagBag from /opt/airflow/dags/basic_dags/first_basic_dag.py
[2022-07-30 17:19:45,448] {processor.py:651} INFO - DAG(s) dict_keys(['first_basic_dag_1']) retrieved from /opt/airflow/dags/basic_dags/first_basic_dag.py
[2022-07-30 17:19:45,505] {logging_mixin.py:115} INFO - [2022-07-30 17:19:45,505] {dag.py:2379} INFO - Sync 1 DAGs
[2022-07-30 17:19:45,569] {logging_mixin.py:115} INFO - [2022-07-30 17:19:45,568] {dag.py:2931} INFO - Setting next_dagrun for first_basic_dag_1 to 2022-07-27T06:25:00+00:00, run_after=2022-07-27T06:30:00+00:00
[2022-07-30 17:19:45,583] {processor.py:161} INFO - Processing /opt/airflow/dags/basic_dags/first_basic_dag.py took 0.165 seconds
