[2022-07-30 16:39:44,758] {processor.py:153} INFO - Started process (PID=92) to work on /opt/airflow/dags/basic_dags/retry_tasks1.py
[2022-07-30 16:39:44,764] {processor.py:641} INFO - Processing file /opt/airflow/dags/basic_dags/retry_tasks1.py for tasks to queue
[2022-07-30 16:39:44,770] {logging_mixin.py:115} INFO - [2022-07-30 16:39:44,770] {dagbag.py:507} INFO - Filling up the DagBag from /opt/airflow/dags/basic_dags/retry_tasks1.py
[2022-07-30 16:39:44,795] {processor.py:651} INFO - DAG(s) dict_keys(['retry_tasks_new']) retrieved from /opt/airflow/dags/basic_dags/retry_tasks1.py
[2022-07-30 16:39:45,507] {logging_mixin.py:115} INFO - [2022-07-30 16:39:45,507] {manager.py:508} INFO - Created Permission View: can read on DAG:retry_tasks_new
[2022-07-30 16:39:45,537] {logging_mixin.py:115} INFO - [2022-07-30 16:39:45,537] {manager.py:508} INFO - Created Permission View: can delete on DAG:retry_tasks_new
[2022-07-30 16:39:45,563] {logging_mixin.py:115} INFO - [2022-07-30 16:39:45,563] {manager.py:508} INFO - Created Permission View: can edit on DAG:retry_tasks_new
[2022-07-30 16:39:45,566] {logging_mixin.py:115} INFO - [2022-07-30 16:39:45,566] {dag.py:2379} INFO - Sync 1 DAGs
[2022-07-30 16:39:45,591] {logging_mixin.py:115} INFO - [2022-07-30 16:39:45,591] {dag.py:2398} INFO - Creating ORM DAG for retry_tasks_new
[2022-07-30 16:39:45,624] {logging_mixin.py:115} INFO - [2022-07-30 16:39:45,624] {dag.py:2931} INFO - Setting next_dagrun for retry_tasks_new to 2022-07-24T06:00:00+00:00, run_after=2022-07-24T07:00:00+00:00
[2022-07-30 16:39:45,654] {processor.py:161} INFO - Processing /opt/airflow/dags/basic_dags/retry_tasks1.py took 0.904 seconds
[2022-07-30 16:40:16,491] {processor.py:153} INFO - Started process (PID=164) to work on /opt/airflow/dags/basic_dags/retry_tasks1.py
[2022-07-30 16:40:16,491] {processor.py:641} INFO - Processing file /opt/airflow/dags/basic_dags/retry_tasks1.py for tasks to queue
[2022-07-30 16:40:16,492] {logging_mixin.py:115} INFO - [2022-07-30 16:40:16,492] {dagbag.py:507} INFO - Filling up the DagBag from /opt/airflow/dags/basic_dags/retry_tasks1.py
[2022-07-30 16:40:16,503] {processor.py:651} INFO - DAG(s) dict_keys(['retry_tasks_new']) retrieved from /opt/airflow/dags/basic_dags/retry_tasks1.py
[2022-07-30 16:40:16,556] {logging_mixin.py:115} INFO - [2022-07-30 16:40:16,555] {dag.py:2379} INFO - Sync 1 DAGs
[2022-07-30 16:40:16,631] {logging_mixin.py:115} INFO - [2022-07-30 16:40:16,631] {dag.py:2931} INFO - Setting next_dagrun for retry_tasks_new to 2022-07-24T06:00:00+00:00, run_after=2022-07-24T07:00:00+00:00
[2022-07-30 16:40:16,661] {processor.py:161} INFO - Processing /opt/airflow/dags/basic_dags/retry_tasks1.py took 0.174 seconds
[2022-07-30 16:40:47,002] {processor.py:153} INFO - Started process (PID=245) to work on /opt/airflow/dags/basic_dags/retry_tasks1.py
[2022-07-30 16:40:47,017] {processor.py:641} INFO - Processing file /opt/airflow/dags/basic_dags/retry_tasks1.py for tasks to queue
[2022-07-30 16:40:47,031] {logging_mixin.py:115} INFO - [2022-07-30 16:40:47,031] {dagbag.py:507} INFO - Filling up the DagBag from /opt/airflow/dags/basic_dags/retry_tasks1.py
[2022-07-30 16:40:47,070] {processor.py:651} INFO - DAG(s) dict_keys(['retry_tasks_new']) retrieved from /opt/airflow/dags/basic_dags/retry_tasks1.py
[2022-07-30 16:40:47,189] {logging_mixin.py:115} INFO - [2022-07-30 16:40:47,189] {dag.py:2379} INFO - Sync 1 DAGs
[2022-07-30 16:40:47,315] {logging_mixin.py:115} INFO - [2022-07-30 16:40:47,314] {dag.py:2931} INFO - Setting next_dagrun for retry_tasks_new to 2022-07-24T06:00:00+00:00, run_after=2022-07-24T07:00:00+00:00
[2022-07-30 16:40:47,429] {processor.py:161} INFO - Processing /opt/airflow/dags/basic_dags/retry_tasks1.py took 0.431 seconds
[2022-07-30 16:41:17,874] {processor.py:153} INFO - Started process (PID=319) to work on /opt/airflow/dags/basic_dags/retry_tasks1.py
[2022-07-30 16:41:17,877] {processor.py:641} INFO - Processing file /opt/airflow/dags/basic_dags/retry_tasks1.py for tasks to queue
[2022-07-30 16:41:17,880] {logging_mixin.py:115} INFO - [2022-07-30 16:41:17,880] {dagbag.py:507} INFO - Filling up the DagBag from /opt/airflow/dags/basic_dags/retry_tasks1.py
[2022-07-30 16:41:17,908] {processor.py:651} INFO - DAG(s) dict_keys(['retry_tasks_new']) retrieved from /opt/airflow/dags/basic_dags/retry_tasks1.py
[2022-07-30 16:41:17,979] {logging_mixin.py:115} INFO - [2022-07-30 16:41:17,978] {dag.py:2379} INFO - Sync 1 DAGs
[2022-07-30 16:41:18,017] {logging_mixin.py:115} INFO - [2022-07-30 16:41:18,016] {dag.py:2931} INFO - Setting next_dagrun for retry_tasks_new to 2022-07-24T06:00:00+00:00, run_after=2022-07-24T07:00:00+00:00
[2022-07-30 16:41:18,055] {processor.py:161} INFO - Processing /opt/airflow/dags/basic_dags/retry_tasks1.py took 0.185 seconds
[2022-07-30 16:41:48,217] {processor.py:153} INFO - Started process (PID=394) to work on /opt/airflow/dags/basic_dags/retry_tasks1.py
[2022-07-30 16:41:48,225] {processor.py:641} INFO - Processing file /opt/airflow/dags/basic_dags/retry_tasks1.py for tasks to queue
[2022-07-30 16:41:48,230] {logging_mixin.py:115} INFO - [2022-07-30 16:41:48,230] {dagbag.py:507} INFO - Filling up the DagBag from /opt/airflow/dags/basic_dags/retry_tasks1.py
[2022-07-30 16:41:48,252] {processor.py:651} INFO - DAG(s) dict_keys(['retry_tasks_new']) retrieved from /opt/airflow/dags/basic_dags/retry_tasks1.py
[2022-07-30 16:41:48,343] {logging_mixin.py:115} INFO - [2022-07-30 16:41:48,343] {dag.py:2379} INFO - Sync 1 DAGs
[2022-07-30 16:41:48,400] {logging_mixin.py:115} INFO - [2022-07-30 16:41:48,400] {dag.py:2931} INFO - Setting next_dagrun for retry_tasks_new to 2022-07-24T06:00:00+00:00, run_after=2022-07-24T07:00:00+00:00
[2022-07-30 16:41:48,443] {processor.py:161} INFO - Processing /opt/airflow/dags/basic_dags/retry_tasks1.py took 0.230 seconds
[2022-07-30 16:42:18,513] {processor.py:153} INFO - Started process (PID=482) to work on /opt/airflow/dags/basic_dags/retry_tasks1.py
[2022-07-30 16:42:18,516] {processor.py:641} INFO - Processing file /opt/airflow/dags/basic_dags/retry_tasks1.py for tasks to queue
[2022-07-30 16:42:18,518] {logging_mixin.py:115} INFO - [2022-07-30 16:42:18,518] {dagbag.py:507} INFO - Filling up the DagBag from /opt/airflow/dags/basic_dags/retry_tasks1.py
[2022-07-30 16:42:18,530] {processor.py:651} INFO - DAG(s) dict_keys(['retry_tasks_new']) retrieved from /opt/airflow/dags/basic_dags/retry_tasks1.py
[2022-07-30 16:42:18,561] {logging_mixin.py:115} INFO - [2022-07-30 16:42:18,561] {dag.py:2379} INFO - Sync 1 DAGs
[2022-07-30 16:42:18,590] {logging_mixin.py:115} INFO - [2022-07-30 16:42:18,590] {dag.py:2931} INFO - Setting next_dagrun for retry_tasks_new to 2022-07-24T06:00:00+00:00, run_after=2022-07-24T07:00:00+00:00
[2022-07-30 16:42:18,607] {processor.py:161} INFO - Processing /opt/airflow/dags/basic_dags/retry_tasks1.py took 0.099 seconds
[2022-07-30 16:44:17,154] {processor.py:153} INFO - Started process (PID=80) to work on /opt/airflow/dags/basic_dags/retry_tasks1.py
[2022-07-30 16:44:17,165] {processor.py:641} INFO - Processing file /opt/airflow/dags/basic_dags/retry_tasks1.py for tasks to queue
[2022-07-30 16:44:17,167] {logging_mixin.py:115} INFO - [2022-07-30 16:44:17,167] {dagbag.py:507} INFO - Filling up the DagBag from /opt/airflow/dags/basic_dags/retry_tasks1.py
[2022-07-30 16:44:17,238] {processor.py:651} INFO - DAG(s) dict_keys(['retry_tasks_new']) retrieved from /opt/airflow/dags/basic_dags/retry_tasks1.py
[2022-07-30 16:44:17,395] {logging_mixin.py:115} INFO - [2022-07-30 16:44:17,395] {dag.py:2379} INFO - Sync 1 DAGs
[2022-07-30 16:44:17,551] {logging_mixin.py:115} INFO - [2022-07-30 16:44:17,551] {dag.py:2931} INFO - Setting next_dagrun for retry_tasks_new to 2022-07-24T06:00:00+00:00, run_after=2022-07-24T07:00:00+00:00
[2022-07-30 16:44:17,636] {processor.py:161} INFO - Processing /opt/airflow/dags/basic_dags/retry_tasks1.py took 0.510 seconds
[2022-07-30 16:44:47,989] {processor.py:153} INFO - Started process (PID=149) to work on /opt/airflow/dags/basic_dags/retry_tasks1.py
[2022-07-30 16:44:47,990] {processor.py:641} INFO - Processing file /opt/airflow/dags/basic_dags/retry_tasks1.py for tasks to queue
[2022-07-30 16:44:47,991] {logging_mixin.py:115} INFO - [2022-07-30 16:44:47,990] {dagbag.py:507} INFO - Filling up the DagBag from /opt/airflow/dags/basic_dags/retry_tasks1.py
[2022-07-30 16:44:48,006] {processor.py:651} INFO - DAG(s) dict_keys(['retry_tasks_new']) retrieved from /opt/airflow/dags/basic_dags/retry_tasks1.py
[2022-07-30 16:44:48,037] {logging_mixin.py:115} INFO - [2022-07-30 16:44:48,037] {dag.py:2379} INFO - Sync 1 DAGs
[2022-07-30 16:44:48,078] {logging_mixin.py:115} INFO - [2022-07-30 16:44:48,078] {dag.py:2931} INFO - Setting next_dagrun for retry_tasks_new to 2022-07-24T06:00:00+00:00, run_after=2022-07-24T07:00:00+00:00
[2022-07-30 16:44:48,108] {processor.py:161} INFO - Processing /opt/airflow/dags/basic_dags/retry_tasks1.py took 0.127 seconds
[2022-07-30 16:45:18,198] {processor.py:153} INFO - Started process (PID=230) to work on /opt/airflow/dags/basic_dags/retry_tasks1.py
[2022-07-30 16:45:18,199] {processor.py:641} INFO - Processing file /opt/airflow/dags/basic_dags/retry_tasks1.py for tasks to queue
[2022-07-30 16:45:18,199] {logging_mixin.py:115} INFO - [2022-07-30 16:45:18,199] {dagbag.py:507} INFO - Filling up the DagBag from /opt/airflow/dags/basic_dags/retry_tasks1.py
[2022-07-30 16:45:18,215] {processor.py:651} INFO - DAG(s) dict_keys(['retry_tasks_new']) retrieved from /opt/airflow/dags/basic_dags/retry_tasks1.py
[2022-07-30 16:45:18,245] {logging_mixin.py:115} INFO - [2022-07-30 16:45:18,245] {dag.py:2379} INFO - Sync 1 DAGs
[2022-07-30 16:45:18,278] {logging_mixin.py:115} INFO - [2022-07-30 16:45:18,278] {dag.py:2931} INFO - Setting next_dagrun for retry_tasks_new to 2022-07-24T06:00:00+00:00, run_after=2022-07-24T07:00:00+00:00
[2022-07-30 16:45:18,294] {processor.py:161} INFO - Processing /opt/airflow/dags/basic_dags/retry_tasks1.py took 0.100 seconds
[2022-07-30 16:45:48,658] {processor.py:153} INFO - Started process (PID=307) to work on /opt/airflow/dags/basic_dags/retry_tasks1.py
[2022-07-30 16:45:48,660] {processor.py:641} INFO - Processing file /opt/airflow/dags/basic_dags/retry_tasks1.py for tasks to queue
[2022-07-30 16:45:48,661] {logging_mixin.py:115} INFO - [2022-07-30 16:45:48,661] {dagbag.py:507} INFO - Filling up the DagBag from /opt/airflow/dags/basic_dags/retry_tasks1.py
[2022-07-30 16:45:48,680] {processor.py:651} INFO - DAG(s) dict_keys(['retry_tasks_new']) retrieved from /opt/airflow/dags/basic_dags/retry_tasks1.py
[2022-07-30 16:45:48,736] {logging_mixin.py:115} INFO - [2022-07-30 16:45:48,735] {dag.py:2379} INFO - Sync 1 DAGs
[2022-07-30 16:45:48,779] {logging_mixin.py:115} INFO - [2022-07-30 16:45:48,779] {dag.py:2931} INFO - Setting next_dagrun for retry_tasks_new to 2022-07-24T06:00:00+00:00, run_after=2022-07-24T07:00:00+00:00
[2022-07-30 16:45:48,798] {processor.py:161} INFO - Processing /opt/airflow/dags/basic_dags/retry_tasks1.py took 0.145 seconds
[2022-07-30 16:46:19,227] {processor.py:153} INFO - Started process (PID=381) to work on /opt/airflow/dags/basic_dags/retry_tasks1.py
[2022-07-30 16:46:19,234] {processor.py:641} INFO - Processing file /opt/airflow/dags/basic_dags/retry_tasks1.py for tasks to queue
[2022-07-30 16:46:19,234] {logging_mixin.py:115} INFO - [2022-07-30 16:46:19,234] {dagbag.py:507} INFO - Filling up the DagBag from /opt/airflow/dags/basic_dags/retry_tasks1.py
[2022-07-30 16:46:19,251] {processor.py:651} INFO - DAG(s) dict_keys(['retry_tasks_new']) retrieved from /opt/airflow/dags/basic_dags/retry_tasks1.py
[2022-07-30 16:46:19,293] {logging_mixin.py:115} INFO - [2022-07-30 16:46:19,293] {dag.py:2379} INFO - Sync 1 DAGs
[2022-07-30 16:46:19,325] {logging_mixin.py:115} INFO - [2022-07-30 16:46:19,325] {dag.py:2931} INFO - Setting next_dagrun for retry_tasks_new to 2022-07-24T06:00:00+00:00, run_after=2022-07-24T07:00:00+00:00
[2022-07-30 16:46:19,339] {processor.py:161} INFO - Processing /opt/airflow/dags/basic_dags/retry_tasks1.py took 0.115 seconds
[2022-07-30 16:46:52,183] {processor.py:153} INFO - Started process (PID=465) to work on /opt/airflow/dags/basic_dags/retry_tasks1.py
[2022-07-30 16:46:52,193] {processor.py:641} INFO - Processing file /opt/airflow/dags/basic_dags/retry_tasks1.py for tasks to queue
[2022-07-30 16:46:52,193] {logging_mixin.py:115} INFO - [2022-07-30 16:46:52,193] {dagbag.py:507} INFO - Filling up the DagBag from /opt/airflow/dags/basic_dags/retry_tasks1.py
[2022-07-30 16:46:52,216] {processor.py:651} INFO - DAG(s) dict_keys(['retry_tasks_new']) retrieved from /opt/airflow/dags/basic_dags/retry_tasks1.py
[2022-07-30 16:46:52,276] {logging_mixin.py:115} INFO - [2022-07-30 16:46:52,276] {dag.py:2379} INFO - Sync 1 DAGs
[2022-07-30 16:46:52,340] {logging_mixin.py:115} INFO - [2022-07-30 16:46:52,340] {dag.py:2931} INFO - Setting next_dagrun for retry_tasks_new to 2022-07-24T06:00:00+00:00, run_after=2022-07-24T07:00:00+00:00
[2022-07-30 16:46:52,378] {processor.py:161} INFO - Processing /opt/airflow/dags/basic_dags/retry_tasks1.py took 0.199 seconds
[2022-07-30 16:47:23,557] {processor.py:153} INFO - Started process (PID=538) to work on /opt/airflow/dags/basic_dags/retry_tasks1.py
[2022-07-30 16:47:23,557] {processor.py:641} INFO - Processing file /opt/airflow/dags/basic_dags/retry_tasks1.py for tasks to queue
[2022-07-30 16:47:23,558] {logging_mixin.py:115} INFO - [2022-07-30 16:47:23,558] {dagbag.py:507} INFO - Filling up the DagBag from /opt/airflow/dags/basic_dags/retry_tasks1.py
[2022-07-30 16:47:23,568] {processor.py:651} INFO - DAG(s) dict_keys(['retry_tasks_new']) retrieved from /opt/airflow/dags/basic_dags/retry_tasks1.py
[2022-07-30 16:47:23,608] {logging_mixin.py:115} INFO - [2022-07-30 16:47:23,608] {dag.py:2379} INFO - Sync 1 DAGs
[2022-07-30 16:47:23,644] {logging_mixin.py:115} INFO - [2022-07-30 16:47:23,644] {dag.py:2931} INFO - Setting next_dagrun for retry_tasks_new to 2022-07-24T06:00:00+00:00, run_after=2022-07-24T07:00:00+00:00
[2022-07-30 16:47:23,660] {processor.py:161} INFO - Processing /opt/airflow/dags/basic_dags/retry_tasks1.py took 0.107 seconds
[2022-07-30 16:47:53,845] {processor.py:153} INFO - Started process (PID=621) to work on /opt/airflow/dags/basic_dags/retry_tasks1.py
[2022-07-30 16:47:53,846] {processor.py:641} INFO - Processing file /opt/airflow/dags/basic_dags/retry_tasks1.py for tasks to queue
[2022-07-30 16:47:53,846] {logging_mixin.py:115} INFO - [2022-07-30 16:47:53,846] {dagbag.py:507} INFO - Filling up the DagBag from /opt/airflow/dags/basic_dags/retry_tasks1.py
[2022-07-30 16:47:53,860] {processor.py:651} INFO - DAG(s) dict_keys(['retry_tasks_new']) retrieved from /opt/airflow/dags/basic_dags/retry_tasks1.py
[2022-07-30 16:47:53,892] {logging_mixin.py:115} INFO - [2022-07-30 16:47:53,892] {dag.py:2379} INFO - Sync 1 DAGs
[2022-07-30 16:47:53,930] {logging_mixin.py:115} INFO - [2022-07-30 16:47:53,930] {dag.py:2931} INFO - Setting next_dagrun for retry_tasks_new to 2022-07-24T06:00:00+00:00, run_after=2022-07-24T07:00:00+00:00
[2022-07-30 16:47:53,959] {processor.py:161} INFO - Processing /opt/airflow/dags/basic_dags/retry_tasks1.py took 0.119 seconds
[2022-07-30 16:48:27,179] {processor.py:153} INFO - Started process (PID=705) to work on /opt/airflow/dags/basic_dags/retry_tasks1.py
[2022-07-30 16:48:27,179] {processor.py:641} INFO - Processing file /opt/airflow/dags/basic_dags/retry_tasks1.py for tasks to queue
[2022-07-30 16:48:27,188] {logging_mixin.py:115} INFO - [2022-07-30 16:48:27,188] {dagbag.py:507} INFO - Filling up the DagBag from /opt/airflow/dags/basic_dags/retry_tasks1.py
[2022-07-30 16:48:27,230] {processor.py:651} INFO - DAG(s) dict_keys(['retry_tasks_new']) retrieved from /opt/airflow/dags/basic_dags/retry_tasks1.py
[2022-07-30 16:48:27,352] {logging_mixin.py:115} INFO - [2022-07-30 16:48:27,352] {dag.py:2379} INFO - Sync 1 DAGs
[2022-07-30 16:48:27,447] {logging_mixin.py:115} INFO - [2022-07-30 16:48:27,447] {dag.py:2931} INFO - Setting next_dagrun for retry_tasks_new to 2022-07-24T06:00:00+00:00, run_after=2022-07-24T07:00:00+00:00
[2022-07-30 16:48:27,504] {processor.py:161} INFO - Processing /opt/airflow/dags/basic_dags/retry_tasks1.py took 0.337 seconds
[2022-07-30 16:48:57,845] {processor.py:153} INFO - Started process (PID=779) to work on /opt/airflow/dags/basic_dags/retry_tasks1.py
[2022-07-30 16:48:57,846] {processor.py:641} INFO - Processing file /opt/airflow/dags/basic_dags/retry_tasks1.py for tasks to queue
[2022-07-30 16:48:57,846] {logging_mixin.py:115} INFO - [2022-07-30 16:48:57,846] {dagbag.py:507} INFO - Filling up the DagBag from /opt/airflow/dags/basic_dags/retry_tasks1.py
[2022-07-30 16:48:57,858] {processor.py:651} INFO - DAG(s) dict_keys(['retry_tasks_new']) retrieved from /opt/airflow/dags/basic_dags/retry_tasks1.py
[2022-07-30 16:48:57,889] {logging_mixin.py:115} INFO - [2022-07-30 16:48:57,889] {dag.py:2379} INFO - Sync 1 DAGs
[2022-07-30 16:48:57,920] {logging_mixin.py:115} INFO - [2022-07-30 16:48:57,920] {dag.py:2931} INFO - Setting next_dagrun for retry_tasks_new to 2022-07-24T06:00:00+00:00, run_after=2022-07-24T07:00:00+00:00
[2022-07-30 16:48:57,934] {processor.py:161} INFO - Processing /opt/airflow/dags/basic_dags/retry_tasks1.py took 0.093 seconds
[2022-07-30 16:49:28,336] {processor.py:153} INFO - Started process (PID=858) to work on /opt/airflow/dags/basic_dags/retry_tasks1.py
[2022-07-30 16:49:28,336] {processor.py:641} INFO - Processing file /opt/airflow/dags/basic_dags/retry_tasks1.py for tasks to queue
[2022-07-30 16:49:28,337] {logging_mixin.py:115} INFO - [2022-07-30 16:49:28,337] {dagbag.py:507} INFO - Filling up the DagBag from /opt/airflow/dags/basic_dags/retry_tasks1.py
[2022-07-30 16:49:28,364] {processor.py:651} INFO - DAG(s) dict_keys(['retry_tasks_new']) retrieved from /opt/airflow/dags/basic_dags/retry_tasks1.py
[2022-07-30 16:49:28,428] {logging_mixin.py:115} INFO - [2022-07-30 16:49:28,428] {dag.py:2379} INFO - Sync 1 DAGs
[2022-07-30 16:49:28,494] {logging_mixin.py:115} INFO - [2022-07-30 16:49:28,493] {dag.py:2931} INFO - Setting next_dagrun for retry_tasks_new to 2022-07-24T06:00:00+00:00, run_after=2022-07-24T07:00:00+00:00
[2022-07-30 16:49:28,520] {processor.py:161} INFO - Processing /opt/airflow/dags/basic_dags/retry_tasks1.py took 0.188 seconds
[2022-07-30 16:50:00,731] {processor.py:153} INFO - Started process (PID=938) to work on /opt/airflow/dags/basic_dags/retry_tasks1.py
[2022-07-30 16:50:00,740] {processor.py:641} INFO - Processing file /opt/airflow/dags/basic_dags/retry_tasks1.py for tasks to queue
[2022-07-30 16:50:00,741] {logging_mixin.py:115} INFO - [2022-07-30 16:50:00,740] {dagbag.py:507} INFO - Filling up the DagBag from /opt/airflow/dags/basic_dags/retry_tasks1.py
[2022-07-30 16:50:00,760] {processor.py:651} INFO - DAG(s) dict_keys(['retry_tasks_new']) retrieved from /opt/airflow/dags/basic_dags/retry_tasks1.py
[2022-07-30 16:50:00,822] {logging_mixin.py:115} INFO - [2022-07-30 16:50:00,822] {dag.py:2379} INFO - Sync 1 DAGs
[2022-07-30 16:50:00,890] {logging_mixin.py:115} INFO - [2022-07-30 16:50:00,889] {dag.py:2931} INFO - Setting next_dagrun for retry_tasks_new to 2022-07-24T06:00:00+00:00, run_after=2022-07-24T07:00:00+00:00
[2022-07-30 16:50:00,921] {processor.py:161} INFO - Processing /opt/airflow/dags/basic_dags/retry_tasks1.py took 0.193 seconds
[2022-07-30 16:50:31,716] {processor.py:153} INFO - Started process (PID=1009) to work on /opt/airflow/dags/basic_dags/retry_tasks1.py
[2022-07-30 16:50:31,717] {processor.py:641} INFO - Processing file /opt/airflow/dags/basic_dags/retry_tasks1.py for tasks to queue
[2022-07-30 16:50:31,718] {logging_mixin.py:115} INFO - [2022-07-30 16:50:31,717] {dagbag.py:507} INFO - Filling up the DagBag from /opt/airflow/dags/basic_dags/retry_tasks1.py
[2022-07-30 16:50:31,729] {processor.py:651} INFO - DAG(s) dict_keys(['retry_tasks_new']) retrieved from /opt/airflow/dags/basic_dags/retry_tasks1.py
[2022-07-30 16:50:31,759] {logging_mixin.py:115} INFO - [2022-07-30 16:50:31,759] {dag.py:2379} INFO - Sync 1 DAGs
[2022-07-30 16:50:31,792] {logging_mixin.py:115} INFO - [2022-07-30 16:50:31,791] {dag.py:2931} INFO - Setting next_dagrun for retry_tasks_new to 2022-07-24T06:00:00+00:00, run_after=2022-07-24T07:00:00+00:00
[2022-07-30 16:50:31,807] {processor.py:161} INFO - Processing /opt/airflow/dags/basic_dags/retry_tasks1.py took 0.095 seconds
[2022-07-30 16:51:02,973] {processor.py:153} INFO - Started process (PID=1081) to work on /opt/airflow/dags/basic_dags/retry_tasks1.py
[2022-07-30 16:51:02,974] {processor.py:641} INFO - Processing file /opt/airflow/dags/basic_dags/retry_tasks1.py for tasks to queue
[2022-07-30 16:51:02,981] {logging_mixin.py:115} INFO - [2022-07-30 16:51:02,981] {dagbag.py:507} INFO - Filling up the DagBag from /opt/airflow/dags/basic_dags/retry_tasks1.py
[2022-07-30 16:51:03,001] {processor.py:651} INFO - DAG(s) dict_keys(['retry_tasks_new']) retrieved from /opt/airflow/dags/basic_dags/retry_tasks1.py
[2022-07-30 16:51:03,032] {logging_mixin.py:115} INFO - [2022-07-30 16:51:03,032] {dag.py:2379} INFO - Sync 1 DAGs
[2022-07-30 16:51:03,066] {logging_mixin.py:115} INFO - [2022-07-30 16:51:03,066] {dag.py:2931} INFO - Setting next_dagrun for retry_tasks_new to 2022-07-24T06:00:00+00:00, run_after=2022-07-24T07:00:00+00:00
[2022-07-30 16:51:03,096] {processor.py:161} INFO - Processing /opt/airflow/dags/basic_dags/retry_tasks1.py took 0.139 seconds
[2022-07-30 16:51:33,520] {processor.py:153} INFO - Started process (PID=1163) to work on /opt/airflow/dags/basic_dags/retry_tasks1.py
[2022-07-30 16:51:33,521] {processor.py:641} INFO - Processing file /opt/airflow/dags/basic_dags/retry_tasks1.py for tasks to queue
[2022-07-30 16:51:33,521] {logging_mixin.py:115} INFO - [2022-07-30 16:51:33,521] {dagbag.py:507} INFO - Filling up the DagBag from /opt/airflow/dags/basic_dags/retry_tasks1.py
[2022-07-30 16:51:33,544] {processor.py:651} INFO - DAG(s) dict_keys(['retry_tasks_new']) retrieved from /opt/airflow/dags/basic_dags/retry_tasks1.py
[2022-07-30 16:51:33,577] {logging_mixin.py:115} INFO - [2022-07-30 16:51:33,577] {dag.py:2379} INFO - Sync 1 DAGs
[2022-07-30 16:51:33,620] {logging_mixin.py:115} INFO - [2022-07-30 16:51:33,620] {dag.py:2931} INFO - Setting next_dagrun for retry_tasks_new to 2022-07-24T06:00:00+00:00, run_after=2022-07-24T07:00:00+00:00
[2022-07-30 16:51:33,651] {processor.py:161} INFO - Processing /opt/airflow/dags/basic_dags/retry_tasks1.py took 0.134 seconds
[2022-07-30 16:52:04,223] {processor.py:153} INFO - Started process (PID=1239) to work on /opt/airflow/dags/basic_dags/retry_tasks1.py
[2022-07-30 16:52:04,232] {processor.py:641} INFO - Processing file /opt/airflow/dags/basic_dags/retry_tasks1.py for tasks to queue
[2022-07-30 16:52:04,232] {logging_mixin.py:115} INFO - [2022-07-30 16:52:04,232] {dagbag.py:507} INFO - Filling up the DagBag from /opt/airflow/dags/basic_dags/retry_tasks1.py
[2022-07-30 16:52:04,270] {processor.py:651} INFO - DAG(s) dict_keys(['retry_tasks_new']) retrieved from /opt/airflow/dags/basic_dags/retry_tasks1.py
[2022-07-30 16:52:04,324] {logging_mixin.py:115} INFO - [2022-07-30 16:52:04,324] {dag.py:2379} INFO - Sync 1 DAGs
[2022-07-30 16:52:04,386] {logging_mixin.py:115} INFO - [2022-07-30 16:52:04,386] {dag.py:2931} INFO - Setting next_dagrun for retry_tasks_new to 2022-07-24T06:00:00+00:00, run_after=2022-07-24T07:00:00+00:00
[2022-07-30 16:52:04,418] {processor.py:161} INFO - Processing /opt/airflow/dags/basic_dags/retry_tasks1.py took 0.199 seconds
[2022-07-30 16:52:34,468] {processor.py:153} INFO - Started process (PID=1310) to work on /opt/airflow/dags/basic_dags/retry_tasks1.py
[2022-07-30 16:52:34,468] {processor.py:641} INFO - Processing file /opt/airflow/dags/basic_dags/retry_tasks1.py for tasks to queue
[2022-07-30 16:52:34,469] {logging_mixin.py:115} INFO - [2022-07-30 16:52:34,469] {dagbag.py:507} INFO - Filling up the DagBag from /opt/airflow/dags/basic_dags/retry_tasks1.py
[2022-07-30 16:52:34,515] {processor.py:651} INFO - DAG(s) dict_keys(['retry_tasks_new']) retrieved from /opt/airflow/dags/basic_dags/retry_tasks1.py
[2022-07-30 16:52:34,586] {logging_mixin.py:115} INFO - [2022-07-30 16:52:34,586] {dag.py:2379} INFO - Sync 1 DAGs
[2022-07-30 16:52:34,631] {logging_mixin.py:115} INFO - [2022-07-30 16:52:34,630] {dag.py:2931} INFO - Setting next_dagrun for retry_tasks_new to 2022-07-24T06:00:00+00:00, run_after=2022-07-24T07:00:00+00:00
[2022-07-30 16:52:34,645] {processor.py:161} INFO - Processing /opt/airflow/dags/basic_dags/retry_tasks1.py took 0.182 seconds
[2022-07-30 16:53:05,266] {processor.py:153} INFO - Started process (PID=1397) to work on /opt/airflow/dags/basic_dags/retry_tasks1.py
[2022-07-30 16:53:05,274] {processor.py:641} INFO - Processing file /opt/airflow/dags/basic_dags/retry_tasks1.py for tasks to queue
[2022-07-30 16:53:05,275] {logging_mixin.py:115} INFO - [2022-07-30 16:53:05,275] {dagbag.py:507} INFO - Filling up the DagBag from /opt/airflow/dags/basic_dags/retry_tasks1.py
[2022-07-30 16:53:05,290] {processor.py:651} INFO - DAG(s) dict_keys(['retry_tasks_new']) retrieved from /opt/airflow/dags/basic_dags/retry_tasks1.py
[2022-07-30 16:53:05,368] {logging_mixin.py:115} INFO - [2022-07-30 16:53:05,368] {dag.py:2379} INFO - Sync 1 DAGs
[2022-07-30 16:53:05,421] {logging_mixin.py:115} INFO - [2022-07-30 16:53:05,421] {dag.py:2931} INFO - Setting next_dagrun for retry_tasks_new to 2022-07-24T06:00:00+00:00, run_after=2022-07-24T07:00:00+00:00
[2022-07-30 16:53:05,442] {processor.py:161} INFO - Processing /opt/airflow/dags/basic_dags/retry_tasks1.py took 0.179 seconds
[2022-07-30 16:53:35,538] {processor.py:153} INFO - Started process (PID=1470) to work on /opt/airflow/dags/basic_dags/retry_tasks1.py
[2022-07-30 16:53:35,538] {processor.py:641} INFO - Processing file /opt/airflow/dags/basic_dags/retry_tasks1.py for tasks to queue
[2022-07-30 16:53:35,538] {logging_mixin.py:115} INFO - [2022-07-30 16:53:35,538] {dagbag.py:507} INFO - Filling up the DagBag from /opt/airflow/dags/basic_dags/retry_tasks1.py
[2022-07-30 16:53:35,546] {processor.py:651} INFO - DAG(s) dict_keys(['retry_tasks_new']) retrieved from /opt/airflow/dags/basic_dags/retry_tasks1.py
[2022-07-30 16:53:35,568] {logging_mixin.py:115} INFO - [2022-07-30 16:53:35,568] {dag.py:2379} INFO - Sync 1 DAGs
[2022-07-30 16:53:35,590] {logging_mixin.py:115} INFO - [2022-07-30 16:53:35,590] {dag.py:2931} INFO - Setting next_dagrun for retry_tasks_new to 2022-07-24T06:00:00+00:00, run_after=2022-07-24T07:00:00+00:00
[2022-07-30 16:53:35,602] {processor.py:161} INFO - Processing /opt/airflow/dags/basic_dags/retry_tasks1.py took 0.067 seconds
[2022-07-30 16:54:06,281] {processor.py:153} INFO - Started process (PID=1546) to work on /opt/airflow/dags/basic_dags/retry_tasks1.py
[2022-07-30 16:54:06,281] {processor.py:641} INFO - Processing file /opt/airflow/dags/basic_dags/retry_tasks1.py for tasks to queue
[2022-07-30 16:54:06,282] {logging_mixin.py:115} INFO - [2022-07-30 16:54:06,282] {dagbag.py:507} INFO - Filling up the DagBag from /opt/airflow/dags/basic_dags/retry_tasks1.py
[2022-07-30 16:54:06,293] {processor.py:651} INFO - DAG(s) dict_keys(['retry_tasks_new']) retrieved from /opt/airflow/dags/basic_dags/retry_tasks1.py
[2022-07-30 16:54:06,336] {logging_mixin.py:115} INFO - [2022-07-30 16:54:06,336] {dag.py:2379} INFO - Sync 1 DAGs
[2022-07-30 16:54:06,378] {logging_mixin.py:115} INFO - [2022-07-30 16:54:06,377] {dag.py:2931} INFO - Setting next_dagrun for retry_tasks_new to 2022-07-24T06:00:00+00:00, run_after=2022-07-24T07:00:00+00:00
[2022-07-30 16:54:06,414] {processor.py:161} INFO - Processing /opt/airflow/dags/basic_dags/retry_tasks1.py took 0.137 seconds
[2022-07-30 16:54:36,706] {processor.py:153} INFO - Started process (PID=1632) to work on /opt/airflow/dags/basic_dags/retry_tasks1.py
[2022-07-30 16:54:36,706] {processor.py:641} INFO - Processing file /opt/airflow/dags/basic_dags/retry_tasks1.py for tasks to queue
[2022-07-30 16:54:36,707] {logging_mixin.py:115} INFO - [2022-07-30 16:54:36,707] {dagbag.py:507} INFO - Filling up the DagBag from /opt/airflow/dags/basic_dags/retry_tasks1.py
[2022-07-30 16:54:36,718] {processor.py:651} INFO - DAG(s) dict_keys(['retry_tasks_new']) retrieved from /opt/airflow/dags/basic_dags/retry_tasks1.py
[2022-07-30 16:54:36,755] {logging_mixin.py:115} INFO - [2022-07-30 16:54:36,755] {dag.py:2379} INFO - Sync 1 DAGs
[2022-07-30 16:54:36,787] {logging_mixin.py:115} INFO - [2022-07-30 16:54:36,787] {dag.py:2931} INFO - Setting next_dagrun for retry_tasks_new to 2022-07-24T06:00:00+00:00, run_after=2022-07-24T07:00:00+00:00
[2022-07-30 16:54:36,801] {processor.py:161} INFO - Processing /opt/airflow/dags/basic_dags/retry_tasks1.py took 0.099 seconds
[2022-07-30 16:55:06,837] {processor.py:153} INFO - Started process (PID=1703) to work on /opt/airflow/dags/basic_dags/retry_tasks1.py
[2022-07-30 16:55:06,839] {processor.py:641} INFO - Processing file /opt/airflow/dags/basic_dags/retry_tasks1.py for tasks to queue
[2022-07-30 16:55:06,840] {logging_mixin.py:115} INFO - [2022-07-30 16:55:06,839] {dagbag.py:507} INFO - Filling up the DagBag from /opt/airflow/dags/basic_dags/retry_tasks1.py
[2022-07-30 16:55:06,850] {processor.py:651} INFO - DAG(s) dict_keys(['retry_tasks_new']) retrieved from /opt/airflow/dags/basic_dags/retry_tasks1.py
[2022-07-30 16:55:06,879] {logging_mixin.py:115} INFO - [2022-07-30 16:55:06,879] {dag.py:2379} INFO - Sync 1 DAGs
[2022-07-30 16:55:06,909] {logging_mixin.py:115} INFO - [2022-07-30 16:55:06,909] {dag.py:2931} INFO - Setting next_dagrun for retry_tasks_new to 2022-07-24T06:00:00+00:00, run_after=2022-07-24T07:00:00+00:00
[2022-07-30 16:55:06,923] {processor.py:161} INFO - Processing /opt/airflow/dags/basic_dags/retry_tasks1.py took 0.090 seconds
[2022-07-30 16:55:37,423] {processor.py:153} INFO - Started process (PID=1791) to work on /opt/airflow/dags/basic_dags/retry_tasks1.py
[2022-07-30 16:55:37,423] {processor.py:641} INFO - Processing file /opt/airflow/dags/basic_dags/retry_tasks1.py for tasks to queue
[2022-07-30 16:55:37,432] {logging_mixin.py:115} INFO - [2022-07-30 16:55:37,432] {dagbag.py:507} INFO - Filling up the DagBag from /opt/airflow/dags/basic_dags/retry_tasks1.py
[2022-07-30 16:55:37,457] {processor.py:651} INFO - DAG(s) dict_keys(['retry_tasks_new']) retrieved from /opt/airflow/dags/basic_dags/retry_tasks1.py
[2022-07-30 16:55:37,516] {logging_mixin.py:115} INFO - [2022-07-30 16:55:37,516] {dag.py:2379} INFO - Sync 1 DAGs
[2022-07-30 16:55:37,576] {logging_mixin.py:115} INFO - [2022-07-30 16:55:37,576] {dag.py:2931} INFO - Setting next_dagrun for retry_tasks_new to 2022-07-24T06:00:00+00:00, run_after=2022-07-24T07:00:00+00:00
[2022-07-30 16:55:37,592] {processor.py:161} INFO - Processing /opt/airflow/dags/basic_dags/retry_tasks1.py took 0.177 seconds
[2022-07-30 16:56:08,017] {processor.py:153} INFO - Started process (PID=1864) to work on /opt/airflow/dags/basic_dags/retry_tasks1.py
[2022-07-30 16:56:08,018] {processor.py:641} INFO - Processing file /opt/airflow/dags/basic_dags/retry_tasks1.py for tasks to queue
[2022-07-30 16:56:08,019] {logging_mixin.py:115} INFO - [2022-07-30 16:56:08,019] {dagbag.py:507} INFO - Filling up the DagBag from /opt/airflow/dags/basic_dags/retry_tasks1.py
[2022-07-30 16:56:08,032] {processor.py:651} INFO - DAG(s) dict_keys(['retry_tasks_new']) retrieved from /opt/airflow/dags/basic_dags/retry_tasks1.py
[2022-07-30 16:56:08,068] {logging_mixin.py:115} INFO - [2022-07-30 16:56:08,068] {dag.py:2379} INFO - Sync 1 DAGs
[2022-07-30 16:56:08,108] {logging_mixin.py:115} INFO - [2022-07-30 16:56:08,108] {dag.py:2931} INFO - Setting next_dagrun for retry_tasks_new to 2022-07-24T06:00:00+00:00, run_after=2022-07-24T07:00:00+00:00
[2022-07-30 16:56:08,123] {processor.py:161} INFO - Processing /opt/airflow/dags/basic_dags/retry_tasks1.py took 0.110 seconds
[2022-07-30 16:56:38,268] {processor.py:153} INFO - Started process (PID=1947) to work on /opt/airflow/dags/basic_dags/retry_tasks1.py
[2022-07-30 16:56:38,268] {processor.py:641} INFO - Processing file /opt/airflow/dags/basic_dags/retry_tasks1.py for tasks to queue
[2022-07-30 16:56:38,269] {logging_mixin.py:115} INFO - [2022-07-30 16:56:38,269] {dagbag.py:507} INFO - Filling up the DagBag from /opt/airflow/dags/basic_dags/retry_tasks1.py
[2022-07-30 16:56:38,295] {processor.py:651} INFO - DAG(s) dict_keys(['retry_tasks_new']) retrieved from /opt/airflow/dags/basic_dags/retry_tasks1.py
[2022-07-30 16:56:38,380] {logging_mixin.py:115} INFO - [2022-07-30 16:56:38,380] {dag.py:2379} INFO - Sync 1 DAGs
[2022-07-30 16:56:38,455] {logging_mixin.py:115} INFO - [2022-07-30 16:56:38,455] {dag.py:2931} INFO - Setting next_dagrun for retry_tasks_new to 2022-07-24T06:00:00+00:00, run_after=2022-07-24T07:00:00+00:00
[2022-07-30 16:56:38,514] {processor.py:161} INFO - Processing /opt/airflow/dags/basic_dags/retry_tasks1.py took 0.250 seconds
[2022-07-30 16:57:09,411] {processor.py:153} INFO - Started process (PID=2020) to work on /opt/airflow/dags/basic_dags/retry_tasks1.py
[2022-07-30 16:57:09,412] {processor.py:641} INFO - Processing file /opt/airflow/dags/basic_dags/retry_tasks1.py for tasks to queue
[2022-07-30 16:57:09,413] {logging_mixin.py:115} INFO - [2022-07-30 16:57:09,412] {dagbag.py:507} INFO - Filling up the DagBag from /opt/airflow/dags/basic_dags/retry_tasks1.py
[2022-07-30 16:57:09,423] {processor.py:651} INFO - DAG(s) dict_keys(['retry_tasks_new']) retrieved from /opt/airflow/dags/basic_dags/retry_tasks1.py
[2022-07-30 16:57:09,454] {logging_mixin.py:115} INFO - [2022-07-30 16:57:09,453] {dag.py:2379} INFO - Sync 1 DAGs
[2022-07-30 16:57:09,499] {logging_mixin.py:115} INFO - [2022-07-30 16:57:09,499] {dag.py:2931} INFO - Setting next_dagrun for retry_tasks_new to 2022-07-24T06:00:00+00:00, run_after=2022-07-24T07:00:00+00:00
[2022-07-30 16:57:09,528] {processor.py:161} INFO - Processing /opt/airflow/dags/basic_dags/retry_tasks1.py took 0.121 seconds
[2022-07-30 16:57:40,012] {processor.py:153} INFO - Started process (PID=2102) to work on /opt/airflow/dags/basic_dags/retry_tasks1.py
[2022-07-30 16:57:40,015] {processor.py:641} INFO - Processing file /opt/airflow/dags/basic_dags/retry_tasks1.py for tasks to queue
[2022-07-30 16:57:40,015] {logging_mixin.py:115} INFO - [2022-07-30 16:57:40,015] {dagbag.py:507} INFO - Filling up the DagBag from /opt/airflow/dags/basic_dags/retry_tasks1.py
[2022-07-30 16:57:40,048] {processor.py:651} INFO - DAG(s) dict_keys(['retry_tasks_new']) retrieved from /opt/airflow/dags/basic_dags/retry_tasks1.py
[2022-07-30 16:57:40,085] {logging_mixin.py:115} INFO - [2022-07-30 16:57:40,085] {dag.py:2379} INFO - Sync 1 DAGs
[2022-07-30 16:57:40,124] {logging_mixin.py:115} INFO - [2022-07-30 16:57:40,124] {dag.py:2931} INFO - Setting next_dagrun for retry_tasks_new to 2022-07-24T06:00:00+00:00, run_after=2022-07-24T07:00:00+00:00
[2022-07-30 16:57:40,149] {processor.py:161} INFO - Processing /opt/airflow/dags/basic_dags/retry_tasks1.py took 0.147 seconds
[2022-07-30 16:58:10,306] {processor.py:153} INFO - Started process (PID=2175) to work on /opt/airflow/dags/basic_dags/retry_tasks1.py
[2022-07-30 16:58:10,309] {processor.py:641} INFO - Processing file /opt/airflow/dags/basic_dags/retry_tasks1.py for tasks to queue
[2022-07-30 16:58:10,310] {logging_mixin.py:115} INFO - [2022-07-30 16:58:10,310] {dagbag.py:507} INFO - Filling up the DagBag from /opt/airflow/dags/basic_dags/retry_tasks1.py
[2022-07-30 16:58:10,345] {processor.py:651} INFO - DAG(s) dict_keys(['retry_tasks_new']) retrieved from /opt/airflow/dags/basic_dags/retry_tasks1.py
[2022-07-30 16:58:10,415] {logging_mixin.py:115} INFO - [2022-07-30 16:58:10,415] {dag.py:2379} INFO - Sync 1 DAGs
[2022-07-30 16:58:10,530] {logging_mixin.py:115} INFO - [2022-07-30 16:58:10,530] {dag.py:2931} INFO - Setting next_dagrun for retry_tasks_new to 2022-07-24T06:00:00+00:00, run_after=2022-07-24T07:00:00+00:00
[2022-07-30 16:58:10,613] {processor.py:161} INFO - Processing /opt/airflow/dags/basic_dags/retry_tasks1.py took 0.326 seconds
[2022-07-30 16:58:40,768] {processor.py:153} INFO - Started process (PID=2257) to work on /opt/airflow/dags/basic_dags/retry_tasks1.py
[2022-07-30 16:58:40,768] {processor.py:641} INFO - Processing file /opt/airflow/dags/basic_dags/retry_tasks1.py for tasks to queue
[2022-07-30 16:58:40,769] {logging_mixin.py:115} INFO - [2022-07-30 16:58:40,769] {dagbag.py:507} INFO - Filling up the DagBag from /opt/airflow/dags/basic_dags/retry_tasks1.py
[2022-07-30 16:58:40,796] {processor.py:651} INFO - DAG(s) dict_keys(['retry_tasks_new']) retrieved from /opt/airflow/dags/basic_dags/retry_tasks1.py
[2022-07-30 16:58:40,866] {logging_mixin.py:115} INFO - [2022-07-30 16:58:40,866] {dag.py:2379} INFO - Sync 1 DAGs
[2022-07-30 16:58:40,916] {logging_mixin.py:115} INFO - [2022-07-30 16:58:40,916] {dag.py:2931} INFO - Setting next_dagrun for retry_tasks_new to 2022-07-24T06:00:00+00:00, run_after=2022-07-24T07:00:00+00:00
[2022-07-30 16:58:40,930] {processor.py:161} INFO - Processing /opt/airflow/dags/basic_dags/retry_tasks1.py took 0.169 seconds
[2022-07-30 16:59:11,342] {processor.py:153} INFO - Started process (PID=2333) to work on /opt/airflow/dags/basic_dags/retry_tasks1.py
[2022-07-30 16:59:11,343] {processor.py:641} INFO - Processing file /opt/airflow/dags/basic_dags/retry_tasks1.py for tasks to queue
[2022-07-30 16:59:11,346] {logging_mixin.py:115} INFO - [2022-07-30 16:59:11,346] {dagbag.py:507} INFO - Filling up the DagBag from /opt/airflow/dags/basic_dags/retry_tasks1.py
[2022-07-30 16:59:11,375] {processor.py:651} INFO - DAG(s) dict_keys(['retry_tasks_new']) retrieved from /opt/airflow/dags/basic_dags/retry_tasks1.py
[2022-07-30 16:59:11,443] {logging_mixin.py:115} INFO - [2022-07-30 16:59:11,443] {dag.py:2379} INFO - Sync 1 DAGs
[2022-07-30 16:59:11,496] {logging_mixin.py:115} INFO - [2022-07-30 16:59:11,496] {dag.py:2931} INFO - Setting next_dagrun for retry_tasks_new to 2022-07-24T06:00:00+00:00, run_after=2022-07-24T07:00:00+00:00
[2022-07-30 16:59:11,541] {processor.py:161} INFO - Processing /opt/airflow/dags/basic_dags/retry_tasks1.py took 0.203 seconds
[2022-07-30 16:59:42,388] {processor.py:153} INFO - Started process (PID=2419) to work on /opt/airflow/dags/basic_dags/retry_tasks1.py
[2022-07-30 16:59:42,388] {processor.py:641} INFO - Processing file /opt/airflow/dags/basic_dags/retry_tasks1.py for tasks to queue
[2022-07-30 16:59:42,389] {logging_mixin.py:115} INFO - [2022-07-30 16:59:42,389] {dagbag.py:507} INFO - Filling up the DagBag from /opt/airflow/dags/basic_dags/retry_tasks1.py
[2022-07-30 16:59:42,431] {processor.py:651} INFO - DAG(s) dict_keys(['retry_tasks_new']) retrieved from /opt/airflow/dags/basic_dags/retry_tasks1.py
[2022-07-30 16:59:42,508] {logging_mixin.py:115} INFO - [2022-07-30 16:59:42,508] {dag.py:2379} INFO - Sync 1 DAGs
[2022-07-30 16:59:42,557] {logging_mixin.py:115} INFO - [2022-07-30 16:59:42,557] {dag.py:2931} INFO - Setting next_dagrun for retry_tasks_new to 2022-07-24T06:00:00+00:00, run_after=2022-07-24T07:00:00+00:00
[2022-07-30 16:59:42,582] {processor.py:161} INFO - Processing /opt/airflow/dags/basic_dags/retry_tasks1.py took 0.198 seconds
[2022-07-30 17:00:13,325] {processor.py:153} INFO - Started process (PID=2493) to work on /opt/airflow/dags/basic_dags/retry_tasks1.py
[2022-07-30 17:00:13,326] {processor.py:641} INFO - Processing file /opt/airflow/dags/basic_dags/retry_tasks1.py for tasks to queue
[2022-07-30 17:00:13,326] {logging_mixin.py:115} INFO - [2022-07-30 17:00:13,326] {dagbag.py:507} INFO - Filling up the DagBag from /opt/airflow/dags/basic_dags/retry_tasks1.py
[2022-07-30 17:00:13,337] {processor.py:651} INFO - DAG(s) dict_keys(['retry_tasks_new']) retrieved from /opt/airflow/dags/basic_dags/retry_tasks1.py
[2022-07-30 17:00:13,368] {logging_mixin.py:115} INFO - [2022-07-30 17:00:13,367] {dag.py:2379} INFO - Sync 1 DAGs
[2022-07-30 17:00:13,400] {logging_mixin.py:115} INFO - [2022-07-30 17:00:13,400] {dag.py:2931} INFO - Setting next_dagrun for retry_tasks_new to 2022-07-24T06:00:00+00:00, run_after=2022-07-24T07:00:00+00:00
[2022-07-30 17:00:13,420] {processor.py:161} INFO - Processing /opt/airflow/dags/basic_dags/retry_tasks1.py took 0.099 seconds
[2022-07-30 17:00:44,247] {processor.py:153} INFO - Started process (PID=2567) to work on /opt/airflow/dags/basic_dags/retry_tasks1.py
[2022-07-30 17:00:44,248] {processor.py:641} INFO - Processing file /opt/airflow/dags/basic_dags/retry_tasks1.py for tasks to queue
[2022-07-30 17:00:44,248] {logging_mixin.py:115} INFO - [2022-07-30 17:00:44,248] {dagbag.py:507} INFO - Filling up the DagBag from /opt/airflow/dags/basic_dags/retry_tasks1.py
[2022-07-30 17:00:44,259] {processor.py:651} INFO - DAG(s) dict_keys(['retry_tasks_new']) retrieved from /opt/airflow/dags/basic_dags/retry_tasks1.py
[2022-07-30 17:00:44,289] {logging_mixin.py:115} INFO - [2022-07-30 17:00:44,289] {dag.py:2379} INFO - Sync 1 DAGs
[2022-07-30 17:00:44,321] {logging_mixin.py:115} INFO - [2022-07-30 17:00:44,321] {dag.py:2931} INFO - Setting next_dagrun for retry_tasks_new to 2022-07-24T06:00:00+00:00, run_after=2022-07-24T07:00:00+00:00
[2022-07-30 17:00:44,337] {processor.py:161} INFO - Processing /opt/airflow/dags/basic_dags/retry_tasks1.py took 0.094 seconds
[2022-07-30 17:01:14,905] {processor.py:153} INFO - Started process (PID=2652) to work on /opt/airflow/dags/basic_dags/retry_tasks1.py
[2022-07-30 17:01:14,908] {processor.py:641} INFO - Processing file /opt/airflow/dags/basic_dags/retry_tasks1.py for tasks to queue
[2022-07-30 17:01:14,908] {logging_mixin.py:115} INFO - [2022-07-30 17:01:14,908] {dagbag.py:507} INFO - Filling up the DagBag from /opt/airflow/dags/basic_dags/retry_tasks1.py
[2022-07-30 17:01:14,926] {processor.py:651} INFO - DAG(s) dict_keys(['retry_tasks_new']) retrieved from /opt/airflow/dags/basic_dags/retry_tasks1.py
[2022-07-30 17:01:14,968] {logging_mixin.py:115} INFO - [2022-07-30 17:01:14,967] {dag.py:2379} INFO - Sync 1 DAGs
[2022-07-30 17:01:15,005] {logging_mixin.py:115} INFO - [2022-07-30 17:01:15,004] {dag.py:2931} INFO - Setting next_dagrun for retry_tasks_new to 2022-07-24T06:00:00+00:00, run_after=2022-07-24T07:00:00+00:00
[2022-07-30 17:01:15,038] {processor.py:161} INFO - Processing /opt/airflow/dags/basic_dags/retry_tasks1.py took 0.141 seconds
[2022-07-30 17:01:45,097] {processor.py:153} INFO - Started process (PID=2728) to work on /opt/airflow/dags/basic_dags/retry_tasks1.py
[2022-07-30 17:01:45,098] {processor.py:641} INFO - Processing file /opt/airflow/dags/basic_dags/retry_tasks1.py for tasks to queue
[2022-07-30 17:01:45,099] {logging_mixin.py:115} INFO - [2022-07-30 17:01:45,099] {dagbag.py:507} INFO - Filling up the DagBag from /opt/airflow/dags/basic_dags/retry_tasks1.py
[2022-07-30 17:01:45,117] {processor.py:651} INFO - DAG(s) dict_keys(['retry_tasks_new']) retrieved from /opt/airflow/dags/basic_dags/retry_tasks1.py
[2022-07-30 17:01:45,227] {logging_mixin.py:115} INFO - [2022-07-30 17:01:45,227] {dag.py:2379} INFO - Sync 1 DAGs
[2022-07-30 17:01:45,289] {logging_mixin.py:115} INFO - [2022-07-30 17:01:45,289] {dag.py:2931} INFO - Setting next_dagrun for retry_tasks_new to 2022-07-24T06:00:00+00:00, run_after=2022-07-24T07:00:00+00:00
[2022-07-30 17:01:45,321] {processor.py:161} INFO - Processing /opt/airflow/dags/basic_dags/retry_tasks1.py took 0.236 seconds
[2022-07-30 17:02:15,958] {processor.py:153} INFO - Started process (PID=2802) to work on /opt/airflow/dags/basic_dags/retry_tasks1.py
[2022-07-30 17:02:15,966] {processor.py:641} INFO - Processing file /opt/airflow/dags/basic_dags/retry_tasks1.py for tasks to queue
[2022-07-30 17:02:15,966] {logging_mixin.py:115} INFO - [2022-07-30 17:02:15,966] {dagbag.py:507} INFO - Filling up the DagBag from /opt/airflow/dags/basic_dags/retry_tasks1.py
[2022-07-30 17:02:15,987] {processor.py:651} INFO - DAG(s) dict_keys(['retry_tasks_new']) retrieved from /opt/airflow/dags/basic_dags/retry_tasks1.py
[2022-07-30 17:02:16,060] {logging_mixin.py:115} INFO - [2022-07-30 17:02:16,060] {dag.py:2379} INFO - Sync 1 DAGs
[2022-07-30 17:02:16,120] {logging_mixin.py:115} INFO - [2022-07-30 17:02:16,120] {dag.py:2931} INFO - Setting next_dagrun for retry_tasks_new to 2022-07-24T06:00:00+00:00, run_after=2022-07-24T07:00:00+00:00
[2022-07-30 17:02:16,142] {processor.py:161} INFO - Processing /opt/airflow/dags/basic_dags/retry_tasks1.py took 0.188 seconds
[2022-07-30 17:02:46,880] {processor.py:153} INFO - Started process (PID=2890) to work on /opt/airflow/dags/basic_dags/retry_tasks1.py
[2022-07-30 17:02:46,881] {processor.py:641} INFO - Processing file /opt/airflow/dags/basic_dags/retry_tasks1.py for tasks to queue
[2022-07-30 17:02:46,881] {logging_mixin.py:115} INFO - [2022-07-30 17:02:46,881] {dagbag.py:507} INFO - Filling up the DagBag from /opt/airflow/dags/basic_dags/retry_tasks1.py
[2022-07-30 17:02:46,894] {processor.py:651} INFO - DAG(s) dict_keys(['retry_tasks_new']) retrieved from /opt/airflow/dags/basic_dags/retry_tasks1.py
[2022-07-30 17:02:46,925] {logging_mixin.py:115} INFO - [2022-07-30 17:02:46,925] {dag.py:2379} INFO - Sync 1 DAGs
[2022-07-30 17:02:46,956] {logging_mixin.py:115} INFO - [2022-07-30 17:02:46,956] {dag.py:2931} INFO - Setting next_dagrun for retry_tasks_new to 2022-07-24T06:00:00+00:00, run_after=2022-07-24T07:00:00+00:00
[2022-07-30 17:02:46,970] {processor.py:161} INFO - Processing /opt/airflow/dags/basic_dags/retry_tasks1.py took 0.094 seconds
[2022-07-30 17:03:17,855] {processor.py:153} INFO - Started process (PID=2963) to work on /opt/airflow/dags/basic_dags/retry_tasks1.py
[2022-07-30 17:03:17,868] {processor.py:641} INFO - Processing file /opt/airflow/dags/basic_dags/retry_tasks1.py for tasks to queue
[2022-07-30 17:03:17,869] {logging_mixin.py:115} INFO - [2022-07-30 17:03:17,868] {dagbag.py:507} INFO - Filling up the DagBag from /opt/airflow/dags/basic_dags/retry_tasks1.py
[2022-07-30 17:03:17,899] {processor.py:651} INFO - DAG(s) dict_keys(['retry_tasks_new']) retrieved from /opt/airflow/dags/basic_dags/retry_tasks1.py
[2022-07-30 17:03:17,972] {logging_mixin.py:115} INFO - [2022-07-30 17:03:17,972] {dag.py:2379} INFO - Sync 1 DAGs
[2022-07-30 17:03:18,038] {logging_mixin.py:115} INFO - [2022-07-30 17:03:18,038] {dag.py:2931} INFO - Setting next_dagrun for retry_tasks_new to 2022-07-24T06:00:00+00:00, run_after=2022-07-24T07:00:00+00:00
[2022-07-30 17:03:18,064] {processor.py:161} INFO - Processing /opt/airflow/dags/basic_dags/retry_tasks1.py took 0.212 seconds
[2022-07-30 17:03:48,491] {processor.py:153} INFO - Started process (PID=3046) to work on /opt/airflow/dags/basic_dags/retry_tasks1.py
[2022-07-30 17:03:48,491] {processor.py:641} INFO - Processing file /opt/airflow/dags/basic_dags/retry_tasks1.py for tasks to queue
[2022-07-30 17:03:48,492] {logging_mixin.py:115} INFO - [2022-07-30 17:03:48,492] {dagbag.py:507} INFO - Filling up the DagBag from /opt/airflow/dags/basic_dags/retry_tasks1.py
[2022-07-30 17:03:48,503] {processor.py:651} INFO - DAG(s) dict_keys(['retry_tasks_new']) retrieved from /opt/airflow/dags/basic_dags/retry_tasks1.py
[2022-07-30 17:03:48,557] {logging_mixin.py:115} INFO - [2022-07-30 17:03:48,557] {dag.py:2379} INFO - Sync 1 DAGs
[2022-07-30 17:03:48,614] {logging_mixin.py:115} INFO - [2022-07-30 17:03:48,614] {dag.py:2931} INFO - Setting next_dagrun for retry_tasks_new to 2022-07-24T06:00:00+00:00, run_after=2022-07-24T07:00:00+00:00
[2022-07-30 17:03:48,641] {processor.py:161} INFO - Processing /opt/airflow/dags/basic_dags/retry_tasks1.py took 0.154 seconds
[2022-07-30 17:04:19,324] {processor.py:153} INFO - Started process (PID=3120) to work on /opt/airflow/dags/basic_dags/retry_tasks1.py
[2022-07-30 17:04:19,333] {processor.py:641} INFO - Processing file /opt/airflow/dags/basic_dags/retry_tasks1.py for tasks to queue
[2022-07-30 17:04:19,333] {logging_mixin.py:115} INFO - [2022-07-30 17:04:19,333] {dagbag.py:507} INFO - Filling up the DagBag from /opt/airflow/dags/basic_dags/retry_tasks1.py
[2022-07-30 17:04:19,348] {processor.py:651} INFO - DAG(s) dict_keys(['retry_tasks_new']) retrieved from /opt/airflow/dags/basic_dags/retry_tasks1.py
[2022-07-30 17:04:19,419] {logging_mixin.py:115} INFO - [2022-07-30 17:04:19,419] {dag.py:2379} INFO - Sync 1 DAGs
[2022-07-30 17:04:19,487] {logging_mixin.py:115} INFO - [2022-07-30 17:04:19,487] {dag.py:2931} INFO - Setting next_dagrun for retry_tasks_new to 2022-07-24T06:00:00+00:00, run_after=2022-07-24T07:00:00+00:00
[2022-07-30 17:04:19,524] {processor.py:161} INFO - Processing /opt/airflow/dags/basic_dags/retry_tasks1.py took 0.203 seconds
[2022-07-30 17:04:49,807] {processor.py:153} INFO - Started process (PID=3205) to work on /opt/airflow/dags/basic_dags/retry_tasks1.py
[2022-07-30 17:04:49,807] {processor.py:641} INFO - Processing file /opt/airflow/dags/basic_dags/retry_tasks1.py for tasks to queue
[2022-07-30 17:04:49,808] {logging_mixin.py:115} INFO - [2022-07-30 17:04:49,808] {dagbag.py:507} INFO - Filling up the DagBag from /opt/airflow/dags/basic_dags/retry_tasks1.py
[2022-07-30 17:04:49,824] {processor.py:651} INFO - DAG(s) dict_keys(['retry_tasks_new']) retrieved from /opt/airflow/dags/basic_dags/retry_tasks1.py
[2022-07-30 17:04:49,858] {logging_mixin.py:115} INFO - [2022-07-30 17:04:49,858] {dag.py:2379} INFO - Sync 1 DAGs
[2022-07-30 17:04:49,900] {logging_mixin.py:115} INFO - [2022-07-30 17:04:49,900] {dag.py:2931} INFO - Setting next_dagrun for retry_tasks_new to 2022-07-24T06:00:00+00:00, run_after=2022-07-24T07:00:00+00:00
[2022-07-30 17:04:49,948] {processor.py:161} INFO - Processing /opt/airflow/dags/basic_dags/retry_tasks1.py took 0.145 seconds
[2022-07-30 17:05:20,430] {processor.py:153} INFO - Started process (PID=3278) to work on /opt/airflow/dags/basic_dags/retry_tasks1.py
[2022-07-30 17:05:20,436] {processor.py:641} INFO - Processing file /opt/airflow/dags/basic_dags/retry_tasks1.py for tasks to queue
[2022-07-30 17:05:20,436] {logging_mixin.py:115} INFO - [2022-07-30 17:05:20,436] {dagbag.py:507} INFO - Filling up the DagBag from /opt/airflow/dags/basic_dags/retry_tasks1.py
[2022-07-30 17:05:20,451] {processor.py:651} INFO - DAG(s) dict_keys(['retry_tasks_new']) retrieved from /opt/airflow/dags/basic_dags/retry_tasks1.py
[2022-07-30 17:05:20,532] {logging_mixin.py:115} INFO - [2022-07-30 17:05:20,531] {dag.py:2379} INFO - Sync 1 DAGs
[2022-07-30 17:05:20,594] {logging_mixin.py:115} INFO - [2022-07-30 17:05:20,594] {dag.py:2931} INFO - Setting next_dagrun for retry_tasks_new to 2022-07-24T06:00:00+00:00, run_after=2022-07-24T07:00:00+00:00
[2022-07-30 17:05:20,624] {processor.py:161} INFO - Processing /opt/airflow/dags/basic_dags/retry_tasks1.py took 0.202 seconds
[2022-07-30 17:05:51,153] {processor.py:153} INFO - Started process (PID=3368) to work on /opt/airflow/dags/basic_dags/retry_tasks1.py
[2022-07-30 17:05:51,153] {processor.py:641} INFO - Processing file /opt/airflow/dags/basic_dags/retry_tasks1.py for tasks to queue
[2022-07-30 17:05:51,154] {logging_mixin.py:115} INFO - [2022-07-30 17:05:51,154] {dagbag.py:507} INFO - Filling up the DagBag from /opt/airflow/dags/basic_dags/retry_tasks1.py
[2022-07-30 17:05:51,189] {processor.py:651} INFO - DAG(s) dict_keys(['retry_tasks_new']) retrieved from /opt/airflow/dags/basic_dags/retry_tasks1.py
[2022-07-30 17:05:51,260] {logging_mixin.py:115} INFO - [2022-07-30 17:05:51,260] {dag.py:2379} INFO - Sync 1 DAGs
[2022-07-30 17:05:51,352] {logging_mixin.py:115} INFO - [2022-07-30 17:05:51,352] {dag.py:2931} INFO - Setting next_dagrun for retry_tasks_new to 2022-07-24T06:00:00+00:00, run_after=2022-07-24T07:00:00+00:00
[2022-07-30 17:05:51,368] {processor.py:161} INFO - Processing /opt/airflow/dags/basic_dags/retry_tasks1.py took 0.228 seconds
[2022-07-30 17:06:22,024] {processor.py:153} INFO - Started process (PID=3443) to work on /opt/airflow/dags/basic_dags/retry_tasks1.py
[2022-07-30 17:06:22,025] {processor.py:641} INFO - Processing file /opt/airflow/dags/basic_dags/retry_tasks1.py for tasks to queue
[2022-07-30 17:06:22,026] {logging_mixin.py:115} INFO - [2022-07-30 17:06:22,026] {dagbag.py:507} INFO - Filling up the DagBag from /opt/airflow/dags/basic_dags/retry_tasks1.py
[2022-07-30 17:06:22,053] {processor.py:651} INFO - DAG(s) dict_keys(['retry_tasks_new']) retrieved from /opt/airflow/dags/basic_dags/retry_tasks1.py
[2022-07-30 17:06:22,101] {logging_mixin.py:115} INFO - [2022-07-30 17:06:22,101] {dag.py:2379} INFO - Sync 1 DAGs
[2022-07-30 17:06:22,135] {logging_mixin.py:115} INFO - [2022-07-30 17:06:22,135] {dag.py:2931} INFO - Setting next_dagrun for retry_tasks_new to 2022-07-24T06:00:00+00:00, run_after=2022-07-24T07:00:00+00:00
[2022-07-30 17:06:22,154] {processor.py:161} INFO - Processing /opt/airflow/dags/basic_dags/retry_tasks1.py took 0.147 seconds
[2022-07-30 17:06:52,558] {processor.py:153} INFO - Started process (PID=3525) to work on /opt/airflow/dags/basic_dags/retry_tasks1.py
[2022-07-30 17:06:52,558] {processor.py:641} INFO - Processing file /opt/airflow/dags/basic_dags/retry_tasks1.py for tasks to queue
[2022-07-30 17:06:52,559] {logging_mixin.py:115} INFO - [2022-07-30 17:06:52,559] {dagbag.py:507} INFO - Filling up the DagBag from /opt/airflow/dags/basic_dags/retry_tasks1.py
[2022-07-30 17:06:52,569] {processor.py:651} INFO - DAG(s) dict_keys(['retry_tasks_new']) retrieved from /opt/airflow/dags/basic_dags/retry_tasks1.py
[2022-07-30 17:06:52,618] {logging_mixin.py:115} INFO - [2022-07-30 17:06:52,617] {dag.py:2379} INFO - Sync 1 DAGs
[2022-07-30 17:06:52,687] {logging_mixin.py:115} INFO - [2022-07-30 17:06:52,687] {dag.py:2931} INFO - Setting next_dagrun for retry_tasks_new to 2022-07-24T06:00:00+00:00, run_after=2022-07-24T07:00:00+00:00
[2022-07-30 17:06:52,717] {processor.py:161} INFO - Processing /opt/airflow/dags/basic_dags/retry_tasks1.py took 0.163 seconds
[2022-07-30 17:07:22,843] {processor.py:153} INFO - Started process (PID=3599) to work on /opt/airflow/dags/basic_dags/retry_tasks1.py
[2022-07-30 17:07:22,852] {processor.py:641} INFO - Processing file /opt/airflow/dags/basic_dags/retry_tasks1.py for tasks to queue
[2022-07-30 17:07:22,853] {logging_mixin.py:115} INFO - [2022-07-30 17:07:22,852] {dagbag.py:507} INFO - Filling up the DagBag from /opt/airflow/dags/basic_dags/retry_tasks1.py
[2022-07-30 17:07:22,871] {processor.py:651} INFO - DAG(s) dict_keys(['retry_tasks_new']) retrieved from /opt/airflow/dags/basic_dags/retry_tasks1.py
[2022-07-30 17:07:22,930] {logging_mixin.py:115} INFO - [2022-07-30 17:07:22,930] {dag.py:2379} INFO - Sync 1 DAGs
[2022-07-30 17:07:22,988] {logging_mixin.py:115} INFO - [2022-07-30 17:07:22,988] {dag.py:2931} INFO - Setting next_dagrun for retry_tasks_new to 2022-07-24T06:00:00+00:00, run_after=2022-07-24T07:00:00+00:00
[2022-07-30 17:07:23,013] {processor.py:161} INFO - Processing /opt/airflow/dags/basic_dags/retry_tasks1.py took 0.174 seconds
[2022-07-30 17:07:53,473] {processor.py:153} INFO - Started process (PID=3671) to work on /opt/airflow/dags/basic_dags/retry_tasks1.py
[2022-07-30 17:07:53,474] {processor.py:641} INFO - Processing file /opt/airflow/dags/basic_dags/retry_tasks1.py for tasks to queue
[2022-07-30 17:07:53,474] {logging_mixin.py:115} INFO - [2022-07-30 17:07:53,474] {dagbag.py:507} INFO - Filling up the DagBag from /opt/airflow/dags/basic_dags/retry_tasks1.py
[2022-07-30 17:07:53,553] {processor.py:651} INFO - DAG(s) dict_keys(['retry_tasks_new']) retrieved from /opt/airflow/dags/basic_dags/retry_tasks1.py
[2022-07-30 17:07:53,630] {logging_mixin.py:115} INFO - [2022-07-30 17:07:53,630] {dag.py:2379} INFO - Sync 1 DAGs
[2022-07-30 17:07:53,698] {logging_mixin.py:115} INFO - [2022-07-30 17:07:53,698] {dag.py:2931} INFO - Setting next_dagrun for retry_tasks_new to 2022-07-24T06:00:00+00:00, run_after=2022-07-24T07:00:00+00:00
[2022-07-30 17:07:53,730] {processor.py:161} INFO - Processing /opt/airflow/dags/basic_dags/retry_tasks1.py took 0.270 seconds
[2022-07-30 17:08:24,274] {processor.py:153} INFO - Started process (PID=3758) to work on /opt/airflow/dags/basic_dags/retry_tasks1.py
[2022-07-30 17:08:24,275] {processor.py:641} INFO - Processing file /opt/airflow/dags/basic_dags/retry_tasks1.py for tasks to queue
[2022-07-30 17:08:24,276] {logging_mixin.py:115} INFO - [2022-07-30 17:08:24,276] {dagbag.py:507} INFO - Filling up the DagBag from /opt/airflow/dags/basic_dags/retry_tasks1.py
[2022-07-30 17:08:24,288] {processor.py:651} INFO - DAG(s) dict_keys(['retry_tasks_new']) retrieved from /opt/airflow/dags/basic_dags/retry_tasks1.py
[2022-07-30 17:08:24,340] {logging_mixin.py:115} INFO - [2022-07-30 17:08:24,340] {dag.py:2379} INFO - Sync 1 DAGs
[2022-07-30 17:08:24,384] {logging_mixin.py:115} INFO - [2022-07-30 17:08:24,384] {dag.py:2931} INFO - Setting next_dagrun for retry_tasks_new to 2022-07-24T06:00:00+00:00, run_after=2022-07-24T07:00:00+00:00
[2022-07-30 17:08:24,408] {processor.py:161} INFO - Processing /opt/airflow/dags/basic_dags/retry_tasks1.py took 0.138 seconds
[2022-07-30 17:08:54,772] {processor.py:153} INFO - Started process (PID=3834) to work on /opt/airflow/dags/basic_dags/retry_tasks1.py
[2022-07-30 17:08:54,772] {processor.py:641} INFO - Processing file /opt/airflow/dags/basic_dags/retry_tasks1.py for tasks to queue
[2022-07-30 17:08:54,773] {logging_mixin.py:115} INFO - [2022-07-30 17:08:54,773] {dagbag.py:507} INFO - Filling up the DagBag from /opt/airflow/dags/basic_dags/retry_tasks1.py
[2022-07-30 17:08:54,791] {processor.py:651} INFO - DAG(s) dict_keys(['retry_tasks_new']) retrieved from /opt/airflow/dags/basic_dags/retry_tasks1.py
[2022-07-30 17:08:54,867] {logging_mixin.py:115} INFO - [2022-07-30 17:08:54,867] {dag.py:2379} INFO - Sync 1 DAGs
[2022-07-30 17:08:54,934] {logging_mixin.py:115} INFO - [2022-07-30 17:08:54,934] {dag.py:2931} INFO - Setting next_dagrun for retry_tasks_new to 2022-07-24T06:00:00+00:00, run_after=2022-07-24T07:00:00+00:00
[2022-07-30 17:08:54,979] {processor.py:161} INFO - Processing /opt/airflow/dags/basic_dags/retry_tasks1.py took 0.211 seconds
[2022-07-30 17:09:25,929] {processor.py:153} INFO - Started process (PID=3916) to work on /opt/airflow/dags/basic_dags/retry_tasks1.py
[2022-07-30 17:09:25,930] {processor.py:641} INFO - Processing file /opt/airflow/dags/basic_dags/retry_tasks1.py for tasks to queue
[2022-07-30 17:09:25,930] {logging_mixin.py:115} INFO - [2022-07-30 17:09:25,930] {dagbag.py:507} INFO - Filling up the DagBag from /opt/airflow/dags/basic_dags/retry_tasks1.py
[2022-07-30 17:09:25,941] {processor.py:651} INFO - DAG(s) dict_keys(['retry_tasks_new']) retrieved from /opt/airflow/dags/basic_dags/retry_tasks1.py
[2022-07-30 17:09:25,972] {logging_mixin.py:115} INFO - [2022-07-30 17:09:25,972] {dag.py:2379} INFO - Sync 1 DAGs
[2022-07-30 17:09:26,174] {logging_mixin.py:115} INFO - [2022-07-30 17:09:26,174] {dag.py:2931} INFO - Setting next_dagrun for retry_tasks_new to 2022-07-24T06:00:00+00:00, run_after=2022-07-24T07:00:00+00:00
[2022-07-30 17:09:26,202] {processor.py:161} INFO - Processing /opt/airflow/dags/basic_dags/retry_tasks1.py took 0.279 seconds
[2022-07-30 17:09:58,486] {processor.py:153} INFO - Started process (PID=4000) to work on /opt/airflow/dags/basic_dags/retry_tasks1.py
[2022-07-30 17:09:58,486] {processor.py:641} INFO - Processing file /opt/airflow/dags/basic_dags/retry_tasks1.py for tasks to queue
[2022-07-30 17:09:58,487] {logging_mixin.py:115} INFO - [2022-07-30 17:09:58,487] {dagbag.py:507} INFO - Filling up the DagBag from /opt/airflow/dags/basic_dags/retry_tasks1.py
[2022-07-30 17:09:58,509] {processor.py:651} INFO - DAG(s) dict_keys(['retry_tasks_new']) retrieved from /opt/airflow/dags/basic_dags/retry_tasks1.py
[2022-07-30 17:09:58,560] {logging_mixin.py:115} INFO - [2022-07-30 17:09:58,560] {dag.py:2379} INFO - Sync 1 DAGs
[2022-07-30 17:09:58,914] {logging_mixin.py:115} INFO - [2022-07-30 17:09:58,914] {dag.py:2931} INFO - Setting next_dagrun for retry_tasks_new to 2022-07-24T06:00:00+00:00, run_after=2022-07-24T07:00:00+00:00
[2022-07-30 17:09:58,932] {processor.py:161} INFO - Processing /opt/airflow/dags/basic_dags/retry_tasks1.py took 0.453 seconds
[2022-07-30 17:10:29,786] {processor.py:153} INFO - Started process (PID=4074) to work on /opt/airflow/dags/basic_dags/retry_tasks1.py
[2022-07-30 17:10:29,790] {processor.py:641} INFO - Processing file /opt/airflow/dags/basic_dags/retry_tasks1.py for tasks to queue
[2022-07-30 17:10:29,790] {logging_mixin.py:115} INFO - [2022-07-30 17:10:29,790] {dagbag.py:507} INFO - Filling up the DagBag from /opt/airflow/dags/basic_dags/retry_tasks1.py
[2022-07-30 17:10:29,852] {processor.py:651} INFO - DAG(s) dict_keys(['retry_tasks_new']) retrieved from /opt/airflow/dags/basic_dags/retry_tasks1.py
[2022-07-30 17:10:29,996] {logging_mixin.py:115} INFO - [2022-07-30 17:10:29,996] {dag.py:2379} INFO - Sync 1 DAGs
[2022-07-30 17:10:30,083] {logging_mixin.py:115} INFO - [2022-07-30 17:10:30,083] {dag.py:2931} INFO - Setting next_dagrun for retry_tasks_new to 2022-07-24T06:00:00+00:00, run_after=2022-07-24T07:00:00+00:00
[2022-07-30 17:10:30,347] {processor.py:161} INFO - Processing /opt/airflow/dags/basic_dags/retry_tasks1.py took 0.578 seconds
[2022-07-30 17:11:02,334] {processor.py:153} INFO - Started process (PID=4164) to work on /opt/airflow/dags/basic_dags/retry_tasks1.py
[2022-07-30 17:11:02,335] {processor.py:641} INFO - Processing file /opt/airflow/dags/basic_dags/retry_tasks1.py for tasks to queue
[2022-07-30 17:11:02,338] {logging_mixin.py:115} INFO - [2022-07-30 17:11:02,338] {dagbag.py:507} INFO - Filling up the DagBag from /opt/airflow/dags/basic_dags/retry_tasks1.py
[2022-07-30 17:11:02,351] {processor.py:651} INFO - DAG(s) dict_keys(['retry_tasks_new']) retrieved from /opt/airflow/dags/basic_dags/retry_tasks1.py
[2022-07-30 17:11:02,418] {logging_mixin.py:115} INFO - [2022-07-30 17:11:02,417] {dag.py:2379} INFO - Sync 1 DAGs
[2022-07-30 17:11:02,899] {logging_mixin.py:115} INFO - [2022-07-30 17:11:02,899] {dag.py:2931} INFO - Setting next_dagrun for retry_tasks_new to 2022-07-24T06:00:00+00:00, run_after=2022-07-24T07:00:00+00:00
[2022-07-30 17:11:02,929] {processor.py:161} INFO - Processing /opt/airflow/dags/basic_dags/retry_tasks1.py took 0.598 seconds
[2022-07-30 17:11:33,380] {processor.py:153} INFO - Started process (PID=4237) to work on /opt/airflow/dags/basic_dags/retry_tasks1.py
[2022-07-30 17:11:33,381] {processor.py:641} INFO - Processing file /opt/airflow/dags/basic_dags/retry_tasks1.py for tasks to queue
[2022-07-30 17:11:33,381] {logging_mixin.py:115} INFO - [2022-07-30 17:11:33,381] {dagbag.py:507} INFO - Filling up the DagBag from /opt/airflow/dags/basic_dags/retry_tasks1.py
[2022-07-30 17:11:33,392] {processor.py:651} INFO - DAG(s) dict_keys(['retry_tasks_new']) retrieved from /opt/airflow/dags/basic_dags/retry_tasks1.py
[2022-07-30 17:11:33,421] {logging_mixin.py:115} INFO - [2022-07-30 17:11:33,421] {dag.py:2379} INFO - Sync 1 DAGs
[2022-07-30 17:11:33,585] {logging_mixin.py:115} INFO - [2022-07-30 17:11:33,585] {dag.py:2931} INFO - Setting next_dagrun for retry_tasks_new to 2022-07-24T06:00:00+00:00, run_after=2022-07-24T07:00:00+00:00
[2022-07-30 17:11:33,600] {processor.py:161} INFO - Processing /opt/airflow/dags/basic_dags/retry_tasks1.py took 0.223 seconds
[2022-07-30 17:12:06,387] {processor.py:153} INFO - Started process (PID=4319) to work on /opt/airflow/dags/basic_dags/retry_tasks1.py
[2022-07-30 17:12:06,400] {processor.py:641} INFO - Processing file /opt/airflow/dags/basic_dags/retry_tasks1.py for tasks to queue
[2022-07-30 17:12:06,401] {logging_mixin.py:115} INFO - [2022-07-30 17:12:06,400] {dagbag.py:507} INFO - Filling up the DagBag from /opt/airflow/dags/basic_dags/retry_tasks1.py
[2022-07-30 17:12:06,455] {processor.py:651} INFO - DAG(s) dict_keys(['retry_tasks_new']) retrieved from /opt/airflow/dags/basic_dags/retry_tasks1.py
[2022-07-30 17:12:06,512] {logging_mixin.py:115} INFO - [2022-07-30 17:12:06,512] {dag.py:2379} INFO - Sync 1 DAGs
[2022-07-30 17:12:07,098] {logging_mixin.py:115} INFO - [2022-07-30 17:12:07,097] {dag.py:2931} INFO - Setting next_dagrun for retry_tasks_new to 2022-07-24T06:00:00+00:00, run_after=2022-07-24T07:00:00+00:00
[2022-07-30 17:12:07,128] {processor.py:161} INFO - Processing /opt/airflow/dags/basic_dags/retry_tasks1.py took 0.769 seconds
[2022-07-30 17:12:37,378] {processor.py:153} INFO - Started process (PID=4393) to work on /opt/airflow/dags/basic_dags/retry_tasks1.py
[2022-07-30 17:12:37,378] {processor.py:641} INFO - Processing file /opt/airflow/dags/basic_dags/retry_tasks1.py for tasks to queue
[2022-07-30 17:12:37,379] {logging_mixin.py:115} INFO - [2022-07-30 17:12:37,379] {dagbag.py:507} INFO - Filling up the DagBag from /opt/airflow/dags/basic_dags/retry_tasks1.py
[2022-07-30 17:12:37,389] {processor.py:651} INFO - DAG(s) dict_keys(['retry_tasks_new']) retrieved from /opt/airflow/dags/basic_dags/retry_tasks1.py
[2022-07-30 17:12:37,420] {logging_mixin.py:115} INFO - [2022-07-30 17:12:37,420] {dag.py:2379} INFO - Sync 1 DAGs
[2022-07-30 17:12:37,638] {logging_mixin.py:115} INFO - [2022-07-30 17:12:37,638] {dag.py:2931} INFO - Setting next_dagrun for retry_tasks_new to 2022-07-24T06:00:00+00:00, run_after=2022-07-24T07:00:00+00:00
[2022-07-30 17:12:37,652] {processor.py:161} INFO - Processing /opt/airflow/dags/basic_dags/retry_tasks1.py took 0.278 seconds
[2022-07-30 17:13:07,731] {processor.py:153} INFO - Started process (PID=4467) to work on /opt/airflow/dags/basic_dags/retry_tasks1.py
[2022-07-30 17:13:07,731] {processor.py:641} INFO - Processing file /opt/airflow/dags/basic_dags/retry_tasks1.py for tasks to queue
[2022-07-30 17:13:07,732] {logging_mixin.py:115} INFO - [2022-07-30 17:13:07,732] {dagbag.py:507} INFO - Filling up the DagBag from /opt/airflow/dags/basic_dags/retry_tasks1.py
[2022-07-30 17:13:07,743] {processor.py:651} INFO - DAG(s) dict_keys(['retry_tasks_new']) retrieved from /opt/airflow/dags/basic_dags/retry_tasks1.py
[2022-07-30 17:13:07,788] {logging_mixin.py:115} INFO - [2022-07-30 17:13:07,788] {dag.py:2379} INFO - Sync 1 DAGs
[2022-07-30 17:13:07,948] {logging_mixin.py:115} INFO - [2022-07-30 17:13:07,948] {dag.py:2931} INFO - Setting next_dagrun for retry_tasks_new to 2022-07-24T06:00:00+00:00, run_after=2022-07-24T07:00:00+00:00
[2022-07-30 17:13:07,959] {processor.py:161} INFO - Processing /opt/airflow/dags/basic_dags/retry_tasks1.py took 0.232 seconds
[2022-07-30 17:13:38,426] {processor.py:153} INFO - Started process (PID=4539) to work on /opt/airflow/dags/basic_dags/retry_tasks1.py
[2022-07-30 17:13:38,440] {processor.py:641} INFO - Processing file /opt/airflow/dags/basic_dags/retry_tasks1.py for tasks to queue
[2022-07-30 17:13:38,441] {logging_mixin.py:115} INFO - [2022-07-30 17:13:38,441] {dagbag.py:507} INFO - Filling up the DagBag from /opt/airflow/dags/basic_dags/retry_tasks1.py
[2022-07-30 17:13:38,523] {processor.py:651} INFO - DAG(s) dict_keys(['retry_tasks_new']) retrieved from /opt/airflow/dags/basic_dags/retry_tasks1.py
[2022-07-30 17:13:38,656] {logging_mixin.py:115} INFO - [2022-07-30 17:13:38,656] {dag.py:2379} INFO - Sync 1 DAGs
[2022-07-30 17:13:39,349] {logging_mixin.py:115} INFO - [2022-07-30 17:13:39,349] {dag.py:2931} INFO - Setting next_dagrun for retry_tasks_new to 2022-07-24T06:00:00+00:00, run_after=2022-07-24T07:00:00+00:00
[2022-07-30 17:13:39,448] {processor.py:161} INFO - Processing /opt/airflow/dags/basic_dags/retry_tasks1.py took 1.038 seconds
[2022-07-30 17:14:09,620] {processor.py:153} INFO - Started process (PID=4620) to work on /opt/airflow/dags/basic_dags/retry_tasks1.py
[2022-07-30 17:14:09,620] {processor.py:641} INFO - Processing file /opt/airflow/dags/basic_dags/retry_tasks1.py for tasks to queue
[2022-07-30 17:14:09,621] {logging_mixin.py:115} INFO - [2022-07-30 17:14:09,621] {dagbag.py:507} INFO - Filling up the DagBag from /opt/airflow/dags/basic_dags/retry_tasks1.py
[2022-07-30 17:14:09,644] {processor.py:651} INFO - DAG(s) dict_keys(['retry_tasks_new']) retrieved from /opt/airflow/dags/basic_dags/retry_tasks1.py
[2022-07-30 17:14:09,678] {logging_mixin.py:115} INFO - [2022-07-30 17:14:09,678] {dag.py:2379} INFO - Sync 1 DAGs
[2022-07-30 17:14:09,711] {logging_mixin.py:115} INFO - [2022-07-30 17:14:09,710] {dag.py:2931} INFO - Setting next_dagrun for retry_tasks_new to 2022-07-24T06:00:00+00:00, run_after=2022-07-24T07:00:00+00:00
[2022-07-30 17:14:09,724] {processor.py:161} INFO - Processing /opt/airflow/dags/basic_dags/retry_tasks1.py took 0.108 seconds
[2022-07-30 17:14:40,395] {processor.py:153} INFO - Started process (PID=4692) to work on /opt/airflow/dags/basic_dags/retry_tasks1.py
[2022-07-30 17:14:40,396] {processor.py:641} INFO - Processing file /opt/airflow/dags/basic_dags/retry_tasks1.py for tasks to queue
[2022-07-30 17:14:40,397] {logging_mixin.py:115} INFO - [2022-07-30 17:14:40,396] {dagbag.py:507} INFO - Filling up the DagBag from /opt/airflow/dags/basic_dags/retry_tasks1.py
[2022-07-30 17:14:40,421] {processor.py:651} INFO - DAG(s) dict_keys(['retry_tasks_new']) retrieved from /opt/airflow/dags/basic_dags/retry_tasks1.py
[2022-07-30 17:14:40,477] {logging_mixin.py:115} INFO - [2022-07-30 17:14:40,477] {dag.py:2379} INFO - Sync 1 DAGs
[2022-07-30 17:14:40,520] {logging_mixin.py:115} INFO - [2022-07-30 17:14:40,520] {dag.py:2931} INFO - Setting next_dagrun for retry_tasks_new to 2022-07-24T06:00:00+00:00, run_after=2022-07-24T07:00:00+00:00
[2022-07-30 17:14:40,542] {processor.py:161} INFO - Processing /opt/airflow/dags/basic_dags/retry_tasks1.py took 0.158 seconds
[2022-07-30 17:15:10,789] {processor.py:153} INFO - Started process (PID=4764) to work on /opt/airflow/dags/basic_dags/retry_tasks1.py
[2022-07-30 17:15:10,789] {processor.py:641} INFO - Processing file /opt/airflow/dags/basic_dags/retry_tasks1.py for tasks to queue
[2022-07-30 17:15:10,790] {logging_mixin.py:115} INFO - [2022-07-30 17:15:10,790] {dagbag.py:507} INFO - Filling up the DagBag from /opt/airflow/dags/basic_dags/retry_tasks1.py
[2022-07-30 17:15:10,802] {processor.py:651} INFO - DAG(s) dict_keys(['retry_tasks_new']) retrieved from /opt/airflow/dags/basic_dags/retry_tasks1.py
[2022-07-30 17:15:10,843] {logging_mixin.py:115} INFO - [2022-07-30 17:15:10,843] {dag.py:2379} INFO - Sync 1 DAGs
[2022-07-30 17:15:10,886] {logging_mixin.py:115} INFO - [2022-07-30 17:15:10,883] {dag.py:2931} INFO - Setting next_dagrun for retry_tasks_new to 2022-07-24T06:00:00+00:00, run_after=2022-07-24T07:00:00+00:00
[2022-07-30 17:15:10,901] {processor.py:161} INFO - Processing /opt/airflow/dags/basic_dags/retry_tasks1.py took 0.117 seconds
[2022-07-30 17:15:41,857] {processor.py:153} INFO - Started process (PID=4847) to work on /opt/airflow/dags/basic_dags/retry_tasks1.py
[2022-07-30 17:15:41,869] {processor.py:641} INFO - Processing file /opt/airflow/dags/basic_dags/retry_tasks1.py for tasks to queue
[2022-07-30 17:15:41,869] {logging_mixin.py:115} INFO - [2022-07-30 17:15:41,869] {dagbag.py:507} INFO - Filling up the DagBag from /opt/airflow/dags/basic_dags/retry_tasks1.py
[2022-07-30 17:15:41,906] {processor.py:651} INFO - DAG(s) dict_keys(['retry_tasks_new']) retrieved from /opt/airflow/dags/basic_dags/retry_tasks1.py
[2022-07-30 17:15:41,962] {logging_mixin.py:115} INFO - [2022-07-30 17:15:41,962] {dag.py:2379} INFO - Sync 1 DAGs
[2022-07-30 17:15:42,035] {logging_mixin.py:115} INFO - [2022-07-30 17:15:42,034] {dag.py:2931} INFO - Setting next_dagrun for retry_tasks_new to 2022-07-24T06:00:00+00:00, run_after=2022-07-24T07:00:00+00:00
[2022-07-30 17:15:42,071] {processor.py:161} INFO - Processing /opt/airflow/dags/basic_dags/retry_tasks1.py took 0.218 seconds
[2022-07-30 17:16:12,399] {processor.py:153} INFO - Started process (PID=4923) to work on /opt/airflow/dags/basic_dags/retry_tasks1.py
[2022-07-30 17:16:12,400] {processor.py:641} INFO - Processing file /opt/airflow/dags/basic_dags/retry_tasks1.py for tasks to queue
[2022-07-30 17:16:12,401] {logging_mixin.py:115} INFO - [2022-07-30 17:16:12,400] {dagbag.py:507} INFO - Filling up the DagBag from /opt/airflow/dags/basic_dags/retry_tasks1.py
[2022-07-30 17:16:12,415] {processor.py:651} INFO - DAG(s) dict_keys(['retry_tasks_new']) retrieved from /opt/airflow/dags/basic_dags/retry_tasks1.py
[2022-07-30 17:16:12,451] {logging_mixin.py:115} INFO - [2022-07-30 17:16:12,451] {dag.py:2379} INFO - Sync 1 DAGs
[2022-07-30 17:16:12,497] {logging_mixin.py:115} INFO - [2022-07-30 17:16:12,497] {dag.py:2931} INFO - Setting next_dagrun for retry_tasks_new to 2022-07-24T06:00:00+00:00, run_after=2022-07-24T07:00:00+00:00
[2022-07-30 17:16:12,514] {processor.py:161} INFO - Processing /opt/airflow/dags/basic_dags/retry_tasks1.py took 0.119 seconds
[2022-07-30 17:16:42,612] {processor.py:153} INFO - Started process (PID=4995) to work on /opt/airflow/dags/basic_dags/retry_tasks1.py
[2022-07-30 17:16:42,613] {processor.py:641} INFO - Processing file /opt/airflow/dags/basic_dags/retry_tasks1.py for tasks to queue
[2022-07-30 17:16:42,614] {logging_mixin.py:115} INFO - [2022-07-30 17:16:42,613] {dagbag.py:507} INFO - Filling up the DagBag from /opt/airflow/dags/basic_dags/retry_tasks1.py
[2022-07-30 17:16:42,646] {processor.py:651} INFO - DAG(s) dict_keys(['retry_tasks_new']) retrieved from /opt/airflow/dags/basic_dags/retry_tasks1.py
[2022-07-30 17:16:42,683] {logging_mixin.py:115} INFO - [2022-07-30 17:16:42,683] {dag.py:2379} INFO - Sync 1 DAGs
[2022-07-30 17:16:42,722] {logging_mixin.py:115} INFO - [2022-07-30 17:16:42,722] {dag.py:2931} INFO - Setting next_dagrun for retry_tasks_new to 2022-07-24T06:00:00+00:00, run_after=2022-07-24T07:00:00+00:00
[2022-07-30 17:16:42,736] {processor.py:161} INFO - Processing /opt/airflow/dags/basic_dags/retry_tasks1.py took 0.130 seconds
[2022-07-30 17:17:13,447] {processor.py:153} INFO - Started process (PID=5072) to work on /opt/airflow/dags/basic_dags/retry_tasks1.py
[2022-07-30 17:17:13,448] {processor.py:641} INFO - Processing file /opt/airflow/dags/basic_dags/retry_tasks1.py for tasks to queue
[2022-07-30 17:17:13,448] {logging_mixin.py:115} INFO - [2022-07-30 17:17:13,448] {dagbag.py:507} INFO - Filling up the DagBag from /opt/airflow/dags/basic_dags/retry_tasks1.py
[2022-07-30 17:17:13,483] {processor.py:651} INFO - DAG(s) dict_keys(['retry_tasks_new']) retrieved from /opt/airflow/dags/basic_dags/retry_tasks1.py
[2022-07-30 17:17:13,557] {logging_mixin.py:115} INFO - [2022-07-30 17:17:13,557] {dag.py:2379} INFO - Sync 1 DAGs
[2022-07-30 17:17:13,627] {logging_mixin.py:115} INFO - [2022-07-30 17:17:13,627] {dag.py:2931} INFO - Setting next_dagrun for retry_tasks_new to 2022-07-24T06:00:00+00:00, run_after=2022-07-24T07:00:00+00:00
[2022-07-30 17:17:13,662] {processor.py:161} INFO - Processing /opt/airflow/dags/basic_dags/retry_tasks1.py took 0.218 seconds
[2022-07-30 17:17:44,168] {processor.py:153} INFO - Started process (PID=5159) to work on /opt/airflow/dags/basic_dags/retry_tasks1.py
[2022-07-30 17:17:44,170] {processor.py:641} INFO - Processing file /opt/airflow/dags/basic_dags/retry_tasks1.py for tasks to queue
[2022-07-30 17:17:44,170] {logging_mixin.py:115} INFO - [2022-07-30 17:17:44,170] {dagbag.py:507} INFO - Filling up the DagBag from /opt/airflow/dags/basic_dags/retry_tasks1.py
[2022-07-30 17:17:44,181] {processor.py:651} INFO - DAG(s) dict_keys(['retry_tasks_new']) retrieved from /opt/airflow/dags/basic_dags/retry_tasks1.py
[2022-07-30 17:17:44,225] {logging_mixin.py:115} INFO - [2022-07-30 17:17:44,225] {dag.py:2379} INFO - Sync 1 DAGs
[2022-07-30 17:17:44,259] {logging_mixin.py:115} INFO - [2022-07-30 17:17:44,259] {dag.py:2931} INFO - Setting next_dagrun for retry_tasks_new to 2022-07-24T06:00:00+00:00, run_after=2022-07-24T07:00:00+00:00
[2022-07-30 17:17:44,273] {processor.py:161} INFO - Processing /opt/airflow/dags/basic_dags/retry_tasks1.py took 0.108 seconds
[2022-07-30 17:18:14,684] {processor.py:153} INFO - Started process (PID=5237) to work on /opt/airflow/dags/basic_dags/retry_tasks1.py
[2022-07-30 17:18:14,684] {processor.py:641} INFO - Processing file /opt/airflow/dags/basic_dags/retry_tasks1.py for tasks to queue
[2022-07-30 17:18:14,685] {logging_mixin.py:115} INFO - [2022-07-30 17:18:14,685] {dagbag.py:507} INFO - Filling up the DagBag from /opt/airflow/dags/basic_dags/retry_tasks1.py
[2022-07-30 17:18:14,716] {processor.py:651} INFO - DAG(s) dict_keys(['retry_tasks_new']) retrieved from /opt/airflow/dags/basic_dags/retry_tasks1.py
[2022-07-30 17:18:14,820] {logging_mixin.py:115} INFO - [2022-07-30 17:18:14,820] {dag.py:2379} INFO - Sync 1 DAGs
[2022-07-30 17:18:14,870] {logging_mixin.py:115} INFO - [2022-07-30 17:18:14,870] {dag.py:2931} INFO - Setting next_dagrun for retry_tasks_new to 2022-07-24T06:00:00+00:00, run_after=2022-07-24T07:00:00+00:00
[2022-07-30 17:18:14,888] {processor.py:161} INFO - Processing /opt/airflow/dags/basic_dags/retry_tasks1.py took 0.208 seconds
[2022-07-30 17:18:45,570] {processor.py:153} INFO - Started process (PID=5323) to work on /opt/airflow/dags/basic_dags/retry_tasks1.py
[2022-07-30 17:18:45,572] {processor.py:641} INFO - Processing file /opt/airflow/dags/basic_dags/retry_tasks1.py for tasks to queue
[2022-07-30 17:18:45,572] {logging_mixin.py:115} INFO - [2022-07-30 17:18:45,572] {dagbag.py:507} INFO - Filling up the DagBag from /opt/airflow/dags/basic_dags/retry_tasks1.py
[2022-07-30 17:18:45,583] {processor.py:651} INFO - DAG(s) dict_keys(['retry_tasks_new']) retrieved from /opt/airflow/dags/basic_dags/retry_tasks1.py
[2022-07-30 17:18:45,616] {logging_mixin.py:115} INFO - [2022-07-30 17:18:45,616] {dag.py:2379} INFO - Sync 1 DAGs
[2022-07-30 17:18:45,650] {logging_mixin.py:115} INFO - [2022-07-30 17:18:45,650] {dag.py:2931} INFO - Setting next_dagrun for retry_tasks_new to 2022-07-24T06:00:00+00:00, run_after=2022-07-24T07:00:00+00:00
[2022-07-30 17:18:45,663] {processor.py:161} INFO - Processing /opt/airflow/dags/basic_dags/retry_tasks1.py took 0.096 seconds
[2022-07-30 17:19:15,849] {processor.py:153} INFO - Started process (PID=5395) to work on /opt/airflow/dags/basic_dags/retry_tasks1.py
[2022-07-30 17:19:15,850] {processor.py:641} INFO - Processing file /opt/airflow/dags/basic_dags/retry_tasks1.py for tasks to queue
[2022-07-30 17:19:15,850] {logging_mixin.py:115} INFO - [2022-07-30 17:19:15,850] {dagbag.py:507} INFO - Filling up the DagBag from /opt/airflow/dags/basic_dags/retry_tasks1.py
[2022-07-30 17:19:15,861] {processor.py:651} INFO - DAG(s) dict_keys(['retry_tasks_new']) retrieved from /opt/airflow/dags/basic_dags/retry_tasks1.py
[2022-07-30 17:19:15,891] {logging_mixin.py:115} INFO - [2022-07-30 17:19:15,891] {dag.py:2379} INFO - Sync 1 DAGs
[2022-07-30 17:19:15,926] {logging_mixin.py:115} INFO - [2022-07-30 17:19:15,926] {dag.py:2931} INFO - Setting next_dagrun for retry_tasks_new to 2022-07-24T06:00:00+00:00, run_after=2022-07-24T07:00:00+00:00
[2022-07-30 17:19:15,941] {processor.py:161} INFO - Processing /opt/airflow/dags/basic_dags/retry_tasks1.py took 0.096 seconds
[2022-07-30 17:19:47,173] {processor.py:153} INFO - Started process (PID=5474) to work on /opt/airflow/dags/basic_dags/retry_tasks1.py
[2022-07-30 17:19:47,188] {processor.py:641} INFO - Processing file /opt/airflow/dags/basic_dags/retry_tasks1.py for tasks to queue
[2022-07-30 17:19:47,188] {logging_mixin.py:115} INFO - [2022-07-30 17:19:47,188] {dagbag.py:507} INFO - Filling up the DagBag from /opt/airflow/dags/basic_dags/retry_tasks1.py
[2022-07-30 17:19:47,232] {processor.py:651} INFO - DAG(s) dict_keys(['retry_tasks_new']) retrieved from /opt/airflow/dags/basic_dags/retry_tasks1.py
[2022-07-30 17:19:47,310] {logging_mixin.py:115} INFO - [2022-07-30 17:19:47,310] {dag.py:2379} INFO - Sync 1 DAGs
[2022-07-30 17:19:47,380] {logging_mixin.py:115} INFO - [2022-07-30 17:19:47,380] {dag.py:2931} INFO - Setting next_dagrun for retry_tasks_new to 2022-07-24T06:00:00+00:00, run_after=2022-07-24T07:00:00+00:00
[2022-07-30 17:19:47,417] {processor.py:161} INFO - Processing /opt/airflow/dags/basic_dags/retry_tasks1.py took 0.256 seconds
