[2022-07-30 16:39:45,156] {processor.py:153} INFO - Started process (PID=93) to work on /opt/airflow/dags/basic_dags/start_after_current.py
[2022-07-30 16:39:45,157] {processor.py:641} INFO - Processing file /opt/airflow/dags/basic_dags/start_after_current.py for tasks to queue
[2022-07-30 16:39:45,158] {logging_mixin.py:115} INFO - [2022-07-30 16:39:45,158] {dagbag.py:507} INFO - Filling up the DagBag from /opt/airflow/dags/basic_dags/start_after_current.py
[2022-07-30 16:39:45,191] {processor.py:651} INFO - DAG(s) dict_keys(['start_after_current']) retrieved from /opt/airflow/dags/basic_dags/start_after_current.py
[2022-07-30 16:39:45,951] {logging_mixin.py:115} INFO - [2022-07-30 16:39:45,951] {manager.py:508} INFO - Created Permission View: can read on DAG:start_after_current
[2022-07-30 16:39:45,971] {logging_mixin.py:115} INFO - [2022-07-30 16:39:45,971] {manager.py:508} INFO - Created Permission View: can delete on DAG:start_after_current
[2022-07-30 16:39:45,987] {logging_mixin.py:115} INFO - [2022-07-30 16:39:45,986] {manager.py:508} INFO - Created Permission View: can edit on DAG:start_after_current
[2022-07-30 16:39:45,987] {logging_mixin.py:115} INFO - [2022-07-30 16:39:45,987] {dag.py:2379} INFO - Sync 1 DAGs
[2022-07-30 16:39:46,051] {logging_mixin.py:115} INFO - [2022-07-30 16:39:46,051] {dag.py:2398} INFO - Creating ORM DAG for start_after_current
[2022-07-30 16:39:46,132] {logging_mixin.py:115} INFO - [2022-07-30 16:39:46,132] {dag.py:2931} INFO - Setting next_dagrun for start_after_current to 2022-07-26T08:55:00+00:00, run_after=2022-07-26T09:00:00+00:00
[2022-07-30 16:39:46,242] {processor.py:161} INFO - Processing /opt/airflow/dags/basic_dags/start_after_current.py took 1.096 seconds
[2022-07-30 16:40:16,507] {processor.py:153} INFO - Started process (PID=165) to work on /opt/airflow/dags/basic_dags/start_after_current.py
[2022-07-30 16:40:16,512] {processor.py:641} INFO - Processing file /opt/airflow/dags/basic_dags/start_after_current.py for tasks to queue
[2022-07-30 16:40:16,514] {logging_mixin.py:115} INFO - [2022-07-30 16:40:16,513] {dagbag.py:507} INFO - Filling up the DagBag from /opt/airflow/dags/basic_dags/start_after_current.py
[2022-07-30 16:40:16,528] {processor.py:651} INFO - DAG(s) dict_keys(['start_after_current']) retrieved from /opt/airflow/dags/basic_dags/start_after_current.py
[2022-07-30 16:40:16,598] {logging_mixin.py:115} INFO - [2022-07-30 16:40:16,598] {dag.py:2379} INFO - Sync 1 DAGs
[2022-07-30 16:40:16,669] {logging_mixin.py:115} INFO - [2022-07-30 16:40:16,669] {dag.py:2931} INFO - Setting next_dagrun for start_after_current to 2022-07-26T08:55:00+00:00, run_after=2022-07-26T09:00:00+00:00
[2022-07-30 16:40:16,703] {processor.py:161} INFO - Processing /opt/airflow/dags/basic_dags/start_after_current.py took 0.213 seconds
[2022-07-30 16:40:47,004] {processor.py:153} INFO - Started process (PID=246) to work on /opt/airflow/dags/basic_dags/start_after_current.py
[2022-07-30 16:40:47,012] {processor.py:641} INFO - Processing file /opt/airflow/dags/basic_dags/start_after_current.py for tasks to queue
[2022-07-30 16:40:47,021] {logging_mixin.py:115} INFO - [2022-07-30 16:40:47,021] {dagbag.py:507} INFO - Filling up the DagBag from /opt/airflow/dags/basic_dags/start_after_current.py
[2022-07-30 16:40:47,055] {processor.py:651} INFO - DAG(s) dict_keys(['start_after_current']) retrieved from /opt/airflow/dags/basic_dags/start_after_current.py
[2022-07-30 16:40:47,167] {logging_mixin.py:115} INFO - [2022-07-30 16:40:47,166] {dag.py:2379} INFO - Sync 1 DAGs
[2022-07-30 16:40:47,280] {logging_mixin.py:115} INFO - [2022-07-30 16:40:47,280] {dag.py:2931} INFO - Setting next_dagrun for start_after_current to 2022-07-26T08:55:00+00:00, run_after=2022-07-26T09:00:00+00:00
[2022-07-30 16:40:47,396] {processor.py:161} INFO - Processing /opt/airflow/dags/basic_dags/start_after_current.py took 0.403 seconds
[2022-07-30 16:41:17,902] {processor.py:153} INFO - Started process (PID=320) to work on /opt/airflow/dags/basic_dags/start_after_current.py
[2022-07-30 16:41:17,910] {processor.py:641} INFO - Processing file /opt/airflow/dags/basic_dags/start_after_current.py for tasks to queue
[2022-07-30 16:41:17,916] {logging_mixin.py:115} INFO - [2022-07-30 16:41:17,913] {dagbag.py:507} INFO - Filling up the DagBag from /opt/airflow/dags/basic_dags/start_after_current.py
[2022-07-30 16:41:17,930] {processor.py:651} INFO - DAG(s) dict_keys(['start_after_current']) retrieved from /opt/airflow/dags/basic_dags/start_after_current.py
[2022-07-30 16:41:18,003] {logging_mixin.py:115} INFO - [2022-07-30 16:41:18,002] {dag.py:2379} INFO - Sync 1 DAGs
[2022-07-30 16:41:18,087] {logging_mixin.py:115} INFO - [2022-07-30 16:41:18,087] {dag.py:2931} INFO - Setting next_dagrun for start_after_current to 2022-07-26T08:55:00+00:00, run_after=2022-07-26T09:00:00+00:00
[2022-07-30 16:41:18,109] {processor.py:161} INFO - Processing /opt/airflow/dags/basic_dags/start_after_current.py took 0.211 seconds
[2022-07-30 16:41:48,217] {processor.py:153} INFO - Started process (PID=395) to work on /opt/airflow/dags/basic_dags/start_after_current.py
[2022-07-30 16:41:48,223] {processor.py:641} INFO - Processing file /opt/airflow/dags/basic_dags/start_after_current.py for tasks to queue
[2022-07-30 16:41:48,228] {logging_mixin.py:115} INFO - [2022-07-30 16:41:48,228] {dagbag.py:507} INFO - Filling up the DagBag from /opt/airflow/dags/basic_dags/start_after_current.py
[2022-07-30 16:41:48,255] {processor.py:651} INFO - DAG(s) dict_keys(['start_after_current']) retrieved from /opt/airflow/dags/basic_dags/start_after_current.py
[2022-07-30 16:41:48,294] {logging_mixin.py:115} INFO - [2022-07-30 16:41:48,294] {dag.py:2379} INFO - Sync 1 DAGs
[2022-07-30 16:41:48,328] {logging_mixin.py:115} INFO - [2022-07-30 16:41:48,328] {dag.py:2931} INFO - Setting next_dagrun for start_after_current to 2022-07-26T08:55:00+00:00, run_after=2022-07-26T09:00:00+00:00
[2022-07-30 16:41:48,360] {processor.py:161} INFO - Processing /opt/airflow/dags/basic_dags/start_after_current.py took 0.146 seconds
[2022-07-30 16:42:18,631] {processor.py:153} INFO - Started process (PID=483) to work on /opt/airflow/dags/basic_dags/start_after_current.py
[2022-07-30 16:42:18,634] {processor.py:641} INFO - Processing file /opt/airflow/dags/basic_dags/start_after_current.py for tasks to queue
[2022-07-30 16:42:18,637] {logging_mixin.py:115} INFO - [2022-07-30 16:42:18,637] {dagbag.py:507} INFO - Filling up the DagBag from /opt/airflow/dags/basic_dags/start_after_current.py
[2022-07-30 16:42:18,650] {processor.py:651} INFO - DAG(s) dict_keys(['start_after_current']) retrieved from /opt/airflow/dags/basic_dags/start_after_current.py
[2022-07-30 16:42:18,689] {logging_mixin.py:115} INFO - [2022-07-30 16:42:18,689] {dag.py:2379} INFO - Sync 1 DAGs
[2022-07-30 16:42:18,727] {logging_mixin.py:115} INFO - [2022-07-30 16:42:18,726] {dag.py:2931} INFO - Setting next_dagrun for start_after_current to 2022-07-26T08:55:00+00:00, run_after=2022-07-26T09:00:00+00:00
[2022-07-30 16:42:18,749] {processor.py:161} INFO - Processing /opt/airflow/dags/basic_dags/start_after_current.py took 0.122 seconds
[2022-07-30 16:44:17,706] {processor.py:153} INFO - Started process (PID=81) to work on /opt/airflow/dags/basic_dags/start_after_current.py
[2022-07-30 16:44:17,716] {processor.py:641} INFO - Processing file /opt/airflow/dags/basic_dags/start_after_current.py for tasks to queue
[2022-07-30 16:44:17,717] {logging_mixin.py:115} INFO - [2022-07-30 16:44:17,716] {dagbag.py:507} INFO - Filling up the DagBag from /opt/airflow/dags/basic_dags/start_after_current.py
[2022-07-30 16:44:17,766] {processor.py:651} INFO - DAG(s) dict_keys(['start_after_current']) retrieved from /opt/airflow/dags/basic_dags/start_after_current.py
[2022-07-30 16:44:17,935] {logging_mixin.py:115} INFO - [2022-07-30 16:44:17,935] {dag.py:2379} INFO - Sync 1 DAGs
[2022-07-30 16:44:18,132] {logging_mixin.py:115} INFO - [2022-07-30 16:44:18,119] {dag.py:2931} INFO - Setting next_dagrun for start_after_current to 2022-07-26T08:55:00+00:00, run_after=2022-07-26T09:00:00+00:00
[2022-07-30 16:44:18,186] {processor.py:161} INFO - Processing /opt/airflow/dags/basic_dags/start_after_current.py took 0.510 seconds
[2022-07-30 16:44:48,458] {processor.py:153} INFO - Started process (PID=151) to work on /opt/airflow/dags/basic_dags/start_after_current.py
[2022-07-30 16:44:48,459] {processor.py:641} INFO - Processing file /opt/airflow/dags/basic_dags/start_after_current.py for tasks to queue
[2022-07-30 16:44:48,464] {logging_mixin.py:115} INFO - [2022-07-30 16:44:48,464] {dagbag.py:507} INFO - Filling up the DagBag from /opt/airflow/dags/basic_dags/start_after_current.py
[2022-07-30 16:44:48,475] {processor.py:651} INFO - DAG(s) dict_keys(['start_after_current']) retrieved from /opt/airflow/dags/basic_dags/start_after_current.py
[2022-07-30 16:44:48,515] {logging_mixin.py:115} INFO - [2022-07-30 16:44:48,515] {dag.py:2379} INFO - Sync 1 DAGs
[2022-07-30 16:44:48,565] {logging_mixin.py:115} INFO - [2022-07-30 16:44:48,565] {dag.py:2931} INFO - Setting next_dagrun for start_after_current to 2022-07-26T08:55:00+00:00, run_after=2022-07-26T09:00:00+00:00
[2022-07-30 16:44:48,593] {processor.py:161} INFO - Processing /opt/airflow/dags/basic_dags/start_after_current.py took 0.140 seconds
[2022-07-30 16:45:19,392] {processor.py:153} INFO - Started process (PID=233) to work on /opt/airflow/dags/basic_dags/start_after_current.py
[2022-07-30 16:45:19,393] {processor.py:641} INFO - Processing file /opt/airflow/dags/basic_dags/start_after_current.py for tasks to queue
[2022-07-30 16:45:19,394] {logging_mixin.py:115} INFO - [2022-07-30 16:45:19,394] {dagbag.py:507} INFO - Filling up the DagBag from /opt/airflow/dags/basic_dags/start_after_current.py
[2022-07-30 16:45:19,402] {processor.py:651} INFO - DAG(s) dict_keys(['start_after_current']) retrieved from /opt/airflow/dags/basic_dags/start_after_current.py
[2022-07-30 16:45:19,433] {logging_mixin.py:115} INFO - [2022-07-30 16:45:19,433] {dag.py:2379} INFO - Sync 1 DAGs
[2022-07-30 16:45:19,471] {logging_mixin.py:115} INFO - [2022-07-30 16:45:19,471] {dag.py:2931} INFO - Setting next_dagrun for start_after_current to 2022-07-26T08:55:00+00:00, run_after=2022-07-26T09:00:00+00:00
[2022-07-30 16:45:19,485] {processor.py:161} INFO - Processing /opt/airflow/dags/basic_dags/start_after_current.py took 0.096 seconds
[2022-07-30 16:45:49,918] {processor.py:153} INFO - Started process (PID=310) to work on /opt/airflow/dags/basic_dags/start_after_current.py
[2022-07-30 16:45:49,919] {processor.py:641} INFO - Processing file /opt/airflow/dags/basic_dags/start_after_current.py for tasks to queue
[2022-07-30 16:45:49,919] {logging_mixin.py:115} INFO - [2022-07-30 16:45:49,919] {dagbag.py:507} INFO - Filling up the DagBag from /opt/airflow/dags/basic_dags/start_after_current.py
[2022-07-30 16:45:49,929] {processor.py:651} INFO - DAG(s) dict_keys(['start_after_current']) retrieved from /opt/airflow/dags/basic_dags/start_after_current.py
[2022-07-30 16:45:49,969] {logging_mixin.py:115} INFO - [2022-07-30 16:45:49,969] {dag.py:2379} INFO - Sync 1 DAGs
[2022-07-30 16:45:50,002] {logging_mixin.py:115} INFO - [2022-07-30 16:45:50,002] {dag.py:2931} INFO - Setting next_dagrun for start_after_current to 2022-07-26T08:55:00+00:00, run_after=2022-07-26T09:00:00+00:00
[2022-07-30 16:45:50,019] {processor.py:161} INFO - Processing /opt/airflow/dags/basic_dags/start_after_current.py took 0.104 seconds
[2022-07-30 16:46:20,513] {processor.py:153} INFO - Started process (PID=384) to work on /opt/airflow/dags/basic_dags/start_after_current.py
[2022-07-30 16:46:20,516] {processor.py:641} INFO - Processing file /opt/airflow/dags/basic_dags/start_after_current.py for tasks to queue
[2022-07-30 16:46:20,516] {logging_mixin.py:115} INFO - [2022-07-30 16:46:20,516] {dagbag.py:507} INFO - Filling up the DagBag from /opt/airflow/dags/basic_dags/start_after_current.py
[2022-07-30 16:46:20,535] {processor.py:651} INFO - DAG(s) dict_keys(['start_after_current']) retrieved from /opt/airflow/dags/basic_dags/start_after_current.py
[2022-07-30 16:46:20,596] {logging_mixin.py:115} INFO - [2022-07-30 16:46:20,596] {dag.py:2379} INFO - Sync 1 DAGs
[2022-07-30 16:46:20,655] {logging_mixin.py:115} INFO - [2022-07-30 16:46:20,655] {dag.py:2931} INFO - Setting next_dagrun for start_after_current to 2022-07-26T08:55:00+00:00, run_after=2022-07-26T09:00:00+00:00
[2022-07-30 16:46:20,679] {processor.py:161} INFO - Processing /opt/airflow/dags/basic_dags/start_after_current.py took 0.170 seconds
[2022-07-30 16:46:52,423] {processor.py:153} INFO - Started process (PID=466) to work on /opt/airflow/dags/basic_dags/start_after_current.py
[2022-07-30 16:46:52,436] {processor.py:641} INFO - Processing file /opt/airflow/dags/basic_dags/start_after_current.py for tasks to queue
[2022-07-30 16:46:52,437] {logging_mixin.py:115} INFO - [2022-07-30 16:46:52,437] {dagbag.py:507} INFO - Filling up the DagBag from /opt/airflow/dags/basic_dags/start_after_current.py
[2022-07-30 16:46:52,453] {processor.py:651} INFO - DAG(s) dict_keys(['start_after_current']) retrieved from /opt/airflow/dags/basic_dags/start_after_current.py
[2022-07-30 16:46:52,500] {logging_mixin.py:115} INFO - [2022-07-30 16:46:52,500] {dag.py:2379} INFO - Sync 1 DAGs
[2022-07-30 16:46:52,560] {logging_mixin.py:115} INFO - [2022-07-30 16:46:52,560] {dag.py:2931} INFO - Setting next_dagrun for start_after_current to 2022-07-26T08:55:00+00:00, run_after=2022-07-26T09:00:00+00:00
[2022-07-30 16:46:52,599] {processor.py:161} INFO - Processing /opt/airflow/dags/basic_dags/start_after_current.py took 0.179 seconds
[2022-07-30 16:47:23,678] {processor.py:153} INFO - Started process (PID=539) to work on /opt/airflow/dags/basic_dags/start_after_current.py
[2022-07-30 16:47:23,679] {processor.py:641} INFO - Processing file /opt/airflow/dags/basic_dags/start_after_current.py for tasks to queue
[2022-07-30 16:47:23,679] {logging_mixin.py:115} INFO - [2022-07-30 16:47:23,679] {dagbag.py:507} INFO - Filling up the DagBag from /opt/airflow/dags/basic_dags/start_after_current.py
[2022-07-30 16:47:23,687] {processor.py:651} INFO - DAG(s) dict_keys(['start_after_current']) retrieved from /opt/airflow/dags/basic_dags/start_after_current.py
[2022-07-30 16:47:23,716] {logging_mixin.py:115} INFO - [2022-07-30 16:47:23,716] {dag.py:2379} INFO - Sync 1 DAGs
[2022-07-30 16:47:23,756] {logging_mixin.py:115} INFO - [2022-07-30 16:47:23,756] {dag.py:2931} INFO - Setting next_dagrun for start_after_current to 2022-07-26T08:55:00+00:00, run_after=2022-07-26T09:00:00+00:00
[2022-07-30 16:47:23,771] {processor.py:161} INFO - Processing /opt/airflow/dags/basic_dags/start_after_current.py took 0.096 seconds
[2022-07-30 16:47:53,938] {processor.py:153} INFO - Started process (PID=622) to work on /opt/airflow/dags/basic_dags/start_after_current.py
[2022-07-30 16:47:53,940] {processor.py:641} INFO - Processing file /opt/airflow/dags/basic_dags/start_after_current.py for tasks to queue
[2022-07-30 16:47:53,941] {logging_mixin.py:115} INFO - [2022-07-30 16:47:53,941] {dagbag.py:507} INFO - Filling up the DagBag from /opt/airflow/dags/basic_dags/start_after_current.py
[2022-07-30 16:47:53,949] {processor.py:651} INFO - DAG(s) dict_keys(['start_after_current']) retrieved from /opt/airflow/dags/basic_dags/start_after_current.py
[2022-07-30 16:47:53,981] {logging_mixin.py:115} INFO - [2022-07-30 16:47:53,981] {dag.py:2379} INFO - Sync 1 DAGs
[2022-07-30 16:47:54,005] {logging_mixin.py:115} INFO - [2022-07-30 16:47:54,005] {dag.py:2931} INFO - Setting next_dagrun for start_after_current to 2022-07-26T08:55:00+00:00, run_after=2022-07-26T09:00:00+00:00
[2022-07-30 16:47:54,017] {processor.py:161} INFO - Processing /opt/airflow/dags/basic_dags/start_after_current.py took 0.084 seconds
[2022-07-30 16:48:27,550] {processor.py:153} INFO - Started process (PID=706) to work on /opt/airflow/dags/basic_dags/start_after_current.py
[2022-07-30 16:48:27,551] {processor.py:641} INFO - Processing file /opt/airflow/dags/basic_dags/start_after_current.py for tasks to queue
[2022-07-30 16:48:27,551] {logging_mixin.py:115} INFO - [2022-07-30 16:48:27,551] {dagbag.py:507} INFO - Filling up the DagBag from /opt/airflow/dags/basic_dags/start_after_current.py
[2022-07-30 16:48:27,604] {processor.py:651} INFO - DAG(s) dict_keys(['start_after_current']) retrieved from /opt/airflow/dags/basic_dags/start_after_current.py
[2022-07-30 16:48:27,728] {logging_mixin.py:115} INFO - [2022-07-30 16:48:27,728] {dag.py:2379} INFO - Sync 1 DAGs
[2022-07-30 16:48:27,836] {logging_mixin.py:115} INFO - [2022-07-30 16:48:27,827] {dag.py:2931} INFO - Setting next_dagrun for start_after_current to 2022-07-26T08:55:00+00:00, run_after=2022-07-26T09:00:00+00:00
[2022-07-30 16:48:27,856] {processor.py:161} INFO - Processing /opt/airflow/dags/basic_dags/start_after_current.py took 0.309 seconds
[2022-07-30 16:48:57,938] {processor.py:153} INFO - Started process (PID=780) to work on /opt/airflow/dags/basic_dags/start_after_current.py
[2022-07-30 16:48:57,939] {processor.py:641} INFO - Processing file /opt/airflow/dags/basic_dags/start_after_current.py for tasks to queue
[2022-07-30 16:48:57,940] {logging_mixin.py:115} INFO - [2022-07-30 16:48:57,940] {dagbag.py:507} INFO - Filling up the DagBag from /opt/airflow/dags/basic_dags/start_after_current.py
[2022-07-30 16:48:57,948] {processor.py:651} INFO - DAG(s) dict_keys(['start_after_current']) retrieved from /opt/airflow/dags/basic_dags/start_after_current.py
[2022-07-30 16:48:57,973] {logging_mixin.py:115} INFO - [2022-07-30 16:48:57,973] {dag.py:2379} INFO - Sync 1 DAGs
[2022-07-30 16:48:57,995] {logging_mixin.py:115} INFO - [2022-07-30 16:48:57,995] {dag.py:2931} INFO - Setting next_dagrun for start_after_current to 2022-07-26T08:55:00+00:00, run_after=2022-07-26T09:00:00+00:00
[2022-07-30 16:48:58,005] {processor.py:161} INFO - Processing /opt/airflow/dags/basic_dags/start_after_current.py took 0.070 seconds
[2022-07-30 16:49:28,566] {processor.py:153} INFO - Started process (PID=859) to work on /opt/airflow/dags/basic_dags/start_after_current.py
[2022-07-30 16:49:28,567] {processor.py:641} INFO - Processing file /opt/airflow/dags/basic_dags/start_after_current.py for tasks to queue
[2022-07-30 16:49:28,567] {logging_mixin.py:115} INFO - [2022-07-30 16:49:28,567] {dagbag.py:507} INFO - Filling up the DagBag from /opt/airflow/dags/basic_dags/start_after_current.py
[2022-07-30 16:49:28,597] {processor.py:651} INFO - DAG(s) dict_keys(['start_after_current']) retrieved from /opt/airflow/dags/basic_dags/start_after_current.py
[2022-07-30 16:49:28,686] {logging_mixin.py:115} INFO - [2022-07-30 16:49:28,685] {dag.py:2379} INFO - Sync 1 DAGs
[2022-07-30 16:49:28,793] {logging_mixin.py:115} INFO - [2022-07-30 16:49:28,793] {dag.py:2931} INFO - Setting next_dagrun for start_after_current to 2022-07-26T08:55:00+00:00, run_after=2022-07-26T09:00:00+00:00
[2022-07-30 16:49:28,815] {processor.py:161} INFO - Processing /opt/airflow/dags/basic_dags/start_after_current.py took 0.252 seconds
[2022-07-30 16:50:00,951] {processor.py:153} INFO - Started process (PID=939) to work on /opt/airflow/dags/basic_dags/start_after_current.py
[2022-07-30 16:50:00,956] {processor.py:641} INFO - Processing file /opt/airflow/dags/basic_dags/start_after_current.py for tasks to queue
[2022-07-30 16:50:00,957] {logging_mixin.py:115} INFO - [2022-07-30 16:50:00,957] {dagbag.py:507} INFO - Filling up the DagBag from /opt/airflow/dags/basic_dags/start_after_current.py
[2022-07-30 16:50:00,973] {processor.py:651} INFO - DAG(s) dict_keys(['start_after_current']) retrieved from /opt/airflow/dags/basic_dags/start_after_current.py
[2022-07-30 16:50:01,028] {logging_mixin.py:115} INFO - [2022-07-30 16:50:01,028] {dag.py:2379} INFO - Sync 1 DAGs
[2022-07-30 16:50:01,087] {logging_mixin.py:115} INFO - [2022-07-30 16:50:01,087] {dag.py:2931} INFO - Setting next_dagrun for start_after_current to 2022-07-26T08:55:00+00:00, run_after=2022-07-26T09:00:00+00:00
[2022-07-30 16:50:01,118] {processor.py:161} INFO - Processing /opt/airflow/dags/basic_dags/start_after_current.py took 0.171 seconds
[2022-07-30 16:50:31,829] {processor.py:153} INFO - Started process (PID=1010) to work on /opt/airflow/dags/basic_dags/start_after_current.py
[2022-07-30 16:50:31,830] {processor.py:641} INFO - Processing file /opt/airflow/dags/basic_dags/start_after_current.py for tasks to queue
[2022-07-30 16:50:31,831] {logging_mixin.py:115} INFO - [2022-07-30 16:50:31,831] {dagbag.py:507} INFO - Filling up the DagBag from /opt/airflow/dags/basic_dags/start_after_current.py
[2022-07-30 16:50:31,838] {processor.py:651} INFO - DAG(s) dict_keys(['start_after_current']) retrieved from /opt/airflow/dags/basic_dags/start_after_current.py
[2022-07-30 16:50:31,868] {logging_mixin.py:115} INFO - [2022-07-30 16:50:31,868] {dag.py:2379} INFO - Sync 1 DAGs
[2022-07-30 16:50:31,899] {logging_mixin.py:115} INFO - [2022-07-30 16:50:31,898] {dag.py:2931} INFO - Setting next_dagrun for start_after_current to 2022-07-26T08:55:00+00:00, run_after=2022-07-26T09:00:00+00:00
[2022-07-30 16:50:31,913] {processor.py:161} INFO - Processing /opt/airflow/dags/basic_dags/start_after_current.py took 0.087 seconds
[2022-07-30 16:51:03,135] {processor.py:153} INFO - Started process (PID=1082) to work on /opt/airflow/dags/basic_dags/start_after_current.py
[2022-07-30 16:51:03,152] {processor.py:641} INFO - Processing file /opt/airflow/dags/basic_dags/start_after_current.py for tasks to queue
[2022-07-30 16:51:03,153] {logging_mixin.py:115} INFO - [2022-07-30 16:51:03,153] {dagbag.py:507} INFO - Filling up the DagBag from /opt/airflow/dags/basic_dags/start_after_current.py
[2022-07-30 16:51:03,185] {processor.py:651} INFO - DAG(s) dict_keys(['start_after_current']) retrieved from /opt/airflow/dags/basic_dags/start_after_current.py
[2022-07-30 16:51:03,270] {logging_mixin.py:115} INFO - [2022-07-30 16:51:03,270] {dag.py:2379} INFO - Sync 1 DAGs
[2022-07-30 16:51:03,339] {logging_mixin.py:115} INFO - [2022-07-30 16:51:03,339] {dag.py:2931} INFO - Setting next_dagrun for start_after_current to 2022-07-26T08:55:00+00:00, run_after=2022-07-26T09:00:00+00:00
[2022-07-30 16:51:03,374] {processor.py:161} INFO - Processing /opt/airflow/dags/basic_dags/start_after_current.py took 0.243 seconds
[2022-07-30 16:51:33,696] {processor.py:153} INFO - Started process (PID=1164) to work on /opt/airflow/dags/basic_dags/start_after_current.py
[2022-07-30 16:51:33,697] {processor.py:641} INFO - Processing file /opt/airflow/dags/basic_dags/start_after_current.py for tasks to queue
[2022-07-30 16:51:33,698] {logging_mixin.py:115} INFO - [2022-07-30 16:51:33,697] {dagbag.py:507} INFO - Filling up the DagBag from /opt/airflow/dags/basic_dags/start_after_current.py
[2022-07-30 16:51:33,718] {processor.py:651} INFO - DAG(s) dict_keys(['start_after_current']) retrieved from /opt/airflow/dags/basic_dags/start_after_current.py
[2022-07-30 16:51:33,792] {logging_mixin.py:115} INFO - [2022-07-30 16:51:33,792] {dag.py:2379} INFO - Sync 1 DAGs
[2022-07-30 16:51:33,870] {logging_mixin.py:115} INFO - [2022-07-30 16:51:33,870] {dag.py:2931} INFO - Setting next_dagrun for start_after_current to 2022-07-26T08:55:00+00:00, run_after=2022-07-26T09:00:00+00:00
[2022-07-30 16:51:33,900] {processor.py:161} INFO - Processing /opt/airflow/dags/basic_dags/start_after_current.py took 0.207 seconds
[2022-07-30 16:52:04,449] {processor.py:153} INFO - Started process (PID=1240) to work on /opt/airflow/dags/basic_dags/start_after_current.py
[2022-07-30 16:52:04,453] {processor.py:641} INFO - Processing file /opt/airflow/dags/basic_dags/start_after_current.py for tasks to queue
[2022-07-30 16:52:04,453] {logging_mixin.py:115} INFO - [2022-07-30 16:52:04,453] {dagbag.py:507} INFO - Filling up the DagBag from /opt/airflow/dags/basic_dags/start_after_current.py
[2022-07-30 16:52:04,465] {processor.py:651} INFO - DAG(s) dict_keys(['start_after_current']) retrieved from /opt/airflow/dags/basic_dags/start_after_current.py
[2022-07-30 16:52:04,528] {logging_mixin.py:115} INFO - [2022-07-30 16:52:04,528] {dag.py:2379} INFO - Sync 1 DAGs
[2022-07-30 16:52:04,597] {logging_mixin.py:115} INFO - [2022-07-30 16:52:04,597] {dag.py:2931} INFO - Setting next_dagrun for start_after_current to 2022-07-26T08:55:00+00:00, run_after=2022-07-26T09:00:00+00:00
[2022-07-30 16:52:04,628] {processor.py:161} INFO - Processing /opt/airflow/dags/basic_dags/start_after_current.py took 0.187 seconds
[2022-07-30 16:52:34,669] {processor.py:153} INFO - Started process (PID=1311) to work on /opt/airflow/dags/basic_dags/start_after_current.py
[2022-07-30 16:52:34,669] {processor.py:641} INFO - Processing file /opt/airflow/dags/basic_dags/start_after_current.py for tasks to queue
[2022-07-30 16:52:34,670] {logging_mixin.py:115} INFO - [2022-07-30 16:52:34,670] {dagbag.py:507} INFO - Filling up the DagBag from /opt/airflow/dags/basic_dags/start_after_current.py
[2022-07-30 16:52:34,696] {processor.py:651} INFO - DAG(s) dict_keys(['start_after_current']) retrieved from /opt/airflow/dags/basic_dags/start_after_current.py
[2022-07-30 16:52:34,744] {logging_mixin.py:115} INFO - [2022-07-30 16:52:34,744] {dag.py:2379} INFO - Sync 1 DAGs
[2022-07-30 16:52:34,797] {logging_mixin.py:115} INFO - [2022-07-30 16:52:34,797] {dag.py:2931} INFO - Setting next_dagrun for start_after_current to 2022-07-26T08:55:00+00:00, run_after=2022-07-26T09:00:00+00:00
[2022-07-30 16:52:34,829] {processor.py:161} INFO - Processing /opt/airflow/dags/basic_dags/start_after_current.py took 0.165 seconds
[2022-07-30 16:53:05,274] {processor.py:153} INFO - Started process (PID=1398) to work on /opt/airflow/dags/basic_dags/start_after_current.py
[2022-07-30 16:53:05,280] {processor.py:641} INFO - Processing file /opt/airflow/dags/basic_dags/start_after_current.py for tasks to queue
[2022-07-30 16:53:05,281] {logging_mixin.py:115} INFO - [2022-07-30 16:53:05,280] {dagbag.py:507} INFO - Filling up the DagBag from /opt/airflow/dags/basic_dags/start_after_current.py
[2022-07-30 16:53:05,297] {processor.py:651} INFO - DAG(s) dict_keys(['start_after_current']) retrieved from /opt/airflow/dags/basic_dags/start_after_current.py
[2022-07-30 16:53:05,333] {logging_mixin.py:115} INFO - [2022-07-30 16:53:05,333] {dag.py:2379} INFO - Sync 1 DAGs
[2022-07-30 16:53:05,368] {logging_mixin.py:115} INFO - [2022-07-30 16:53:05,367] {dag.py:2931} INFO - Setting next_dagrun for start_after_current to 2022-07-26T08:55:00+00:00, run_after=2022-07-26T09:00:00+00:00
[2022-07-30 16:53:05,387] {processor.py:161} INFO - Processing /opt/airflow/dags/basic_dags/start_after_current.py took 0.117 seconds
[2022-07-30 16:53:35,463] {processor.py:153} INFO - Started process (PID=1469) to work on /opt/airflow/dags/basic_dags/start_after_current.py
[2022-07-30 16:53:35,464] {processor.py:641} INFO - Processing file /opt/airflow/dags/basic_dags/start_after_current.py for tasks to queue
[2022-07-30 16:53:35,464] {logging_mixin.py:115} INFO - [2022-07-30 16:53:35,464] {dagbag.py:507} INFO - Filling up the DagBag from /opt/airflow/dags/basic_dags/start_after_current.py
[2022-07-30 16:53:35,470] {processor.py:651} INFO - DAG(s) dict_keys(['start_after_current']) retrieved from /opt/airflow/dags/basic_dags/start_after_current.py
[2022-07-30 16:53:35,492] {logging_mixin.py:115} INFO - [2022-07-30 16:53:35,492] {dag.py:2379} INFO - Sync 1 DAGs
[2022-07-30 16:53:35,514] {logging_mixin.py:115} INFO - [2022-07-30 16:53:35,514] {dag.py:2931} INFO - Setting next_dagrun for start_after_current to 2022-07-26T08:55:00+00:00, run_after=2022-07-26T09:00:00+00:00
[2022-07-30 16:53:35,525] {processor.py:161} INFO - Processing /opt/airflow/dags/basic_dags/start_after_current.py took 0.064 seconds
[2022-07-30 16:54:06,288] {processor.py:153} INFO - Started process (PID=1547) to work on /opt/airflow/dags/basic_dags/start_after_current.py
[2022-07-30 16:54:06,289] {processor.py:641} INFO - Processing file /opt/airflow/dags/basic_dags/start_after_current.py for tasks to queue
[2022-07-30 16:54:06,290] {logging_mixin.py:115} INFO - [2022-07-30 16:54:06,289] {dagbag.py:507} INFO - Filling up the DagBag from /opt/airflow/dags/basic_dags/start_after_current.py
[2022-07-30 16:54:06,298] {processor.py:651} INFO - DAG(s) dict_keys(['start_after_current']) retrieved from /opt/airflow/dags/basic_dags/start_after_current.py
[2022-07-30 16:54:06,336] {logging_mixin.py:115} INFO - [2022-07-30 16:54:06,336] {dag.py:2379} INFO - Sync 1 DAGs
[2022-07-30 16:54:06,381] {logging_mixin.py:115} INFO - [2022-07-30 16:54:06,381] {dag.py:2931} INFO - Setting next_dagrun for start_after_current to 2022-07-26T08:55:00+00:00, run_after=2022-07-26T09:00:00+00:00
[2022-07-30 16:54:06,405] {processor.py:161} INFO - Processing /opt/airflow/dags/basic_dags/start_after_current.py took 0.121 seconds
[2022-07-30 16:54:36,713] {processor.py:153} INFO - Started process (PID=1633) to work on /opt/airflow/dags/basic_dags/start_after_current.py
[2022-07-30 16:54:36,713] {processor.py:641} INFO - Processing file /opt/airflow/dags/basic_dags/start_after_current.py for tasks to queue
[2022-07-30 16:54:36,714] {logging_mixin.py:115} INFO - [2022-07-30 16:54:36,714] {dagbag.py:507} INFO - Filling up the DagBag from /opt/airflow/dags/basic_dags/start_after_current.py
[2022-07-30 16:54:36,722] {processor.py:651} INFO - DAG(s) dict_keys(['start_after_current']) retrieved from /opt/airflow/dags/basic_dags/start_after_current.py
[2022-07-30 16:54:36,755] {logging_mixin.py:115} INFO - [2022-07-30 16:54:36,755] {dag.py:2379} INFO - Sync 1 DAGs
[2022-07-30 16:54:36,790] {logging_mixin.py:115} INFO - [2022-07-30 16:54:36,790] {dag.py:2931} INFO - Setting next_dagrun for start_after_current to 2022-07-26T08:55:00+00:00, run_after=2022-07-26T09:00:00+00:00
[2022-07-30 16:54:36,806] {processor.py:161} INFO - Processing /opt/airflow/dags/basic_dags/start_after_current.py took 0.098 seconds
[2022-07-30 16:55:06,945] {processor.py:153} INFO - Started process (PID=1704) to work on /opt/airflow/dags/basic_dags/start_after_current.py
[2022-07-30 16:55:06,946] {processor.py:641} INFO - Processing file /opt/airflow/dags/basic_dags/start_after_current.py for tasks to queue
[2022-07-30 16:55:06,947] {logging_mixin.py:115} INFO - [2022-07-30 16:55:06,947] {dagbag.py:507} INFO - Filling up the DagBag from /opt/airflow/dags/basic_dags/start_after_current.py
[2022-07-30 16:55:06,955] {processor.py:651} INFO - DAG(s) dict_keys(['start_after_current']) retrieved from /opt/airflow/dags/basic_dags/start_after_current.py
[2022-07-30 16:55:06,985] {logging_mixin.py:115} INFO - [2022-07-30 16:55:06,985] {dag.py:2379} INFO - Sync 1 DAGs
[2022-07-30 16:55:07,020] {logging_mixin.py:115} INFO - [2022-07-30 16:55:07,020] {dag.py:2931} INFO - Setting next_dagrun for start_after_current to 2022-07-26T08:55:00+00:00, run_after=2022-07-26T09:00:00+00:00
[2022-07-30 16:55:07,035] {processor.py:161} INFO - Processing /opt/airflow/dags/basic_dags/start_after_current.py took 0.094 seconds
[2022-07-30 16:55:37,632] {processor.py:153} INFO - Started process (PID=1792) to work on /opt/airflow/dags/basic_dags/start_after_current.py
[2022-07-30 16:55:37,632] {processor.py:641} INFO - Processing file /opt/airflow/dags/basic_dags/start_after_current.py for tasks to queue
[2022-07-30 16:55:37,633] {logging_mixin.py:115} INFO - [2022-07-30 16:55:37,632] {dagbag.py:507} INFO - Filling up the DagBag from /opt/airflow/dags/basic_dags/start_after_current.py
[2022-07-30 16:55:37,648] {processor.py:651} INFO - DAG(s) dict_keys(['start_after_current']) retrieved from /opt/airflow/dags/basic_dags/start_after_current.py
[2022-07-30 16:55:37,707] {logging_mixin.py:115} INFO - [2022-07-30 16:55:37,707] {dag.py:2379} INFO - Sync 1 DAGs
[2022-07-30 16:55:37,775] {logging_mixin.py:115} INFO - [2022-07-30 16:55:37,775] {dag.py:2931} INFO - Setting next_dagrun for start_after_current to 2022-07-26T08:55:00+00:00, run_after=2022-07-26T09:00:00+00:00
[2022-07-30 16:55:37,796] {processor.py:161} INFO - Processing /opt/airflow/dags/basic_dags/start_after_current.py took 0.168 seconds
[2022-07-30 16:56:08,026] {processor.py:153} INFO - Started process (PID=1865) to work on /opt/airflow/dags/basic_dags/start_after_current.py
[2022-07-30 16:56:08,027] {processor.py:641} INFO - Processing file /opt/airflow/dags/basic_dags/start_after_current.py for tasks to queue
[2022-07-30 16:56:08,028] {logging_mixin.py:115} INFO - [2022-07-30 16:56:08,028] {dagbag.py:507} INFO - Filling up the DagBag from /opt/airflow/dags/basic_dags/start_after_current.py
[2022-07-30 16:56:08,036] {processor.py:651} INFO - DAG(s) dict_keys(['start_after_current']) retrieved from /opt/airflow/dags/basic_dags/start_after_current.py
[2022-07-30 16:56:08,074] {logging_mixin.py:115} INFO - [2022-07-30 16:56:08,074] {dag.py:2379} INFO - Sync 1 DAGs
[2022-07-30 16:56:08,112] {logging_mixin.py:115} INFO - [2022-07-30 16:56:08,112] {dag.py:2931} INFO - Setting next_dagrun for start_after_current to 2022-07-26T08:55:00+00:00, run_after=2022-07-26T09:00:00+00:00
[2022-07-30 16:56:08,129] {processor.py:161} INFO - Processing /opt/airflow/dags/basic_dags/start_after_current.py took 0.108 seconds
[2022-07-30 16:56:38,303] {processor.py:153} INFO - Started process (PID=1948) to work on /opt/airflow/dags/basic_dags/start_after_current.py
[2022-07-30 16:56:38,303] {processor.py:641} INFO - Processing file /opt/airflow/dags/basic_dags/start_after_current.py for tasks to queue
[2022-07-30 16:56:38,316] {logging_mixin.py:115} INFO - [2022-07-30 16:56:38,316] {dagbag.py:507} INFO - Filling up the DagBag from /opt/airflow/dags/basic_dags/start_after_current.py
[2022-07-30 16:56:38,334] {processor.py:651} INFO - DAG(s) dict_keys(['start_after_current']) retrieved from /opt/airflow/dags/basic_dags/start_after_current.py
[2022-07-30 16:56:38,427] {logging_mixin.py:115} INFO - [2022-07-30 16:56:38,427] {dag.py:2379} INFO - Sync 1 DAGs
[2022-07-30 16:56:38,545] {logging_mixin.py:115} INFO - [2022-07-30 16:56:38,545] {dag.py:2931} INFO - Setting next_dagrun for start_after_current to 2022-07-26T08:55:00+00:00, run_after=2022-07-26T09:00:00+00:00
[2022-07-30 16:56:38,583] {processor.py:161} INFO - Processing /opt/airflow/dags/basic_dags/start_after_current.py took 0.284 seconds
[2022-07-30 16:57:09,420] {processor.py:153} INFO - Started process (PID=2021) to work on /opt/airflow/dags/basic_dags/start_after_current.py
[2022-07-30 16:57:09,421] {processor.py:641} INFO - Processing file /opt/airflow/dags/basic_dags/start_after_current.py for tasks to queue
[2022-07-30 16:57:09,422] {logging_mixin.py:115} INFO - [2022-07-30 16:57:09,422] {dagbag.py:507} INFO - Filling up the DagBag from /opt/airflow/dags/basic_dags/start_after_current.py
[2022-07-30 16:57:09,433] {processor.py:651} INFO - DAG(s) dict_keys(['start_after_current']) retrieved from /opt/airflow/dags/basic_dags/start_after_current.py
[2022-07-30 16:57:09,472] {logging_mixin.py:115} INFO - [2022-07-30 16:57:09,472] {dag.py:2379} INFO - Sync 1 DAGs
[2022-07-30 16:57:09,506] {logging_mixin.py:115} INFO - [2022-07-30 16:57:09,505] {dag.py:2931} INFO - Setting next_dagrun for start_after_current to 2022-07-26T08:55:00+00:00, run_after=2022-07-26T09:00:00+00:00
[2022-07-30 16:57:09,543] {processor.py:161} INFO - Processing /opt/airflow/dags/basic_dags/start_after_current.py took 0.126 seconds
[2022-07-30 16:57:40,036] {processor.py:153} INFO - Started process (PID=2103) to work on /opt/airflow/dags/basic_dags/start_after_current.py
[2022-07-30 16:57:40,037] {processor.py:641} INFO - Processing file /opt/airflow/dags/basic_dags/start_after_current.py for tasks to queue
[2022-07-30 16:57:40,038] {logging_mixin.py:115} INFO - [2022-07-30 16:57:40,038] {dagbag.py:507} INFO - Filling up the DagBag from /opt/airflow/dags/basic_dags/start_after_current.py
[2022-07-30 16:57:40,063] {processor.py:651} INFO - DAG(s) dict_keys(['start_after_current']) retrieved from /opt/airflow/dags/basic_dags/start_after_current.py
[2022-07-30 16:57:40,134] {logging_mixin.py:115} INFO - [2022-07-30 16:57:40,134] {dag.py:2379} INFO - Sync 1 DAGs
[2022-07-30 16:57:40,168] {logging_mixin.py:115} INFO - [2022-07-30 16:57:40,167] {dag.py:2931} INFO - Setting next_dagrun for start_after_current to 2022-07-26T08:55:00+00:00, run_after=2022-07-26T09:00:00+00:00
[2022-07-30 16:57:40,182] {processor.py:161} INFO - Processing /opt/airflow/dags/basic_dags/start_after_current.py took 0.155 seconds
[2022-07-30 16:58:10,321] {processor.py:153} INFO - Started process (PID=2176) to work on /opt/airflow/dags/basic_dags/start_after_current.py
[2022-07-30 16:58:10,322] {processor.py:641} INFO - Processing file /opt/airflow/dags/basic_dags/start_after_current.py for tasks to queue
[2022-07-30 16:58:10,322] {logging_mixin.py:115} INFO - [2022-07-30 16:58:10,322] {dagbag.py:507} INFO - Filling up the DagBag from /opt/airflow/dags/basic_dags/start_after_current.py
[2022-07-30 16:58:10,346] {processor.py:651} INFO - DAG(s) dict_keys(['start_after_current']) retrieved from /opt/airflow/dags/basic_dags/start_after_current.py
[2022-07-30 16:58:10,440] {logging_mixin.py:115} INFO - [2022-07-30 16:58:10,440] {dag.py:2379} INFO - Sync 1 DAGs
[2022-07-30 16:58:10,574] {logging_mixin.py:115} INFO - [2022-07-30 16:58:10,573] {dag.py:2931} INFO - Setting next_dagrun for start_after_current to 2022-07-26T08:55:00+00:00, run_after=2022-07-26T09:00:00+00:00
[2022-07-30 16:58:10,653] {processor.py:161} INFO - Processing /opt/airflow/dags/basic_dags/start_after_current.py took 0.356 seconds
[2022-07-30 16:58:40,772] {processor.py:153} INFO - Started process (PID=2258) to work on /opt/airflow/dags/basic_dags/start_after_current.py
[2022-07-30 16:58:40,773] {processor.py:641} INFO - Processing file /opt/airflow/dags/basic_dags/start_after_current.py for tasks to queue
[2022-07-30 16:58:40,773] {logging_mixin.py:115} INFO - [2022-07-30 16:58:40,773] {dagbag.py:507} INFO - Filling up the DagBag from /opt/airflow/dags/basic_dags/start_after_current.py
[2022-07-30 16:58:40,790] {processor.py:651} INFO - DAG(s) dict_keys(['start_after_current']) retrieved from /opt/airflow/dags/basic_dags/start_after_current.py
[2022-07-30 16:58:40,830] {logging_mixin.py:115} INFO - [2022-07-30 16:58:40,830] {dag.py:2379} INFO - Sync 1 DAGs
[2022-07-30 16:58:40,865] {logging_mixin.py:115} INFO - [2022-07-30 16:58:40,865] {dag.py:2931} INFO - Setting next_dagrun for start_after_current to 2022-07-26T08:55:00+00:00, run_after=2022-07-26T09:00:00+00:00
[2022-07-30 16:58:40,885] {processor.py:161} INFO - Processing /opt/airflow/dags/basic_dags/start_after_current.py took 0.121 seconds
[2022-07-30 16:59:11,347] {processor.py:153} INFO - Started process (PID=2334) to work on /opt/airflow/dags/basic_dags/start_after_current.py
[2022-07-30 16:59:11,352] {processor.py:641} INFO - Processing file /opt/airflow/dags/basic_dags/start_after_current.py for tasks to queue
[2022-07-30 16:59:11,352] {logging_mixin.py:115} INFO - [2022-07-30 16:59:11,352] {dagbag.py:507} INFO - Filling up the DagBag from /opt/airflow/dags/basic_dags/start_after_current.py
[2022-07-30 16:59:11,371] {processor.py:651} INFO - DAG(s) dict_keys(['start_after_current']) retrieved from /opt/airflow/dags/basic_dags/start_after_current.py
[2022-07-30 16:59:11,483] {logging_mixin.py:115} INFO - [2022-07-30 16:59:11,483] {dag.py:2379} INFO - Sync 1 DAGs
[2022-07-30 16:59:11,564] {logging_mixin.py:115} INFO - [2022-07-30 16:59:11,564] {dag.py:2931} INFO - Setting next_dagrun for start_after_current to 2022-07-26T08:55:00+00:00, run_after=2022-07-26T09:00:00+00:00
[2022-07-30 16:59:11,591] {processor.py:161} INFO - Processing /opt/airflow/dags/basic_dags/start_after_current.py took 0.254 seconds
[2022-07-30 16:59:42,527] {processor.py:153} INFO - Started process (PID=2420) to work on /opt/airflow/dags/basic_dags/start_after_current.py
[2022-07-30 16:59:42,528] {processor.py:641} INFO - Processing file /opt/airflow/dags/basic_dags/start_after_current.py for tasks to queue
[2022-07-30 16:59:42,528] {logging_mixin.py:115} INFO - [2022-07-30 16:59:42,528] {dagbag.py:507} INFO - Filling up the DagBag from /opt/airflow/dags/basic_dags/start_after_current.py
[2022-07-30 16:59:42,536] {processor.py:651} INFO - DAG(s) dict_keys(['start_after_current']) retrieved from /opt/airflow/dags/basic_dags/start_after_current.py
[2022-07-30 16:59:42,577] {logging_mixin.py:115} INFO - [2022-07-30 16:59:42,577] {dag.py:2379} INFO - Sync 1 DAGs
[2022-07-30 16:59:42,609] {logging_mixin.py:115} INFO - [2022-07-30 16:59:42,609] {dag.py:2931} INFO - Setting next_dagrun for start_after_current to 2022-07-26T08:55:00+00:00, run_after=2022-07-26T09:00:00+00:00
[2022-07-30 16:59:42,623] {processor.py:161} INFO - Processing /opt/airflow/dags/basic_dags/start_after_current.py took 0.100 seconds
[2022-07-30 17:00:13,424] {processor.py:153} INFO - Started process (PID=2494) to work on /opt/airflow/dags/basic_dags/start_after_current.py
[2022-07-30 17:00:13,425] {processor.py:641} INFO - Processing file /opt/airflow/dags/basic_dags/start_after_current.py for tasks to queue
[2022-07-30 17:00:13,426] {logging_mixin.py:115} INFO - [2022-07-30 17:00:13,425] {dagbag.py:507} INFO - Filling up the DagBag from /opt/airflow/dags/basic_dags/start_after_current.py
[2022-07-30 17:00:13,433] {processor.py:651} INFO - DAG(s) dict_keys(['start_after_current']) retrieved from /opt/airflow/dags/basic_dags/start_after_current.py
[2022-07-30 17:00:13,456] {logging_mixin.py:115} INFO - [2022-07-30 17:00:13,455] {dag.py:2379} INFO - Sync 1 DAGs
[2022-07-30 17:00:13,477] {logging_mixin.py:115} INFO - [2022-07-30 17:00:13,477] {dag.py:2931} INFO - Setting next_dagrun for start_after_current to 2022-07-26T08:55:00+00:00, run_after=2022-07-26T09:00:00+00:00
[2022-07-30 17:00:13,488] {processor.py:161} INFO - Processing /opt/airflow/dags/basic_dags/start_after_current.py took 0.067 seconds
[2022-07-30 17:00:44,349] {processor.py:153} INFO - Started process (PID=2568) to work on /opt/airflow/dags/basic_dags/start_after_current.py
[2022-07-30 17:00:44,349] {processor.py:641} INFO - Processing file /opt/airflow/dags/basic_dags/start_after_current.py for tasks to queue
[2022-07-30 17:00:44,350] {logging_mixin.py:115} INFO - [2022-07-30 17:00:44,350] {dagbag.py:507} INFO - Filling up the DagBag from /opt/airflow/dags/basic_dags/start_after_current.py
[2022-07-30 17:00:44,355] {processor.py:651} INFO - DAG(s) dict_keys(['start_after_current']) retrieved from /opt/airflow/dags/basic_dags/start_after_current.py
[2022-07-30 17:00:44,384] {logging_mixin.py:115} INFO - [2022-07-30 17:00:44,383] {dag.py:2379} INFO - Sync 1 DAGs
[2022-07-30 17:00:44,405] {logging_mixin.py:115} INFO - [2022-07-30 17:00:44,405] {dag.py:2931} INFO - Setting next_dagrun for start_after_current to 2022-07-26T08:55:00+00:00, run_after=2022-07-26T09:00:00+00:00
[2022-07-30 17:00:44,416] {processor.py:161} INFO - Processing /opt/airflow/dags/basic_dags/start_after_current.py took 0.071 seconds
[2022-07-30 17:01:15,062] {processor.py:153} INFO - Started process (PID=2653) to work on /opt/airflow/dags/basic_dags/start_after_current.py
[2022-07-30 17:01:15,063] {processor.py:641} INFO - Processing file /opt/airflow/dags/basic_dags/start_after_current.py for tasks to queue
[2022-07-30 17:01:15,063] {logging_mixin.py:115} INFO - [2022-07-30 17:01:15,063] {dagbag.py:507} INFO - Filling up the DagBag from /opt/airflow/dags/basic_dags/start_after_current.py
[2022-07-30 17:01:15,072] {processor.py:651} INFO - DAG(s) dict_keys(['start_after_current']) retrieved from /opt/airflow/dags/basic_dags/start_after_current.py
[2022-07-30 17:01:15,110] {logging_mixin.py:115} INFO - [2022-07-30 17:01:15,109] {dag.py:2379} INFO - Sync 1 DAGs
[2022-07-30 17:01:15,152] {logging_mixin.py:115} INFO - [2022-07-30 17:01:15,152] {dag.py:2931} INFO - Setting next_dagrun for start_after_current to 2022-07-26T08:55:00+00:00, run_after=2022-07-26T09:00:00+00:00
[2022-07-30 17:01:15,167] {processor.py:161} INFO - Processing /opt/airflow/dags/basic_dags/start_after_current.py took 0.112 seconds
[2022-07-30 17:01:45,292] {processor.py:153} INFO - Started process (PID=2729) to work on /opt/airflow/dags/basic_dags/start_after_current.py
[2022-07-30 17:01:45,292] {processor.py:641} INFO - Processing file /opt/airflow/dags/basic_dags/start_after_current.py for tasks to queue
[2022-07-30 17:01:45,298] {logging_mixin.py:115} INFO - [2022-07-30 17:01:45,298] {dagbag.py:507} INFO - Filling up the DagBag from /opt/airflow/dags/basic_dags/start_after_current.py
[2022-07-30 17:01:45,315] {processor.py:651} INFO - DAG(s) dict_keys(['start_after_current']) retrieved from /opt/airflow/dags/basic_dags/start_after_current.py
[2022-07-30 17:01:45,374] {logging_mixin.py:115} INFO - [2022-07-30 17:01:45,374] {dag.py:2379} INFO - Sync 1 DAGs
[2022-07-30 17:01:45,422] {logging_mixin.py:115} INFO - [2022-07-30 17:01:45,422] {dag.py:2931} INFO - Setting next_dagrun for start_after_current to 2022-07-26T08:55:00+00:00, run_after=2022-07-26T09:00:00+00:00
[2022-07-30 17:01:45,441] {processor.py:161} INFO - Processing /opt/airflow/dags/basic_dags/start_after_current.py took 0.154 seconds
[2022-07-30 17:02:15,969] {processor.py:153} INFO - Started process (PID=2803) to work on /opt/airflow/dags/basic_dags/start_after_current.py
[2022-07-30 17:02:15,976] {processor.py:641} INFO - Processing file /opt/airflow/dags/basic_dags/start_after_current.py for tasks to queue
[2022-07-30 17:02:15,977] {logging_mixin.py:115} INFO - [2022-07-30 17:02:15,976] {dagbag.py:507} INFO - Filling up the DagBag from /opt/airflow/dags/basic_dags/start_after_current.py
[2022-07-30 17:02:15,993] {processor.py:651} INFO - DAG(s) dict_keys(['start_after_current']) retrieved from /opt/airflow/dags/basic_dags/start_after_current.py
[2022-07-30 17:02:16,051] {logging_mixin.py:115} INFO - [2022-07-30 17:02:16,051] {dag.py:2379} INFO - Sync 1 DAGs
[2022-07-30 17:02:16,114] {logging_mixin.py:115} INFO - [2022-07-30 17:02:16,114] {dag.py:2931} INFO - Setting next_dagrun for start_after_current to 2022-07-26T08:55:00+00:00, run_after=2022-07-26T09:00:00+00:00
[2022-07-30 17:02:16,153] {processor.py:161} INFO - Processing /opt/airflow/dags/basic_dags/start_after_current.py took 0.191 seconds
[2022-07-30 17:02:46,980] {processor.py:153} INFO - Started process (PID=2891) to work on /opt/airflow/dags/basic_dags/start_after_current.py
[2022-07-30 17:02:46,981] {processor.py:641} INFO - Processing file /opt/airflow/dags/basic_dags/start_after_current.py for tasks to queue
[2022-07-30 17:02:46,981] {logging_mixin.py:115} INFO - [2022-07-30 17:02:46,981] {dagbag.py:507} INFO - Filling up the DagBag from /opt/airflow/dags/basic_dags/start_after_current.py
[2022-07-30 17:02:46,986] {processor.py:651} INFO - DAG(s) dict_keys(['start_after_current']) retrieved from /opt/airflow/dags/basic_dags/start_after_current.py
[2022-07-30 17:02:47,009] {logging_mixin.py:115} INFO - [2022-07-30 17:02:47,009] {dag.py:2379} INFO - Sync 1 DAGs
[2022-07-30 17:02:47,038] {logging_mixin.py:115} INFO - [2022-07-30 17:02:47,038] {dag.py:2931} INFO - Setting next_dagrun for start_after_current to 2022-07-26T08:55:00+00:00, run_after=2022-07-26T09:00:00+00:00
[2022-07-30 17:02:47,048] {processor.py:161} INFO - Processing /opt/airflow/dags/basic_dags/start_after_current.py took 0.073 seconds
[2022-07-30 17:03:18,090] {processor.py:153} INFO - Started process (PID=2964) to work on /opt/airflow/dags/basic_dags/start_after_current.py
[2022-07-30 17:03:18,091] {processor.py:641} INFO - Processing file /opt/airflow/dags/basic_dags/start_after_current.py for tasks to queue
[2022-07-30 17:03:18,091] {logging_mixin.py:115} INFO - [2022-07-30 17:03:18,091] {dagbag.py:507} INFO - Filling up the DagBag from /opt/airflow/dags/basic_dags/start_after_current.py
[2022-07-30 17:03:18,099] {processor.py:651} INFO - DAG(s) dict_keys(['start_after_current']) retrieved from /opt/airflow/dags/basic_dags/start_after_current.py
[2022-07-30 17:03:18,133] {logging_mixin.py:115} INFO - [2022-07-30 17:03:18,133] {dag.py:2379} INFO - Sync 1 DAGs
[2022-07-30 17:03:18,170] {logging_mixin.py:115} INFO - [2022-07-30 17:03:18,169] {dag.py:2931} INFO - Setting next_dagrun for start_after_current to 2022-07-26T08:55:00+00:00, run_after=2022-07-26T09:00:00+00:00
[2022-07-30 17:03:18,184] {processor.py:161} INFO - Processing /opt/airflow/dags/basic_dags/start_after_current.py took 0.098 seconds
[2022-07-30 17:03:48,667] {processor.py:153} INFO - Started process (PID=3047) to work on /opt/airflow/dags/basic_dags/start_after_current.py
[2022-07-30 17:03:48,667] {processor.py:641} INFO - Processing file /opt/airflow/dags/basic_dags/start_after_current.py for tasks to queue
[2022-07-30 17:03:48,668] {logging_mixin.py:115} INFO - [2022-07-30 17:03:48,668] {dagbag.py:507} INFO - Filling up the DagBag from /opt/airflow/dags/basic_dags/start_after_current.py
[2022-07-30 17:03:48,676] {processor.py:651} INFO - DAG(s) dict_keys(['start_after_current']) retrieved from /opt/airflow/dags/basic_dags/start_after_current.py
[2022-07-30 17:03:48,707] {logging_mixin.py:115} INFO - [2022-07-30 17:03:48,707] {dag.py:2379} INFO - Sync 1 DAGs
[2022-07-30 17:03:48,741] {logging_mixin.py:115} INFO - [2022-07-30 17:03:48,740] {dag.py:2931} INFO - Setting next_dagrun for start_after_current to 2022-07-26T08:55:00+00:00, run_after=2022-07-26T09:00:00+00:00
[2022-07-30 17:03:48,756] {processor.py:161} INFO - Processing /opt/airflow/dags/basic_dags/start_after_current.py took 0.095 seconds
[2022-07-30 17:04:19,463] {processor.py:153} INFO - Started process (PID=3121) to work on /opt/airflow/dags/basic_dags/start_after_current.py
[2022-07-30 17:04:19,471] {processor.py:641} INFO - Processing file /opt/airflow/dags/basic_dags/start_after_current.py for tasks to queue
[2022-07-30 17:04:19,472] {logging_mixin.py:115} INFO - [2022-07-30 17:04:19,472] {dagbag.py:507} INFO - Filling up the DagBag from /opt/airflow/dags/basic_dags/start_after_current.py
[2022-07-30 17:04:19,491] {processor.py:651} INFO - DAG(s) dict_keys(['start_after_current']) retrieved from /opt/airflow/dags/basic_dags/start_after_current.py
[2022-07-30 17:04:19,545] {logging_mixin.py:115} INFO - [2022-07-30 17:04:19,545] {dag.py:2379} INFO - Sync 1 DAGs
[2022-07-30 17:04:19,578] {logging_mixin.py:115} INFO - [2022-07-30 17:04:19,578] {dag.py:2931} INFO - Setting next_dagrun for start_after_current to 2022-07-26T08:55:00+00:00, run_after=2022-07-26T09:00:00+00:00
[2022-07-30 17:04:19,594] {processor.py:161} INFO - Processing /opt/airflow/dags/basic_dags/start_after_current.py took 0.135 seconds
[2022-07-30 17:04:50,008] {processor.py:153} INFO - Started process (PID=3206) to work on /opt/airflow/dags/basic_dags/start_after_current.py
[2022-07-30 17:04:50,009] {processor.py:641} INFO - Processing file /opt/airflow/dags/basic_dags/start_after_current.py for tasks to queue
[2022-07-30 17:04:50,010] {logging_mixin.py:115} INFO - [2022-07-30 17:04:50,009] {dagbag.py:507} INFO - Filling up the DagBag from /opt/airflow/dags/basic_dags/start_after_current.py
[2022-07-30 17:04:50,038] {processor.py:651} INFO - DAG(s) dict_keys(['start_after_current']) retrieved from /opt/airflow/dags/basic_dags/start_after_current.py
[2022-07-30 17:04:50,100] {logging_mixin.py:115} INFO - [2022-07-30 17:04:50,100] {dag.py:2379} INFO - Sync 1 DAGs
[2022-07-30 17:04:50,162] {logging_mixin.py:115} INFO - [2022-07-30 17:04:50,162] {dag.py:2931} INFO - Setting next_dagrun for start_after_current to 2022-07-26T08:55:00+00:00, run_after=2022-07-26T09:00:00+00:00
[2022-07-30 17:04:50,190] {processor.py:161} INFO - Processing /opt/airflow/dags/basic_dags/start_after_current.py took 0.196 seconds
[2022-07-30 17:05:20,612] {processor.py:153} INFO - Started process (PID=3279) to work on /opt/airflow/dags/basic_dags/start_after_current.py
[2022-07-30 17:05:20,614] {processor.py:641} INFO - Processing file /opt/airflow/dags/basic_dags/start_after_current.py for tasks to queue
[2022-07-30 17:05:20,614] {logging_mixin.py:115} INFO - [2022-07-30 17:05:20,614] {dagbag.py:507} INFO - Filling up the DagBag from /opt/airflow/dags/basic_dags/start_after_current.py
[2022-07-30 17:05:20,631] {processor.py:651} INFO - DAG(s) dict_keys(['start_after_current']) retrieved from /opt/airflow/dags/basic_dags/start_after_current.py
[2022-07-30 17:05:20,668] {logging_mixin.py:115} INFO - [2022-07-30 17:05:20,668] {dag.py:2379} INFO - Sync 1 DAGs
[2022-07-30 17:05:20,703] {logging_mixin.py:115} INFO - [2022-07-30 17:05:20,703] {dag.py:2931} INFO - Setting next_dagrun for start_after_current to 2022-07-26T08:55:00+00:00, run_after=2022-07-26T09:00:00+00:00
[2022-07-30 17:05:20,723] {processor.py:161} INFO - Processing /opt/airflow/dags/basic_dags/start_after_current.py took 0.118 seconds
[2022-07-30 17:05:51,392] {processor.py:153} INFO - Started process (PID=3371) to work on /opt/airflow/dags/basic_dags/start_after_current.py
[2022-07-30 17:05:51,393] {processor.py:641} INFO - Processing file /opt/airflow/dags/basic_dags/start_after_current.py for tasks to queue
[2022-07-30 17:05:51,393] {logging_mixin.py:115} INFO - [2022-07-30 17:05:51,393] {dagbag.py:507} INFO - Filling up the DagBag from /opt/airflow/dags/basic_dags/start_after_current.py
[2022-07-30 17:05:51,401] {processor.py:651} INFO - DAG(s) dict_keys(['start_after_current']) retrieved from /opt/airflow/dags/basic_dags/start_after_current.py
[2022-07-30 17:05:51,434] {logging_mixin.py:115} INFO - [2022-07-30 17:05:51,434] {dag.py:2379} INFO - Sync 1 DAGs
[2022-07-30 17:05:51,467] {logging_mixin.py:115} INFO - [2022-07-30 17:05:51,467] {dag.py:2931} INFO - Setting next_dagrun for start_after_current to 2022-07-26T08:55:00+00:00, run_after=2022-07-26T09:00:00+00:00
[2022-07-30 17:05:51,483] {processor.py:161} INFO - Processing /opt/airflow/dags/basic_dags/start_after_current.py took 0.094 seconds
[2022-07-30 17:06:22,121] {processor.py:153} INFO - Started process (PID=3444) to work on /opt/airflow/dags/basic_dags/start_after_current.py
[2022-07-30 17:06:22,128] {processor.py:641} INFO - Processing file /opt/airflow/dags/basic_dags/start_after_current.py for tasks to queue
[2022-07-30 17:06:22,129] {logging_mixin.py:115} INFO - [2022-07-30 17:06:22,128] {dagbag.py:507} INFO - Filling up the DagBag from /opt/airflow/dags/basic_dags/start_after_current.py
[2022-07-30 17:06:22,146] {processor.py:651} INFO - DAG(s) dict_keys(['start_after_current']) retrieved from /opt/airflow/dags/basic_dags/start_after_current.py
[2022-07-30 17:06:22,190] {logging_mixin.py:115} INFO - [2022-07-30 17:06:22,190] {dag.py:2379} INFO - Sync 1 DAGs
[2022-07-30 17:06:22,224] {logging_mixin.py:115} INFO - [2022-07-30 17:06:22,224] {dag.py:2931} INFO - Setting next_dagrun for start_after_current to 2022-07-26T08:55:00+00:00, run_after=2022-07-26T09:00:00+00:00
[2022-07-30 17:06:22,239] {processor.py:161} INFO - Processing /opt/airflow/dags/basic_dags/start_after_current.py took 0.136 seconds
[2022-07-30 17:06:52,577] {processor.py:153} INFO - Started process (PID=3526) to work on /opt/airflow/dags/basic_dags/start_after_current.py
[2022-07-30 17:06:52,577] {processor.py:641} INFO - Processing file /opt/airflow/dags/basic_dags/start_after_current.py for tasks to queue
[2022-07-30 17:06:52,578] {logging_mixin.py:115} INFO - [2022-07-30 17:06:52,578] {dagbag.py:507} INFO - Filling up the DagBag from /opt/airflow/dags/basic_dags/start_after_current.py
[2022-07-30 17:06:52,589] {processor.py:651} INFO - DAG(s) dict_keys(['start_after_current']) retrieved from /opt/airflow/dags/basic_dags/start_after_current.py
[2022-07-30 17:06:52,653] {logging_mixin.py:115} INFO - [2022-07-30 17:06:52,653] {dag.py:2379} INFO - Sync 1 DAGs
[2022-07-30 17:06:52,710] {logging_mixin.py:115} INFO - [2022-07-30 17:06:52,709] {dag.py:2931} INFO - Setting next_dagrun for start_after_current to 2022-07-26T08:55:00+00:00, run_after=2022-07-26T09:00:00+00:00
[2022-07-30 17:06:52,741] {processor.py:161} INFO - Processing /opt/airflow/dags/basic_dags/start_after_current.py took 0.172 seconds
[2022-07-30 17:07:22,984] {processor.py:153} INFO - Started process (PID=3600) to work on /opt/airflow/dags/basic_dags/start_after_current.py
[2022-07-30 17:07:22,991] {processor.py:641} INFO - Processing file /opt/airflow/dags/basic_dags/start_after_current.py for tasks to queue
[2022-07-30 17:07:22,991] {logging_mixin.py:115} INFO - [2022-07-30 17:07:22,991] {dagbag.py:507} INFO - Filling up the DagBag from /opt/airflow/dags/basic_dags/start_after_current.py
[2022-07-30 17:07:23,002] {processor.py:651} INFO - DAG(s) dict_keys(['start_after_current']) retrieved from /opt/airflow/dags/basic_dags/start_after_current.py
[2022-07-30 17:07:23,047] {logging_mixin.py:115} INFO - [2022-07-30 17:07:23,047] {dag.py:2379} INFO - Sync 1 DAGs
[2022-07-30 17:07:23,080] {logging_mixin.py:115} INFO - [2022-07-30 17:07:23,080] {dag.py:2931} INFO - Setting next_dagrun for start_after_current to 2022-07-26T08:55:00+00:00, run_after=2022-07-26T09:00:00+00:00
[2022-07-30 17:07:23,096] {processor.py:161} INFO - Processing /opt/airflow/dags/basic_dags/start_after_current.py took 0.116 seconds
[2022-07-30 17:07:53,769] {processor.py:153} INFO - Started process (PID=3680) to work on /opt/airflow/dags/basic_dags/start_after_current.py
[2022-07-30 17:07:53,770] {processor.py:641} INFO - Processing file /opt/airflow/dags/basic_dags/start_after_current.py for tasks to queue
[2022-07-30 17:07:53,770] {logging_mixin.py:115} INFO - [2022-07-30 17:07:53,770] {dagbag.py:507} INFO - Filling up the DagBag from /opt/airflow/dags/basic_dags/start_after_current.py
[2022-07-30 17:07:53,790] {processor.py:651} INFO - DAG(s) dict_keys(['start_after_current']) retrieved from /opt/airflow/dags/basic_dags/start_after_current.py
[2022-07-30 17:07:53,869] {logging_mixin.py:115} INFO - [2022-07-30 17:07:53,868] {dag.py:2379} INFO - Sync 1 DAGs
[2022-07-30 17:07:53,937] {logging_mixin.py:115} INFO - [2022-07-30 17:07:53,937] {dag.py:2931} INFO - Setting next_dagrun for start_after_current to 2022-07-26T08:55:00+00:00, run_after=2022-07-26T09:00:00+00:00
[2022-07-30 17:07:53,971] {processor.py:161} INFO - Processing /opt/airflow/dags/basic_dags/start_after_current.py took 0.206 seconds
[2022-07-30 17:08:24,353] {processor.py:153} INFO - Started process (PID=3759) to work on /opt/airflow/dags/basic_dags/start_after_current.py
[2022-07-30 17:08:24,358] {processor.py:641} INFO - Processing file /opt/airflow/dags/basic_dags/start_after_current.py for tasks to queue
[2022-07-30 17:08:24,359] {logging_mixin.py:115} INFO - [2022-07-30 17:08:24,359] {dagbag.py:507} INFO - Filling up the DagBag from /opt/airflow/dags/basic_dags/start_after_current.py
[2022-07-30 17:08:24,371] {processor.py:651} INFO - DAG(s) dict_keys(['start_after_current']) retrieved from /opt/airflow/dags/basic_dags/start_after_current.py
[2022-07-30 17:08:24,441] {logging_mixin.py:115} INFO - [2022-07-30 17:08:24,441] {dag.py:2379} INFO - Sync 1 DAGs
[2022-07-30 17:08:24,486] {logging_mixin.py:115} INFO - [2022-07-30 17:08:24,486] {dag.py:2931} INFO - Setting next_dagrun for start_after_current to 2022-07-26T08:55:00+00:00, run_after=2022-07-26T09:00:00+00:00
[2022-07-30 17:08:24,502] {processor.py:161} INFO - Processing /opt/airflow/dags/basic_dags/start_after_current.py took 0.153 seconds
[2022-07-30 17:08:54,923] {processor.py:153} INFO - Started process (PID=3835) to work on /opt/airflow/dags/basic_dags/start_after_current.py
[2022-07-30 17:08:54,932] {processor.py:641} INFO - Processing file /opt/airflow/dags/basic_dags/start_after_current.py for tasks to queue
[2022-07-30 17:08:54,932] {logging_mixin.py:115} INFO - [2022-07-30 17:08:54,932] {dagbag.py:507} INFO - Filling up the DagBag from /opt/airflow/dags/basic_dags/start_after_current.py
[2022-07-30 17:08:54,974] {processor.py:651} INFO - DAG(s) dict_keys(['start_after_current']) retrieved from /opt/airflow/dags/basic_dags/start_after_current.py
[2022-07-30 17:08:55,074] {logging_mixin.py:115} INFO - [2022-07-30 17:08:55,074] {dag.py:2379} INFO - Sync 1 DAGs
[2022-07-30 17:08:55,142] {logging_mixin.py:115} INFO - [2022-07-30 17:08:55,141] {dag.py:2931} INFO - Setting next_dagrun for start_after_current to 2022-07-26T08:55:00+00:00, run_after=2022-07-26T09:00:00+00:00
[2022-07-30 17:08:55,174] {processor.py:161} INFO - Processing /opt/airflow/dags/basic_dags/start_after_current.py took 0.255 seconds
[2022-07-30 17:09:25,927] {processor.py:153} INFO - Started process (PID=3917) to work on /opt/airflow/dags/basic_dags/start_after_current.py
[2022-07-30 17:09:25,928] {processor.py:641} INFO - Processing file /opt/airflow/dags/basic_dags/start_after_current.py for tasks to queue
[2022-07-30 17:09:25,928] {logging_mixin.py:115} INFO - [2022-07-30 17:09:25,928] {dagbag.py:507} INFO - Filling up the DagBag from /opt/airflow/dags/basic_dags/start_after_current.py
[2022-07-30 17:09:25,937] {processor.py:651} INFO - DAG(s) dict_keys(['start_after_current']) retrieved from /opt/airflow/dags/basic_dags/start_after_current.py
[2022-07-30 17:09:25,971] {logging_mixin.py:115} INFO - [2022-07-30 17:09:25,971] {dag.py:2379} INFO - Sync 1 DAGs
[2022-07-30 17:09:26,006] {logging_mixin.py:115} INFO - [2022-07-30 17:09:26,006] {dag.py:2931} INFO - Setting next_dagrun for start_after_current to 2022-07-26T08:55:00+00:00, run_after=2022-07-26T09:00:00+00:00
[2022-07-30 17:09:26,199] {processor.py:161} INFO - Processing /opt/airflow/dags/basic_dags/start_after_current.py took 0.276 seconds
[2022-07-30 17:09:58,634] {processor.py:153} INFO - Started process (PID=4001) to work on /opt/airflow/dags/basic_dags/start_after_current.py
[2022-07-30 17:09:58,634] {processor.py:641} INFO - Processing file /opt/airflow/dags/basic_dags/start_after_current.py for tasks to queue
[2022-07-30 17:09:58,635] {logging_mixin.py:115} INFO - [2022-07-30 17:09:58,635] {dagbag.py:507} INFO - Filling up the DagBag from /opt/airflow/dags/basic_dags/start_after_current.py
[2022-07-30 17:09:58,643] {processor.py:651} INFO - DAG(s) dict_keys(['start_after_current']) retrieved from /opt/airflow/dags/basic_dags/start_after_current.py
[2022-07-30 17:09:58,677] {logging_mixin.py:115} INFO - [2022-07-30 17:09:58,677] {dag.py:2379} INFO - Sync 1 DAGs
[2022-07-30 17:09:58,714] {logging_mixin.py:115} INFO - [2022-07-30 17:09:58,714] {dag.py:2931} INFO - Setting next_dagrun for start_after_current to 2022-07-26T08:55:00+00:00, run_after=2022-07-26T09:00:00+00:00
[2022-07-30 17:09:58,900] {processor.py:161} INFO - Processing /opt/airflow/dags/basic_dags/start_after_current.py took 0.270 seconds
[2022-07-30 17:10:29,816] {processor.py:153} INFO - Started process (PID=4075) to work on /opt/airflow/dags/basic_dags/start_after_current.py
[2022-07-30 17:10:29,825] {processor.py:641} INFO - Processing file /opt/airflow/dags/basic_dags/start_after_current.py for tasks to queue
[2022-07-30 17:10:29,826] {logging_mixin.py:115} INFO - [2022-07-30 17:10:29,826] {dagbag.py:507} INFO - Filling up the DagBag from /opt/airflow/dags/basic_dags/start_after_current.py
[2022-07-30 17:10:29,863] {processor.py:651} INFO - DAG(s) dict_keys(['start_after_current']) retrieved from /opt/airflow/dags/basic_dags/start_after_current.py
[2022-07-30 17:10:29,981] {logging_mixin.py:115} INFO - [2022-07-30 17:10:29,980] {dag.py:2379} INFO - Sync 1 DAGs
[2022-07-30 17:10:30,047] {logging_mixin.py:115} INFO - [2022-07-30 17:10:30,047] {dag.py:2931} INFO - Setting next_dagrun for start_after_current to 2022-07-26T08:55:00+00:00, run_after=2022-07-26T09:00:00+00:00
[2022-07-30 17:10:30,398] {processor.py:161} INFO - Processing /opt/airflow/dags/basic_dags/start_after_current.py took 0.590 seconds
[2022-07-30 17:11:02,826] {processor.py:153} INFO - Started process (PID=4165) to work on /opt/airflow/dags/basic_dags/start_after_current.py
[2022-07-30 17:11:02,833] {processor.py:641} INFO - Processing file /opt/airflow/dags/basic_dags/start_after_current.py for tasks to queue
[2022-07-30 17:11:02,835] {logging_mixin.py:115} INFO - [2022-07-30 17:11:02,835] {dagbag.py:507} INFO - Filling up the DagBag from /opt/airflow/dags/basic_dags/start_after_current.py
[2022-07-30 17:11:02,849] {processor.py:651} INFO - DAG(s) dict_keys(['start_after_current']) retrieved from /opt/airflow/dags/basic_dags/start_after_current.py
[2022-07-30 17:11:02,884] {logging_mixin.py:115} INFO - [2022-07-30 17:11:02,884] {dag.py:2379} INFO - Sync 1 DAGs
[2022-07-30 17:11:02,979] {logging_mixin.py:115} INFO - [2022-07-30 17:11:02,979] {dag.py:2931} INFO - Setting next_dagrun for start_after_current to 2022-07-26T08:55:00+00:00, run_after=2022-07-26T09:00:00+00:00
[2022-07-30 17:11:03,378] {processor.py:161} INFO - Processing /opt/airflow/dags/basic_dags/start_after_current.py took 0.563 seconds
[2022-07-30 17:11:33,620] {processor.py:153} INFO - Started process (PID=4238) to work on /opt/airflow/dags/basic_dags/start_after_current.py
[2022-07-30 17:11:33,621] {processor.py:641} INFO - Processing file /opt/airflow/dags/basic_dags/start_after_current.py for tasks to queue
[2022-07-30 17:11:33,621] {logging_mixin.py:115} INFO - [2022-07-30 17:11:33,621] {dagbag.py:507} INFO - Filling up the DagBag from /opt/airflow/dags/basic_dags/start_after_current.py
[2022-07-30 17:11:33,632] {processor.py:651} INFO - DAG(s) dict_keys(['start_after_current']) retrieved from /opt/airflow/dags/basic_dags/start_after_current.py
[2022-07-30 17:11:33,684] {logging_mixin.py:115} INFO - [2022-07-30 17:11:33,684] {dag.py:2379} INFO - Sync 1 DAGs
[2022-07-30 17:11:33,759] {logging_mixin.py:115} INFO - [2022-07-30 17:11:33,759] {dag.py:2931} INFO - Setting next_dagrun for start_after_current to 2022-07-26T08:55:00+00:00, run_after=2022-07-26T09:00:00+00:00
[2022-07-30 17:11:34,035] {processor.py:161} INFO - Processing /opt/airflow/dags/basic_dags/start_after_current.py took 0.419 seconds
[2022-07-30 17:12:06,795] {processor.py:153} INFO - Started process (PID=4320) to work on /opt/airflow/dags/basic_dags/start_after_current.py
[2022-07-30 17:12:06,807] {processor.py:641} INFO - Processing file /opt/airflow/dags/basic_dags/start_after_current.py for tasks to queue
[2022-07-30 17:12:06,808] {logging_mixin.py:115} INFO - [2022-07-30 17:12:06,807] {dagbag.py:507} INFO - Filling up the DagBag from /opt/airflow/dags/basic_dags/start_after_current.py
[2022-07-30 17:12:06,818] {processor.py:651} INFO - DAG(s) dict_keys(['start_after_current']) retrieved from /opt/airflow/dags/basic_dags/start_after_current.py
[2022-07-30 17:12:06,892] {logging_mixin.py:115} INFO - [2022-07-30 17:12:06,892] {dag.py:2379} INFO - Sync 1 DAGs
[2022-07-30 17:12:07,001] {logging_mixin.py:115} INFO - [2022-07-30 17:12:07,001] {dag.py:2931} INFO - Setting next_dagrun for start_after_current to 2022-07-26T08:55:00+00:00, run_after=2022-07-26T09:00:00+00:00
[2022-07-30 17:12:07,264] {processor.py:161} INFO - Processing /opt/airflow/dags/basic_dags/start_after_current.py took 0.473 seconds
[2022-07-30 17:12:37,647] {processor.py:153} INFO - Started process (PID=4394) to work on /opt/airflow/dags/basic_dags/start_after_current.py
[2022-07-30 17:12:37,652] {processor.py:641} INFO - Processing file /opt/airflow/dags/basic_dags/start_after_current.py for tasks to queue
[2022-07-30 17:12:37,653] {logging_mixin.py:115} INFO - [2022-07-30 17:12:37,652] {dagbag.py:507} INFO - Filling up the DagBag from /opt/airflow/dags/basic_dags/start_after_current.py
[2022-07-30 17:12:37,668] {processor.py:651} INFO - DAG(s) dict_keys(['start_after_current']) retrieved from /opt/airflow/dags/basic_dags/start_after_current.py
[2022-07-30 17:12:37,722] {logging_mixin.py:115} INFO - [2022-07-30 17:12:37,722] {dag.py:2379} INFO - Sync 1 DAGs
[2022-07-30 17:12:37,784] {logging_mixin.py:115} INFO - [2022-07-30 17:12:37,784] {dag.py:2931} INFO - Setting next_dagrun for start_after_current to 2022-07-26T08:55:00+00:00, run_after=2022-07-26T09:00:00+00:00
[2022-07-30 17:12:38,147] {processor.py:161} INFO - Processing /opt/airflow/dags/basic_dags/start_after_current.py took 0.503 seconds
[2022-07-30 17:13:08,836] {processor.py:153} INFO - Started process (PID=4468) to work on /opt/airflow/dags/basic_dags/start_after_current.py
[2022-07-30 17:13:08,837] {processor.py:641} INFO - Processing file /opt/airflow/dags/basic_dags/start_after_current.py for tasks to queue
[2022-07-30 17:13:08,838] {logging_mixin.py:115} INFO - [2022-07-30 17:13:08,838] {dagbag.py:507} INFO - Filling up the DagBag from /opt/airflow/dags/basic_dags/start_after_current.py
[2022-07-30 17:13:08,852] {processor.py:651} INFO - DAG(s) dict_keys(['start_after_current']) retrieved from /opt/airflow/dags/basic_dags/start_after_current.py
[2022-07-30 17:13:08,925] {logging_mixin.py:115} INFO - [2022-07-30 17:13:08,925] {dag.py:2379} INFO - Sync 1 DAGs
[2022-07-30 17:13:08,999] {logging_mixin.py:115} INFO - [2022-07-30 17:13:08,999] {dag.py:2931} INFO - Setting next_dagrun for start_after_current to 2022-07-26T08:55:00+00:00, run_after=2022-07-26T09:00:00+00:00
[2022-07-30 17:13:09,478] {processor.py:161} INFO - Processing /opt/airflow/dags/basic_dags/start_after_current.py took 0.650 seconds
[2022-07-30 17:13:40,311] {processor.py:153} INFO - Started process (PID=4547) to work on /opt/airflow/dags/basic_dags/start_after_current.py
[2022-07-30 17:13:40,332] {processor.py:641} INFO - Processing file /opt/airflow/dags/basic_dags/start_after_current.py for tasks to queue
[2022-07-30 17:13:40,333] {logging_mixin.py:115} INFO - [2022-07-30 17:13:40,332] {dagbag.py:507} INFO - Filling up the DagBag from /opt/airflow/dags/basic_dags/start_after_current.py
[2022-07-30 17:13:40,373] {processor.py:651} INFO - DAG(s) dict_keys(['start_after_current']) retrieved from /opt/airflow/dags/basic_dags/start_after_current.py
[2022-07-30 17:13:40,497] {logging_mixin.py:115} INFO - [2022-07-30 17:13:40,497] {dag.py:2379} INFO - Sync 1 DAGs
[2022-07-30 17:13:40,635] {logging_mixin.py:115} INFO - [2022-07-30 17:13:40,635] {dag.py:2931} INFO - Setting next_dagrun for start_after_current to 2022-07-26T08:55:00+00:00, run_after=2022-07-26T09:00:00+00:00
[2022-07-30 17:13:41,196] {processor.py:161} INFO - Processing /opt/airflow/dags/basic_dags/start_after_current.py took 0.909 seconds
[2022-07-30 17:14:11,652] {processor.py:153} INFO - Started process (PID=4621) to work on /opt/airflow/dags/basic_dags/start_after_current.py
[2022-07-30 17:14:11,652] {processor.py:641} INFO - Processing file /opt/airflow/dags/basic_dags/start_after_current.py for tasks to queue
[2022-07-30 17:14:11,653] {logging_mixin.py:115} INFO - [2022-07-30 17:14:11,653] {dagbag.py:507} INFO - Filling up the DagBag from /opt/airflow/dags/basic_dags/start_after_current.py
[2022-07-30 17:14:11,662] {processor.py:651} INFO - DAG(s) dict_keys(['start_after_current']) retrieved from /opt/airflow/dags/basic_dags/start_after_current.py
[2022-07-30 17:14:11,700] {logging_mixin.py:115} INFO - [2022-07-30 17:14:11,699] {dag.py:2379} INFO - Sync 1 DAGs
[2022-07-30 17:14:11,734] {logging_mixin.py:115} INFO - [2022-07-30 17:14:11,734] {dag.py:2931} INFO - Setting next_dagrun for start_after_current to 2022-07-26T08:55:00+00:00, run_after=2022-07-26T09:00:00+00:00
[2022-07-30 17:14:11,748] {processor.py:161} INFO - Processing /opt/airflow/dags/basic_dags/start_after_current.py took 0.100 seconds
[2022-07-30 17:14:42,475] {processor.py:153} INFO - Started process (PID=4693) to work on /opt/airflow/dags/basic_dags/start_after_current.py
[2022-07-30 17:14:42,477] {processor.py:641} INFO - Processing file /opt/airflow/dags/basic_dags/start_after_current.py for tasks to queue
[2022-07-30 17:14:42,478] {logging_mixin.py:115} INFO - [2022-07-30 17:14:42,478] {dagbag.py:507} INFO - Filling up the DagBag from /opt/airflow/dags/basic_dags/start_after_current.py
[2022-07-30 17:14:42,515] {processor.py:651} INFO - DAG(s) dict_keys(['start_after_current']) retrieved from /opt/airflow/dags/basic_dags/start_after_current.py
[2022-07-30 17:14:42,602] {logging_mixin.py:115} INFO - [2022-07-30 17:14:42,601] {dag.py:2379} INFO - Sync 1 DAGs
[2022-07-30 17:14:42,676] {logging_mixin.py:115} INFO - [2022-07-30 17:14:42,676] {dag.py:2931} INFO - Setting next_dagrun for start_after_current to 2022-07-26T08:55:00+00:00, run_after=2022-07-26T09:00:00+00:00
[2022-07-30 17:14:42,696] {processor.py:161} INFO - Processing /opt/airflow/dags/basic_dags/start_after_current.py took 0.226 seconds
[2022-07-30 17:15:12,945] {processor.py:153} INFO - Started process (PID=4765) to work on /opt/airflow/dags/basic_dags/start_after_current.py
[2022-07-30 17:15:12,952] {processor.py:641} INFO - Processing file /opt/airflow/dags/basic_dags/start_after_current.py for tasks to queue
[2022-07-30 17:15:12,952] {logging_mixin.py:115} INFO - [2022-07-30 17:15:12,952] {dagbag.py:507} INFO - Filling up the DagBag from /opt/airflow/dags/basic_dags/start_after_current.py
[2022-07-30 17:15:12,969] {processor.py:651} INFO - DAG(s) dict_keys(['start_after_current']) retrieved from /opt/airflow/dags/basic_dags/start_after_current.py
[2022-07-30 17:15:13,016] {logging_mixin.py:115} INFO - [2022-07-30 17:15:13,016] {dag.py:2379} INFO - Sync 1 DAGs
[2022-07-30 17:15:13,091] {logging_mixin.py:115} INFO - [2022-07-30 17:15:13,090] {dag.py:2931} INFO - Setting next_dagrun for start_after_current to 2022-07-26T08:55:00+00:00, run_after=2022-07-26T09:00:00+00:00
[2022-07-30 17:15:13,116] {processor.py:161} INFO - Processing /opt/airflow/dags/basic_dags/start_after_current.py took 0.182 seconds
[2022-07-30 17:15:43,947] {processor.py:153} INFO - Started process (PID=4851) to work on /opt/airflow/dags/basic_dags/start_after_current.py
[2022-07-30 17:15:43,956] {processor.py:641} INFO - Processing file /opt/airflow/dags/basic_dags/start_after_current.py for tasks to queue
[2022-07-30 17:15:43,957] {logging_mixin.py:115} INFO - [2022-07-30 17:15:43,957] {dagbag.py:507} INFO - Filling up the DagBag from /opt/airflow/dags/basic_dags/start_after_current.py
[2022-07-30 17:15:43,970] {processor.py:651} INFO - DAG(s) dict_keys(['start_after_current']) retrieved from /opt/airflow/dags/basic_dags/start_after_current.py
[2022-07-30 17:15:44,056] {logging_mixin.py:115} INFO - [2022-07-30 17:15:44,056] {dag.py:2379} INFO - Sync 1 DAGs
[2022-07-30 17:15:44,150] {logging_mixin.py:115} INFO - [2022-07-30 17:15:44,150] {dag.py:2931} INFO - Setting next_dagrun for start_after_current to 2022-07-26T08:55:00+00:00, run_after=2022-07-26T09:00:00+00:00
[2022-07-30 17:15:44,180] {processor.py:161} INFO - Processing /opt/airflow/dags/basic_dags/start_after_current.py took 0.237 seconds
[2022-07-30 17:16:14,573] {processor.py:153} INFO - Started process (PID=4924) to work on /opt/airflow/dags/basic_dags/start_after_current.py
[2022-07-30 17:16:14,573] {processor.py:641} INFO - Processing file /opt/airflow/dags/basic_dags/start_after_current.py for tasks to queue
[2022-07-30 17:16:14,574] {logging_mixin.py:115} INFO - [2022-07-30 17:16:14,574] {dagbag.py:507} INFO - Filling up the DagBag from /opt/airflow/dags/basic_dags/start_after_current.py
[2022-07-30 17:16:14,591] {processor.py:651} INFO - DAG(s) dict_keys(['start_after_current']) retrieved from /opt/airflow/dags/basic_dags/start_after_current.py
[2022-07-30 17:16:14,641] {logging_mixin.py:115} INFO - [2022-07-30 17:16:14,640] {dag.py:2379} INFO - Sync 1 DAGs
[2022-07-30 17:16:14,677] {logging_mixin.py:115} INFO - [2022-07-30 17:16:14,677] {dag.py:2931} INFO - Setting next_dagrun for start_after_current to 2022-07-26T08:55:00+00:00, run_after=2022-07-26T09:00:00+00:00
[2022-07-30 17:16:14,713] {processor.py:161} INFO - Processing /opt/airflow/dags/basic_dags/start_after_current.py took 0.153 seconds
[2022-07-30 17:16:44,762] {processor.py:153} INFO - Started process (PID=4997) to work on /opt/airflow/dags/basic_dags/start_after_current.py
[2022-07-30 17:16:44,763] {processor.py:641} INFO - Processing file /opt/airflow/dags/basic_dags/start_after_current.py for tasks to queue
[2022-07-30 17:16:44,763] {logging_mixin.py:115} INFO - [2022-07-30 17:16:44,763] {dagbag.py:507} INFO - Filling up the DagBag from /opt/airflow/dags/basic_dags/start_after_current.py
[2022-07-30 17:16:44,769] {processor.py:651} INFO - DAG(s) dict_keys(['start_after_current']) retrieved from /opt/airflow/dags/basic_dags/start_after_current.py
[2022-07-30 17:16:44,793] {logging_mixin.py:115} INFO - [2022-07-30 17:16:44,793] {dag.py:2379} INFO - Sync 1 DAGs
[2022-07-30 17:16:44,817] {logging_mixin.py:115} INFO - [2022-07-30 17:16:44,817] {dag.py:2931} INFO - Setting next_dagrun for start_after_current to 2022-07-26T08:55:00+00:00, run_after=2022-07-26T09:00:00+00:00
[2022-07-30 17:16:44,828] {processor.py:161} INFO - Processing /opt/airflow/dags/basic_dags/start_after_current.py took 0.069 seconds
[2022-07-30 17:17:15,702] {processor.py:153} INFO - Started process (PID=5073) to work on /opt/airflow/dags/basic_dags/start_after_current.py
[2022-07-30 17:17:15,703] {processor.py:641} INFO - Processing file /opt/airflow/dags/basic_dags/start_after_current.py for tasks to queue
[2022-07-30 17:17:15,703] {logging_mixin.py:115} INFO - [2022-07-30 17:17:15,703] {dagbag.py:507} INFO - Filling up the DagBag from /opt/airflow/dags/basic_dags/start_after_current.py
[2022-07-30 17:17:15,735] {processor.py:651} INFO - DAG(s) dict_keys(['start_after_current']) retrieved from /opt/airflow/dags/basic_dags/start_after_current.py
[2022-07-30 17:17:15,850] {logging_mixin.py:115} INFO - [2022-07-30 17:17:15,850] {dag.py:2379} INFO - Sync 1 DAGs
[2022-07-30 17:17:16,059] {logging_mixin.py:115} INFO - [2022-07-30 17:17:16,059] {dag.py:2931} INFO - Setting next_dagrun for start_after_current to 2022-07-26T08:55:00+00:00, run_after=2022-07-26T09:00:00+00:00
[2022-07-30 17:17:16,132] {processor.py:161} INFO - Processing /opt/airflow/dags/basic_dags/start_after_current.py took 0.435 seconds
[2022-07-30 17:17:46,237] {processor.py:153} INFO - Started process (PID=5160) to work on /opt/airflow/dags/basic_dags/start_after_current.py
[2022-07-30 17:17:46,238] {processor.py:641} INFO - Processing file /opt/airflow/dags/basic_dags/start_after_current.py for tasks to queue
[2022-07-30 17:17:46,238] {logging_mixin.py:115} INFO - [2022-07-30 17:17:46,238] {dagbag.py:507} INFO - Filling up the DagBag from /opt/airflow/dags/basic_dags/start_after_current.py
[2022-07-30 17:17:46,264] {processor.py:651} INFO - DAG(s) dict_keys(['start_after_current']) retrieved from /opt/airflow/dags/basic_dags/start_after_current.py
[2022-07-30 17:17:46,345] {logging_mixin.py:115} INFO - [2022-07-30 17:17:46,345] {dag.py:2379} INFO - Sync 1 DAGs
[2022-07-30 17:17:46,452] {logging_mixin.py:115} INFO - [2022-07-30 17:17:46,452] {dag.py:2931} INFO - Setting next_dagrun for start_after_current to 2022-07-26T08:55:00+00:00, run_after=2022-07-26T09:00:00+00:00
[2022-07-30 17:17:46,479] {processor.py:161} INFO - Processing /opt/airflow/dags/basic_dags/start_after_current.py took 0.248 seconds
[2022-07-30 17:18:16,856] {processor.py:153} INFO - Started process (PID=5238) to work on /opt/airflow/dags/basic_dags/start_after_current.py
[2022-07-30 17:18:16,856] {processor.py:641} INFO - Processing file /opt/airflow/dags/basic_dags/start_after_current.py for tasks to queue
[2022-07-30 17:18:16,857] {logging_mixin.py:115} INFO - [2022-07-30 17:18:16,857] {dagbag.py:507} INFO - Filling up the DagBag from /opt/airflow/dags/basic_dags/start_after_current.py
[2022-07-30 17:18:16,865] {processor.py:651} INFO - DAG(s) dict_keys(['start_after_current']) retrieved from /opt/airflow/dags/basic_dags/start_after_current.py
[2022-07-30 17:18:16,897] {logging_mixin.py:115} INFO - [2022-07-30 17:18:16,896] {dag.py:2379} INFO - Sync 1 DAGs
[2022-07-30 17:18:16,931] {logging_mixin.py:115} INFO - [2022-07-30 17:18:16,931] {dag.py:2931} INFO - Setting next_dagrun for start_after_current to 2022-07-26T08:55:00+00:00, run_after=2022-07-26T09:00:00+00:00
[2022-07-30 17:18:16,945] {processor.py:161} INFO - Processing /opt/airflow/dags/basic_dags/start_after_current.py took 0.092 seconds
[2022-07-30 17:18:47,676] {processor.py:153} INFO - Started process (PID=5324) to work on /opt/airflow/dags/basic_dags/start_after_current.py
[2022-07-30 17:18:47,676] {processor.py:641} INFO - Processing file /opt/airflow/dags/basic_dags/start_after_current.py for tasks to queue
[2022-07-30 17:18:47,677] {logging_mixin.py:115} INFO - [2022-07-30 17:18:47,677] {dagbag.py:507} INFO - Filling up the DagBag from /opt/airflow/dags/basic_dags/start_after_current.py
[2022-07-30 17:18:47,697] {processor.py:651} INFO - DAG(s) dict_keys(['start_after_current']) retrieved from /opt/airflow/dags/basic_dags/start_after_current.py
[2022-07-30 17:18:47,759] {logging_mixin.py:115} INFO - [2022-07-30 17:18:47,759] {dag.py:2379} INFO - Sync 1 DAGs
[2022-07-30 17:18:47,795] {logging_mixin.py:115} INFO - [2022-07-30 17:18:47,795] {dag.py:2931} INFO - Setting next_dagrun for start_after_current to 2022-07-26T08:55:00+00:00, run_after=2022-07-26T09:00:00+00:00
[2022-07-30 17:18:47,811] {processor.py:161} INFO - Processing /opt/airflow/dags/basic_dags/start_after_current.py took 0.139 seconds
[2022-07-30 17:19:17,969] {processor.py:153} INFO - Started process (PID=5396) to work on /opt/airflow/dags/basic_dags/start_after_current.py
[2022-07-30 17:19:17,970] {processor.py:641} INFO - Processing file /opt/airflow/dags/basic_dags/start_after_current.py for tasks to queue
[2022-07-30 17:19:17,971] {logging_mixin.py:115} INFO - [2022-07-30 17:19:17,970] {dagbag.py:507} INFO - Filling up the DagBag from /opt/airflow/dags/basic_dags/start_after_current.py
[2022-07-30 17:19:17,980] {processor.py:651} INFO - DAG(s) dict_keys(['start_after_current']) retrieved from /opt/airflow/dags/basic_dags/start_after_current.py
[2022-07-30 17:19:18,022] {logging_mixin.py:115} INFO - [2022-07-30 17:19:18,021] {dag.py:2379} INFO - Sync 1 DAGs
[2022-07-30 17:19:18,072] {logging_mixin.py:115} INFO - [2022-07-30 17:19:18,072] {dag.py:2931} INFO - Setting next_dagrun for start_after_current to 2022-07-26T08:55:00+00:00, run_after=2022-07-26T09:00:00+00:00
[2022-07-30 17:19:18,093] {processor.py:161} INFO - Processing /opt/airflow/dags/basic_dags/start_after_current.py took 0.128 seconds
[2022-07-30 17:19:48,283] {processor.py:153} INFO - Started process (PID=5481) to work on /opt/airflow/dags/basic_dags/start_after_current.py
[2022-07-30 17:19:48,288] {processor.py:641} INFO - Processing file /opt/airflow/dags/basic_dags/start_after_current.py for tasks to queue
[2022-07-30 17:19:48,288] {logging_mixin.py:115} INFO - [2022-07-30 17:19:48,288] {dagbag.py:507} INFO - Filling up the DagBag from /opt/airflow/dags/basic_dags/start_after_current.py
[2022-07-30 17:19:48,312] {processor.py:651} INFO - DAG(s) dict_keys(['start_after_current']) retrieved from /opt/airflow/dags/basic_dags/start_after_current.py
[2022-07-30 17:19:48,445] {logging_mixin.py:115} INFO - [2022-07-30 17:19:48,444] {dag.py:2379} INFO - Sync 1 DAGs
[2022-07-30 17:19:48,542] {logging_mixin.py:115} INFO - [2022-07-30 17:19:48,542] {dag.py:2931} INFO - Setting next_dagrun for start_after_current to 2022-07-26T08:55:00+00:00, run_after=2022-07-26T09:00:00+00:00
[2022-07-30 17:19:48,588] {processor.py:161} INFO - Processing /opt/airflow/dags/basic_dags/start_after_current.py took 0.318 seconds
