[2022-07-05 04:56:30,450] {taskinstance.py:1159} INFO - Dependencies all met for <TaskInstance: parallel_dag.load_a scheduled__2022-01-13T00:00:00+00:00 [queued]>
[2022-07-05 04:56:30,856] {taskinstance.py:1159} INFO - Dependencies all met for <TaskInstance: parallel_dag.load_a scheduled__2022-01-13T00:00:00+00:00 [queued]>
[2022-07-05 04:56:30,884] {taskinstance.py:1356} INFO - 
--------------------------------------------------------------------------------
[2022-07-05 04:56:30,887] {taskinstance.py:1357} INFO - Starting attempt 1 of 1
[2022-07-05 04:56:30,915] {taskinstance.py:1358} INFO - 
--------------------------------------------------------------------------------
[2022-07-05 04:56:31,327] {taskinstance.py:1377} INFO - Executing <Task(BashOperator): load_a> on 2022-01-13 00:00:00+00:00
[2022-07-05 04:56:31,427] {standard_task_runner.py:52} INFO - Started process 613 to run task
[2022-07-05 04:56:31,496] {standard_task_runner.py:79} INFO - Running: ['***', 'tasks', 'run', 'parallel_dag', 'load_a', 'scheduled__2022-01-13T00:00:00+00:00', '--job-id', '75', '--raw', '--subdir', 'DAGS_FOLDER/parallel_dag.py', '--cfg-path', '/tmp/tmpw0qigqc8', '--error-file', '/tmp/tmp1zittfkn']
[2022-07-05 04:56:31,690] {standard_task_runner.py:80} INFO - Job 75: Subtask load_a
[2022-07-05 04:56:33,239] {task_command.py:370} INFO - Running <TaskInstance: parallel_dag.load_a scheduled__2022-01-13T00:00:00+00:00 [running]> on host dfb99dfc9d64
[2022-07-05 04:56:36,182] {taskinstance.py:1571} INFO - Exporting the following env vars:
AIRFLOW_CTX_DAG_OWNER=***
AIRFLOW_CTX_DAG_ID=parallel_dag
AIRFLOW_CTX_TASK_ID=load_a
AIRFLOW_CTX_EXECUTION_DATE=2022-01-13T00:00:00+00:00
AIRFLOW_CTX_TRY_NUMBER=1
AIRFLOW_CTX_DAG_RUN_ID=scheduled__2022-01-13T00:00:00+00:00
[2022-07-05 04:56:36,207] {subprocess.py:62} INFO - Tmp dir root location: 
 /tmp
[2022-07-05 04:56:36,241] {subprocess.py:74} INFO - Running command: ['bash', '-c', 'sleep 1']
[2022-07-05 04:56:36,559] {subprocess.py:85} INFO - Output:
[2022-07-05 04:56:37,728] {subprocess.py:96} INFO - Command exited with return code 0
[2022-07-05 04:56:37,886] {taskinstance.py:1400} INFO - Marking task as SUCCESS. dag_id=parallel_dag, task_id=load_a, execution_date=20220113T000000, start_date=20220705T045630, end_date=20220705T045637
[2022-07-05 04:56:38,021] {local_task_job.py:156} INFO - Task exited with return code 0
[2022-07-05 04:56:38,136] {local_task_job.py:273} INFO - 1 downstream tasks scheduled from follow-on schedule check
