[2022-07-05 04:56:15,071] {taskinstance.py:1159} INFO - Dependencies all met for <TaskInstance: parallel_dag.load_b scheduled__2022-01-05T00:00:00+00:00 [queued]>
[2022-07-05 04:56:15,524] {taskinstance.py:1159} INFO - Dependencies all met for <TaskInstance: parallel_dag.load_b scheduled__2022-01-05T00:00:00+00:00 [queued]>
[2022-07-05 04:56:15,551] {taskinstance.py:1356} INFO - 
--------------------------------------------------------------------------------
[2022-07-05 04:56:15,556] {taskinstance.py:1357} INFO - Starting attempt 1 of 1
[2022-07-05 04:56:15,568] {taskinstance.py:1358} INFO - 
--------------------------------------------------------------------------------
[2022-07-05 04:56:16,253] {taskinstance.py:1377} INFO - Executing <Task(BashOperator): load_b> on 2022-01-05 00:00:00+00:00
[2022-07-05 04:56:16,567] {standard_task_runner.py:79} INFO - Running: ['***', 'tasks', 'run', 'parallel_dag', 'load_b', 'scheduled__2022-01-05T00:00:00+00:00', '--job-id', '57', '--raw', '--subdir', 'DAGS_FOLDER/parallel_dag.py', '--cfg-path', '/tmp/tmprjs2srlq', '--error-file', '/tmp/tmp4oqud6go']
[2022-07-05 04:56:16,568] {standard_task_runner.py:80} INFO - Job 57: Subtask load_b
[2022-07-05 04:56:16,478] {standard_task_runner.py:52} INFO - Started process 562 to run task
[2022-07-05 04:56:18,589] {task_command.py:370} INFO - Running <TaskInstance: parallel_dag.load_b scheduled__2022-01-05T00:00:00+00:00 [running]> on host dfb99dfc9d64
[2022-07-05 04:56:21,353] {taskinstance.py:1571} INFO - Exporting the following env vars:
AIRFLOW_CTX_DAG_OWNER=***
AIRFLOW_CTX_DAG_ID=parallel_dag
AIRFLOW_CTX_TASK_ID=load_b
AIRFLOW_CTX_EXECUTION_DATE=2022-01-05T00:00:00+00:00
AIRFLOW_CTX_TRY_NUMBER=1
AIRFLOW_CTX_DAG_RUN_ID=scheduled__2022-01-05T00:00:00+00:00
[2022-07-05 04:56:21,400] {subprocess.py:62} INFO - Tmp dir root location: 
 /tmp
[2022-07-05 04:56:21,409] {subprocess.py:74} INFO - Running command: ['bash', '-c', 'sleep 1']
[2022-07-05 04:56:21,809] {subprocess.py:85} INFO - Output:
[2022-07-05 04:56:22,913] {subprocess.py:96} INFO - Command exited with return code 0
[2022-07-05 04:56:23,864] {taskinstance.py:1400} INFO - Marking task as SUCCESS. dag_id=parallel_dag, task_id=load_b, execution_date=20220105T000000, start_date=20220705T045615, end_date=20220705T045623
[2022-07-05 04:56:24,511] {local_task_job.py:156} INFO - Task exited with return code 0
[2022-07-05 04:56:25,214] {local_task_job.py:273} INFO - 1 downstream tasks scheduled from follow-on schedule check
