[2022-07-05 04:57:57,543] {taskinstance.py:1159} INFO - Dependencies all met for <TaskInstance: parallel_dag.transform scheduled__2022-01-06T00:00:00+00:00 [queued]>
[2022-07-05 04:57:57,878] {taskinstance.py:1159} INFO - Dependencies all met for <TaskInstance: parallel_dag.transform scheduled__2022-01-06T00:00:00+00:00 [queued]>
[2022-07-05 04:57:57,878] {taskinstance.py:1356} INFO - 
--------------------------------------------------------------------------------
[2022-07-05 04:57:57,895] {taskinstance.py:1357} INFO - Starting attempt 1 of 1
[2022-07-05 04:57:57,895] {taskinstance.py:1358} INFO - 
--------------------------------------------------------------------------------
[2022-07-05 04:57:58,393] {taskinstance.py:1377} INFO - Executing <Task(BashOperator): transform> on 2022-01-06 00:00:00+00:00
[2022-07-05 04:57:58,482] {standard_task_runner.py:52} INFO - Started process 722 to run task
[2022-07-05 04:57:58,542] {standard_task_runner.py:79} INFO - Running: ['***', 'tasks', 'run', 'parallel_dag', 'transform', 'scheduled__2022-01-06T00:00:00+00:00', '--job-id', '89', '--raw', '--subdir', 'DAGS_FOLDER/parallel_dag.py', '--cfg-path', '/tmp/tmp8mp2ygvd', '--error-file', '/tmp/tmpoccxs7k3']
[2022-07-05 04:57:58,589] {standard_task_runner.py:80} INFO - Job 89: Subtask transform
[2022-07-05 04:58:00,441] {task_command.py:370} INFO - Running <TaskInstance: parallel_dag.transform scheduled__2022-01-06T00:00:00+00:00 [running]> on host dfb99dfc9d64
[2022-07-05 04:58:04,331] {taskinstance.py:1571} INFO - Exporting the following env vars:
AIRFLOW_CTX_DAG_OWNER=***
AIRFLOW_CTX_DAG_ID=parallel_dag
AIRFLOW_CTX_TASK_ID=transform
AIRFLOW_CTX_EXECUTION_DATE=2022-01-06T00:00:00+00:00
AIRFLOW_CTX_TRY_NUMBER=1
AIRFLOW_CTX_DAG_RUN_ID=scheduled__2022-01-06T00:00:00+00:00
[2022-07-05 04:58:04,334] {subprocess.py:62} INFO - Tmp dir root location: 
 /tmp
[2022-07-05 04:58:04,385] {subprocess.py:74} INFO - Running command: ['bash', '-c', 'sleep 1']
[2022-07-05 04:58:04,544] {subprocess.py:85} INFO - Output:
[2022-07-05 04:58:05,612] {subprocess.py:96} INFO - Command exited with return code 0
[2022-07-05 04:58:05,992] {taskinstance.py:1400} INFO - Marking task as SUCCESS. dag_id=parallel_dag, task_id=transform, execution_date=20220106T000000, start_date=20220705T045757, end_date=20220705T045805
[2022-07-05 04:58:06,292] {local_task_job.py:156} INFO - Task exited with return code 0
[2022-07-05 04:58:06,600] {local_task_job.py:273} INFO - 0 downstream tasks scheduled from follow-on schedule check
