[2022-07-05 04:56:13,059] {taskinstance.py:1159} INFO - Dependencies all met for <TaskInstance: parallel_dag.load_a scheduled__2022-01-03T00:00:00+00:00 [queued]>
[2022-07-05 04:56:13,551] {taskinstance.py:1159} INFO - Dependencies all met for <TaskInstance: parallel_dag.load_a scheduled__2022-01-03T00:00:00+00:00 [queued]>
[2022-07-05 04:56:13,560] {taskinstance.py:1356} INFO - 
--------------------------------------------------------------------------------
[2022-07-05 04:56:13,572] {taskinstance.py:1357} INFO - Starting attempt 1 of 1
[2022-07-05 04:56:13,575] {taskinstance.py:1358} INFO - 
--------------------------------------------------------------------------------
[2022-07-05 04:56:14,492] {taskinstance.py:1377} INFO - Executing <Task(BashOperator): load_a> on 2022-01-03 00:00:00+00:00
[2022-07-05 04:56:14,698] {standard_task_runner.py:52} INFO - Started process 550 to run task
[2022-07-05 04:56:14,869] {standard_task_runner.py:79} INFO - Running: ['***', 'tasks', 'run', 'parallel_dag', 'load_a', 'scheduled__2022-01-03T00:00:00+00:00', '--job-id', '53', '--raw', '--subdir', 'DAGS_FOLDER/parallel_dag.py', '--cfg-path', '/tmp/tmpu3r8tpa1', '--error-file', '/tmp/tmpaxbjv3nr']
[2022-07-05 04:56:14,882] {standard_task_runner.py:80} INFO - Job 53: Subtask load_a
[2022-07-05 04:56:16,262] {task_command.py:370} INFO - Running <TaskInstance: parallel_dag.load_a scheduled__2022-01-03T00:00:00+00:00 [running]> on host dfb99dfc9d64
[2022-07-05 04:56:19,567] {taskinstance.py:1571} INFO - Exporting the following env vars:
AIRFLOW_CTX_DAG_OWNER=***
AIRFLOW_CTX_DAG_ID=parallel_dag
AIRFLOW_CTX_TASK_ID=load_a
AIRFLOW_CTX_EXECUTION_DATE=2022-01-03T00:00:00+00:00
AIRFLOW_CTX_TRY_NUMBER=1
AIRFLOW_CTX_DAG_RUN_ID=scheduled__2022-01-03T00:00:00+00:00
[2022-07-05 04:56:19,693] {subprocess.py:62} INFO - Tmp dir root location: 
 /tmp
[2022-07-05 04:56:19,694] {subprocess.py:74} INFO - Running command: ['bash', '-c', 'sleep 1']
[2022-07-05 04:56:20,128] {subprocess.py:85} INFO - Output:
[2022-07-05 04:56:21,359] {subprocess.py:96} INFO - Command exited with return code 0
[2022-07-05 04:56:22,589] {taskinstance.py:1400} INFO - Marking task as SUCCESS. dag_id=parallel_dag, task_id=load_a, execution_date=20220103T000000, start_date=20220705T045613, end_date=20220705T045622
[2022-07-05 04:56:23,110] {local_task_job.py:156} INFO - Task exited with return code 0
[2022-07-05 04:56:23,980] {local_task_job.py:273} INFO - 1 downstream tasks scheduled from follow-on schedule check
