[2022-07-05 06:14:11,446] {taskinstance.py:1159} INFO - Dependencies all met for <TaskInstance: xcom_dag_basic.pull_task manual__2022-07-05T06:14:09.632250+00:00 [queued]>
[2022-07-05 06:14:11,457] {taskinstance.py:1159} INFO - Dependencies all met for <TaskInstance: xcom_dag_basic.pull_task manual__2022-07-05T06:14:09.632250+00:00 [queued]>
[2022-07-05 06:14:11,458] {taskinstance.py:1356} INFO - 
--------------------------------------------------------------------------------
[2022-07-05 06:14:11,458] {taskinstance.py:1357} INFO - Starting attempt 1 of 1
[2022-07-05 06:14:11,458] {taskinstance.py:1358} INFO - 
--------------------------------------------------------------------------------
[2022-07-05 06:14:11,477] {taskinstance.py:1377} INFO - Executing <Task(PythonOperator): pull_task> on 2022-07-05 06:14:09.632250+00:00
[2022-07-05 06:14:11,482] {standard_task_runner.py:52} INFO - Started process 4323 to run task
[2022-07-05 06:14:11,487] {standard_task_runner.py:79} INFO - Running: ['***', 'tasks', 'run', 'xcom_dag_basic', 'pull_task', 'manual__2022-07-05T06:14:09.632250+00:00', '--job-id', '121', '--raw', '--subdir', 'DAGS_FOLDER/xcom_dag_basic.py', '--cfg-path', '/tmp/tmpao2yzluy', '--error-file', '/tmp/tmp4_mob3mr']
[2022-07-05 06:14:11,487] {standard_task_runner.py:80} INFO - Job 121: Subtask pull_task
[2022-07-05 06:14:11,550] {task_command.py:370} INFO - Running <TaskInstance: xcom_dag_basic.pull_task manual__2022-07-05T06:14:09.632250+00:00 [running]> on host dfb99dfc9d64
[2022-07-05 06:14:11,653] {taskinstance.py:1571} INFO - Exporting the following env vars:
AIRFLOW_CTX_DAG_OWNER=***
AIRFLOW_CTX_DAG_ID=xcom_dag_basic
AIRFLOW_CTX_TASK_ID=pull_task
AIRFLOW_CTX_EXECUTION_DATE=2022-07-05T06:14:09.632250+00:00
AIRFLOW_CTX_TRY_NUMBER=1
AIRFLOW_CTX_DAG_RUN_ID=manual__2022-07-05T06:14:09.632250+00:00
[2022-07-05 06:14:11,666] {logging_mixin.py:115} INFO - received message: 'the_message'
[2022-07-05 06:14:11,668] {python.py:173} INFO - Done. Returned value was: None
[2022-07-05 06:14:11,681] {taskinstance.py:1400} INFO - Marking task as SUCCESS. dag_id=xcom_dag_basic, task_id=pull_task, execution_date=20220705T061409, start_date=20220705T061411, end_date=20220705T061411
[2022-07-05 06:14:11,699] {local_task_job.py:156} INFO - Task exited with return code 0
[2022-07-05 06:14:11,739] {local_task_job.py:273} INFO - 0 downstream tasks scheduled from follow-on schedule check
