[2022-07-22 06:14:19,755] {processor.py:153} INFO - Started process (PID=63) to work on /opt/airflow/dags/first_dag.py
[2022-07-22 06:14:19,779] {processor.py:641} INFO - Processing file /opt/airflow/dags/first_dag.py for tasks to queue
[2022-07-22 06:14:19,784] {logging_mixin.py:115} INFO - [2022-07-22 06:14:19,784] {dagbag.py:507} INFO - Filling up the DagBag from /opt/airflow/dags/first_dag.py
[2022-07-22 06:14:50,091] {logging_mixin.py:115} INFO - [2022-07-22 06:14:50,091] {timeout.py:67} ERROR - Process timed out, PID: 63
[2022-07-22 06:14:50,122] {logging_mixin.py:115} INFO - [2022-07-22 06:14:50,121] {dagbag.py:320} ERROR - Failed to import: /opt/airflow/dags/first_dag.py
Traceback (most recent call last):
  File "/home/airflow/.local/lib/python3.7/site-packages/airflow/models/dagbag.py", line 317, in parse
    loader.exec_module(new_module)
  File "<frozen importlib._bootstrap_external>", line 728, in exec_module
  File "<frozen importlib._bootstrap>", line 219, in _call_with_frames_removed
  File "/opt/airflow/dags/first_dag.py", line 7, in <module>
    from pandas import json_normalize
  File "/home/airflow/.local/lib/python3.7/site-packages/pandas/__init__.py", line 124, in <module>
    from pandas.core.reshape.api import (
  File "/home/airflow/.local/lib/python3.7/site-packages/pandas/core/reshape/api.py", line 14, in <module>
    from pandas.core.reshape.pivot import (
  File "/home/airflow/.local/lib/python3.7/site-packages/airflow/utils/timeout.py", line 68, in handle_timeout
    raise AirflowTaskTimeout(self.error_message)
airflow.exceptions.AirflowTaskTimeout: DagBag import timeout for /opt/airflow/dags/first_dag.py after 30.0s.
Please take a look at these docs to improve your DAG import time:
* https://airflow.apache.org/docs/apache-airflow/2.3.2/best-practices.html#top-level-python-code
* https://airflow.apache.org/docs/apache-airflow/2.3.2/best-practices.html#reducing-dag-complexity, PID: 63
[2022-07-22 06:14:50,149] {processor.py:653} WARNING - No viable dags retrieved from /opt/airflow/dags/first_dag.py
[2022-07-22 06:14:50,970] {processor.py:161} INFO - Processing /opt/airflow/dags/first_dag.py took 31.296 seconds
[2022-07-22 06:15:21,673] {processor.py:153} INFO - Started process (PID=110) to work on /opt/airflow/dags/first_dag.py
[2022-07-22 06:15:21,676] {processor.py:641} INFO - Processing file /opt/airflow/dags/first_dag.py for tasks to queue
[2022-07-22 06:15:21,680] {logging_mixin.py:115} INFO - [2022-07-22 06:15:21,680] {dagbag.py:507} INFO - Filling up the DagBag from /opt/airflow/dags/first_dag.py
[2022-07-22 06:15:28,739] {processor.py:651} INFO - DAG(s) dict_keys(['first_dag']) retrieved from /opt/airflow/dags/first_dag.py
[2022-07-22 06:15:29,236] {logging_mixin.py:115} INFO - [2022-07-22 06:15:29,235] {dag.py:2379} INFO - Sync 1 DAGs
[2022-07-22 06:15:29,567] {logging_mixin.py:115} INFO - [2022-07-22 06:15:29,567] {dag.py:2931} INFO - Setting next_dagrun for first_dag to 2022-07-21T00:00:00+00:00, run_after=2022-07-22T00:00:00+00:00
[2022-07-22 06:15:29,832] {processor.py:161} INFO - Processing /opt/airflow/dags/first_dag.py took 8.180 seconds
[2022-07-22 06:16:00,081] {processor.py:153} INFO - Started process (PID=148) to work on /opt/airflow/dags/first_dag.py
[2022-07-22 06:16:00,092] {processor.py:641} INFO - Processing file /opt/airflow/dags/first_dag.py for tasks to queue
[2022-07-22 06:16:00,099] {logging_mixin.py:115} INFO - [2022-07-22 06:16:00,097] {dagbag.py:507} INFO - Filling up the DagBag from /opt/airflow/dags/first_dag.py
[2022-07-22 06:16:03,445] {processor.py:651} INFO - DAG(s) dict_keys(['first_dag']) retrieved from /opt/airflow/dags/first_dag.py
[2022-07-22 06:16:03,520] {logging_mixin.py:115} INFO - [2022-07-22 06:16:03,519] {dag.py:2379} INFO - Sync 1 DAGs
[2022-07-22 06:16:03,579] {logging_mixin.py:115} INFO - [2022-07-22 06:16:03,579] {dag.py:2931} INFO - Setting next_dagrun for first_dag to 2022-07-21T00:00:00+00:00, run_after=2022-07-22T00:00:00+00:00
[2022-07-22 06:16:03,609] {processor.py:161} INFO - Processing /opt/airflow/dags/first_dag.py took 3.536 seconds
[2022-07-22 06:19:15,035] {processor.py:153} INFO - Started process (PID=58) to work on /opt/airflow/dags/first_dag.py
[2022-07-22 06:19:15,063] {processor.py:641} INFO - Processing file /opt/airflow/dags/first_dag.py for tasks to queue
[2022-07-22 06:19:15,067] {logging_mixin.py:115} INFO - [2022-07-22 06:19:15,067] {dagbag.py:507} INFO - Filling up the DagBag from /opt/airflow/dags/first_dag.py
[2022-07-22 06:19:25,656] {processor.py:651} INFO - DAG(s) dict_keys(['first_dag']) retrieved from /opt/airflow/dags/first_dag.py
[2022-07-22 06:19:25,963] {logging_mixin.py:115} INFO - [2022-07-22 06:19:25,962] {dag.py:2379} INFO - Sync 1 DAGs
[2022-07-22 06:19:26,218] {logging_mixin.py:115} INFO - [2022-07-22 06:19:26,218] {dag.py:2931} INFO - Setting next_dagrun for first_dag to 2022-07-21T00:00:00+00:00, run_after=2022-07-22T00:00:00+00:00
[2022-07-22 06:19:26,314] {processor.py:161} INFO - Processing /opt/airflow/dags/first_dag.py took 11.298 seconds
[2022-07-22 06:19:56,852] {processor.py:153} INFO - Started process (PID=94) to work on /opt/airflow/dags/first_dag.py
[2022-07-22 06:19:56,858] {processor.py:641} INFO - Processing file /opt/airflow/dags/first_dag.py for tasks to queue
[2022-07-22 06:19:56,860] {logging_mixin.py:115} INFO - [2022-07-22 06:19:56,860] {dagbag.py:507} INFO - Filling up the DagBag from /opt/airflow/dags/first_dag.py
[2022-07-22 06:19:58,283] {processor.py:651} INFO - DAG(s) dict_keys(['first_dag']) retrieved from /opt/airflow/dags/first_dag.py
[2022-07-22 06:19:58,395] {logging_mixin.py:115} INFO - [2022-07-22 06:19:58,394] {dag.py:2379} INFO - Sync 1 DAGs
[2022-07-22 06:19:58,517] {logging_mixin.py:115} INFO - [2022-07-22 06:19:58,517] {dag.py:2931} INFO - Setting next_dagrun for first_dag to 2022-07-21T00:00:00+00:00, run_after=2022-07-22T00:00:00+00:00
[2022-07-22 06:19:58,588] {processor.py:161} INFO - Processing /opt/airflow/dags/first_dag.py took 1.740 seconds
[2022-07-22 06:25:17,049] {processor.py:153} INFO - Started process (PID=65) to work on /opt/airflow/dags/first_dag.py
[2022-07-22 06:25:17,066] {processor.py:641} INFO - Processing file /opt/airflow/dags/first_dag.py for tasks to queue
[2022-07-22 06:25:17,070] {logging_mixin.py:115} INFO - [2022-07-22 06:25:17,069] {dagbag.py:507} INFO - Filling up the DagBag from /opt/airflow/dags/first_dag.py
[2022-07-22 06:25:26,227] {processor.py:651} INFO - DAG(s) dict_keys(['first_dag']) retrieved from /opt/airflow/dags/first_dag.py
[2022-07-22 06:25:26,613] {logging_mixin.py:115} INFO - [2022-07-22 06:25:26,613] {dag.py:2379} INFO - Sync 1 DAGs
[2022-07-22 06:25:26,907] {logging_mixin.py:115} INFO - [2022-07-22 06:25:26,907] {dag.py:2931} INFO - Setting next_dagrun for first_dag to 2022-07-21T00:00:00+00:00, run_after=2022-07-22T00:00:00+00:00
[2022-07-22 06:25:27,109] {processor.py:161} INFO - Processing /opt/airflow/dags/first_dag.py took 10.088 seconds
[2022-07-22 06:25:57,617] {processor.py:153} INFO - Started process (PID=101) to work on /opt/airflow/dags/first_dag.py
[2022-07-22 06:25:57,622] {processor.py:641} INFO - Processing file /opt/airflow/dags/first_dag.py for tasks to queue
[2022-07-22 06:25:57,625] {logging_mixin.py:115} INFO - [2022-07-22 06:25:57,624] {dagbag.py:507} INFO - Filling up the DagBag from /opt/airflow/dags/first_dag.py
[2022-07-22 06:25:58,635] {processor.py:651} INFO - DAG(s) dict_keys(['first_dag']) retrieved from /opt/airflow/dags/first_dag.py
[2022-07-22 06:25:58,737] {logging_mixin.py:115} INFO - [2022-07-22 06:25:58,736] {dag.py:2379} INFO - Sync 1 DAGs
[2022-07-22 06:25:58,796] {logging_mixin.py:115} INFO - [2022-07-22 06:25:58,796] {dag.py:2931} INFO - Setting next_dagrun for first_dag to 2022-07-21T00:00:00+00:00, run_after=2022-07-22T00:00:00+00:00
[2022-07-22 06:25:58,834] {processor.py:161} INFO - Processing /opt/airflow/dags/first_dag.py took 1.228 seconds
[2022-07-22 06:26:29,024] {processor.py:153} INFO - Started process (PID=145) to work on /opt/airflow/dags/first_dag.py
[2022-07-22 06:26:29,026] {processor.py:641} INFO - Processing file /opt/airflow/dags/first_dag.py for tasks to queue
[2022-07-22 06:26:29,029] {logging_mixin.py:115} INFO - [2022-07-22 06:26:29,029] {dagbag.py:507} INFO - Filling up the DagBag from /opt/airflow/dags/first_dag.py
[2022-07-22 06:26:30,934] {processor.py:651} INFO - DAG(s) dict_keys(['first_dag']) retrieved from /opt/airflow/dags/first_dag.py
[2022-07-22 06:26:30,979] {logging_mixin.py:115} INFO - [2022-07-22 06:26:30,978] {dag.py:2379} INFO - Sync 1 DAGs
[2022-07-22 06:26:31,028] {logging_mixin.py:115} INFO - [2022-07-22 06:26:31,027] {dag.py:2931} INFO - Setting next_dagrun for first_dag to 2022-07-21T00:00:00+00:00, run_after=2022-07-22T00:00:00+00:00
[2022-07-22 06:26:31,055] {processor.py:161} INFO - Processing /opt/airflow/dags/first_dag.py took 2.040 seconds
[2022-07-22 06:27:01,208] {processor.py:153} INFO - Started process (PID=175) to work on /opt/airflow/dags/first_dag.py
[2022-07-22 06:27:01,213] {processor.py:641} INFO - Processing file /opt/airflow/dags/first_dag.py for tasks to queue
[2022-07-22 06:27:01,216] {logging_mixin.py:115} INFO - [2022-07-22 06:27:01,216] {dagbag.py:507} INFO - Filling up the DagBag from /opt/airflow/dags/first_dag.py
[2022-07-22 06:27:03,333] {processor.py:651} INFO - DAG(s) dict_keys(['first_dag']) retrieved from /opt/airflow/dags/first_dag.py
[2022-07-22 06:27:03,466] {logging_mixin.py:115} INFO - [2022-07-22 06:27:03,466] {dag.py:2379} INFO - Sync 1 DAGs
[2022-07-22 06:27:03,564] {logging_mixin.py:115} INFO - [2022-07-22 06:27:03,563] {dag.py:2931} INFO - Setting next_dagrun for first_dag to 2022-07-21T00:00:00+00:00, run_after=2022-07-22T00:00:00+00:00
[2022-07-22 06:27:03,600] {processor.py:161} INFO - Processing /opt/airflow/dags/first_dag.py took 2.405 seconds
[2022-07-22 06:27:34,301] {processor.py:153} INFO - Started process (PID=217) to work on /opt/airflow/dags/first_dag.py
[2022-07-22 06:27:34,302] {processor.py:641} INFO - Processing file /opt/airflow/dags/first_dag.py for tasks to queue
[2022-07-22 06:27:34,303] {logging_mixin.py:115} INFO - [2022-07-22 06:27:34,303] {dagbag.py:507} INFO - Filling up the DagBag from /opt/airflow/dags/first_dag.py
[2022-07-22 06:27:34,952] {processor.py:651} INFO - DAG(s) dict_keys(['first_dag']) retrieved from /opt/airflow/dags/first_dag.py
[2022-07-22 06:27:35,007] {logging_mixin.py:115} INFO - [2022-07-22 06:27:35,006] {dag.py:2379} INFO - Sync 1 DAGs
[2022-07-22 06:27:35,042] {logging_mixin.py:115} INFO - [2022-07-22 06:27:35,042] {dag.py:2931} INFO - Setting next_dagrun for first_dag to 2022-07-21T00:00:00+00:00, run_after=2022-07-22T00:00:00+00:00
[2022-07-22 06:27:35,066] {processor.py:161} INFO - Processing /opt/airflow/dags/first_dag.py took 0.773 seconds
[2022-07-22 06:28:05,216] {processor.py:153} INFO - Started process (PID=248) to work on /opt/airflow/dags/first_dag.py
[2022-07-22 06:28:05,225] {processor.py:641} INFO - Processing file /opt/airflow/dags/first_dag.py for tasks to queue
[2022-07-22 06:28:05,230] {logging_mixin.py:115} INFO - [2022-07-22 06:28:05,230] {dagbag.py:507} INFO - Filling up the DagBag from /opt/airflow/dags/first_dag.py
[2022-07-22 06:28:06,604] {processor.py:651} INFO - DAG(s) dict_keys(['first_dag']) retrieved from /opt/airflow/dags/first_dag.py
[2022-07-22 06:28:06,772] {logging_mixin.py:115} INFO - [2022-07-22 06:28:06,771] {dag.py:2379} INFO - Sync 1 DAGs
[2022-07-22 06:28:06,851] {logging_mixin.py:115} INFO - [2022-07-22 06:28:06,851] {dag.py:2931} INFO - Setting next_dagrun for first_dag to 2022-07-21T00:00:00+00:00, run_after=2022-07-22T00:00:00+00:00
[2022-07-22 06:28:06,913] {processor.py:161} INFO - Processing /opt/airflow/dags/first_dag.py took 1.718 seconds
[2022-07-22 06:28:37,054] {processor.py:153} INFO - Started process (PID=291) to work on /opt/airflow/dags/first_dag.py
[2022-07-22 06:28:37,065] {processor.py:641} INFO - Processing file /opt/airflow/dags/first_dag.py for tasks to queue
[2022-07-22 06:28:37,065] {logging_mixin.py:115} INFO - [2022-07-22 06:28:37,065] {dagbag.py:507} INFO - Filling up the DagBag from /opt/airflow/dags/first_dag.py
[2022-07-22 06:28:38,993] {processor.py:651} INFO - DAG(s) dict_keys(['first_dag']) retrieved from /opt/airflow/dags/first_dag.py
[2022-07-22 06:28:39,069] {logging_mixin.py:115} INFO - [2022-07-22 06:28:39,069] {dag.py:2379} INFO - Sync 1 DAGs
[2022-07-22 06:28:39,123] {logging_mixin.py:115} INFO - [2022-07-22 06:28:39,123] {dag.py:2931} INFO - Setting next_dagrun for first_dag to 2022-07-21T00:00:00+00:00, run_after=2022-07-22T00:00:00+00:00
[2022-07-22 06:28:39,157] {processor.py:161} INFO - Processing /opt/airflow/dags/first_dag.py took 2.107 seconds
[2022-07-22 06:29:09,220] {processor.py:153} INFO - Started process (PID=320) to work on /opt/airflow/dags/first_dag.py
[2022-07-22 06:29:09,224] {processor.py:641} INFO - Processing file /opt/airflow/dags/first_dag.py for tasks to queue
[2022-07-22 06:29:09,226] {logging_mixin.py:115} INFO - [2022-07-22 06:29:09,226] {dagbag.py:507} INFO - Filling up the DagBag from /opt/airflow/dags/first_dag.py
[2022-07-22 06:29:09,798] {processor.py:651} INFO - DAG(s) dict_keys(['first_dag']) retrieved from /opt/airflow/dags/first_dag.py
[2022-07-22 06:29:09,850] {logging_mixin.py:115} INFO - [2022-07-22 06:29:09,850] {dag.py:2379} INFO - Sync 1 DAGs
[2022-07-22 06:29:09,889] {logging_mixin.py:115} INFO - [2022-07-22 06:29:09,888] {dag.py:2931} INFO - Setting next_dagrun for first_dag to 2022-07-21T00:00:00+00:00, run_after=2022-07-22T00:00:00+00:00
[2022-07-22 06:29:09,909] {processor.py:161} INFO - Processing /opt/airflow/dags/first_dag.py took 0.693 seconds
[2022-07-22 06:29:40,565] {processor.py:153} INFO - Started process (PID=358) to work on /opt/airflow/dags/first_dag.py
[2022-07-22 06:29:40,565] {processor.py:641} INFO - Processing file /opt/airflow/dags/first_dag.py for tasks to queue
[2022-07-22 06:29:40,567] {logging_mixin.py:115} INFO - [2022-07-22 06:29:40,566] {dagbag.py:507} INFO - Filling up the DagBag from /opt/airflow/dags/first_dag.py
[2022-07-22 06:29:44,161] {processor.py:651} INFO - DAG(s) dict_keys(['first_dag']) retrieved from /opt/airflow/dags/first_dag.py
[2022-07-22 06:29:44,381] {logging_mixin.py:115} INFO - [2022-07-22 06:29:44,380] {dag.py:2379} INFO - Sync 1 DAGs
[2022-07-22 06:29:44,516] {logging_mixin.py:115} INFO - [2022-07-22 06:29:44,515] {dag.py:2931} INFO - Setting next_dagrun for first_dag to 2022-07-21T00:00:00+00:00, run_after=2022-07-22T00:00:00+00:00
[2022-07-22 06:29:44,612] {processor.py:161} INFO - Processing /opt/airflow/dags/first_dag.py took 4.055 seconds
[2022-07-22 06:30:15,220] {processor.py:153} INFO - Started process (PID=392) to work on /opt/airflow/dags/first_dag.py
[2022-07-22 06:30:15,224] {processor.py:641} INFO - Processing file /opt/airflow/dags/first_dag.py for tasks to queue
[2022-07-22 06:30:15,226] {logging_mixin.py:115} INFO - [2022-07-22 06:30:15,226] {dagbag.py:507} INFO - Filling up the DagBag from /opt/airflow/dags/first_dag.py
[2022-07-22 06:30:15,939] {processor.py:651} INFO - DAG(s) dict_keys(['first_dag']) retrieved from /opt/airflow/dags/first_dag.py
[2022-07-22 06:30:16,053] {logging_mixin.py:115} INFO - [2022-07-22 06:30:16,053] {dag.py:2379} INFO - Sync 1 DAGs
[2022-07-22 06:30:16,101] {logging_mixin.py:115} INFO - [2022-07-22 06:30:16,101] {dag.py:2931} INFO - Setting next_dagrun for first_dag to 2022-07-21T00:00:00+00:00, run_after=2022-07-22T00:00:00+00:00
[2022-07-22 06:30:16,130] {processor.py:161} INFO - Processing /opt/airflow/dags/first_dag.py took 0.914 seconds
[2022-07-22 06:30:46,181] {processor.py:153} INFO - Started process (PID=423) to work on /opt/airflow/dags/first_dag.py
[2022-07-22 06:30:46,185] {processor.py:641} INFO - Processing file /opt/airflow/dags/first_dag.py for tasks to queue
[2022-07-22 06:30:46,187] {logging_mixin.py:115} INFO - [2022-07-22 06:30:46,187] {dagbag.py:507} INFO - Filling up the DagBag from /opt/airflow/dags/first_dag.py
[2022-07-22 06:30:47,093] {processor.py:651} INFO - DAG(s) dict_keys(['first_dag']) retrieved from /opt/airflow/dags/first_dag.py
[2022-07-22 06:30:47,139] {logging_mixin.py:115} INFO - [2022-07-22 06:30:47,139] {dag.py:2379} INFO - Sync 1 DAGs
[2022-07-22 06:30:47,182] {logging_mixin.py:115} INFO - [2022-07-22 06:30:47,182] {dag.py:2931} INFO - Setting next_dagrun for first_dag to 2022-07-21T00:00:00+00:00, run_after=2022-07-22T00:00:00+00:00
[2022-07-22 06:30:47,197] {processor.py:161} INFO - Processing /opt/airflow/dags/first_dag.py took 1.020 seconds
[2022-07-22 06:31:18,000] {processor.py:153} INFO - Started process (PID=455) to work on /opt/airflow/dags/first_dag.py
[2022-07-22 06:31:18,007] {processor.py:641} INFO - Processing file /opt/airflow/dags/first_dag.py for tasks to queue
[2022-07-22 06:31:18,008] {logging_mixin.py:115} INFO - [2022-07-22 06:31:18,008] {dagbag.py:507} INFO - Filling up the DagBag from /opt/airflow/dags/first_dag.py
[2022-07-22 06:31:19,344] {processor.py:651} INFO - DAG(s) dict_keys(['first_dag']) retrieved from /opt/airflow/dags/first_dag.py
[2022-07-22 06:31:19,401] {logging_mixin.py:115} INFO - [2022-07-22 06:31:19,394] {dag.py:2379} INFO - Sync 1 DAGs
[2022-07-22 06:31:19,440] {logging_mixin.py:115} INFO - [2022-07-22 06:31:19,440] {dag.py:2931} INFO - Setting next_dagrun for first_dag to 2022-07-21T00:00:00+00:00, run_after=2022-07-22T00:00:00+00:00
[2022-07-22 06:31:19,459] {processor.py:161} INFO - Processing /opt/airflow/dags/first_dag.py took 1.463 seconds
[2022-07-22 06:31:50,370] {processor.py:153} INFO - Started process (PID=500) to work on /opt/airflow/dags/first_dag.py
[2022-07-22 06:31:50,379] {processor.py:641} INFO - Processing file /opt/airflow/dags/first_dag.py for tasks to queue
[2022-07-22 06:31:50,382] {logging_mixin.py:115} INFO - [2022-07-22 06:31:50,382] {dagbag.py:507} INFO - Filling up the DagBag from /opt/airflow/dags/first_dag.py
[2022-07-22 06:31:53,245] {processor.py:651} INFO - DAG(s) dict_keys(['first_dag']) retrieved from /opt/airflow/dags/first_dag.py
[2022-07-22 06:31:53,502] {logging_mixin.py:115} INFO - [2022-07-22 06:31:53,501] {dag.py:2379} INFO - Sync 1 DAGs
[2022-07-22 06:31:53,680] {logging_mixin.py:115} INFO - [2022-07-22 06:31:53,680] {dag.py:2931} INFO - Setting next_dagrun for first_dag to 2022-07-21T00:00:00+00:00, run_after=2022-07-22T00:00:00+00:00
[2022-07-22 06:31:53,773] {processor.py:161} INFO - Processing /opt/airflow/dags/first_dag.py took 3.435 seconds
[2022-07-22 06:32:23,897] {processor.py:153} INFO - Started process (PID=528) to work on /opt/airflow/dags/first_dag.py
[2022-07-22 06:32:23,898] {processor.py:641} INFO - Processing file /opt/airflow/dags/first_dag.py for tasks to queue
[2022-07-22 06:32:23,898] {logging_mixin.py:115} INFO - [2022-07-22 06:32:23,898] {dagbag.py:507} INFO - Filling up the DagBag from /opt/airflow/dags/first_dag.py
[2022-07-22 06:32:27,175] {processor.py:651} INFO - DAG(s) dict_keys(['first_dag']) retrieved from /opt/airflow/dags/first_dag.py
[2022-07-22 06:32:27,366] {logging_mixin.py:115} INFO - [2022-07-22 06:32:27,365] {dag.py:2379} INFO - Sync 1 DAGs
[2022-07-22 06:32:27,542] {logging_mixin.py:115} INFO - [2022-07-22 06:32:27,541] {dag.py:2931} INFO - Setting next_dagrun for first_dag to 2022-07-21T00:00:00+00:00, run_after=2022-07-22T00:00:00+00:00
[2022-07-22 06:32:27,684] {processor.py:161} INFO - Processing /opt/airflow/dags/first_dag.py took 3.808 seconds
[2022-07-22 06:32:58,077] {processor.py:153} INFO - Started process (PID=561) to work on /opt/airflow/dags/first_dag.py
[2022-07-22 06:32:58,082] {processor.py:641} INFO - Processing file /opt/airflow/dags/first_dag.py for tasks to queue
[2022-07-22 06:32:58,086] {logging_mixin.py:115} INFO - [2022-07-22 06:32:58,086] {dagbag.py:507} INFO - Filling up the DagBag from /opt/airflow/dags/first_dag.py
[2022-07-22 06:32:59,552] {processor.py:651} INFO - DAG(s) dict_keys(['first_dag']) retrieved from /opt/airflow/dags/first_dag.py
[2022-07-22 06:32:59,602] {logging_mixin.py:115} INFO - [2022-07-22 06:32:59,602] {dag.py:2379} INFO - Sync 1 DAGs
[2022-07-22 06:32:59,633] {logging_mixin.py:115} INFO - [2022-07-22 06:32:59,633] {dag.py:2931} INFO - Setting next_dagrun for first_dag to 2022-07-21T00:00:00+00:00, run_after=2022-07-22T00:00:00+00:00
[2022-07-22 06:32:59,660] {processor.py:161} INFO - Processing /opt/airflow/dags/first_dag.py took 1.588 seconds
[2022-07-22 06:33:30,135] {processor.py:153} INFO - Started process (PID=591) to work on /opt/airflow/dags/first_dag.py
[2022-07-22 06:33:30,151] {processor.py:641} INFO - Processing file /opt/airflow/dags/first_dag.py for tasks to queue
[2022-07-22 06:33:30,154] {logging_mixin.py:115} INFO - [2022-07-22 06:33:30,153] {dagbag.py:507} INFO - Filling up the DagBag from /opt/airflow/dags/first_dag.py
[2022-07-22 06:33:32,720] {processor.py:651} INFO - DAG(s) dict_keys(['first_dag']) retrieved from /opt/airflow/dags/first_dag.py
[2022-07-22 06:33:32,930] {logging_mixin.py:115} INFO - [2022-07-22 06:33:32,930] {dag.py:2379} INFO - Sync 1 DAGs
[2022-07-22 06:33:33,044] {logging_mixin.py:115} INFO - [2022-07-22 06:33:33,044] {dag.py:2931} INFO - Setting next_dagrun for first_dag to 2022-07-21T00:00:00+00:00, run_after=2022-07-22T00:00:00+00:00
[2022-07-22 06:33:33,093] {processor.py:161} INFO - Processing /opt/airflow/dags/first_dag.py took 2.981 seconds
[2022-07-22 06:34:03,217] {processor.py:153} INFO - Started process (PID=625) to work on /opt/airflow/dags/first_dag.py
[2022-07-22 06:34:03,218] {processor.py:641} INFO - Processing file /opt/airflow/dags/first_dag.py for tasks to queue
[2022-07-22 06:34:03,219] {logging_mixin.py:115} INFO - [2022-07-22 06:34:03,219] {dagbag.py:507} INFO - Filling up the DagBag from /opt/airflow/dags/first_dag.py
[2022-07-22 06:34:04,127] {processor.py:651} INFO - DAG(s) dict_keys(['first_dag']) retrieved from /opt/airflow/dags/first_dag.py
[2022-07-22 06:34:04,187] {logging_mixin.py:115} INFO - [2022-07-22 06:34:04,187] {dag.py:2379} INFO - Sync 1 DAGs
[2022-07-22 06:34:04,231] {logging_mixin.py:115} INFO - [2022-07-22 06:34:04,231] {dag.py:2931} INFO - Setting next_dagrun for first_dag to 2022-07-21T00:00:00+00:00, run_after=2022-07-22T00:00:00+00:00
[2022-07-22 06:34:04,249] {processor.py:161} INFO - Processing /opt/airflow/dags/first_dag.py took 1.037 seconds
[2022-07-22 06:34:34,699] {processor.py:153} INFO - Started process (PID=659) to work on /opt/airflow/dags/first_dag.py
[2022-07-22 06:34:34,717] {processor.py:641} INFO - Processing file /opt/airflow/dags/first_dag.py for tasks to queue
[2022-07-22 06:34:34,722] {logging_mixin.py:115} INFO - [2022-07-22 06:34:34,722] {dagbag.py:507} INFO - Filling up the DagBag from /opt/airflow/dags/first_dag.py
[2022-07-22 06:34:37,435] {processor.py:651} INFO - DAG(s) dict_keys(['first_dag']) retrieved from /opt/airflow/dags/first_dag.py
[2022-07-22 06:34:37,741] {logging_mixin.py:115} INFO - [2022-07-22 06:34:37,741] {dag.py:2379} INFO - Sync 1 DAGs
[2022-07-22 06:34:37,929] {logging_mixin.py:115} INFO - [2022-07-22 06:34:37,929] {dag.py:2931} INFO - Setting next_dagrun for first_dag to 2022-07-21T00:00:00+00:00, run_after=2022-07-22T00:00:00+00:00
[2022-07-22 06:34:38,019] {processor.py:161} INFO - Processing /opt/airflow/dags/first_dag.py took 3.323 seconds
[2022-07-22 06:35:08,321] {processor.py:153} INFO - Started process (PID=701) to work on /opt/airflow/dags/first_dag.py
[2022-07-22 06:35:08,324] {processor.py:641} INFO - Processing file /opt/airflow/dags/first_dag.py for tasks to queue
[2022-07-22 06:35:08,328] {logging_mixin.py:115} INFO - [2022-07-22 06:35:08,327] {dagbag.py:507} INFO - Filling up the DagBag from /opt/airflow/dags/first_dag.py
[2022-07-22 06:35:09,578] {processor.py:651} INFO - DAG(s) dict_keys(['first_dag']) retrieved from /opt/airflow/dags/first_dag.py
[2022-07-22 06:35:09,634] {logging_mixin.py:115} INFO - [2022-07-22 06:35:09,633] {dag.py:2379} INFO - Sync 1 DAGs
[2022-07-22 06:35:09,665] {logging_mixin.py:115} INFO - [2022-07-22 06:35:09,665] {dag.py:2931} INFO - Setting next_dagrun for first_dag to 2022-07-21T00:00:00+00:00, run_after=2022-07-22T00:00:00+00:00
[2022-07-22 06:35:09,679] {processor.py:161} INFO - Processing /opt/airflow/dags/first_dag.py took 1.366 seconds
[2022-07-22 06:35:40,593] {processor.py:153} INFO - Started process (PID=734) to work on /opt/airflow/dags/first_dag.py
[2022-07-22 06:35:40,597] {processor.py:641} INFO - Processing file /opt/airflow/dags/first_dag.py for tasks to queue
[2022-07-22 06:35:40,599] {logging_mixin.py:115} INFO - [2022-07-22 06:35:40,599] {dagbag.py:507} INFO - Filling up the DagBag from /opt/airflow/dags/first_dag.py
[2022-07-22 06:35:41,306] {processor.py:651} INFO - DAG(s) dict_keys(['first_dag']) retrieved from /opt/airflow/dags/first_dag.py
[2022-07-22 06:35:41,357] {logging_mixin.py:115} INFO - [2022-07-22 06:35:41,356] {dag.py:2379} INFO - Sync 1 DAGs
[2022-07-22 06:35:41,392] {logging_mixin.py:115} INFO - [2022-07-22 06:35:41,392] {dag.py:2931} INFO - Setting next_dagrun for first_dag to 2022-07-21T00:00:00+00:00, run_after=2022-07-22T00:00:00+00:00
[2022-07-22 06:35:41,409] {processor.py:161} INFO - Processing /opt/airflow/dags/first_dag.py took 0.819 seconds
