[2022-07-22 06:14:22,749] {processor.py:153} INFO - Started process (PID=66) to work on /opt/airflow/dags/python_branch_operator.py
[2022-07-22 06:14:22,768] {processor.py:641} INFO - Processing file /opt/airflow/dags/python_branch_operator.py for tasks to queue
[2022-07-22 06:14:22,774] {logging_mixin.py:115} INFO - [2022-07-22 06:14:22,774] {dagbag.py:507} INFO - Filling up the DagBag from /opt/airflow/dags/python_branch_operator.py
[2022-07-22 06:14:23,066] {processor.py:651} INFO - DAG(s) dict_keys(['python_branch_operator']) retrieved from /opt/airflow/dags/python_branch_operator.py
[2022-07-22 06:14:23,696] {logging_mixin.py:115} INFO - [2022-07-22 06:14:23,696] {dag.py:2379} INFO - Sync 1 DAGs
[2022-07-22 06:14:24,457] {logging_mixin.py:115} INFO - [2022-07-22 06:14:24,457] {dag.py:2931} INFO - Setting next_dagrun for python_branch_operator to 2022-07-21T00:00:00+00:00, run_after=2022-07-22T00:00:00+00:00
[2022-07-22 06:14:24,817] {processor.py:161} INFO - Processing /opt/airflow/dags/python_branch_operator.py took 2.156 seconds
[2022-07-22 06:14:57,692] {processor.py:153} INFO - Started process (PID=95) to work on /opt/airflow/dags/python_branch_operator.py
[2022-07-22 06:14:57,709] {processor.py:641} INFO - Processing file /opt/airflow/dags/python_branch_operator.py for tasks to queue
[2022-07-22 06:14:57,709] {logging_mixin.py:115} INFO - [2022-07-22 06:14:57,709] {dagbag.py:507} INFO - Filling up the DagBag from /opt/airflow/dags/python_branch_operator.py
[2022-07-22 06:14:58,132] {processor.py:651} INFO - DAG(s) dict_keys(['python_branch_operator']) retrieved from /opt/airflow/dags/python_branch_operator.py
[2022-07-22 06:14:59,051] {logging_mixin.py:115} INFO - [2022-07-22 06:14:59,051] {dag.py:2379} INFO - Sync 1 DAGs
[2022-07-22 06:15:00,121] {logging_mixin.py:115} INFO - [2022-07-22 06:15:00,121] {dag.py:2931} INFO - Setting next_dagrun for python_branch_operator to 2022-07-21T00:00:00+00:00, run_after=2022-07-22T00:00:00+00:00
[2022-07-22 06:15:00,337] {processor.py:161} INFO - Processing /opt/airflow/dags/python_branch_operator.py took 2.784 seconds
[2022-07-22 06:15:31,076] {processor.py:153} INFO - Started process (PID=120) to work on /opt/airflow/dags/python_branch_operator.py
[2022-07-22 06:15:31,096] {processor.py:641} INFO - Processing file /opt/airflow/dags/python_branch_operator.py for tasks to queue
[2022-07-22 06:15:31,099] {logging_mixin.py:115} INFO - [2022-07-22 06:15:31,097] {dagbag.py:507} INFO - Filling up the DagBag from /opt/airflow/dags/python_branch_operator.py
[2022-07-22 06:15:31,182] {processor.py:651} INFO - DAG(s) dict_keys(['python_branch_operator']) retrieved from /opt/airflow/dags/python_branch_operator.py
[2022-07-22 06:15:31,417] {logging_mixin.py:115} INFO - [2022-07-22 06:15:31,417] {dag.py:2379} INFO - Sync 1 DAGs
[2022-07-22 06:15:31,732] {logging_mixin.py:115} INFO - [2022-07-22 06:15:31,732] {dag.py:2931} INFO - Setting next_dagrun for python_branch_operator to 2022-07-21T00:00:00+00:00, run_after=2022-07-22T00:00:00+00:00
[2022-07-22 06:15:31,933] {processor.py:161} INFO - Processing /opt/airflow/dags/python_branch_operator.py took 0.890 seconds
[2022-07-22 06:16:02,304] {processor.py:153} INFO - Started process (PID=150) to work on /opt/airflow/dags/python_branch_operator.py
[2022-07-22 06:16:02,325] {processor.py:641} INFO - Processing file /opt/airflow/dags/python_branch_operator.py for tasks to queue
[2022-07-22 06:16:02,326] {logging_mixin.py:115} INFO - [2022-07-22 06:16:02,326] {dagbag.py:507} INFO - Filling up the DagBag from /opt/airflow/dags/python_branch_operator.py
[2022-07-22 06:16:02,384] {processor.py:651} INFO - DAG(s) dict_keys(['python_branch_operator']) retrieved from /opt/airflow/dags/python_branch_operator.py
[2022-07-22 06:16:02,554] {logging_mixin.py:115} INFO - [2022-07-22 06:16:02,554] {dag.py:2379} INFO - Sync 1 DAGs
[2022-07-22 06:16:02,682] {logging_mixin.py:115} INFO - [2022-07-22 06:16:02,682] {dag.py:2931} INFO - Setting next_dagrun for python_branch_operator to 2022-07-21T00:00:00+00:00, run_after=2022-07-22T00:00:00+00:00
[2022-07-22 06:16:02,783] {processor.py:161} INFO - Processing /opt/airflow/dags/python_branch_operator.py took 0.499 seconds
[2022-07-22 06:19:15,744] {processor.py:153} INFO - Started process (PID=60) to work on /opt/airflow/dags/python_branch_operator.py
[2022-07-22 06:19:15,767] {processor.py:641} INFO - Processing file /opt/airflow/dags/python_branch_operator.py for tasks to queue
[2022-07-22 06:19:15,771] {logging_mixin.py:115} INFO - [2022-07-22 06:19:15,770] {dagbag.py:507} INFO - Filling up the DagBag from /opt/airflow/dags/python_branch_operator.py
[2022-07-22 06:19:15,849] {processor.py:651} INFO - DAG(s) dict_keys(['python_branch_operator']) retrieved from /opt/airflow/dags/python_branch_operator.py
[2022-07-22 06:19:16,021] {logging_mixin.py:115} INFO - [2022-07-22 06:19:16,021] {dag.py:2379} INFO - Sync 1 DAGs
[2022-07-22 06:19:16,228] {logging_mixin.py:115} INFO - [2022-07-22 06:19:16,227] {dag.py:2931} INFO - Setting next_dagrun for python_branch_operator to 2022-07-21T00:00:00+00:00, run_after=2022-07-22T00:00:00+00:00
[2022-07-22 06:19:16,382] {processor.py:161} INFO - Processing /opt/airflow/dags/python_branch_operator.py took 0.654 seconds
[2022-07-22 06:19:46,817] {processor.py:153} INFO - Started process (PID=89) to work on /opt/airflow/dags/python_branch_operator.py
[2022-07-22 06:19:46,833] {processor.py:641} INFO - Processing file /opt/airflow/dags/python_branch_operator.py for tasks to queue
[2022-07-22 06:19:46,836] {logging_mixin.py:115} INFO - [2022-07-22 06:19:46,835] {dagbag.py:507} INFO - Filling up the DagBag from /opt/airflow/dags/python_branch_operator.py
[2022-07-22 06:19:46,897] {processor.py:651} INFO - DAG(s) dict_keys(['python_branch_operator']) retrieved from /opt/airflow/dags/python_branch_operator.py
[2022-07-22 06:19:46,985] {logging_mixin.py:115} INFO - [2022-07-22 06:19:46,985] {dag.py:2379} INFO - Sync 1 DAGs
[2022-07-22 06:19:47,108] {logging_mixin.py:115} INFO - [2022-07-22 06:19:47,108] {dag.py:2931} INFO - Setting next_dagrun for python_branch_operator to 2022-07-21T00:00:00+00:00, run_after=2022-07-22T00:00:00+00:00
[2022-07-22 06:19:47,168] {processor.py:161} INFO - Processing /opt/airflow/dags/python_branch_operator.py took 0.354 seconds
[2022-07-22 06:25:17,876] {processor.py:153} INFO - Started process (PID=67) to work on /opt/airflow/dags/python_branch_operator.py
[2022-07-22 06:25:17,887] {processor.py:641} INFO - Processing file /opt/airflow/dags/python_branch_operator.py for tasks to queue
[2022-07-22 06:25:17,891] {logging_mixin.py:115} INFO - [2022-07-22 06:25:17,891] {dagbag.py:507} INFO - Filling up the DagBag from /opt/airflow/dags/python_branch_operator.py
[2022-07-22 06:25:17,964] {processor.py:651} INFO - DAG(s) dict_keys(['python_branch_operator']) retrieved from /opt/airflow/dags/python_branch_operator.py
[2022-07-22 06:25:18,121] {logging_mixin.py:115} INFO - [2022-07-22 06:25:18,121] {dag.py:2379} INFO - Sync 1 DAGs
[2022-07-22 06:25:18,322] {logging_mixin.py:115} INFO - [2022-07-22 06:25:18,322] {dag.py:2931} INFO - Setting next_dagrun for python_branch_operator to 2022-07-21T00:00:00+00:00, run_after=2022-07-22T00:00:00+00:00
[2022-07-22 06:25:18,437] {processor.py:161} INFO - Processing /opt/airflow/dags/python_branch_operator.py took 0.584 seconds
[2022-07-22 06:25:48,600] {processor.py:153} INFO - Started process (PID=96) to work on /opt/airflow/dags/python_branch_operator.py
[2022-07-22 06:25:48,629] {processor.py:641} INFO - Processing file /opt/airflow/dags/python_branch_operator.py for tasks to queue
[2022-07-22 06:25:48,629] {logging_mixin.py:115} INFO - [2022-07-22 06:25:48,629] {dagbag.py:507} INFO - Filling up the DagBag from /opt/airflow/dags/python_branch_operator.py
[2022-07-22 06:25:48,680] {processor.py:651} INFO - DAG(s) dict_keys(['python_branch_operator']) retrieved from /opt/airflow/dags/python_branch_operator.py
[2022-07-22 06:25:48,824] {logging_mixin.py:115} INFO - [2022-07-22 06:25:48,824] {dag.py:2379} INFO - Sync 1 DAGs
[2022-07-22 06:25:48,960] {logging_mixin.py:115} INFO - [2022-07-22 06:25:48,960] {dag.py:2931} INFO - Setting next_dagrun for python_branch_operator to 2022-07-21T00:00:00+00:00, run_after=2022-07-22T00:00:00+00:00
[2022-07-22 06:25:49,029] {processor.py:161} INFO - Processing /opt/airflow/dags/python_branch_operator.py took 0.433 seconds
[2022-07-22 06:26:19,136] {processor.py:153} INFO - Started process (PID=126) to work on /opt/airflow/dags/python_branch_operator.py
[2022-07-22 06:26:19,141] {processor.py:641} INFO - Processing file /opt/airflow/dags/python_branch_operator.py for tasks to queue
[2022-07-22 06:26:19,142] {logging_mixin.py:115} INFO - [2022-07-22 06:26:19,142] {dagbag.py:507} INFO - Filling up the DagBag from /opt/airflow/dags/python_branch_operator.py
[2022-07-22 06:26:19,168] {processor.py:651} INFO - DAG(s) dict_keys(['python_branch_operator']) retrieved from /opt/airflow/dags/python_branch_operator.py
[2022-07-22 06:26:19,250] {logging_mixin.py:115} INFO - [2022-07-22 06:26:19,246] {dag.py:2379} INFO - Sync 1 DAGs
[2022-07-22 06:26:19,300] {logging_mixin.py:115} INFO - [2022-07-22 06:26:19,300] {dag.py:2931} INFO - Setting next_dagrun for python_branch_operator to 2022-07-21T00:00:00+00:00, run_after=2022-07-22T00:00:00+00:00
[2022-07-22 06:26:19,316] {processor.py:161} INFO - Processing /opt/airflow/dags/python_branch_operator.py took 0.209 seconds
[2022-07-22 06:26:49,434] {processor.py:153} INFO - Started process (PID=167) to work on /opt/airflow/dags/python_branch_operator.py
[2022-07-22 06:26:49,449] {processor.py:641} INFO - Processing file /opt/airflow/dags/python_branch_operator.py for tasks to queue
[2022-07-22 06:26:49,450] {logging_mixin.py:115} INFO - [2022-07-22 06:26:49,450] {dagbag.py:507} INFO - Filling up the DagBag from /opt/airflow/dags/python_branch_operator.py
[2022-07-22 06:26:49,487] {processor.py:651} INFO - DAG(s) dict_keys(['python_branch_operator']) retrieved from /opt/airflow/dags/python_branch_operator.py
[2022-07-22 06:26:49,584] {logging_mixin.py:115} INFO - [2022-07-22 06:26:49,584] {dag.py:2379} INFO - Sync 1 DAGs
[2022-07-22 06:26:49,619] {logging_mixin.py:115} INFO - [2022-07-22 06:26:49,619] {dag.py:2931} INFO - Setting next_dagrun for python_branch_operator to 2022-07-21T00:00:00+00:00, run_after=2022-07-22T00:00:00+00:00
[2022-07-22 06:26:49,657] {processor.py:161} INFO - Processing /opt/airflow/dags/python_branch_operator.py took 0.226 seconds
[2022-07-22 06:27:20,172] {processor.py:153} INFO - Started process (PID=201) to work on /opt/airflow/dags/python_branch_operator.py
[2022-07-22 06:27:20,179] {processor.py:641} INFO - Processing file /opt/airflow/dags/python_branch_operator.py for tasks to queue
[2022-07-22 06:27:20,185] {logging_mixin.py:115} INFO - [2022-07-22 06:27:20,185] {dagbag.py:507} INFO - Filling up the DagBag from /opt/airflow/dags/python_branch_operator.py
[2022-07-22 06:27:20,261] {processor.py:651} INFO - DAG(s) dict_keys(['python_branch_operator']) retrieved from /opt/airflow/dags/python_branch_operator.py
[2022-07-22 06:27:20,509] {logging_mixin.py:115} INFO - [2022-07-22 06:27:20,509] {dag.py:2379} INFO - Sync 1 DAGs
[2022-07-22 06:27:20,656] {logging_mixin.py:115} INFO - [2022-07-22 06:27:20,656] {dag.py:2931} INFO - Setting next_dagrun for python_branch_operator to 2022-07-21T00:00:00+00:00, run_after=2022-07-22T00:00:00+00:00
[2022-07-22 06:27:20,779] {processor.py:161} INFO - Processing /opt/airflow/dags/python_branch_operator.py took 0.632 seconds
[2022-07-22 06:27:51,389] {processor.py:153} INFO - Started process (PID=234) to work on /opt/airflow/dags/python_branch_operator.py
[2022-07-22 06:27:51,395] {processor.py:641} INFO - Processing file /opt/airflow/dags/python_branch_operator.py for tasks to queue
[2022-07-22 06:27:51,398] {logging_mixin.py:115} INFO - [2022-07-22 06:27:51,398] {dagbag.py:507} INFO - Filling up the DagBag from /opt/airflow/dags/python_branch_operator.py
[2022-07-22 06:27:51,415] {processor.py:651} INFO - DAG(s) dict_keys(['python_branch_operator']) retrieved from /opt/airflow/dags/python_branch_operator.py
[2022-07-22 06:27:51,461] {logging_mixin.py:115} INFO - [2022-07-22 06:27:51,461] {dag.py:2379} INFO - Sync 1 DAGs
[2022-07-22 06:27:51,513] {logging_mixin.py:115} INFO - [2022-07-22 06:27:51,513] {dag.py:2931} INFO - Setting next_dagrun for python_branch_operator to 2022-07-21T00:00:00+00:00, run_after=2022-07-22T00:00:00+00:00
[2022-07-22 06:27:51,542] {processor.py:161} INFO - Processing /opt/airflow/dags/python_branch_operator.py took 0.176 seconds
[2022-07-22 06:28:22,368] {processor.py:153} INFO - Started process (PID=274) to work on /opt/airflow/dags/python_branch_operator.py
[2022-07-22 06:28:22,383] {processor.py:641} INFO - Processing file /opt/airflow/dags/python_branch_operator.py for tasks to queue
[2022-07-22 06:28:22,385] {logging_mixin.py:115} INFO - [2022-07-22 06:28:22,385] {dagbag.py:507} INFO - Filling up the DagBag from /opt/airflow/dags/python_branch_operator.py
[2022-07-22 06:28:22,423] {processor.py:651} INFO - DAG(s) dict_keys(['python_branch_operator']) retrieved from /opt/airflow/dags/python_branch_operator.py
[2022-07-22 06:28:22,488] {logging_mixin.py:115} INFO - [2022-07-22 06:28:22,488] {dag.py:2379} INFO - Sync 1 DAGs
[2022-07-22 06:28:22,561] {logging_mixin.py:115} INFO - [2022-07-22 06:28:22,561] {dag.py:2931} INFO - Setting next_dagrun for python_branch_operator to 2022-07-21T00:00:00+00:00, run_after=2022-07-22T00:00:00+00:00
[2022-07-22 06:28:22,599] {processor.py:161} INFO - Processing /opt/airflow/dags/python_branch_operator.py took 0.235 seconds
[2022-07-22 06:28:53,486] {processor.py:153} INFO - Started process (PID=306) to work on /opt/airflow/dags/python_branch_operator.py
[2022-07-22 06:28:53,487] {processor.py:641} INFO - Processing file /opt/airflow/dags/python_branch_operator.py for tasks to queue
[2022-07-22 06:28:53,488] {logging_mixin.py:115} INFO - [2022-07-22 06:28:53,488] {dagbag.py:507} INFO - Filling up the DagBag from /opt/airflow/dags/python_branch_operator.py
[2022-07-22 06:28:53,506] {processor.py:651} INFO - DAG(s) dict_keys(['python_branch_operator']) retrieved from /opt/airflow/dags/python_branch_operator.py
[2022-07-22 06:28:53,547] {logging_mixin.py:115} INFO - [2022-07-22 06:28:53,547] {dag.py:2379} INFO - Sync 1 DAGs
[2022-07-22 06:28:53,584] {logging_mixin.py:115} INFO - [2022-07-22 06:28:53,583] {dag.py:2931} INFO - Setting next_dagrun for python_branch_operator to 2022-07-21T00:00:00+00:00, run_after=2022-07-22T00:00:00+00:00
[2022-07-22 06:28:53,599] {processor.py:161} INFO - Processing /opt/airflow/dags/python_branch_operator.py took 0.117 seconds
[2022-07-22 06:29:24,279] {processor.py:153} INFO - Started process (PID=336) to work on /opt/airflow/dags/python_branch_operator.py
[2022-07-22 06:29:24,295] {processor.py:641} INFO - Processing file /opt/airflow/dags/python_branch_operator.py for tasks to queue
[2022-07-22 06:29:24,301] {logging_mixin.py:115} INFO - [2022-07-22 06:29:24,301] {dagbag.py:507} INFO - Filling up the DagBag from /opt/airflow/dags/python_branch_operator.py
[2022-07-22 06:29:24,350] {processor.py:651} INFO - DAG(s) dict_keys(['python_branch_operator']) retrieved from /opt/airflow/dags/python_branch_operator.py
[2022-07-22 06:29:24,444] {logging_mixin.py:115} INFO - [2022-07-22 06:29:24,444] {dag.py:2379} INFO - Sync 1 DAGs
[2022-07-22 06:29:24,572] {logging_mixin.py:115} INFO - [2022-07-22 06:29:24,572] {dag.py:2931} INFO - Setting next_dagrun for python_branch_operator to 2022-07-21T00:00:00+00:00, run_after=2022-07-22T00:00:00+00:00
[2022-07-22 06:29:24,653] {processor.py:161} INFO - Processing /opt/airflow/dags/python_branch_operator.py took 0.386 seconds
[2022-07-22 06:29:55,272] {processor.py:153} INFO - Started process (PID=368) to work on /opt/airflow/dags/python_branch_operator.py
[2022-07-22 06:29:55,274] {processor.py:641} INFO - Processing file /opt/airflow/dags/python_branch_operator.py for tasks to queue
[2022-07-22 06:29:55,285] {logging_mixin.py:115} INFO - [2022-07-22 06:29:55,278] {dagbag.py:507} INFO - Filling up the DagBag from /opt/airflow/dags/python_branch_operator.py
[2022-07-22 06:29:55,324] {processor.py:651} INFO - DAG(s) dict_keys(['python_branch_operator']) retrieved from /opt/airflow/dags/python_branch_operator.py
[2022-07-22 06:29:55,382] {logging_mixin.py:115} INFO - [2022-07-22 06:29:55,382] {dag.py:2379} INFO - Sync 1 DAGs
[2022-07-22 06:29:55,464] {logging_mixin.py:115} INFO - [2022-07-22 06:29:55,463] {dag.py:2931} INFO - Setting next_dagrun for python_branch_operator to 2022-07-21T00:00:00+00:00, run_after=2022-07-22T00:00:00+00:00
[2022-07-22 06:29:55,498] {processor.py:161} INFO - Processing /opt/airflow/dags/python_branch_operator.py took 0.237 seconds
[2022-07-22 06:30:26,424] {processor.py:153} INFO - Started process (PID=408) to work on /opt/airflow/dags/python_branch_operator.py
[2022-07-22 06:30:26,427] {processor.py:641} INFO - Processing file /opt/airflow/dags/python_branch_operator.py for tasks to queue
[2022-07-22 06:30:26,427] {logging_mixin.py:115} INFO - [2022-07-22 06:30:26,427] {dagbag.py:507} INFO - Filling up the DagBag from /opt/airflow/dags/python_branch_operator.py
[2022-07-22 06:30:26,448] {processor.py:651} INFO - DAG(s) dict_keys(['python_branch_operator']) retrieved from /opt/airflow/dags/python_branch_operator.py
[2022-07-22 06:30:26,503] {logging_mixin.py:115} INFO - [2022-07-22 06:30:26,503] {dag.py:2379} INFO - Sync 1 DAGs
[2022-07-22 06:30:26,580] {logging_mixin.py:115} INFO - [2022-07-22 06:30:26,580] {dag.py:2931} INFO - Setting next_dagrun for python_branch_operator to 2022-07-21T00:00:00+00:00, run_after=2022-07-22T00:00:00+00:00
[2022-07-22 06:30:26,612] {processor.py:161} INFO - Processing /opt/airflow/dags/python_branch_operator.py took 0.192 seconds
[2022-07-22 06:30:57,440] {processor.py:153} INFO - Started process (PID=441) to work on /opt/airflow/dags/python_branch_operator.py
[2022-07-22 06:30:57,458] {processor.py:641} INFO - Processing file /opt/airflow/dags/python_branch_operator.py for tasks to queue
[2022-07-22 06:30:57,461] {logging_mixin.py:115} INFO - [2022-07-22 06:30:57,461] {dagbag.py:507} INFO - Filling up the DagBag from /opt/airflow/dags/python_branch_operator.py
[2022-07-22 06:30:57,483] {processor.py:651} INFO - DAG(s) dict_keys(['python_branch_operator']) retrieved from /opt/airflow/dags/python_branch_operator.py
[2022-07-22 06:30:57,535] {logging_mixin.py:115} INFO - [2022-07-22 06:30:57,535] {dag.py:2379} INFO - Sync 1 DAGs
[2022-07-22 06:30:57,589] {logging_mixin.py:115} INFO - [2022-07-22 06:30:57,588] {dag.py:2931} INFO - Setting next_dagrun for python_branch_operator to 2022-07-21T00:00:00+00:00, run_after=2022-07-22T00:00:00+00:00
[2022-07-22 06:30:57,605] {processor.py:161} INFO - Processing /opt/airflow/dags/python_branch_operator.py took 0.172 seconds
[2022-07-22 06:31:27,655] {processor.py:153} INFO - Started process (PID=475) to work on /opt/airflow/dags/python_branch_operator.py
[2022-07-22 06:31:27,660] {processor.py:641} INFO - Processing file /opt/airflow/dags/python_branch_operator.py for tasks to queue
[2022-07-22 06:31:27,663] {logging_mixin.py:115} INFO - [2022-07-22 06:31:27,663] {dagbag.py:507} INFO - Filling up the DagBag from /opt/airflow/dags/python_branch_operator.py
[2022-07-22 06:31:27,701] {processor.py:651} INFO - DAG(s) dict_keys(['python_branch_operator']) retrieved from /opt/airflow/dags/python_branch_operator.py
[2022-07-22 06:31:27,765] {logging_mixin.py:115} INFO - [2022-07-22 06:31:27,765] {dag.py:2379} INFO - Sync 1 DAGs
[2022-07-22 06:31:27,830] {logging_mixin.py:115} INFO - [2022-07-22 06:31:27,830] {dag.py:2931} INFO - Setting next_dagrun for python_branch_operator to 2022-07-21T00:00:00+00:00, run_after=2022-07-22T00:00:00+00:00
[2022-07-22 06:31:27,857] {processor.py:161} INFO - Processing /opt/airflow/dags/python_branch_operator.py took 0.207 seconds
[2022-07-22 06:31:58,098] {processor.py:153} INFO - Started process (PID=508) to work on /opt/airflow/dags/python_branch_operator.py
[2022-07-22 06:31:58,103] {processor.py:641} INFO - Processing file /opt/airflow/dags/python_branch_operator.py for tasks to queue
[2022-07-22 06:31:58,105] {logging_mixin.py:115} INFO - [2022-07-22 06:31:58,105] {dagbag.py:507} INFO - Filling up the DagBag from /opt/airflow/dags/python_branch_operator.py
[2022-07-22 06:31:58,136] {processor.py:651} INFO - DAG(s) dict_keys(['python_branch_operator']) retrieved from /opt/airflow/dags/python_branch_operator.py
[2022-07-22 06:31:58,230] {logging_mixin.py:115} INFO - [2022-07-22 06:31:58,229] {dag.py:2379} INFO - Sync 1 DAGs
[2022-07-22 06:31:58,300] {logging_mixin.py:115} INFO - [2022-07-22 06:31:58,300] {dag.py:2931} INFO - Setting next_dagrun for python_branch_operator to 2022-07-21T00:00:00+00:00, run_after=2022-07-22T00:00:00+00:00
[2022-07-22 06:31:58,335] {processor.py:161} INFO - Processing /opt/airflow/dags/python_branch_operator.py took 0.251 seconds
[2022-07-22 06:32:29,362] {processor.py:153} INFO - Started process (PID=538) to work on /opt/airflow/dags/python_branch_operator.py
[2022-07-22 06:32:29,363] {processor.py:641} INFO - Processing file /opt/airflow/dags/python_branch_operator.py for tasks to queue
[2022-07-22 06:32:29,364] {logging_mixin.py:115} INFO - [2022-07-22 06:32:29,363] {dagbag.py:507} INFO - Filling up the DagBag from /opt/airflow/dags/python_branch_operator.py
[2022-07-22 06:32:29,393] {processor.py:651} INFO - DAG(s) dict_keys(['python_branch_operator']) retrieved from /opt/airflow/dags/python_branch_operator.py
[2022-07-22 06:32:29,512] {logging_mixin.py:115} INFO - [2022-07-22 06:32:29,512] {dag.py:2379} INFO - Sync 1 DAGs
[2022-07-22 06:32:29,585] {logging_mixin.py:115} INFO - [2022-07-22 06:32:29,585] {dag.py:2931} INFO - Setting next_dagrun for python_branch_operator to 2022-07-21T00:00:00+00:00, run_after=2022-07-22T00:00:00+00:00
[2022-07-22 06:32:29,611] {processor.py:161} INFO - Processing /opt/airflow/dags/python_branch_operator.py took 0.261 seconds
[2022-07-22 06:33:00,002] {processor.py:153} INFO - Started process (PID=568) to work on /opt/airflow/dags/python_branch_operator.py
[2022-07-22 06:33:00,003] {processor.py:641} INFO - Processing file /opt/airflow/dags/python_branch_operator.py for tasks to queue
[2022-07-22 06:33:00,004] {logging_mixin.py:115} INFO - [2022-07-22 06:33:00,004] {dagbag.py:507} INFO - Filling up the DagBag from /opt/airflow/dags/python_branch_operator.py
[2022-07-22 06:33:00,017] {processor.py:651} INFO - DAG(s) dict_keys(['python_branch_operator']) retrieved from /opt/airflow/dags/python_branch_operator.py
[2022-07-22 06:33:00,052] {logging_mixin.py:115} INFO - [2022-07-22 06:33:00,051] {dag.py:2379} INFO - Sync 1 DAGs
[2022-07-22 06:33:00,088] {logging_mixin.py:115} INFO - [2022-07-22 06:33:00,088] {dag.py:2931} INFO - Setting next_dagrun for python_branch_operator to 2022-07-21T00:00:00+00:00, run_after=2022-07-22T00:00:00+00:00
[2022-07-22 06:33:00,103] {processor.py:161} INFO - Processing /opt/airflow/dags/python_branch_operator.py took 0.105 seconds
[2022-07-22 06:33:31,902] {processor.py:153} INFO - Started process (PID=596) to work on /opt/airflow/dags/python_branch_operator.py
[2022-07-22 06:33:31,919] {processor.py:641} INFO - Processing file /opt/airflow/dags/python_branch_operator.py for tasks to queue
[2022-07-22 06:33:31,920] {logging_mixin.py:115} INFO - [2022-07-22 06:33:31,920] {dagbag.py:507} INFO - Filling up the DagBag from /opt/airflow/dags/python_branch_operator.py
[2022-07-22 06:33:31,993] {processor.py:651} INFO - DAG(s) dict_keys(['python_branch_operator']) retrieved from /opt/airflow/dags/python_branch_operator.py
[2022-07-22 06:33:32,121] {logging_mixin.py:115} INFO - [2022-07-22 06:33:32,121] {dag.py:2379} INFO - Sync 1 DAGs
[2022-07-22 06:33:32,256] {logging_mixin.py:115} INFO - [2022-07-22 06:33:32,256] {dag.py:2931} INFO - Setting next_dagrun for python_branch_operator to 2022-07-21T00:00:00+00:00, run_after=2022-07-22T00:00:00+00:00
[2022-07-22 06:33:32,319] {processor.py:161} INFO - Processing /opt/airflow/dags/python_branch_operator.py took 0.438 seconds
[2022-07-22 06:34:03,233] {processor.py:153} INFO - Started process (PID=626) to work on /opt/airflow/dags/python_branch_operator.py
[2022-07-22 06:34:03,237] {processor.py:641} INFO - Processing file /opt/airflow/dags/python_branch_operator.py for tasks to queue
[2022-07-22 06:34:03,241] {logging_mixin.py:115} INFO - [2022-07-22 06:34:03,241] {dagbag.py:507} INFO - Filling up the DagBag from /opt/airflow/dags/python_branch_operator.py
[2022-07-22 06:34:03,259] {processor.py:651} INFO - DAG(s) dict_keys(['python_branch_operator']) retrieved from /opt/airflow/dags/python_branch_operator.py
[2022-07-22 06:34:03,306] {logging_mixin.py:115} INFO - [2022-07-22 06:34:03,306] {dag.py:2379} INFO - Sync 1 DAGs
[2022-07-22 06:34:03,348] {logging_mixin.py:115} INFO - [2022-07-22 06:34:03,347] {dag.py:2931} INFO - Setting next_dagrun for python_branch_operator to 2022-07-21T00:00:00+00:00, run_after=2022-07-22T00:00:00+00:00
[2022-07-22 06:34:03,371] {processor.py:161} INFO - Processing /opt/airflow/dags/python_branch_operator.py took 0.142 seconds
[2022-07-22 06:34:33,549] {processor.py:153} INFO - Started process (PID=657) to work on /opt/airflow/dags/python_branch_operator.py
[2022-07-22 06:34:33,550] {processor.py:641} INFO - Processing file /opt/airflow/dags/python_branch_operator.py for tasks to queue
[2022-07-22 06:34:33,550] {logging_mixin.py:115} INFO - [2022-07-22 06:34:33,550] {dagbag.py:507} INFO - Filling up the DagBag from /opt/airflow/dags/python_branch_operator.py
[2022-07-22 06:34:33,561] {processor.py:651} INFO - DAG(s) dict_keys(['python_branch_operator']) retrieved from /opt/airflow/dags/python_branch_operator.py
[2022-07-22 06:34:33,593] {logging_mixin.py:115} INFO - [2022-07-22 06:34:33,593] {dag.py:2379} INFO - Sync 1 DAGs
[2022-07-22 06:34:33,619] {logging_mixin.py:115} INFO - [2022-07-22 06:34:33,619] {dag.py:2931} INFO - Setting next_dagrun for python_branch_operator to 2022-07-21T00:00:00+00:00, run_after=2022-07-22T00:00:00+00:00
[2022-07-22 06:34:33,647] {processor.py:161} INFO - Processing /opt/airflow/dags/python_branch_operator.py took 0.101 seconds
[2022-07-22 06:35:04,440] {processor.py:153} INFO - Started process (PID=688) to work on /opt/airflow/dags/python_branch_operator.py
[2022-07-22 06:35:04,443] {processor.py:641} INFO - Processing file /opt/airflow/dags/python_branch_operator.py for tasks to queue
[2022-07-22 06:35:04,444] {logging_mixin.py:115} INFO - [2022-07-22 06:35:04,444] {dagbag.py:507} INFO - Filling up the DagBag from /opt/airflow/dags/python_branch_operator.py
[2022-07-22 06:35:04,468] {processor.py:651} INFO - DAG(s) dict_keys(['python_branch_operator']) retrieved from /opt/airflow/dags/python_branch_operator.py
[2022-07-22 06:35:04,566] {logging_mixin.py:115} INFO - [2022-07-22 06:35:04,566] {dag.py:2379} INFO - Sync 1 DAGs
[2022-07-22 06:35:04,720] {logging_mixin.py:115} INFO - [2022-07-22 06:35:04,719] {dag.py:2931} INFO - Setting next_dagrun for python_branch_operator to 2022-07-21T00:00:00+00:00, run_after=2022-07-22T00:00:00+00:00
[2022-07-22 06:35:04,814] {processor.py:161} INFO - Processing /opt/airflow/dags/python_branch_operator.py took 0.378 seconds
[2022-07-22 06:35:35,536] {processor.py:153} INFO - Started process (PID=728) to work on /opt/airflow/dags/python_branch_operator.py
[2022-07-22 06:35:35,537] {processor.py:641} INFO - Processing file /opt/airflow/dags/python_branch_operator.py for tasks to queue
[2022-07-22 06:35:35,538] {logging_mixin.py:115} INFO - [2022-07-22 06:35:35,538] {dagbag.py:507} INFO - Filling up the DagBag from /opt/airflow/dags/python_branch_operator.py
[2022-07-22 06:35:35,579] {processor.py:651} INFO - DAG(s) dict_keys(['python_branch_operator']) retrieved from /opt/airflow/dags/python_branch_operator.py
[2022-07-22 06:35:35,740] {logging_mixin.py:115} INFO - [2022-07-22 06:35:35,740] {dag.py:2379} INFO - Sync 1 DAGs
[2022-07-22 06:35:35,924] {logging_mixin.py:115} INFO - [2022-07-22 06:35:35,923] {dag.py:2931} INFO - Setting next_dagrun for python_branch_operator to 2022-07-21T00:00:00+00:00, run_after=2022-07-22T00:00:00+00:00
[2022-07-22 06:35:36,020] {processor.py:161} INFO - Processing /opt/airflow/dags/python_branch_operator.py took 0.492 seconds
