[2022-07-22 06:14:30,356] {processor.py:153} INFO - Started process (PID=70) to work on /opt/airflow/dags/sql_branch_operator.py
[2022-07-22 06:14:30,389] {processor.py:641} INFO - Processing file /opt/airflow/dags/sql_branch_operator.py for tasks to queue
[2022-07-22 06:14:30,389] {logging_mixin.py:115} INFO - [2022-07-22 06:14:30,389] {dagbag.py:507} INFO - Filling up the DagBag from /opt/airflow/dags/sql_branch_operator.py
[2022-07-22 06:14:30,650] {processor.py:651} INFO - DAG(s) dict_keys(['sql_branch_dag']) retrieved from /opt/airflow/dags/sql_branch_operator.py
[2022-07-22 06:14:31,265] {logging_mixin.py:115} INFO - [2022-07-22 06:14:31,265] {dag.py:2379} INFO - Sync 1 DAGs
[2022-07-22 06:14:31,836] {logging_mixin.py:115} INFO - [2022-07-22 06:14:31,836] {dag.py:2931} INFO - Setting next_dagrun for sql_branch_dag to 2022-07-21T00:00:00+00:00, run_after=2022-07-22T00:00:00+00:00
[2022-07-22 06:14:32,271] {processor.py:161} INFO - Processing /opt/airflow/dags/sql_branch_operator.py took 1.987 seconds
[2022-07-22 06:15:02,651] {processor.py:153} INFO - Started process (PID=98) to work on /opt/airflow/dags/sql_branch_operator.py
[2022-07-22 06:15:02,733] {processor.py:641} INFO - Processing file /opt/airflow/dags/sql_branch_operator.py for tasks to queue
[2022-07-22 06:15:02,785] {logging_mixin.py:115} INFO - [2022-07-22 06:15:02,785] {dagbag.py:507} INFO - Filling up the DagBag from /opt/airflow/dags/sql_branch_operator.py
[2022-07-22 06:15:03,067] {processor.py:651} INFO - DAG(s) dict_keys(['sql_branch_dag']) retrieved from /opt/airflow/dags/sql_branch_operator.py
[2022-07-22 06:15:04,046] {logging_mixin.py:115} INFO - [2022-07-22 06:15:04,045] {dag.py:2379} INFO - Sync 1 DAGs
[2022-07-22 06:15:05,114] {logging_mixin.py:115} INFO - [2022-07-22 06:15:05,114] {dag.py:2931} INFO - Setting next_dagrun for sql_branch_dag to 2022-07-21T00:00:00+00:00, run_after=2022-07-22T00:00:00+00:00
[2022-07-22 06:15:05,929] {processor.py:161} INFO - Processing /opt/airflow/dags/sql_branch_operator.py took 3.302 seconds
[2022-07-22 06:15:37,323] {processor.py:153} INFO - Started process (PID=129) to work on /opt/airflow/dags/sql_branch_operator.py
[2022-07-22 06:15:37,335] {processor.py:641} INFO - Processing file /opt/airflow/dags/sql_branch_operator.py for tasks to queue
[2022-07-22 06:15:37,336] {logging_mixin.py:115} INFO - [2022-07-22 06:15:37,336] {dagbag.py:507} INFO - Filling up the DagBag from /opt/airflow/dags/sql_branch_operator.py
[2022-07-22 06:15:37,586] {processor.py:651} INFO - DAG(s) dict_keys(['sql_branch_dag']) retrieved from /opt/airflow/dags/sql_branch_operator.py
[2022-07-22 06:15:38,130] {logging_mixin.py:115} INFO - [2022-07-22 06:15:38,130] {dag.py:2379} INFO - Sync 1 DAGs
[2022-07-22 06:15:38,985] {logging_mixin.py:115} INFO - [2022-07-22 06:15:38,985] {dag.py:2931} INFO - Setting next_dagrun for sql_branch_dag to 2022-07-21T00:00:00+00:00, run_after=2022-07-22T00:00:00+00:00
[2022-07-22 06:15:39,307] {processor.py:161} INFO - Processing /opt/airflow/dags/sql_branch_operator.py took 2.037 seconds
[2022-07-22 06:19:17,759] {processor.py:153} INFO - Started process (PID=64) to work on /opt/airflow/dags/sql_branch_operator.py
[2022-07-22 06:19:17,790] {processor.py:641} INFO - Processing file /opt/airflow/dags/sql_branch_operator.py for tasks to queue
[2022-07-22 06:19:17,816] {logging_mixin.py:115} INFO - [2022-07-22 06:19:17,816] {dagbag.py:507} INFO - Filling up the DagBag from /opt/airflow/dags/sql_branch_operator.py
[2022-07-22 06:19:17,946] {processor.py:651} INFO - DAG(s) dict_keys(['sql_branch_dag']) retrieved from /opt/airflow/dags/sql_branch_operator.py
[2022-07-22 06:19:18,168] {logging_mixin.py:115} INFO - [2022-07-22 06:19:18,168] {dag.py:2379} INFO - Sync 1 DAGs
[2022-07-22 06:19:18,430] {logging_mixin.py:115} INFO - [2022-07-22 06:19:18,430] {dag.py:2931} INFO - Setting next_dagrun for sql_branch_dag to 2022-07-21T00:00:00+00:00, run_after=2022-07-22T00:00:00+00:00
[2022-07-22 06:19:18,645] {processor.py:161} INFO - Processing /opt/airflow/dags/sql_branch_operator.py took 0.926 seconds
[2022-07-22 06:19:48,825] {processor.py:153} INFO - Started process (PID=92) to work on /opt/airflow/dags/sql_branch_operator.py
[2022-07-22 06:19:48,826] {processor.py:641} INFO - Processing file /opt/airflow/dags/sql_branch_operator.py for tasks to queue
[2022-07-22 06:19:48,827] {logging_mixin.py:115} INFO - [2022-07-22 06:19:48,827] {dagbag.py:507} INFO - Filling up the DagBag from /opt/airflow/dags/sql_branch_operator.py
[2022-07-22 06:19:48,845] {processor.py:651} INFO - DAG(s) dict_keys(['sql_branch_dag']) retrieved from /opt/airflow/dags/sql_branch_operator.py
[2022-07-22 06:19:48,884] {logging_mixin.py:115} INFO - [2022-07-22 06:19:48,884] {dag.py:2379} INFO - Sync 1 DAGs
[2022-07-22 06:19:48,909] {logging_mixin.py:115} INFO - [2022-07-22 06:19:48,909] {dag.py:2931} INFO - Setting next_dagrun for sql_branch_dag to 2022-07-21T00:00:00+00:00, run_after=2022-07-22T00:00:00+00:00
[2022-07-22 06:19:48,923] {processor.py:161} INFO - Processing /opt/airflow/dags/sql_branch_operator.py took 0.101 seconds
[2022-07-22 06:25:19,422] {processor.py:153} INFO - Started process (PID=71) to work on /opt/airflow/dags/sql_branch_operator.py
[2022-07-22 06:25:19,435] {processor.py:641} INFO - Processing file /opt/airflow/dags/sql_branch_operator.py for tasks to queue
[2022-07-22 06:25:19,460] {logging_mixin.py:115} INFO - [2022-07-22 06:25:19,460] {dagbag.py:507} INFO - Filling up the DagBag from /opt/airflow/dags/sql_branch_operator.py
[2022-07-22 06:25:19,523] {processor.py:651} INFO - DAG(s) dict_keys(['sql_branch_dag']) retrieved from /opt/airflow/dags/sql_branch_operator.py
[2022-07-22 06:25:19,634] {logging_mixin.py:115} INFO - [2022-07-22 06:25:19,634] {dag.py:2379} INFO - Sync 1 DAGs
[2022-07-22 06:25:19,804] {logging_mixin.py:115} INFO - [2022-07-22 06:25:19,804] {dag.py:2931} INFO - Setting next_dagrun for sql_branch_dag to 2022-07-21T00:00:00+00:00, run_after=2022-07-22T00:00:00+00:00
[2022-07-22 06:25:19,925] {processor.py:161} INFO - Processing /opt/airflow/dags/sql_branch_operator.py took 0.515 seconds
[2022-07-22 06:25:50,339] {processor.py:153} INFO - Started process (PID=99) to work on /opt/airflow/dags/sql_branch_operator.py
[2022-07-22 06:25:50,341] {processor.py:641} INFO - Processing file /opt/airflow/dags/sql_branch_operator.py for tasks to queue
[2022-07-22 06:25:50,346] {logging_mixin.py:115} INFO - [2022-07-22 06:25:50,342] {dagbag.py:507} INFO - Filling up the DagBag from /opt/airflow/dags/sql_branch_operator.py
[2022-07-22 06:25:50,416] {processor.py:651} INFO - DAG(s) dict_keys(['sql_branch_dag']) retrieved from /opt/airflow/dags/sql_branch_operator.py
[2022-07-22 06:25:50,498] {logging_mixin.py:115} INFO - [2022-07-22 06:25:50,498] {dag.py:2379} INFO - Sync 1 DAGs
[2022-07-22 06:25:50,540] {logging_mixin.py:115} INFO - [2022-07-22 06:25:50,540] {dag.py:2931} INFO - Setting next_dagrun for sql_branch_dag to 2022-07-21T00:00:00+00:00, run_after=2022-07-22T00:00:00+00:00
[2022-07-22 06:25:50,561] {processor.py:161} INFO - Processing /opt/airflow/dags/sql_branch_operator.py took 0.245 seconds
[2022-07-22 06:26:21,371] {processor.py:153} INFO - Started process (PID=129) to work on /opt/airflow/dags/sql_branch_operator.py
[2022-07-22 06:26:21,374] {processor.py:641} INFO - Processing file /opt/airflow/dags/sql_branch_operator.py for tasks to queue
[2022-07-22 06:26:21,379] {logging_mixin.py:115} INFO - [2022-07-22 06:26:21,374] {dagbag.py:507} INFO - Filling up the DagBag from /opt/airflow/dags/sql_branch_operator.py
[2022-07-22 06:26:21,443] {processor.py:651} INFO - DAG(s) dict_keys(['sql_branch_dag']) retrieved from /opt/airflow/dags/sql_branch_operator.py
[2022-07-22 06:26:21,693] {logging_mixin.py:115} INFO - [2022-07-22 06:26:21,693] {dag.py:2379} INFO - Sync 1 DAGs
[2022-07-22 06:26:21,827] {logging_mixin.py:115} INFO - [2022-07-22 06:26:21,827] {dag.py:2931} INFO - Setting next_dagrun for sql_branch_dag to 2022-07-21T00:00:00+00:00, run_after=2022-07-22T00:00:00+00:00
[2022-07-22 06:26:21,961] {processor.py:161} INFO - Processing /opt/airflow/dags/sql_branch_operator.py took 0.606 seconds
[2022-07-22 06:26:52,794] {processor.py:153} INFO - Started process (PID=173) to work on /opt/airflow/dags/sql_branch_operator.py
[2022-07-22 06:26:52,795] {processor.py:641} INFO - Processing file /opt/airflow/dags/sql_branch_operator.py for tasks to queue
[2022-07-22 06:26:52,801] {logging_mixin.py:115} INFO - [2022-07-22 06:26:52,799] {dagbag.py:507} INFO - Filling up the DagBag from /opt/airflow/dags/sql_branch_operator.py
[2022-07-22 06:26:52,838] {processor.py:651} INFO - DAG(s) dict_keys(['sql_branch_dag']) retrieved from /opt/airflow/dags/sql_branch_operator.py
[2022-07-22 06:26:52,901] {logging_mixin.py:115} INFO - [2022-07-22 06:26:52,901] {dag.py:2379} INFO - Sync 1 DAGs
[2022-07-22 06:26:52,981] {logging_mixin.py:115} INFO - [2022-07-22 06:26:52,981] {dag.py:2931} INFO - Setting next_dagrun for sql_branch_dag to 2022-07-21T00:00:00+00:00, run_after=2022-07-22T00:00:00+00:00
[2022-07-22 06:26:53,021] {processor.py:161} INFO - Processing /opt/airflow/dags/sql_branch_operator.py took 0.241 seconds
[2022-07-22 06:27:23,853] {processor.py:153} INFO - Started process (PID=204) to work on /opt/airflow/dags/sql_branch_operator.py
[2022-07-22 06:27:23,857] {processor.py:641} INFO - Processing file /opt/airflow/dags/sql_branch_operator.py for tasks to queue
[2022-07-22 06:27:23,860] {logging_mixin.py:115} INFO - [2022-07-22 06:27:23,858] {dagbag.py:507} INFO - Filling up the DagBag from /opt/airflow/dags/sql_branch_operator.py
[2022-07-22 06:27:23,954] {processor.py:651} INFO - DAG(s) dict_keys(['sql_branch_dag']) retrieved from /opt/airflow/dags/sql_branch_operator.py
[2022-07-22 06:27:24,086] {logging_mixin.py:115} INFO - [2022-07-22 06:27:24,085] {dag.py:2379} INFO - Sync 1 DAGs
[2022-07-22 06:27:24,213] {logging_mixin.py:115} INFO - [2022-07-22 06:27:24,213] {dag.py:2931} INFO - Setting next_dagrun for sql_branch_dag to 2022-07-21T00:00:00+00:00, run_after=2022-07-22T00:00:00+00:00
[2022-07-22 06:27:24,239] {processor.py:161} INFO - Processing /opt/airflow/dags/sql_branch_operator.py took 0.399 seconds
[2022-07-22 06:27:54,803] {processor.py:153} INFO - Started process (PID=246) to work on /opt/airflow/dags/sql_branch_operator.py
[2022-07-22 06:27:54,821] {processor.py:641} INFO - Processing file /opt/airflow/dags/sql_branch_operator.py for tasks to queue
[2022-07-22 06:27:54,826] {logging_mixin.py:115} INFO - [2022-07-22 06:27:54,826] {dagbag.py:507} INFO - Filling up the DagBag from /opt/airflow/dags/sql_branch_operator.py
[2022-07-22 06:27:54,881] {processor.py:651} INFO - DAG(s) dict_keys(['sql_branch_dag']) retrieved from /opt/airflow/dags/sql_branch_operator.py
[2022-07-22 06:27:54,989] {logging_mixin.py:115} INFO - [2022-07-22 06:27:54,989] {dag.py:2379} INFO - Sync 1 DAGs
[2022-07-22 06:27:55,089] {logging_mixin.py:115} INFO - [2022-07-22 06:27:55,089] {dag.py:2931} INFO - Setting next_dagrun for sql_branch_dag to 2022-07-21T00:00:00+00:00, run_after=2022-07-22T00:00:00+00:00
[2022-07-22 06:27:55,134] {processor.py:161} INFO - Processing /opt/airflow/dags/sql_branch_operator.py took 0.335 seconds
[2022-07-22 06:28:25,640] {processor.py:153} INFO - Started process (PID=277) to work on /opt/airflow/dags/sql_branch_operator.py
[2022-07-22 06:28:25,657] {processor.py:641} INFO - Processing file /opt/airflow/dags/sql_branch_operator.py for tasks to queue
[2022-07-22 06:28:25,660] {logging_mixin.py:115} INFO - [2022-07-22 06:28:25,660] {dagbag.py:507} INFO - Filling up the DagBag from /opt/airflow/dags/sql_branch_operator.py
[2022-07-22 06:28:25,699] {processor.py:651} INFO - DAG(s) dict_keys(['sql_branch_dag']) retrieved from /opt/airflow/dags/sql_branch_operator.py
[2022-07-22 06:28:25,769] {logging_mixin.py:115} INFO - [2022-07-22 06:28:25,769] {dag.py:2379} INFO - Sync 1 DAGs
[2022-07-22 06:28:25,834] {logging_mixin.py:115} INFO - [2022-07-22 06:28:25,834] {dag.py:2931} INFO - Setting next_dagrun for sql_branch_dag to 2022-07-21T00:00:00+00:00, run_after=2022-07-22T00:00:00+00:00
[2022-07-22 06:28:25,878] {processor.py:161} INFO - Processing /opt/airflow/dags/sql_branch_operator.py took 0.242 seconds
[2022-07-22 06:28:56,667] {processor.py:153} INFO - Started process (PID=309) to work on /opt/airflow/dags/sql_branch_operator.py
[2022-07-22 06:28:56,675] {processor.py:641} INFO - Processing file /opt/airflow/dags/sql_branch_operator.py for tasks to queue
[2022-07-22 06:28:56,678] {logging_mixin.py:115} INFO - [2022-07-22 06:28:56,678] {dagbag.py:507} INFO - Filling up the DagBag from /opt/airflow/dags/sql_branch_operator.py
[2022-07-22 06:28:56,708] {processor.py:651} INFO - DAG(s) dict_keys(['sql_branch_dag']) retrieved from /opt/airflow/dags/sql_branch_operator.py
[2022-07-22 06:28:56,831] {logging_mixin.py:115} INFO - [2022-07-22 06:28:56,831] {dag.py:2379} INFO - Sync 1 DAGs
[2022-07-22 06:28:56,912] {logging_mixin.py:115} INFO - [2022-07-22 06:28:56,904] {dag.py:2931} INFO - Setting next_dagrun for sql_branch_dag to 2022-07-21T00:00:00+00:00, run_after=2022-07-22T00:00:00+00:00
[2022-07-22 06:28:56,977] {processor.py:161} INFO - Processing /opt/airflow/dags/sql_branch_operator.py took 0.322 seconds
[2022-07-22 06:29:27,817] {processor.py:153} INFO - Started process (PID=348) to work on /opt/airflow/dags/sql_branch_operator.py
[2022-07-22 06:29:27,831] {processor.py:641} INFO - Processing file /opt/airflow/dags/sql_branch_operator.py for tasks to queue
[2022-07-22 06:29:27,834] {logging_mixin.py:115} INFO - [2022-07-22 06:29:27,834] {dagbag.py:507} INFO - Filling up the DagBag from /opt/airflow/dags/sql_branch_operator.py
[2022-07-22 06:29:27,933] {processor.py:651} INFO - DAG(s) dict_keys(['sql_branch_dag']) retrieved from /opt/airflow/dags/sql_branch_operator.py
[2022-07-22 06:29:28,086] {logging_mixin.py:115} INFO - [2022-07-22 06:29:28,086] {dag.py:2379} INFO - Sync 1 DAGs
[2022-07-22 06:29:28,276] {logging_mixin.py:115} INFO - [2022-07-22 06:29:28,276] {dag.py:2931} INFO - Setting next_dagrun for sql_branch_dag to 2022-07-21T00:00:00+00:00, run_after=2022-07-22T00:00:00+00:00
[2022-07-22 06:29:28,448] {processor.py:161} INFO - Processing /opt/airflow/dags/sql_branch_operator.py took 0.663 seconds
[2022-07-22 06:29:58,612] {processor.py:153} INFO - Started process (PID=382) to work on /opt/airflow/dags/sql_branch_operator.py
[2022-07-22 06:29:58,631] {processor.py:641} INFO - Processing file /opt/airflow/dags/sql_branch_operator.py for tasks to queue
[2022-07-22 06:29:58,632] {logging_mixin.py:115} INFO - [2022-07-22 06:29:58,631] {dagbag.py:507} INFO - Filling up the DagBag from /opt/airflow/dags/sql_branch_operator.py
[2022-07-22 06:29:58,671] {processor.py:651} INFO - DAG(s) dict_keys(['sql_branch_dag']) retrieved from /opt/airflow/dags/sql_branch_operator.py
[2022-07-22 06:29:58,781] {logging_mixin.py:115} INFO - [2022-07-22 06:29:58,781] {dag.py:2379} INFO - Sync 1 DAGs
[2022-07-22 06:29:58,990] {logging_mixin.py:115} INFO - [2022-07-22 06:29:58,990] {dag.py:2931} INFO - Setting next_dagrun for sql_branch_dag to 2022-07-21T00:00:00+00:00, run_after=2022-07-22T00:00:00+00:00
[2022-07-22 06:29:59,117] {processor.py:161} INFO - Processing /opt/airflow/dags/sql_branch_operator.py took 0.510 seconds
[2022-07-22 06:30:29,698] {processor.py:153} INFO - Started process (PID=411) to work on /opt/airflow/dags/sql_branch_operator.py
[2022-07-22 06:30:29,701] {processor.py:641} INFO - Processing file /opt/airflow/dags/sql_branch_operator.py for tasks to queue
[2022-07-22 06:30:29,703] {logging_mixin.py:115} INFO - [2022-07-22 06:30:29,703] {dagbag.py:507} INFO - Filling up the DagBag from /opt/airflow/dags/sql_branch_operator.py
[2022-07-22 06:30:29,739] {processor.py:651} INFO - DAG(s) dict_keys(['sql_branch_dag']) retrieved from /opt/airflow/dags/sql_branch_operator.py
[2022-07-22 06:30:29,830] {logging_mixin.py:115} INFO - [2022-07-22 06:30:29,830] {dag.py:2379} INFO - Sync 1 DAGs
[2022-07-22 06:30:29,917] {logging_mixin.py:115} INFO - [2022-07-22 06:30:29,917] {dag.py:2931} INFO - Setting next_dagrun for sql_branch_dag to 2022-07-21T00:00:00+00:00, run_after=2022-07-22T00:00:00+00:00
[2022-07-22 06:30:29,985] {processor.py:161} INFO - Processing /opt/airflow/dags/sql_branch_operator.py took 0.305 seconds
[2022-07-22 06:31:00,688] {processor.py:153} INFO - Started process (PID=444) to work on /opt/airflow/dags/sql_branch_operator.py
[2022-07-22 06:31:00,697] {processor.py:641} INFO - Processing file /opt/airflow/dags/sql_branch_operator.py for tasks to queue
[2022-07-22 06:31:00,698] {logging_mixin.py:115} INFO - [2022-07-22 06:31:00,697] {dagbag.py:507} INFO - Filling up the DagBag from /opt/airflow/dags/sql_branch_operator.py
[2022-07-22 06:31:00,726] {processor.py:651} INFO - DAG(s) dict_keys(['sql_branch_dag']) retrieved from /opt/airflow/dags/sql_branch_operator.py
[2022-07-22 06:31:00,801] {logging_mixin.py:115} INFO - [2022-07-22 06:31:00,801] {dag.py:2379} INFO - Sync 1 DAGs
[2022-07-22 06:31:00,870] {logging_mixin.py:115} INFO - [2022-07-22 06:31:00,870] {dag.py:2931} INFO - Setting next_dagrun for sql_branch_dag to 2022-07-21T00:00:00+00:00, run_after=2022-07-22T00:00:00+00:00
[2022-07-22 06:31:00,913] {processor.py:161} INFO - Processing /opt/airflow/dags/sql_branch_operator.py took 0.233 seconds
[2022-07-22 06:31:31,024] {processor.py:153} INFO - Started process (PID=479) to work on /opt/airflow/dags/sql_branch_operator.py
[2022-07-22 06:31:31,031] {processor.py:641} INFO - Processing file /opt/airflow/dags/sql_branch_operator.py for tasks to queue
[2022-07-22 06:31:31,044] {logging_mixin.py:115} INFO - [2022-07-22 06:31:31,033] {dagbag.py:507} INFO - Filling up the DagBag from /opt/airflow/dags/sql_branch_operator.py
[2022-07-22 06:31:31,103] {processor.py:651} INFO - DAG(s) dict_keys(['sql_branch_dag']) retrieved from /opt/airflow/dags/sql_branch_operator.py
[2022-07-22 06:31:31,207] {logging_mixin.py:115} INFO - [2022-07-22 06:31:31,207] {dag.py:2379} INFO - Sync 1 DAGs
[2022-07-22 06:31:31,242] {logging_mixin.py:115} INFO - [2022-07-22 06:31:31,242] {dag.py:2931} INFO - Setting next_dagrun for sql_branch_dag to 2022-07-21T00:00:00+00:00, run_after=2022-07-22T00:00:00+00:00
[2022-07-22 06:31:31,260] {processor.py:161} INFO - Processing /opt/airflow/dags/sql_branch_operator.py took 0.245 seconds
[2022-07-22 06:32:01,398] {processor.py:153} INFO - Started process (PID=511) to work on /opt/airflow/dags/sql_branch_operator.py
[2022-07-22 06:32:01,409] {processor.py:641} INFO - Processing file /opt/airflow/dags/sql_branch_operator.py for tasks to queue
[2022-07-22 06:32:01,410] {logging_mixin.py:115} INFO - [2022-07-22 06:32:01,410] {dagbag.py:507} INFO - Filling up the DagBag from /opt/airflow/dags/sql_branch_operator.py
[2022-07-22 06:32:01,448] {processor.py:651} INFO - DAG(s) dict_keys(['sql_branch_dag']) retrieved from /opt/airflow/dags/sql_branch_operator.py
[2022-07-22 06:32:01,521] {logging_mixin.py:115} INFO - [2022-07-22 06:32:01,521] {dag.py:2379} INFO - Sync 1 DAGs
[2022-07-22 06:32:01,596] {logging_mixin.py:115} INFO - [2022-07-22 06:32:01,596] {dag.py:2931} INFO - Setting next_dagrun for sql_branch_dag to 2022-07-21T00:00:00+00:00, run_after=2022-07-22T00:00:00+00:00
[2022-07-22 06:32:01,636] {processor.py:161} INFO - Processing /opt/airflow/dags/sql_branch_operator.py took 0.242 seconds
[2022-07-22 06:32:31,841] {processor.py:153} INFO - Started process (PID=541) to work on /opt/airflow/dags/sql_branch_operator.py
[2022-07-22 06:32:31,843] {processor.py:641} INFO - Processing file /opt/airflow/dags/sql_branch_operator.py for tasks to queue
[2022-07-22 06:32:31,845] {logging_mixin.py:115} INFO - [2022-07-22 06:32:31,844] {dagbag.py:507} INFO - Filling up the DagBag from /opt/airflow/dags/sql_branch_operator.py
[2022-07-22 06:32:31,878] {processor.py:651} INFO - DAG(s) dict_keys(['sql_branch_dag']) retrieved from /opt/airflow/dags/sql_branch_operator.py
[2022-07-22 06:32:31,927] {logging_mixin.py:115} INFO - [2022-07-22 06:32:31,927] {dag.py:2379} INFO - Sync 1 DAGs
[2022-07-22 06:32:31,959] {logging_mixin.py:115} INFO - [2022-07-22 06:32:31,959] {dag.py:2931} INFO - Setting next_dagrun for sql_branch_dag to 2022-07-21T00:00:00+00:00, run_after=2022-07-22T00:00:00+00:00
[2022-07-22 06:32:31,976] {processor.py:161} INFO - Processing /opt/airflow/dags/sql_branch_operator.py took 0.143 seconds
[2022-07-22 06:33:02,316] {processor.py:153} INFO - Started process (PID=572) to work on /opt/airflow/dags/sql_branch_operator.py
[2022-07-22 06:33:02,318] {processor.py:641} INFO - Processing file /opt/airflow/dags/sql_branch_operator.py for tasks to queue
[2022-07-22 06:33:02,318] {logging_mixin.py:115} INFO - [2022-07-22 06:33:02,318] {dagbag.py:507} INFO - Filling up the DagBag from /opt/airflow/dags/sql_branch_operator.py
[2022-07-22 06:33:02,424] {processor.py:651} INFO - DAG(s) dict_keys(['sql_branch_dag']) retrieved from /opt/airflow/dags/sql_branch_operator.py
[2022-07-22 06:33:02,743] {logging_mixin.py:115} INFO - [2022-07-22 06:33:02,743] {dag.py:2379} INFO - Sync 1 DAGs
[2022-07-22 06:33:02,878] {logging_mixin.py:115} INFO - [2022-07-22 06:33:02,878] {dag.py:2931} INFO - Setting next_dagrun for sql_branch_dag to 2022-07-21T00:00:00+00:00, run_after=2022-07-22T00:00:00+00:00
[2022-07-22 06:33:02,969] {processor.py:161} INFO - Processing /opt/airflow/dags/sql_branch_operator.py took 0.680 seconds
[2022-07-22 06:33:34,012] {processor.py:153} INFO - Started process (PID=602) to work on /opt/airflow/dags/sql_branch_operator.py
[2022-07-22 06:33:34,021] {processor.py:641} INFO - Processing file /opt/airflow/dags/sql_branch_operator.py for tasks to queue
[2022-07-22 06:33:34,022] {logging_mixin.py:115} INFO - [2022-07-22 06:33:34,022] {dagbag.py:507} INFO - Filling up the DagBag from /opt/airflow/dags/sql_branch_operator.py
[2022-07-22 06:33:34,058] {processor.py:651} INFO - DAG(s) dict_keys(['sql_branch_dag']) retrieved from /opt/airflow/dags/sql_branch_operator.py
[2022-07-22 06:33:34,157] {logging_mixin.py:115} INFO - [2022-07-22 06:33:34,157] {dag.py:2379} INFO - Sync 1 DAGs
[2022-07-22 06:33:34,288] {logging_mixin.py:115} INFO - [2022-07-22 06:33:34,288] {dag.py:2931} INFO - Setting next_dagrun for sql_branch_dag to 2022-07-21T00:00:00+00:00, run_after=2022-07-22T00:00:00+00:00
[2022-07-22 06:33:34,400] {processor.py:161} INFO - Processing /opt/airflow/dags/sql_branch_operator.py took 0.396 seconds
[2022-07-22 06:34:04,524] {processor.py:153} INFO - Started process (PID=631) to work on /opt/airflow/dags/sql_branch_operator.py
[2022-07-22 06:34:04,529] {processor.py:641} INFO - Processing file /opt/airflow/dags/sql_branch_operator.py for tasks to queue
[2022-07-22 06:34:04,529] {logging_mixin.py:115} INFO - [2022-07-22 06:34:04,529] {dagbag.py:507} INFO - Filling up the DagBag from /opt/airflow/dags/sql_branch_operator.py
[2022-07-22 06:34:04,552] {processor.py:651} INFO - DAG(s) dict_keys(['sql_branch_dag']) retrieved from /opt/airflow/dags/sql_branch_operator.py
[2022-07-22 06:34:04,631] {logging_mixin.py:115} INFO - [2022-07-22 06:34:04,631] {dag.py:2379} INFO - Sync 1 DAGs
[2022-07-22 06:34:04,707] {logging_mixin.py:115} INFO - [2022-07-22 06:34:04,706] {dag.py:2931} INFO - Setting next_dagrun for sql_branch_dag to 2022-07-21T00:00:00+00:00, run_after=2022-07-22T00:00:00+00:00
[2022-07-22 06:34:04,755] {processor.py:161} INFO - Processing /opt/airflow/dags/sql_branch_operator.py took 0.236 seconds
[2022-07-22 06:34:35,265] {processor.py:153} INFO - Started process (PID=662) to work on /opt/airflow/dags/sql_branch_operator.py
[2022-07-22 06:34:35,275] {processor.py:641} INFO - Processing file /opt/airflow/dags/sql_branch_operator.py for tasks to queue
[2022-07-22 06:34:35,278] {logging_mixin.py:115} INFO - [2022-07-22 06:34:35,278] {dagbag.py:507} INFO - Filling up the DagBag from /opt/airflow/dags/sql_branch_operator.py
[2022-07-22 06:34:35,335] {processor.py:651} INFO - DAG(s) dict_keys(['sql_branch_dag']) retrieved from /opt/airflow/dags/sql_branch_operator.py
[2022-07-22 06:34:35,393] {logging_mixin.py:115} INFO - [2022-07-22 06:34:35,393] {dag.py:2379} INFO - Sync 1 DAGs
[2022-07-22 06:34:35,457] {logging_mixin.py:115} INFO - [2022-07-22 06:34:35,456] {dag.py:2931} INFO - Setting next_dagrun for sql_branch_dag to 2022-07-21T00:00:00+00:00, run_after=2022-07-22T00:00:00+00:00
[2022-07-22 06:34:35,542] {processor.py:161} INFO - Processing /opt/airflow/dags/sql_branch_operator.py took 0.281 seconds
[2022-07-22 06:35:06,018] {processor.py:153} INFO - Started process (PID=697) to work on /opt/airflow/dags/sql_branch_operator.py
[2022-07-22 06:35:06,024] {processor.py:641} INFO - Processing file /opt/airflow/dags/sql_branch_operator.py for tasks to queue
[2022-07-22 06:35:06,038] {logging_mixin.py:115} INFO - [2022-07-22 06:35:06,032] {dagbag.py:507} INFO - Filling up the DagBag from /opt/airflow/dags/sql_branch_operator.py
[2022-07-22 06:35:06,200] {processor.py:651} INFO - DAG(s) dict_keys(['sql_branch_dag']) retrieved from /opt/airflow/dags/sql_branch_operator.py
[2022-07-22 06:35:06,493] {logging_mixin.py:115} INFO - [2022-07-22 06:35:06,493] {dag.py:2379} INFO - Sync 1 DAGs
[2022-07-22 06:35:06,804] {logging_mixin.py:115} INFO - [2022-07-22 06:35:06,804] {dag.py:2931} INFO - Setting next_dagrun for sql_branch_dag to 2022-07-21T00:00:00+00:00, run_after=2022-07-22T00:00:00+00:00
[2022-07-22 06:35:06,943] {processor.py:161} INFO - Processing /opt/airflow/dags/sql_branch_operator.py took 0.977 seconds
[2022-07-22 06:35:37,146] {processor.py:153} INFO - Started process (PID=731) to work on /opt/airflow/dags/sql_branch_operator.py
[2022-07-22 06:35:37,153] {processor.py:641} INFO - Processing file /opt/airflow/dags/sql_branch_operator.py for tasks to queue
[2022-07-22 06:35:37,155] {logging_mixin.py:115} INFO - [2022-07-22 06:35:37,155] {dagbag.py:507} INFO - Filling up the DagBag from /opt/airflow/dags/sql_branch_operator.py
[2022-07-22 06:35:37,209] {processor.py:651} INFO - DAG(s) dict_keys(['sql_branch_dag']) retrieved from /opt/airflow/dags/sql_branch_operator.py
[2022-07-22 06:35:37,325] {logging_mixin.py:115} INFO - [2022-07-22 06:35:37,324] {dag.py:2379} INFO - Sync 1 DAGs
[2022-07-22 06:35:37,469] {logging_mixin.py:115} INFO - [2022-07-22 06:35:37,468] {dag.py:2931} INFO - Setting next_dagrun for sql_branch_dag to 2022-07-21T00:00:00+00:00, run_after=2022-07-22T00:00:00+00:00
[2022-07-22 06:35:37,537] {processor.py:161} INFO - Processing /opt/airflow/dags/sql_branch_operator.py took 0.400 seconds
