[2022-07-22 06:14:51,300] {processor.py:153} INFO - Started process (PID=83) to work on /opt/airflow/dags/task_group.py
[2022-07-22 06:14:51,477] {processor.py:641} INFO - Processing file /opt/airflow/dags/task_group.py for tasks to queue
[2022-07-22 06:14:51,531] {logging_mixin.py:115} INFO - [2022-07-22 06:14:51,529] {dagbag.py:507} INFO - Filling up the DagBag from /opt/airflow/dags/task_group.py
[2022-07-22 06:14:51,862] {processor.py:651} INFO - DAG(s) dict_keys(['task_group']) retrieved from /opt/airflow/dags/task_group.py
[2022-07-22 06:14:52,540] {logging_mixin.py:115} INFO - [2022-07-22 06:14:52,540] {dag.py:2379} INFO - Sync 1 DAGs
[2022-07-22 06:14:53,120] {logging_mixin.py:115} INFO - [2022-07-22 06:14:53,120] {dag.py:2931} INFO - Setting next_dagrun for task_group to 2022-07-21T00:00:00+00:00, run_after=2022-07-22T00:00:00+00:00
[2022-07-22 06:14:53,453] {processor.py:161} INFO - Processing /opt/airflow/dags/task_group.py took 2.156 seconds
[2022-07-22 06:15:23,784] {processor.py:153} INFO - Started process (PID=111) to work on /opt/airflow/dags/task_group.py
[2022-07-22 06:15:23,892] {processor.py:641} INFO - Processing file /opt/airflow/dags/task_group.py for tasks to queue
[2022-07-22 06:15:23,913] {logging_mixin.py:115} INFO - [2022-07-22 06:15:23,913] {dagbag.py:507} INFO - Filling up the DagBag from /opt/airflow/dags/task_group.py
[2022-07-22 06:15:24,243] {processor.py:651} INFO - DAG(s) dict_keys(['task_group']) retrieved from /opt/airflow/dags/task_group.py
[2022-07-22 06:15:24,685] {logging_mixin.py:115} INFO - [2022-07-22 06:15:24,685] {dag.py:2379} INFO - Sync 1 DAGs
[2022-07-22 06:15:25,099] {logging_mixin.py:115} INFO - [2022-07-22 06:15:25,099] {dag.py:2931} INFO - Setting next_dagrun for task_group to 2022-07-21T00:00:00+00:00, run_after=2022-07-22T00:00:00+00:00
[2022-07-22 06:15:25,249] {processor.py:161} INFO - Processing /opt/airflow/dags/task_group.py took 1.471 seconds
[2022-07-22 06:15:55,578] {processor.py:153} INFO - Started process (PID=134) to work on /opt/airflow/dags/task_group.py
[2022-07-22 06:15:55,583] {processor.py:641} INFO - Processing file /opt/airflow/dags/task_group.py for tasks to queue
[2022-07-22 06:15:55,584] {logging_mixin.py:115} INFO - [2022-07-22 06:15:55,584] {dagbag.py:507} INFO - Filling up the DagBag from /opt/airflow/dags/task_group.py
[2022-07-22 06:15:55,642] {processor.py:651} INFO - DAG(s) dict_keys(['task_group']) retrieved from /opt/airflow/dags/task_group.py
[2022-07-22 06:15:55,741] {logging_mixin.py:115} INFO - [2022-07-22 06:15:55,741] {dag.py:2379} INFO - Sync 1 DAGs
[2022-07-22 06:15:55,839] {logging_mixin.py:115} INFO - [2022-07-22 06:15:55,834] {dag.py:2931} INFO - Setting next_dagrun for task_group to 2022-07-21T00:00:00+00:00, run_after=2022-07-22T00:00:00+00:00
[2022-07-22 06:15:55,900] {processor.py:161} INFO - Processing /opt/airflow/dags/task_group.py took 0.329 seconds
[2022-07-22 06:19:26,430] {processor.py:153} INFO - Started process (PID=75) to work on /opt/airflow/dags/task_group.py
[2022-07-22 06:19:26,447] {processor.py:641} INFO - Processing file /opt/airflow/dags/task_group.py for tasks to queue
[2022-07-22 06:19:26,452] {logging_mixin.py:115} INFO - [2022-07-22 06:19:26,452] {dagbag.py:507} INFO - Filling up the DagBag from /opt/airflow/dags/task_group.py
[2022-07-22 06:19:26,531] {processor.py:651} INFO - DAG(s) dict_keys(['task_group']) retrieved from /opt/airflow/dags/task_group.py
[2022-07-22 06:19:26,882] {logging_mixin.py:115} INFO - [2022-07-22 06:19:26,882] {dag.py:2379} INFO - Sync 1 DAGs
[2022-07-22 06:19:27,193] {logging_mixin.py:115} INFO - [2022-07-22 06:19:27,193] {dag.py:2931} INFO - Setting next_dagrun for task_group to 2022-07-21T00:00:00+00:00, run_after=2022-07-22T00:00:00+00:00
[2022-07-22 06:19:27,337] {processor.py:161} INFO - Processing /opt/airflow/dags/task_group.py took 0.918 seconds
[2022-07-22 06:19:58,260] {processor.py:153} INFO - Started process (PID=98) to work on /opt/airflow/dags/task_group.py
[2022-07-22 06:19:58,266] {processor.py:641} INFO - Processing file /opt/airflow/dags/task_group.py for tasks to queue
[2022-07-22 06:19:58,270] {logging_mixin.py:115} INFO - [2022-07-22 06:19:58,270] {dagbag.py:507} INFO - Filling up the DagBag from /opt/airflow/dags/task_group.py
[2022-07-22 06:19:58,295] {processor.py:651} INFO - DAG(s) dict_keys(['task_group']) retrieved from /opt/airflow/dags/task_group.py
[2022-07-22 06:19:58,381] {logging_mixin.py:115} INFO - [2022-07-22 06:19:58,381] {dag.py:2379} INFO - Sync 1 DAGs
[2022-07-22 06:19:58,506] {logging_mixin.py:115} INFO - [2022-07-22 06:19:58,505] {dag.py:2931} INFO - Setting next_dagrun for task_group to 2022-07-21T00:00:00+00:00, run_after=2022-07-22T00:00:00+00:00
[2022-07-22 06:19:58,613] {processor.py:161} INFO - Processing /opt/airflow/dags/task_group.py took 0.356 seconds
[2022-07-22 06:25:27,235] {processor.py:153} INFO - Started process (PID=81) to work on /opt/airflow/dags/task_group.py
[2022-07-22 06:25:27,293] {processor.py:641} INFO - Processing file /opt/airflow/dags/task_group.py for tasks to queue
[2022-07-22 06:25:27,294] {logging_mixin.py:115} INFO - [2022-07-22 06:25:27,293] {dagbag.py:507} INFO - Filling up the DagBag from /opt/airflow/dags/task_group.py
[2022-07-22 06:25:27,409] {processor.py:651} INFO - DAG(s) dict_keys(['task_group']) retrieved from /opt/airflow/dags/task_group.py
[2022-07-22 06:25:27,709] {logging_mixin.py:115} INFO - [2022-07-22 06:25:27,709] {dag.py:2379} INFO - Sync 1 DAGs
[2022-07-22 06:25:28,015] {logging_mixin.py:115} INFO - [2022-07-22 06:25:27,996] {dag.py:2931} INFO - Setting next_dagrun for task_group to 2022-07-21T00:00:00+00:00, run_after=2022-07-22T00:00:00+00:00
[2022-07-22 06:25:28,217] {processor.py:161} INFO - Processing /opt/airflow/dags/task_group.py took 1.041 seconds
[2022-07-22 06:25:58,796] {processor.py:153} INFO - Started process (PID=112) to work on /opt/airflow/dags/task_group.py
[2022-07-22 06:25:58,797] {processor.py:641} INFO - Processing file /opt/airflow/dags/task_group.py for tasks to queue
[2022-07-22 06:25:58,799] {logging_mixin.py:115} INFO - [2022-07-22 06:25:58,798] {dagbag.py:507} INFO - Filling up the DagBag from /opt/airflow/dags/task_group.py
[2022-07-22 06:25:58,825] {processor.py:651} INFO - DAG(s) dict_keys(['task_group']) retrieved from /opt/airflow/dags/task_group.py
[2022-07-22 06:25:58,901] {logging_mixin.py:115} INFO - [2022-07-22 06:25:58,901] {dag.py:2379} INFO - Sync 1 DAGs
[2022-07-22 06:25:58,987] {logging_mixin.py:115} INFO - [2022-07-22 06:25:58,987] {dag.py:2931} INFO - Setting next_dagrun for task_group to 2022-07-21T00:00:00+00:00, run_after=2022-07-22T00:00:00+00:00
[2022-07-22 06:25:59,011] {processor.py:161} INFO - Processing /opt/airflow/dags/task_group.py took 0.223 seconds
[2022-07-22 06:26:31,097] {processor.py:153} INFO - Started process (PID=149) to work on /opt/airflow/dags/task_group.py
[2022-07-22 06:26:31,102] {processor.py:641} INFO - Processing file /opt/airflow/dags/task_group.py for tasks to queue
[2022-07-22 06:26:31,106] {logging_mixin.py:115} INFO - [2022-07-22 06:26:31,106] {dagbag.py:507} INFO - Filling up the DagBag from /opt/airflow/dags/task_group.py
[2022-07-22 06:26:31,118] {processor.py:651} INFO - DAG(s) dict_keys(['task_group']) retrieved from /opt/airflow/dags/task_group.py
[2022-07-22 06:26:31,157] {logging_mixin.py:115} INFO - [2022-07-22 06:26:31,157] {dag.py:2379} INFO - Sync 1 DAGs
[2022-07-22 06:26:31,192] {logging_mixin.py:115} INFO - [2022-07-22 06:26:31,191] {dag.py:2931} INFO - Setting next_dagrun for task_group to 2022-07-21T00:00:00+00:00, run_after=2022-07-22T00:00:00+00:00
[2022-07-22 06:26:31,207] {processor.py:161} INFO - Processing /opt/airflow/dags/task_group.py took 0.114 seconds
[2022-07-22 06:27:03,565] {processor.py:153} INFO - Started process (PID=186) to work on /opt/airflow/dags/task_group.py
[2022-07-22 06:27:03,565] {processor.py:641} INFO - Processing file /opt/airflow/dags/task_group.py for tasks to queue
[2022-07-22 06:27:03,566] {logging_mixin.py:115} INFO - [2022-07-22 06:27:03,566] {dagbag.py:507} INFO - Filling up the DagBag from /opt/airflow/dags/task_group.py
[2022-07-22 06:27:03,619] {processor.py:651} INFO - DAG(s) dict_keys(['task_group']) retrieved from /opt/airflow/dags/task_group.py
[2022-07-22 06:27:03,732] {logging_mixin.py:115} INFO - [2022-07-22 06:27:03,731] {dag.py:2379} INFO - Sync 1 DAGs
[2022-07-22 06:27:03,850] {logging_mixin.py:115} INFO - [2022-07-22 06:27:03,850] {dag.py:2931} INFO - Setting next_dagrun for task_group to 2022-07-21T00:00:00+00:00, run_after=2022-07-22T00:00:00+00:00
[2022-07-22 06:27:03,945] {processor.py:161} INFO - Processing /opt/airflow/dags/task_group.py took 0.396 seconds
[2022-07-22 06:27:35,043] {processor.py:153} INFO - Started process (PID=221) to work on /opt/airflow/dags/task_group.py
[2022-07-22 06:27:35,045] {processor.py:641} INFO - Processing file /opt/airflow/dags/task_group.py for tasks to queue
[2022-07-22 06:27:35,046] {logging_mixin.py:115} INFO - [2022-07-22 06:27:35,045] {dagbag.py:507} INFO - Filling up the DagBag from /opt/airflow/dags/task_group.py
[2022-07-22 06:27:35,059] {processor.py:651} INFO - DAG(s) dict_keys(['task_group']) retrieved from /opt/airflow/dags/task_group.py
[2022-07-22 06:27:35,095] {logging_mixin.py:115} INFO - [2022-07-22 06:27:35,095] {dag.py:2379} INFO - Sync 1 DAGs
[2022-07-22 06:27:35,155] {logging_mixin.py:115} INFO - [2022-07-22 06:27:35,155] {dag.py:2931} INFO - Setting next_dagrun for task_group to 2022-07-21T00:00:00+00:00, run_after=2022-07-22T00:00:00+00:00
[2022-07-22 06:27:35,187] {processor.py:161} INFO - Processing /opt/airflow/dags/task_group.py took 0.149 seconds
[2022-07-22 06:28:06,612] {processor.py:153} INFO - Started process (PID=252) to work on /opt/airflow/dags/task_group.py
[2022-07-22 06:28:06,621] {processor.py:641} INFO - Processing file /opt/airflow/dags/task_group.py for tasks to queue
[2022-07-22 06:28:06,622] {logging_mixin.py:115} INFO - [2022-07-22 06:28:06,621] {dagbag.py:507} INFO - Filling up the DagBag from /opt/airflow/dags/task_group.py
[2022-07-22 06:28:06,678] {processor.py:651} INFO - DAG(s) dict_keys(['task_group']) retrieved from /opt/airflow/dags/task_group.py
[2022-07-22 06:28:06,765] {logging_mixin.py:115} INFO - [2022-07-22 06:28:06,765] {dag.py:2379} INFO - Sync 1 DAGs
[2022-07-22 06:28:06,854] {logging_mixin.py:115} INFO - [2022-07-22 06:28:06,854] {dag.py:2931} INFO - Setting next_dagrun for task_group to 2022-07-21T00:00:00+00:00, run_after=2022-07-22T00:00:00+00:00
[2022-07-22 06:28:06,982] {processor.py:161} INFO - Processing /opt/airflow/dags/task_group.py took 0.385 seconds
[2022-07-22 06:28:39,136] {processor.py:153} INFO - Started process (PID=294) to work on /opt/airflow/dags/task_group.py
[2022-07-22 06:28:39,136] {processor.py:641} INFO - Processing file /opt/airflow/dags/task_group.py for tasks to queue
[2022-07-22 06:28:39,142] {logging_mixin.py:115} INFO - [2022-07-22 06:28:39,142] {dagbag.py:507} INFO - Filling up the DagBag from /opt/airflow/dags/task_group.py
[2022-07-22 06:28:39,166] {processor.py:651} INFO - DAG(s) dict_keys(['task_group']) retrieved from /opt/airflow/dags/task_group.py
[2022-07-22 06:28:39,200] {logging_mixin.py:115} INFO - [2022-07-22 06:28:39,200] {dag.py:2379} INFO - Sync 1 DAGs
[2022-07-22 06:28:39,239] {logging_mixin.py:115} INFO - [2022-07-22 06:28:39,239] {dag.py:2931} INFO - Setting next_dagrun for task_group to 2022-07-21T00:00:00+00:00, run_after=2022-07-22T00:00:00+00:00
[2022-07-22 06:28:39,273] {processor.py:161} INFO - Processing /opt/airflow/dags/task_group.py took 0.142 seconds
[2022-07-22 06:29:09,900] {processor.py:153} INFO - Started process (PID=324) to work on /opt/airflow/dags/task_group.py
[2022-07-22 06:29:09,901] {processor.py:641} INFO - Processing file /opt/airflow/dags/task_group.py for tasks to queue
[2022-07-22 06:29:09,902] {logging_mixin.py:115} INFO - [2022-07-22 06:29:09,902] {dagbag.py:507} INFO - Filling up the DagBag from /opt/airflow/dags/task_group.py
[2022-07-22 06:29:09,919] {processor.py:651} INFO - DAG(s) dict_keys(['task_group']) retrieved from /opt/airflow/dags/task_group.py
[2022-07-22 06:29:09,970] {logging_mixin.py:115} INFO - [2022-07-22 06:29:09,969] {dag.py:2379} INFO - Sync 1 DAGs
[2022-07-22 06:29:10,052] {logging_mixin.py:115} INFO - [2022-07-22 06:29:10,052] {dag.py:2931} INFO - Setting next_dagrun for task_group to 2022-07-21T00:00:00+00:00, run_after=2022-07-22T00:00:00+00:00
[2022-07-22 06:29:10,137] {processor.py:161} INFO - Processing /opt/airflow/dags/task_group.py took 0.240 seconds
[2022-07-22 06:29:44,525] {processor.py:153} INFO - Started process (PID=364) to work on /opt/airflow/dags/task_group.py
[2022-07-22 06:29:44,528] {processor.py:641} INFO - Processing file /opt/airflow/dags/task_group.py for tasks to queue
[2022-07-22 06:29:44,537] {logging_mixin.py:115} INFO - [2022-07-22 06:29:44,537] {dagbag.py:507} INFO - Filling up the DagBag from /opt/airflow/dags/task_group.py
[2022-07-22 06:29:44,609] {processor.py:651} INFO - DAG(s) dict_keys(['task_group']) retrieved from /opt/airflow/dags/task_group.py
[2022-07-22 06:29:44,833] {logging_mixin.py:115} INFO - [2022-07-22 06:29:44,833] {dag.py:2379} INFO - Sync 1 DAGs
[2022-07-22 06:29:45,016] {logging_mixin.py:115} INFO - [2022-07-22 06:29:45,016] {dag.py:2931} INFO - Setting next_dagrun for task_group to 2022-07-21T00:00:00+00:00, run_after=2022-07-22T00:00:00+00:00
[2022-07-22 06:29:45,088] {processor.py:161} INFO - Processing /opt/airflow/dags/task_group.py took 0.592 seconds
[2022-07-22 06:30:15,932] {processor.py:153} INFO - Started process (PID=396) to work on /opt/airflow/dags/task_group.py
[2022-07-22 06:30:15,941] {processor.py:641} INFO - Processing file /opt/airflow/dags/task_group.py for tasks to queue
[2022-07-22 06:30:15,942] {logging_mixin.py:115} INFO - [2022-07-22 06:30:15,942] {dagbag.py:507} INFO - Filling up the DagBag from /opt/airflow/dags/task_group.py
[2022-07-22 06:30:15,977] {processor.py:651} INFO - DAG(s) dict_keys(['task_group']) retrieved from /opt/airflow/dags/task_group.py
[2022-07-22 06:30:16,049] {logging_mixin.py:115} INFO - [2022-07-22 06:30:16,049] {dag.py:2379} INFO - Sync 1 DAGs
[2022-07-22 06:30:16,125] {logging_mixin.py:115} INFO - [2022-07-22 06:30:16,125] {dag.py:2931} INFO - Setting next_dagrun for task_group to 2022-07-21T00:00:00+00:00, run_after=2022-07-22T00:00:00+00:00
[2022-07-22 06:30:16,167] {processor.py:161} INFO - Processing /opt/airflow/dags/task_group.py took 0.239 seconds
[2022-07-22 06:30:47,150] {processor.py:153} INFO - Started process (PID=426) to work on /opt/airflow/dags/task_group.py
[2022-07-22 06:30:47,150] {processor.py:641} INFO - Processing file /opt/airflow/dags/task_group.py for tasks to queue
[2022-07-22 06:30:47,151] {logging_mixin.py:115} INFO - [2022-07-22 06:30:47,151] {dagbag.py:507} INFO - Filling up the DagBag from /opt/airflow/dags/task_group.py
[2022-07-22 06:30:47,165] {processor.py:651} INFO - DAG(s) dict_keys(['task_group']) retrieved from /opt/airflow/dags/task_group.py
[2022-07-22 06:30:47,203] {logging_mixin.py:115} INFO - [2022-07-22 06:30:47,203] {dag.py:2379} INFO - Sync 1 DAGs
[2022-07-22 06:30:47,252] {logging_mixin.py:115} INFO - [2022-07-22 06:30:47,252] {dag.py:2931} INFO - Setting next_dagrun for task_group to 2022-07-21T00:00:00+00:00, run_after=2022-07-22T00:00:00+00:00
[2022-07-22 06:30:47,271] {processor.py:161} INFO - Processing /opt/airflow/dags/task_group.py took 0.125 seconds
[2022-07-22 06:31:19,394] {processor.py:153} INFO - Started process (PID=459) to work on /opt/airflow/dags/task_group.py
[2022-07-22 06:31:19,395] {processor.py:641} INFO - Processing file /opt/airflow/dags/task_group.py for tasks to queue
[2022-07-22 06:31:19,396] {logging_mixin.py:115} INFO - [2022-07-22 06:31:19,396] {dagbag.py:507} INFO - Filling up the DagBag from /opt/airflow/dags/task_group.py
[2022-07-22 06:31:19,409] {processor.py:651} INFO - DAG(s) dict_keys(['task_group']) retrieved from /opt/airflow/dags/task_group.py
[2022-07-22 06:31:19,443] {logging_mixin.py:115} INFO - [2022-07-22 06:31:19,443] {dag.py:2379} INFO - Sync 1 DAGs
[2022-07-22 06:31:19,478] {logging_mixin.py:115} INFO - [2022-07-22 06:31:19,478] {dag.py:2931} INFO - Setting next_dagrun for task_group to 2022-07-21T00:00:00+00:00, run_after=2022-07-22T00:00:00+00:00
[2022-07-22 06:31:19,502] {processor.py:161} INFO - Processing /opt/airflow/dags/task_group.py took 0.111 seconds
[2022-07-22 06:31:53,864] {processor.py:153} INFO - Started process (PID=504) to work on /opt/airflow/dags/task_group.py
[2022-07-22 06:31:53,871] {processor.py:641} INFO - Processing file /opt/airflow/dags/task_group.py for tasks to queue
[2022-07-22 06:31:53,872] {logging_mixin.py:115} INFO - [2022-07-22 06:31:53,872] {dagbag.py:507} INFO - Filling up the DagBag from /opt/airflow/dags/task_group.py
[2022-07-22 06:31:53,951] {processor.py:651} INFO - DAG(s) dict_keys(['task_group']) retrieved from /opt/airflow/dags/task_group.py
[2022-07-22 06:31:54,157] {logging_mixin.py:115} INFO - [2022-07-22 06:31:54,157] {dag.py:2379} INFO - Sync 1 DAGs
[2022-07-22 06:31:54,383] {logging_mixin.py:115} INFO - [2022-07-22 06:31:54,383] {dag.py:2931} INFO - Setting next_dagrun for task_group to 2022-07-21T00:00:00+00:00, run_after=2022-07-22T00:00:00+00:00
[2022-07-22 06:31:54,521] {processor.py:161} INFO - Processing /opt/airflow/dags/task_group.py took 0.682 seconds
[2022-07-22 06:32:27,811] {processor.py:153} INFO - Started process (PID=534) to work on /opt/airflow/dags/task_group.py
[2022-07-22 06:32:27,841] {processor.py:641} INFO - Processing file /opt/airflow/dags/task_group.py for tasks to queue
[2022-07-22 06:32:27,841] {logging_mixin.py:115} INFO - [2022-07-22 06:32:27,841] {dagbag.py:507} INFO - Filling up the DagBag from /opt/airflow/dags/task_group.py
[2022-07-22 06:32:27,934] {processor.py:651} INFO - DAG(s) dict_keys(['task_group']) retrieved from /opt/airflow/dags/task_group.py
[2022-07-22 06:32:28,151] {logging_mixin.py:115} INFO - [2022-07-22 06:32:28,151] {dag.py:2379} INFO - Sync 1 DAGs
[2022-07-22 06:32:28,345] {logging_mixin.py:115} INFO - [2022-07-22 06:32:28,345] {dag.py:2931} INFO - Setting next_dagrun for task_group to 2022-07-21T00:00:00+00:00, run_after=2022-07-22T00:00:00+00:00
[2022-07-22 06:32:28,397] {processor.py:161} INFO - Processing /opt/airflow/dags/task_group.py took 0.634 seconds
[2022-07-22 06:32:59,088] {processor.py:153} INFO - Started process (PID=563) to work on /opt/airflow/dags/task_group.py
[2022-07-22 06:32:59,096] {processor.py:641} INFO - Processing file /opt/airflow/dags/task_group.py for tasks to queue
[2022-07-22 06:32:59,097] {logging_mixin.py:115} INFO - [2022-07-22 06:32:59,097] {dagbag.py:507} INFO - Filling up the DagBag from /opt/airflow/dags/task_group.py
[2022-07-22 06:32:59,123] {processor.py:651} INFO - DAG(s) dict_keys(['task_group']) retrieved from /opt/airflow/dags/task_group.py
[2022-07-22 06:32:59,221] {logging_mixin.py:115} INFO - [2022-07-22 06:32:59,221] {dag.py:2379} INFO - Sync 1 DAGs
[2022-07-22 06:32:59,321] {logging_mixin.py:115} INFO - [2022-07-22 06:32:59,321] {dag.py:2931} INFO - Setting next_dagrun for task_group to 2022-07-21T00:00:00+00:00, run_after=2022-07-22T00:00:00+00:00
[2022-07-22 06:32:59,370] {processor.py:161} INFO - Processing /opt/airflow/dags/task_group.py took 0.286 seconds
[2022-07-22 06:33:30,725] {processor.py:153} INFO - Started process (PID=593) to work on /opt/airflow/dags/task_group.py
[2022-07-22 06:33:30,730] {processor.py:641} INFO - Processing file /opt/airflow/dags/task_group.py for tasks to queue
[2022-07-22 06:33:30,733] {logging_mixin.py:115} INFO - [2022-07-22 06:33:30,733] {dagbag.py:507} INFO - Filling up the DagBag from /opt/airflow/dags/task_group.py
[2022-07-22 06:33:30,789] {processor.py:651} INFO - DAG(s) dict_keys(['task_group']) retrieved from /opt/airflow/dags/task_group.py
[2022-07-22 06:33:31,014] {logging_mixin.py:115} INFO - [2022-07-22 06:33:31,014] {dag.py:2379} INFO - Sync 1 DAGs
[2022-07-22 06:33:31,238] {logging_mixin.py:115} INFO - [2022-07-22 06:33:31,238] {dag.py:2931} INFO - Setting next_dagrun for task_group to 2022-07-21T00:00:00+00:00, run_after=2022-07-22T00:00:00+00:00
[2022-07-22 06:33:31,317] {processor.py:161} INFO - Processing /opt/airflow/dags/task_group.py took 0.624 seconds
[2022-07-22 06:34:02,049] {processor.py:153} INFO - Started process (PID=623) to work on /opt/airflow/dags/task_group.py
[2022-07-22 06:34:02,053] {processor.py:641} INFO - Processing file /opt/airflow/dags/task_group.py for tasks to queue
[2022-07-22 06:34:02,055] {logging_mixin.py:115} INFO - [2022-07-22 06:34:02,055] {dagbag.py:507} INFO - Filling up the DagBag from /opt/airflow/dags/task_group.py
[2022-07-22 06:34:02,080] {processor.py:651} INFO - DAG(s) dict_keys(['task_group']) retrieved from /opt/airflow/dags/task_group.py
[2022-07-22 06:34:02,126] {logging_mixin.py:115} INFO - [2022-07-22 06:34:02,126] {dag.py:2379} INFO - Sync 1 DAGs
[2022-07-22 06:34:02,172] {logging_mixin.py:115} INFO - [2022-07-22 06:34:02,172] {dag.py:2931} INFO - Setting next_dagrun for task_group to 2022-07-21T00:00:00+00:00, run_after=2022-07-22T00:00:00+00:00
[2022-07-22 06:34:02,193] {processor.py:161} INFO - Processing /opt/airflow/dags/task_group.py took 0.148 seconds
[2022-07-22 06:34:32,377] {processor.py:153} INFO - Started process (PID=655) to work on /opt/airflow/dags/task_group.py
[2022-07-22 06:34:32,378] {processor.py:641} INFO - Processing file /opt/airflow/dags/task_group.py for tasks to queue
[2022-07-22 06:34:32,379] {logging_mixin.py:115} INFO - [2022-07-22 06:34:32,379] {dagbag.py:507} INFO - Filling up the DagBag from /opt/airflow/dags/task_group.py
[2022-07-22 06:34:32,395] {processor.py:651} INFO - DAG(s) dict_keys(['task_group']) retrieved from /opt/airflow/dags/task_group.py
[2022-07-22 06:34:32,448] {logging_mixin.py:115} INFO - [2022-07-22 06:34:32,448] {dag.py:2379} INFO - Sync 1 DAGs
[2022-07-22 06:34:32,498] {logging_mixin.py:115} INFO - [2022-07-22 06:34:32,498] {dag.py:2931} INFO - Setting next_dagrun for task_group to 2022-07-21T00:00:00+00:00, run_after=2022-07-22T00:00:00+00:00
[2022-07-22 06:34:32,525] {processor.py:161} INFO - Processing /opt/airflow/dags/task_group.py took 0.152 seconds
[2022-07-22 06:35:03,178] {processor.py:153} INFO - Started process (PID=686) to work on /opt/airflow/dags/task_group.py
[2022-07-22 06:35:03,180] {processor.py:641} INFO - Processing file /opt/airflow/dags/task_group.py for tasks to queue
[2022-07-22 06:35:03,182] {logging_mixin.py:115} INFO - [2022-07-22 06:35:03,181] {dagbag.py:507} INFO - Filling up the DagBag from /opt/airflow/dags/task_group.py
[2022-07-22 06:35:03,212] {processor.py:651} INFO - DAG(s) dict_keys(['task_group']) retrieved from /opt/airflow/dags/task_group.py
[2022-07-22 06:35:03,293] {logging_mixin.py:115} INFO - [2022-07-22 06:35:03,293] {dag.py:2379} INFO - Sync 1 DAGs
[2022-07-22 06:35:03,374] {logging_mixin.py:115} INFO - [2022-07-22 06:35:03,374] {dag.py:2931} INFO - Setting next_dagrun for task_group to 2022-07-21T00:00:00+00:00, run_after=2022-07-22T00:00:00+00:00
[2022-07-22 06:35:03,404] {processor.py:161} INFO - Processing /opt/airflow/dags/task_group.py took 0.238 seconds
[2022-07-22 06:35:33,866] {processor.py:153} INFO - Started process (PID=723) to work on /opt/airflow/dags/task_group.py
[2022-07-22 06:35:33,868] {processor.py:641} INFO - Processing file /opt/airflow/dags/task_group.py for tasks to queue
[2022-07-22 06:35:33,873] {logging_mixin.py:115} INFO - [2022-07-22 06:35:33,873] {dagbag.py:507} INFO - Filling up the DagBag from /opt/airflow/dags/task_group.py
[2022-07-22 06:35:33,959] {processor.py:651} INFO - DAG(s) dict_keys(['task_group']) retrieved from /opt/airflow/dags/task_group.py
[2022-07-22 06:35:34,193] {logging_mixin.py:115} INFO - [2022-07-22 06:35:34,193] {dag.py:2379} INFO - Sync 1 DAGs
[2022-07-22 06:35:34,402] {logging_mixin.py:115} INFO - [2022-07-22 06:35:34,402] {dag.py:2931} INFO - Setting next_dagrun for task_group to 2022-07-21T00:00:00+00:00, run_after=2022-07-22T00:00:00+00:00
[2022-07-22 06:35:34,497] {processor.py:161} INFO - Processing /opt/airflow/dags/task_group.py took 0.660 seconds
