[2022-07-22 06:14:19,852] {processor.py:153} INFO - Started process (PID=64) to work on /opt/airflow/dags/trigger_rules2.py
[2022-07-22 06:14:19,951] {processor.py:641} INFO - Processing file /opt/airflow/dags/trigger_rules2.py for tasks to queue
[2022-07-22 06:14:19,963] {logging_mixin.py:115} INFO - [2022-07-22 06:14:19,963] {dagbag.py:507} INFO - Filling up the DagBag from /opt/airflow/dags/trigger_rules2.py
[2022-07-22 06:14:20,498] {logging_mixin.py:115} WARNING - /home/airflow/.local/lib/python3.7/site-packages/airflow/models/baseoperator.py:390 DeprecationWarning: none_failed_or_skipped Trigger Rule is deprecated. Please use `none_failed_min_one_success`.
[2022-07-22 06:14:20,525] {processor.py:651} INFO - DAG(s) dict_keys(['branch_operator_trigger_rules']) retrieved from /opt/airflow/dags/trigger_rules2.py
[2022-07-22 06:14:21,446] {logging_mixin.py:115} INFO - [2022-07-22 06:14:21,446] {dag.py:2379} INFO - Sync 1 DAGs
[2022-07-22 06:14:22,079] {logging_mixin.py:115} INFO - [2022-07-22 06:14:22,079] {dag.py:2931} INFO - Setting next_dagrun for branch_operator_trigger_rules to 2022-07-21T00:00:00+00:00, run_after=2022-07-22T00:00:00+00:00
[2022-07-22 06:14:22,345] {processor.py:161} INFO - Processing /opt/airflow/dags/trigger_rules2.py took 2.496 seconds
[2022-07-22 06:14:56,133] {processor.py:153} INFO - Started process (PID=88) to work on /opt/airflow/dags/trigger_rules2.py
[2022-07-22 06:14:56,134] {processor.py:641} INFO - Processing file /opt/airflow/dags/trigger_rules2.py for tasks to queue
[2022-07-22 06:14:56,135] {logging_mixin.py:115} INFO - [2022-07-22 06:14:56,135] {dagbag.py:507} INFO - Filling up the DagBag from /opt/airflow/dags/trigger_rules2.py
[2022-07-22 06:14:56,380] {logging_mixin.py:115} WARNING - /home/airflow/.local/lib/python3.7/site-packages/airflow/models/baseoperator.py:390 DeprecationWarning: none_failed_or_skipped Trigger Rule is deprecated. Please use `none_failed_min_one_success`.
[2022-07-22 06:14:56,422] {processor.py:651} INFO - DAG(s) dict_keys(['branch_operator_trigger_rules']) retrieved from /opt/airflow/dags/trigger_rules2.py
[2022-07-22 06:14:57,179] {logging_mixin.py:115} INFO - [2022-07-22 06:14:57,179] {dag.py:2379} INFO - Sync 1 DAGs
[2022-07-22 06:14:57,903] {logging_mixin.py:115} INFO - [2022-07-22 06:14:57,903] {dag.py:2931} INFO - Setting next_dagrun for branch_operator_trigger_rules to 2022-07-21T00:00:00+00:00, run_after=2022-07-22T00:00:00+00:00
[2022-07-22 06:14:58,660] {processor.py:161} INFO - Processing /opt/airflow/dags/trigger_rules2.py took 2.571 seconds
[2022-07-22 06:15:30,045] {processor.py:153} INFO - Started process (PID=118) to work on /opt/airflow/dags/trigger_rules2.py
[2022-07-22 06:15:30,069] {processor.py:641} INFO - Processing file /opt/airflow/dags/trigger_rules2.py for tasks to queue
[2022-07-22 06:15:30,073] {logging_mixin.py:115} INFO - [2022-07-22 06:15:30,072] {dagbag.py:507} INFO - Filling up the DagBag from /opt/airflow/dags/trigger_rules2.py
[2022-07-22 06:15:30,358] {logging_mixin.py:115} WARNING - /home/airflow/.local/lib/python3.7/site-packages/airflow/models/baseoperator.py:390 DeprecationWarning: none_failed_or_skipped Trigger Rule is deprecated. Please use `none_failed_min_one_success`.
[2022-07-22 06:15:30,372] {processor.py:651} INFO - DAG(s) dict_keys(['branch_operator_trigger_rules']) retrieved from /opt/airflow/dags/trigger_rules2.py
[2022-07-22 06:15:30,581] {logging_mixin.py:115} INFO - [2022-07-22 06:15:30,581] {dag.py:2379} INFO - Sync 1 DAGs
[2022-07-22 06:15:30,810] {logging_mixin.py:115} INFO - [2022-07-22 06:15:30,810] {dag.py:2931} INFO - Setting next_dagrun for branch_operator_trigger_rules to 2022-07-21T00:00:00+00:00, run_after=2022-07-22T00:00:00+00:00
[2022-07-22 06:15:30,937] {processor.py:161} INFO - Processing /opt/airflow/dags/trigger_rules2.py took 0.937 seconds
[2022-07-22 06:16:01,088] {processor.py:153} INFO - Started process (PID=149) to work on /opt/airflow/dags/trigger_rules2.py
[2022-07-22 06:16:01,146] {processor.py:641} INFO - Processing file /opt/airflow/dags/trigger_rules2.py for tasks to queue
[2022-07-22 06:16:01,153] {logging_mixin.py:115} INFO - [2022-07-22 06:16:01,153] {dagbag.py:507} INFO - Filling up the DagBag from /opt/airflow/dags/trigger_rules2.py
[2022-07-22 06:16:01,328] {logging_mixin.py:115} WARNING - /home/airflow/.local/lib/python3.7/site-packages/airflow/models/baseoperator.py:390 DeprecationWarning: none_failed_or_skipped Trigger Rule is deprecated. Please use `none_failed_min_one_success`.
[2022-07-22 06:16:01,366] {processor.py:651} INFO - DAG(s) dict_keys(['branch_operator_trigger_rules']) retrieved from /opt/airflow/dags/trigger_rules2.py
[2022-07-22 06:16:01,678] {logging_mixin.py:115} INFO - [2022-07-22 06:16:01,678] {dag.py:2379} INFO - Sync 1 DAGs
[2022-07-22 06:16:01,980] {logging_mixin.py:115} INFO - [2022-07-22 06:16:01,979] {dag.py:2931} INFO - Setting next_dagrun for branch_operator_trigger_rules to 2022-07-21T00:00:00+00:00, run_after=2022-07-22T00:00:00+00:00
[2022-07-22 06:16:02,194] {processor.py:161} INFO - Processing /opt/airflow/dags/trigger_rules2.py took 1.114 seconds
[2022-07-22 06:19:15,095] {processor.py:153} INFO - Started process (PID=59) to work on /opt/airflow/dags/trigger_rules2.py
[2022-07-22 06:19:15,103] {processor.py:641} INFO - Processing file /opt/airflow/dags/trigger_rules2.py for tasks to queue
[2022-07-22 06:19:15,121] {logging_mixin.py:115} INFO - [2022-07-22 06:19:15,121] {dagbag.py:507} INFO - Filling up the DagBag from /opt/airflow/dags/trigger_rules2.py
[2022-07-22 06:19:15,263] {logging_mixin.py:115} WARNING - /home/airflow/.local/lib/python3.7/site-packages/airflow/models/baseoperator.py:390 DeprecationWarning: none_failed_or_skipped Trigger Rule is deprecated. Please use `none_failed_min_one_success`.
[2022-07-22 06:19:15,282] {processor.py:651} INFO - DAG(s) dict_keys(['branch_operator_trigger_rules']) retrieved from /opt/airflow/dags/trigger_rules2.py
[2022-07-22 06:19:15,429] {logging_mixin.py:115} INFO - [2022-07-22 06:19:15,429] {dag.py:2379} INFO - Sync 1 DAGs
[2022-07-22 06:19:15,588] {logging_mixin.py:115} INFO - [2022-07-22 06:19:15,587] {dag.py:2931} INFO - Setting next_dagrun for branch_operator_trigger_rules to 2022-07-21T00:00:00+00:00, run_after=2022-07-22T00:00:00+00:00
[2022-07-22 06:19:15,661] {processor.py:161} INFO - Processing /opt/airflow/dags/trigger_rules2.py took 0.618 seconds
[2022-07-22 06:19:45,801] {processor.py:153} INFO - Started process (PID=88) to work on /opt/airflow/dags/trigger_rules2.py
[2022-07-22 06:19:45,813] {processor.py:641} INFO - Processing file /opt/airflow/dags/trigger_rules2.py for tasks to queue
[2022-07-22 06:19:45,819] {logging_mixin.py:115} INFO - [2022-07-22 06:19:45,819] {dagbag.py:507} INFO - Filling up the DagBag from /opt/airflow/dags/trigger_rules2.py
[2022-07-22 06:19:45,883] {logging_mixin.py:115} WARNING - /home/airflow/.local/lib/python3.7/site-packages/airflow/models/baseoperator.py:390 DeprecationWarning: none_failed_or_skipped Trigger Rule is deprecated. Please use `none_failed_min_one_success`.
[2022-07-22 06:19:45,902] {processor.py:651} INFO - DAG(s) dict_keys(['branch_operator_trigger_rules']) retrieved from /opt/airflow/dags/trigger_rules2.py
[2022-07-22 06:19:46,053] {logging_mixin.py:115} INFO - [2022-07-22 06:19:46,053] {dag.py:2379} INFO - Sync 1 DAGs
[2022-07-22 06:19:46,192] {logging_mixin.py:115} INFO - [2022-07-22 06:19:46,192] {dag.py:2931} INFO - Setting next_dagrun for branch_operator_trigger_rules to 2022-07-21T00:00:00+00:00, run_after=2022-07-22T00:00:00+00:00
[2022-07-22 06:19:46,301] {processor.py:161} INFO - Processing /opt/airflow/dags/trigger_rules2.py took 0.504 seconds
[2022-07-22 06:25:17,141] {processor.py:153} INFO - Started process (PID=66) to work on /opt/airflow/dags/trigger_rules2.py
[2022-07-22 06:25:17,145] {processor.py:641} INFO - Processing file /opt/airflow/dags/trigger_rules2.py for tasks to queue
[2022-07-22 06:25:17,146] {logging_mixin.py:115} INFO - [2022-07-22 06:25:17,146] {dagbag.py:507} INFO - Filling up the DagBag from /opt/airflow/dags/trigger_rules2.py
[2022-07-22 06:25:17,299] {logging_mixin.py:115} WARNING - /home/airflow/.local/lib/python3.7/site-packages/airflow/models/baseoperator.py:390 DeprecationWarning: none_failed_or_skipped Trigger Rule is deprecated. Please use `none_failed_min_one_success`.
[2022-07-22 06:25:17,319] {processor.py:651} INFO - DAG(s) dict_keys(['branch_operator_trigger_rules']) retrieved from /opt/airflow/dags/trigger_rules2.py
[2022-07-22 06:25:17,517] {logging_mixin.py:115} INFO - [2022-07-22 06:25:17,517] {dag.py:2379} INFO - Sync 1 DAGs
[2022-07-22 06:25:17,676] {logging_mixin.py:115} INFO - [2022-07-22 06:25:17,676] {dag.py:2931} INFO - Setting next_dagrun for branch_operator_trigger_rules to 2022-07-21T00:00:00+00:00, run_after=2022-07-22T00:00:00+00:00
[2022-07-22 06:25:17,753] {processor.py:161} INFO - Processing /opt/airflow/dags/trigger_rules2.py took 0.697 seconds
[2022-07-22 06:25:48,439] {processor.py:153} INFO - Started process (PID=95) to work on /opt/airflow/dags/trigger_rules2.py
[2022-07-22 06:25:48,440] {processor.py:641} INFO - Processing file /opt/airflow/dags/trigger_rules2.py for tasks to queue
[2022-07-22 06:25:48,442] {logging_mixin.py:115} INFO - [2022-07-22 06:25:48,442] {dagbag.py:507} INFO - Filling up the DagBag from /opt/airflow/dags/trigger_rules2.py
[2022-07-22 06:25:48,487] {logging_mixin.py:115} WARNING - /home/airflow/.local/lib/python3.7/site-packages/airflow/models/baseoperator.py:390 DeprecationWarning: none_failed_or_skipped Trigger Rule is deprecated. Please use `none_failed_min_one_success`.
[2022-07-22 06:25:48,488] {processor.py:651} INFO - DAG(s) dict_keys(['branch_operator_trigger_rules']) retrieved from /opt/airflow/dags/trigger_rules2.py
[2022-07-22 06:25:48,545] {logging_mixin.py:115} INFO - [2022-07-22 06:25:48,545] {dag.py:2379} INFO - Sync 1 DAGs
[2022-07-22 06:25:48,705] {logging_mixin.py:115} INFO - [2022-07-22 06:25:48,705] {dag.py:2931} INFO - Setting next_dagrun for branch_operator_trigger_rules to 2022-07-21T00:00:00+00:00, run_after=2022-07-22T00:00:00+00:00
[2022-07-22 06:25:48,807] {processor.py:161} INFO - Processing /opt/airflow/dags/trigger_rules2.py took 0.376 seconds
[2022-07-22 06:26:19,095] {processor.py:153} INFO - Started process (PID=125) to work on /opt/airflow/dags/trigger_rules2.py
[2022-07-22 06:26:19,096] {processor.py:641} INFO - Processing file /opt/airflow/dags/trigger_rules2.py for tasks to queue
[2022-07-22 06:26:19,097] {logging_mixin.py:115} INFO - [2022-07-22 06:26:19,097] {dagbag.py:507} INFO - Filling up the DagBag from /opt/airflow/dags/trigger_rules2.py
[2022-07-22 06:26:19,122] {logging_mixin.py:115} WARNING - /home/airflow/.local/lib/python3.7/site-packages/airflow/models/baseoperator.py:390 DeprecationWarning: none_failed_or_skipped Trigger Rule is deprecated. Please use `none_failed_min_one_success`.
[2022-07-22 06:26:19,124] {processor.py:651} INFO - DAG(s) dict_keys(['branch_operator_trigger_rules']) retrieved from /opt/airflow/dags/trigger_rules2.py
[2022-07-22 06:26:19,179] {logging_mixin.py:115} INFO - [2022-07-22 06:26:19,177] {dag.py:2379} INFO - Sync 1 DAGs
[2022-07-22 06:26:19,246] {logging_mixin.py:115} INFO - [2022-07-22 06:26:19,246] {dag.py:2931} INFO - Setting next_dagrun for branch_operator_trigger_rules to 2022-07-21T00:00:00+00:00, run_after=2022-07-22T00:00:00+00:00
[2022-07-22 06:26:19,273] {processor.py:161} INFO - Processing /opt/airflow/dags/trigger_rules2.py took 0.184 seconds
[2022-07-22 06:26:49,420] {processor.py:153} INFO - Started process (PID=166) to work on /opt/airflow/dags/trigger_rules2.py
[2022-07-22 06:26:49,421] {processor.py:641} INFO - Processing file /opt/airflow/dags/trigger_rules2.py for tasks to queue
[2022-07-22 06:26:49,422] {logging_mixin.py:115} INFO - [2022-07-22 06:26:49,422] {dagbag.py:507} INFO - Filling up the DagBag from /opt/airflow/dags/trigger_rules2.py
[2022-07-22 06:26:49,479] {logging_mixin.py:115} WARNING - /home/airflow/.local/lib/python3.7/site-packages/airflow/models/baseoperator.py:390 DeprecationWarning: none_failed_or_skipped Trigger Rule is deprecated. Please use `none_failed_min_one_success`.
[2022-07-22 06:26:49,483] {processor.py:651} INFO - DAG(s) dict_keys(['branch_operator_trigger_rules']) retrieved from /opt/airflow/dags/trigger_rules2.py
[2022-07-22 06:26:49,587] {logging_mixin.py:115} INFO - [2022-07-22 06:26:49,587] {dag.py:2379} INFO - Sync 1 DAGs
[2022-07-22 06:26:49,679] {logging_mixin.py:115} INFO - [2022-07-22 06:26:49,679] {dag.py:2931} INFO - Setting next_dagrun for branch_operator_trigger_rules to 2022-07-21T00:00:00+00:00, run_after=2022-07-22T00:00:00+00:00
[2022-07-22 06:26:49,721] {processor.py:161} INFO - Processing /opt/airflow/dags/trigger_rules2.py took 0.315 seconds
[2022-07-22 06:27:20,165] {processor.py:153} INFO - Started process (PID=200) to work on /opt/airflow/dags/trigger_rules2.py
[2022-07-22 06:27:20,174] {processor.py:641} INFO - Processing file /opt/airflow/dags/trigger_rules2.py for tasks to queue
[2022-07-22 06:27:20,179] {logging_mixin.py:115} INFO - [2022-07-22 06:27:20,177] {dagbag.py:507} INFO - Filling up the DagBag from /opt/airflow/dags/trigger_rules2.py
[2022-07-22 06:27:20,251] {logging_mixin.py:115} WARNING - /home/airflow/.local/lib/python3.7/site-packages/airflow/models/baseoperator.py:390 DeprecationWarning: none_failed_or_skipped Trigger Rule is deprecated. Please use `none_failed_min_one_success`.
[2022-07-22 06:27:20,264] {processor.py:651} INFO - DAG(s) dict_keys(['branch_operator_trigger_rules']) retrieved from /opt/airflow/dags/trigger_rules2.py
[2022-07-22 06:27:20,489] {logging_mixin.py:115} INFO - [2022-07-22 06:27:20,489] {dag.py:2379} INFO - Sync 1 DAGs
[2022-07-22 06:27:20,604] {logging_mixin.py:115} INFO - [2022-07-22 06:27:20,603] {dag.py:2931} INFO - Setting next_dagrun for branch_operator_trigger_rules to 2022-07-21T00:00:00+00:00, run_after=2022-07-22T00:00:00+00:00
[2022-07-22 06:27:20,740] {processor.py:161} INFO - Processing /opt/airflow/dags/trigger_rules2.py took 0.590 seconds
[2022-07-22 06:27:51,370] {processor.py:153} INFO - Started process (PID=233) to work on /opt/airflow/dags/trigger_rules2.py
[2022-07-22 06:27:51,373] {processor.py:641} INFO - Processing file /opt/airflow/dags/trigger_rules2.py for tasks to queue
[2022-07-22 06:27:51,374] {logging_mixin.py:115} INFO - [2022-07-22 06:27:51,374] {dagbag.py:507} INFO - Filling up the DagBag from /opt/airflow/dags/trigger_rules2.py
[2022-07-22 06:27:51,441] {logging_mixin.py:115} WARNING - /home/airflow/.local/lib/python3.7/site-packages/airflow/models/baseoperator.py:390 DeprecationWarning: none_failed_or_skipped Trigger Rule is deprecated. Please use `none_failed_min_one_success`.
[2022-07-22 06:27:51,442] {processor.py:651} INFO - DAG(s) dict_keys(['branch_operator_trigger_rules']) retrieved from /opt/airflow/dags/trigger_rules2.py
[2022-07-22 06:27:51,565] {logging_mixin.py:115} INFO - [2022-07-22 06:27:51,565] {dag.py:2379} INFO - Sync 1 DAGs
[2022-07-22 06:27:51,650] {logging_mixin.py:115} INFO - [2022-07-22 06:27:51,649] {dag.py:2931} INFO - Setting next_dagrun for branch_operator_trigger_rules to 2022-07-21T00:00:00+00:00, run_after=2022-07-22T00:00:00+00:00
[2022-07-22 06:27:51,739] {processor.py:161} INFO - Processing /opt/airflow/dags/trigger_rules2.py took 0.381 seconds
[2022-07-22 06:28:22,336] {processor.py:153} INFO - Started process (PID=273) to work on /opt/airflow/dags/trigger_rules2.py
[2022-07-22 06:28:22,347] {processor.py:641} INFO - Processing file /opt/airflow/dags/trigger_rules2.py for tasks to queue
[2022-07-22 06:28:22,349] {logging_mixin.py:115} INFO - [2022-07-22 06:28:22,349] {dagbag.py:507} INFO - Filling up the DagBag from /opt/airflow/dags/trigger_rules2.py
[2022-07-22 06:28:22,401] {logging_mixin.py:115} WARNING - /home/airflow/.local/lib/python3.7/site-packages/airflow/models/baseoperator.py:390 DeprecationWarning: none_failed_or_skipped Trigger Rule is deprecated. Please use `none_failed_min_one_success`.
[2022-07-22 06:28:22,405] {processor.py:651} INFO - DAG(s) dict_keys(['branch_operator_trigger_rules']) retrieved from /opt/airflow/dags/trigger_rules2.py
[2022-07-22 06:28:22,459] {logging_mixin.py:115} INFO - [2022-07-22 06:28:22,453] {dag.py:2379} INFO - Sync 1 DAGs
[2022-07-22 06:28:22,533] {logging_mixin.py:115} INFO - [2022-07-22 06:28:22,533] {dag.py:2931} INFO - Setting next_dagrun for branch_operator_trigger_rules to 2022-07-21T00:00:00+00:00, run_after=2022-07-22T00:00:00+00:00
[2022-07-22 06:28:22,580] {processor.py:161} INFO - Processing /opt/airflow/dags/trigger_rules2.py took 0.247 seconds
[2022-07-22 06:28:53,476] {processor.py:153} INFO - Started process (PID=305) to work on /opt/airflow/dags/trigger_rules2.py
[2022-07-22 06:28:53,479] {processor.py:641} INFO - Processing file /opt/airflow/dags/trigger_rules2.py for tasks to queue
[2022-07-22 06:28:53,481] {logging_mixin.py:115} INFO - [2022-07-22 06:28:53,481] {dagbag.py:507} INFO - Filling up the DagBag from /opt/airflow/dags/trigger_rules2.py
[2022-07-22 06:28:53,506] {logging_mixin.py:115} WARNING - /home/airflow/.local/lib/python3.7/site-packages/airflow/models/baseoperator.py:390 DeprecationWarning: none_failed_or_skipped Trigger Rule is deprecated. Please use `none_failed_min_one_success`.
[2022-07-22 06:28:53,508] {processor.py:651} INFO - DAG(s) dict_keys(['branch_operator_trigger_rules']) retrieved from /opt/airflow/dags/trigger_rules2.py
[2022-07-22 06:28:53,547] {logging_mixin.py:115} INFO - [2022-07-22 06:28:53,547] {dag.py:2379} INFO - Sync 1 DAGs
[2022-07-22 06:28:53,590] {logging_mixin.py:115} INFO - [2022-07-22 06:28:53,590] {dag.py:2931} INFO - Setting next_dagrun for branch_operator_trigger_rules to 2022-07-21T00:00:00+00:00, run_after=2022-07-22T00:00:00+00:00
[2022-07-22 06:28:53,615] {processor.py:161} INFO - Processing /opt/airflow/dags/trigger_rules2.py took 0.143 seconds
[2022-07-22 06:29:24,212] {processor.py:153} INFO - Started process (PID=335) to work on /opt/airflow/dags/trigger_rules2.py
[2022-07-22 06:29:24,220] {processor.py:641} INFO - Processing file /opt/airflow/dags/trigger_rules2.py for tasks to queue
[2022-07-22 06:29:24,221] {logging_mixin.py:115} INFO - [2022-07-22 06:29:24,221] {dagbag.py:507} INFO - Filling up the DagBag from /opt/airflow/dags/trigger_rules2.py
[2022-07-22 06:29:24,261] {logging_mixin.py:115} WARNING - /home/airflow/.local/lib/python3.7/site-packages/airflow/models/baseoperator.py:390 DeprecationWarning: none_failed_or_skipped Trigger Rule is deprecated. Please use `none_failed_min_one_success`.
[2022-07-22 06:29:24,263] {processor.py:651} INFO - DAG(s) dict_keys(['branch_operator_trigger_rules']) retrieved from /opt/airflow/dags/trigger_rules2.py
[2022-07-22 06:29:24,297] {logging_mixin.py:115} INFO - [2022-07-22 06:29:24,297] {dag.py:2379} INFO - Sync 1 DAGs
[2022-07-22 06:29:24,402] {logging_mixin.py:115} INFO - [2022-07-22 06:29:24,402] {dag.py:2931} INFO - Setting next_dagrun for branch_operator_trigger_rules to 2022-07-21T00:00:00+00:00, run_after=2022-07-22T00:00:00+00:00
[2022-07-22 06:29:24,465] {processor.py:161} INFO - Processing /opt/airflow/dags/trigger_rules2.py took 0.256 seconds
[2022-07-22 06:29:55,262] {processor.py:153} INFO - Started process (PID=367) to work on /opt/airflow/dags/trigger_rules2.py
[2022-07-22 06:29:55,265] {processor.py:641} INFO - Processing file /opt/airflow/dags/trigger_rules2.py for tasks to queue
[2022-07-22 06:29:55,266] {logging_mixin.py:115} INFO - [2022-07-22 06:29:55,265] {dagbag.py:507} INFO - Filling up the DagBag from /opt/airflow/dags/trigger_rules2.py
[2022-07-22 06:29:55,334] {logging_mixin.py:115} WARNING - /home/airflow/.local/lib/python3.7/site-packages/airflow/models/baseoperator.py:390 DeprecationWarning: none_failed_or_skipped Trigger Rule is deprecated. Please use `none_failed_min_one_success`.
[2022-07-22 06:29:55,338] {processor.py:651} INFO - DAG(s) dict_keys(['branch_operator_trigger_rules']) retrieved from /opt/airflow/dags/trigger_rules2.py
[2022-07-22 06:29:55,421] {logging_mixin.py:115} INFO - [2022-07-22 06:29:55,420] {dag.py:2379} INFO - Sync 1 DAGs
[2022-07-22 06:29:55,493] {logging_mixin.py:115} INFO - [2022-07-22 06:29:55,493] {dag.py:2931} INFO - Setting next_dagrun for branch_operator_trigger_rules to 2022-07-21T00:00:00+00:00, run_after=2022-07-22T00:00:00+00:00
[2022-07-22 06:29:55,530] {processor.py:161} INFO - Processing /opt/airflow/dags/trigger_rules2.py took 0.276 seconds
[2022-07-22 06:30:26,412] {processor.py:153} INFO - Started process (PID=407) to work on /opt/airflow/dags/trigger_rules2.py
[2022-07-22 06:30:26,413] {processor.py:641} INFO - Processing file /opt/airflow/dags/trigger_rules2.py for tasks to queue
[2022-07-22 06:30:26,414] {logging_mixin.py:115} INFO - [2022-07-22 06:30:26,414] {dagbag.py:507} INFO - Filling up the DagBag from /opt/airflow/dags/trigger_rules2.py
[2022-07-22 06:30:26,455] {logging_mixin.py:115} WARNING - /home/airflow/.local/lib/python3.7/site-packages/airflow/models/baseoperator.py:390 DeprecationWarning: none_failed_or_skipped Trigger Rule is deprecated. Please use `none_failed_min_one_success`.
[2022-07-22 06:30:26,462] {processor.py:651} INFO - DAG(s) dict_keys(['branch_operator_trigger_rules']) retrieved from /opt/airflow/dags/trigger_rules2.py
[2022-07-22 06:30:26,537] {logging_mixin.py:115} INFO - [2022-07-22 06:30:26,537] {dag.py:2379} INFO - Sync 1 DAGs
[2022-07-22 06:30:26,601] {logging_mixin.py:115} INFO - [2022-07-22 06:30:26,601] {dag.py:2931} INFO - Setting next_dagrun for branch_operator_trigger_rules to 2022-07-21T00:00:00+00:00, run_after=2022-07-22T00:00:00+00:00
[2022-07-22 06:30:26,633] {processor.py:161} INFO - Processing /opt/airflow/dags/trigger_rules2.py took 0.224 seconds
[2022-07-22 06:30:57,438] {processor.py:153} INFO - Started process (PID=440) to work on /opt/airflow/dags/trigger_rules2.py
[2022-07-22 06:30:57,443] {processor.py:641} INFO - Processing file /opt/airflow/dags/trigger_rules2.py for tasks to queue
[2022-07-22 06:30:57,447] {logging_mixin.py:115} INFO - [2022-07-22 06:30:57,447] {dagbag.py:507} INFO - Filling up the DagBag from /opt/airflow/dags/trigger_rules2.py
[2022-07-22 06:30:57,500] {logging_mixin.py:115} WARNING - /home/airflow/.local/lib/python3.7/site-packages/airflow/models/baseoperator.py:390 DeprecationWarning: none_failed_or_skipped Trigger Rule is deprecated. Please use `none_failed_min_one_success`.
[2022-07-22 06:30:57,509] {processor.py:651} INFO - DAG(s) dict_keys(['branch_operator_trigger_rules']) retrieved from /opt/airflow/dags/trigger_rules2.py
[2022-07-22 06:30:57,582] {logging_mixin.py:115} INFO - [2022-07-22 06:30:57,582] {dag.py:2379} INFO - Sync 1 DAGs
[2022-07-22 06:30:57,619] {logging_mixin.py:115} INFO - [2022-07-22 06:30:57,619] {dag.py:2931} INFO - Setting next_dagrun for branch_operator_trigger_rules to 2022-07-21T00:00:00+00:00, run_after=2022-07-22T00:00:00+00:00
[2022-07-22 06:30:57,634] {processor.py:161} INFO - Processing /opt/airflow/dags/trigger_rules2.py took 0.200 seconds
[2022-07-22 06:31:27,667] {processor.py:153} INFO - Started process (PID=476) to work on /opt/airflow/dags/trigger_rules2.py
[2022-07-22 06:31:27,668] {processor.py:641} INFO - Processing file /opt/airflow/dags/trigger_rules2.py for tasks to queue
[2022-07-22 06:31:27,669] {logging_mixin.py:115} INFO - [2022-07-22 06:31:27,669] {dagbag.py:507} INFO - Filling up the DagBag from /opt/airflow/dags/trigger_rules2.py
[2022-07-22 06:31:27,703] {logging_mixin.py:115} WARNING - /home/airflow/.local/lib/python3.7/site-packages/airflow/models/baseoperator.py:390 DeprecationWarning: none_failed_or_skipped Trigger Rule is deprecated. Please use `none_failed_min_one_success`.
[2022-07-22 06:31:27,705] {processor.py:651} INFO - DAG(s) dict_keys(['branch_operator_trigger_rules']) retrieved from /opt/airflow/dags/trigger_rules2.py
[2022-07-22 06:31:27,765] {logging_mixin.py:115} INFO - [2022-07-22 06:31:27,765] {dag.py:2379} INFO - Sync 1 DAGs
[2022-07-22 06:31:27,814] {logging_mixin.py:115} INFO - [2022-07-22 06:31:27,814] {dag.py:2931} INFO - Setting next_dagrun for branch_operator_trigger_rules to 2022-07-21T00:00:00+00:00, run_after=2022-07-22T00:00:00+00:00
[2022-07-22 06:31:27,839] {processor.py:161} INFO - Processing /opt/airflow/dags/trigger_rules2.py took 0.178 seconds
[2022-07-22 06:31:58,086] {processor.py:153} INFO - Started process (PID=507) to work on /opt/airflow/dags/trigger_rules2.py
[2022-07-22 06:31:58,087] {processor.py:641} INFO - Processing file /opt/airflow/dags/trigger_rules2.py for tasks to queue
[2022-07-22 06:31:58,088] {logging_mixin.py:115} INFO - [2022-07-22 06:31:58,088] {dagbag.py:507} INFO - Filling up the DagBag from /opt/airflow/dags/trigger_rules2.py
[2022-07-22 06:31:58,134] {logging_mixin.py:115} WARNING - /home/airflow/.local/lib/python3.7/site-packages/airflow/models/baseoperator.py:390 DeprecationWarning: none_failed_or_skipped Trigger Rule is deprecated. Please use `none_failed_min_one_success`.
[2022-07-22 06:31:58,142] {processor.py:651} INFO - DAG(s) dict_keys(['branch_operator_trigger_rules']) retrieved from /opt/airflow/dags/trigger_rules2.py
[2022-07-22 06:31:58,235] {logging_mixin.py:115} INFO - [2022-07-22 06:31:58,235] {dag.py:2379} INFO - Sync 1 DAGs
[2022-07-22 06:31:58,306] {logging_mixin.py:115} INFO - [2022-07-22 06:31:58,306] {dag.py:2931} INFO - Setting next_dagrun for branch_operator_trigger_rules to 2022-07-21T00:00:00+00:00, run_after=2022-07-22T00:00:00+00:00
[2022-07-22 06:31:58,352] {processor.py:161} INFO - Processing /opt/airflow/dags/trigger_rules2.py took 0.273 seconds
[2022-07-22 06:32:29,389] {processor.py:153} INFO - Started process (PID=537) to work on /opt/airflow/dags/trigger_rules2.py
[2022-07-22 06:32:29,395] {processor.py:641} INFO - Processing file /opt/airflow/dags/trigger_rules2.py for tasks to queue
[2022-07-22 06:32:29,395] {logging_mixin.py:115} INFO - [2022-07-22 06:32:29,395] {dagbag.py:507} INFO - Filling up the DagBag from /opt/airflow/dags/trigger_rules2.py
[2022-07-22 06:32:29,460] {logging_mixin.py:115} WARNING - /home/airflow/.local/lib/python3.7/site-packages/airflow/models/baseoperator.py:390 DeprecationWarning: none_failed_or_skipped Trigger Rule is deprecated. Please use `none_failed_min_one_success`.
[2022-07-22 06:32:29,463] {processor.py:651} INFO - DAG(s) dict_keys(['branch_operator_trigger_rules']) retrieved from /opt/airflow/dags/trigger_rules2.py
[2022-07-22 06:32:29,537] {logging_mixin.py:115} INFO - [2022-07-22 06:32:29,537] {dag.py:2379} INFO - Sync 1 DAGs
[2022-07-22 06:32:29,605] {logging_mixin.py:115} INFO - [2022-07-22 06:32:29,605] {dag.py:2931} INFO - Setting next_dagrun for branch_operator_trigger_rules to 2022-07-21T00:00:00+00:00, run_after=2022-07-22T00:00:00+00:00
[2022-07-22 06:32:29,637] {processor.py:161} INFO - Processing /opt/airflow/dags/trigger_rules2.py took 0.297 seconds
[2022-07-22 06:32:59,856] {processor.py:153} INFO - Started process (PID=567) to work on /opt/airflow/dags/trigger_rules2.py
[2022-07-22 06:32:59,859] {processor.py:641} INFO - Processing file /opt/airflow/dags/trigger_rules2.py for tasks to queue
[2022-07-22 06:32:59,861] {logging_mixin.py:115} INFO - [2022-07-22 06:32:59,861] {dagbag.py:507} INFO - Filling up the DagBag from /opt/airflow/dags/trigger_rules2.py
[2022-07-22 06:32:59,882] {logging_mixin.py:115} WARNING - /home/airflow/.local/lib/python3.7/site-packages/airflow/models/baseoperator.py:390 DeprecationWarning: none_failed_or_skipped Trigger Rule is deprecated. Please use `none_failed_min_one_success`.
[2022-07-22 06:32:59,887] {processor.py:651} INFO - DAG(s) dict_keys(['branch_operator_trigger_rules']) retrieved from /opt/airflow/dags/trigger_rules2.py
[2022-07-22 06:32:59,921] {logging_mixin.py:115} INFO - [2022-07-22 06:32:59,921] {dag.py:2379} INFO - Sync 1 DAGs
[2022-07-22 06:32:59,960] {logging_mixin.py:115} INFO - [2022-07-22 06:32:59,960] {dag.py:2931} INFO - Setting next_dagrun for branch_operator_trigger_rules to 2022-07-21T00:00:00+00:00, run_after=2022-07-22T00:00:00+00:00
[2022-07-22 06:32:59,978] {processor.py:161} INFO - Processing /opt/airflow/dags/trigger_rules2.py took 0.126 seconds
[2022-07-22 06:33:30,153] {processor.py:153} INFO - Started process (PID=592) to work on /opt/airflow/dags/trigger_rules2.py
[2022-07-22 06:33:30,158] {processor.py:641} INFO - Processing file /opt/airflow/dags/trigger_rules2.py for tasks to queue
[2022-07-22 06:33:30,159] {logging_mixin.py:115} INFO - [2022-07-22 06:33:30,159] {dagbag.py:507} INFO - Filling up the DagBag from /opt/airflow/dags/trigger_rules2.py
[2022-07-22 06:33:30,259] {logging_mixin.py:115} WARNING - /home/airflow/.local/lib/python3.7/site-packages/airflow/models/baseoperator.py:390 DeprecationWarning: none_failed_or_skipped Trigger Rule is deprecated. Please use `none_failed_min_one_success`.
[2022-07-22 06:33:30,277] {processor.py:651} INFO - DAG(s) dict_keys(['branch_operator_trigger_rules']) retrieved from /opt/airflow/dags/trigger_rules2.py
[2022-07-22 06:33:30,381] {logging_mixin.py:115} INFO - [2022-07-22 06:33:30,381] {dag.py:2379} INFO - Sync 1 DAGs
[2022-07-22 06:33:30,491] {logging_mixin.py:115} INFO - [2022-07-22 06:33:30,491] {dag.py:2931} INFO - Setting next_dagrun for branch_operator_trigger_rules to 2022-07-21T00:00:00+00:00, run_after=2022-07-22T00:00:00+00:00
[2022-07-22 06:33:30,581] {processor.py:161} INFO - Processing /opt/airflow/dags/trigger_rules2.py took 0.444 seconds
[2022-07-22 06:34:00,946] {processor.py:153} INFO - Started process (PID=622) to work on /opt/airflow/dags/trigger_rules2.py
[2022-07-22 06:34:00,949] {processor.py:641} INFO - Processing file /opt/airflow/dags/trigger_rules2.py for tasks to queue
[2022-07-22 06:34:00,952] {logging_mixin.py:115} INFO - [2022-07-22 06:34:00,952] {dagbag.py:507} INFO - Filling up the DagBag from /opt/airflow/dags/trigger_rules2.py
[2022-07-22 06:34:00,971] {logging_mixin.py:115} WARNING - /home/airflow/.local/lib/python3.7/site-packages/airflow/models/baseoperator.py:390 DeprecationWarning: none_failed_or_skipped Trigger Rule is deprecated. Please use `none_failed_min_one_success`.
[2022-07-22 06:34:00,973] {processor.py:651} INFO - DAG(s) dict_keys(['branch_operator_trigger_rules']) retrieved from /opt/airflow/dags/trigger_rules2.py
[2022-07-22 06:34:01,005] {logging_mixin.py:115} INFO - [2022-07-22 06:34:01,004] {dag.py:2379} INFO - Sync 1 DAGs
[2022-07-22 06:34:01,043] {logging_mixin.py:115} INFO - [2022-07-22 06:34:01,043] {dag.py:2931} INFO - Setting next_dagrun for branch_operator_trigger_rules to 2022-07-21T00:00:00+00:00, run_after=2022-07-22T00:00:00+00:00
[2022-07-22 06:34:01,064] {processor.py:161} INFO - Processing /opt/airflow/dags/trigger_rules2.py took 0.122 seconds
[2022-07-22 06:34:31,310] {processor.py:153} INFO - Started process (PID=654) to work on /opt/airflow/dags/trigger_rules2.py
[2022-07-22 06:34:31,311] {processor.py:641} INFO - Processing file /opt/airflow/dags/trigger_rules2.py for tasks to queue
[2022-07-22 06:34:31,311] {logging_mixin.py:115} INFO - [2022-07-22 06:34:31,311] {dagbag.py:507} INFO - Filling up the DagBag from /opt/airflow/dags/trigger_rules2.py
[2022-07-22 06:34:31,327] {logging_mixin.py:115} WARNING - /home/airflow/.local/lib/python3.7/site-packages/airflow/models/baseoperator.py:390 DeprecationWarning: none_failed_or_skipped Trigger Rule is deprecated. Please use `none_failed_min_one_success`.
[2022-07-22 06:34:31,329] {processor.py:651} INFO - DAG(s) dict_keys(['branch_operator_trigger_rules']) retrieved from /opt/airflow/dags/trigger_rules2.py
[2022-07-22 06:34:31,357] {logging_mixin.py:115} INFO - [2022-07-22 06:34:31,357] {dag.py:2379} INFO - Sync 1 DAGs
[2022-07-22 06:34:31,381] {logging_mixin.py:115} INFO - [2022-07-22 06:34:31,381] {dag.py:2931} INFO - Setting next_dagrun for branch_operator_trigger_rules to 2022-07-21T00:00:00+00:00, run_after=2022-07-22T00:00:00+00:00
[2022-07-22 06:34:31,396] {processor.py:161} INFO - Processing /opt/airflow/dags/trigger_rules2.py took 0.088 seconds
[2022-07-22 06:35:02,146] {processor.py:153} INFO - Started process (PID=685) to work on /opt/airflow/dags/trigger_rules2.py
[2022-07-22 06:35:02,147] {processor.py:641} INFO - Processing file /opt/airflow/dags/trigger_rules2.py for tasks to queue
[2022-07-22 06:35:02,148] {logging_mixin.py:115} INFO - [2022-07-22 06:35:02,148] {dagbag.py:507} INFO - Filling up the DagBag from /opt/airflow/dags/trigger_rules2.py
[2022-07-22 06:35:02,165] {logging_mixin.py:115} WARNING - /home/airflow/.local/lib/python3.7/site-packages/airflow/models/baseoperator.py:390 DeprecationWarning: none_failed_or_skipped Trigger Rule is deprecated. Please use `none_failed_min_one_success`.
[2022-07-22 06:35:02,166] {processor.py:651} INFO - DAG(s) dict_keys(['branch_operator_trigger_rules']) retrieved from /opt/airflow/dags/trigger_rules2.py
[2022-07-22 06:35:02,193] {logging_mixin.py:115} INFO - [2022-07-22 06:35:02,193] {dag.py:2379} INFO - Sync 1 DAGs
[2022-07-22 06:35:02,219] {logging_mixin.py:115} INFO - [2022-07-22 06:35:02,219] {dag.py:2931} INFO - Setting next_dagrun for branch_operator_trigger_rules to 2022-07-21T00:00:00+00:00, run_after=2022-07-22T00:00:00+00:00
[2022-07-22 06:35:02,235] {processor.py:161} INFO - Processing /opt/airflow/dags/trigger_rules2.py took 0.093 seconds
[2022-07-22 06:35:32,791] {processor.py:153} INFO - Started process (PID=716) to work on /opt/airflow/dags/trigger_rules2.py
[2022-07-22 06:35:32,797] {processor.py:641} INFO - Processing file /opt/airflow/dags/trigger_rules2.py for tasks to queue
[2022-07-22 06:35:32,799] {logging_mixin.py:115} INFO - [2022-07-22 06:35:32,799] {dagbag.py:507} INFO - Filling up the DagBag from /opt/airflow/dags/trigger_rules2.py
[2022-07-22 06:35:32,832] {logging_mixin.py:115} WARNING - /home/airflow/.local/lib/python3.7/site-packages/airflow/models/baseoperator.py:390 DeprecationWarning: none_failed_or_skipped Trigger Rule is deprecated. Please use `none_failed_min_one_success`.
[2022-07-22 06:35:32,836] {processor.py:651} INFO - DAG(s) dict_keys(['branch_operator_trigger_rules']) retrieved from /opt/airflow/dags/trigger_rules2.py
[2022-07-22 06:35:32,889] {logging_mixin.py:115} INFO - [2022-07-22 06:35:32,889] {dag.py:2379} INFO - Sync 1 DAGs
[2022-07-22 06:35:33,006] {logging_mixin.py:115} INFO - [2022-07-22 06:35:33,006] {dag.py:2931} INFO - Setting next_dagrun for branch_operator_trigger_rules to 2022-07-21T00:00:00+00:00, run_after=2022-07-22T00:00:00+00:00
[2022-07-22 06:35:33,039] {processor.py:161} INFO - Processing /opt/airflow/dags/trigger_rules2.py took 0.252 seconds
