[2022-07-22 06:14:25,205] {processor.py:153} INFO - Started process (PID=67) to work on /opt/airflow/dags/triggers_rules.py
[2022-07-22 06:14:25,217] {processor.py:641} INFO - Processing file /opt/airflow/dags/triggers_rules.py for tasks to queue
[2022-07-22 06:14:25,246] {logging_mixin.py:115} INFO - [2022-07-22 06:14:25,246] {dagbag.py:507} INFO - Filling up the DagBag from /opt/airflow/dags/triggers_rules.py
[2022-07-22 06:14:25,515] {processor.py:651} INFO - DAG(s) dict_keys(['trigger_rules']) retrieved from /opt/airflow/dags/triggers_rules.py
[2022-07-22 06:14:26,397] {logging_mixin.py:115} INFO - [2022-07-22 06:14:26,384] {dag.py:2379} INFO - Sync 1 DAGs
[2022-07-22 06:14:27,396] {logging_mixin.py:115} INFO - [2022-07-22 06:14:27,350] {dag.py:2931} INFO - Setting next_dagrun for trigger_rules to 2022-07-21T00:00:00+00:00, run_after=2022-07-22T00:00:00+00:00
[2022-07-22 06:14:27,771] {processor.py:161} INFO - Processing /opt/airflow/dags/triggers_rules.py took 2.662 seconds
[2022-07-22 06:14:59,097] {processor.py:153} INFO - Started process (PID=96) to work on /opt/airflow/dags/triggers_rules.py
[2022-07-22 06:14:59,113] {processor.py:641} INFO - Processing file /opt/airflow/dags/triggers_rules.py for tasks to queue
[2022-07-22 06:14:59,114] {logging_mixin.py:115} INFO - [2022-07-22 06:14:59,114] {dagbag.py:507} INFO - Filling up the DagBag from /opt/airflow/dags/triggers_rules.py
[2022-07-22 06:14:59,428] {processor.py:651} INFO - DAG(s) dict_keys(['trigger_rules']) retrieved from /opt/airflow/dags/triggers_rules.py
[2022-07-22 06:15:00,098] {logging_mixin.py:115} INFO - [2022-07-22 06:15:00,098] {dag.py:2379} INFO - Sync 1 DAGs
[2022-07-22 06:15:01,228] {logging_mixin.py:115} INFO - [2022-07-22 06:15:01,228] {dag.py:2931} INFO - Setting next_dagrun for trigger_rules to 2022-07-21T00:00:00+00:00, run_after=2022-07-22T00:00:00+00:00
[2022-07-22 06:15:01,672] {processor.py:161} INFO - Processing /opt/airflow/dags/triggers_rules.py took 2.695 seconds
[2022-07-22 06:15:32,131] {processor.py:153} INFO - Started process (PID=121) to work on /opt/airflow/dags/triggers_rules.py
[2022-07-22 06:15:32,221] {processor.py:641} INFO - Processing file /opt/airflow/dags/triggers_rules.py for tasks to queue
[2022-07-22 06:15:32,223] {logging_mixin.py:115} INFO - [2022-07-22 06:15:32,222] {dagbag.py:507} INFO - Filling up the DagBag from /opt/airflow/dags/triggers_rules.py
[2022-07-22 06:15:32,344] {processor.py:651} INFO - DAG(s) dict_keys(['trigger_rules']) retrieved from /opt/airflow/dags/triggers_rules.py
[2022-07-22 06:15:32,881] {logging_mixin.py:115} INFO - [2022-07-22 06:15:32,881] {dag.py:2379} INFO - Sync 1 DAGs
[2022-07-22 06:15:33,588] {logging_mixin.py:115} INFO - [2022-07-22 06:15:33,588] {dag.py:2931} INFO - Setting next_dagrun for trigger_rules to 2022-07-21T00:00:00+00:00, run_after=2022-07-22T00:00:00+00:00
[2022-07-22 06:15:33,826] {processor.py:161} INFO - Processing /opt/airflow/dags/triggers_rules.py took 1.731 seconds
[2022-07-22 06:16:04,301] {processor.py:153} INFO - Started process (PID=152) to work on /opt/airflow/dags/triggers_rules.py
[2022-07-22 06:16:04,310] {processor.py:641} INFO - Processing file /opt/airflow/dags/triggers_rules.py for tasks to queue
[2022-07-22 06:16:04,313] {logging_mixin.py:115} INFO - [2022-07-22 06:16:04,312] {dagbag.py:507} INFO - Filling up the DagBag from /opt/airflow/dags/triggers_rules.py
[2022-07-22 06:16:04,355] {processor.py:651} INFO - DAG(s) dict_keys(['trigger_rules']) retrieved from /opt/airflow/dags/triggers_rules.py
[2022-07-22 06:16:04,457] {logging_mixin.py:115} INFO - [2022-07-22 06:16:04,457] {dag.py:2379} INFO - Sync 1 DAGs
[2022-07-22 06:16:04,520] {logging_mixin.py:115} INFO - [2022-07-22 06:16:04,520] {dag.py:2931} INFO - Setting next_dagrun for trigger_rules to 2022-07-21T00:00:00+00:00, run_after=2022-07-22T00:00:00+00:00
[2022-07-22 06:16:04,557] {processor.py:161} INFO - Processing /opt/airflow/dags/triggers_rules.py took 0.265 seconds
[2022-07-22 06:19:16,469] {processor.py:153} INFO - Started process (PID=61) to work on /opt/airflow/dags/triggers_rules.py
[2022-07-22 06:19:16,473] {processor.py:641} INFO - Processing file /opt/airflow/dags/triggers_rules.py for tasks to queue
[2022-07-22 06:19:16,474] {logging_mixin.py:115} INFO - [2022-07-22 06:19:16,473] {dagbag.py:507} INFO - Filling up the DagBag from /opt/airflow/dags/triggers_rules.py
[2022-07-22 06:19:16,523] {processor.py:651} INFO - DAG(s) dict_keys(['trigger_rules']) retrieved from /opt/airflow/dags/triggers_rules.py
[2022-07-22 06:19:16,769] {logging_mixin.py:115} INFO - [2022-07-22 06:19:16,769] {dag.py:2379} INFO - Sync 1 DAGs
[2022-07-22 06:19:16,972] {logging_mixin.py:115} INFO - [2022-07-22 06:19:16,971] {dag.py:2931} INFO - Setting next_dagrun for trigger_rules to 2022-07-21T00:00:00+00:00, run_after=2022-07-22T00:00:00+00:00
[2022-07-22 06:19:17,095] {processor.py:161} INFO - Processing /opt/airflow/dags/triggers_rules.py took 0.643 seconds
[2022-07-22 06:19:47,292] {processor.py:153} INFO - Started process (PID=90) to work on /opt/airflow/dags/triggers_rules.py
[2022-07-22 06:19:47,292] {processor.py:641} INFO - Processing file /opt/airflow/dags/triggers_rules.py for tasks to queue
[2022-07-22 06:19:47,307] {logging_mixin.py:115} INFO - [2022-07-22 06:19:47,307] {dagbag.py:507} INFO - Filling up the DagBag from /opt/airflow/dags/triggers_rules.py
[2022-07-22 06:19:47,367] {processor.py:651} INFO - DAG(s) dict_keys(['trigger_rules']) retrieved from /opt/airflow/dags/triggers_rules.py
[2022-07-22 06:19:47,528] {logging_mixin.py:115} INFO - [2022-07-22 06:19:47,528] {dag.py:2379} INFO - Sync 1 DAGs
[2022-07-22 06:19:47,702] {logging_mixin.py:115} INFO - [2022-07-22 06:19:47,702] {dag.py:2931} INFO - Setting next_dagrun for trigger_rules to 2022-07-21T00:00:00+00:00, run_after=2022-07-22T00:00:00+00:00
[2022-07-22 06:19:47,783] {processor.py:161} INFO - Processing /opt/airflow/dags/triggers_rules.py took 0.522 seconds
[2022-07-22 06:25:18,571] {processor.py:153} INFO - Started process (PID=68) to work on /opt/airflow/dags/triggers_rules.py
[2022-07-22 06:25:18,580] {processor.py:641} INFO - Processing file /opt/airflow/dags/triggers_rules.py for tasks to queue
[2022-07-22 06:25:18,591] {logging_mixin.py:115} INFO - [2022-07-22 06:25:18,591] {dagbag.py:507} INFO - Filling up the DagBag from /opt/airflow/dags/triggers_rules.py
[2022-07-22 06:25:18,654] {processor.py:651} INFO - DAG(s) dict_keys(['trigger_rules']) retrieved from /opt/airflow/dags/triggers_rules.py
[2022-07-22 06:25:18,801] {logging_mixin.py:115} INFO - [2022-07-22 06:25:18,801] {dag.py:2379} INFO - Sync 1 DAGs
[2022-07-22 06:25:18,960] {logging_mixin.py:115} INFO - [2022-07-22 06:25:18,960] {dag.py:2931} INFO - Setting next_dagrun for trigger_rules to 2022-07-21T00:00:00+00:00, run_after=2022-07-22T00:00:00+00:00
[2022-07-22 06:25:19,061] {processor.py:161} INFO - Processing /opt/airflow/dags/triggers_rules.py took 0.543 seconds
[2022-07-22 06:25:49,865] {processor.py:153} INFO - Started process (PID=97) to work on /opt/airflow/dags/triggers_rules.py
[2022-07-22 06:25:49,865] {processor.py:641} INFO - Processing file /opt/airflow/dags/triggers_rules.py for tasks to queue
[2022-07-22 06:25:49,868] {logging_mixin.py:115} INFO - [2022-07-22 06:25:49,868] {dagbag.py:507} INFO - Filling up the DagBag from /opt/airflow/dags/triggers_rules.py
[2022-07-22 06:25:49,892] {processor.py:651} INFO - DAG(s) dict_keys(['trigger_rules']) retrieved from /opt/airflow/dags/triggers_rules.py
[2022-07-22 06:25:49,993] {logging_mixin.py:115} INFO - [2022-07-22 06:25:49,993] {dag.py:2379} INFO - Sync 1 DAGs
[2022-07-22 06:25:50,189] {logging_mixin.py:115} INFO - [2022-07-22 06:25:50,189] {dag.py:2931} INFO - Setting next_dagrun for trigger_rules to 2022-07-21T00:00:00+00:00, run_after=2022-07-22T00:00:00+00:00
[2022-07-22 06:25:50,249] {processor.py:161} INFO - Processing /opt/airflow/dags/triggers_rules.py took 0.390 seconds
[2022-07-22 06:26:20,304] {processor.py:153} INFO - Started process (PID=127) to work on /opt/airflow/dags/triggers_rules.py
[2022-07-22 06:26:20,305] {processor.py:641} INFO - Processing file /opt/airflow/dags/triggers_rules.py for tasks to queue
[2022-07-22 06:26:20,306] {logging_mixin.py:115} INFO - [2022-07-22 06:26:20,306] {dagbag.py:507} INFO - Filling up the DagBag from /opt/airflow/dags/triggers_rules.py
[2022-07-22 06:26:20,315] {processor.py:651} INFO - DAG(s) dict_keys(['trigger_rules']) retrieved from /opt/airflow/dags/triggers_rules.py
[2022-07-22 06:26:20,352] {logging_mixin.py:115} INFO - [2022-07-22 06:26:20,351] {dag.py:2379} INFO - Sync 1 DAGs
[2022-07-22 06:26:20,389] {logging_mixin.py:115} INFO - [2022-07-22 06:26:20,389] {dag.py:2931} INFO - Setting next_dagrun for trigger_rules to 2022-07-21T00:00:00+00:00, run_after=2022-07-22T00:00:00+00:00
[2022-07-22 06:26:20,411] {processor.py:161} INFO - Processing /opt/airflow/dags/triggers_rules.py took 0.110 seconds
[2022-07-22 06:26:50,692] {processor.py:153} INFO - Started process (PID=171) to work on /opt/airflow/dags/triggers_rules.py
[2022-07-22 06:26:50,693] {processor.py:641} INFO - Processing file /opt/airflow/dags/triggers_rules.py for tasks to queue
[2022-07-22 06:26:50,694] {logging_mixin.py:115} INFO - [2022-07-22 06:26:50,694] {dagbag.py:507} INFO - Filling up the DagBag from /opt/airflow/dags/triggers_rules.py
[2022-07-22 06:26:50,703] {processor.py:651} INFO - DAG(s) dict_keys(['trigger_rules']) retrieved from /opt/airflow/dags/triggers_rules.py
[2022-07-22 06:26:50,740] {logging_mixin.py:115} INFO - [2022-07-22 06:26:50,740] {dag.py:2379} INFO - Sync 1 DAGs
[2022-07-22 06:26:50,776] {logging_mixin.py:115} INFO - [2022-07-22 06:26:50,776] {dag.py:2931} INFO - Setting next_dagrun for trigger_rules to 2022-07-21T00:00:00+00:00, run_after=2022-07-22T00:00:00+00:00
[2022-07-22 06:26:50,793] {processor.py:161} INFO - Processing /opt/airflow/dags/triggers_rules.py took 0.105 seconds
[2022-07-22 06:27:21,803] {processor.py:153} INFO - Started process (PID=202) to work on /opt/airflow/dags/triggers_rules.py
[2022-07-22 06:27:21,816] {processor.py:641} INFO - Processing file /opt/airflow/dags/triggers_rules.py for tasks to queue
[2022-07-22 06:27:21,818] {logging_mixin.py:115} INFO - [2022-07-22 06:27:21,818] {dagbag.py:507} INFO - Filling up the DagBag from /opt/airflow/dags/triggers_rules.py
[2022-07-22 06:27:21,844] {processor.py:651} INFO - DAG(s) dict_keys(['trigger_rules']) retrieved from /opt/airflow/dags/triggers_rules.py
[2022-07-22 06:27:21,882] {logging_mixin.py:115} INFO - [2022-07-22 06:27:21,881] {dag.py:2379} INFO - Sync 1 DAGs
[2022-07-22 06:27:21,918] {logging_mixin.py:115} INFO - [2022-07-22 06:27:21,918] {dag.py:2931} INFO - Setting next_dagrun for trigger_rules to 2022-07-21T00:00:00+00:00, run_after=2022-07-22T00:00:00+00:00
[2022-07-22 06:27:21,933] {processor.py:161} INFO - Processing /opt/airflow/dags/triggers_rules.py took 0.133 seconds
[2022-07-22 06:27:52,584] {processor.py:153} INFO - Started process (PID=235) to work on /opt/airflow/dags/triggers_rules.py
[2022-07-22 06:27:52,585] {processor.py:641} INFO - Processing file /opt/airflow/dags/triggers_rules.py for tasks to queue
[2022-07-22 06:27:52,585] {logging_mixin.py:115} INFO - [2022-07-22 06:27:52,585] {dagbag.py:507} INFO - Filling up the DagBag from /opt/airflow/dags/triggers_rules.py
[2022-07-22 06:27:52,607] {processor.py:651} INFO - DAG(s) dict_keys(['trigger_rules']) retrieved from /opt/airflow/dags/triggers_rules.py
[2022-07-22 06:27:52,677] {logging_mixin.py:115} INFO - [2022-07-22 06:27:52,677] {dag.py:2379} INFO - Sync 1 DAGs
[2022-07-22 06:27:52,737] {logging_mixin.py:115} INFO - [2022-07-22 06:27:52,737] {dag.py:2931} INFO - Setting next_dagrun for trigger_rules to 2022-07-21T00:00:00+00:00, run_after=2022-07-22T00:00:00+00:00
[2022-07-22 06:27:52,777] {processor.py:161} INFO - Processing /opt/airflow/dags/triggers_rules.py took 0.196 seconds
[2022-07-22 06:28:23,610] {processor.py:153} INFO - Started process (PID=275) to work on /opt/airflow/dags/triggers_rules.py
[2022-07-22 06:28:23,615] {processor.py:641} INFO - Processing file /opt/airflow/dags/triggers_rules.py for tasks to queue
[2022-07-22 06:28:23,619] {logging_mixin.py:115} INFO - [2022-07-22 06:28:23,619] {dagbag.py:507} INFO - Filling up the DagBag from /opt/airflow/dags/triggers_rules.py
[2022-07-22 06:28:23,629] {processor.py:651} INFO - DAG(s) dict_keys(['trigger_rules']) retrieved from /opt/airflow/dags/triggers_rules.py
[2022-07-22 06:28:23,672] {logging_mixin.py:115} INFO - [2022-07-22 06:28:23,672] {dag.py:2379} INFO - Sync 1 DAGs
[2022-07-22 06:28:23,710] {logging_mixin.py:115} INFO - [2022-07-22 06:28:23,710] {dag.py:2931} INFO - Setting next_dagrun for trigger_rules to 2022-07-21T00:00:00+00:00, run_after=2022-07-22T00:00:00+00:00
[2022-07-22 06:28:23,727] {processor.py:161} INFO - Processing /opt/airflow/dags/triggers_rules.py took 0.121 seconds
[2022-07-22 06:28:54,632] {processor.py:153} INFO - Started process (PID=307) to work on /opt/airflow/dags/triggers_rules.py
[2022-07-22 06:28:54,633] {processor.py:641} INFO - Processing file /opt/airflow/dags/triggers_rules.py for tasks to queue
[2022-07-22 06:28:54,635] {logging_mixin.py:115} INFO - [2022-07-22 06:28:54,635] {dagbag.py:507} INFO - Filling up the DagBag from /opt/airflow/dags/triggers_rules.py
[2022-07-22 06:28:54,654] {processor.py:651} INFO - DAG(s) dict_keys(['trigger_rules']) retrieved from /opt/airflow/dags/triggers_rules.py
[2022-07-22 06:28:54,691] {logging_mixin.py:115} INFO - [2022-07-22 06:28:54,691] {dag.py:2379} INFO - Sync 1 DAGs
[2022-07-22 06:28:54,721] {logging_mixin.py:115} INFO - [2022-07-22 06:28:54,721] {dag.py:2931} INFO - Setting next_dagrun for trigger_rules to 2022-07-21T00:00:00+00:00, run_after=2022-07-22T00:00:00+00:00
[2022-07-22 06:28:54,737] {processor.py:161} INFO - Processing /opt/airflow/dags/triggers_rules.py took 0.113 seconds
[2022-07-22 06:29:25,533] {processor.py:153} INFO - Started process (PID=344) to work on /opt/airflow/dags/triggers_rules.py
[2022-07-22 06:29:25,536] {processor.py:641} INFO - Processing file /opt/airflow/dags/triggers_rules.py for tasks to queue
[2022-07-22 06:29:25,544] {logging_mixin.py:115} INFO - [2022-07-22 06:29:25,538] {dagbag.py:507} INFO - Filling up the DagBag from /opt/airflow/dags/triggers_rules.py
[2022-07-22 06:29:25,588] {processor.py:651} INFO - DAG(s) dict_keys(['trigger_rules']) retrieved from /opt/airflow/dags/triggers_rules.py
[2022-07-22 06:29:25,686] {logging_mixin.py:115} INFO - [2022-07-22 06:29:25,685] {dag.py:2379} INFO - Sync 1 DAGs
[2022-07-22 06:29:25,788] {logging_mixin.py:115} INFO - [2022-07-22 06:29:25,788] {dag.py:2931} INFO - Setting next_dagrun for trigger_rules to 2022-07-21T00:00:00+00:00, run_after=2022-07-22T00:00:00+00:00
[2022-07-22 06:29:25,840] {processor.py:161} INFO - Processing /opt/airflow/dags/triggers_rules.py took 0.327 seconds
[2022-07-22 06:29:56,536] {processor.py:153} INFO - Started process (PID=369) to work on /opt/airflow/dags/triggers_rules.py
[2022-07-22 06:29:56,539] {processor.py:641} INFO - Processing file /opt/airflow/dags/triggers_rules.py for tasks to queue
[2022-07-22 06:29:56,541] {logging_mixin.py:115} INFO - [2022-07-22 06:29:56,541] {dagbag.py:507} INFO - Filling up the DagBag from /opt/airflow/dags/triggers_rules.py
[2022-07-22 06:29:56,553] {processor.py:651} INFO - DAG(s) dict_keys(['trigger_rules']) retrieved from /opt/airflow/dags/triggers_rules.py
[2022-07-22 06:29:56,592] {logging_mixin.py:115} INFO - [2022-07-22 06:29:56,592] {dag.py:2379} INFO - Sync 1 DAGs
[2022-07-22 06:29:56,627] {logging_mixin.py:115} INFO - [2022-07-22 06:29:56,627] {dag.py:2931} INFO - Setting next_dagrun for trigger_rules to 2022-07-21T00:00:00+00:00, run_after=2022-07-22T00:00:00+00:00
[2022-07-22 06:29:56,643] {processor.py:161} INFO - Processing /opt/airflow/dags/triggers_rules.py took 0.111 seconds
[2022-07-22 06:30:27,640] {processor.py:153} INFO - Started process (PID=409) to work on /opt/airflow/dags/triggers_rules.py
[2022-07-22 06:30:27,643] {processor.py:641} INFO - Processing file /opt/airflow/dags/triggers_rules.py for tasks to queue
[2022-07-22 06:30:27,645] {logging_mixin.py:115} INFO - [2022-07-22 06:30:27,645] {dagbag.py:507} INFO - Filling up the DagBag from /opt/airflow/dags/triggers_rules.py
[2022-07-22 06:30:27,658] {processor.py:651} INFO - DAG(s) dict_keys(['trigger_rules']) retrieved from /opt/airflow/dags/triggers_rules.py
[2022-07-22 06:30:27,694] {logging_mixin.py:115} INFO - [2022-07-22 06:30:27,694] {dag.py:2379} INFO - Sync 1 DAGs
[2022-07-22 06:30:27,732] {logging_mixin.py:115} INFO - [2022-07-22 06:30:27,732] {dag.py:2931} INFO - Setting next_dagrun for trigger_rules to 2022-07-21T00:00:00+00:00, run_after=2022-07-22T00:00:00+00:00
[2022-07-22 06:30:27,750] {processor.py:161} INFO - Processing /opt/airflow/dags/triggers_rules.py took 0.113 seconds
[2022-07-22 06:30:58,644] {processor.py:153} INFO - Started process (PID=442) to work on /opt/airflow/dags/triggers_rules.py
[2022-07-22 06:30:58,646] {processor.py:641} INFO - Processing file /opt/airflow/dags/triggers_rules.py for tasks to queue
[2022-07-22 06:30:58,647] {logging_mixin.py:115} INFO - [2022-07-22 06:30:58,647] {dagbag.py:507} INFO - Filling up the DagBag from /opt/airflow/dags/triggers_rules.py
[2022-07-22 06:30:58,660] {processor.py:651} INFO - DAG(s) dict_keys(['trigger_rules']) retrieved from /opt/airflow/dags/triggers_rules.py
[2022-07-22 06:30:58,704] {logging_mixin.py:115} INFO - [2022-07-22 06:30:58,704] {dag.py:2379} INFO - Sync 1 DAGs
[2022-07-22 06:30:58,730] {logging_mixin.py:115} INFO - [2022-07-22 06:30:58,730] {dag.py:2931} INFO - Setting next_dagrun for trigger_rules to 2022-07-21T00:00:00+00:00, run_after=2022-07-22T00:00:00+00:00
[2022-07-22 06:30:58,742] {processor.py:161} INFO - Processing /opt/airflow/dags/triggers_rules.py took 0.103 seconds
[2022-07-22 06:31:28,867] {processor.py:153} INFO - Started process (PID=477) to work on /opt/airflow/dags/triggers_rules.py
[2022-07-22 06:31:28,868] {processor.py:641} INFO - Processing file /opt/airflow/dags/triggers_rules.py for tasks to queue
[2022-07-22 06:31:28,869] {logging_mixin.py:115} INFO - [2022-07-22 06:31:28,869] {dagbag.py:507} INFO - Filling up the DagBag from /opt/airflow/dags/triggers_rules.py
[2022-07-22 06:31:28,885] {processor.py:651} INFO - DAG(s) dict_keys(['trigger_rules']) retrieved from /opt/airflow/dags/triggers_rules.py
[2022-07-22 06:31:28,919] {logging_mixin.py:115} INFO - [2022-07-22 06:31:28,919] {dag.py:2379} INFO - Sync 1 DAGs
[2022-07-22 06:31:28,959] {logging_mixin.py:115} INFO - [2022-07-22 06:31:28,959] {dag.py:2931} INFO - Setting next_dagrun for trigger_rules to 2022-07-21T00:00:00+00:00, run_after=2022-07-22T00:00:00+00:00
[2022-07-22 06:31:28,978] {processor.py:161} INFO - Processing /opt/airflow/dags/triggers_rules.py took 0.114 seconds
[2022-07-22 06:31:59,379] {processor.py:153} INFO - Started process (PID=509) to work on /opt/airflow/dags/triggers_rules.py
[2022-07-22 06:31:59,380] {processor.py:641} INFO - Processing file /opt/airflow/dags/triggers_rules.py for tasks to queue
[2022-07-22 06:31:59,381] {logging_mixin.py:115} INFO - [2022-07-22 06:31:59,381] {dagbag.py:507} INFO - Filling up the DagBag from /opt/airflow/dags/triggers_rules.py
[2022-07-22 06:31:59,391] {processor.py:651} INFO - DAG(s) dict_keys(['trigger_rules']) retrieved from /opt/airflow/dags/triggers_rules.py
[2022-07-22 06:31:59,428] {logging_mixin.py:115} INFO - [2022-07-22 06:31:59,428] {dag.py:2379} INFO - Sync 1 DAGs
[2022-07-22 06:31:59,460] {logging_mixin.py:115} INFO - [2022-07-22 06:31:59,459] {dag.py:2931} INFO - Setting next_dagrun for trigger_rules to 2022-07-21T00:00:00+00:00, run_after=2022-07-22T00:00:00+00:00
[2022-07-22 06:31:59,472] {processor.py:161} INFO - Processing /opt/airflow/dags/triggers_rules.py took 0.097 seconds
[2022-07-22 06:32:29,664] {processor.py:153} INFO - Started process (PID=539) to work on /opt/airflow/dags/triggers_rules.py
[2022-07-22 06:32:29,676] {processor.py:641} INFO - Processing file /opt/airflow/dags/triggers_rules.py for tasks to queue
[2022-07-22 06:32:29,681] {logging_mixin.py:115} INFO - [2022-07-22 06:32:29,681] {dagbag.py:507} INFO - Filling up the DagBag from /opt/airflow/dags/triggers_rules.py
[2022-07-22 06:32:29,704] {processor.py:651} INFO - DAG(s) dict_keys(['trigger_rules']) retrieved from /opt/airflow/dags/triggers_rules.py
[2022-07-22 06:32:29,743] {logging_mixin.py:115} INFO - [2022-07-22 06:32:29,743] {dag.py:2379} INFO - Sync 1 DAGs
[2022-07-22 06:32:29,780] {logging_mixin.py:115} INFO - [2022-07-22 06:32:29,780] {dag.py:2931} INFO - Setting next_dagrun for trigger_rules to 2022-07-21T00:00:00+00:00, run_after=2022-07-22T00:00:00+00:00
[2022-07-22 06:32:29,799] {processor.py:161} INFO - Processing /opt/airflow/dags/triggers_rules.py took 0.138 seconds
[2022-07-22 06:33:00,129] {processor.py:153} INFO - Started process (PID=569) to work on /opt/airflow/dags/triggers_rules.py
[2022-07-22 06:33:00,130] {processor.py:641} INFO - Processing file /opt/airflow/dags/triggers_rules.py for tasks to queue
[2022-07-22 06:33:00,131] {logging_mixin.py:115} INFO - [2022-07-22 06:33:00,131] {dagbag.py:507} INFO - Filling up the DagBag from /opt/airflow/dags/triggers_rules.py
[2022-07-22 06:33:00,141] {processor.py:651} INFO - DAG(s) dict_keys(['trigger_rules']) retrieved from /opt/airflow/dags/triggers_rules.py
[2022-07-22 06:33:00,173] {logging_mixin.py:115} INFO - [2022-07-22 06:33:00,173] {dag.py:2379} INFO - Sync 1 DAGs
[2022-07-22 06:33:00,212] {logging_mixin.py:115} INFO - [2022-07-22 06:33:00,212] {dag.py:2931} INFO - Setting next_dagrun for trigger_rules to 2022-07-21T00:00:00+00:00, run_after=2022-07-22T00:00:00+00:00
[2022-07-22 06:33:00,229] {processor.py:161} INFO - Processing /opt/airflow/dags/triggers_rules.py took 0.104 seconds
[2022-07-22 06:33:32,385] {processor.py:153} INFO - Started process (PID=597) to work on /opt/airflow/dags/triggers_rules.py
[2022-07-22 06:33:32,391] {processor.py:641} INFO - Processing file /opt/airflow/dags/triggers_rules.py for tasks to queue
[2022-07-22 06:33:32,394] {logging_mixin.py:115} INFO - [2022-07-22 06:33:32,393] {dagbag.py:507} INFO - Filling up the DagBag from /opt/airflow/dags/triggers_rules.py
[2022-07-22 06:33:32,422] {processor.py:651} INFO - DAG(s) dict_keys(['trigger_rules']) retrieved from /opt/airflow/dags/triggers_rules.py
[2022-07-22 06:33:32,517] {logging_mixin.py:115} INFO - [2022-07-22 06:33:32,517] {dag.py:2379} INFO - Sync 1 DAGs
[2022-07-22 06:33:32,666] {logging_mixin.py:115} INFO - [2022-07-22 06:33:32,666] {dag.py:2931} INFO - Setting next_dagrun for trigger_rules to 2022-07-21T00:00:00+00:00, run_after=2022-07-22T00:00:00+00:00
[2022-07-22 06:33:32,721] {processor.py:161} INFO - Processing /opt/airflow/dags/triggers_rules.py took 0.357 seconds
[2022-07-22 06:34:03,434] {processor.py:153} INFO - Started process (PID=627) to work on /opt/airflow/dags/triggers_rules.py
[2022-07-22 06:34:03,444] {processor.py:641} INFO - Processing file /opt/airflow/dags/triggers_rules.py for tasks to queue
[2022-07-22 06:34:03,450] {logging_mixin.py:115} INFO - [2022-07-22 06:34:03,450] {dagbag.py:507} INFO - Filling up the DagBag from /opt/airflow/dags/triggers_rules.py
[2022-07-22 06:34:03,465] {processor.py:651} INFO - DAG(s) dict_keys(['trigger_rules']) retrieved from /opt/airflow/dags/triggers_rules.py
[2022-07-22 06:34:03,499] {logging_mixin.py:115} INFO - [2022-07-22 06:34:03,499] {dag.py:2379} INFO - Sync 1 DAGs
[2022-07-22 06:34:03,582] {logging_mixin.py:115} INFO - [2022-07-22 06:34:03,582] {dag.py:2931} INFO - Setting next_dagrun for trigger_rules to 2022-07-21T00:00:00+00:00, run_after=2022-07-22T00:00:00+00:00
[2022-07-22 06:34:03,624] {processor.py:161} INFO - Processing /opt/airflow/dags/triggers_rules.py took 0.206 seconds
[2022-07-22 06:34:33,673] {processor.py:153} INFO - Started process (PID=658) to work on /opt/airflow/dags/triggers_rules.py
[2022-07-22 06:34:33,674] {processor.py:641} INFO - Processing file /opt/airflow/dags/triggers_rules.py for tasks to queue
[2022-07-22 06:34:33,674] {logging_mixin.py:115} INFO - [2022-07-22 06:34:33,674] {dagbag.py:507} INFO - Filling up the DagBag from /opt/airflow/dags/triggers_rules.py
[2022-07-22 06:34:33,684] {processor.py:651} INFO - DAG(s) dict_keys(['trigger_rules']) retrieved from /opt/airflow/dags/triggers_rules.py
[2022-07-22 06:34:33,712] {logging_mixin.py:115} INFO - [2022-07-22 06:34:33,712] {dag.py:2379} INFO - Sync 1 DAGs
[2022-07-22 06:34:33,739] {logging_mixin.py:115} INFO - [2022-07-22 06:34:33,739] {dag.py:2931} INFO - Setting next_dagrun for trigger_rules to 2022-07-21T00:00:00+00:00, run_after=2022-07-22T00:00:00+00:00
[2022-07-22 06:34:33,755] {processor.py:161} INFO - Processing /opt/airflow/dags/triggers_rules.py took 0.086 seconds
[2022-07-22 06:35:04,492] {processor.py:153} INFO - Started process (PID=689) to work on /opt/airflow/dags/triggers_rules.py
[2022-07-22 06:35:04,498] {processor.py:641} INFO - Processing file /opt/airflow/dags/triggers_rules.py for tasks to queue
[2022-07-22 06:35:04,501] {logging_mixin.py:115} INFO - [2022-07-22 06:35:04,501] {dagbag.py:507} INFO - Filling up the DagBag from /opt/airflow/dags/triggers_rules.py
[2022-07-22 06:35:04,528] {processor.py:651} INFO - DAG(s) dict_keys(['trigger_rules']) retrieved from /opt/airflow/dags/triggers_rules.py
[2022-07-22 06:35:04,621] {logging_mixin.py:115} INFO - [2022-07-22 06:35:04,621] {dag.py:2379} INFO - Sync 1 DAGs
[2022-07-22 06:35:04,810] {logging_mixin.py:115} INFO - [2022-07-22 06:35:04,810] {dag.py:2931} INFO - Setting next_dagrun for trigger_rules to 2022-07-21T00:00:00+00:00, run_after=2022-07-22T00:00:00+00:00
[2022-07-22 06:35:04,907] {processor.py:161} INFO - Processing /opt/airflow/dags/triggers_rules.py took 0.434 seconds
[2022-07-22 06:35:35,560] {processor.py:153} INFO - Started process (PID=729) to work on /opt/airflow/dags/triggers_rules.py
[2022-07-22 06:35:35,561] {processor.py:641} INFO - Processing file /opt/airflow/dags/triggers_rules.py for tasks to queue
[2022-07-22 06:35:35,562] {logging_mixin.py:115} INFO - [2022-07-22 06:35:35,562] {dagbag.py:507} INFO - Filling up the DagBag from /opt/airflow/dags/triggers_rules.py
[2022-07-22 06:35:35,576] {processor.py:651} INFO - DAG(s) dict_keys(['trigger_rules']) retrieved from /opt/airflow/dags/triggers_rules.py
[2022-07-22 06:35:35,761] {logging_mixin.py:115} INFO - [2022-07-22 06:35:35,761] {dag.py:2379} INFO - Sync 1 DAGs
[2022-07-22 06:35:35,946] {logging_mixin.py:115} INFO - [2022-07-22 06:35:35,945] {dag.py:2931} INFO - Setting next_dagrun for trigger_rules to 2022-07-21T00:00:00+00:00, run_after=2022-07-22T00:00:00+00:00
[2022-07-22 06:35:36,041] {processor.py:161} INFO - Processing /opt/airflow/dags/triggers_rules.py took 0.497 seconds
