[2022-07-22 06:14:34,816] {processor.py:153} INFO - Started process (PID=74) to work on /opt/airflow/dags/xcom_dag.py
[2022-07-22 06:14:34,884] {processor.py:641} INFO - Processing file /opt/airflow/dags/xcom_dag.py for tasks to queue
[2022-07-22 06:14:34,885] {logging_mixin.py:115} INFO - [2022-07-22 06:14:34,885] {dagbag.py:507} INFO - Filling up the DagBag from /opt/airflow/dags/xcom_dag.py
[2022-07-22 06:14:55,846] {processor.py:651} INFO - DAG(s) dict_keys(['xcom_dag']) retrieved from /opt/airflow/dags/xcom_dag.py
[2022-07-22 06:14:56,154] {logging_mixin.py:115} INFO - [2022-07-22 06:14:56,153] {dag.py:2379} INFO - Sync 1 DAGs
[2022-07-22 06:14:56,592] {logging_mixin.py:115} INFO - [2022-07-22 06:14:56,561] {dag.py:2931} INFO - Setting next_dagrun for xcom_dag to 2022-07-21T00:00:00+00:00, run_after=2022-07-22T00:00:00+00:00
[2022-07-22 06:14:56,817] {processor.py:161} INFO - Processing /opt/airflow/dags/xcom_dag.py took 22.117 seconds
[2022-07-22 06:15:27,468] {processor.py:153} INFO - Started process (PID=117) to work on /opt/airflow/dags/xcom_dag.py
[2022-07-22 06:15:27,510] {processor.py:641} INFO - Processing file /opt/airflow/dags/xcom_dag.py for tasks to queue
[2022-07-22 06:15:27,523] {logging_mixin.py:115} INFO - [2022-07-22 06:15:27,523] {dagbag.py:507} INFO - Filling up the DagBag from /opt/airflow/dags/xcom_dag.py
[2022-07-22 06:15:34,072] {processor.py:651} INFO - DAG(s) dict_keys(['xcom_dag']) retrieved from /opt/airflow/dags/xcom_dag.py
[2022-07-22 06:15:34,417] {logging_mixin.py:115} INFO - [2022-07-22 06:15:34,400] {dag.py:2379} INFO - Sync 1 DAGs
[2022-07-22 06:15:34,841] {logging_mixin.py:115} INFO - [2022-07-22 06:15:34,841] {dag.py:2931} INFO - Setting next_dagrun for xcom_dag to 2022-07-21T00:00:00+00:00, run_after=2022-07-22T00:00:00+00:00
[2022-07-22 06:15:34,998] {processor.py:161} INFO - Processing /opt/airflow/dags/xcom_dag.py took 7.538 seconds
[2022-07-22 06:19:19,590] {processor.py:153} INFO - Started process (PID=66) to work on /opt/airflow/dags/xcom_dag.py
[2022-07-22 06:19:19,600] {processor.py:641} INFO - Processing file /opt/airflow/dags/xcom_dag.py for tasks to queue
[2022-07-22 06:19:19,603] {logging_mixin.py:115} INFO - [2022-07-22 06:19:19,603] {dagbag.py:507} INFO - Filling up the DagBag from /opt/airflow/dags/xcom_dag.py
[2022-07-22 06:19:25,641] {processor.py:651} INFO - DAG(s) dict_keys(['xcom_dag']) retrieved from /opt/airflow/dags/xcom_dag.py
[2022-07-22 06:19:25,796] {logging_mixin.py:115} INFO - [2022-07-22 06:19:25,796] {dag.py:2379} INFO - Sync 1 DAGs
[2022-07-22 06:19:26,056] {logging_mixin.py:115} INFO - [2022-07-22 06:19:26,056] {dag.py:2931} INFO - Setting next_dagrun for xcom_dag to 2022-07-21T00:00:00+00:00, run_after=2022-07-22T00:00:00+00:00
[2022-07-22 06:19:26,237] {processor.py:161} INFO - Processing /opt/airflow/dags/xcom_dag.py took 6.651 seconds
[2022-07-22 06:19:56,859] {processor.py:153} INFO - Started process (PID=95) to work on /opt/airflow/dags/xcom_dag.py
[2022-07-22 06:19:56,862] {processor.py:641} INFO - Processing file /opt/airflow/dags/xcom_dag.py for tasks to queue
[2022-07-22 06:19:56,863] {logging_mixin.py:115} INFO - [2022-07-22 06:19:56,863] {dagbag.py:507} INFO - Filling up the DagBag from /opt/airflow/dags/xcom_dag.py
[2022-07-22 06:19:58,052] {processor.py:651} INFO - DAG(s) dict_keys(['xcom_dag']) retrieved from /opt/airflow/dags/xcom_dag.py
[2022-07-22 06:19:58,105] {logging_mixin.py:115} INFO - [2022-07-22 06:19:58,105] {dag.py:2379} INFO - Sync 1 DAGs
[2022-07-22 06:19:58,169] {logging_mixin.py:115} INFO - [2022-07-22 06:19:58,169] {dag.py:2931} INFO - Setting next_dagrun for xcom_dag to 2022-07-21T00:00:00+00:00, run_after=2022-07-22T00:00:00+00:00
[2022-07-22 06:19:58,198] {processor.py:161} INFO - Processing /opt/airflow/dags/xcom_dag.py took 1.343 seconds
[2022-07-22 06:25:20,995] {processor.py:153} INFO - Started process (PID=73) to work on /opt/airflow/dags/xcom_dag.py
[2022-07-22 06:25:21,024] {processor.py:641} INFO - Processing file /opt/airflow/dags/xcom_dag.py for tasks to queue
[2022-07-22 06:25:21,026] {logging_mixin.py:115} INFO - [2022-07-22 06:25:21,026] {dagbag.py:507} INFO - Filling up the DagBag from /opt/airflow/dags/xcom_dag.py
[2022-07-22 06:25:26,251] {processor.py:651} INFO - DAG(s) dict_keys(['xcom_dag']) retrieved from /opt/airflow/dags/xcom_dag.py
[2022-07-22 06:25:26,473] {logging_mixin.py:115} INFO - [2022-07-22 06:25:26,472] {dag.py:2379} INFO - Sync 1 DAGs
[2022-07-22 06:25:26,798] {logging_mixin.py:115} INFO - [2022-07-22 06:25:26,798] {dag.py:2931} INFO - Setting next_dagrun for xcom_dag to 2022-07-21T00:00:00+00:00, run_after=2022-07-22T00:00:00+00:00
[2022-07-22 06:25:27,023] {processor.py:161} INFO - Processing /opt/airflow/dags/xcom_dag.py took 6.052 seconds
[2022-07-22 06:25:57,616] {processor.py:153} INFO - Started process (PID=102) to work on /opt/airflow/dags/xcom_dag.py
[2022-07-22 06:25:57,633] {processor.py:641} INFO - Processing file /opt/airflow/dags/xcom_dag.py for tasks to queue
[2022-07-22 06:25:57,636] {logging_mixin.py:115} INFO - [2022-07-22 06:25:57,636] {dagbag.py:507} INFO - Filling up the DagBag from /opt/airflow/dags/xcom_dag.py
[2022-07-22 06:25:58,571] {processor.py:651} INFO - DAG(s) dict_keys(['xcom_dag']) retrieved from /opt/airflow/dags/xcom_dag.py
[2022-07-22 06:25:58,639] {logging_mixin.py:115} INFO - [2022-07-22 06:25:58,638] {dag.py:2379} INFO - Sync 1 DAGs
[2022-07-22 06:25:58,704] {logging_mixin.py:115} INFO - [2022-07-22 06:25:58,703] {dag.py:2931} INFO - Setting next_dagrun for xcom_dag to 2022-07-21T00:00:00+00:00, run_after=2022-07-22T00:00:00+00:00
[2022-07-22 06:25:58,733] {processor.py:161} INFO - Processing /opt/airflow/dags/xcom_dag.py took 1.121 seconds
[2022-07-22 06:26:29,116] {processor.py:153} INFO - Started process (PID=146) to work on /opt/airflow/dags/xcom_dag.py
[2022-07-22 06:26:29,129] {processor.py:641} INFO - Processing file /opt/airflow/dags/xcom_dag.py for tasks to queue
[2022-07-22 06:26:29,130] {logging_mixin.py:115} INFO - [2022-07-22 06:26:29,130] {dagbag.py:507} INFO - Filling up the DagBag from /opt/airflow/dags/xcom_dag.py
[2022-07-22 06:26:30,878] {processor.py:651} INFO - DAG(s) dict_keys(['xcom_dag']) retrieved from /opt/airflow/dags/xcom_dag.py
[2022-07-22 06:26:30,969] {logging_mixin.py:115} INFO - [2022-07-22 06:26:30,968] {dag.py:2379} INFO - Sync 1 DAGs
[2022-07-22 06:26:31,031] {logging_mixin.py:115} INFO - [2022-07-22 06:26:31,031] {dag.py:2931} INFO - Setting next_dagrun for xcom_dag to 2022-07-21T00:00:00+00:00, run_after=2022-07-22T00:00:00+00:00
[2022-07-22 06:26:31,069] {processor.py:161} INFO - Processing /opt/airflow/dags/xcom_dag.py took 1.985 seconds
[2022-07-22 06:27:01,204] {processor.py:153} INFO - Started process (PID=176) to work on /opt/airflow/dags/xcom_dag.py
[2022-07-22 06:27:01,228] {processor.py:641} INFO - Processing file /opt/airflow/dags/xcom_dag.py for tasks to queue
[2022-07-22 06:27:01,231] {logging_mixin.py:115} INFO - [2022-07-22 06:27:01,231] {dagbag.py:507} INFO - Filling up the DagBag from /opt/airflow/dags/xcom_dag.py
[2022-07-22 06:27:03,262] {processor.py:651} INFO - DAG(s) dict_keys(['xcom_dag']) retrieved from /opt/airflow/dags/xcom_dag.py
[2022-07-22 06:27:03,342] {logging_mixin.py:115} INFO - [2022-07-22 06:27:03,342] {dag.py:2379} INFO - Sync 1 DAGs
[2022-07-22 06:27:03,435] {logging_mixin.py:115} INFO - [2022-07-22 06:27:03,435] {dag.py:2931} INFO - Setting next_dagrun for xcom_dag to 2022-07-21T00:00:00+00:00, run_after=2022-07-22T00:00:00+00:00
[2022-07-22 06:27:03,492] {processor.py:161} INFO - Processing /opt/airflow/dags/xcom_dag.py took 2.292 seconds
[2022-07-22 06:27:34,304] {processor.py:153} INFO - Started process (PID=218) to work on /opt/airflow/dags/xcom_dag.py
[2022-07-22 06:27:34,305] {processor.py:641} INFO - Processing file /opt/airflow/dags/xcom_dag.py for tasks to queue
[2022-07-22 06:27:34,306] {logging_mixin.py:115} INFO - [2022-07-22 06:27:34,306] {dagbag.py:507} INFO - Filling up the DagBag from /opt/airflow/dags/xcom_dag.py
[2022-07-22 06:27:34,932] {processor.py:651} INFO - DAG(s) dict_keys(['xcom_dag']) retrieved from /opt/airflow/dags/xcom_dag.py
[2022-07-22 06:27:34,964] {logging_mixin.py:115} INFO - [2022-07-22 06:27:34,963] {dag.py:2379} INFO - Sync 1 DAGs
[2022-07-22 06:27:34,997] {logging_mixin.py:115} INFO - [2022-07-22 06:27:34,997] {dag.py:2931} INFO - Setting next_dagrun for xcom_dag to 2022-07-21T00:00:00+00:00, run_after=2022-07-22T00:00:00+00:00
[2022-07-22 06:27:35,013] {processor.py:161} INFO - Processing /opt/airflow/dags/xcom_dag.py took 0.716 seconds
[2022-07-22 06:28:05,234] {processor.py:153} INFO - Started process (PID=249) to work on /opt/airflow/dags/xcom_dag.py
[2022-07-22 06:28:05,260] {processor.py:641} INFO - Processing file /opt/airflow/dags/xcom_dag.py for tasks to queue
[2022-07-22 06:28:05,263] {logging_mixin.py:115} INFO - [2022-07-22 06:28:05,263] {dagbag.py:507} INFO - Filling up the DagBag from /opt/airflow/dags/xcom_dag.py
[2022-07-22 06:28:06,412] {processor.py:651} INFO - DAG(s) dict_keys(['xcom_dag']) retrieved from /opt/airflow/dags/xcom_dag.py
[2022-07-22 06:28:06,469] {logging_mixin.py:115} INFO - [2022-07-22 06:28:06,469] {dag.py:2379} INFO - Sync 1 DAGs
[2022-07-22 06:28:06,536] {logging_mixin.py:115} INFO - [2022-07-22 06:28:06,536] {dag.py:2931} INFO - Setting next_dagrun for xcom_dag to 2022-07-21T00:00:00+00:00, run_after=2022-07-22T00:00:00+00:00
[2022-07-22 06:28:06,569] {processor.py:161} INFO - Processing /opt/airflow/dags/xcom_dag.py took 1.357 seconds
[2022-07-22 06:28:36,935] {processor.py:153} INFO - Started process (PID=290) to work on /opt/airflow/dags/xcom_dag.py
[2022-07-22 06:28:36,944] {processor.py:641} INFO - Processing file /opt/airflow/dags/xcom_dag.py for tasks to queue
[2022-07-22 06:28:36,947] {logging_mixin.py:115} INFO - [2022-07-22 06:28:36,947] {dagbag.py:507} INFO - Filling up the DagBag from /opt/airflow/dags/xcom_dag.py
[2022-07-22 06:28:38,916] {processor.py:651} INFO - DAG(s) dict_keys(['xcom_dag']) retrieved from /opt/airflow/dags/xcom_dag.py
[2022-07-22 06:28:38,981] {logging_mixin.py:115} INFO - [2022-07-22 06:28:38,981] {dag.py:2379} INFO - Sync 1 DAGs
[2022-07-22 06:28:39,053] {logging_mixin.py:115} INFO - [2022-07-22 06:28:39,053] {dag.py:2931} INFO - Setting next_dagrun for xcom_dag to 2022-07-21T00:00:00+00:00, run_after=2022-07-22T00:00:00+00:00
[2022-07-22 06:28:39,085] {processor.py:161} INFO - Processing /opt/airflow/dags/xcom_dag.py took 2.154 seconds
[2022-07-22 06:29:09,228] {processor.py:153} INFO - Started process (PID=321) to work on /opt/airflow/dags/xcom_dag.py
[2022-07-22 06:29:09,229] {processor.py:641} INFO - Processing file /opt/airflow/dags/xcom_dag.py for tasks to queue
[2022-07-22 06:29:09,230] {logging_mixin.py:115} INFO - [2022-07-22 06:29:09,230] {dagbag.py:507} INFO - Filling up the DagBag from /opt/airflow/dags/xcom_dag.py
[2022-07-22 06:29:09,792] {processor.py:651} INFO - DAG(s) dict_keys(['xcom_dag']) retrieved from /opt/airflow/dags/xcom_dag.py
[2022-07-22 06:29:09,820] {logging_mixin.py:115} INFO - [2022-07-22 06:29:09,819] {dag.py:2379} INFO - Sync 1 DAGs
[2022-07-22 06:29:09,854] {logging_mixin.py:115} INFO - [2022-07-22 06:29:09,854] {dag.py:2931} INFO - Setting next_dagrun for xcom_dag to 2022-07-21T00:00:00+00:00, run_after=2022-07-22T00:00:00+00:00
[2022-07-22 06:29:09,868] {processor.py:161} INFO - Processing /opt/airflow/dags/xcom_dag.py took 0.644 seconds
[2022-07-22 06:29:40,620] {processor.py:153} INFO - Started process (PID=359) to work on /opt/airflow/dags/xcom_dag.py
[2022-07-22 06:29:40,656] {processor.py:641} INFO - Processing file /opt/airflow/dags/xcom_dag.py for tasks to queue
[2022-07-22 06:29:40,660] {logging_mixin.py:115} INFO - [2022-07-22 06:29:40,659] {dagbag.py:507} INFO - Filling up the DagBag from /opt/airflow/dags/xcom_dag.py
[2022-07-22 06:29:44,107] {processor.py:651} INFO - DAG(s) dict_keys(['xcom_dag']) retrieved from /opt/airflow/dags/xcom_dag.py
[2022-07-22 06:29:44,221] {logging_mixin.py:115} INFO - [2022-07-22 06:29:44,221] {dag.py:2379} INFO - Sync 1 DAGs
[2022-07-22 06:29:44,340] {logging_mixin.py:115} INFO - [2022-07-22 06:29:44,339] {dag.py:2931} INFO - Setting next_dagrun for xcom_dag to 2022-07-21T00:00:00+00:00, run_after=2022-07-22T00:00:00+00:00
[2022-07-22 06:29:44,409] {processor.py:161} INFO - Processing /opt/airflow/dags/xcom_dag.py took 3.793 seconds
[2022-07-22 06:30:15,226] {processor.py:153} INFO - Started process (PID=393) to work on /opt/airflow/dags/xcom_dag.py
[2022-07-22 06:30:15,232] {processor.py:641} INFO - Processing file /opt/airflow/dags/xcom_dag.py for tasks to queue
[2022-07-22 06:30:15,234] {logging_mixin.py:115} INFO - [2022-07-22 06:30:15,234] {dagbag.py:507} INFO - Filling up the DagBag from /opt/airflow/dags/xcom_dag.py
[2022-07-22 06:30:15,789] {processor.py:651} INFO - DAG(s) dict_keys(['xcom_dag']) retrieved from /opt/airflow/dags/xcom_dag.py
[2022-07-22 06:30:15,831] {logging_mixin.py:115} INFO - [2022-07-22 06:30:15,830] {dag.py:2379} INFO - Sync 1 DAGs
[2022-07-22 06:30:15,863] {logging_mixin.py:115} INFO - [2022-07-22 06:30:15,863] {dag.py:2931} INFO - Setting next_dagrun for xcom_dag to 2022-07-21T00:00:00+00:00, run_after=2022-07-22T00:00:00+00:00
[2022-07-22 06:30:15,885] {processor.py:161} INFO - Processing /opt/airflow/dags/xcom_dag.py took 0.663 seconds
[2022-07-22 06:30:46,079] {processor.py:153} INFO - Started process (PID=422) to work on /opt/airflow/dags/xcom_dag.py
[2022-07-22 06:30:46,080] {processor.py:641} INFO - Processing file /opt/airflow/dags/xcom_dag.py for tasks to queue
[2022-07-22 06:30:46,080] {logging_mixin.py:115} INFO - [2022-07-22 06:30:46,080] {dagbag.py:507} INFO - Filling up the DagBag from /opt/airflow/dags/xcom_dag.py
[2022-07-22 06:30:47,037] {processor.py:651} INFO - DAG(s) dict_keys(['xcom_dag']) retrieved from /opt/airflow/dags/xcom_dag.py
[2022-07-22 06:30:47,066] {logging_mixin.py:115} INFO - [2022-07-22 06:30:47,066] {dag.py:2379} INFO - Sync 1 DAGs
[2022-07-22 06:30:47,099] {logging_mixin.py:115} INFO - [2022-07-22 06:30:47,099] {dag.py:2931} INFO - Setting next_dagrun for xcom_dag to 2022-07-21T00:00:00+00:00, run_after=2022-07-22T00:00:00+00:00
[2022-07-22 06:30:47,117] {processor.py:161} INFO - Processing /opt/airflow/dags/xcom_dag.py took 1.041 seconds
[2022-07-22 06:31:18,012] {processor.py:153} INFO - Started process (PID=456) to work on /opt/airflow/dags/xcom_dag.py
[2022-07-22 06:31:18,018] {processor.py:641} INFO - Processing file /opt/airflow/dags/xcom_dag.py for tasks to queue
[2022-07-22 06:31:18,021] {logging_mixin.py:115} INFO - [2022-07-22 06:31:18,021] {dagbag.py:507} INFO - Filling up the DagBag from /opt/airflow/dags/xcom_dag.py
[2022-07-22 06:31:19,285] {processor.py:651} INFO - DAG(s) dict_keys(['xcom_dag']) retrieved from /opt/airflow/dags/xcom_dag.py
[2022-07-22 06:31:19,315] {logging_mixin.py:115} INFO - [2022-07-22 06:31:19,315] {dag.py:2379} INFO - Sync 1 DAGs
[2022-07-22 06:31:19,349] {logging_mixin.py:115} INFO - [2022-07-22 06:31:19,348] {dag.py:2931} INFO - Setting next_dagrun for xcom_dag to 2022-07-21T00:00:00+00:00, run_after=2022-07-22T00:00:00+00:00
[2022-07-22 06:31:19,364] {processor.py:161} INFO - Processing /opt/airflow/dags/xcom_dag.py took 1.360 seconds
[2022-07-22 06:31:50,394] {processor.py:153} INFO - Started process (PID=501) to work on /opt/airflow/dags/xcom_dag.py
[2022-07-22 06:31:50,403] {processor.py:641} INFO - Processing file /opt/airflow/dags/xcom_dag.py for tasks to queue
[2022-07-22 06:31:50,405] {logging_mixin.py:115} INFO - [2022-07-22 06:31:50,405] {dagbag.py:507} INFO - Filling up the DagBag from /opt/airflow/dags/xcom_dag.py
[2022-07-22 06:31:53,601] {processor.py:651} INFO - DAG(s) dict_keys(['xcom_dag']) retrieved from /opt/airflow/dags/xcom_dag.py
[2022-07-22 06:31:53,717] {logging_mixin.py:115} INFO - [2022-07-22 06:31:53,717] {dag.py:2379} INFO - Sync 1 DAGs
[2022-07-22 06:31:53,904] {logging_mixin.py:115} INFO - [2022-07-22 06:31:53,903] {dag.py:2931} INFO - Setting next_dagrun for xcom_dag to 2022-07-21T00:00:00+00:00, run_after=2022-07-22T00:00:00+00:00
[2022-07-22 06:31:53,995] {processor.py:161} INFO - Processing /opt/airflow/dags/xcom_dag.py took 3.621 seconds
[2022-07-22 06:32:24,865] {processor.py:153} INFO - Started process (PID=531) to work on /opt/airflow/dags/xcom_dag.py
[2022-07-22 06:32:24,868] {processor.py:641} INFO - Processing file /opt/airflow/dags/xcom_dag.py for tasks to queue
[2022-07-22 06:32:24,870] {logging_mixin.py:115} INFO - [2022-07-22 06:32:24,870] {dagbag.py:507} INFO - Filling up the DagBag from /opt/airflow/dags/xcom_dag.py
[2022-07-22 06:32:28,739] {processor.py:651} INFO - DAG(s) dict_keys(['xcom_dag']) retrieved from /opt/airflow/dags/xcom_dag.py
[2022-07-22 06:32:28,884] {logging_mixin.py:115} INFO - [2022-07-22 06:32:28,882] {dag.py:2379} INFO - Sync 1 DAGs
[2022-07-22 06:32:29,030] {logging_mixin.py:115} INFO - [2022-07-22 06:32:29,030] {dag.py:2931} INFO - Setting next_dagrun for xcom_dag to 2022-07-21T00:00:00+00:00, run_after=2022-07-22T00:00:00+00:00
[2022-07-22 06:32:29,099] {processor.py:161} INFO - Processing /opt/airflow/dags/xcom_dag.py took 4.285 seconds
[2022-07-22 06:32:59,436] {processor.py:153} INFO - Started process (PID=564) to work on /opt/airflow/dags/xcom_dag.py
[2022-07-22 06:32:59,445] {processor.py:641} INFO - Processing file /opt/airflow/dags/xcom_dag.py for tasks to queue
[2022-07-22 06:32:59,446] {logging_mixin.py:115} INFO - [2022-07-22 06:32:59,446] {dagbag.py:507} INFO - Filling up the DagBag from /opt/airflow/dags/xcom_dag.py
[2022-07-22 06:33:00,075] {processor.py:651} INFO - DAG(s) dict_keys(['xcom_dag']) retrieved from /opt/airflow/dags/xcom_dag.py
[2022-07-22 06:33:00,112] {logging_mixin.py:115} INFO - [2022-07-22 06:33:00,111] {dag.py:2379} INFO - Sync 1 DAGs
[2022-07-22 06:33:00,158] {logging_mixin.py:115} INFO - [2022-07-22 06:33:00,158] {dag.py:2931} INFO - Setting next_dagrun for xcom_dag to 2022-07-21T00:00:00+00:00, run_after=2022-07-22T00:00:00+00:00
[2022-07-22 06:33:00,177] {processor.py:161} INFO - Processing /opt/airflow/dags/xcom_dag.py took 0.746 seconds
[2022-07-22 06:33:32,816] {processor.py:153} INFO - Started process (PID=598) to work on /opt/airflow/dags/xcom_dag.py
[2022-07-22 06:33:32,829] {processor.py:641} INFO - Processing file /opt/airflow/dags/xcom_dag.py for tasks to queue
[2022-07-22 06:33:32,832] {logging_mixin.py:115} INFO - [2022-07-22 06:33:32,832] {dagbag.py:507} INFO - Filling up the DagBag from /opt/airflow/dags/xcom_dag.py
[2022-07-22 06:33:34,812] {processor.py:651} INFO - DAG(s) dict_keys(['xcom_dag']) retrieved from /opt/airflow/dags/xcom_dag.py
[2022-07-22 06:33:34,895] {logging_mixin.py:115} INFO - [2022-07-22 06:33:34,895] {dag.py:2379} INFO - Sync 1 DAGs
[2022-07-22 06:33:34,935] {logging_mixin.py:115} INFO - [2022-07-22 06:33:34,934] {dag.py:2931} INFO - Setting next_dagrun for xcom_dag to 2022-07-21T00:00:00+00:00, run_after=2022-07-22T00:00:00+00:00
[2022-07-22 06:33:34,957] {processor.py:161} INFO - Processing /opt/airflow/dags/xcom_dag.py took 2.164 seconds
[2022-07-22 06:34:05,580] {processor.py:153} INFO - Started process (PID=640) to work on /opt/airflow/dags/xcom_dag.py
[2022-07-22 06:34:05,597] {processor.py:641} INFO - Processing file /opt/airflow/dags/xcom_dag.py for tasks to queue
[2022-07-22 06:34:05,597] {logging_mixin.py:115} INFO - [2022-07-22 06:34:05,597] {dagbag.py:507} INFO - Filling up the DagBag from /opt/airflow/dags/xcom_dag.py
[2022-07-22 06:34:08,118] {processor.py:651} INFO - DAG(s) dict_keys(['xcom_dag']) retrieved from /opt/airflow/dags/xcom_dag.py
[2022-07-22 06:34:08,197] {logging_mixin.py:115} INFO - [2022-07-22 06:34:08,197] {dag.py:2379} INFO - Sync 1 DAGs
[2022-07-22 06:34:08,273] {logging_mixin.py:115} INFO - [2022-07-22 06:34:08,273] {dag.py:2931} INFO - Setting next_dagrun for xcom_dag to 2022-07-21T00:00:00+00:00, run_after=2022-07-22T00:00:00+00:00
[2022-07-22 06:34:08,297] {processor.py:161} INFO - Processing /opt/airflow/dags/xcom_dag.py took 2.741 seconds
[2022-07-22 06:34:39,092] {processor.py:153} INFO - Started process (PID=675) to work on /opt/airflow/dags/xcom_dag.py
[2022-07-22 06:34:39,108] {processor.py:641} INFO - Processing file /opt/airflow/dags/xcom_dag.py for tasks to queue
[2022-07-22 06:34:39,121] {logging_mixin.py:115} INFO - [2022-07-22 06:34:39,120] {dagbag.py:507} INFO - Filling up the DagBag from /opt/airflow/dags/xcom_dag.py
[2022-07-22 06:34:40,951] {processor.py:651} INFO - DAG(s) dict_keys(['xcom_dag']) retrieved from /opt/airflow/dags/xcom_dag.py
[2022-07-22 06:34:40,997] {logging_mixin.py:115} INFO - [2022-07-22 06:34:40,997] {dag.py:2379} INFO - Sync 1 DAGs
[2022-07-22 06:34:41,045] {logging_mixin.py:115} INFO - [2022-07-22 06:34:41,044] {dag.py:2931} INFO - Setting next_dagrun for xcom_dag to 2022-07-21T00:00:00+00:00, run_after=2022-07-22T00:00:00+00:00
[2022-07-22 06:34:41,059] {processor.py:161} INFO - Processing /opt/airflow/dags/xcom_dag.py took 1.979 seconds
[2022-07-22 06:35:11,306] {processor.py:153} INFO - Started process (PID=705) to work on /opt/airflow/dags/xcom_dag.py
[2022-07-22 06:35:11,307] {processor.py:641} INFO - Processing file /opt/airflow/dags/xcom_dag.py for tasks to queue
[2022-07-22 06:35:11,309] {logging_mixin.py:115} INFO - [2022-07-22 06:35:11,308] {dagbag.py:507} INFO - Filling up the DagBag from /opt/airflow/dags/xcom_dag.py
[2022-07-22 06:35:11,938] {processor.py:651} INFO - DAG(s) dict_keys(['xcom_dag']) retrieved from /opt/airflow/dags/xcom_dag.py
[2022-07-22 06:35:11,971] {logging_mixin.py:115} INFO - [2022-07-22 06:35:11,971] {dag.py:2379} INFO - Sync 1 DAGs
[2022-07-22 06:35:12,014] {logging_mixin.py:115} INFO - [2022-07-22 06:35:12,014] {dag.py:2931} INFO - Setting next_dagrun for xcom_dag to 2022-07-21T00:00:00+00:00, run_after=2022-07-22T00:00:00+00:00
[2022-07-22 06:35:12,031] {processor.py:161} INFO - Processing /opt/airflow/dags/xcom_dag.py took 0.728 seconds
[2022-07-22 06:35:42,448] {processor.py:153} INFO - Started process (PID=736) to work on /opt/airflow/dags/xcom_dag.py
[2022-07-22 06:35:42,450] {processor.py:641} INFO - Processing file /opt/airflow/dags/xcom_dag.py for tasks to queue
[2022-07-22 06:35:42,450] {logging_mixin.py:115} INFO - [2022-07-22 06:35:42,450] {dagbag.py:507} INFO - Filling up the DagBag from /opt/airflow/dags/xcom_dag.py
[2022-07-22 06:35:42,871] {processor.py:651} INFO - DAG(s) dict_keys(['xcom_dag']) retrieved from /opt/airflow/dags/xcom_dag.py
[2022-07-22 06:35:42,892] {logging_mixin.py:115} INFO - [2022-07-22 06:35:42,892] {dag.py:2379} INFO - Sync 1 DAGs
[2022-07-22 06:35:42,915] {logging_mixin.py:115} INFO - [2022-07-22 06:35:42,915] {dag.py:2931} INFO - Setting next_dagrun for xcom_dag to 2022-07-21T00:00:00+00:00, run_after=2022-07-22T00:00:00+00:00
[2022-07-22 06:35:42,926] {processor.py:161} INFO - Processing /opt/airflow/dags/xcom_dag.py took 0.481 seconds
