[2022-07-22 06:14:32,654] {processor.py:153} INFO - Started process (PID=73) to work on /opt/airflow/dags/xcom_dag_basic.py
[2022-07-22 06:14:32,695] {processor.py:641} INFO - Processing file /opt/airflow/dags/xcom_dag_basic.py for tasks to queue
[2022-07-22 06:14:32,736] {logging_mixin.py:115} INFO - [2022-07-22 06:14:32,696] {dagbag.py:507} INFO - Filling up the DagBag from /opt/airflow/dags/xcom_dag_basic.py
[2022-07-22 06:14:32,941] {processor.py:651} INFO - DAG(s) dict_keys(['xcom_dag_basic']) retrieved from /opt/airflow/dags/xcom_dag_basic.py
[2022-07-22 06:14:33,533] {logging_mixin.py:115} INFO - [2022-07-22 06:14:33,533] {dag.py:2379} INFO - Sync 1 DAGs
[2022-07-22 06:14:34,142] {logging_mixin.py:115} INFO - [2022-07-22 06:14:34,142] {dag.py:2931} INFO - Setting next_dagrun for xcom_dag_basic to 2022-07-21T00:00:00+00:00, run_after=2022-07-22T00:00:00+00:00
[2022-07-22 06:14:34,488] {processor.py:161} INFO - Processing /opt/airflow/dags/xcom_dag_basic.py took 1.935 seconds
[2022-07-22 06:15:05,202] {processor.py:153} INFO - Started process (PID=99) to work on /opt/airflow/dags/xcom_dag_basic.py
[2022-07-22 06:15:05,217] {processor.py:641} INFO - Processing file /opt/airflow/dags/xcom_dag_basic.py for tasks to queue
[2022-07-22 06:15:05,218] {logging_mixin.py:115} INFO - [2022-07-22 06:15:05,218] {dagbag.py:507} INFO - Filling up the DagBag from /opt/airflow/dags/xcom_dag_basic.py
[2022-07-22 06:15:05,615] {processor.py:651} INFO - DAG(s) dict_keys(['xcom_dag_basic']) retrieved from /opt/airflow/dags/xcom_dag_basic.py
[2022-07-22 06:15:06,269] {logging_mixin.py:115} INFO - [2022-07-22 06:15:06,269] {dag.py:2379} INFO - Sync 1 DAGs
[2022-07-22 06:15:07,060] {logging_mixin.py:115} INFO - [2022-07-22 06:15:07,060] {dag.py:2931} INFO - Setting next_dagrun for xcom_dag_basic to 2022-07-21T00:00:00+00:00, run_after=2022-07-22T00:00:00+00:00
[2022-07-22 06:15:07,336] {processor.py:161} INFO - Processing /opt/airflow/dags/xcom_dag_basic.py took 2.435 seconds
[2022-07-22 06:15:38,387] {processor.py:153} INFO - Started process (PID=130) to work on /opt/airflow/dags/xcom_dag_basic.py
[2022-07-22 06:15:38,482] {processor.py:641} INFO - Processing file /opt/airflow/dags/xcom_dag_basic.py for tasks to queue
[2022-07-22 06:15:38,491] {logging_mixin.py:115} INFO - [2022-07-22 06:15:38,491] {dagbag.py:507} INFO - Filling up the DagBag from /opt/airflow/dags/xcom_dag_basic.py
[2022-07-22 06:15:38,667] {processor.py:651} INFO - DAG(s) dict_keys(['xcom_dag_basic']) retrieved from /opt/airflow/dags/xcom_dag_basic.py
[2022-07-22 06:15:39,301] {logging_mixin.py:115} INFO - [2022-07-22 06:15:39,301] {dag.py:2379} INFO - Sync 1 DAGs
[2022-07-22 06:15:40,099] {logging_mixin.py:115} INFO - [2022-07-22 06:15:40,099] {dag.py:2931} INFO - Setting next_dagrun for xcom_dag_basic to 2022-07-21T00:00:00+00:00, run_after=2022-07-22T00:00:00+00:00
[2022-07-22 06:15:40,590] {processor.py:161} INFO - Processing /opt/airflow/dags/xcom_dag_basic.py took 2.232 seconds
[2022-07-22 06:19:18,775] {processor.py:153} INFO - Started process (PID=65) to work on /opt/airflow/dags/xcom_dag_basic.py
[2022-07-22 06:19:18,798] {processor.py:641} INFO - Processing file /opt/airflow/dags/xcom_dag_basic.py for tasks to queue
[2022-07-22 06:19:18,817] {logging_mixin.py:115} INFO - [2022-07-22 06:19:18,817] {dagbag.py:507} INFO - Filling up the DagBag from /opt/airflow/dags/xcom_dag_basic.py
[2022-07-22 06:19:18,898] {processor.py:651} INFO - DAG(s) dict_keys(['xcom_dag_basic']) retrieved from /opt/airflow/dags/xcom_dag_basic.py
[2022-07-22 06:19:19,158] {logging_mixin.py:115} INFO - [2022-07-22 06:19:19,158] {dag.py:2379} INFO - Sync 1 DAGs
[2022-07-22 06:19:19,410] {logging_mixin.py:115} INFO - [2022-07-22 06:19:19,409] {dag.py:2931} INFO - Setting next_dagrun for xcom_dag_basic to 2022-07-21T00:00:00+00:00, run_after=2022-07-22T00:00:00+00:00
[2022-07-22 06:19:19,521] {processor.py:161} INFO - Processing /opt/airflow/dags/xcom_dag_basic.py took 0.777 seconds
[2022-07-22 06:19:49,828] {processor.py:153} INFO - Started process (PID=93) to work on /opt/airflow/dags/xcom_dag_basic.py
[2022-07-22 06:19:49,829] {processor.py:641} INFO - Processing file /opt/airflow/dags/xcom_dag_basic.py for tasks to queue
[2022-07-22 06:19:49,830] {logging_mixin.py:115} INFO - [2022-07-22 06:19:49,830] {dagbag.py:507} INFO - Filling up the DagBag from /opt/airflow/dags/xcom_dag_basic.py
[2022-07-22 06:19:49,839] {processor.py:651} INFO - DAG(s) dict_keys(['xcom_dag_basic']) retrieved from /opt/airflow/dags/xcom_dag_basic.py
[2022-07-22 06:19:49,864] {logging_mixin.py:115} INFO - [2022-07-22 06:19:49,864] {dag.py:2379} INFO - Sync 1 DAGs
[2022-07-22 06:19:49,890] {logging_mixin.py:115} INFO - [2022-07-22 06:19:49,890] {dag.py:2931} INFO - Setting next_dagrun for xcom_dag_basic to 2022-07-21T00:00:00+00:00, run_after=2022-07-22T00:00:00+00:00
[2022-07-22 06:19:49,904] {processor.py:161} INFO - Processing /opt/airflow/dags/xcom_dag_basic.py took 0.079 seconds
[2022-07-22 06:25:20,053] {processor.py:153} INFO - Started process (PID=72) to work on /opt/airflow/dags/xcom_dag_basic.py
[2022-07-22 06:25:20,083] {processor.py:641} INFO - Processing file /opt/airflow/dags/xcom_dag_basic.py for tasks to queue
[2022-07-22 06:25:20,083] {logging_mixin.py:115} INFO - [2022-07-22 06:25:20,083] {dagbag.py:507} INFO - Filling up the DagBag from /opt/airflow/dags/xcom_dag_basic.py
[2022-07-22 06:25:20,194] {processor.py:651} INFO - DAG(s) dict_keys(['xcom_dag_basic']) retrieved from /opt/airflow/dags/xcom_dag_basic.py
[2022-07-22 06:25:20,509] {logging_mixin.py:115} INFO - [2022-07-22 06:25:20,509] {dag.py:2379} INFO - Sync 1 DAGs
[2022-07-22 06:25:20,798] {logging_mixin.py:115} INFO - [2022-07-22 06:25:20,798] {dag.py:2931} INFO - Setting next_dagrun for xcom_dag_basic to 2022-07-21T00:00:00+00:00, run_after=2022-07-22T00:00:00+00:00
[2022-07-22 06:25:20,895] {processor.py:161} INFO - Processing /opt/airflow/dags/xcom_dag_basic.py took 0.875 seconds
[2022-07-22 06:25:51,506] {processor.py:153} INFO - Started process (PID=100) to work on /opt/airflow/dags/xcom_dag_basic.py
[2022-07-22 06:25:51,506] {processor.py:641} INFO - Processing file /opt/airflow/dags/xcom_dag_basic.py for tasks to queue
[2022-07-22 06:25:51,507] {logging_mixin.py:115} INFO - [2022-07-22 06:25:51,507] {dagbag.py:507} INFO - Filling up the DagBag from /opt/airflow/dags/xcom_dag_basic.py
[2022-07-22 06:25:51,518] {processor.py:651} INFO - DAG(s) dict_keys(['xcom_dag_basic']) retrieved from /opt/airflow/dags/xcom_dag_basic.py
[2022-07-22 06:25:51,562] {logging_mixin.py:115} INFO - [2022-07-22 06:25:51,562] {dag.py:2379} INFO - Sync 1 DAGs
[2022-07-22 06:25:51,605] {logging_mixin.py:115} INFO - [2022-07-22 06:25:51,605] {dag.py:2931} INFO - Setting next_dagrun for xcom_dag_basic to 2022-07-21T00:00:00+00:00, run_after=2022-07-22T00:00:00+00:00
[2022-07-22 06:25:51,631] {processor.py:161} INFO - Processing /opt/airflow/dags/xcom_dag_basic.py took 0.128 seconds
[2022-07-22 06:26:21,939] {processor.py:153} INFO - Started process (PID=130) to work on /opt/airflow/dags/xcom_dag_basic.py
[2022-07-22 06:26:21,954] {processor.py:641} INFO - Processing file /opt/airflow/dags/xcom_dag_basic.py for tasks to queue
[2022-07-22 06:26:21,964] {logging_mixin.py:115} INFO - [2022-07-22 06:26:21,964] {dagbag.py:507} INFO - Filling up the DagBag from /opt/airflow/dags/xcom_dag_basic.py
[2022-07-22 06:26:21,994] {processor.py:651} INFO - DAG(s) dict_keys(['xcom_dag_basic']) retrieved from /opt/airflow/dags/xcom_dag_basic.py
[2022-07-22 06:26:22,053] {logging_mixin.py:115} INFO - [2022-07-22 06:26:22,053] {dag.py:2379} INFO - Sync 1 DAGs
[2022-07-22 06:26:22,128] {logging_mixin.py:115} INFO - [2022-07-22 06:26:22,128] {dag.py:2931} INFO - Setting next_dagrun for xcom_dag_basic to 2022-07-21T00:00:00+00:00, run_after=2022-07-22T00:00:00+00:00
[2022-07-22 06:26:22,159] {processor.py:161} INFO - Processing /opt/airflow/dags/xcom_dag_basic.py took 0.224 seconds
[2022-07-22 06:26:53,010] {processor.py:153} INFO - Started process (PID=174) to work on /opt/airflow/dags/xcom_dag_basic.py
[2022-07-22 06:26:53,012] {processor.py:641} INFO - Processing file /opt/airflow/dags/xcom_dag_basic.py for tasks to queue
[2022-07-22 06:26:53,013] {logging_mixin.py:115} INFO - [2022-07-22 06:26:53,013] {dagbag.py:507} INFO - Filling up the DagBag from /opt/airflow/dags/xcom_dag_basic.py
[2022-07-22 06:26:53,035] {processor.py:651} INFO - DAG(s) dict_keys(['xcom_dag_basic']) retrieved from /opt/airflow/dags/xcom_dag_basic.py
[2022-07-22 06:26:53,088] {logging_mixin.py:115} INFO - [2022-07-22 06:26:53,088] {dag.py:2379} INFO - Sync 1 DAGs
[2022-07-22 06:26:53,124] {logging_mixin.py:115} INFO - [2022-07-22 06:26:53,124] {dag.py:2931} INFO - Setting next_dagrun for xcom_dag_basic to 2022-07-21T00:00:00+00:00, run_after=2022-07-22T00:00:00+00:00
[2022-07-22 06:26:53,139] {processor.py:161} INFO - Processing /opt/airflow/dags/xcom_dag_basic.py took 0.138 seconds
[2022-07-22 06:27:24,237] {processor.py:153} INFO - Started process (PID=205) to work on /opt/airflow/dags/xcom_dag_basic.py
[2022-07-22 06:27:24,243] {processor.py:641} INFO - Processing file /opt/airflow/dags/xcom_dag_basic.py for tasks to queue
[2022-07-22 06:27:24,244] {logging_mixin.py:115} INFO - [2022-07-22 06:27:24,244] {dagbag.py:507} INFO - Filling up the DagBag from /opt/airflow/dags/xcom_dag_basic.py
[2022-07-22 06:27:24,256] {processor.py:651} INFO - DAG(s) dict_keys(['xcom_dag_basic']) retrieved from /opt/airflow/dags/xcom_dag_basic.py
[2022-07-22 06:27:24,281] {logging_mixin.py:115} INFO - [2022-07-22 06:27:24,281] {dag.py:2379} INFO - Sync 1 DAGs
[2022-07-22 06:27:24,316] {logging_mixin.py:115} INFO - [2022-07-22 06:27:24,315] {dag.py:2931} INFO - Setting next_dagrun for xcom_dag_basic to 2022-07-21T00:00:00+00:00, run_after=2022-07-22T00:00:00+00:00
[2022-07-22 06:27:24,328] {processor.py:161} INFO - Processing /opt/airflow/dags/xcom_dag_basic.py took 0.095 seconds
[2022-07-22 06:27:55,163] {processor.py:153} INFO - Started process (PID=247) to work on /opt/airflow/dags/xcom_dag_basic.py
[2022-07-22 06:27:55,165] {processor.py:641} INFO - Processing file /opt/airflow/dags/xcom_dag_basic.py for tasks to queue
[2022-07-22 06:27:55,168] {logging_mixin.py:115} INFO - [2022-07-22 06:27:55,168] {dagbag.py:507} INFO - Filling up the DagBag from /opt/airflow/dags/xcom_dag_basic.py
[2022-07-22 06:27:55,180] {processor.py:651} INFO - DAG(s) dict_keys(['xcom_dag_basic']) retrieved from /opt/airflow/dags/xcom_dag_basic.py
[2022-07-22 06:27:55,245] {logging_mixin.py:115} INFO - [2022-07-22 06:27:55,245] {dag.py:2379} INFO - Sync 1 DAGs
[2022-07-22 06:27:55,309] {logging_mixin.py:115} INFO - [2022-07-22 06:27:55,309] {dag.py:2931} INFO - Setting next_dagrun for xcom_dag_basic to 2022-07-21T00:00:00+00:00, run_after=2022-07-22T00:00:00+00:00
[2022-07-22 06:27:55,341] {processor.py:161} INFO - Processing /opt/airflow/dags/xcom_dag_basic.py took 0.181 seconds
[2022-07-22 06:28:25,867] {processor.py:153} INFO - Started process (PID=278) to work on /opt/airflow/dags/xcom_dag_basic.py
[2022-07-22 06:28:25,869] {processor.py:641} INFO - Processing file /opt/airflow/dags/xcom_dag_basic.py for tasks to queue
[2022-07-22 06:28:25,870] {logging_mixin.py:115} INFO - [2022-07-22 06:28:25,870] {dagbag.py:507} INFO - Filling up the DagBag from /opt/airflow/dags/xcom_dag_basic.py
[2022-07-22 06:28:25,893] {processor.py:651} INFO - DAG(s) dict_keys(['xcom_dag_basic']) retrieved from /opt/airflow/dags/xcom_dag_basic.py
[2022-07-22 06:28:25,927] {logging_mixin.py:115} INFO - [2022-07-22 06:28:25,927] {dag.py:2379} INFO - Sync 1 DAGs
[2022-07-22 06:28:25,966] {logging_mixin.py:115} INFO - [2022-07-22 06:28:25,966] {dag.py:2931} INFO - Setting next_dagrun for xcom_dag_basic to 2022-07-21T00:00:00+00:00, run_after=2022-07-22T00:00:00+00:00
[2022-07-22 06:28:25,983] {processor.py:161} INFO - Processing /opt/airflow/dags/xcom_dag_basic.py took 0.123 seconds
[2022-07-22 06:28:56,970] {processor.py:153} INFO - Started process (PID=310) to work on /opt/airflow/dags/xcom_dag_basic.py
[2022-07-22 06:28:56,972] {processor.py:641} INFO - Processing file /opt/airflow/dags/xcom_dag_basic.py for tasks to queue
[2022-07-22 06:28:56,973] {logging_mixin.py:115} INFO - [2022-07-22 06:28:56,973] {dagbag.py:507} INFO - Filling up the DagBag from /opt/airflow/dags/xcom_dag_basic.py
[2022-07-22 06:28:56,991] {processor.py:651} INFO - DAG(s) dict_keys(['xcom_dag_basic']) retrieved from /opt/airflow/dags/xcom_dag_basic.py
[2022-07-22 06:28:57,056] {logging_mixin.py:115} INFO - [2022-07-22 06:28:57,056] {dag.py:2379} INFO - Sync 1 DAGs
[2022-07-22 06:28:57,105] {logging_mixin.py:115} INFO - [2022-07-22 06:28:57,105] {dag.py:2931} INFO - Setting next_dagrun for xcom_dag_basic to 2022-07-21T00:00:00+00:00, run_after=2022-07-22T00:00:00+00:00
[2022-07-22 06:28:57,167] {processor.py:161} INFO - Processing /opt/airflow/dags/xcom_dag_basic.py took 0.221 seconds
[2022-07-22 06:29:28,472] {processor.py:153} INFO - Started process (PID=349) to work on /opt/airflow/dags/xcom_dag_basic.py
[2022-07-22 06:29:28,485] {processor.py:641} INFO - Processing file /opt/airflow/dags/xcom_dag_basic.py for tasks to queue
[2022-07-22 06:29:28,492] {logging_mixin.py:115} INFO - [2022-07-22 06:29:28,492] {dagbag.py:507} INFO - Filling up the DagBag from /opt/airflow/dags/xcom_dag_basic.py
[2022-07-22 06:29:28,531] {processor.py:651} INFO - DAG(s) dict_keys(['xcom_dag_basic']) retrieved from /opt/airflow/dags/xcom_dag_basic.py
[2022-07-22 06:29:28,614] {logging_mixin.py:115} INFO - [2022-07-22 06:29:28,614] {dag.py:2379} INFO - Sync 1 DAGs
[2022-07-22 06:29:28,696] {logging_mixin.py:115} INFO - [2022-07-22 06:29:28,695] {dag.py:2931} INFO - Setting next_dagrun for xcom_dag_basic to 2022-07-21T00:00:00+00:00, run_after=2022-07-22T00:00:00+00:00
[2022-07-22 06:29:28,731] {processor.py:161} INFO - Processing /opt/airflow/dags/xcom_dag_basic.py took 0.324 seconds
[2022-07-22 06:29:59,026] {processor.py:153} INFO - Started process (PID=383) to work on /opt/airflow/dags/xcom_dag_basic.py
[2022-07-22 06:29:59,040] {processor.py:641} INFO - Processing file /opt/airflow/dags/xcom_dag_basic.py for tasks to queue
[2022-07-22 06:29:59,048] {logging_mixin.py:115} INFO - [2022-07-22 06:29:59,041] {dagbag.py:507} INFO - Filling up the DagBag from /opt/airflow/dags/xcom_dag_basic.py
[2022-07-22 06:29:59,101] {processor.py:651} INFO - DAG(s) dict_keys(['xcom_dag_basic']) retrieved from /opt/airflow/dags/xcom_dag_basic.py
[2022-07-22 06:29:59,144] {logging_mixin.py:115} INFO - [2022-07-22 06:29:59,144] {dag.py:2379} INFO - Sync 1 DAGs
[2022-07-22 06:29:59,188] {logging_mixin.py:115} INFO - [2022-07-22 06:29:59,188] {dag.py:2931} INFO - Setting next_dagrun for xcom_dag_basic to 2022-07-21T00:00:00+00:00, run_after=2022-07-22T00:00:00+00:00
[2022-07-22 06:29:59,213] {processor.py:161} INFO - Processing /opt/airflow/dags/xcom_dag_basic.py took 0.206 seconds
[2022-07-22 06:30:29,981] {processor.py:153} INFO - Started process (PID=412) to work on /opt/airflow/dags/xcom_dag_basic.py
[2022-07-22 06:30:29,987] {processor.py:641} INFO - Processing file /opt/airflow/dags/xcom_dag_basic.py for tasks to queue
[2022-07-22 06:30:29,995] {logging_mixin.py:115} INFO - [2022-07-22 06:30:29,995] {dagbag.py:507} INFO - Filling up the DagBag from /opt/airflow/dags/xcom_dag_basic.py
[2022-07-22 06:30:30,022] {processor.py:651} INFO - DAG(s) dict_keys(['xcom_dag_basic']) retrieved from /opt/airflow/dags/xcom_dag_basic.py
[2022-07-22 06:30:30,062] {logging_mixin.py:115} INFO - [2022-07-22 06:30:30,062] {dag.py:2379} INFO - Sync 1 DAGs
[2022-07-22 06:30:30,104] {logging_mixin.py:115} INFO - [2022-07-22 06:30:30,104] {dag.py:2931} INFO - Setting next_dagrun for xcom_dag_basic to 2022-07-21T00:00:00+00:00, run_after=2022-07-22T00:00:00+00:00
[2022-07-22 06:30:30,122] {processor.py:161} INFO - Processing /opt/airflow/dags/xcom_dag_basic.py took 0.158 seconds
[2022-07-22 06:31:00,913] {processor.py:153} INFO - Started process (PID=445) to work on /opt/airflow/dags/xcom_dag_basic.py
[2022-07-22 06:31:00,922] {processor.py:641} INFO - Processing file /opt/airflow/dags/xcom_dag_basic.py for tasks to queue
[2022-07-22 06:31:00,925] {logging_mixin.py:115} INFO - [2022-07-22 06:31:00,925] {dagbag.py:507} INFO - Filling up the DagBag from /opt/airflow/dags/xcom_dag_basic.py
[2022-07-22 06:31:00,944] {processor.py:651} INFO - DAG(s) dict_keys(['xcom_dag_basic']) retrieved from /opt/airflow/dags/xcom_dag_basic.py
[2022-07-22 06:31:00,981] {logging_mixin.py:115} INFO - [2022-07-22 06:31:00,980] {dag.py:2379} INFO - Sync 1 DAGs
[2022-07-22 06:31:01,018] {logging_mixin.py:115} INFO - [2022-07-22 06:31:01,018] {dag.py:2931} INFO - Setting next_dagrun for xcom_dag_basic to 2022-07-21T00:00:00+00:00, run_after=2022-07-22T00:00:00+00:00
[2022-07-22 06:31:01,035] {processor.py:161} INFO - Processing /opt/airflow/dags/xcom_dag_basic.py took 0.130 seconds
[2022-07-22 06:31:31,091] {processor.py:153} INFO - Started process (PID=480) to work on /opt/airflow/dags/xcom_dag_basic.py
[2022-07-22 06:31:31,129] {processor.py:641} INFO - Processing file /opt/airflow/dags/xcom_dag_basic.py for tasks to queue
[2022-07-22 06:31:31,132] {logging_mixin.py:115} INFO - [2022-07-22 06:31:31,132] {dagbag.py:507} INFO - Filling up the DagBag from /opt/airflow/dags/xcom_dag_basic.py
[2022-07-22 06:31:31,163] {processor.py:651} INFO - DAG(s) dict_keys(['xcom_dag_basic']) retrieved from /opt/airflow/dags/xcom_dag_basic.py
[2022-07-22 06:31:31,211] {logging_mixin.py:115} INFO - [2022-07-22 06:31:31,211] {dag.py:2379} INFO - Sync 1 DAGs
[2022-07-22 06:31:31,252] {logging_mixin.py:115} INFO - [2022-07-22 06:31:31,252] {dag.py:2931} INFO - Setting next_dagrun for xcom_dag_basic to 2022-07-21T00:00:00+00:00, run_after=2022-07-22T00:00:00+00:00
[2022-07-22 06:31:31,272] {processor.py:161} INFO - Processing /opt/airflow/dags/xcom_dag_basic.py took 0.188 seconds
[2022-07-22 06:32:01,646] {processor.py:153} INFO - Started process (PID=512) to work on /opt/airflow/dags/xcom_dag_basic.py
[2022-07-22 06:32:01,654] {processor.py:641} INFO - Processing file /opt/airflow/dags/xcom_dag_basic.py for tasks to queue
[2022-07-22 06:32:01,657] {logging_mixin.py:115} INFO - [2022-07-22 06:32:01,657] {dagbag.py:507} INFO - Filling up the DagBag from /opt/airflow/dags/xcom_dag_basic.py
[2022-07-22 06:32:01,671] {processor.py:651} INFO - DAG(s) dict_keys(['xcom_dag_basic']) retrieved from /opt/airflow/dags/xcom_dag_basic.py
[2022-07-22 06:32:01,715] {logging_mixin.py:115} INFO - [2022-07-22 06:32:01,714] {dag.py:2379} INFO - Sync 1 DAGs
[2022-07-22 06:32:01,755] {logging_mixin.py:115} INFO - [2022-07-22 06:32:01,754] {dag.py:2931} INFO - Setting next_dagrun for xcom_dag_basic to 2022-07-21T00:00:00+00:00, run_after=2022-07-22T00:00:00+00:00
[2022-07-22 06:32:01,774] {processor.py:161} INFO - Processing /opt/airflow/dags/xcom_dag_basic.py took 0.143 seconds
[2022-07-22 06:32:31,997] {processor.py:153} INFO - Started process (PID=542) to work on /opt/airflow/dags/xcom_dag_basic.py
[2022-07-22 06:32:31,998] {processor.py:641} INFO - Processing file /opt/airflow/dags/xcom_dag_basic.py for tasks to queue
[2022-07-22 06:32:31,998] {logging_mixin.py:115} INFO - [2022-07-22 06:32:31,998] {dagbag.py:507} INFO - Filling up the DagBag from /opt/airflow/dags/xcom_dag_basic.py
[2022-07-22 06:32:32,009] {processor.py:651} INFO - DAG(s) dict_keys(['xcom_dag_basic']) retrieved from /opt/airflow/dags/xcom_dag_basic.py
[2022-07-22 06:32:32,040] {logging_mixin.py:115} INFO - [2022-07-22 06:32:32,039] {dag.py:2379} INFO - Sync 1 DAGs
[2022-07-22 06:32:32,086] {logging_mixin.py:115} INFO - [2022-07-22 06:32:32,085] {dag.py:2931} INFO - Setting next_dagrun for xcom_dag_basic to 2022-07-21T00:00:00+00:00, run_after=2022-07-22T00:00:00+00:00
[2022-07-22 06:32:32,101] {processor.py:161} INFO - Processing /opt/airflow/dags/xcom_dag_basic.py took 0.108 seconds
[2022-07-22 06:33:02,968] {processor.py:153} INFO - Started process (PID=573) to work on /opt/airflow/dags/xcom_dag_basic.py
[2022-07-22 06:33:02,975] {processor.py:641} INFO - Processing file /opt/airflow/dags/xcom_dag_basic.py for tasks to queue
[2022-07-22 06:33:02,976] {logging_mixin.py:115} INFO - [2022-07-22 06:33:02,976] {dagbag.py:507} INFO - Filling up the DagBag from /opt/airflow/dags/xcom_dag_basic.py
[2022-07-22 06:33:03,033] {processor.py:651} INFO - DAG(s) dict_keys(['xcom_dag_basic']) retrieved from /opt/airflow/dags/xcom_dag_basic.py
[2022-07-22 06:33:03,108] {logging_mixin.py:115} INFO - [2022-07-22 06:33:03,108] {dag.py:2379} INFO - Sync 1 DAGs
[2022-07-22 06:33:03,153] {logging_mixin.py:115} INFO - [2022-07-22 06:33:03,152] {dag.py:2931} INFO - Setting next_dagrun for xcom_dag_basic to 2022-07-21T00:00:00+00:00, run_after=2022-07-22T00:00:00+00:00
[2022-07-22 06:33:03,167] {processor.py:161} INFO - Processing /opt/airflow/dags/xcom_dag_basic.py took 0.218 seconds
[2022-07-22 06:33:34,511] {processor.py:153} INFO - Started process (PID=603) to work on /opt/airflow/dags/xcom_dag_basic.py
[2022-07-22 06:33:34,516] {processor.py:641} INFO - Processing file /opt/airflow/dags/xcom_dag_basic.py for tasks to queue
[2022-07-22 06:33:34,518] {logging_mixin.py:115} INFO - [2022-07-22 06:33:34,518] {dagbag.py:507} INFO - Filling up the DagBag from /opt/airflow/dags/xcom_dag_basic.py
[2022-07-22 06:33:34,552] {processor.py:651} INFO - DAG(s) dict_keys(['xcom_dag_basic']) retrieved from /opt/airflow/dags/xcom_dag_basic.py
[2022-07-22 06:33:34,683] {logging_mixin.py:115} INFO - [2022-07-22 06:33:34,683] {dag.py:2379} INFO - Sync 1 DAGs
[2022-07-22 06:33:34,824] {logging_mixin.py:115} INFO - [2022-07-22 06:33:34,824] {dag.py:2931} INFO - Setting next_dagrun for xcom_dag_basic to 2022-07-21T00:00:00+00:00, run_after=2022-07-22T00:00:00+00:00
[2022-07-22 06:33:34,840] {processor.py:161} INFO - Processing /opt/airflow/dags/xcom_dag_basic.py took 0.353 seconds
[2022-07-22 06:34:05,581] {processor.py:153} INFO - Started process (PID=639) to work on /opt/airflow/dags/xcom_dag_basic.py
[2022-07-22 06:34:05,585] {processor.py:641} INFO - Processing file /opt/airflow/dags/xcom_dag_basic.py for tasks to queue
[2022-07-22 06:34:05,588] {logging_mixin.py:115} INFO - [2022-07-22 06:34:05,585] {dagbag.py:507} INFO - Filling up the DagBag from /opt/airflow/dags/xcom_dag_basic.py
[2022-07-22 06:34:05,646] {processor.py:651} INFO - DAG(s) dict_keys(['xcom_dag_basic']) retrieved from /opt/airflow/dags/xcom_dag_basic.py
[2022-07-22 06:34:05,797] {logging_mixin.py:115} INFO - [2022-07-22 06:34:05,797] {dag.py:2379} INFO - Sync 1 DAGs
[2022-07-22 06:34:06,052] {logging_mixin.py:115} INFO - [2022-07-22 06:34:06,052] {dag.py:2931} INFO - Setting next_dagrun for xcom_dag_basic to 2022-07-21T00:00:00+00:00, run_after=2022-07-22T00:00:00+00:00
[2022-07-22 06:34:06,167] {processor.py:161} INFO - Processing /opt/airflow/dags/xcom_dag_basic.py took 0.615 seconds
[2022-07-22 06:34:36,322] {processor.py:153} INFO - Started process (PID=671) to work on /opt/airflow/dags/xcom_dag_basic.py
[2022-07-22 06:34:36,322] {processor.py:641} INFO - Processing file /opt/airflow/dags/xcom_dag_basic.py for tasks to queue
[2022-07-22 06:34:36,323] {logging_mixin.py:115} INFO - [2022-07-22 06:34:36,323] {dagbag.py:507} INFO - Filling up the DagBag from /opt/airflow/dags/xcom_dag_basic.py
[2022-07-22 06:34:36,419] {processor.py:651} INFO - DAG(s) dict_keys(['xcom_dag_basic']) retrieved from /opt/airflow/dags/xcom_dag_basic.py
[2022-07-22 06:34:36,641] {logging_mixin.py:115} INFO - [2022-07-22 06:34:36,641] {dag.py:2379} INFO - Sync 1 DAGs
[2022-07-22 06:34:36,858] {logging_mixin.py:115} INFO - [2022-07-22 06:34:36,858] {dag.py:2931} INFO - Setting next_dagrun for xcom_dag_basic to 2022-07-21T00:00:00+00:00, run_after=2022-07-22T00:00:00+00:00
[2022-07-22 06:34:36,977] {processor.py:161} INFO - Processing /opt/airflow/dags/xcom_dag_basic.py took 0.674 seconds
[2022-07-22 06:35:08,005] {processor.py:153} INFO - Started process (PID=700) to work on /opt/airflow/dags/xcom_dag_basic.py
[2022-07-22 06:35:08,008] {processor.py:641} INFO - Processing file /opt/airflow/dags/xcom_dag_basic.py for tasks to queue
[2022-07-22 06:35:08,011] {logging_mixin.py:115} INFO - [2022-07-22 06:35:08,010] {dagbag.py:507} INFO - Filling up the DagBag from /opt/airflow/dags/xcom_dag_basic.py
[2022-07-22 06:35:08,038] {processor.py:651} INFO - DAG(s) dict_keys(['xcom_dag_basic']) retrieved from /opt/airflow/dags/xcom_dag_basic.py
[2022-07-22 06:35:08,125] {logging_mixin.py:115} INFO - [2022-07-22 06:35:08,125] {dag.py:2379} INFO - Sync 1 DAGs
[2022-07-22 06:35:08,216] {logging_mixin.py:115} INFO - [2022-07-22 06:35:08,216] {dag.py:2931} INFO - Setting next_dagrun for xcom_dag_basic to 2022-07-21T00:00:00+00:00, run_after=2022-07-22T00:00:00+00:00
[2022-07-22 06:35:08,265] {processor.py:161} INFO - Processing /opt/airflow/dags/xcom_dag_basic.py took 0.289 seconds
[2022-07-22 06:35:38,581] {processor.py:153} INFO - Started process (PID=733) to work on /opt/airflow/dags/xcom_dag_basic.py
[2022-07-22 06:35:38,581] {processor.py:641} INFO - Processing file /opt/airflow/dags/xcom_dag_basic.py for tasks to queue
[2022-07-22 06:35:38,582] {logging_mixin.py:115} INFO - [2022-07-22 06:35:38,582] {dagbag.py:507} INFO - Filling up the DagBag from /opt/airflow/dags/xcom_dag_basic.py
[2022-07-22 06:35:38,593] {processor.py:651} INFO - DAG(s) dict_keys(['xcom_dag_basic']) retrieved from /opt/airflow/dags/xcom_dag_basic.py
[2022-07-22 06:35:38,624] {logging_mixin.py:115} INFO - [2022-07-22 06:35:38,624] {dag.py:2379} INFO - Sync 1 DAGs
[2022-07-22 06:35:38,653] {logging_mixin.py:115} INFO - [2022-07-22 06:35:38,653] {dag.py:2931} INFO - Setting next_dagrun for xcom_dag_basic to 2022-07-21T00:00:00+00:00, run_after=2022-07-22T00:00:00+00:00
[2022-07-22 06:35:38,666] {processor.py:161} INFO - Processing /opt/airflow/dags/xcom_dag_basic.py took 0.088 seconds
