[2022-07-05 10:21:35,538] {processor.py:153} INFO - Started process (PID=3787) to work on /opt/airflow/dags/trigger_rules2.py
[2022-07-05 10:21:35,539] {processor.py:641} INFO - Processing file /opt/airflow/dags/trigger_rules2.py for tasks to queue
[2022-07-05 10:21:35,540] {logging_mixin.py:115} INFO - [2022-07-05 10:21:35,540] {dagbag.py:507} INFO - Filling up the DagBag from /opt/airflow/dags/trigger_rules2.py
[2022-07-05 10:21:35,600] {logging_mixin.py:115} WARNING - /home/airflow/.local/lib/python3.7/site-packages/airflow/models/baseoperator.py:390 DeprecationWarning: none_failed_or_skipped Trigger Rule is deprecated. Please use `none_failed_min_one_success`.
[2022-07-05 10:21:35,610] {processor.py:651} INFO - DAG(s) dict_keys(['branch_operator_trigger_rules']) retrieved from /opt/airflow/dags/trigger_rules2.py
[2022-07-05 10:21:36,257] {logging_mixin.py:115} INFO - [2022-07-05 10:21:36,257] {manager.py:508} INFO - Created Permission View: can delete on DAG:branch_operator_trigger_rules
[2022-07-05 10:21:36,287] {logging_mixin.py:115} INFO - [2022-07-05 10:21:36,287] {manager.py:508} INFO - Created Permission View: can edit on DAG:branch_operator_trigger_rules
[2022-07-05 10:21:36,315] {logging_mixin.py:115} INFO - [2022-07-05 10:21:36,315] {manager.py:508} INFO - Created Permission View: can read on DAG:branch_operator_trigger_rules
[2022-07-05 10:21:36,318] {logging_mixin.py:115} INFO - [2022-07-05 10:21:36,318] {dag.py:2379} INFO - Sync 1 DAGs
[2022-07-05 10:21:36,351] {logging_mixin.py:115} INFO - [2022-07-05 10:21:36,350] {dag.py:2398} INFO - Creating ORM DAG for branch_operator_trigger_rules
[2022-07-05 10:21:36,396] {logging_mixin.py:115} INFO - [2022-07-05 10:21:36,396] {dag.py:2931} INFO - Setting next_dagrun for branch_operator_trigger_rules to 2022-07-04T00:00:00+00:00, run_after=2022-07-05T00:00:00+00:00
[2022-07-05 10:21:36,438] {processor.py:161} INFO - Processing /opt/airflow/dags/trigger_rules2.py took 0.908 seconds
[2022-07-05 10:22:06,879] {processor.py:153} INFO - Started process (PID=3820) to work on /opt/airflow/dags/trigger_rules2.py
[2022-07-05 10:22:06,880] {processor.py:641} INFO - Processing file /opt/airflow/dags/trigger_rules2.py for tasks to queue
[2022-07-05 10:22:06,881] {logging_mixin.py:115} INFO - [2022-07-05 10:22:06,881] {dagbag.py:507} INFO - Filling up the DagBag from /opt/airflow/dags/trigger_rules2.py
[2022-07-05 10:22:06,912] {logging_mixin.py:115} WARNING - /home/airflow/.local/lib/python3.7/site-packages/airflow/models/baseoperator.py:390 DeprecationWarning: none_failed_or_skipped Trigger Rule is deprecated. Please use `none_failed_min_one_success`.
[2022-07-05 10:22:06,914] {processor.py:651} INFO - DAG(s) dict_keys(['branch_operator_trigger_rules']) retrieved from /opt/airflow/dags/trigger_rules2.py
[2022-07-05 10:22:06,963] {logging_mixin.py:115} INFO - [2022-07-05 10:22:06,963] {dag.py:2379} INFO - Sync 1 DAGs
[2022-07-05 10:22:07,014] {logging_mixin.py:115} INFO - [2022-07-05 10:22:07,014] {dag.py:2931} INFO - Setting next_dagrun for branch_operator_trigger_rules to 2022-07-05T00:00:00+00:00, run_after=2022-07-06T00:00:00+00:00
[2022-07-05 10:22:07,049] {processor.py:161} INFO - Processing /opt/airflow/dags/trigger_rules2.py took 0.175 seconds
[2022-07-05 10:22:37,278] {processor.py:153} INFO - Started process (PID=3860) to work on /opt/airflow/dags/trigger_rules2.py
[2022-07-05 10:22:37,283] {processor.py:641} INFO - Processing file /opt/airflow/dags/trigger_rules2.py for tasks to queue
[2022-07-05 10:22:37,286] {logging_mixin.py:115} INFO - [2022-07-05 10:22:37,285] {dagbag.py:507} INFO - Filling up the DagBag from /opt/airflow/dags/trigger_rules2.py
[2022-07-05 10:22:37,325] {logging_mixin.py:115} WARNING - /home/airflow/.local/lib/python3.7/site-packages/airflow/models/baseoperator.py:390 DeprecationWarning: none_failed_or_skipped Trigger Rule is deprecated. Please use `none_failed_min_one_success`.
[2022-07-05 10:22:37,329] {processor.py:651} INFO - DAG(s) dict_keys(['branch_operator_trigger_rules']) retrieved from /opt/airflow/dags/trigger_rules2.py
[2022-07-05 10:22:37,368] {logging_mixin.py:115} INFO - [2022-07-05 10:22:37,368] {dag.py:2379} INFO - Sync 1 DAGs
[2022-07-05 10:22:37,407] {logging_mixin.py:115} INFO - [2022-07-05 10:22:37,407] {dag.py:2931} INFO - Setting next_dagrun for branch_operator_trigger_rules to 2022-07-05T00:00:00+00:00, run_after=2022-07-06T00:00:00+00:00
[2022-07-05 10:22:37,425] {processor.py:161} INFO - Processing /opt/airflow/dags/trigger_rules2.py took 0.151 seconds
[2022-07-05 10:23:08,399] {processor.py:153} INFO - Started process (PID=3895) to work on /opt/airflow/dags/trigger_rules2.py
[2022-07-05 10:23:08,400] {processor.py:641} INFO - Processing file /opt/airflow/dags/trigger_rules2.py for tasks to queue
[2022-07-05 10:23:08,401] {logging_mixin.py:115} INFO - [2022-07-05 10:23:08,401] {dagbag.py:507} INFO - Filling up the DagBag from /opt/airflow/dags/trigger_rules2.py
[2022-07-05 10:23:08,419] {logging_mixin.py:115} WARNING - /home/airflow/.local/lib/python3.7/site-packages/airflow/models/baseoperator.py:390 DeprecationWarning: none_failed_or_skipped Trigger Rule is deprecated. Please use `none_failed_min_one_success`.
[2022-07-05 10:23:08,421] {processor.py:651} INFO - DAG(s) dict_keys(['branch_operator_trigger_rules']) retrieved from /opt/airflow/dags/trigger_rules2.py
[2022-07-05 10:23:08,455] {logging_mixin.py:115} INFO - [2022-07-05 10:23:08,455] {dag.py:2379} INFO - Sync 1 DAGs
[2022-07-05 10:23:08,493] {logging_mixin.py:115} INFO - [2022-07-05 10:23:08,493] {dag.py:2931} INFO - Setting next_dagrun for branch_operator_trigger_rules to 2022-07-05T00:00:00+00:00, run_after=2022-07-06T00:00:00+00:00
[2022-07-05 10:23:08,510] {processor.py:161} INFO - Processing /opt/airflow/dags/trigger_rules2.py took 0.115 seconds
[2022-07-05 10:23:39,224] {processor.py:153} INFO - Started process (PID=3927) to work on /opt/airflow/dags/trigger_rules2.py
[2022-07-05 10:23:39,240] {processor.py:641} INFO - Processing file /opt/airflow/dags/trigger_rules2.py for tasks to queue
[2022-07-05 10:23:39,248] {logging_mixin.py:115} INFO - [2022-07-05 10:23:39,248] {dagbag.py:507} INFO - Filling up the DagBag from /opt/airflow/dags/trigger_rules2.py
[2022-07-05 10:23:39,391] {logging_mixin.py:115} WARNING - /home/airflow/.local/lib/python3.7/site-packages/airflow/models/baseoperator.py:390 DeprecationWarning: none_failed_or_skipped Trigger Rule is deprecated. Please use `none_failed_min_one_success`.
[2022-07-05 10:23:39,392] {processor.py:651} INFO - DAG(s) dict_keys(['branch_operator_trigger_rules']) retrieved from /opt/airflow/dags/trigger_rules2.py
[2022-07-05 10:23:39,567] {logging_mixin.py:115} INFO - [2022-07-05 10:23:39,567] {dag.py:2379} INFO - Sync 1 DAGs
[2022-07-05 10:23:39,801] {logging_mixin.py:115} INFO - [2022-07-05 10:23:39,801] {dag.py:2931} INFO - Setting next_dagrun for branch_operator_trigger_rules to 2022-07-05T00:00:00+00:00, run_after=2022-07-06T00:00:00+00:00
[2022-07-05 10:23:39,907] {processor.py:161} INFO - Processing /opt/airflow/dags/trigger_rules2.py took 0.687 seconds
[2022-07-05 10:24:10,822] {processor.py:153} INFO - Started process (PID=3971) to work on /opt/airflow/dags/trigger_rules2.py
[2022-07-05 10:24:10,836] {processor.py:641} INFO - Processing file /opt/airflow/dags/trigger_rules2.py for tasks to queue
[2022-07-05 10:24:10,839] {logging_mixin.py:115} INFO - [2022-07-05 10:24:10,839] {dagbag.py:507} INFO - Filling up the DagBag from /opt/airflow/dags/trigger_rules2.py
[2022-07-05 10:24:10,891] {logging_mixin.py:115} WARNING - /home/airflow/.local/lib/python3.7/site-packages/airflow/models/baseoperator.py:390 DeprecationWarning: none_failed_or_skipped Trigger Rule is deprecated. Please use `none_failed_min_one_success`.
[2022-07-05 10:24:10,895] {processor.py:651} INFO - DAG(s) dict_keys(['branch_operator_trigger_rules']) retrieved from /opt/airflow/dags/trigger_rules2.py
[2022-07-05 10:24:11,042] {logging_mixin.py:115} INFO - [2022-07-05 10:24:11,041] {dag.py:2379} INFO - Sync 1 DAGs
[2022-07-05 10:24:11,219] {logging_mixin.py:115} INFO - [2022-07-05 10:24:11,218] {dag.py:2931} INFO - Setting next_dagrun for branch_operator_trigger_rules to 2022-07-05T00:00:00+00:00, run_after=2022-07-06T00:00:00+00:00
[2022-07-05 10:24:11,290] {processor.py:161} INFO - Processing /opt/airflow/dags/trigger_rules2.py took 0.472 seconds
[2022-07-05 10:24:41,588] {processor.py:153} INFO - Started process (PID=4006) to work on /opt/airflow/dags/trigger_rules2.py
[2022-07-05 10:24:41,602] {processor.py:641} INFO - Processing file /opt/airflow/dags/trigger_rules2.py for tasks to queue
[2022-07-05 10:24:41,614] {logging_mixin.py:115} INFO - [2022-07-05 10:24:41,614] {dagbag.py:507} INFO - Filling up the DagBag from /opt/airflow/dags/trigger_rules2.py
[2022-07-05 10:24:41,734] {logging_mixin.py:115} WARNING - /home/airflow/.local/lib/python3.7/site-packages/airflow/models/baseoperator.py:390 DeprecationWarning: none_failed_or_skipped Trigger Rule is deprecated. Please use `none_failed_min_one_success`.
[2022-07-05 10:24:41,740] {processor.py:651} INFO - DAG(s) dict_keys(['branch_operator_trigger_rules']) retrieved from /opt/airflow/dags/trigger_rules2.py
[2022-07-05 10:24:41,810] {logging_mixin.py:115} INFO - [2022-07-05 10:24:41,810] {dag.py:2379} INFO - Sync 1 DAGs
[2022-07-05 10:24:41,939] {logging_mixin.py:115} INFO - [2022-07-05 10:24:41,939] {dag.py:2931} INFO - Setting next_dagrun for branch_operator_trigger_rules to 2022-07-05T00:00:00+00:00, run_after=2022-07-06T00:00:00+00:00
[2022-07-05 10:24:42,021] {processor.py:161} INFO - Processing /opt/airflow/dags/trigger_rules2.py took 0.440 seconds
[2022-07-05 10:25:12,413] {processor.py:153} INFO - Started process (PID=4049) to work on /opt/airflow/dags/trigger_rules2.py
[2022-07-05 10:25:12,424] {processor.py:641} INFO - Processing file /opt/airflow/dags/trigger_rules2.py for tasks to queue
[2022-07-05 10:25:12,425] {logging_mixin.py:115} INFO - [2022-07-05 10:25:12,425] {dagbag.py:507} INFO - Filling up the DagBag from /opt/airflow/dags/trigger_rules2.py
[2022-07-05 10:25:12,491] {logging_mixin.py:115} WARNING - /home/airflow/.local/lib/python3.7/site-packages/airflow/models/baseoperator.py:390 DeprecationWarning: none_failed_or_skipped Trigger Rule is deprecated. Please use `none_failed_min_one_success`.
[2022-07-05 10:25:12,499] {processor.py:651} INFO - DAG(s) dict_keys(['branch_operator_trigger_rules']) retrieved from /opt/airflow/dags/trigger_rules2.py
[2022-07-05 10:25:12,597] {logging_mixin.py:115} INFO - [2022-07-05 10:25:12,597] {dag.py:2379} INFO - Sync 1 DAGs
[2022-07-05 10:25:12,678] {logging_mixin.py:115} INFO - [2022-07-05 10:25:12,678] {dag.py:2931} INFO - Setting next_dagrun for branch_operator_trigger_rules to 2022-07-05T00:00:00+00:00, run_after=2022-07-06T00:00:00+00:00
[2022-07-05 10:25:12,719] {processor.py:161} INFO - Processing /opt/airflow/dags/trigger_rules2.py took 0.311 seconds
[2022-07-05 10:25:43,182] {processor.py:153} INFO - Started process (PID=4079) to work on /opt/airflow/dags/trigger_rules2.py
[2022-07-05 10:25:43,191] {processor.py:641} INFO - Processing file /opt/airflow/dags/trigger_rules2.py for tasks to queue
[2022-07-05 10:25:43,192] {logging_mixin.py:115} INFO - [2022-07-05 10:25:43,192] {dagbag.py:507} INFO - Filling up the DagBag from /opt/airflow/dags/trigger_rules2.py
[2022-07-05 10:25:43,279] {logging_mixin.py:115} WARNING - /home/airflow/.local/lib/python3.7/site-packages/airflow/models/baseoperator.py:390 DeprecationWarning: none_failed_or_skipped Trigger Rule is deprecated. Please use `none_failed_min_one_success`.
[2022-07-05 10:25:43,281] {processor.py:651} INFO - DAG(s) dict_keys(['branch_operator_trigger_rules']) retrieved from /opt/airflow/dags/trigger_rules2.py
[2022-07-05 10:25:43,397] {logging_mixin.py:115} INFO - [2022-07-05 10:25:43,397] {dag.py:2379} INFO - Sync 1 DAGs
[2022-07-05 10:25:43,517] {logging_mixin.py:115} INFO - [2022-07-05 10:25:43,505] {dag.py:2931} INFO - Setting next_dagrun for branch_operator_trigger_rules to 2022-07-05T00:00:00+00:00, run_after=2022-07-06T00:00:00+00:00
[2022-07-05 10:25:43,567] {processor.py:161} INFO - Processing /opt/airflow/dags/trigger_rules2.py took 0.389 seconds
[2022-07-05 10:26:13,736] {processor.py:153} INFO - Started process (PID=4120) to work on /opt/airflow/dags/trigger_rules2.py
[2022-07-05 10:26:13,745] {processor.py:641} INFO - Processing file /opt/airflow/dags/trigger_rules2.py for tasks to queue
[2022-07-05 10:26:13,745] {logging_mixin.py:115} INFO - [2022-07-05 10:26:13,745] {dagbag.py:507} INFO - Filling up the DagBag from /opt/airflow/dags/trigger_rules2.py
[2022-07-05 10:26:13,817] {logging_mixin.py:115} WARNING - /home/airflow/.local/lib/python3.7/site-packages/airflow/models/baseoperator.py:390 DeprecationWarning: none_failed_or_skipped Trigger Rule is deprecated. Please use `none_failed_min_one_success`.
[2022-07-05 10:26:13,823] {processor.py:651} INFO - DAG(s) dict_keys(['branch_operator_trigger_rules']) retrieved from /opt/airflow/dags/trigger_rules2.py
[2022-07-05 10:26:13,915] {logging_mixin.py:115} INFO - [2022-07-05 10:26:13,915] {dag.py:2379} INFO - Sync 1 DAGs
[2022-07-05 10:26:14,030] {logging_mixin.py:115} INFO - [2022-07-05 10:26:14,030] {dag.py:2931} INFO - Setting next_dagrun for branch_operator_trigger_rules to 2022-07-05T00:00:00+00:00, run_after=2022-07-06T00:00:00+00:00
[2022-07-05 10:26:14,076] {processor.py:161} INFO - Processing /opt/airflow/dags/trigger_rules2.py took 0.344 seconds
[2022-07-05 10:26:45,061] {processor.py:153} INFO - Started process (PID=4153) to work on /opt/airflow/dags/trigger_rules2.py
[2022-07-05 10:26:45,067] {processor.py:641} INFO - Processing file /opt/airflow/dags/trigger_rules2.py for tasks to queue
[2022-07-05 10:26:45,078] {logging_mixin.py:115} INFO - [2022-07-05 10:26:45,078] {dagbag.py:507} INFO - Filling up the DagBag from /opt/airflow/dags/trigger_rules2.py
[2022-07-05 10:26:45,158] {logging_mixin.py:115} WARNING - /home/airflow/.local/lib/python3.7/site-packages/airflow/models/baseoperator.py:390 DeprecationWarning: none_failed_or_skipped Trigger Rule is deprecated. Please use `none_failed_min_one_success`.
[2022-07-05 10:26:45,170] {processor.py:651} INFO - DAG(s) dict_keys(['branch_operator_trigger_rules']) retrieved from /opt/airflow/dags/trigger_rules2.py
[2022-07-05 10:26:45,336] {logging_mixin.py:115} INFO - [2022-07-05 10:26:45,336] {dag.py:2379} INFO - Sync 1 DAGs
[2022-07-05 10:26:45,434] {logging_mixin.py:115} INFO - [2022-07-05 10:26:45,434] {dag.py:2931} INFO - Setting next_dagrun for branch_operator_trigger_rules to 2022-07-05T00:00:00+00:00, run_after=2022-07-06T00:00:00+00:00
[2022-07-05 10:26:45,479] {processor.py:161} INFO - Processing /opt/airflow/dags/trigger_rules2.py took 0.426 seconds
[2022-07-05 10:27:15,649] {processor.py:153} INFO - Started process (PID=4186) to work on /opt/airflow/dags/trigger_rules2.py
[2022-07-05 10:27:15,658] {processor.py:641} INFO - Processing file /opt/airflow/dags/trigger_rules2.py for tasks to queue
[2022-07-05 10:27:15,659] {logging_mixin.py:115} INFO - [2022-07-05 10:27:15,659] {dagbag.py:507} INFO - Filling up the DagBag from /opt/airflow/dags/trigger_rules2.py
[2022-07-05 10:27:15,771] {logging_mixin.py:115} WARNING - /home/airflow/.local/lib/python3.7/site-packages/airflow/models/baseoperator.py:390 DeprecationWarning: none_failed_or_skipped Trigger Rule is deprecated. Please use `none_failed_min_one_success`.
[2022-07-05 10:27:15,777] {processor.py:651} INFO - DAG(s) dict_keys(['branch_operator_trigger_rules']) retrieved from /opt/airflow/dags/trigger_rules2.py
[2022-07-05 10:27:15,883] {logging_mixin.py:115} INFO - [2022-07-05 10:27:15,883] {dag.py:2379} INFO - Sync 1 DAGs
[2022-07-05 10:27:15,918] {logging_mixin.py:115} INFO - [2022-07-05 10:27:15,918] {dag.py:2931} INFO - Setting next_dagrun for branch_operator_trigger_rules to 2022-07-05T00:00:00+00:00, run_after=2022-07-06T00:00:00+00:00
[2022-07-05 10:27:15,935] {processor.py:161} INFO - Processing /opt/airflow/dags/trigger_rules2.py took 0.303 seconds
[2022-07-05 10:27:46,337] {processor.py:153} INFO - Started process (PID=4226) to work on /opt/airflow/dags/trigger_rules2.py
[2022-07-05 10:27:46,343] {processor.py:641} INFO - Processing file /opt/airflow/dags/trigger_rules2.py for tasks to queue
[2022-07-05 10:27:46,351] {logging_mixin.py:115} INFO - [2022-07-05 10:27:46,351] {dagbag.py:507} INFO - Filling up the DagBag from /opt/airflow/dags/trigger_rules2.py
[2022-07-05 10:27:46,405] {logging_mixin.py:115} WARNING - /home/airflow/.local/lib/python3.7/site-packages/airflow/models/baseoperator.py:390 DeprecationWarning: none_failed_or_skipped Trigger Rule is deprecated. Please use `none_failed_min_one_success`.
[2022-07-05 10:27:46,409] {processor.py:651} INFO - DAG(s) dict_keys(['branch_operator_trigger_rules']) retrieved from /opt/airflow/dags/trigger_rules2.py
[2022-07-05 10:27:46,475] {logging_mixin.py:115} INFO - [2022-07-05 10:27:46,475] {dag.py:2379} INFO - Sync 1 DAGs
[2022-07-05 10:27:46,549] {logging_mixin.py:115} INFO - [2022-07-05 10:27:46,549] {dag.py:2931} INFO - Setting next_dagrun for branch_operator_trigger_rules to 2022-07-05T00:00:00+00:00, run_after=2022-07-06T00:00:00+00:00
[2022-07-05 10:27:46,589] {processor.py:161} INFO - Processing /opt/airflow/dags/trigger_rules2.py took 0.257 seconds
[2022-07-05 10:28:18,114] {processor.py:153} INFO - Started process (PID=4259) to work on /opt/airflow/dags/trigger_rules2.py
[2022-07-05 10:28:18,121] {processor.py:641} INFO - Processing file /opt/airflow/dags/trigger_rules2.py for tasks to queue
[2022-07-05 10:28:18,122] {logging_mixin.py:115} INFO - [2022-07-05 10:28:18,122] {dagbag.py:507} INFO - Filling up the DagBag from /opt/airflow/dags/trigger_rules2.py
[2022-07-05 10:28:18,208] {logging_mixin.py:115} WARNING - /home/airflow/.local/lib/python3.7/site-packages/airflow/models/baseoperator.py:390 DeprecationWarning: none_failed_or_skipped Trigger Rule is deprecated. Please use `none_failed_min_one_success`.
[2022-07-05 10:28:18,211] {processor.py:651} INFO - DAG(s) dict_keys(['branch_operator_trigger_rules']) retrieved from /opt/airflow/dags/trigger_rules2.py
[2022-07-05 10:28:18,357] {logging_mixin.py:115} INFO - [2022-07-05 10:28:18,357] {dag.py:2379} INFO - Sync 1 DAGs
[2022-07-05 10:28:18,481] {logging_mixin.py:115} INFO - [2022-07-05 10:28:18,481] {dag.py:2931} INFO - Setting next_dagrun for branch_operator_trigger_rules to 2022-07-05T00:00:00+00:00, run_after=2022-07-06T00:00:00+00:00
[2022-07-05 10:28:18,561] {processor.py:161} INFO - Processing /opt/airflow/dags/trigger_rules2.py took 0.471 seconds
[2022-07-05 10:28:48,703] {processor.py:153} INFO - Started process (PID=4291) to work on /opt/airflow/dags/trigger_rules2.py
[2022-07-05 10:28:48,704] {processor.py:641} INFO - Processing file /opt/airflow/dags/trigger_rules2.py for tasks to queue
[2022-07-05 10:28:48,704] {logging_mixin.py:115} INFO - [2022-07-05 10:28:48,704] {dagbag.py:507} INFO - Filling up the DagBag from /opt/airflow/dags/trigger_rules2.py
[2022-07-05 10:28:48,746] {logging_mixin.py:115} WARNING - /home/airflow/.local/lib/python3.7/site-packages/airflow/models/baseoperator.py:390 DeprecationWarning: none_failed_or_skipped Trigger Rule is deprecated. Please use `none_failed_min_one_success`.
[2022-07-05 10:28:48,754] {processor.py:651} INFO - DAG(s) dict_keys(['branch_operator_trigger_rules']) retrieved from /opt/airflow/dags/trigger_rules2.py
[2022-07-05 10:28:48,841] {logging_mixin.py:115} INFO - [2022-07-05 10:28:48,840] {dag.py:2379} INFO - Sync 1 DAGs
[2022-07-05 10:28:48,897] {logging_mixin.py:115} INFO - [2022-07-05 10:28:48,897] {dag.py:2931} INFO - Setting next_dagrun for branch_operator_trigger_rules to 2022-07-05T00:00:00+00:00, run_after=2022-07-06T00:00:00+00:00
[2022-07-05 10:28:48,915] {processor.py:161} INFO - Processing /opt/airflow/dags/trigger_rules2.py took 0.230 seconds
[2022-07-05 10:29:19,066] {processor.py:153} INFO - Started process (PID=4338) to work on /opt/airflow/dags/trigger_rules2.py
[2022-07-05 10:29:19,079] {processor.py:641} INFO - Processing file /opt/airflow/dags/trigger_rules2.py for tasks to queue
[2022-07-05 10:29:19,082] {logging_mixin.py:115} INFO - [2022-07-05 10:29:19,082] {dagbag.py:507} INFO - Filling up the DagBag from /opt/airflow/dags/trigger_rules2.py
[2022-07-05 10:29:19,119] {logging_mixin.py:115} WARNING - /home/airflow/.local/lib/python3.7/site-packages/airflow/models/baseoperator.py:390 DeprecationWarning: none_failed_or_skipped Trigger Rule is deprecated. Please use `none_failed_min_one_success`.
[2022-07-05 10:29:19,127] {processor.py:651} INFO - DAG(s) dict_keys(['branch_operator_trigger_rules']) retrieved from /opt/airflow/dags/trigger_rules2.py
[2022-07-05 10:29:19,190] {logging_mixin.py:115} INFO - [2022-07-05 10:29:19,190] {dag.py:2379} INFO - Sync 1 DAGs
[2022-07-05 10:29:19,260] {logging_mixin.py:115} INFO - [2022-07-05 10:29:19,260] {dag.py:2931} INFO - Setting next_dagrun for branch_operator_trigger_rules to 2022-07-05T00:00:00+00:00, run_after=2022-07-06T00:00:00+00:00
[2022-07-05 10:29:19,295] {processor.py:161} INFO - Processing /opt/airflow/dags/trigger_rules2.py took 0.232 seconds
[2022-07-05 10:29:49,735] {processor.py:153} INFO - Started process (PID=4367) to work on /opt/airflow/dags/trigger_rules2.py
[2022-07-05 10:29:49,740] {processor.py:641} INFO - Processing file /opt/airflow/dags/trigger_rules2.py for tasks to queue
[2022-07-05 10:29:49,745] {logging_mixin.py:115} INFO - [2022-07-05 10:29:49,744] {dagbag.py:507} INFO - Filling up the DagBag from /opt/airflow/dags/trigger_rules2.py
[2022-07-05 10:29:49,895] {logging_mixin.py:115} WARNING - /home/airflow/.local/lib/python3.7/site-packages/airflow/models/baseoperator.py:390 DeprecationWarning: none_failed_or_skipped Trigger Rule is deprecated. Please use `none_failed_min_one_success`.
[2022-07-05 10:29:49,910] {processor.py:651} INFO - DAG(s) dict_keys(['branch_operator_trigger_rules']) retrieved from /opt/airflow/dags/trigger_rules2.py
[2022-07-05 10:29:50,029] {logging_mixin.py:115} INFO - [2022-07-05 10:29:50,029] {dag.py:2379} INFO - Sync 1 DAGs
[2022-07-05 10:29:50,152] {logging_mixin.py:115} INFO - [2022-07-05 10:29:50,152] {dag.py:2931} INFO - Setting next_dagrun for branch_operator_trigger_rules to 2022-07-05T00:00:00+00:00, run_after=2022-07-06T00:00:00+00:00
[2022-07-05 10:29:50,241] {processor.py:161} INFO - Processing /opt/airflow/dags/trigger_rules2.py took 0.534 seconds
[2022-07-05 10:30:20,867] {processor.py:153} INFO - Started process (PID=4410) to work on /opt/airflow/dags/trigger_rules2.py
[2022-07-05 10:30:20,873] {processor.py:641} INFO - Processing file /opt/airflow/dags/trigger_rules2.py for tasks to queue
[2022-07-05 10:30:20,876] {logging_mixin.py:115} INFO - [2022-07-05 10:30:20,876] {dagbag.py:507} INFO - Filling up the DagBag from /opt/airflow/dags/trigger_rules2.py
[2022-07-05 10:30:20,921] {logging_mixin.py:115} WARNING - /home/airflow/.local/lib/python3.7/site-packages/airflow/models/baseoperator.py:390 DeprecationWarning: none_failed_or_skipped Trigger Rule is deprecated. Please use `none_failed_min_one_success`.
[2022-07-05 10:30:20,929] {processor.py:651} INFO - DAG(s) dict_keys(['branch_operator_trigger_rules']) retrieved from /opt/airflow/dags/trigger_rules2.py
[2022-07-05 10:30:20,972] {logging_mixin.py:115} INFO - [2022-07-05 10:30:20,972] {dag.py:2379} INFO - Sync 1 DAGs
[2022-07-05 10:30:21,039] {logging_mixin.py:115} INFO - [2022-07-05 10:30:21,038] {dag.py:2931} INFO - Setting next_dagrun for branch_operator_trigger_rules to 2022-07-05T00:00:00+00:00, run_after=2022-07-06T00:00:00+00:00
[2022-07-05 10:30:21,071] {processor.py:161} INFO - Processing /opt/airflow/dags/trigger_rules2.py took 0.216 seconds
[2022-07-05 10:30:51,564] {processor.py:153} INFO - Started process (PID=4441) to work on /opt/airflow/dags/trigger_rules2.py
[2022-07-05 10:30:51,568] {processor.py:641} INFO - Processing file /opt/airflow/dags/trigger_rules2.py for tasks to queue
[2022-07-05 10:30:51,573] {logging_mixin.py:115} INFO - [2022-07-05 10:30:51,573] {dagbag.py:507} INFO - Filling up the DagBag from /opt/airflow/dags/trigger_rules2.py
[2022-07-05 10:30:51,609] {logging_mixin.py:115} WARNING - /home/airflow/.local/lib/python3.7/site-packages/airflow/models/baseoperator.py:390 DeprecationWarning: none_failed_or_skipped Trigger Rule is deprecated. Please use `none_failed_min_one_success`.
[2022-07-05 10:30:51,613] {processor.py:651} INFO - DAG(s) dict_keys(['branch_operator_trigger_rules']) retrieved from /opt/airflow/dags/trigger_rules2.py
[2022-07-05 10:30:51,655] {logging_mixin.py:115} INFO - [2022-07-05 10:30:51,655] {dag.py:2379} INFO - Sync 1 DAGs
[2022-07-05 10:30:51,704] {logging_mixin.py:115} INFO - [2022-07-05 10:30:51,703] {dag.py:2931} INFO - Setting next_dagrun for branch_operator_trigger_rules to 2022-07-05T00:00:00+00:00, run_after=2022-07-06T00:00:00+00:00
[2022-07-05 10:30:51,721] {processor.py:161} INFO - Processing /opt/airflow/dags/trigger_rules2.py took 0.161 seconds
[2022-07-05 10:31:22,183] {processor.py:153} INFO - Started process (PID=4472) to work on /opt/airflow/dags/trigger_rules2.py
[2022-07-05 10:31:22,184] {processor.py:641} INFO - Processing file /opt/airflow/dags/trigger_rules2.py for tasks to queue
[2022-07-05 10:31:22,185] {logging_mixin.py:115} INFO - [2022-07-05 10:31:22,185] {dagbag.py:507} INFO - Filling up the DagBag from /opt/airflow/dags/trigger_rules2.py
[2022-07-05 10:31:22,210] {logging_mixin.py:115} WARNING - /home/airflow/.local/lib/python3.7/site-packages/airflow/models/baseoperator.py:390 DeprecationWarning: none_failed_or_skipped Trigger Rule is deprecated. Please use `none_failed_min_one_success`.
[2022-07-05 10:31:22,212] {processor.py:651} INFO - DAG(s) dict_keys(['branch_operator_trigger_rules']) retrieved from /opt/airflow/dags/trigger_rules2.py
[2022-07-05 10:31:22,254] {logging_mixin.py:115} INFO - [2022-07-05 10:31:22,254] {dag.py:2379} INFO - Sync 1 DAGs
[2022-07-05 10:31:22,316] {logging_mixin.py:115} INFO - [2022-07-05 10:31:22,316] {dag.py:2931} INFO - Setting next_dagrun for branch_operator_trigger_rules to 2022-07-05T00:00:00+00:00, run_after=2022-07-06T00:00:00+00:00
[2022-07-05 10:31:22,348] {processor.py:161} INFO - Processing /opt/airflow/dags/trigger_rules2.py took 0.181 seconds
[2022-07-05 10:31:52,762] {processor.py:153} INFO - Started process (PID=4508) to work on /opt/airflow/dags/trigger_rules2.py
[2022-07-05 10:31:52,765] {processor.py:641} INFO - Processing file /opt/airflow/dags/trigger_rules2.py for tasks to queue
[2022-07-05 10:31:52,768] {logging_mixin.py:115} INFO - [2022-07-05 10:31:52,767] {dagbag.py:507} INFO - Filling up the DagBag from /opt/airflow/dags/trigger_rules2.py
[2022-07-05 10:31:52,787] {logging_mixin.py:115} WARNING - /home/airflow/.local/lib/python3.7/site-packages/airflow/models/baseoperator.py:390 DeprecationWarning: none_failed_or_skipped Trigger Rule is deprecated. Please use `none_failed_min_one_success`.
[2022-07-05 10:31:52,788] {processor.py:651} INFO - DAG(s) dict_keys(['branch_operator_trigger_rules']) retrieved from /opt/airflow/dags/trigger_rules2.py
[2022-07-05 10:31:52,837] {logging_mixin.py:115} INFO - [2022-07-05 10:31:52,836] {dag.py:2379} INFO - Sync 1 DAGs
[2022-07-05 10:31:52,877] {logging_mixin.py:115} INFO - [2022-07-05 10:31:52,877] {dag.py:2931} INFO - Setting next_dagrun for branch_operator_trigger_rules to 2022-07-05T00:00:00+00:00, run_after=2022-07-06T00:00:00+00:00
[2022-07-05 10:31:52,899] {processor.py:161} INFO - Processing /opt/airflow/dags/trigger_rules2.py took 0.141 seconds
[2022-07-05 10:32:23,689] {processor.py:153} INFO - Started process (PID=4539) to work on /opt/airflow/dags/trigger_rules2.py
[2022-07-05 10:32:23,695] {processor.py:641} INFO - Processing file /opt/airflow/dags/trigger_rules2.py for tasks to queue
[2022-07-05 10:32:23,696] {logging_mixin.py:115} INFO - [2022-07-05 10:32:23,696] {dagbag.py:507} INFO - Filling up the DagBag from /opt/airflow/dags/trigger_rules2.py
[2022-07-05 10:32:23,723] {logging_mixin.py:115} WARNING - /home/airflow/.local/lib/python3.7/site-packages/airflow/models/baseoperator.py:390 DeprecationWarning: none_failed_or_skipped Trigger Rule is deprecated. Please use `none_failed_min_one_success`.
[2022-07-05 10:32:23,726] {processor.py:651} INFO - DAG(s) dict_keys(['branch_operator_trigger_rules']) retrieved from /opt/airflow/dags/trigger_rules2.py
[2022-07-05 10:32:23,778] {logging_mixin.py:115} INFO - [2022-07-05 10:32:23,778] {dag.py:2379} INFO - Sync 1 DAGs
[2022-07-05 10:32:23,859] {logging_mixin.py:115} INFO - [2022-07-05 10:32:23,859] {dag.py:2931} INFO - Setting next_dagrun for branch_operator_trigger_rules to 2022-07-05T00:00:00+00:00, run_after=2022-07-06T00:00:00+00:00
[2022-07-05 10:32:23,928] {processor.py:161} INFO - Processing /opt/airflow/dags/trigger_rules2.py took 0.249 seconds
[2022-07-05 10:32:54,014] {processor.py:153} INFO - Started process (PID=4572) to work on /opt/airflow/dags/trigger_rules2.py
[2022-07-05 10:32:54,019] {processor.py:641} INFO - Processing file /opt/airflow/dags/trigger_rules2.py for tasks to queue
[2022-07-05 10:32:54,020] {logging_mixin.py:115} INFO - [2022-07-05 10:32:54,020] {dagbag.py:507} INFO - Filling up the DagBag from /opt/airflow/dags/trigger_rules2.py
[2022-07-05 10:32:54,046] {logging_mixin.py:115} WARNING - /home/airflow/.local/lib/python3.7/site-packages/airflow/models/baseoperator.py:390 DeprecationWarning: none_failed_or_skipped Trigger Rule is deprecated. Please use `none_failed_min_one_success`.
[2022-07-05 10:32:54,048] {processor.py:651} INFO - DAG(s) dict_keys(['branch_operator_trigger_rules']) retrieved from /opt/airflow/dags/trigger_rules2.py
[2022-07-05 10:32:54,076] {logging_mixin.py:115} INFO - [2022-07-05 10:32:54,075] {dag.py:2379} INFO - Sync 1 DAGs
[2022-07-05 10:32:54,108] {logging_mixin.py:115} INFO - [2022-07-05 10:32:54,108] {dag.py:2931} INFO - Setting next_dagrun for branch_operator_trigger_rules to 2022-07-05T00:00:00+00:00, run_after=2022-07-06T00:00:00+00:00
[2022-07-05 10:32:54,134] {processor.py:161} INFO - Processing /opt/airflow/dags/trigger_rules2.py took 0.125 seconds
[2022-07-05 10:33:24,640] {processor.py:153} INFO - Started process (PID=4603) to work on /opt/airflow/dags/trigger_rules2.py
[2022-07-05 10:33:24,641] {processor.py:641} INFO - Processing file /opt/airflow/dags/trigger_rules2.py for tasks to queue
[2022-07-05 10:33:24,642] {logging_mixin.py:115} INFO - [2022-07-05 10:33:24,642] {dagbag.py:507} INFO - Filling up the DagBag from /opt/airflow/dags/trigger_rules2.py
[2022-07-05 10:33:24,663] {logging_mixin.py:115} WARNING - /home/airflow/.local/lib/python3.7/site-packages/airflow/models/baseoperator.py:390 DeprecationWarning: none_failed_or_skipped Trigger Rule is deprecated. Please use `none_failed_min_one_success`.
[2022-07-05 10:33:24,664] {processor.py:651} INFO - DAG(s) dict_keys(['branch_operator_trigger_rules']) retrieved from /opt/airflow/dags/trigger_rules2.py
[2022-07-05 10:33:24,713] {logging_mixin.py:115} INFO - [2022-07-05 10:33:24,713] {dag.py:2379} INFO - Sync 1 DAGs
[2022-07-05 10:33:24,749] {logging_mixin.py:115} INFO - [2022-07-05 10:33:24,749] {dag.py:2931} INFO - Setting next_dagrun for branch_operator_trigger_rules to 2022-07-05T00:00:00+00:00, run_after=2022-07-06T00:00:00+00:00
[2022-07-05 10:33:24,768] {processor.py:161} INFO - Processing /opt/airflow/dags/trigger_rules2.py took 0.132 seconds
[2022-07-05 10:33:55,174] {processor.py:153} INFO - Started process (PID=4633) to work on /opt/airflow/dags/trigger_rules2.py
[2022-07-05 10:33:55,186] {processor.py:641} INFO - Processing file /opt/airflow/dags/trigger_rules2.py for tasks to queue
[2022-07-05 10:33:55,188] {logging_mixin.py:115} INFO - [2022-07-05 10:33:55,188] {dagbag.py:507} INFO - Filling up the DagBag from /opt/airflow/dags/trigger_rules2.py
[2022-07-05 10:33:55,236] {logging_mixin.py:115} WARNING - /home/airflow/.local/lib/python3.7/site-packages/airflow/models/baseoperator.py:390 DeprecationWarning: none_failed_or_skipped Trigger Rule is deprecated. Please use `none_failed_min_one_success`.
[2022-07-05 10:33:55,243] {processor.py:651} INFO - DAG(s) dict_keys(['branch_operator_trigger_rules']) retrieved from /opt/airflow/dags/trigger_rules2.py
[2022-07-05 10:33:55,324] {logging_mixin.py:115} INFO - [2022-07-05 10:33:55,324] {dag.py:2379} INFO - Sync 1 DAGs
[2022-07-05 10:33:55,415] {logging_mixin.py:115} INFO - [2022-07-05 10:33:55,415] {dag.py:2931} INFO - Setting next_dagrun for branch_operator_trigger_rules to 2022-07-05T00:00:00+00:00, run_after=2022-07-06T00:00:00+00:00
[2022-07-05 10:33:55,520] {processor.py:161} INFO - Processing /opt/airflow/dags/trigger_rules2.py took 0.350 seconds
[2022-07-05 10:34:26,171] {processor.py:153} INFO - Started process (PID=4664) to work on /opt/airflow/dags/trigger_rules2.py
[2022-07-05 10:34:26,172] {processor.py:641} INFO - Processing file /opt/airflow/dags/trigger_rules2.py for tasks to queue
[2022-07-05 10:34:26,173] {logging_mixin.py:115} INFO - [2022-07-05 10:34:26,173] {dagbag.py:507} INFO - Filling up the DagBag from /opt/airflow/dags/trigger_rules2.py
[2022-07-05 10:34:26,219] {logging_mixin.py:115} WARNING - /home/airflow/.local/lib/python3.7/site-packages/airflow/models/baseoperator.py:390 DeprecationWarning: none_failed_or_skipped Trigger Rule is deprecated. Please use `none_failed_min_one_success`.
[2022-07-05 10:34:26,221] {processor.py:651} INFO - DAG(s) dict_keys(['branch_operator_trigger_rules']) retrieved from /opt/airflow/dags/trigger_rules2.py
[2022-07-05 10:34:26,282] {logging_mixin.py:115} INFO - [2022-07-05 10:34:26,282] {dag.py:2379} INFO - Sync 1 DAGs
[2022-07-05 10:34:26,344] {logging_mixin.py:115} INFO - [2022-07-05 10:34:26,344] {dag.py:2931} INFO - Setting next_dagrun for branch_operator_trigger_rules to 2022-07-05T00:00:00+00:00, run_after=2022-07-06T00:00:00+00:00
[2022-07-05 10:34:26,363] {processor.py:161} INFO - Processing /opt/airflow/dags/trigger_rules2.py took 0.201 seconds
[2022-07-05 10:34:56,477] {processor.py:153} INFO - Started process (PID=4694) to work on /opt/airflow/dags/trigger_rules2.py
[2022-07-05 10:34:56,482] {processor.py:641} INFO - Processing file /opt/airflow/dags/trigger_rules2.py for tasks to queue
[2022-07-05 10:34:56,485] {logging_mixin.py:115} INFO - [2022-07-05 10:34:56,485] {dagbag.py:507} INFO - Filling up the DagBag from /opt/airflow/dags/trigger_rules2.py
[2022-07-05 10:34:56,581] {logging_mixin.py:115} WARNING - /home/airflow/.local/lib/python3.7/site-packages/airflow/models/baseoperator.py:390 DeprecationWarning: none_failed_or_skipped Trigger Rule is deprecated. Please use `none_failed_min_one_success`.
[2022-07-05 10:34:56,590] {processor.py:651} INFO - DAG(s) dict_keys(['branch_operator_trigger_rules']) retrieved from /opt/airflow/dags/trigger_rules2.py
[2022-07-05 10:34:56,800] {logging_mixin.py:115} INFO - [2022-07-05 10:34:56,800] {dag.py:2379} INFO - Sync 1 DAGs
[2022-07-05 10:34:56,939] {logging_mixin.py:115} INFO - [2022-07-05 10:34:56,938] {dag.py:2931} INFO - Setting next_dagrun for branch_operator_trigger_rules to 2022-07-05T00:00:00+00:00, run_after=2022-07-06T00:00:00+00:00
[2022-07-05 10:34:56,994] {processor.py:161} INFO - Processing /opt/airflow/dags/trigger_rules2.py took 0.521 seconds
[2022-07-05 10:35:27,508] {processor.py:153} INFO - Started process (PID=4725) to work on /opt/airflow/dags/trigger_rules2.py
[2022-07-05 10:35:27,511] {processor.py:641} INFO - Processing file /opt/airflow/dags/trigger_rules2.py for tasks to queue
[2022-07-05 10:35:27,511] {logging_mixin.py:115} INFO - [2022-07-05 10:35:27,511] {dagbag.py:507} INFO - Filling up the DagBag from /opt/airflow/dags/trigger_rules2.py
[2022-07-05 10:35:27,588] {logging_mixin.py:115} WARNING - /home/airflow/.local/lib/python3.7/site-packages/airflow/models/baseoperator.py:390 DeprecationWarning: none_failed_or_skipped Trigger Rule is deprecated. Please use `none_failed_min_one_success`.
[2022-07-05 10:35:27,592] {processor.py:651} INFO - DAG(s) dict_keys(['branch_operator_trigger_rules']) retrieved from /opt/airflow/dags/trigger_rules2.py
[2022-07-05 10:35:27,682] {logging_mixin.py:115} INFO - [2022-07-05 10:35:27,681] {dag.py:2379} INFO - Sync 1 DAGs
[2022-07-05 10:35:27,784] {logging_mixin.py:115} INFO - [2022-07-05 10:35:27,784] {dag.py:2931} INFO - Setting next_dagrun for branch_operator_trigger_rules to 2022-07-05T00:00:00+00:00, run_after=2022-07-06T00:00:00+00:00
[2022-07-05 10:35:27,822] {processor.py:161} INFO - Processing /opt/airflow/dags/trigger_rules2.py took 0.321 seconds
[2022-07-05 10:35:58,300] {processor.py:153} INFO - Started process (PID=4764) to work on /opt/airflow/dags/trigger_rules2.py
[2022-07-05 10:35:58,317] {processor.py:641} INFO - Processing file /opt/airflow/dags/trigger_rules2.py for tasks to queue
[2022-07-05 10:35:58,317] {logging_mixin.py:115} INFO - [2022-07-05 10:35:58,317] {dagbag.py:507} INFO - Filling up the DagBag from /opt/airflow/dags/trigger_rules2.py
[2022-07-05 10:35:58,453] {logging_mixin.py:115} WARNING - /home/airflow/.local/lib/python3.7/site-packages/airflow/models/baseoperator.py:390 DeprecationWarning: none_failed_or_skipped Trigger Rule is deprecated. Please use `none_failed_min_one_success`.
[2022-07-05 10:35:58,467] {processor.py:651} INFO - DAG(s) dict_keys(['branch_operator_trigger_rules']) retrieved from /opt/airflow/dags/trigger_rules2.py
[2022-07-05 10:35:58,656] {logging_mixin.py:115} INFO - [2022-07-05 10:35:58,656] {dag.py:2379} INFO - Sync 1 DAGs
[2022-07-05 10:35:58,846] {logging_mixin.py:115} INFO - [2022-07-05 10:35:58,846] {dag.py:2931} INFO - Setting next_dagrun for branch_operator_trigger_rules to 2022-07-05T00:00:00+00:00, run_after=2022-07-06T00:00:00+00:00
[2022-07-05 10:35:58,949] {processor.py:161} INFO - Processing /opt/airflow/dags/trigger_rules2.py took 0.660 seconds
[2022-07-05 10:36:29,608] {processor.py:153} INFO - Started process (PID=4799) to work on /opt/airflow/dags/trigger_rules2.py
[2022-07-05 10:36:29,613] {processor.py:641} INFO - Processing file /opt/airflow/dags/trigger_rules2.py for tasks to queue
[2022-07-05 10:36:29,614] {logging_mixin.py:115} INFO - [2022-07-05 10:36:29,614] {dagbag.py:507} INFO - Filling up the DagBag from /opt/airflow/dags/trigger_rules2.py
[2022-07-05 10:36:29,663] {logging_mixin.py:115} WARNING - /home/airflow/.local/lib/python3.7/site-packages/airflow/models/baseoperator.py:390 DeprecationWarning: none_failed_or_skipped Trigger Rule is deprecated. Please use `none_failed_min_one_success`.
[2022-07-05 10:36:29,681] {processor.py:651} INFO - DAG(s) dict_keys(['branch_operator_trigger_rules']) retrieved from /opt/airflow/dags/trigger_rules2.py
[2022-07-05 10:36:29,785] {logging_mixin.py:115} INFO - [2022-07-05 10:36:29,785] {dag.py:2379} INFO - Sync 1 DAGs
[2022-07-05 10:36:29,882] {logging_mixin.py:115} INFO - [2022-07-05 10:36:29,881] {dag.py:2931} INFO - Setting next_dagrun for branch_operator_trigger_rules to 2022-07-05T00:00:00+00:00, run_after=2022-07-06T00:00:00+00:00
[2022-07-05 10:36:29,933] {processor.py:161} INFO - Processing /opt/airflow/dags/trigger_rules2.py took 0.341 seconds
[2022-07-05 10:37:00,028] {processor.py:153} INFO - Started process (PID=4830) to work on /opt/airflow/dags/trigger_rules2.py
[2022-07-05 10:37:00,032] {processor.py:641} INFO - Processing file /opt/airflow/dags/trigger_rules2.py for tasks to queue
[2022-07-05 10:37:00,035] {logging_mixin.py:115} INFO - [2022-07-05 10:37:00,035] {dagbag.py:507} INFO - Filling up the DagBag from /opt/airflow/dags/trigger_rules2.py
[2022-07-05 10:37:00,058] {logging_mixin.py:115} WARNING - /home/airflow/.local/lib/python3.7/site-packages/airflow/models/baseoperator.py:390 DeprecationWarning: none_failed_or_skipped Trigger Rule is deprecated. Please use `none_failed_min_one_success`.
[2022-07-05 10:37:00,060] {processor.py:651} INFO - DAG(s) dict_keys(['branch_operator_trigger_rules']) retrieved from /opt/airflow/dags/trigger_rules2.py
[2022-07-05 10:37:00,093] {logging_mixin.py:115} INFO - [2022-07-05 10:37:00,093] {dag.py:2379} INFO - Sync 1 DAGs
[2022-07-05 10:37:00,134] {logging_mixin.py:115} INFO - [2022-07-05 10:37:00,134] {dag.py:2931} INFO - Setting next_dagrun for branch_operator_trigger_rules to 2022-07-05T00:00:00+00:00, run_after=2022-07-06T00:00:00+00:00
[2022-07-05 10:37:00,162] {processor.py:161} INFO - Processing /opt/airflow/dags/trigger_rules2.py took 0.138 seconds
[2022-07-05 10:37:31,058] {processor.py:153} INFO - Started process (PID=4862) to work on /opt/airflow/dags/trigger_rules2.py
[2022-07-05 10:37:31,058] {processor.py:641} INFO - Processing file /opt/airflow/dags/trigger_rules2.py for tasks to queue
[2022-07-05 10:37:31,061] {logging_mixin.py:115} INFO - [2022-07-05 10:37:31,061] {dagbag.py:507} INFO - Filling up the DagBag from /opt/airflow/dags/trigger_rules2.py
[2022-07-05 10:37:31,099] {logging_mixin.py:115} WARNING - /home/airflow/.local/lib/python3.7/site-packages/airflow/models/baseoperator.py:390 DeprecationWarning: none_failed_or_skipped Trigger Rule is deprecated. Please use `none_failed_min_one_success`.
[2022-07-05 10:37:31,106] {processor.py:651} INFO - DAG(s) dict_keys(['branch_operator_trigger_rules']) retrieved from /opt/airflow/dags/trigger_rules2.py
[2022-07-05 10:37:31,193] {logging_mixin.py:115} INFO - [2022-07-05 10:37:31,193] {dag.py:2379} INFO - Sync 1 DAGs
[2022-07-05 10:37:31,256] {logging_mixin.py:115} INFO - [2022-07-05 10:37:31,256] {dag.py:2931} INFO - Setting next_dagrun for branch_operator_trigger_rules to 2022-07-05T00:00:00+00:00, run_after=2022-07-06T00:00:00+00:00
[2022-07-05 10:37:31,294] {processor.py:161} INFO - Processing /opt/airflow/dags/trigger_rules2.py took 0.242 seconds
[2022-07-05 10:38:01,549] {processor.py:153} INFO - Started process (PID=4893) to work on /opt/airflow/dags/trigger_rules2.py
[2022-07-05 10:38:01,553] {processor.py:641} INFO - Processing file /opt/airflow/dags/trigger_rules2.py for tasks to queue
[2022-07-05 10:38:01,556] {logging_mixin.py:115} INFO - [2022-07-05 10:38:01,556] {dagbag.py:507} INFO - Filling up the DagBag from /opt/airflow/dags/trigger_rules2.py
[2022-07-05 10:38:01,598] {logging_mixin.py:115} WARNING - /home/airflow/.local/lib/python3.7/site-packages/airflow/models/baseoperator.py:390 DeprecationWarning: none_failed_or_skipped Trigger Rule is deprecated. Please use `none_failed_min_one_success`.
[2022-07-05 10:38:01,607] {processor.py:651} INFO - DAG(s) dict_keys(['branch_operator_trigger_rules']) retrieved from /opt/airflow/dags/trigger_rules2.py
[2022-07-05 10:38:01,643] {logging_mixin.py:115} INFO - [2022-07-05 10:38:01,643] {dag.py:2379} INFO - Sync 1 DAGs
[2022-07-05 10:38:01,682] {logging_mixin.py:115} INFO - [2022-07-05 10:38:01,682] {dag.py:2931} INFO - Setting next_dagrun for branch_operator_trigger_rules to 2022-07-05T00:00:00+00:00, run_after=2022-07-06T00:00:00+00:00
[2022-07-05 10:38:01,709] {processor.py:161} INFO - Processing /opt/airflow/dags/trigger_rules2.py took 0.164 seconds
