[2022-07-05 10:01:33,936] {processor.py:153} INFO - Started process (PID=2527) to work on /opt/airflow/dags/triggers_rules.py
[2022-07-05 10:01:33,943] {processor.py:641} INFO - Processing file /opt/airflow/dags/triggers_rules.py for tasks to queue
[2022-07-05 10:01:33,951] {logging_mixin.py:115} INFO - [2022-07-05 10:01:33,951] {dagbag.py:507} INFO - Filling up the DagBag from /opt/airflow/dags/triggers_rules.py
[2022-07-05 10:01:34,065] {processor.py:651} INFO - DAG(s) dict_keys(['python_branch_operator']) retrieved from /opt/airflow/dags/triggers_rules.py
[2022-07-05 10:01:34,523] {logging_mixin.py:115} INFO - [2022-07-05 10:01:34,522] {dag.py:2379} INFO - Sync 1 DAGs
[2022-07-05 10:01:35,648] {logging_mixin.py:115} INFO - [2022-07-05 10:01:35,647] {dag.py:2931} INFO - Setting next_dagrun for python_branch_operator to 2022-07-05T00:00:00+00:00, run_after=2022-07-06T00:00:00+00:00
[2022-07-05 10:01:35,737] {processor.py:161} INFO - Processing /opt/airflow/dags/triggers_rules.py took 1.816 seconds
[2022-07-05 10:02:05,861] {processor.py:153} INFO - Started process (PID=2559) to work on /opt/airflow/dags/triggers_rules.py
[2022-07-05 10:02:05,862] {processor.py:641} INFO - Processing file /opt/airflow/dags/triggers_rules.py for tasks to queue
[2022-07-05 10:02:05,863] {logging_mixin.py:115} INFO - [2022-07-05 10:02:05,863] {dagbag.py:507} INFO - Filling up the DagBag from /opt/airflow/dags/triggers_rules.py
[2022-07-05 10:02:05,915] {processor.py:651} INFO - DAG(s) dict_keys(['python_branch_operator']) retrieved from /opt/airflow/dags/triggers_rules.py
[2022-07-05 10:02:06,005] {logging_mixin.py:115} INFO - [2022-07-05 10:02:06,005] {dag.py:2379} INFO - Sync 1 DAGs
[2022-07-05 10:02:06,042] {logging_mixin.py:115} INFO - [2022-07-05 10:02:06,041] {dag.py:2931} INFO - Setting next_dagrun for python_branch_operator to 2022-07-05T00:00:00+00:00, run_after=2022-07-06T00:00:00+00:00
[2022-07-05 10:02:06,106] {processor.py:161} INFO - Processing /opt/airflow/dags/triggers_rules.py took 0.265 seconds
[2022-07-05 10:02:08,197] {processor.py:153} INFO - Started process (PID=2564) to work on /opt/airflow/dags/triggers_rules.py
[2022-07-05 10:02:08,198] {processor.py:641} INFO - Processing file /opt/airflow/dags/triggers_rules.py for tasks to queue
[2022-07-05 10:02:08,198] {logging_mixin.py:115} INFO - [2022-07-05 10:02:08,198] {dagbag.py:507} INFO - Filling up the DagBag from /opt/airflow/dags/triggers_rules.py
[2022-07-05 10:02:08,258] {processor.py:651} INFO - DAG(s) dict_keys(['python_branch_operator']) retrieved from /opt/airflow/dags/triggers_rules.py
[2022-07-05 10:02:08,398] {logging_mixin.py:115} INFO - [2022-07-05 10:02:08,398] {dag.py:2379} INFO - Sync 1 DAGs
[2022-07-05 10:02:08,508] {logging_mixin.py:115} INFO - [2022-07-05 10:02:08,504] {dag.py:2931} INFO - Setting next_dagrun for python_branch_operator to 2022-07-05T00:00:00+00:00, run_after=2022-07-06T00:00:00+00:00
[2022-07-05 10:02:08,546] {processor.py:161} INFO - Processing /opt/airflow/dags/triggers_rules.py took 0.357 seconds
[2022-07-05 10:02:39,131] {processor.py:153} INFO - Started process (PID=2594) to work on /opt/airflow/dags/triggers_rules.py
[2022-07-05 10:02:39,161] {processor.py:641} INFO - Processing file /opt/airflow/dags/triggers_rules.py for tasks to queue
[2022-07-05 10:02:39,165] {logging_mixin.py:115} INFO - [2022-07-05 10:02:39,165] {dagbag.py:507} INFO - Filling up the DagBag from /opt/airflow/dags/triggers_rules.py
[2022-07-05 10:02:39,304] {processor.py:651} INFO - DAG(s) dict_keys(['python_branch_operator']) retrieved from /opt/airflow/dags/triggers_rules.py
[2022-07-05 10:02:39,507] {logging_mixin.py:115} INFO - [2022-07-05 10:02:39,506] {dag.py:2379} INFO - Sync 1 DAGs
[2022-07-05 10:02:39,963] {logging_mixin.py:115} INFO - [2022-07-05 10:02:39,963] {dag.py:2931} INFO - Setting next_dagrun for python_branch_operator to 2022-07-05T00:00:00+00:00, run_after=2022-07-06T00:00:00+00:00
[2022-07-05 10:02:40,191] {processor.py:161} INFO - Processing /opt/airflow/dags/triggers_rules.py took 1.101 seconds
[2022-07-05 10:02:48,064] {processor.py:153} INFO - Started process (PID=2595) to work on /opt/airflow/dags/triggers_rules.py
[2022-07-05 10:02:48,065] {processor.py:641} INFO - Processing file /opt/airflow/dags/triggers_rules.py for tasks to queue
[2022-07-05 10:02:48,066] {logging_mixin.py:115} INFO - [2022-07-05 10:02:48,065] {dagbag.py:507} INFO - Filling up the DagBag from /opt/airflow/dags/triggers_rules.py
[2022-07-05 10:02:48,079] {processor.py:651} INFO - DAG(s) dict_keys(['python_branch_operator']) retrieved from /opt/airflow/dags/triggers_rules.py
[2022-07-05 10:02:48,153] {logging_mixin.py:115} INFO - [2022-07-05 10:02:48,152] {dag.py:2379} INFO - Sync 1 DAGs
[2022-07-05 10:02:48,383] {logging_mixin.py:115} INFO - [2022-07-05 10:02:48,383] {dag.py:2931} INFO - Setting next_dagrun for python_branch_operator to 2022-07-05T00:00:00+00:00, run_after=2022-07-06T00:00:00+00:00
[2022-07-05 10:02:48,400] {processor.py:161} INFO - Processing /opt/airflow/dags/triggers_rules.py took 0.339 seconds
[2022-07-05 10:03:19,260] {processor.py:153} INFO - Started process (PID=2626) to work on /opt/airflow/dags/triggers_rules.py
[2022-07-05 10:03:19,261] {processor.py:641} INFO - Processing file /opt/airflow/dags/triggers_rules.py for tasks to queue
[2022-07-05 10:03:19,262] {logging_mixin.py:115} INFO - [2022-07-05 10:03:19,262] {dagbag.py:507} INFO - Filling up the DagBag from /opt/airflow/dags/triggers_rules.py
[2022-07-05 10:03:19,276] {processor.py:651} INFO - DAG(s) dict_keys(['python_branch_operator']) retrieved from /opt/airflow/dags/triggers_rules.py
[2022-07-05 10:03:19,333] {logging_mixin.py:115} INFO - [2022-07-05 10:03:19,333] {dag.py:2379} INFO - Sync 1 DAGs
[2022-07-05 10:03:19,384] {logging_mixin.py:115} INFO - [2022-07-05 10:03:19,384] {dag.py:2931} INFO - Setting next_dagrun for python_branch_operator to 2022-07-05T00:00:00+00:00, run_after=2022-07-06T00:00:00+00:00
[2022-07-05 10:03:19,402] {processor.py:161} INFO - Processing /opt/airflow/dags/triggers_rules.py took 0.146 seconds
[2022-07-05 10:03:43,113] {processor.py:153} INFO - Started process (PID=2647) to work on /opt/airflow/dags/triggers_rules.py
[2022-07-05 10:03:43,119] {processor.py:641} INFO - Processing file /opt/airflow/dags/triggers_rules.py for tasks to queue
[2022-07-05 10:03:43,120] {logging_mixin.py:115} INFO - [2022-07-05 10:03:43,120] {dagbag.py:507} INFO - Filling up the DagBag from /opt/airflow/dags/triggers_rules.py
[2022-07-05 10:03:43,152] {processor.py:651} INFO - DAG(s) dict_keys(['python_branch_operator']) retrieved from /opt/airflow/dags/triggers_rules.py
[2022-07-05 10:03:43,176] {logging_mixin.py:115} INFO - [2022-07-05 10:03:43,176] {dag.py:2379} INFO - Sync 1 DAGs
[2022-07-05 10:03:43,228] {logging_mixin.py:115} INFO - [2022-07-05 10:03:43,227] {dag.py:2931} INFO - Setting next_dagrun for python_branch_operator to 2022-07-05T00:00:00+00:00, run_after=2022-07-06T00:00:00+00:00
[2022-07-05 10:03:43,256] {processor.py:161} INFO - Processing /opt/airflow/dags/triggers_rules.py took 0.148 seconds
[2022-07-05 10:04:13,457] {processor.py:153} INFO - Started process (PID=2677) to work on /opt/airflow/dags/triggers_rules.py
[2022-07-05 10:04:13,463] {processor.py:641} INFO - Processing file /opt/airflow/dags/triggers_rules.py for tasks to queue
[2022-07-05 10:04:13,467] {logging_mixin.py:115} INFO - [2022-07-05 10:04:13,467] {dagbag.py:507} INFO - Filling up the DagBag from /opt/airflow/dags/triggers_rules.py
[2022-07-05 10:04:13,494] {processor.py:651} INFO - DAG(s) dict_keys(['python_branch_operator']) retrieved from /opt/airflow/dags/triggers_rules.py
[2022-07-05 10:04:13,678] {logging_mixin.py:115} INFO - [2022-07-05 10:04:13,677] {dag.py:2379} INFO - Sync 1 DAGs
[2022-07-05 10:04:13,918] {logging_mixin.py:115} INFO - [2022-07-05 10:04:13,917] {dag.py:2931} INFO - Setting next_dagrun for python_branch_operator to 2022-07-05T00:00:00+00:00, run_after=2022-07-06T00:00:00+00:00
[2022-07-05 10:04:13,932] {processor.py:161} INFO - Processing /opt/airflow/dags/triggers_rules.py took 0.479 seconds
[2022-07-05 10:04:14,886] {processor.py:153} INFO - Started process (PID=2678) to work on /opt/airflow/dags/triggers_rules.py
[2022-07-05 10:04:14,887] {processor.py:641} INFO - Processing file /opt/airflow/dags/triggers_rules.py for tasks to queue
[2022-07-05 10:04:14,888] {logging_mixin.py:115} INFO - [2022-07-05 10:04:14,888] {dagbag.py:507} INFO - Filling up the DagBag from /opt/airflow/dags/triggers_rules.py
[2022-07-05 10:04:14,902] {processor.py:651} INFO - DAG(s) dict_keys(['python_branch_operator']) retrieved from /opt/airflow/dags/triggers_rules.py
[2022-07-05 10:04:14,915] {logging_mixin.py:115} INFO - [2022-07-05 10:04:14,915] {dag.py:2379} INFO - Sync 1 DAGs
[2022-07-05 10:04:14,940] {logging_mixin.py:115} INFO - [2022-07-05 10:04:14,940] {dag.py:2931} INFO - Setting next_dagrun for python_branch_operator to 2022-07-05T00:00:00+00:00, run_after=2022-07-06T00:00:00+00:00
[2022-07-05 10:04:14,954] {processor.py:161} INFO - Processing /opt/airflow/dags/triggers_rules.py took 0.071 seconds
[2022-07-05 10:04:19,007] {processor.py:153} INFO - Started process (PID=2679) to work on /opt/airflow/dags/triggers_rules.py
[2022-07-05 10:04:19,011] {processor.py:641} INFO - Processing file /opt/airflow/dags/triggers_rules.py for tasks to queue
[2022-07-05 10:04:19,012] {logging_mixin.py:115} INFO - [2022-07-05 10:04:19,012] {dagbag.py:507} INFO - Filling up the DagBag from /opt/airflow/dags/triggers_rules.py
[2022-07-05 10:04:19,083] {processor.py:651} INFO - DAG(s) dict_keys(['python_branch_operator']) retrieved from /opt/airflow/dags/triggers_rules.py
[2022-07-05 10:04:19,205] {logging_mixin.py:115} INFO - [2022-07-05 10:04:19,205] {dag.py:2379} INFO - Sync 1 DAGs
[2022-07-05 10:04:19,280] {logging_mixin.py:115} INFO - [2022-07-05 10:04:19,280] {dag.py:2931} INFO - Setting next_dagrun for python_branch_operator to 2022-07-05T00:00:00+00:00, run_after=2022-07-06T00:00:00+00:00
[2022-07-05 10:04:19,299] {processor.py:161} INFO - Processing /opt/airflow/dags/triggers_rules.py took 0.310 seconds
[2022-07-05 10:04:49,504] {processor.py:153} INFO - Started process (PID=2721) to work on /opt/airflow/dags/triggers_rules.py
[2022-07-05 10:04:49,515] {processor.py:641} INFO - Processing file /opt/airflow/dags/triggers_rules.py for tasks to queue
[2022-07-05 10:04:49,522] {logging_mixin.py:115} INFO - [2022-07-05 10:04:49,521] {dagbag.py:507} INFO - Filling up the DagBag from /opt/airflow/dags/triggers_rules.py
[2022-07-05 10:04:49,568] {processor.py:651} INFO - DAG(s) dict_keys(['python_branch_operator']) retrieved from /opt/airflow/dags/triggers_rules.py
[2022-07-05 10:04:49,697] {logging_mixin.py:115} INFO - [2022-07-05 10:04:49,697] {dag.py:2379} INFO - Sync 1 DAGs
[2022-07-05 10:04:49,746] {logging_mixin.py:115} INFO - [2022-07-05 10:04:49,746] {dag.py:2931} INFO - Setting next_dagrun for python_branch_operator to 2022-07-05T00:00:00+00:00, run_after=2022-07-06T00:00:00+00:00
[2022-07-05 10:04:49,764] {processor.py:161} INFO - Processing /opt/airflow/dags/triggers_rules.py took 0.274 seconds
[2022-07-05 10:05:15,649] {processor.py:153} INFO - Started process (PID=2744) to work on /opt/airflow/dags/triggers_rules.py
[2022-07-05 10:05:15,663] {processor.py:641} INFO - Processing file /opt/airflow/dags/triggers_rules.py for tasks to queue
[2022-07-05 10:05:15,666] {logging_mixin.py:115} INFO - [2022-07-05 10:05:15,666] {dagbag.py:507} INFO - Filling up the DagBag from /opt/airflow/dags/triggers_rules.py
[2022-07-05 10:05:15,698] {processor.py:651} INFO - DAG(s) dict_keys(['python_branch_operator']) retrieved from /opt/airflow/dags/triggers_rules.py
[2022-07-05 10:05:15,740] {logging_mixin.py:115} INFO - [2022-07-05 10:05:15,740] {dag.py:2379} INFO - Sync 1 DAGs
[2022-07-05 10:05:15,825] {logging_mixin.py:115} INFO - [2022-07-05 10:05:15,825] {dag.py:2931} INFO - Setting next_dagrun for python_branch_operator to 2022-07-05T00:00:00+00:00, run_after=2022-07-06T00:00:00+00:00
[2022-07-05 10:05:15,901] {processor.py:161} INFO - Processing /opt/airflow/dags/triggers_rules.py took 0.256 seconds
[2022-07-05 10:05:46,179] {processor.py:153} INFO - Started process (PID=2769) to work on /opt/airflow/dags/triggers_rules.py
[2022-07-05 10:05:46,183] {processor.py:641} INFO - Processing file /opt/airflow/dags/triggers_rules.py for tasks to queue
[2022-07-05 10:05:46,187] {logging_mixin.py:115} INFO - [2022-07-05 10:05:46,187] {dagbag.py:507} INFO - Filling up the DagBag from /opt/airflow/dags/triggers_rules.py
[2022-07-05 10:05:46,221] {processor.py:651} INFO - DAG(s) dict_keys(['python_branch_operator']) retrieved from /opt/airflow/dags/triggers_rules.py
[2022-07-05 10:05:46,355] {logging_mixin.py:115} INFO - [2022-07-05 10:05:46,354] {dag.py:2379} INFO - Sync 1 DAGs
[2022-07-05 10:05:46,657] {logging_mixin.py:115} INFO - [2022-07-05 10:05:46,657] {dag.py:2931} INFO - Setting next_dagrun for python_branch_operator to 2022-07-05T00:00:00+00:00, run_after=2022-07-06T00:00:00+00:00
[2022-07-05 10:05:46,677] {processor.py:161} INFO - Processing /opt/airflow/dags/triggers_rules.py took 0.522 seconds
[2022-07-05 10:06:17,567] {processor.py:153} INFO - Started process (PID=2805) to work on /opt/airflow/dags/triggers_rules.py
[2022-07-05 10:06:17,567] {processor.py:641} INFO - Processing file /opt/airflow/dags/triggers_rules.py for tasks to queue
[2022-07-05 10:06:17,568] {logging_mixin.py:115} INFO - [2022-07-05 10:06:17,568] {dagbag.py:507} INFO - Filling up the DagBag from /opt/airflow/dags/triggers_rules.py
[2022-07-05 10:06:17,713] {processor.py:651} INFO - DAG(s) dict_keys(['python_branch_operator']) retrieved from /opt/airflow/dags/triggers_rules.py
[2022-07-05 10:06:18,027] {logging_mixin.py:115} INFO - [2022-07-05 10:06:18,026] {dag.py:2379} INFO - Sync 1 DAGs
[2022-07-05 10:06:18,400] {logging_mixin.py:115} INFO - [2022-07-05 10:06:18,399] {dag.py:2931} INFO - Setting next_dagrun for python_branch_operator to 2022-07-05T00:00:00+00:00, run_after=2022-07-06T00:00:00+00:00
[2022-07-05 10:06:18,555] {processor.py:161} INFO - Processing /opt/airflow/dags/triggers_rules.py took 1.021 seconds
[2022-07-05 10:06:30,690] {processor.py:153} INFO - Started process (PID=2814) to work on /opt/airflow/dags/triggers_rules.py
[2022-07-05 10:06:30,698] {processor.py:641} INFO - Processing file /opt/airflow/dags/triggers_rules.py for tasks to queue
[2022-07-05 10:06:30,699] {logging_mixin.py:115} INFO - [2022-07-05 10:06:30,699] {dagbag.py:507} INFO - Filling up the DagBag from /opt/airflow/dags/triggers_rules.py
[2022-07-05 10:06:30,733] {processor.py:651} INFO - DAG(s) dict_keys(['python_branch_operator']) retrieved from /opt/airflow/dags/triggers_rules.py
[2022-07-05 10:06:30,758] {logging_mixin.py:115} INFO - [2022-07-05 10:06:30,757] {dag.py:2379} INFO - Sync 1 DAGs
[2022-07-05 10:06:30,810] {logging_mixin.py:115} INFO - [2022-07-05 10:06:30,810] {dag.py:2931} INFO - Setting next_dagrun for python_branch_operator to 2022-07-05T00:00:00+00:00, run_after=2022-07-06T00:00:00+00:00
[2022-07-05 10:06:30,838] {processor.py:161} INFO - Processing /opt/airflow/dags/triggers_rules.py took 0.153 seconds
[2022-07-05 10:07:01,444] {processor.py:153} INFO - Started process (PID=2846) to work on /opt/airflow/dags/triggers_rules.py
[2022-07-05 10:07:01,448] {processor.py:641} INFO - Processing file /opt/airflow/dags/triggers_rules.py for tasks to queue
[2022-07-05 10:07:01,452] {logging_mixin.py:115} INFO - [2022-07-05 10:07:01,452] {dagbag.py:507} INFO - Filling up the DagBag from /opt/airflow/dags/triggers_rules.py
[2022-07-05 10:07:01,466] {processor.py:651} INFO - DAG(s) dict_keys(['python_branch_operator']) retrieved from /opt/airflow/dags/triggers_rules.py
[2022-07-05 10:07:01,562] {logging_mixin.py:115} INFO - [2022-07-05 10:07:01,562] {dag.py:2379} INFO - Sync 1 DAGs
[2022-07-05 10:07:01,775] {logging_mixin.py:115} INFO - [2022-07-05 10:07:01,775] {dag.py:2931} INFO - Setting next_dagrun for python_branch_operator to 2022-07-05T00:00:00+00:00, run_after=2022-07-06T00:00:00+00:00
[2022-07-05 10:07:01,795] {processor.py:161} INFO - Processing /opt/airflow/dags/triggers_rules.py took 0.355 seconds
[2022-07-05 10:07:32,463] {processor.py:153} INFO - Started process (PID=2876) to work on /opt/airflow/dags/triggers_rules.py
[2022-07-05 10:07:32,466] {processor.py:641} INFO - Processing file /opt/airflow/dags/triggers_rules.py for tasks to queue
[2022-07-05 10:07:32,471] {logging_mixin.py:115} INFO - [2022-07-05 10:07:32,471] {dagbag.py:507} INFO - Filling up the DagBag from /opt/airflow/dags/triggers_rules.py
[2022-07-05 10:07:32,501] {processor.py:651} INFO - DAG(s) dict_keys(['python_branch_operator']) retrieved from /opt/airflow/dags/triggers_rules.py
[2022-07-05 10:07:32,565] {logging_mixin.py:115} INFO - [2022-07-05 10:07:32,564] {dag.py:2379} INFO - Sync 1 DAGs
[2022-07-05 10:07:32,626] {logging_mixin.py:115} INFO - [2022-07-05 10:07:32,626] {dag.py:2931} INFO - Setting next_dagrun for python_branch_operator to 2022-07-05T00:00:00+00:00, run_after=2022-07-06T00:00:00+00:00
[2022-07-05 10:07:32,657] {processor.py:161} INFO - Processing /opt/airflow/dags/triggers_rules.py took 0.197 seconds
[2022-07-05 10:08:02,943] {processor.py:153} INFO - Started process (PID=2916) to work on /opt/airflow/dags/triggers_rules.py
[2022-07-05 10:08:02,959] {processor.py:641} INFO - Processing file /opt/airflow/dags/triggers_rules.py for tasks to queue
[2022-07-05 10:08:02,962] {logging_mixin.py:115} INFO - [2022-07-05 10:08:02,962] {dagbag.py:507} INFO - Filling up the DagBag from /opt/airflow/dags/triggers_rules.py
[2022-07-05 10:08:03,020] {processor.py:651} INFO - DAG(s) dict_keys(['python_branch_operator']) retrieved from /opt/airflow/dags/triggers_rules.py
[2022-07-05 10:08:03,062] {logging_mixin.py:115} INFO - [2022-07-05 10:08:03,062] {dag.py:2379} INFO - Sync 1 DAGs
[2022-07-05 10:08:03,138] {logging_mixin.py:115} INFO - [2022-07-05 10:08:03,138] {dag.py:2931} INFO - Setting next_dagrun for python_branch_operator to 2022-07-05T00:00:00+00:00, run_after=2022-07-06T00:00:00+00:00
[2022-07-05 10:08:03,190] {processor.py:161} INFO - Processing /opt/airflow/dags/triggers_rules.py took 0.254 seconds
[2022-07-05 10:08:33,449] {processor.py:153} INFO - Started process (PID=2946) to work on /opt/airflow/dags/triggers_rules.py
[2022-07-05 10:08:33,450] {processor.py:641} INFO - Processing file /opt/airflow/dags/triggers_rules.py for tasks to queue
[2022-07-05 10:08:33,450] {logging_mixin.py:115} INFO - [2022-07-05 10:08:33,450] {dagbag.py:507} INFO - Filling up the DagBag from /opt/airflow/dags/triggers_rules.py
[2022-07-05 10:08:33,466] {processor.py:651} INFO - DAG(s) dict_keys(['python_branch_operator']) retrieved from /opt/airflow/dags/triggers_rules.py
[2022-07-05 10:08:33,587] {logging_mixin.py:115} INFO - [2022-07-05 10:08:33,587] {dag.py:2379} INFO - Sync 1 DAGs
[2022-07-05 10:08:33,796] {logging_mixin.py:115} INFO - [2022-07-05 10:08:33,795] {dag.py:2931} INFO - Setting next_dagrun for python_branch_operator to 2022-07-05T00:00:00+00:00, run_after=2022-07-06T00:00:00+00:00
[2022-07-05 10:08:33,820] {processor.py:161} INFO - Processing /opt/airflow/dags/triggers_rules.py took 0.375 seconds
[2022-07-05 10:09:04,462] {processor.py:153} INFO - Started process (PID=2976) to work on /opt/airflow/dags/triggers_rules.py
[2022-07-05 10:09:04,464] {processor.py:641} INFO - Processing file /opt/airflow/dags/triggers_rules.py for tasks to queue
[2022-07-05 10:09:04,464] {logging_mixin.py:115} INFO - [2022-07-05 10:09:04,464] {dagbag.py:507} INFO - Filling up the DagBag from /opt/airflow/dags/triggers_rules.py
[2022-07-05 10:09:04,481] {processor.py:651} INFO - DAG(s) dict_keys(['python_branch_operator']) retrieved from /opt/airflow/dags/triggers_rules.py
[2022-07-05 10:09:04,515] {logging_mixin.py:115} INFO - [2022-07-05 10:09:04,514] {dag.py:2379} INFO - Sync 1 DAGs
[2022-07-05 10:09:04,548] {logging_mixin.py:115} INFO - [2022-07-05 10:09:04,548] {dag.py:2931} INFO - Setting next_dagrun for python_branch_operator to 2022-07-05T00:00:00+00:00, run_after=2022-07-06T00:00:00+00:00
[2022-07-05 10:09:04,563] {processor.py:161} INFO - Processing /opt/airflow/dags/triggers_rules.py took 0.104 seconds
[2022-07-05 10:09:38,697] {processor.py:153} INFO - Started process (PID=3014) to work on /opt/airflow/dags/triggers_rules.py
[2022-07-05 10:09:38,701] {processor.py:641} INFO - Processing file /opt/airflow/dags/triggers_rules.py for tasks to queue
[2022-07-05 10:09:38,706] {logging_mixin.py:115} INFO - [2022-07-05 10:09:38,706] {dagbag.py:507} INFO - Filling up the DagBag from /opt/airflow/dags/triggers_rules.py
[2022-07-05 10:09:38,844] {processor.py:651} INFO - DAG(s) dict_keys(['trigger_rules']) retrieved from /opt/airflow/dags/triggers_rules.py
[2022-07-05 10:09:39,915] {logging_mixin.py:115} INFO - [2022-07-05 10:09:39,915] {manager.py:508} INFO - Created Permission View: can delete on DAG:trigger_rules
[2022-07-05 10:09:39,929] {logging_mixin.py:115} INFO - [2022-07-05 10:09:39,929] {manager.py:508} INFO - Created Permission View: can edit on DAG:trigger_rules
[2022-07-05 10:09:39,953] {logging_mixin.py:115} INFO - [2022-07-05 10:09:39,953] {manager.py:508} INFO - Created Permission View: can read on DAG:trigger_rules
[2022-07-05 10:09:39,953] {logging_mixin.py:115} INFO - [2022-07-05 10:09:39,953] {dag.py:2379} INFO - Sync 1 DAGs
[2022-07-05 10:09:39,968] {logging_mixin.py:115} INFO - [2022-07-05 10:09:39,968] {dag.py:2398} INFO - Creating ORM DAG for trigger_rules
[2022-07-05 10:09:39,999] {logging_mixin.py:115} INFO - [2022-07-05 10:09:39,999] {dag.py:2931} INFO - Setting next_dagrun for trigger_rules to 2022-07-04T00:00:00+00:00, run_after=2022-07-05T00:00:00+00:00
[2022-07-05 10:09:40,037] {processor.py:161} INFO - Processing /opt/airflow/dags/triggers_rules.py took 1.356 seconds
[2022-07-05 10:09:40,585] {processor.py:153} INFO - Started process (PID=3017) to work on /opt/airflow/dags/triggers_rules.py
[2022-07-05 10:09:40,585] {processor.py:641} INFO - Processing file /opt/airflow/dags/triggers_rules.py for tasks to queue
[2022-07-05 10:09:40,586] {logging_mixin.py:115} INFO - [2022-07-05 10:09:40,586] {dagbag.py:507} INFO - Filling up the DagBag from /opt/airflow/dags/triggers_rules.py
[2022-07-05 10:09:40,611] {logging_mixin.py:115} INFO - [2022-07-05 10:09:40,611] {dagbag.py:320} ERROR - Failed to import: /opt/airflow/dags/triggers_rules.py
Traceback (most recent call last):
  File "/home/airflow/.local/lib/python3.7/site-packages/airflow/models/dagbag.py", line 317, in parse
    loader.exec_module(new_module)
  File "<frozen importlib._bootstrap_external>", line 728, in exec_module
  File "<frozen importlib._bootstrap>", line 219, in _call_with_frames_removed
  File "/opt/airflow/dags/triggers_rules.py", line 46, in <module>
    first_task >> branching >> [branch_a,branch_b,branch_c] >> store
NameError: name 'first_task' is not defined
[2022-07-05 10:09:40,612] {processor.py:653} WARNING - No viable dags retrieved from /opt/airflow/dags/triggers_rules.py
[2022-07-05 10:09:40,657] {processor.py:161} INFO - Processing /opt/airflow/dags/triggers_rules.py took 0.076 seconds
[2022-07-05 10:10:11,581] {processor.py:153} INFO - Started process (PID=3046) to work on /opt/airflow/dags/triggers_rules.py
[2022-07-05 10:10:11,581] {processor.py:641} INFO - Processing file /opt/airflow/dags/triggers_rules.py for tasks to queue
[2022-07-05 10:10:11,582] {logging_mixin.py:115} INFO - [2022-07-05 10:10:11,582] {dagbag.py:507} INFO - Filling up the DagBag from /opt/airflow/dags/triggers_rules.py
[2022-07-05 10:10:11,642] {logging_mixin.py:115} INFO - [2022-07-05 10:10:11,641] {dagbag.py:320} ERROR - Failed to import: /opt/airflow/dags/triggers_rules.py
Traceback (most recent call last):
  File "/home/airflow/.local/lib/python3.7/site-packages/airflow/models/dagbag.py", line 317, in parse
    loader.exec_module(new_module)
  File "<frozen importlib._bootstrap_external>", line 728, in exec_module
  File "<frozen importlib._bootstrap>", line 219, in _call_with_frames_removed
  File "/opt/airflow/dags/triggers_rules.py", line 46, in <module>
    first_task >> branching >> [branch_a,branch_b,branch_c] >> store
NameError: name 'first_task' is not defined
[2022-07-05 10:10:11,645] {processor.py:653} WARNING - No viable dags retrieved from /opt/airflow/dags/triggers_rules.py
[2022-07-05 10:10:11,758] {processor.py:161} INFO - Processing /opt/airflow/dags/triggers_rules.py took 0.190 seconds
[2022-07-05 10:10:42,489] {processor.py:153} INFO - Started process (PID=3077) to work on /opt/airflow/dags/triggers_rules.py
[2022-07-05 10:10:42,491] {processor.py:641} INFO - Processing file /opt/airflow/dags/triggers_rules.py for tasks to queue
[2022-07-05 10:10:42,491] {logging_mixin.py:115} INFO - [2022-07-05 10:10:42,491] {dagbag.py:507} INFO - Filling up the DagBag from /opt/airflow/dags/triggers_rules.py
[2022-07-05 10:10:42,515] {logging_mixin.py:115} INFO - [2022-07-05 10:10:42,514] {dagbag.py:320} ERROR - Failed to import: /opt/airflow/dags/triggers_rules.py
Traceback (most recent call last):
  File "/home/airflow/.local/lib/python3.7/site-packages/airflow/models/dagbag.py", line 317, in parse
    loader.exec_module(new_module)
  File "<frozen importlib._bootstrap_external>", line 728, in exec_module
  File "<frozen importlib._bootstrap>", line 219, in _call_with_frames_removed
  File "/opt/airflow/dags/triggers_rules.py", line 46, in <module>
    first_task >> branching >> [branch_a,branch_b,branch_c] >> store
NameError: name 'first_task' is not defined
[2022-07-05 10:10:42,518] {processor.py:653} WARNING - No viable dags retrieved from /opt/airflow/dags/triggers_rules.py
[2022-07-05 10:10:42,601] {processor.py:161} INFO - Processing /opt/airflow/dags/triggers_rules.py took 0.115 seconds
[2022-07-05 10:11:13,115] {processor.py:153} INFO - Started process (PID=3107) to work on /opt/airflow/dags/triggers_rules.py
[2022-07-05 10:11:13,131] {processor.py:641} INFO - Processing file /opt/airflow/dags/triggers_rules.py for tasks to queue
[2022-07-05 10:11:13,134] {logging_mixin.py:115} INFO - [2022-07-05 10:11:13,134] {dagbag.py:507} INFO - Filling up the DagBag from /opt/airflow/dags/triggers_rules.py
[2022-07-05 10:11:13,179] {logging_mixin.py:115} INFO - [2022-07-05 10:11:13,171] {dagbag.py:320} ERROR - Failed to import: /opt/airflow/dags/triggers_rules.py
Traceback (most recent call last):
  File "/home/airflow/.local/lib/python3.7/site-packages/airflow/models/dagbag.py", line 317, in parse
    loader.exec_module(new_module)
  File "<frozen importlib._bootstrap_external>", line 728, in exec_module
  File "<frozen importlib._bootstrap>", line 219, in _call_with_frames_removed
  File "/opt/airflow/dags/triggers_rules.py", line 46, in <module>
    first_task >> branching >> [branch_a,branch_b,branch_c] >> store
NameError: name 'first_task' is not defined
[2022-07-05 10:11:13,182] {processor.py:653} WARNING - No viable dags retrieved from /opt/airflow/dags/triggers_rules.py
[2022-07-05 10:11:13,256] {processor.py:161} INFO - Processing /opt/airflow/dags/triggers_rules.py took 0.147 seconds
[2022-07-05 10:11:18,426] {processor.py:153} INFO - Started process (PID=3113) to work on /opt/airflow/dags/triggers_rules.py
[2022-07-05 10:11:18,431] {processor.py:641} INFO - Processing file /opt/airflow/dags/triggers_rules.py for tasks to queue
[2022-07-05 10:11:18,434] {logging_mixin.py:115} INFO - [2022-07-05 10:11:18,434] {dagbag.py:507} INFO - Filling up the DagBag from /opt/airflow/dags/triggers_rules.py
[2022-07-05 10:11:18,467] {logging_mixin.py:115} INFO - [2022-07-05 10:11:18,456] {dagbag.py:320} ERROR - Failed to import: /opt/airflow/dags/triggers_rules.py
Traceback (most recent call last):
  File "/home/airflow/.local/lib/python3.7/site-packages/airflow/models/dagbag.py", line 317, in parse
    loader.exec_module(new_module)
  File "<frozen importlib._bootstrap_external>", line 728, in exec_module
  File "<frozen importlib._bootstrap>", line 219, in _call_with_frames_removed
  File "/opt/airflow/dags/triggers_rules.py", line 18, in <module>
    task1 = BashOperator(
NameError: name 'BashOperator' is not defined
[2022-07-05 10:11:18,471] {processor.py:653} WARNING - No viable dags retrieved from /opt/airflow/dags/triggers_rules.py
[2022-07-05 10:11:18,525] {processor.py:161} INFO - Processing /opt/airflow/dags/triggers_rules.py took 0.102 seconds
[2022-07-05 10:11:49,149] {processor.py:153} INFO - Started process (PID=3143) to work on /opt/airflow/dags/triggers_rules.py
[2022-07-05 10:11:49,150] {processor.py:641} INFO - Processing file /opt/airflow/dags/triggers_rules.py for tasks to queue
[2022-07-05 10:11:49,151] {logging_mixin.py:115} INFO - [2022-07-05 10:11:49,151] {dagbag.py:507} INFO - Filling up the DagBag from /opt/airflow/dags/triggers_rules.py
[2022-07-05 10:11:49,157] {logging_mixin.py:115} INFO - [2022-07-05 10:11:49,156] {dagbag.py:320} ERROR - Failed to import: /opt/airflow/dags/triggers_rules.py
Traceback (most recent call last):
  File "/home/airflow/.local/lib/python3.7/site-packages/airflow/models/dagbag.py", line 317, in parse
    loader.exec_module(new_module)
  File "<frozen importlib._bootstrap_external>", line 728, in exec_module
  File "<frozen importlib._bootstrap>", line 219, in _call_with_frames_removed
  File "/opt/airflow/dags/triggers_rules.py", line 18, in <module>
    task1 = BashOperator(
NameError: name 'BashOperator' is not defined
[2022-07-05 10:11:49,158] {processor.py:653} WARNING - No viable dags retrieved from /opt/airflow/dags/triggers_rules.py
[2022-07-05 10:11:49,193] {processor.py:161} INFO - Processing /opt/airflow/dags/triggers_rules.py took 0.048 seconds
[2022-07-05 10:11:50,381] {processor.py:153} INFO - Started process (PID=3146) to work on /opt/airflow/dags/triggers_rules.py
[2022-07-05 10:11:50,384] {processor.py:641} INFO - Processing file /opt/airflow/dags/triggers_rules.py for tasks to queue
[2022-07-05 10:11:50,390] {logging_mixin.py:115} INFO - [2022-07-05 10:11:50,390] {dagbag.py:507} INFO - Filling up the DagBag from /opt/airflow/dags/triggers_rules.py
[2022-07-05 10:11:50,422] {logging_mixin.py:115} INFO - [2022-07-05 10:11:50,421] {dagbag.py:320} ERROR - Failed to import: /opt/airflow/dags/triggers_rules.py
Traceback (most recent call last):
  File "/home/airflow/.local/lib/python3.7/site-packages/airflow/models/dagbag.py", line 317, in parse
    loader.exec_module(new_module)
  File "<frozen importlib._bootstrap_external>", line 728, in exec_module
  File "<frozen importlib._bootstrap>", line 219, in _call_with_frames_removed
  File "/opt/airflow/dags/triggers_rules.py", line 18, in <module>
    task1 = BashOperator(
NameError: name 'BashOperator' is not defined
[2022-07-05 10:11:50,424] {processor.py:653} WARNING - No viable dags retrieved from /opt/airflow/dags/triggers_rules.py
[2022-07-05 10:11:50,462] {processor.py:161} INFO - Processing /opt/airflow/dags/triggers_rules.py took 0.092 seconds
[2022-07-05 10:12:20,690] {processor.py:153} INFO - Started process (PID=3175) to work on /opt/airflow/dags/triggers_rules.py
[2022-07-05 10:12:20,699] {processor.py:641} INFO - Processing file /opt/airflow/dags/triggers_rules.py for tasks to queue
[2022-07-05 10:12:20,699] {logging_mixin.py:115} INFO - [2022-07-05 10:12:20,699] {dagbag.py:507} INFO - Filling up the DagBag from /opt/airflow/dags/triggers_rules.py
[2022-07-05 10:12:20,719] {logging_mixin.py:115} INFO - [2022-07-05 10:12:20,718] {dagbag.py:320} ERROR - Failed to import: /opt/airflow/dags/triggers_rules.py
Traceback (most recent call last):
  File "/home/airflow/.local/lib/python3.7/site-packages/airflow/models/dagbag.py", line 317, in parse
    loader.exec_module(new_module)
  File "<frozen importlib._bootstrap_external>", line 728, in exec_module
  File "<frozen importlib._bootstrap>", line 219, in _call_with_frames_removed
  File "/opt/airflow/dags/triggers_rules.py", line 18, in <module>
    task1 = BashOperator(
NameError: name 'BashOperator' is not defined
[2022-07-05 10:12:20,725] {processor.py:653} WARNING - No viable dags retrieved from /opt/airflow/dags/triggers_rules.py
[2022-07-05 10:12:20,805] {processor.py:161} INFO - Processing /opt/airflow/dags/triggers_rules.py took 0.127 seconds
[2022-07-05 10:12:35,045] {processor.py:153} INFO - Started process (PID=3187) to work on /opt/airflow/dags/triggers_rules.py
[2022-07-05 10:12:35,045] {processor.py:641} INFO - Processing file /opt/airflow/dags/triggers_rules.py for tasks to queue
[2022-07-05 10:12:35,046] {logging_mixin.py:115} INFO - [2022-07-05 10:12:35,046] {dagbag.py:507} INFO - Filling up the DagBag from /opt/airflow/dags/triggers_rules.py
[2022-07-05 10:12:35,077] {processor.py:651} INFO - DAG(s) dict_keys(['trigger_rules']) retrieved from /opt/airflow/dags/triggers_rules.py
[2022-07-05 10:12:35,569] {logging_mixin.py:115} INFO - [2022-07-05 10:12:35,569] {dag.py:2379} INFO - Sync 1 DAGs
[2022-07-05 10:12:36,069] {logging_mixin.py:115} INFO - [2022-07-05 10:12:36,069] {dag.py:2931} INFO - Setting next_dagrun for trigger_rules to 2022-07-04T00:00:00+00:00, run_after=2022-07-05T00:00:00+00:00
[2022-07-05 10:12:36,118] {processor.py:161} INFO - Processing /opt/airflow/dags/triggers_rules.py took 1.077 seconds
[2022-07-05 10:12:42,172] {processor.py:153} INFO - Started process (PID=3198) to work on /opt/airflow/dags/triggers_rules.py
[2022-07-05 10:12:42,177] {processor.py:641} INFO - Processing file /opt/airflow/dags/triggers_rules.py for tasks to queue
[2022-07-05 10:12:42,191] {logging_mixin.py:115} INFO - [2022-07-05 10:12:42,191] {dagbag.py:507} INFO - Filling up the DagBag from /opt/airflow/dags/triggers_rules.py
[2022-07-05 10:12:42,236] {processor.py:651} INFO - DAG(s) dict_keys(['trigger_rules']) retrieved from /opt/airflow/dags/triggers_rules.py
[2022-07-05 10:12:42,365] {logging_mixin.py:115} INFO - [2022-07-05 10:12:42,365] {dag.py:2379} INFO - Sync 1 DAGs
[2022-07-05 10:12:42,434] {logging_mixin.py:115} INFO - [2022-07-05 10:12:42,434] {dag.py:2931} INFO - Setting next_dagrun for trigger_rules to 2022-07-04T00:00:00+00:00, run_after=2022-07-05T00:00:00+00:00
[2022-07-05 10:12:42,455] {processor.py:161} INFO - Processing /opt/airflow/dags/triggers_rules.py took 0.292 seconds
[2022-07-05 10:13:12,790] {processor.py:153} INFO - Started process (PID=3227) to work on /opt/airflow/dags/triggers_rules.py
[2022-07-05 10:13:12,797] {processor.py:641} INFO - Processing file /opt/airflow/dags/triggers_rules.py for tasks to queue
[2022-07-05 10:13:12,798] {logging_mixin.py:115} INFO - [2022-07-05 10:13:12,798] {dagbag.py:507} INFO - Filling up the DagBag from /opt/airflow/dags/triggers_rules.py
[2022-07-05 10:13:12,829] {processor.py:651} INFO - DAG(s) dict_keys(['trigger_rules']) retrieved from /opt/airflow/dags/triggers_rules.py
[2022-07-05 10:13:12,902] {logging_mixin.py:115} INFO - [2022-07-05 10:13:12,902] {dag.py:2379} INFO - Sync 1 DAGs
[2022-07-05 10:13:13,005] {logging_mixin.py:115} INFO - [2022-07-05 10:13:13,004] {dag.py:2931} INFO - Setting next_dagrun for trigger_rules to 2022-07-05T00:00:00+00:00, run_after=2022-07-06T00:00:00+00:00
[2022-07-05 10:13:13,069] {processor.py:161} INFO - Processing /opt/airflow/dags/triggers_rules.py took 0.289 seconds
[2022-07-05 10:13:37,306] {processor.py:153} INFO - Started process (PID=3257) to work on /opt/airflow/dags/triggers_rules.py
[2022-07-05 10:13:37,306] {processor.py:641} INFO - Processing file /opt/airflow/dags/triggers_rules.py for tasks to queue
[2022-07-05 10:13:37,307] {logging_mixin.py:115} INFO - [2022-07-05 10:13:37,307] {dagbag.py:507} INFO - Filling up the DagBag from /opt/airflow/dags/triggers_rules.py
[2022-07-05 10:13:37,317] {processor.py:651} INFO - DAG(s) dict_keys(['trigger_rules']) retrieved from /opt/airflow/dags/triggers_rules.py
[2022-07-05 10:13:37,384] {logging_mixin.py:115} INFO - [2022-07-05 10:13:37,384] {dag.py:2379} INFO - Sync 1 DAGs
[2022-07-05 10:13:37,551] {logging_mixin.py:115} INFO - [2022-07-05 10:13:37,551] {dag.py:2931} INFO - Setting next_dagrun for trigger_rules to 2022-07-05T00:00:00+00:00, run_after=2022-07-06T00:00:00+00:00
[2022-07-05 10:13:37,566] {processor.py:161} INFO - Processing /opt/airflow/dags/triggers_rules.py took 0.263 seconds
[2022-07-05 10:14:07,930] {processor.py:153} INFO - Started process (PID=3288) to work on /opt/airflow/dags/triggers_rules.py
[2022-07-05 10:14:07,931] {processor.py:641} INFO - Processing file /opt/airflow/dags/triggers_rules.py for tasks to queue
[2022-07-05 10:14:07,931] {logging_mixin.py:115} INFO - [2022-07-05 10:14:07,931] {dagbag.py:507} INFO - Filling up the DagBag from /opt/airflow/dags/triggers_rules.py
[2022-07-05 10:14:07,943] {processor.py:651} INFO - DAG(s) dict_keys(['trigger_rules']) retrieved from /opt/airflow/dags/triggers_rules.py
[2022-07-05 10:14:07,974] {logging_mixin.py:115} INFO - [2022-07-05 10:14:07,974] {dag.py:2379} INFO - Sync 1 DAGs
[2022-07-05 10:14:08,012] {logging_mixin.py:115} INFO - [2022-07-05 10:14:08,012] {dag.py:2931} INFO - Setting next_dagrun for trigger_rules to 2022-07-05T00:00:00+00:00, run_after=2022-07-06T00:00:00+00:00
[2022-07-05 10:14:08,030] {processor.py:161} INFO - Processing /opt/airflow/dags/triggers_rules.py took 0.104 seconds
[2022-07-05 10:14:38,564] {processor.py:153} INFO - Started process (PID=3321) to work on /opt/airflow/dags/triggers_rules.py
[2022-07-05 10:14:38,577] {processor.py:641} INFO - Processing file /opt/airflow/dags/triggers_rules.py for tasks to queue
[2022-07-05 10:14:38,580] {logging_mixin.py:115} INFO - [2022-07-05 10:14:38,579] {dagbag.py:507} INFO - Filling up the DagBag from /opt/airflow/dags/triggers_rules.py
[2022-07-05 10:14:38,601] {processor.py:651} INFO - DAG(s) dict_keys(['trigger_rules']) retrieved from /opt/airflow/dags/triggers_rules.py
[2022-07-05 10:14:38,697] {logging_mixin.py:115} INFO - [2022-07-05 10:14:38,697] {dag.py:2379} INFO - Sync 1 DAGs
[2022-07-05 10:14:38,785] {logging_mixin.py:115} INFO - [2022-07-05 10:14:38,785] {dag.py:2931} INFO - Setting next_dagrun for trigger_rules to 2022-07-05T00:00:00+00:00, run_after=2022-07-06T00:00:00+00:00
[2022-07-05 10:14:38,815] {processor.py:161} INFO - Processing /opt/airflow/dags/triggers_rules.py took 0.255 seconds
[2022-07-05 10:14:51,834] {processor.py:153} INFO - Started process (PID=3333) to work on /opt/airflow/dags/triggers_rules.py
[2022-07-05 10:14:51,843] {processor.py:641} INFO - Processing file /opt/airflow/dags/triggers_rules.py for tasks to queue
[2022-07-05 10:14:51,847] {logging_mixin.py:115} INFO - [2022-07-05 10:14:51,847] {dagbag.py:507} INFO - Filling up the DagBag from /opt/airflow/dags/triggers_rules.py
[2022-07-05 10:14:51,854] {logging_mixin.py:115} INFO - [2022-07-05 10:14:51,851] {dagbag.py:320} ERROR - Failed to import: /opt/airflow/dags/triggers_rules.py
Traceback (most recent call last):
  File "/home/airflow/.local/lib/python3.7/site-packages/airflow/models/dagbag.py", line 317, in parse
    loader.exec_module(new_module)
  File "<frozen importlib._bootstrap_external>", line 724, in exec_module
  File "<frozen importlib._bootstrap_external>", line 860, in get_code
  File "<frozen importlib._bootstrap_external>", line 791, in source_to_code
  File "<frozen importlib._bootstrap>", line 219, in _call_with_frames_removed
  File "/opt/airflow/dags/triggers_rules.py", line 33
    trigger_rule= 'one_failed'
               ^
SyntaxError: invalid syntax
[2022-07-05 10:14:51,858] {processor.py:653} WARNING - No viable dags retrieved from /opt/airflow/dags/triggers_rules.py
[2022-07-05 10:14:51,900] {processor.py:161} INFO - Processing /opt/airflow/dags/triggers_rules.py took 0.070 seconds
[2022-07-05 10:14:59,774] {processor.py:153} INFO - Started process (PID=3351) to work on /opt/airflow/dags/triggers_rules.py
[2022-07-05 10:14:59,774] {processor.py:641} INFO - Processing file /opt/airflow/dags/triggers_rules.py for tasks to queue
[2022-07-05 10:14:59,775] {logging_mixin.py:115} INFO - [2022-07-05 10:14:59,775] {dagbag.py:507} INFO - Filling up the DagBag from /opt/airflow/dags/triggers_rules.py
[2022-07-05 10:14:59,785] {processor.py:651} INFO - DAG(s) dict_keys(['trigger_rules']) retrieved from /opt/airflow/dags/triggers_rules.py
[2022-07-05 10:14:59,854] {logging_mixin.py:115} INFO - [2022-07-05 10:14:59,854] {dag.py:2379} INFO - Sync 1 DAGs
[2022-07-05 10:15:00,035] {logging_mixin.py:115} INFO - [2022-07-05 10:15:00,034] {dag.py:2931} INFO - Setting next_dagrun for trigger_rules to 2022-07-05T00:00:00+00:00, run_after=2022-07-06T00:00:00+00:00
[2022-07-05 10:15:00,056] {processor.py:161} INFO - Processing /opt/airflow/dags/triggers_rules.py took 0.286 seconds
[2022-07-05 10:15:31,286] {processor.py:153} INFO - Started process (PID=3380) to work on /opt/airflow/dags/triggers_rules.py
[2022-07-05 10:15:31,287] {processor.py:641} INFO - Processing file /opt/airflow/dags/triggers_rules.py for tasks to queue
[2022-07-05 10:15:31,288] {logging_mixin.py:115} INFO - [2022-07-05 10:15:31,288] {dagbag.py:507} INFO - Filling up the DagBag from /opt/airflow/dags/triggers_rules.py
[2022-07-05 10:15:31,298] {processor.py:651} INFO - DAG(s) dict_keys(['trigger_rules']) retrieved from /opt/airflow/dags/triggers_rules.py
[2022-07-05 10:15:31,330] {logging_mixin.py:115} INFO - [2022-07-05 10:15:31,330] {dag.py:2379} INFO - Sync 1 DAGs
[2022-07-05 10:15:31,367] {logging_mixin.py:115} INFO - [2022-07-05 10:15:31,367] {dag.py:2931} INFO - Setting next_dagrun for trigger_rules to 2022-07-05T00:00:00+00:00, run_after=2022-07-06T00:00:00+00:00
[2022-07-05 10:15:31,383] {processor.py:161} INFO - Processing /opt/airflow/dags/triggers_rules.py took 0.119 seconds
[2022-07-05 10:15:51,621] {processor.py:153} INFO - Started process (PID=3400) to work on /opt/airflow/dags/triggers_rules.py
[2022-07-05 10:15:51,632] {processor.py:641} INFO - Processing file /opt/airflow/dags/triggers_rules.py for tasks to queue
[2022-07-05 10:15:51,633] {logging_mixin.py:115} INFO - [2022-07-05 10:15:51,633] {dagbag.py:507} INFO - Filling up the DagBag from /opt/airflow/dags/triggers_rules.py
[2022-07-05 10:15:51,664] {processor.py:651} INFO - DAG(s) dict_keys(['trigger_rules']) retrieved from /opt/airflow/dags/triggers_rules.py
[2022-07-05 10:15:52,214] {logging_mixin.py:115} INFO - [2022-07-05 10:15:52,213] {dag.py:2379} INFO - Sync 1 DAGs
[2022-07-05 10:15:53,364] {logging_mixin.py:115} INFO - [2022-07-05 10:15:53,363] {dag.py:2931} INFO - Setting next_dagrun for trigger_rules to 2022-07-05T00:00:00+00:00, run_after=2022-07-06T00:00:00+00:00
[2022-07-05 10:15:53,497] {processor.py:161} INFO - Processing /opt/airflow/dags/triggers_rules.py took 1.878 seconds
[2022-07-05 10:16:23,772] {processor.py:153} INFO - Started process (PID=3440) to work on /opt/airflow/dags/triggers_rules.py
[2022-07-05 10:16:23,773] {processor.py:641} INFO - Processing file /opt/airflow/dags/triggers_rules.py for tasks to queue
[2022-07-05 10:16:23,776] {logging_mixin.py:115} INFO - [2022-07-05 10:16:23,776] {dagbag.py:507} INFO - Filling up the DagBag from /opt/airflow/dags/triggers_rules.py
[2022-07-05 10:16:23,833] {processor.py:651} INFO - DAG(s) dict_keys(['trigger_rules']) retrieved from /opt/airflow/dags/triggers_rules.py
[2022-07-05 10:16:23,919] {logging_mixin.py:115} INFO - [2022-07-05 10:16:23,919] {dag.py:2379} INFO - Sync 1 DAGs
[2022-07-05 10:16:24,021] {logging_mixin.py:115} INFO - [2022-07-05 10:16:24,021] {dag.py:2931} INFO - Setting next_dagrun for trigger_rules to 2022-07-05T00:00:00+00:00, run_after=2022-07-06T00:00:00+00:00
[2022-07-05 10:16:24,067] {processor.py:161} INFO - Processing /opt/airflow/dags/triggers_rules.py took 0.310 seconds
[2022-07-05 10:16:54,683] {processor.py:153} INFO - Started process (PID=3476) to work on /opt/airflow/dags/triggers_rules.py
[2022-07-05 10:16:54,684] {processor.py:641} INFO - Processing file /opt/airflow/dags/triggers_rules.py for tasks to queue
[2022-07-05 10:16:54,685] {logging_mixin.py:115} INFO - [2022-07-05 10:16:54,685] {dagbag.py:507} INFO - Filling up the DagBag from /opt/airflow/dags/triggers_rules.py
[2022-07-05 10:16:54,694] {processor.py:651} INFO - DAG(s) dict_keys(['trigger_rules']) retrieved from /opt/airflow/dags/triggers_rules.py
[2022-07-05 10:16:54,720] {logging_mixin.py:115} INFO - [2022-07-05 10:16:54,720] {dag.py:2379} INFO - Sync 1 DAGs
[2022-07-05 10:16:54,746] {logging_mixin.py:115} INFO - [2022-07-05 10:16:54,746] {dag.py:2931} INFO - Setting next_dagrun for trigger_rules to 2022-07-05T00:00:00+00:00, run_after=2022-07-06T00:00:00+00:00
[2022-07-05 10:16:54,763] {processor.py:161} INFO - Processing /opt/airflow/dags/triggers_rules.py took 0.083 seconds
[2022-07-05 10:17:24,895] {processor.py:153} INFO - Started process (PID=3507) to work on /opt/airflow/dags/triggers_rules.py
[2022-07-05 10:17:24,895] {processor.py:641} INFO - Processing file /opt/airflow/dags/triggers_rules.py for tasks to queue
[2022-07-05 10:17:24,909] {logging_mixin.py:115} INFO - [2022-07-05 10:17:24,908] {dagbag.py:507} INFO - Filling up the DagBag from /opt/airflow/dags/triggers_rules.py
[2022-07-05 10:17:24,920] {processor.py:651} INFO - DAG(s) dict_keys(['trigger_rules']) retrieved from /opt/airflow/dags/triggers_rules.py
[2022-07-05 10:17:25,048] {logging_mixin.py:115} INFO - [2022-07-05 10:17:25,048] {dag.py:2379} INFO - Sync 1 DAGs
[2022-07-05 10:17:25,089] {logging_mixin.py:115} INFO - [2022-07-05 10:17:25,089] {dag.py:2931} INFO - Setting next_dagrun for trigger_rules to 2022-07-05T00:00:00+00:00, run_after=2022-07-06T00:00:00+00:00
[2022-07-05 10:17:25,107] {processor.py:161} INFO - Processing /opt/airflow/dags/triggers_rules.py took 0.216 seconds
[2022-07-05 10:17:55,986] {processor.py:153} INFO - Started process (PID=3537) to work on /opt/airflow/dags/triggers_rules.py
[2022-07-05 10:17:55,989] {processor.py:641} INFO - Processing file /opt/airflow/dags/triggers_rules.py for tasks to queue
[2022-07-05 10:17:55,990] {logging_mixin.py:115} INFO - [2022-07-05 10:17:55,990] {dagbag.py:507} INFO - Filling up the DagBag from /opt/airflow/dags/triggers_rules.py
[2022-07-05 10:17:56,005] {processor.py:651} INFO - DAG(s) dict_keys(['trigger_rules']) retrieved from /opt/airflow/dags/triggers_rules.py
[2022-07-05 10:17:56,042] {logging_mixin.py:115} INFO - [2022-07-05 10:17:56,041] {dag.py:2379} INFO - Sync 1 DAGs
[2022-07-05 10:17:56,080] {logging_mixin.py:115} INFO - [2022-07-05 10:17:56,080] {dag.py:2931} INFO - Setting next_dagrun for trigger_rules to 2022-07-05T00:00:00+00:00, run_after=2022-07-06T00:00:00+00:00
[2022-07-05 10:17:56,098] {processor.py:161} INFO - Processing /opt/airflow/dags/triggers_rules.py took 0.116 seconds
[2022-07-05 10:18:26,420] {processor.py:153} INFO - Started process (PID=3570) to work on /opt/airflow/dags/triggers_rules.py
[2022-07-05 10:18:26,421] {processor.py:641} INFO - Processing file /opt/airflow/dags/triggers_rules.py for tasks to queue
[2022-07-05 10:18:26,422] {logging_mixin.py:115} INFO - [2022-07-05 10:18:26,422] {dagbag.py:507} INFO - Filling up the DagBag from /opt/airflow/dags/triggers_rules.py
[2022-07-05 10:18:26,436] {processor.py:651} INFO - DAG(s) dict_keys(['trigger_rules']) retrieved from /opt/airflow/dags/triggers_rules.py
[2022-07-05 10:18:26,477] {logging_mixin.py:115} INFO - [2022-07-05 10:18:26,477] {dag.py:2379} INFO - Sync 1 DAGs
[2022-07-05 10:18:26,519] {logging_mixin.py:115} INFO - [2022-07-05 10:18:26,519] {dag.py:2931} INFO - Setting next_dagrun for trigger_rules to 2022-07-05T00:00:00+00:00, run_after=2022-07-06T00:00:00+00:00
[2022-07-05 10:18:26,538] {processor.py:161} INFO - Processing /opt/airflow/dags/triggers_rules.py took 0.123 seconds
[2022-07-05 10:18:57,113] {processor.py:153} INFO - Started process (PID=3613) to work on /opt/airflow/dags/triggers_rules.py
[2022-07-05 10:18:57,114] {processor.py:641} INFO - Processing file /opt/airflow/dags/triggers_rules.py for tasks to queue
[2022-07-05 10:18:57,115] {logging_mixin.py:115} INFO - [2022-07-05 10:18:57,115] {dagbag.py:507} INFO - Filling up the DagBag from /opt/airflow/dags/triggers_rules.py
[2022-07-05 10:18:57,125] {processor.py:651} INFO - DAG(s) dict_keys(['trigger_rules']) retrieved from /opt/airflow/dags/triggers_rules.py
[2022-07-05 10:18:57,158] {logging_mixin.py:115} INFO - [2022-07-05 10:18:57,158] {dag.py:2379} INFO - Sync 1 DAGs
[2022-07-05 10:18:57,195] {logging_mixin.py:115} INFO - [2022-07-05 10:18:57,195] {dag.py:2931} INFO - Setting next_dagrun for trigger_rules to 2022-07-05T00:00:00+00:00, run_after=2022-07-06T00:00:00+00:00
[2022-07-05 10:18:57,211] {processor.py:161} INFO - Processing /opt/airflow/dags/triggers_rules.py took 0.101 seconds
[2022-07-05 10:19:27,272] {processor.py:153} INFO - Started process (PID=3646) to work on /opt/airflow/dags/triggers_rules.py
[2022-07-05 10:19:27,275] {processor.py:641} INFO - Processing file /opt/airflow/dags/triggers_rules.py for tasks to queue
[2022-07-05 10:19:27,275] {logging_mixin.py:115} INFO - [2022-07-05 10:19:27,275] {dagbag.py:507} INFO - Filling up the DagBag from /opt/airflow/dags/triggers_rules.py
[2022-07-05 10:19:27,286] {processor.py:651} INFO - DAG(s) dict_keys(['trigger_rules']) retrieved from /opt/airflow/dags/triggers_rules.py
[2022-07-05 10:19:27,310] {logging_mixin.py:115} INFO - [2022-07-05 10:19:27,310] {dag.py:2379} INFO - Sync 1 DAGs
[2022-07-05 10:19:27,334] {logging_mixin.py:115} INFO - [2022-07-05 10:19:27,334] {dag.py:2931} INFO - Setting next_dagrun for trigger_rules to 2022-07-05T00:00:00+00:00, run_after=2022-07-06T00:00:00+00:00
[2022-07-05 10:19:27,348] {processor.py:161} INFO - Processing /opt/airflow/dags/triggers_rules.py took 0.080 seconds
[2022-07-05 10:19:57,644] {processor.py:153} INFO - Started process (PID=3681) to work on /opt/airflow/dags/triggers_rules.py
[2022-07-05 10:19:57,650] {processor.py:641} INFO - Processing file /opt/airflow/dags/triggers_rules.py for tasks to queue
[2022-07-05 10:19:57,653] {logging_mixin.py:115} INFO - [2022-07-05 10:19:57,652] {dagbag.py:507} INFO - Filling up the DagBag from /opt/airflow/dags/triggers_rules.py
[2022-07-05 10:19:57,673] {processor.py:651} INFO - DAG(s) dict_keys(['trigger_rules']) retrieved from /opt/airflow/dags/triggers_rules.py
[2022-07-05 10:19:57,817] {logging_mixin.py:115} INFO - [2022-07-05 10:19:57,817] {dag.py:2379} INFO - Sync 1 DAGs
[2022-07-05 10:19:57,904] {logging_mixin.py:115} INFO - [2022-07-05 10:19:57,903] {dag.py:2931} INFO - Setting next_dagrun for trigger_rules to 2022-07-05T00:00:00+00:00, run_after=2022-07-06T00:00:00+00:00
[2022-07-05 10:19:57,936] {processor.py:161} INFO - Processing /opt/airflow/dags/triggers_rules.py took 0.301 seconds
[2022-07-05 10:20:27,997] {processor.py:153} INFO - Started process (PID=3711) to work on /opt/airflow/dags/triggers_rules.py
[2022-07-05 10:20:28,000] {processor.py:641} INFO - Processing file /opt/airflow/dags/triggers_rules.py for tasks to queue
[2022-07-05 10:20:28,004] {logging_mixin.py:115} INFO - [2022-07-05 10:20:28,004] {dagbag.py:507} INFO - Filling up the DagBag from /opt/airflow/dags/triggers_rules.py
[2022-07-05 10:20:28,016] {processor.py:651} INFO - DAG(s) dict_keys(['trigger_rules']) retrieved from /opt/airflow/dags/triggers_rules.py
[2022-07-05 10:20:28,051] {logging_mixin.py:115} INFO - [2022-07-05 10:20:28,051] {dag.py:2379} INFO - Sync 1 DAGs
[2022-07-05 10:20:28,083] {logging_mixin.py:115} INFO - [2022-07-05 10:20:28,083] {dag.py:2931} INFO - Setting next_dagrun for trigger_rules to 2022-07-05T00:00:00+00:00, run_after=2022-07-06T00:00:00+00:00
[2022-07-05 10:20:28,096] {processor.py:161} INFO - Processing /opt/airflow/dags/triggers_rules.py took 0.103 seconds
[2022-07-05 10:20:58,368] {processor.py:153} INFO - Started process (PID=3752) to work on /opt/airflow/dags/triggers_rules.py
[2022-07-05 10:20:58,384] {processor.py:641} INFO - Processing file /opt/airflow/dags/triggers_rules.py for tasks to queue
[2022-07-05 10:20:58,387] {logging_mixin.py:115} INFO - [2022-07-05 10:20:58,387] {dagbag.py:507} INFO - Filling up the DagBag from /opt/airflow/dags/triggers_rules.py
[2022-07-05 10:20:58,419] {processor.py:651} INFO - DAG(s) dict_keys(['trigger_rules']) retrieved from /opt/airflow/dags/triggers_rules.py
[2022-07-05 10:20:58,561] {logging_mixin.py:115} INFO - [2022-07-05 10:20:58,561] {dag.py:2379} INFO - Sync 1 DAGs
[2022-07-05 10:20:58,702] {logging_mixin.py:115} INFO - [2022-07-05 10:20:58,702] {dag.py:2931} INFO - Setting next_dagrun for trigger_rules to 2022-07-05T00:00:00+00:00, run_after=2022-07-06T00:00:00+00:00
[2022-07-05 10:20:58,761] {processor.py:161} INFO - Processing /opt/airflow/dags/triggers_rules.py took 0.410 seconds
[2022-07-05 10:21:29,500] {processor.py:153} INFO - Started process (PID=3784) to work on /opt/airflow/dags/triggers_rules.py
[2022-07-05 10:21:29,508] {processor.py:641} INFO - Processing file /opt/airflow/dags/triggers_rules.py for tasks to queue
[2022-07-05 10:21:29,510] {logging_mixin.py:115} INFO - [2022-07-05 10:21:29,510] {dagbag.py:507} INFO - Filling up the DagBag from /opt/airflow/dags/triggers_rules.py
[2022-07-05 10:21:29,522] {processor.py:651} INFO - DAG(s) dict_keys(['trigger_rules']) retrieved from /opt/airflow/dags/triggers_rules.py
[2022-07-05 10:21:29,576] {logging_mixin.py:115} INFO - [2022-07-05 10:21:29,576] {dag.py:2379} INFO - Sync 1 DAGs
[2022-07-05 10:21:29,663] {logging_mixin.py:115} INFO - [2022-07-05 10:21:29,663] {dag.py:2931} INFO - Setting next_dagrun for trigger_rules to 2022-07-05T00:00:00+00:00, run_after=2022-07-06T00:00:00+00:00
[2022-07-05 10:21:29,701] {processor.py:161} INFO - Processing /opt/airflow/dags/triggers_rules.py took 0.206 seconds
[2022-07-05 10:22:00,632] {processor.py:153} INFO - Started process (PID=3817) to work on /opt/airflow/dags/triggers_rules.py
[2022-07-05 10:22:00,637] {processor.py:641} INFO - Processing file /opt/airflow/dags/triggers_rules.py for tasks to queue
[2022-07-05 10:22:00,638] {logging_mixin.py:115} INFO - [2022-07-05 10:22:00,638] {dagbag.py:507} INFO - Filling up the DagBag from /opt/airflow/dags/triggers_rules.py
[2022-07-05 10:22:00,664] {processor.py:651} INFO - DAG(s) dict_keys(['trigger_rules']) retrieved from /opt/airflow/dags/triggers_rules.py
[2022-07-05 10:22:00,731] {logging_mixin.py:115} INFO - [2022-07-05 10:22:00,731] {dag.py:2379} INFO - Sync 1 DAGs
[2022-07-05 10:22:00,785] {logging_mixin.py:115} INFO - [2022-07-05 10:22:00,785] {dag.py:2931} INFO - Setting next_dagrun for trigger_rules to 2022-07-05T00:00:00+00:00, run_after=2022-07-06T00:00:00+00:00
[2022-07-05 10:22:00,805] {processor.py:161} INFO - Processing /opt/airflow/dags/triggers_rules.py took 0.177 seconds
[2022-07-05 10:22:31,756] {processor.py:153} INFO - Started process (PID=3849) to work on /opt/airflow/dags/triggers_rules.py
[2022-07-05 10:22:31,762] {processor.py:641} INFO - Processing file /opt/airflow/dags/triggers_rules.py for tasks to queue
[2022-07-05 10:22:31,765] {logging_mixin.py:115} INFO - [2022-07-05 10:22:31,765] {dagbag.py:507} INFO - Filling up the DagBag from /opt/airflow/dags/triggers_rules.py
[2022-07-05 10:22:31,781] {processor.py:651} INFO - DAG(s) dict_keys(['trigger_rules']) retrieved from /opt/airflow/dags/triggers_rules.py
[2022-07-05 10:22:31,827] {logging_mixin.py:115} INFO - [2022-07-05 10:22:31,827] {dag.py:2379} INFO - Sync 1 DAGs
[2022-07-05 10:22:31,880] {logging_mixin.py:115} INFO - [2022-07-05 10:22:31,879] {dag.py:2931} INFO - Setting next_dagrun for trigger_rules to 2022-07-05T00:00:00+00:00, run_after=2022-07-06T00:00:00+00:00
[2022-07-05 10:22:31,900] {processor.py:161} INFO - Processing /opt/airflow/dags/triggers_rules.py took 0.149 seconds
[2022-07-05 10:23:01,980] {processor.py:153} INFO - Started process (PID=3890) to work on /opt/airflow/dags/triggers_rules.py
[2022-07-05 10:23:01,984] {processor.py:641} INFO - Processing file /opt/airflow/dags/triggers_rules.py for tasks to queue
[2022-07-05 10:23:01,989] {logging_mixin.py:115} INFO - [2022-07-05 10:23:01,989] {dagbag.py:507} INFO - Filling up the DagBag from /opt/airflow/dags/triggers_rules.py
[2022-07-05 10:23:02,009] {processor.py:651} INFO - DAG(s) dict_keys(['trigger_rules']) retrieved from /opt/airflow/dags/triggers_rules.py
[2022-07-05 10:23:02,069] {logging_mixin.py:115} INFO - [2022-07-05 10:23:02,069] {dag.py:2379} INFO - Sync 1 DAGs
[2022-07-05 10:23:02,137] {logging_mixin.py:115} INFO - [2022-07-05 10:23:02,137] {dag.py:2931} INFO - Setting next_dagrun for trigger_rules to 2022-07-05T00:00:00+00:00, run_after=2022-07-06T00:00:00+00:00
[2022-07-05 10:23:02,172] {processor.py:161} INFO - Processing /opt/airflow/dags/triggers_rules.py took 0.195 seconds
[2022-07-05 10:23:32,732] {processor.py:153} INFO - Started process (PID=3924) to work on /opt/airflow/dags/triggers_rules.py
[2022-07-05 10:23:32,736] {processor.py:641} INFO - Processing file /opt/airflow/dags/triggers_rules.py for tasks to queue
[2022-07-05 10:23:32,739] {logging_mixin.py:115} INFO - [2022-07-05 10:23:32,739] {dagbag.py:507} INFO - Filling up the DagBag from /opt/airflow/dags/triggers_rules.py
[2022-07-05 10:23:32,750] {processor.py:651} INFO - DAG(s) dict_keys(['trigger_rules']) retrieved from /opt/airflow/dags/triggers_rules.py
[2022-07-05 10:23:32,825] {logging_mixin.py:115} INFO - [2022-07-05 10:23:32,825] {dag.py:2379} INFO - Sync 1 DAGs
[2022-07-05 10:23:32,896] {logging_mixin.py:115} INFO - [2022-07-05 10:23:32,896] {dag.py:2931} INFO - Setting next_dagrun for trigger_rules to 2022-07-05T00:00:00+00:00, run_after=2022-07-06T00:00:00+00:00
[2022-07-05 10:23:32,933] {processor.py:161} INFO - Processing /opt/airflow/dags/triggers_rules.py took 0.211 seconds
[2022-07-05 10:24:03,535] {processor.py:153} INFO - Started process (PID=3960) to work on /opt/airflow/dags/triggers_rules.py
[2022-07-05 10:24:03,537] {processor.py:641} INFO - Processing file /opt/airflow/dags/triggers_rules.py for tasks to queue
[2022-07-05 10:24:03,539] {logging_mixin.py:115} INFO - [2022-07-05 10:24:03,539] {dagbag.py:507} INFO - Filling up the DagBag from /opt/airflow/dags/triggers_rules.py
[2022-07-05 10:24:03,553] {processor.py:651} INFO - DAG(s) dict_keys(['trigger_rules']) retrieved from /opt/airflow/dags/triggers_rules.py
[2022-07-05 10:24:03,607] {logging_mixin.py:115} INFO - [2022-07-05 10:24:03,606] {dag.py:2379} INFO - Sync 1 DAGs
[2022-07-05 10:24:03,689] {logging_mixin.py:115} INFO - [2022-07-05 10:24:03,689] {dag.py:2931} INFO - Setting next_dagrun for trigger_rules to 2022-07-05T00:00:00+00:00, run_after=2022-07-06T00:00:00+00:00
[2022-07-05 10:24:03,738] {processor.py:161} INFO - Processing /opt/airflow/dags/triggers_rules.py took 0.208 seconds
[2022-07-05 10:24:34,031] {processor.py:153} INFO - Started process (PID=4003) to work on /opt/airflow/dags/triggers_rules.py
[2022-07-05 10:24:34,052] {processor.py:641} INFO - Processing file /opt/airflow/dags/triggers_rules.py for tasks to queue
[2022-07-05 10:24:34,057] {logging_mixin.py:115} INFO - [2022-07-05 10:24:34,057] {dagbag.py:507} INFO - Filling up the DagBag from /opt/airflow/dags/triggers_rules.py
[2022-07-05 10:24:34,092] {processor.py:651} INFO - DAG(s) dict_keys(['trigger_rules']) retrieved from /opt/airflow/dags/triggers_rules.py
[2022-07-05 10:24:34,195] {logging_mixin.py:115} INFO - [2022-07-05 10:24:34,195] {dag.py:2379} INFO - Sync 1 DAGs
[2022-07-05 10:24:34,276] {logging_mixin.py:115} INFO - [2022-07-05 10:24:34,276] {dag.py:2931} INFO - Setting next_dagrun for trigger_rules to 2022-07-05T00:00:00+00:00, run_after=2022-07-06T00:00:00+00:00
[2022-07-05 10:24:34,317] {processor.py:161} INFO - Processing /opt/airflow/dags/triggers_rules.py took 0.295 seconds
[2022-07-05 10:25:04,579] {processor.py:153} INFO - Started process (PID=4030) to work on /opt/airflow/dags/triggers_rules.py
[2022-07-05 10:25:04,582] {processor.py:641} INFO - Processing file /opt/airflow/dags/triggers_rules.py for tasks to queue
[2022-07-05 10:25:04,585] {logging_mixin.py:115} INFO - [2022-07-05 10:25:04,585] {dagbag.py:507} INFO - Filling up the DagBag from /opt/airflow/dags/triggers_rules.py
[2022-07-05 10:25:04,601] {processor.py:651} INFO - DAG(s) dict_keys(['trigger_rules']) retrieved from /opt/airflow/dags/triggers_rules.py
[2022-07-05 10:25:04,634] {logging_mixin.py:115} INFO - [2022-07-05 10:25:04,634] {dag.py:2379} INFO - Sync 1 DAGs
[2022-07-05 10:25:04,678] {logging_mixin.py:115} INFO - [2022-07-05 10:25:04,678] {dag.py:2931} INFO - Setting next_dagrun for trigger_rules to 2022-07-05T00:00:00+00:00, run_after=2022-07-06T00:00:00+00:00
[2022-07-05 10:25:04,696] {processor.py:161} INFO - Processing /opt/airflow/dags/triggers_rules.py took 0.121 seconds
[2022-07-05 10:25:35,108] {processor.py:153} INFO - Started process (PID=4072) to work on /opt/airflow/dags/triggers_rules.py
[2022-07-05 10:25:35,112] {processor.py:641} INFO - Processing file /opt/airflow/dags/triggers_rules.py for tasks to queue
[2022-07-05 10:25:35,115] {logging_mixin.py:115} INFO - [2022-07-05 10:25:35,114] {dagbag.py:507} INFO - Filling up the DagBag from /opt/airflow/dags/triggers_rules.py
[2022-07-05 10:25:35,127] {processor.py:651} INFO - DAG(s) dict_keys(['trigger_rules']) retrieved from /opt/airflow/dags/triggers_rules.py
[2022-07-05 10:25:35,163] {logging_mixin.py:115} INFO - [2022-07-05 10:25:35,163] {dag.py:2379} INFO - Sync 1 DAGs
[2022-07-05 10:25:35,203] {logging_mixin.py:115} INFO - [2022-07-05 10:25:35,202] {dag.py:2931} INFO - Setting next_dagrun for trigger_rules to 2022-07-05T00:00:00+00:00, run_after=2022-07-06T00:00:00+00:00
[2022-07-05 10:25:35,223] {processor.py:161} INFO - Processing /opt/airflow/dags/triggers_rules.py took 0.119 seconds
[2022-07-05 10:26:05,257] {processor.py:153} INFO - Started process (PID=4104) to work on /opt/airflow/dags/triggers_rules.py
[2022-07-05 10:26:05,262] {processor.py:641} INFO - Processing file /opt/airflow/dags/triggers_rules.py for tasks to queue
[2022-07-05 10:26:05,265] {logging_mixin.py:115} INFO - [2022-07-05 10:26:05,265] {dagbag.py:507} INFO - Filling up the DagBag from /opt/airflow/dags/triggers_rules.py
[2022-07-05 10:26:05,278] {processor.py:651} INFO - DAG(s) dict_keys(['trigger_rules']) retrieved from /opt/airflow/dags/triggers_rules.py
[2022-07-05 10:26:05,361] {logging_mixin.py:115} INFO - [2022-07-05 10:26:05,361] {dag.py:2379} INFO - Sync 1 DAGs
[2022-07-05 10:26:05,459] {logging_mixin.py:115} INFO - [2022-07-05 10:26:05,459] {dag.py:2931} INFO - Setting next_dagrun for trigger_rules to 2022-07-05T00:00:00+00:00, run_after=2022-07-06T00:00:00+00:00
[2022-07-05 10:26:05,505] {processor.py:161} INFO - Processing /opt/airflow/dags/triggers_rules.py took 0.252 seconds
[2022-07-05 10:26:35,787] {processor.py:153} INFO - Started process (PID=4136) to work on /opt/airflow/dags/triggers_rules.py
[2022-07-05 10:26:35,788] {processor.py:641} INFO - Processing file /opt/airflow/dags/triggers_rules.py for tasks to queue
[2022-07-05 10:26:35,789] {logging_mixin.py:115} INFO - [2022-07-05 10:26:35,789] {dagbag.py:507} INFO - Filling up the DagBag from /opt/airflow/dags/triggers_rules.py
[2022-07-05 10:26:35,798] {processor.py:651} INFO - DAG(s) dict_keys(['trigger_rules']) retrieved from /opt/airflow/dags/triggers_rules.py
[2022-07-05 10:26:35,827] {logging_mixin.py:115} INFO - [2022-07-05 10:26:35,827] {dag.py:2379} INFO - Sync 1 DAGs
[2022-07-05 10:26:35,856] {logging_mixin.py:115} INFO - [2022-07-05 10:26:35,856] {dag.py:2931} INFO - Setting next_dagrun for trigger_rules to 2022-07-05T00:00:00+00:00, run_after=2022-07-06T00:00:00+00:00
[2022-07-05 10:26:35,894] {processor.py:161} INFO - Processing /opt/airflow/dags/triggers_rules.py took 0.110 seconds
[2022-07-05 10:27:06,775] {processor.py:153} INFO - Started process (PID=4169) to work on /opt/airflow/dags/triggers_rules.py
[2022-07-05 10:27:06,775] {processor.py:641} INFO - Processing file /opt/airflow/dags/triggers_rules.py for tasks to queue
[2022-07-05 10:27:06,776] {logging_mixin.py:115} INFO - [2022-07-05 10:27:06,776] {dagbag.py:507} INFO - Filling up the DagBag from /opt/airflow/dags/triggers_rules.py
[2022-07-05 10:27:06,786] {processor.py:651} INFO - DAG(s) dict_keys(['trigger_rules']) retrieved from /opt/airflow/dags/triggers_rules.py
[2022-07-05 10:27:06,817] {logging_mixin.py:115} INFO - [2022-07-05 10:27:06,817] {dag.py:2379} INFO - Sync 1 DAGs
[2022-07-05 10:27:06,841] {logging_mixin.py:115} INFO - [2022-07-05 10:27:06,841] {dag.py:2931} INFO - Setting next_dagrun for trigger_rules to 2022-07-05T00:00:00+00:00, run_after=2022-07-06T00:00:00+00:00
[2022-07-05 10:27:06,854] {processor.py:161} INFO - Processing /opt/airflow/dags/triggers_rules.py took 0.082 seconds
[2022-07-05 10:27:37,313] {processor.py:153} INFO - Started process (PID=4211) to work on /opt/airflow/dags/triggers_rules.py
[2022-07-05 10:27:37,317] {processor.py:641} INFO - Processing file /opt/airflow/dags/triggers_rules.py for tasks to queue
[2022-07-05 10:27:37,320] {logging_mixin.py:115} INFO - [2022-07-05 10:27:37,319] {dagbag.py:507} INFO - Filling up the DagBag from /opt/airflow/dags/triggers_rules.py
[2022-07-05 10:27:37,347] {processor.py:651} INFO - DAG(s) dict_keys(['trigger_rules']) retrieved from /opt/airflow/dags/triggers_rules.py
[2022-07-05 10:27:37,419] {logging_mixin.py:115} INFO - [2022-07-05 10:27:37,419] {dag.py:2379} INFO - Sync 1 DAGs
[2022-07-05 10:27:37,484] {logging_mixin.py:115} INFO - [2022-07-05 10:27:37,484] {dag.py:2931} INFO - Setting next_dagrun for trigger_rules to 2022-07-05T00:00:00+00:00, run_after=2022-07-06T00:00:00+00:00
[2022-07-05 10:27:37,520] {processor.py:161} INFO - Processing /opt/airflow/dags/triggers_rules.py took 0.219 seconds
[2022-07-05 10:28:08,218] {processor.py:153} INFO - Started process (PID=4243) to work on /opt/airflow/dags/triggers_rules.py
[2022-07-05 10:28:08,218] {processor.py:641} INFO - Processing file /opt/airflow/dags/triggers_rules.py for tasks to queue
[2022-07-05 10:28:08,219] {logging_mixin.py:115} INFO - [2022-07-05 10:28:08,219] {dagbag.py:507} INFO - Filling up the DagBag from /opt/airflow/dags/triggers_rules.py
[2022-07-05 10:28:08,228] {processor.py:651} INFO - DAG(s) dict_keys(['trigger_rules']) retrieved from /opt/airflow/dags/triggers_rules.py
[2022-07-05 10:28:08,253] {logging_mixin.py:115} INFO - [2022-07-05 10:28:08,252] {dag.py:2379} INFO - Sync 1 DAGs
[2022-07-05 10:28:08,276] {logging_mixin.py:115} INFO - [2022-07-05 10:28:08,276] {dag.py:2931} INFO - Setting next_dagrun for trigger_rules to 2022-07-05T00:00:00+00:00, run_after=2022-07-06T00:00:00+00:00
[2022-07-05 10:28:08,288] {processor.py:161} INFO - Processing /opt/airflow/dags/triggers_rules.py took 0.073 seconds
[2022-07-05 10:28:39,187] {processor.py:153} INFO - Started process (PID=4285) to work on /opt/airflow/dags/triggers_rules.py
[2022-07-05 10:28:39,201] {processor.py:641} INFO - Processing file /opt/airflow/dags/triggers_rules.py for tasks to queue
[2022-07-05 10:28:39,205] {logging_mixin.py:115} INFO - [2022-07-05 10:28:39,205] {dagbag.py:507} INFO - Filling up the DagBag from /opt/airflow/dags/triggers_rules.py
[2022-07-05 10:28:39,237] {processor.py:651} INFO - DAG(s) dict_keys(['trigger_rules']) retrieved from /opt/airflow/dags/triggers_rules.py
[2022-07-05 10:28:39,337] {logging_mixin.py:115} INFO - [2022-07-05 10:28:39,337] {dag.py:2379} INFO - Sync 1 DAGs
[2022-07-05 10:28:39,409] {logging_mixin.py:115} INFO - [2022-07-05 10:28:39,409] {dag.py:2931} INFO - Setting next_dagrun for trigger_rules to 2022-07-05T00:00:00+00:00, run_after=2022-07-06T00:00:00+00:00
[2022-07-05 10:28:39,438] {processor.py:161} INFO - Processing /opt/airflow/dags/triggers_rules.py took 0.255 seconds
[2022-07-05 10:29:09,532] {processor.py:153} INFO - Started process (PID=4323) to work on /opt/airflow/dags/triggers_rules.py
[2022-07-05 10:29:09,533] {processor.py:641} INFO - Processing file /opt/airflow/dags/triggers_rules.py for tasks to queue
[2022-07-05 10:29:09,534] {logging_mixin.py:115} INFO - [2022-07-05 10:29:09,534] {dagbag.py:507} INFO - Filling up the DagBag from /opt/airflow/dags/triggers_rules.py
[2022-07-05 10:29:09,545] {processor.py:651} INFO - DAG(s) dict_keys(['trigger_rules']) retrieved from /opt/airflow/dags/triggers_rules.py
[2022-07-05 10:29:09,577] {logging_mixin.py:115} INFO - [2022-07-05 10:29:09,577] {dag.py:2379} INFO - Sync 1 DAGs
[2022-07-05 10:29:09,628] {logging_mixin.py:115} INFO - [2022-07-05 10:29:09,628] {dag.py:2931} INFO - Setting next_dagrun for trigger_rules to 2022-07-05T00:00:00+00:00, run_after=2022-07-06T00:00:00+00:00
[2022-07-05 10:29:09,648] {processor.py:161} INFO - Processing /opt/airflow/dags/triggers_rules.py took 0.120 seconds
[2022-07-05 10:29:39,781] {processor.py:153} INFO - Started process (PID=4356) to work on /opt/airflow/dags/triggers_rules.py
[2022-07-05 10:29:39,781] {processor.py:641} INFO - Processing file /opt/airflow/dags/triggers_rules.py for tasks to queue
[2022-07-05 10:29:39,782] {logging_mixin.py:115} INFO - [2022-07-05 10:29:39,782] {dagbag.py:507} INFO - Filling up the DagBag from /opt/airflow/dags/triggers_rules.py
[2022-07-05 10:29:39,792] {processor.py:651} INFO - DAG(s) dict_keys(['trigger_rules']) retrieved from /opt/airflow/dags/triggers_rules.py
[2022-07-05 10:29:39,817] {logging_mixin.py:115} INFO - [2022-07-05 10:29:39,817] {dag.py:2379} INFO - Sync 1 DAGs
[2022-07-05 10:29:39,843] {logging_mixin.py:115} INFO - [2022-07-05 10:29:39,843] {dag.py:2931} INFO - Setting next_dagrun for trigger_rules to 2022-07-05T00:00:00+00:00, run_after=2022-07-06T00:00:00+00:00
[2022-07-05 10:29:39,855] {processor.py:161} INFO - Processing /opt/airflow/dags/triggers_rules.py took 0.077 seconds
[2022-07-05 10:30:10,156] {processor.py:153} INFO - Started process (PID=4396) to work on /opt/airflow/dags/triggers_rules.py
[2022-07-05 10:30:10,163] {processor.py:641} INFO - Processing file /opt/airflow/dags/triggers_rules.py for tasks to queue
[2022-07-05 10:30:10,171] {logging_mixin.py:115} INFO - [2022-07-05 10:30:10,170] {dagbag.py:507} INFO - Filling up the DagBag from /opt/airflow/dags/triggers_rules.py
[2022-07-05 10:30:10,191] {processor.py:651} INFO - DAG(s) dict_keys(['trigger_rules']) retrieved from /opt/airflow/dags/triggers_rules.py
[2022-07-05 10:30:10,242] {logging_mixin.py:115} INFO - [2022-07-05 10:30:10,242] {dag.py:2379} INFO - Sync 1 DAGs
[2022-07-05 10:30:10,295] {logging_mixin.py:115} INFO - [2022-07-05 10:30:10,294] {dag.py:2931} INFO - Setting next_dagrun for trigger_rules to 2022-07-05T00:00:00+00:00, run_after=2022-07-06T00:00:00+00:00
[2022-07-05 10:30:10,321] {processor.py:161} INFO - Processing /opt/airflow/dags/triggers_rules.py took 0.170 seconds
[2022-07-05 10:30:40,411] {processor.py:153} INFO - Started process (PID=4429) to work on /opt/airflow/dags/triggers_rules.py
[2022-07-05 10:30:40,413] {processor.py:641} INFO - Processing file /opt/airflow/dags/triggers_rules.py for tasks to queue
[2022-07-05 10:30:40,414] {logging_mixin.py:115} INFO - [2022-07-05 10:30:40,414] {dagbag.py:507} INFO - Filling up the DagBag from /opt/airflow/dags/triggers_rules.py
[2022-07-05 10:30:40,425] {processor.py:651} INFO - DAG(s) dict_keys(['trigger_rules']) retrieved from /opt/airflow/dags/triggers_rules.py
[2022-07-05 10:30:40,466] {logging_mixin.py:115} INFO - [2022-07-05 10:30:40,465] {dag.py:2379} INFO - Sync 1 DAGs
[2022-07-05 10:30:40,497] {logging_mixin.py:115} INFO - [2022-07-05 10:30:40,497] {dag.py:2931} INFO - Setting next_dagrun for trigger_rules to 2022-07-05T00:00:00+00:00, run_after=2022-07-06T00:00:00+00:00
[2022-07-05 10:30:40,511] {processor.py:161} INFO - Processing /opt/airflow/dags/triggers_rules.py took 0.104 seconds
[2022-07-05 10:31:10,720] {processor.py:153} INFO - Started process (PID=4460) to work on /opt/airflow/dags/triggers_rules.py
[2022-07-05 10:31:10,725] {processor.py:641} INFO - Processing file /opt/airflow/dags/triggers_rules.py for tasks to queue
[2022-07-05 10:31:10,737] {logging_mixin.py:115} INFO - [2022-07-05 10:31:10,737] {dagbag.py:507} INFO - Filling up the DagBag from /opt/airflow/dags/triggers_rules.py
[2022-07-05 10:31:10,762] {processor.py:651} INFO - DAG(s) dict_keys(['trigger_rules']) retrieved from /opt/airflow/dags/triggers_rules.py
[2022-07-05 10:31:10,830] {logging_mixin.py:115} INFO - [2022-07-05 10:31:10,830] {dag.py:2379} INFO - Sync 1 DAGs
[2022-07-05 10:31:10,895] {logging_mixin.py:115} INFO - [2022-07-05 10:31:10,895] {dag.py:2931} INFO - Setting next_dagrun for trigger_rules to 2022-07-05T00:00:00+00:00, run_after=2022-07-06T00:00:00+00:00
[2022-07-05 10:31:10,916] {processor.py:161} INFO - Processing /opt/airflow/dags/triggers_rules.py took 0.201 seconds
[2022-07-05 10:31:41,247] {processor.py:153} INFO - Started process (PID=4491) to work on /opt/airflow/dags/triggers_rules.py
[2022-07-05 10:31:41,247] {processor.py:641} INFO - Processing file /opt/airflow/dags/triggers_rules.py for tasks to queue
[2022-07-05 10:31:41,248] {logging_mixin.py:115} INFO - [2022-07-05 10:31:41,248] {dagbag.py:507} INFO - Filling up the DagBag from /opt/airflow/dags/triggers_rules.py
[2022-07-05 10:31:41,257] {processor.py:651} INFO - DAG(s) dict_keys(['trigger_rules']) retrieved from /opt/airflow/dags/triggers_rules.py
[2022-07-05 10:31:41,281] {logging_mixin.py:115} INFO - [2022-07-05 10:31:41,281] {dag.py:2379} INFO - Sync 1 DAGs
[2022-07-05 10:31:41,305] {logging_mixin.py:115} INFO - [2022-07-05 10:31:41,305] {dag.py:2931} INFO - Setting next_dagrun for trigger_rules to 2022-07-05T00:00:00+00:00, run_after=2022-07-06T00:00:00+00:00
[2022-07-05 10:31:41,318] {processor.py:161} INFO - Processing /opt/airflow/dags/triggers_rules.py took 0.074 seconds
[2022-07-05 10:32:11,427] {processor.py:153} INFO - Started process (PID=4527) to work on /opt/airflow/dags/triggers_rules.py
[2022-07-05 10:32:11,431] {processor.py:641} INFO - Processing file /opt/airflow/dags/triggers_rules.py for tasks to queue
[2022-07-05 10:32:11,435] {logging_mixin.py:115} INFO - [2022-07-05 10:32:11,435] {dagbag.py:507} INFO - Filling up the DagBag from /opt/airflow/dags/triggers_rules.py
[2022-07-05 10:32:11,447] {processor.py:651} INFO - DAG(s) dict_keys(['trigger_rules']) retrieved from /opt/airflow/dags/triggers_rules.py
[2022-07-05 10:32:11,481] {logging_mixin.py:115} INFO - [2022-07-05 10:32:11,480] {dag.py:2379} INFO - Sync 1 DAGs
[2022-07-05 10:32:11,523] {logging_mixin.py:115} INFO - [2022-07-05 10:32:11,522] {dag.py:2931} INFO - Setting next_dagrun for trigger_rules to 2022-07-05T00:00:00+00:00, run_after=2022-07-06T00:00:00+00:00
[2022-07-05 10:32:11,540] {processor.py:161} INFO - Processing /opt/airflow/dags/triggers_rules.py took 0.117 seconds
[2022-07-05 10:32:41,795] {processor.py:153} INFO - Started process (PID=4569) to work on /opt/airflow/dags/triggers_rules.py
[2022-07-05 10:32:41,804] {processor.py:641} INFO - Processing file /opt/airflow/dags/triggers_rules.py for tasks to queue
[2022-07-05 10:32:41,806] {logging_mixin.py:115} INFO - [2022-07-05 10:32:41,806] {dagbag.py:507} INFO - Filling up the DagBag from /opt/airflow/dags/triggers_rules.py
[2022-07-05 10:32:41,889] {processor.py:651} INFO - DAG(s) dict_keys(['trigger_rules']) retrieved from /opt/airflow/dags/triggers_rules.py
[2022-07-05 10:32:42,002] {logging_mixin.py:115} INFO - [2022-07-05 10:32:42,002] {dag.py:2379} INFO - Sync 1 DAGs
[2022-07-05 10:32:42,189] {logging_mixin.py:115} INFO - [2022-07-05 10:32:42,189] {dag.py:2931} INFO - Setting next_dagrun for trigger_rules to 2022-07-05T00:00:00+00:00, run_after=2022-07-06T00:00:00+00:00
[2022-07-05 10:32:42,293] {processor.py:161} INFO - Processing /opt/airflow/dags/triggers_rules.py took 0.538 seconds
[2022-07-05 10:33:12,384] {processor.py:153} INFO - Started process (PID=4591) to work on /opt/airflow/dags/triggers_rules.py
[2022-07-05 10:33:12,398] {processor.py:641} INFO - Processing file /opt/airflow/dags/triggers_rules.py for tasks to queue
[2022-07-05 10:33:12,402] {logging_mixin.py:115} INFO - [2022-07-05 10:33:12,402] {dagbag.py:507} INFO - Filling up the DagBag from /opt/airflow/dags/triggers_rules.py
[2022-07-05 10:33:12,432] {processor.py:651} INFO - DAG(s) dict_keys(['trigger_rules']) retrieved from /opt/airflow/dags/triggers_rules.py
[2022-07-05 10:33:12,633] {logging_mixin.py:115} INFO - [2022-07-05 10:33:12,633] {dag.py:2379} INFO - Sync 1 DAGs
[2022-07-05 10:33:12,754] {logging_mixin.py:115} INFO - [2022-07-05 10:33:12,754] {dag.py:2931} INFO - Setting next_dagrun for trigger_rules to 2022-07-05T00:00:00+00:00, run_after=2022-07-06T00:00:00+00:00
[2022-07-05 10:33:12,837] {processor.py:161} INFO - Processing /opt/airflow/dags/triggers_rules.py took 0.461 seconds
[2022-07-05 10:33:42,950] {processor.py:153} INFO - Started process (PID=4621) to work on /opt/airflow/dags/triggers_rules.py
[2022-07-05 10:33:42,953] {processor.py:641} INFO - Processing file /opt/airflow/dags/triggers_rules.py for tasks to queue
[2022-07-05 10:33:42,957] {logging_mixin.py:115} INFO - [2022-07-05 10:33:42,957] {dagbag.py:507} INFO - Filling up the DagBag from /opt/airflow/dags/triggers_rules.py
[2022-07-05 10:33:42,974] {processor.py:651} INFO - DAG(s) dict_keys(['trigger_rules']) retrieved from /opt/airflow/dags/triggers_rules.py
[2022-07-05 10:33:43,033] {logging_mixin.py:115} INFO - [2022-07-05 10:33:43,033] {dag.py:2379} INFO - Sync 1 DAGs
[2022-07-05 10:33:43,086] {logging_mixin.py:115} INFO - [2022-07-05 10:33:43,086] {dag.py:2931} INFO - Setting next_dagrun for trigger_rules to 2022-07-05T00:00:00+00:00, run_after=2022-07-06T00:00:00+00:00
[2022-07-05 10:33:43,112] {processor.py:161} INFO - Processing /opt/airflow/dags/triggers_rules.py took 0.166 seconds
[2022-07-05 10:34:13,826] {processor.py:153} INFO - Started process (PID=4658) to work on /opt/airflow/dags/triggers_rules.py
[2022-07-05 10:34:13,837] {processor.py:641} INFO - Processing file /opt/airflow/dags/triggers_rules.py for tasks to queue
[2022-07-05 10:34:13,840] {logging_mixin.py:115} INFO - [2022-07-05 10:34:13,839] {dagbag.py:507} INFO - Filling up the DagBag from /opt/airflow/dags/triggers_rules.py
[2022-07-05 10:34:13,937] {processor.py:651} INFO - DAG(s) dict_keys(['trigger_rules']) retrieved from /opt/airflow/dags/triggers_rules.py
[2022-07-05 10:34:14,215] {logging_mixin.py:115} INFO - [2022-07-05 10:34:14,215] {dag.py:2379} INFO - Sync 1 DAGs
[2022-07-05 10:34:14,552] {logging_mixin.py:115} INFO - [2022-07-05 10:34:14,552] {dag.py:2931} INFO - Setting next_dagrun for trigger_rules to 2022-07-05T00:00:00+00:00, run_after=2022-07-06T00:00:00+00:00
[2022-07-05 10:34:14,683] {processor.py:161} INFO - Processing /opt/airflow/dags/triggers_rules.py took 0.876 seconds
[2022-07-05 10:34:44,830] {processor.py:153} INFO - Started process (PID=4688) to work on /opt/airflow/dags/triggers_rules.py
[2022-07-05 10:34:44,843] {processor.py:641} INFO - Processing file /opt/airflow/dags/triggers_rules.py for tasks to queue
[2022-07-05 10:34:44,849] {logging_mixin.py:115} INFO - [2022-07-05 10:34:44,849] {dagbag.py:507} INFO - Filling up the DagBag from /opt/airflow/dags/triggers_rules.py
[2022-07-05 10:34:44,909] {processor.py:651} INFO - DAG(s) dict_keys(['trigger_rules']) retrieved from /opt/airflow/dags/triggers_rules.py
[2022-07-05 10:34:45,045] {logging_mixin.py:115} INFO - [2022-07-05 10:34:45,044] {dag.py:2379} INFO - Sync 1 DAGs
[2022-07-05 10:34:45,179] {logging_mixin.py:115} INFO - [2022-07-05 10:34:45,179] {dag.py:2931} INFO - Setting next_dagrun for trigger_rules to 2022-07-05T00:00:00+00:00, run_after=2022-07-06T00:00:00+00:00
[2022-07-05 10:34:45,246] {processor.py:161} INFO - Processing /opt/airflow/dags/triggers_rules.py took 0.440 seconds
[2022-07-05 10:35:15,942] {processor.py:153} INFO - Started process (PID=4720) to work on /opt/airflow/dags/triggers_rules.py
[2022-07-05 10:35:15,951] {processor.py:641} INFO - Processing file /opt/airflow/dags/triggers_rules.py for tasks to queue
[2022-07-05 10:35:15,954] {logging_mixin.py:115} INFO - [2022-07-05 10:35:15,954] {dagbag.py:507} INFO - Filling up the DagBag from /opt/airflow/dags/triggers_rules.py
[2022-07-05 10:35:15,986] {processor.py:651} INFO - DAG(s) dict_keys(['trigger_rules']) retrieved from /opt/airflow/dags/triggers_rules.py
[2022-07-05 10:35:16,101] {logging_mixin.py:115} INFO - [2022-07-05 10:35:16,101] {dag.py:2379} INFO - Sync 1 DAGs
[2022-07-05 10:35:16,210] {logging_mixin.py:115} INFO - [2022-07-05 10:35:16,210] {dag.py:2931} INFO - Setting next_dagrun for trigger_rules to 2022-07-05T00:00:00+00:00, run_after=2022-07-06T00:00:00+00:00
[2022-07-05 10:35:16,298] {processor.py:161} INFO - Processing /opt/airflow/dags/triggers_rules.py took 0.375 seconds
[2022-07-05 10:35:46,866] {processor.py:153} INFO - Started process (PID=4754) to work on /opt/airflow/dags/triggers_rules.py
[2022-07-05 10:35:46,869] {processor.py:641} INFO - Processing file /opt/airflow/dags/triggers_rules.py for tasks to queue
[2022-07-05 10:35:46,876] {logging_mixin.py:115} INFO - [2022-07-05 10:35:46,876] {dagbag.py:507} INFO - Filling up the DagBag from /opt/airflow/dags/triggers_rules.py
[2022-07-05 10:35:46,895] {processor.py:651} INFO - DAG(s) dict_keys(['trigger_rules']) retrieved from /opt/airflow/dags/triggers_rules.py
[2022-07-05 10:35:46,953] {logging_mixin.py:115} INFO - [2022-07-05 10:35:46,953] {dag.py:2379} INFO - Sync 1 DAGs
[2022-07-05 10:35:47,009] {logging_mixin.py:115} INFO - [2022-07-05 10:35:47,009] {dag.py:2931} INFO - Setting next_dagrun for trigger_rules to 2022-07-05T00:00:00+00:00, run_after=2022-07-06T00:00:00+00:00
[2022-07-05 10:35:47,028] {processor.py:161} INFO - Processing /opt/airflow/dags/triggers_rules.py took 0.170 seconds
[2022-07-05 10:36:17,172] {processor.py:153} INFO - Started process (PID=4787) to work on /opt/airflow/dags/triggers_rules.py
[2022-07-05 10:36:17,174] {processor.py:641} INFO - Processing file /opt/airflow/dags/triggers_rules.py for tasks to queue
[2022-07-05 10:36:17,175] {logging_mixin.py:115} INFO - [2022-07-05 10:36:17,175] {dagbag.py:507} INFO - Filling up the DagBag from /opt/airflow/dags/triggers_rules.py
[2022-07-05 10:36:17,183] {processor.py:651} INFO - DAG(s) dict_keys(['trigger_rules']) retrieved from /opt/airflow/dags/triggers_rules.py
[2022-07-05 10:36:17,207] {logging_mixin.py:115} INFO - [2022-07-05 10:36:17,207] {dag.py:2379} INFO - Sync 1 DAGs
[2022-07-05 10:36:17,230] {logging_mixin.py:115} INFO - [2022-07-05 10:36:17,230] {dag.py:2931} INFO - Setting next_dagrun for trigger_rules to 2022-07-05T00:00:00+00:00, run_after=2022-07-06T00:00:00+00:00
[2022-07-05 10:36:17,243] {processor.py:161} INFO - Processing /opt/airflow/dags/triggers_rules.py took 0.074 seconds
[2022-07-05 10:36:47,558] {processor.py:153} INFO - Started process (PID=4817) to work on /opt/airflow/dags/triggers_rules.py
[2022-07-05 10:36:47,562] {processor.py:641} INFO - Processing file /opt/airflow/dags/triggers_rules.py for tasks to queue
[2022-07-05 10:36:47,565] {logging_mixin.py:115} INFO - [2022-07-05 10:36:47,565] {dagbag.py:507} INFO - Filling up the DagBag from /opt/airflow/dags/triggers_rules.py
[2022-07-05 10:36:47,577] {processor.py:651} INFO - DAG(s) dict_keys(['trigger_rules']) retrieved from /opt/airflow/dags/triggers_rules.py
[2022-07-05 10:36:47,613] {logging_mixin.py:115} INFO - [2022-07-05 10:36:47,613] {dag.py:2379} INFO - Sync 1 DAGs
[2022-07-05 10:36:47,650] {logging_mixin.py:115} INFO - [2022-07-05 10:36:47,650] {dag.py:2931} INFO - Setting next_dagrun for trigger_rules to 2022-07-05T00:00:00+00:00, run_after=2022-07-06T00:00:00+00:00
[2022-07-05 10:36:47,667] {processor.py:161} INFO - Processing /opt/airflow/dags/triggers_rules.py took 0.113 seconds
[2022-07-05 10:37:17,732] {processor.py:153} INFO - Started process (PID=4850) to work on /opt/airflow/dags/triggers_rules.py
[2022-07-05 10:37:17,744] {processor.py:641} INFO - Processing file /opt/airflow/dags/triggers_rules.py for tasks to queue
[2022-07-05 10:37:17,748] {logging_mixin.py:115} INFO - [2022-07-05 10:37:17,748] {dagbag.py:507} INFO - Filling up the DagBag from /opt/airflow/dags/triggers_rules.py
[2022-07-05 10:37:17,763] {processor.py:651} INFO - DAG(s) dict_keys(['trigger_rules']) retrieved from /opt/airflow/dags/triggers_rules.py
[2022-07-05 10:37:17,820] {logging_mixin.py:115} INFO - [2022-07-05 10:37:17,820] {dag.py:2379} INFO - Sync 1 DAGs
[2022-07-05 10:37:17,903] {logging_mixin.py:115} INFO - [2022-07-05 10:37:17,903] {dag.py:2931} INFO - Setting next_dagrun for trigger_rules to 2022-07-05T00:00:00+00:00, run_after=2022-07-06T00:00:00+00:00
[2022-07-05 10:37:17,959] {processor.py:161} INFO - Processing /opt/airflow/dags/triggers_rules.py took 0.230 seconds
