[2022-07-05 06:04:02,857] {processor.py:153} INFO - Started process (PID=4225) to work on /opt/airflow/dags/xcom_dag2.py
[2022-07-05 06:04:02,857] {processor.py:641} INFO - Processing file /opt/airflow/dags/xcom_dag2.py for tasks to queue
[2022-07-05 06:04:02,858] {logging_mixin.py:115} INFO - [2022-07-05 06:04:02,858] {dagbag.py:507} INFO - Filling up the DagBag from /opt/airflow/dags/xcom_dag2.py
[2022-07-05 06:04:03,732] {processor.py:651} INFO - DAG(s) dict_keys(['xcom_dag']) retrieved from /opt/airflow/dags/xcom_dag2.py
[2022-07-05 06:04:03,951] {logging_mixin.py:115} INFO - [2022-07-05 06:04:03,944] {dag.py:2379} INFO - Sync 1 DAGs
[2022-07-05 06:04:04,070] {logging_mixin.py:115} INFO - [2022-07-05 06:04:04,070] {dag.py:2931} INFO - Setting next_dagrun for xcom_dag to 2022-07-05T00:00:00+00:00, run_after=2022-07-06T00:00:00+00:00
[2022-07-05 06:04:04,087] {processor.py:161} INFO - Processing /opt/airflow/dags/xcom_dag2.py took 1.234 seconds
[2022-07-05 06:04:34,127] {processor.py:153} INFO - Started process (PID=4263) to work on /opt/airflow/dags/xcom_dag2.py
[2022-07-05 06:04:34,129] {processor.py:641} INFO - Processing file /opt/airflow/dags/xcom_dag2.py for tasks to queue
[2022-07-05 06:04:34,130] {logging_mixin.py:115} INFO - [2022-07-05 06:04:34,130] {dagbag.py:507} INFO - Filling up the DagBag from /opt/airflow/dags/xcom_dag2.py
[2022-07-05 06:04:35,046] {processor.py:651} INFO - DAG(s) dict_keys(['xcom_dag']) retrieved from /opt/airflow/dags/xcom_dag2.py
[2022-07-05 06:04:35,089] {logging_mixin.py:115} INFO - [2022-07-05 06:04:35,089] {dag.py:2379} INFO - Sync 1 DAGs
[2022-07-05 06:04:35,149] {logging_mixin.py:115} INFO - [2022-07-05 06:04:35,149] {dag.py:2931} INFO - Setting next_dagrun for xcom_dag to 2022-07-05T00:00:00+00:00, run_after=2022-07-06T00:00:00+00:00
[2022-07-05 06:04:35,194] {processor.py:161} INFO - Processing /opt/airflow/dags/xcom_dag2.py took 1.072 seconds
[2022-07-05 06:05:05,486] {processor.py:153} INFO - Started process (PID=4291) to work on /opt/airflow/dags/xcom_dag2.py
[2022-07-05 06:05:05,488] {processor.py:641} INFO - Processing file /opt/airflow/dags/xcom_dag2.py for tasks to queue
[2022-07-05 06:05:05,489] {logging_mixin.py:115} INFO - [2022-07-05 06:05:05,489] {dagbag.py:507} INFO - Filling up the DagBag from /opt/airflow/dags/xcom_dag2.py
[2022-07-05 06:05:06,405] {processor.py:651} INFO - DAG(s) dict_keys(['xcom_dag']) retrieved from /opt/airflow/dags/xcom_dag2.py
[2022-07-05 06:05:06,579] {logging_mixin.py:115} INFO - [2022-07-05 06:05:06,578] {dag.py:2379} INFO - Sync 1 DAGs
[2022-07-05 06:05:06,659] {logging_mixin.py:115} INFO - [2022-07-05 06:05:06,659] {dag.py:2931} INFO - Setting next_dagrun for xcom_dag to 2022-07-05T00:00:00+00:00, run_after=2022-07-06T00:00:00+00:00
[2022-07-05 06:05:06,713] {processor.py:161} INFO - Processing /opt/airflow/dags/xcom_dag2.py took 1.230 seconds
[2022-07-05 06:05:37,020] {processor.py:153} INFO - Started process (PID=4329) to work on /opt/airflow/dags/xcom_dag2.py
[2022-07-05 06:05:37,020] {processor.py:641} INFO - Processing file /opt/airflow/dags/xcom_dag2.py for tasks to queue
[2022-07-05 06:05:37,025] {logging_mixin.py:115} INFO - [2022-07-05 06:05:37,025] {dagbag.py:507} INFO - Filling up the DagBag from /opt/airflow/dags/xcom_dag2.py
[2022-07-05 06:05:37,956] {processor.py:651} INFO - DAG(s) dict_keys(['xcom_dag']) retrieved from /opt/airflow/dags/xcom_dag2.py
[2022-07-05 06:05:38,011] {logging_mixin.py:115} INFO - [2022-07-05 06:05:38,011] {dag.py:2379} INFO - Sync 1 DAGs
[2022-07-05 06:05:38,083] {logging_mixin.py:115} INFO - [2022-07-05 06:05:38,083] {dag.py:2931} INFO - Setting next_dagrun for xcom_dag to 2022-07-05T00:00:00+00:00, run_after=2022-07-06T00:00:00+00:00
[2022-07-05 06:05:38,120] {processor.py:161} INFO - Processing /opt/airflow/dags/xcom_dag2.py took 1.105 seconds
[2022-07-05 06:06:08,341] {processor.py:153} INFO - Started process (PID=4369) to work on /opt/airflow/dags/xcom_dag2.py
[2022-07-05 06:06:08,344] {processor.py:641} INFO - Processing file /opt/airflow/dags/xcom_dag2.py for tasks to queue
[2022-07-05 06:06:08,347] {logging_mixin.py:115} INFO - [2022-07-05 06:06:08,346] {dagbag.py:507} INFO - Filling up the DagBag from /opt/airflow/dags/xcom_dag2.py
[2022-07-05 06:06:08,920] {processor.py:651} INFO - DAG(s) dict_keys(['xcom_dag']) retrieved from /opt/airflow/dags/xcom_dag2.py
[2022-07-05 06:06:09,012] {logging_mixin.py:115} INFO - [2022-07-05 06:06:09,012] {dag.py:2379} INFO - Sync 1 DAGs
[2022-07-05 06:06:09,049] {logging_mixin.py:115} INFO - [2022-07-05 06:06:09,049] {dag.py:2931} INFO - Setting next_dagrun for xcom_dag to 2022-07-05T00:00:00+00:00, run_after=2022-07-06T00:00:00+00:00
[2022-07-05 06:06:09,069] {processor.py:161} INFO - Processing /opt/airflow/dags/xcom_dag2.py took 0.737 seconds
[2022-07-05 06:06:39,572] {processor.py:153} INFO - Started process (PID=4399) to work on /opt/airflow/dags/xcom_dag2.py
[2022-07-05 06:06:39,575] {processor.py:641} INFO - Processing file /opt/airflow/dags/xcom_dag2.py for tasks to queue
[2022-07-05 06:06:39,583] {logging_mixin.py:115} INFO - [2022-07-05 06:06:39,583] {dagbag.py:507} INFO - Filling up the DagBag from /opt/airflow/dags/xcom_dag2.py
[2022-07-05 06:06:40,157] {processor.py:651} INFO - DAG(s) dict_keys(['xcom_dag']) retrieved from /opt/airflow/dags/xcom_dag2.py
[2022-07-05 06:06:40,177] {logging_mixin.py:115} INFO - [2022-07-05 06:06:40,176] {dag.py:2379} INFO - Sync 1 DAGs
[2022-07-05 06:06:40,198] {logging_mixin.py:115} INFO - [2022-07-05 06:06:40,198] {dag.py:2931} INFO - Setting next_dagrun for xcom_dag to 2022-07-05T00:00:00+00:00, run_after=2022-07-06T00:00:00+00:00
[2022-07-05 06:06:40,210] {processor.py:161} INFO - Processing /opt/airflow/dags/xcom_dag2.py took 0.646 seconds
[2022-07-05 06:07:10,385] {processor.py:153} INFO - Started process (PID=4439) to work on /opt/airflow/dags/xcom_dag2.py
[2022-07-05 06:07:10,396] {processor.py:641} INFO - Processing file /opt/airflow/dags/xcom_dag2.py for tasks to queue
[2022-07-05 06:07:10,400] {logging_mixin.py:115} INFO - [2022-07-05 06:07:10,400] {dagbag.py:507} INFO - Filling up the DagBag from /opt/airflow/dags/xcom_dag2.py
[2022-07-05 06:07:11,453] {processor.py:651} INFO - DAG(s) dict_keys(['xcom_dag']) retrieved from /opt/airflow/dags/xcom_dag2.py
[2022-07-05 06:07:11,542] {logging_mixin.py:115} INFO - [2022-07-05 06:07:11,541] {dag.py:2379} INFO - Sync 1 DAGs
[2022-07-05 06:07:11,576] {logging_mixin.py:115} INFO - [2022-07-05 06:07:11,576] {dag.py:2931} INFO - Setting next_dagrun for xcom_dag to 2022-07-05T00:00:00+00:00, run_after=2022-07-06T00:00:00+00:00
[2022-07-05 06:07:11,618] {processor.py:161} INFO - Processing /opt/airflow/dags/xcom_dag2.py took 1.238 seconds
[2022-07-05 06:07:33,971] {processor.py:153} INFO - Started process (PID=4464) to work on /opt/airflow/dags/xcom_dag2.py
[2022-07-05 06:07:33,974] {processor.py:641} INFO - Processing file /opt/airflow/dags/xcom_dag2.py for tasks to queue
[2022-07-05 06:07:33,976] {logging_mixin.py:115} INFO - [2022-07-05 06:07:33,976] {dagbag.py:507} INFO - Filling up the DagBag from /opt/airflow/dags/xcom_dag2.py
[2022-07-05 06:07:33,980] {logging_mixin.py:115} INFO - [2022-07-05 06:07:33,979] {dagbag.py:320} ERROR - Failed to import: /opt/airflow/dags/xcom_dag2.py
Traceback (most recent call last):
  File "/home/airflow/.local/lib/python3.7/site-packages/airflow/models/dagbag.py", line 317, in parse
    loader.exec_module(new_module)
  File "<frozen importlib._bootstrap_external>", line 724, in exec_module
  File "<frozen importlib._bootstrap_external>", line 860, in get_code
  File "<frozen importlib._bootstrap_external>", line 791, in source_to_code
  File "<frozen importlib._bootstrap>", line 219, in _call_with_frames_removed
  File "/opt/airflow/dags/xcom_dag2.py", line 36
    pull_task = PythonOperator(`enter code here`
                               ^
SyntaxError: invalid syntax
[2022-07-05 06:07:33,982] {processor.py:653} WARNING - No viable dags retrieved from /opt/airflow/dags/xcom_dag2.py
[2022-07-05 06:07:34,010] {processor.py:161} INFO - Processing /opt/airflow/dags/xcom_dag2.py took 0.043 seconds
[2022-07-05 06:07:41,448] {processor.py:153} INFO - Started process (PID=4469) to work on /opt/airflow/dags/xcom_dag2.py
[2022-07-05 06:07:41,455] {processor.py:641} INFO - Processing file /opt/airflow/dags/xcom_dag2.py for tasks to queue
[2022-07-05 06:07:41,458] {logging_mixin.py:115} INFO - [2022-07-05 06:07:41,458] {dagbag.py:507} INFO - Filling up the DagBag from /opt/airflow/dags/xcom_dag2.py
[2022-07-05 06:07:41,476] {logging_mixin.py:115} INFO - [2022-07-05 06:07:41,473] {dagbag.py:320} ERROR - Failed to import: /opt/airflow/dags/xcom_dag2.py
Traceback (most recent call last):
  File "/home/airflow/.local/lib/python3.7/site-packages/airflow/models/dagbag.py", line 317, in parse
    loader.exec_module(new_module)
  File "<frozen importlib._bootstrap_external>", line 724, in exec_module
  File "<frozen importlib._bootstrap_external>", line 860, in get_code
  File "<frozen importlib._bootstrap_external>", line 791, in source_to_code
  File "<frozen importlib._bootstrap>", line 219, in _call_with_frames_removed
  File "/opt/airflow/dags/xcom_dag2.py", line 36
    pull_task = PythonOperator(`enter code here`
                               ^
SyntaxError: invalid syntax
[2022-07-05 06:07:41,496] {processor.py:653} WARNING - No viable dags retrieved from /opt/airflow/dags/xcom_dag2.py
[2022-07-05 06:07:41,652] {processor.py:161} INFO - Processing /opt/airflow/dags/xcom_dag2.py took 0.228 seconds
[2022-07-05 06:08:12,157] {processor.py:153} INFO - Started process (PID=4504) to work on /opt/airflow/dags/xcom_dag2.py
[2022-07-05 06:08:12,164] {processor.py:641} INFO - Processing file /opt/airflow/dags/xcom_dag2.py for tasks to queue
[2022-07-05 06:08:12,166] {logging_mixin.py:115} INFO - [2022-07-05 06:08:12,166] {dagbag.py:507} INFO - Filling up the DagBag from /opt/airflow/dags/xcom_dag2.py
[2022-07-05 06:08:12,178] {logging_mixin.py:115} INFO - [2022-07-05 06:08:12,172] {dagbag.py:320} ERROR - Failed to import: /opt/airflow/dags/xcom_dag2.py
Traceback (most recent call last):
  File "/home/airflow/.local/lib/python3.7/site-packages/airflow/models/dagbag.py", line 317, in parse
    loader.exec_module(new_module)
  File "<frozen importlib._bootstrap_external>", line 724, in exec_module
  File "<frozen importlib._bootstrap_external>", line 860, in get_code
  File "<frozen importlib._bootstrap_external>", line 791, in source_to_code
  File "<frozen importlib._bootstrap>", line 219, in _call_with_frames_removed
  File "/opt/airflow/dags/xcom_dag2.py", line 14
    start_date=datetime(2022, 01, 01),
                               ^
SyntaxError: invalid token
[2022-07-05 06:08:12,184] {processor.py:653} WARNING - No viable dags retrieved from /opt/airflow/dags/xcom_dag2.py
[2022-07-05 06:08:12,232] {processor.py:161} INFO - Processing /opt/airflow/dags/xcom_dag2.py took 0.086 seconds
[2022-07-05 06:08:16,252] {processor.py:153} INFO - Started process (PID=4508) to work on /opt/airflow/dags/xcom_dag2.py
[2022-07-05 06:08:16,253] {processor.py:641} INFO - Processing file /opt/airflow/dags/xcom_dag2.py for tasks to queue
[2022-07-05 06:08:16,253] {logging_mixin.py:115} INFO - [2022-07-05 06:08:16,253] {dagbag.py:507} INFO - Filling up the DagBag from /opt/airflow/dags/xcom_dag2.py
[2022-07-05 06:08:16,256] {logging_mixin.py:115} INFO - [2022-07-05 06:08:16,255] {dagbag.py:320} ERROR - Failed to import: /opt/airflow/dags/xcom_dag2.py
Traceback (most recent call last):
  File "/home/airflow/.local/lib/python3.7/site-packages/airflow/models/dagbag.py", line 317, in parse
    loader.exec_module(new_module)
  File "<frozen importlib._bootstrap_external>", line 724, in exec_module
  File "<frozen importlib._bootstrap_external>", line 860, in get_code
  File "<frozen importlib._bootstrap_external>", line 791, in source_to_code
  File "<frozen importlib._bootstrap>", line 219, in _call_with_frames_removed
  File "/opt/airflow/dags/xcom_dag2.py", line 10
    start_date=datetime(2022, 01, 01),
                               ^
SyntaxError: invalid token
[2022-07-05 06:08:16,256] {processor.py:653} WARNING - No viable dags retrieved from /opt/airflow/dags/xcom_dag2.py
[2022-07-05 06:08:16,280] {processor.py:161} INFO - Processing /opt/airflow/dags/xcom_dag2.py took 0.031 seconds
