[2022-07-05 04:55:51,781] {taskinstance.py:1159} INFO - Dependencies all met for <TaskInstance: parallel_dag.extract_a scheduled__2022-01-04T00:00:00+00:00 [queued]>
[2022-07-05 04:55:52,012] {taskinstance.py:1159} INFO - Dependencies all met for <TaskInstance: parallel_dag.extract_a scheduled__2022-01-04T00:00:00+00:00 [queued]>
[2022-07-05 04:55:52,028] {taskinstance.py:1356} INFO - 
--------------------------------------------------------------------------------
[2022-07-05 04:55:52,029] {taskinstance.py:1357} INFO - Starting attempt 1 of 1
[2022-07-05 04:55:52,029] {taskinstance.py:1358} INFO - 
--------------------------------------------------------------------------------
[2022-07-05 04:55:52,261] {taskinstance.py:1377} INFO - Executing <Task(BashOperator): extract_a> on 2022-01-04 00:00:00+00:00
[2022-07-05 04:55:52,346] {standard_task_runner.py:52} INFO - Started process 448 to run task
[2022-07-05 04:55:52,367] {standard_task_runner.py:79} INFO - Running: ['***', 'tasks', 'run', 'parallel_dag', 'extract_a', 'scheduled__2022-01-04T00:00:00+00:00', '--job-id', '25', '--raw', '--subdir', 'DAGS_FOLDER/parallel_dag.py', '--cfg-path', '/tmp/tmpnsfbv_nx', '--error-file', '/tmp/tmpe8xwyi0e']
[2022-07-05 04:55:52,367] {standard_task_runner.py:80} INFO - Job 25: Subtask extract_a
[2022-07-05 04:55:53,351] {task_command.py:370} INFO - Running <TaskInstance: parallel_dag.extract_a scheduled__2022-01-04T00:00:00+00:00 [running]> on host dfb99dfc9d64
[2022-07-05 04:55:54,451] {taskinstance.py:1571} INFO - Exporting the following env vars:
AIRFLOW_CTX_DAG_OWNER=***
AIRFLOW_CTX_DAG_ID=parallel_dag
AIRFLOW_CTX_TASK_ID=extract_a
AIRFLOW_CTX_EXECUTION_DATE=2022-01-04T00:00:00+00:00
AIRFLOW_CTX_TRY_NUMBER=1
AIRFLOW_CTX_DAG_RUN_ID=scheduled__2022-01-04T00:00:00+00:00
[2022-07-05 04:55:54,478] {subprocess.py:62} INFO - Tmp dir root location: 
 /tmp
[2022-07-05 04:55:54,478] {subprocess.py:74} INFO - Running command: ['bash', '-c', 'sleep 1']
[2022-07-05 04:55:54,708] {subprocess.py:85} INFO - Output:
[2022-07-05 04:55:55,807] {subprocess.py:96} INFO - Command exited with return code 0
[2022-07-05 04:55:56,023] {taskinstance.py:1400} INFO - Marking task as SUCCESS. dag_id=parallel_dag, task_id=extract_a, execution_date=20220104T000000, start_date=20220705T045551, end_date=20220705T045556
[2022-07-05 04:55:56,223] {local_task_job.py:156} INFO - Task exited with return code 0
[2022-07-05 04:55:56,939] {local_task_job.py:273} INFO - 0 downstream tasks scheduled from follow-on schedule check
