[2022-07-05 04:56:02,569] {taskinstance.py:1159} INFO - Dependencies all met for <TaskInstance: parallel_dag.extract_b scheduled__2022-01-10T00:00:00+00:00 [queued]>
[2022-07-05 04:56:03,120] {taskinstance.py:1159} INFO - Dependencies all met for <TaskInstance: parallel_dag.extract_b scheduled__2022-01-10T00:00:00+00:00 [queued]>
[2022-07-05 04:56:03,136] {taskinstance.py:1356} INFO - 
--------------------------------------------------------------------------------
[2022-07-05 04:56:03,150] {taskinstance.py:1357} INFO - Starting attempt 1 of 1
[2022-07-05 04:56:03,156] {taskinstance.py:1358} INFO - 
--------------------------------------------------------------------------------
[2022-07-05 04:56:03,592] {taskinstance.py:1377} INFO - Executing <Task(BashOperator): extract_b> on 2022-01-10 00:00:00+00:00
[2022-07-05 04:56:03,610] {standard_task_runner.py:52} INFO - Started process 503 to run task
[2022-07-05 04:56:03,659] {standard_task_runner.py:79} INFO - Running: ['***', 'tasks', 'run', 'parallel_dag', 'extract_b', 'scheduled__2022-01-10T00:00:00+00:00', '--job-id', '39', '--raw', '--subdir', 'DAGS_FOLDER/parallel_dag.py', '--cfg-path', '/tmp/tmp44ryc4hx', '--error-file', '/tmp/tmpfb4ydlhn']
[2022-07-05 04:56:03,668] {standard_task_runner.py:80} INFO - Job 39: Subtask extract_b
[2022-07-05 04:56:04,786] {task_command.py:370} INFO - Running <TaskInstance: parallel_dag.extract_b scheduled__2022-01-10T00:00:00+00:00 [running]> on host dfb99dfc9d64
[2022-07-05 04:56:06,253] {taskinstance.py:1571} INFO - Exporting the following env vars:
AIRFLOW_CTX_DAG_OWNER=***
AIRFLOW_CTX_DAG_ID=parallel_dag
AIRFLOW_CTX_TASK_ID=extract_b
AIRFLOW_CTX_EXECUTION_DATE=2022-01-10T00:00:00+00:00
AIRFLOW_CTX_TRY_NUMBER=1
AIRFLOW_CTX_DAG_RUN_ID=scheduled__2022-01-10T00:00:00+00:00
[2022-07-05 04:56:06,255] {subprocess.py:62} INFO - Tmp dir root location: 
 /tmp
[2022-07-05 04:56:06,256] {subprocess.py:74} INFO - Running command: ['bash', '-c', 'sleep 1']
[2022-07-05 04:56:06,488] {subprocess.py:85} INFO - Output:
[2022-07-05 04:56:07,599] {subprocess.py:96} INFO - Command exited with return code 0
[2022-07-05 04:56:08,097] {taskinstance.py:1400} INFO - Marking task as SUCCESS. dag_id=parallel_dag, task_id=extract_b, execution_date=20220110T000000, start_date=20220705T045602, end_date=20220705T045608
[2022-07-05 04:56:08,454] {local_task_job.py:156} INFO - Task exited with return code 0
[2022-07-05 04:56:09,415] {local_task_job.py:273} INFO - 1 downstream tasks scheduled from follow-on schedule check
