[2022-07-05 06:14:10,275] {taskinstance.py:1159} INFO - Dependencies all met for <TaskInstance: xcom_dag_basic.pull_task scheduled__2022-07-04T00:00:00+00:00 [queued]>
[2022-07-05 06:14:10,292] {taskinstance.py:1159} INFO - Dependencies all met for <TaskInstance: xcom_dag_basic.pull_task scheduled__2022-07-04T00:00:00+00:00 [queued]>
[2022-07-05 06:14:10,294] {taskinstance.py:1356} INFO - 
--------------------------------------------------------------------------------
[2022-07-05 06:14:10,295] {taskinstance.py:1357} INFO - Starting attempt 1 of 1
[2022-07-05 06:14:10,295] {taskinstance.py:1358} INFO - 
--------------------------------------------------------------------------------
[2022-07-05 06:14:10,324] {taskinstance.py:1377} INFO - Executing <Task(PythonOperator): pull_task> on 2022-07-04 00:00:00+00:00
[2022-07-05 06:14:10,330] {standard_task_runner.py:52} INFO - Started process 4321 to run task
[2022-07-05 06:14:10,338] {standard_task_runner.py:79} INFO - Running: ['***', 'tasks', 'run', 'xcom_dag_basic', 'pull_task', 'scheduled__2022-07-04T00:00:00+00:00', '--job-id', '120', '--raw', '--subdir', 'DAGS_FOLDER/xcom_dag_basic.py', '--cfg-path', '/tmp/tmpvbbte0jz', '--error-file', '/tmp/tmpbdcvld9f']
[2022-07-05 06:14:10,339] {standard_task_runner.py:80} INFO - Job 120: Subtask pull_task
[2022-07-05 06:14:10,412] {task_command.py:370} INFO - Running <TaskInstance: xcom_dag_basic.pull_task scheduled__2022-07-04T00:00:00+00:00 [running]> on host dfb99dfc9d64
[2022-07-05 06:14:10,544] {taskinstance.py:1571} INFO - Exporting the following env vars:
AIRFLOW_CTX_DAG_OWNER=***
AIRFLOW_CTX_DAG_ID=xcom_dag_basic
AIRFLOW_CTX_TASK_ID=pull_task
AIRFLOW_CTX_EXECUTION_DATE=2022-07-04T00:00:00+00:00
AIRFLOW_CTX_TRY_NUMBER=1
AIRFLOW_CTX_DAG_RUN_ID=scheduled__2022-07-04T00:00:00+00:00
[2022-07-05 06:14:10,564] {logging_mixin.py:115} INFO - received message: 'the_message'
[2022-07-05 06:14:10,565] {python.py:173} INFO - Done. Returned value was: None
[2022-07-05 06:14:10,586] {taskinstance.py:1400} INFO - Marking task as SUCCESS. dag_id=xcom_dag_basic, task_id=pull_task, execution_date=20220704T000000, start_date=20220705T061410, end_date=20220705T061410
[2022-07-05 06:14:10,629] {local_task_job.py:156} INFO - Task exited with return code 0
[2022-07-05 06:14:10,683] {local_task_job.py:273} INFO - 0 downstream tasks scheduled from follow-on schedule check
