[2022-07-05 04:56:10,099] {taskinstance.py:1159} INFO - Dependencies all met for <TaskInstance: parallel_dag.load_a scheduled__2022-01-01T00:00:00+00:00 [queued]>
[2022-07-05 04:56:10,402] {taskinstance.py:1159} INFO - Dependencies all met for <TaskInstance: parallel_dag.load_a scheduled__2022-01-01T00:00:00+00:00 [queued]>
[2022-07-05 04:56:10,412] {taskinstance.py:1356} INFO - 
--------------------------------------------------------------------------------
[2022-07-05 04:56:10,416] {taskinstance.py:1357} INFO - Starting attempt 1 of 1
[2022-07-05 04:56:10,417] {taskinstance.py:1358} INFO - 
--------------------------------------------------------------------------------
[2022-07-05 04:56:10,922] {taskinstance.py:1377} INFO - Executing <Task(BashOperator): load_a> on 2022-01-01 00:00:00+00:00
[2022-07-05 04:56:11,016] {standard_task_runner.py:52} INFO - Started process 540 to run task
[2022-07-05 04:56:11,121] {standard_task_runner.py:79} INFO - Running: ['***', 'tasks', 'run', 'parallel_dag', 'load_a', 'scheduled__2022-01-01T00:00:00+00:00', '--job-id', '51', '--raw', '--subdir', 'DAGS_FOLDER/parallel_dag.py', '--cfg-path', '/tmp/tmpb9cdoayb', '--error-file', '/tmp/tmp71hzrphx']
[2022-07-05 04:56:11,143] {standard_task_runner.py:80} INFO - Job 51: Subtask load_a
[2022-07-05 04:56:12,283] {task_command.py:370} INFO - Running <TaskInstance: parallel_dag.load_a scheduled__2022-01-01T00:00:00+00:00 [running]> on host dfb99dfc9d64
[2022-07-05 04:56:15,140] {taskinstance.py:1571} INFO - Exporting the following env vars:
AIRFLOW_CTX_DAG_OWNER=***
AIRFLOW_CTX_DAG_ID=parallel_dag
AIRFLOW_CTX_TASK_ID=load_a
AIRFLOW_CTX_EXECUTION_DATE=2022-01-01T00:00:00+00:00
AIRFLOW_CTX_TRY_NUMBER=1
AIRFLOW_CTX_DAG_RUN_ID=scheduled__2022-01-01T00:00:00+00:00
[2022-07-05 04:56:15,156] {subprocess.py:62} INFO - Tmp dir root location: 
 /tmp
[2022-07-05 04:56:15,161] {subprocess.py:74} INFO - Running command: ['bash', '-c', 'sleep 1']
[2022-07-05 04:56:15,416] {subprocess.py:85} INFO - Output:
[2022-07-05 04:56:16,527] {subprocess.py:96} INFO - Command exited with return code 0
[2022-07-05 04:56:17,409] {taskinstance.py:1400} INFO - Marking task as SUCCESS. dag_id=parallel_dag, task_id=load_a, execution_date=20220101T000000, start_date=20220705T045610, end_date=20220705T045617
[2022-07-05 04:56:18,262] {local_task_job.py:156} INFO - Task exited with return code 0
[2022-07-05 04:56:19,026] {local_task_job.py:273} INFO - 0 downstream tasks scheduled from follow-on schedule check
