[2022-07-05 04:50:41,914] {taskinstance.py:1159} INFO - Dependencies all met for <TaskInstance: parallel_dag.extract_b manual__2022-07-05T04:50:40.537259+00:00 [queued]>
[2022-07-05 04:50:41,929] {taskinstance.py:1159} INFO - Dependencies all met for <TaskInstance: parallel_dag.extract_b manual__2022-07-05T04:50:40.537259+00:00 [queued]>
[2022-07-05 04:50:41,929] {taskinstance.py:1356} INFO - 
--------------------------------------------------------------------------------
[2022-07-05 04:50:41,930] {taskinstance.py:1357} INFO - Starting attempt 1 of 1
[2022-07-05 04:50:41,930] {taskinstance.py:1358} INFO - 
--------------------------------------------------------------------------------
[2022-07-05 04:50:41,980] {taskinstance.py:1377} INFO - Executing <Task(BashOperator): extract_b> on 2022-07-05 04:50:40.537259+00:00
[2022-07-05 04:50:41,988] {standard_task_runner.py:52} INFO - Started process 160 to run task
[2022-07-05 04:50:42,004] {standard_task_runner.py:79} INFO - Running: ['***', 'tasks', 'run', 'parallel_dag', 'extract_b', 'manual__2022-07-05T04:50:40.537259+00:00', '--job-id', '9', '--raw', '--subdir', 'DAGS_FOLDER/parallel_dag.py', '--cfg-path', '/tmp/tmpcq1umqw8', '--error-file', '/tmp/tmpjhvq_1lp']
[2022-07-05 04:50:42,006] {standard_task_runner.py:80} INFO - Job 9: Subtask extract_b
[2022-07-05 04:50:42,117] {task_command.py:370} INFO - Running <TaskInstance: parallel_dag.extract_b manual__2022-07-05T04:50:40.537259+00:00 [running]> on host dfb99dfc9d64
[2022-07-05 04:50:42,301] {taskinstance.py:1571} INFO - Exporting the following env vars:
AIRFLOW_CTX_DAG_OWNER=***
AIRFLOW_CTX_DAG_ID=parallel_dag
AIRFLOW_CTX_TASK_ID=extract_b
AIRFLOW_CTX_EXECUTION_DATE=2022-07-05T04:50:40.537259+00:00
AIRFLOW_CTX_TRY_NUMBER=1
AIRFLOW_CTX_DAG_RUN_ID=manual__2022-07-05T04:50:40.537259+00:00
[2022-07-05 04:50:42,303] {subprocess.py:62} INFO - Tmp dir root location: 
 /tmp
[2022-07-05 04:50:42,303] {subprocess.py:74} INFO - Running command: ['bash', '-c', 'sleep 1']
[2022-07-05 04:50:42,316] {subprocess.py:85} INFO - Output:
[2022-07-05 04:50:43,330] {subprocess.py:96} INFO - Command exited with return code 0
[2022-07-05 04:50:43,398] {taskinstance.py:1400} INFO - Marking task as SUCCESS. dag_id=parallel_dag, task_id=extract_b, execution_date=20220705T045040, start_date=20220705T045041, end_date=20220705T045043
[2022-07-05 04:50:43,449] {local_task_job.py:156} INFO - Task exited with return code 0
[2022-07-05 04:50:43,581] {local_task_job.py:273} INFO - 1 downstream tasks scheduled from follow-on schedule check
