[2022-07-04 09:45:07,325] {taskinstance.py:1159} INFO - Dependencies all met for <TaskInstance: example_bash_operator.this_will_skip scheduled__2022-07-03T00:00:00+00:00 [queued]>
[2022-07-04 09:45:07,336] {taskinstance.py:1159} INFO - Dependencies all met for <TaskInstance: example_bash_operator.this_will_skip scheduled__2022-07-03T00:00:00+00:00 [queued]>
[2022-07-04 09:45:07,337] {taskinstance.py:1356} INFO - 
--------------------------------------------------------------------------------
[2022-07-04 09:45:07,338] {taskinstance.py:1357} INFO - Starting attempt 1 of 1
[2022-07-04 09:45:07,339] {taskinstance.py:1358} INFO - 
--------------------------------------------------------------------------------
[2022-07-04 09:45:07,357] {taskinstance.py:1377} INFO - Executing <Task(BashOperator): this_will_skip> on 2022-07-03 00:00:00+00:00
[2022-07-04 09:45:07,363] {standard_task_runner.py:52} INFO - Started process 149 to run task
[2022-07-04 09:45:07,375] {standard_task_runner.py:79} INFO - Running: ['***', 'tasks', 'run', 'example_bash_operator', 'this_will_skip', 'scheduled__2022-07-03T00:00:00+00:00', '--job-id', '6', '--raw', '--subdir', '/home/***/.local/lib/python3.7/site-packages/***/example_dags/example_bash_operator.py', '--cfg-path', '/tmp/tmpudwzb1hw', '--error-file', '/tmp/tmpg39hhm6w']
[2022-07-04 09:45:07,377] {standard_task_runner.py:80} INFO - Job 6: Subtask this_will_skip
[2022-07-04 09:45:07,504] {task_command.py:370} INFO - Running <TaskInstance: example_bash_operator.this_will_skip scheduled__2022-07-03T00:00:00+00:00 [running]> on host b631230cc7b5
[2022-07-04 09:45:07,743] {taskinstance.py:1571} INFO - Exporting the following env vars:
AIRFLOW_CTX_DAG_OWNER=***
AIRFLOW_CTX_DAG_ID=example_bash_operator
AIRFLOW_CTX_TASK_ID=this_will_skip
AIRFLOW_CTX_EXECUTION_DATE=2022-07-03T00:00:00+00:00
AIRFLOW_CTX_TRY_NUMBER=1
AIRFLOW_CTX_DAG_RUN_ID=scheduled__2022-07-03T00:00:00+00:00
[2022-07-04 09:45:07,745] {subprocess.py:62} INFO - Tmp dir root location: 
 /tmp
[2022-07-04 09:45:07,745] {subprocess.py:74} INFO - Running command: ['bash', '-c', 'echo "hello world"; exit 99;']
[2022-07-04 09:45:07,849] {subprocess.py:85} INFO - Output:
[2022-07-04 09:45:07,875] {subprocess.py:92} INFO - hello world
[2022-07-04 09:45:07,881] {subprocess.py:96} INFO - Command exited with return code 99
[2022-07-04 09:45:07,893] {taskinstance.py:1478} INFO - Bash command returned exit code 99. Skipping.
[2022-07-04 09:45:08,036] {taskinstance.py:1400} INFO - Marking task as SKIPPED. dag_id=example_bash_operator, task_id=this_will_skip, execution_date=20220703T000000, start_date=20220704T094507, end_date=20220704T094508
[2022-07-04 09:45:08,249] {local_task_job.py:156} INFO - Task exited with return code 0
[2022-07-04 09:45:08,470] {local_task_job.py:273} INFO - 0 downstream tasks scheduled from follow-on schedule check
