[2022-07-05 04:55:47,719] {taskinstance.py:1159} INFO - Dependencies all met for <TaskInstance: parallel_dag.extract_a scheduled__2022-01-01T00:00:00+00:00 [queued]>
[2022-07-05 04:55:47,801] {taskinstance.py:1159} INFO - Dependencies all met for <TaskInstance: parallel_dag.extract_a scheduled__2022-01-01T00:00:00+00:00 [queued]>
[2022-07-05 04:55:47,803] {taskinstance.py:1356} INFO - 
--------------------------------------------------------------------------------
[2022-07-05 04:55:47,805] {taskinstance.py:1357} INFO - Starting attempt 1 of 1
[2022-07-05 04:55:47,806] {taskinstance.py:1358} INFO - 
--------------------------------------------------------------------------------
[2022-07-05 04:55:47,946] {taskinstance.py:1377} INFO - Executing <Task(BashOperator): extract_a> on 2022-01-01 00:00:00+00:00
[2022-07-05 04:55:47,975] {standard_task_runner.py:52} INFO - Started process 427 to run task
[2022-07-05 04:55:48,010] {standard_task_runner.py:79} INFO - Running: ['***', 'tasks', 'run', 'parallel_dag', 'extract_a', 'scheduled__2022-01-01T00:00:00+00:00', '--job-id', '18', '--raw', '--subdir', 'DAGS_FOLDER/parallel_dag.py', '--cfg-path', '/tmp/tmpa1h0r5a7', '--error-file', '/tmp/tmpzqcw0xl5']
[2022-07-05 04:55:48,011] {standard_task_runner.py:80} INFO - Job 18: Subtask extract_a
[2022-07-05 04:55:48,595] {task_command.py:370} INFO - Running <TaskInstance: parallel_dag.extract_a scheduled__2022-01-01T00:00:00+00:00 [running]> on host dfb99dfc9d64
[2022-07-05 04:55:50,277] {taskinstance.py:1571} INFO - Exporting the following env vars:
AIRFLOW_CTX_DAG_OWNER=***
AIRFLOW_CTX_DAG_ID=parallel_dag
AIRFLOW_CTX_TASK_ID=extract_a
AIRFLOW_CTX_EXECUTION_DATE=2022-01-01T00:00:00+00:00
AIRFLOW_CTX_TRY_NUMBER=1
AIRFLOW_CTX_DAG_RUN_ID=scheduled__2022-01-01T00:00:00+00:00
[2022-07-05 04:55:50,298] {subprocess.py:62} INFO - Tmp dir root location: 
 /tmp
[2022-07-05 04:55:50,299] {subprocess.py:74} INFO - Running command: ['bash', '-c', 'sleep 1']
[2022-07-05 04:55:50,597] {subprocess.py:85} INFO - Output:
[2022-07-05 04:55:51,697] {subprocess.py:96} INFO - Command exited with return code 0
[2022-07-05 04:55:52,093] {taskinstance.py:1400} INFO - Marking task as SUCCESS. dag_id=parallel_dag, task_id=extract_a, execution_date=20220101T000000, start_date=20220705T045547, end_date=20220705T045552
[2022-07-05 04:55:52,327] {local_task_job.py:156} INFO - Task exited with return code 0
[2022-07-05 04:55:53,173] {local_task_job.py:273} INFO - 1 downstream tasks scheduled from follow-on schedule check
