[2022-07-30 16:39:57,211] {processor.py:153} INFO - Started process (PID=121) to work on /opt/airflow/dags/assignment_solution/dags_communication/final_dag.py
[2022-07-30 16:39:57,211] {processor.py:641} INFO - Processing file /opt/airflow/dags/assignment_solution/dags_communication/final_dag.py for tasks to queue
[2022-07-30 16:39:57,212] {logging_mixin.py:115} INFO - [2022-07-30 16:39:57,212] {dagbag.py:507} INFO - Filling up the DagBag from /opt/airflow/dags/assignment_solution/dags_communication/final_dag.py
[2022-07-30 16:39:57,227] {processor.py:651} INFO - DAG(s) dict_keys(['final_dag']) retrieved from /opt/airflow/dags/assignment_solution/dags_communication/final_dag.py
[2022-07-30 16:39:57,430] {logging_mixin.py:115} INFO - [2022-07-30 16:39:57,430] {manager.py:508} INFO - Created Permission View: can read on DAG:final_dag
[2022-07-30 16:39:57,439] {logging_mixin.py:115} INFO - [2022-07-30 16:39:57,439] {manager.py:508} INFO - Created Permission View: can delete on DAG:final_dag
[2022-07-30 16:39:57,447] {logging_mixin.py:115} INFO - [2022-07-30 16:39:57,446] {manager.py:508} INFO - Created Permission View: can edit on DAG:final_dag
[2022-07-30 16:39:57,447] {logging_mixin.py:115} INFO - [2022-07-30 16:39:57,447] {dag.py:2379} INFO - Sync 1 DAGs
[2022-07-30 16:39:57,455] {logging_mixin.py:115} INFO - [2022-07-30 16:39:57,455] {dag.py:2398} INFO - Creating ORM DAG for final_dag
[2022-07-30 16:39:57,465] {logging_mixin.py:115} INFO - [2022-07-30 16:39:57,465] {dag.py:2931} INFO - Setting next_dagrun for final_dag to None, run_after=None
[2022-07-30 16:39:57,477] {processor.py:161} INFO - Processing /opt/airflow/dags/assignment_solution/dags_communication/final_dag.py took 0.270 seconds
[2022-07-30 16:40:28,958] {processor.py:153} INFO - Started process (PID=197) to work on /opt/airflow/dags/assignment_solution/dags_communication/final_dag.py
[2022-07-30 16:40:28,958] {processor.py:641} INFO - Processing file /opt/airflow/dags/assignment_solution/dags_communication/final_dag.py for tasks to queue
[2022-07-30 16:40:28,959] {logging_mixin.py:115} INFO - [2022-07-30 16:40:28,959] {dagbag.py:507} INFO - Filling up the DagBag from /opt/airflow/dags/assignment_solution/dags_communication/final_dag.py
[2022-07-30 16:40:28,980] {processor.py:651} INFO - DAG(s) dict_keys(['final_dag']) retrieved from /opt/airflow/dags/assignment_solution/dags_communication/final_dag.py
[2022-07-30 16:40:29,012] {logging_mixin.py:115} INFO - [2022-07-30 16:40:29,012] {dag.py:2379} INFO - Sync 1 DAGs
[2022-07-30 16:40:29,048] {logging_mixin.py:115} INFO - [2022-07-30 16:40:29,048] {dag.py:2931} INFO - Setting next_dagrun for final_dag to None, run_after=None
[2022-07-30 16:40:29,530] {processor.py:161} INFO - Processing /opt/airflow/dags/assignment_solution/dags_communication/final_dag.py took 0.577 seconds
[2022-07-30 16:41:00,241] {processor.py:153} INFO - Started process (PID=277) to work on /opt/airflow/dags/assignment_solution/dags_communication/final_dag.py
[2022-07-30 16:41:00,243] {processor.py:641} INFO - Processing file /opt/airflow/dags/assignment_solution/dags_communication/final_dag.py for tasks to queue
[2022-07-30 16:41:00,251] {logging_mixin.py:115} INFO - [2022-07-30 16:41:00,251] {dagbag.py:507} INFO - Filling up the DagBag from /opt/airflow/dags/assignment_solution/dags_communication/final_dag.py
[2022-07-30 16:41:00,299] {processor.py:651} INFO - DAG(s) dict_keys(['final_dag']) retrieved from /opt/airflow/dags/assignment_solution/dags_communication/final_dag.py
[2022-07-30 16:41:00,362] {logging_mixin.py:115} INFO - [2022-07-30 16:41:00,362] {dag.py:2379} INFO - Sync 1 DAGs
[2022-07-30 16:41:00,423] {logging_mixin.py:115} INFO - [2022-07-30 16:41:00,423] {dag.py:2931} INFO - Setting next_dagrun for final_dag to None, run_after=None
[2022-07-30 16:41:00,838] {processor.py:161} INFO - Processing /opt/airflow/dags/assignment_solution/dags_communication/final_dag.py took 0.601 seconds
[2022-07-30 16:41:31,362] {processor.py:153} INFO - Started process (PID=353) to work on /opt/airflow/dags/assignment_solution/dags_communication/final_dag.py
[2022-07-30 16:41:31,363] {processor.py:641} INFO - Processing file /opt/airflow/dags/assignment_solution/dags_communication/final_dag.py for tasks to queue
[2022-07-30 16:41:31,363] {logging_mixin.py:115} INFO - [2022-07-30 16:41:31,363] {dagbag.py:507} INFO - Filling up the DagBag from /opt/airflow/dags/assignment_solution/dags_communication/final_dag.py
[2022-07-30 16:41:31,423] {processor.py:651} INFO - DAG(s) dict_keys(['final_dag']) retrieved from /opt/airflow/dags/assignment_solution/dags_communication/final_dag.py
[2022-07-30 16:41:31,467] {logging_mixin.py:115} INFO - [2022-07-30 16:41:31,467] {dag.py:2379} INFO - Sync 1 DAGs
[2022-07-30 16:41:31,501] {logging_mixin.py:115} INFO - [2022-07-30 16:41:31,501] {dag.py:2931} INFO - Setting next_dagrun for final_dag to None, run_after=None
[2022-07-30 16:41:31,835] {processor.py:161} INFO - Processing /opt/airflow/dags/assignment_solution/dags_communication/final_dag.py took 0.478 seconds
[2022-07-30 16:42:02,233] {processor.py:153} INFO - Started process (PID=442) to work on /opt/airflow/dags/assignment_solution/dags_communication/final_dag.py
[2022-07-30 16:42:02,245] {processor.py:641} INFO - Processing file /opt/airflow/dags/assignment_solution/dags_communication/final_dag.py for tasks to queue
[2022-07-30 16:42:02,246] {logging_mixin.py:115} INFO - [2022-07-30 16:42:02,246] {dagbag.py:507} INFO - Filling up the DagBag from /opt/airflow/dags/assignment_solution/dags_communication/final_dag.py
[2022-07-30 16:42:02,309] {processor.py:651} INFO - DAG(s) dict_keys(['final_dag']) retrieved from /opt/airflow/dags/assignment_solution/dags_communication/final_dag.py
[2022-07-30 16:42:02,374] {logging_mixin.py:115} INFO - [2022-07-30 16:42:02,374] {dag.py:2379} INFO - Sync 1 DAGs
[2022-07-30 16:42:02,430] {logging_mixin.py:115} INFO - [2022-07-30 16:42:02,430] {dag.py:2931} INFO - Setting next_dagrun for final_dag to None, run_after=None
[2022-07-30 16:42:02,878] {processor.py:161} INFO - Processing /opt/airflow/dags/assignment_solution/dags_communication/final_dag.py took 0.648 seconds
[2022-07-30 16:42:34,188] {processor.py:153} INFO - Started process (PID=517) to work on /opt/airflow/dags/assignment_solution/dags_communication/final_dag.py
[2022-07-30 16:42:34,193] {processor.py:641} INFO - Processing file /opt/airflow/dags/assignment_solution/dags_communication/final_dag.py for tasks to queue
[2022-07-30 16:42:34,199] {logging_mixin.py:115} INFO - [2022-07-30 16:42:34,199] {dagbag.py:507} INFO - Filling up the DagBag from /opt/airflow/dags/assignment_solution/dags_communication/final_dag.py
[2022-07-30 16:42:34,221] {processor.py:651} INFO - DAG(s) dict_keys(['final_dag']) retrieved from /opt/airflow/dags/assignment_solution/dags_communication/final_dag.py
[2022-07-30 16:42:34,278] {logging_mixin.py:115} INFO - [2022-07-30 16:42:34,278] {dag.py:2379} INFO - Sync 1 DAGs
[2022-07-30 16:42:34,352] {logging_mixin.py:115} INFO - [2022-07-30 16:42:34,352] {dag.py:2931} INFO - Setting next_dagrun for final_dag to None, run_after=None
[2022-07-30 16:42:34,721] {processor.py:161} INFO - Processing /opt/airflow/dags/assignment_solution/dags_communication/final_dag.py took 0.538 seconds
[2022-07-30 16:44:23,333] {processor.py:153} INFO - Started process (PID=106) to work on /opt/airflow/dags/assignment_solution/dags_communication/final_dag.py
[2022-07-30 16:44:23,336] {processor.py:641} INFO - Processing file /opt/airflow/dags/assignment_solution/dags_communication/final_dag.py for tasks to queue
[2022-07-30 16:44:23,337] {logging_mixin.py:115} INFO - [2022-07-30 16:44:23,337] {dagbag.py:507} INFO - Filling up the DagBag from /opt/airflow/dags/assignment_solution/dags_communication/final_dag.py
[2022-07-30 16:44:23,472] {processor.py:651} INFO - DAG(s) dict_keys(['final_dag']) retrieved from /opt/airflow/dags/assignment_solution/dags_communication/final_dag.py
[2022-07-30 16:44:23,556] {logging_mixin.py:115} INFO - [2022-07-30 16:44:23,556] {dag.py:2379} INFO - Sync 1 DAGs
[2022-07-30 16:44:23,704] {logging_mixin.py:115} INFO - [2022-07-30 16:44:23,704] {dag.py:2931} INFO - Setting next_dagrun for final_dag to None, run_after=None
[2022-07-30 16:44:23,820] {processor.py:161} INFO - Processing /opt/airflow/dags/assignment_solution/dags_communication/final_dag.py took 0.536 seconds
[2022-07-30 16:44:54,101] {processor.py:153} INFO - Started process (PID=178) to work on /opt/airflow/dags/assignment_solution/dags_communication/final_dag.py
[2022-07-30 16:44:54,102] {processor.py:641} INFO - Processing file /opt/airflow/dags/assignment_solution/dags_communication/final_dag.py for tasks to queue
[2022-07-30 16:44:54,103] {logging_mixin.py:115} INFO - [2022-07-30 16:44:54,102] {dagbag.py:507} INFO - Filling up the DagBag from /opt/airflow/dags/assignment_solution/dags_communication/final_dag.py
[2022-07-30 16:44:54,124] {processor.py:651} INFO - DAG(s) dict_keys(['final_dag']) retrieved from /opt/airflow/dags/assignment_solution/dags_communication/final_dag.py
[2022-07-30 16:44:54,162] {logging_mixin.py:115} INFO - [2022-07-30 16:44:54,162] {dag.py:2379} INFO - Sync 1 DAGs
[2022-07-30 16:44:54,200] {logging_mixin.py:115} INFO - [2022-07-30 16:44:54,199] {dag.py:2931} INFO - Setting next_dagrun for final_dag to None, run_after=None
[2022-07-30 16:44:54,216] {processor.py:161} INFO - Processing /opt/airflow/dags/assignment_solution/dags_communication/final_dag.py took 0.119 seconds
[2022-07-30 16:45:24,759] {processor.py:153} INFO - Started process (PID=251) to work on /opt/airflow/dags/assignment_solution/dags_communication/final_dag.py
[2022-07-30 16:45:24,761] {processor.py:641} INFO - Processing file /opt/airflow/dags/assignment_solution/dags_communication/final_dag.py for tasks to queue
[2022-07-30 16:45:24,762] {logging_mixin.py:115} INFO - [2022-07-30 16:45:24,761] {dagbag.py:507} INFO - Filling up the DagBag from /opt/airflow/dags/assignment_solution/dags_communication/final_dag.py
[2022-07-30 16:45:24,784] {processor.py:651} INFO - DAG(s) dict_keys(['final_dag']) retrieved from /opt/airflow/dags/assignment_solution/dags_communication/final_dag.py
[2022-07-30 16:45:24,817] {logging_mixin.py:115} INFO - [2022-07-30 16:45:24,817] {dag.py:2379} INFO - Sync 1 DAGs
[2022-07-30 16:45:24,853] {logging_mixin.py:115} INFO - [2022-07-30 16:45:24,853] {dag.py:2931} INFO - Setting next_dagrun for final_dag to None, run_after=None
[2022-07-30 16:45:24,872] {processor.py:161} INFO - Processing /opt/airflow/dags/assignment_solution/dags_communication/final_dag.py took 0.117 seconds
[2022-07-30 16:45:55,099] {processor.py:153} INFO - Started process (PID=335) to work on /opt/airflow/dags/assignment_solution/dags_communication/final_dag.py
[2022-07-30 16:45:55,116] {processor.py:641} INFO - Processing file /opt/airflow/dags/assignment_solution/dags_communication/final_dag.py for tasks to queue
[2022-07-30 16:45:55,119] {logging_mixin.py:115} INFO - [2022-07-30 16:45:55,119] {dagbag.py:507} INFO - Filling up the DagBag from /opt/airflow/dags/assignment_solution/dags_communication/final_dag.py
[2022-07-30 16:45:55,161] {processor.py:651} INFO - DAG(s) dict_keys(['final_dag']) retrieved from /opt/airflow/dags/assignment_solution/dags_communication/final_dag.py
[2022-07-30 16:45:55,225] {logging_mixin.py:115} INFO - [2022-07-30 16:45:55,225] {dag.py:2379} INFO - Sync 1 DAGs
[2022-07-30 16:45:55,288] {logging_mixin.py:115} INFO - [2022-07-30 16:45:55,288] {dag.py:2931} INFO - Setting next_dagrun for final_dag to None, run_after=None
[2022-07-30 16:45:55,321] {processor.py:161} INFO - Processing /opt/airflow/dags/assignment_solution/dags_communication/final_dag.py took 0.238 seconds
[2022-07-30 16:46:25,780] {processor.py:153} INFO - Started process (PID=409) to work on /opt/airflow/dags/assignment_solution/dags_communication/final_dag.py
[2022-07-30 16:46:25,781] {processor.py:641} INFO - Processing file /opt/airflow/dags/assignment_solution/dags_communication/final_dag.py for tasks to queue
[2022-07-30 16:46:25,782] {logging_mixin.py:115} INFO - [2022-07-30 16:46:25,782] {dagbag.py:507} INFO - Filling up the DagBag from /opt/airflow/dags/assignment_solution/dags_communication/final_dag.py
[2022-07-30 16:46:25,812] {processor.py:651} INFO - DAG(s) dict_keys(['final_dag']) retrieved from /opt/airflow/dags/assignment_solution/dags_communication/final_dag.py
[2022-07-30 16:46:25,846] {logging_mixin.py:115} INFO - [2022-07-30 16:46:25,846] {dag.py:2379} INFO - Sync 1 DAGs
[2022-07-30 16:46:25,899] {logging_mixin.py:115} INFO - [2022-07-30 16:46:25,899] {dag.py:2931} INFO - Setting next_dagrun for final_dag to None, run_after=None
[2022-07-30 16:46:25,915] {processor.py:161} INFO - Processing /opt/airflow/dags/assignment_solution/dags_communication/final_dag.py took 0.138 seconds
[2022-07-30 16:46:56,808] {processor.py:153} INFO - Started process (PID=483) to work on /opt/airflow/dags/assignment_solution/dags_communication/final_dag.py
[2022-07-30 16:46:56,809] {processor.py:641} INFO - Processing file /opt/airflow/dags/assignment_solution/dags_communication/final_dag.py for tasks to queue
[2022-07-30 16:46:56,810] {logging_mixin.py:115} INFO - [2022-07-30 16:46:56,810] {dagbag.py:507} INFO - Filling up the DagBag from /opt/airflow/dags/assignment_solution/dags_communication/final_dag.py
[2022-07-30 16:46:56,858] {processor.py:651} INFO - DAG(s) dict_keys(['final_dag']) retrieved from /opt/airflow/dags/assignment_solution/dags_communication/final_dag.py
[2022-07-30 16:46:56,926] {logging_mixin.py:115} INFO - [2022-07-30 16:46:56,926] {dag.py:2379} INFO - Sync 1 DAGs
[2022-07-30 16:46:56,973] {logging_mixin.py:115} INFO - [2022-07-30 16:46:56,973] {dag.py:2931} INFO - Setting next_dagrun for final_dag to None, run_after=None
[2022-07-30 16:46:57,019] {processor.py:161} INFO - Processing /opt/airflow/dags/assignment_solution/dags_communication/final_dag.py took 0.222 seconds
[2022-07-30 16:47:27,591] {processor.py:153} INFO - Started process (PID=565) to work on /opt/airflow/dags/assignment_solution/dags_communication/final_dag.py
[2022-07-30 16:47:27,612] {processor.py:641} INFO - Processing file /opt/airflow/dags/assignment_solution/dags_communication/final_dag.py for tasks to queue
[2022-07-30 16:47:27,612] {logging_mixin.py:115} INFO - [2022-07-30 16:47:27,612] {dagbag.py:507} INFO - Filling up the DagBag from /opt/airflow/dags/assignment_solution/dags_communication/final_dag.py
[2022-07-30 16:47:27,666] {processor.py:651} INFO - DAG(s) dict_keys(['final_dag']) retrieved from /opt/airflow/dags/assignment_solution/dags_communication/final_dag.py
[2022-07-30 16:47:27,748] {logging_mixin.py:115} INFO - [2022-07-30 16:47:27,748] {dag.py:2379} INFO - Sync 1 DAGs
[2022-07-30 16:47:27,800] {logging_mixin.py:115} INFO - [2022-07-30 16:47:27,799] {dag.py:2931} INFO - Setting next_dagrun for final_dag to None, run_after=None
[2022-07-30 16:47:27,832] {processor.py:161} INFO - Processing /opt/airflow/dags/assignment_solution/dags_communication/final_dag.py took 0.245 seconds
[2022-07-30 16:47:57,925] {processor.py:153} INFO - Started process (PID=639) to work on /opt/airflow/dags/assignment_solution/dags_communication/final_dag.py
[2022-07-30 16:47:57,933] {processor.py:641} INFO - Processing file /opt/airflow/dags/assignment_solution/dags_communication/final_dag.py for tasks to queue
[2022-07-30 16:47:57,934] {logging_mixin.py:115} INFO - [2022-07-30 16:47:57,934] {dagbag.py:507} INFO - Filling up the DagBag from /opt/airflow/dags/assignment_solution/dags_communication/final_dag.py
[2022-07-30 16:47:58,018] {processor.py:651} INFO - DAG(s) dict_keys(['final_dag']) retrieved from /opt/airflow/dags/assignment_solution/dags_communication/final_dag.py
[2022-07-30 16:47:58,164] {logging_mixin.py:115} INFO - [2022-07-30 16:47:58,164] {dag.py:2379} INFO - Sync 1 DAGs
[2022-07-30 16:47:58,253] {logging_mixin.py:115} INFO - [2022-07-30 16:47:58,253] {dag.py:2931} INFO - Setting next_dagrun for final_dag to None, run_after=None
[2022-07-30 16:47:58,284] {processor.py:161} INFO - Processing /opt/airflow/dags/assignment_solution/dags_communication/final_dag.py took 0.378 seconds
[2022-07-30 16:48:29,870] {processor.py:153} INFO - Started process (PID=725) to work on /opt/airflow/dags/assignment_solution/dags_communication/final_dag.py
[2022-07-30 16:48:29,883] {processor.py:641} INFO - Processing file /opt/airflow/dags/assignment_solution/dags_communication/final_dag.py for tasks to queue
[2022-07-30 16:48:29,884] {logging_mixin.py:115} INFO - [2022-07-30 16:48:29,884] {dagbag.py:507} INFO - Filling up the DagBag from /opt/airflow/dags/assignment_solution/dags_communication/final_dag.py
[2022-07-30 16:48:29,904] {processor.py:651} INFO - DAG(s) dict_keys(['final_dag']) retrieved from /opt/airflow/dags/assignment_solution/dags_communication/final_dag.py
[2022-07-30 16:48:29,956] {logging_mixin.py:115} INFO - [2022-07-30 16:48:29,956] {dag.py:2379} INFO - Sync 1 DAGs
[2022-07-30 16:48:30,015] {logging_mixin.py:115} INFO - [2022-07-30 16:48:30,015] {dag.py:2931} INFO - Setting next_dagrun for final_dag to None, run_after=None
[2022-07-30 16:48:30,048] {processor.py:161} INFO - Processing /opt/airflow/dags/assignment_solution/dags_communication/final_dag.py took 0.182 seconds
[2022-07-30 16:49:00,148] {processor.py:153} INFO - Started process (PID=797) to work on /opt/airflow/dags/assignment_solution/dags_communication/final_dag.py
[2022-07-30 16:49:00,148] {processor.py:641} INFO - Processing file /opt/airflow/dags/assignment_solution/dags_communication/final_dag.py for tasks to queue
[2022-07-30 16:49:00,149] {logging_mixin.py:115} INFO - [2022-07-30 16:49:00,149] {dagbag.py:507} INFO - Filling up the DagBag from /opt/airflow/dags/assignment_solution/dags_communication/final_dag.py
[2022-07-30 16:49:00,168] {processor.py:651} INFO - DAG(s) dict_keys(['final_dag']) retrieved from /opt/airflow/dags/assignment_solution/dags_communication/final_dag.py
[2022-07-30 16:49:00,201] {logging_mixin.py:115} INFO - [2022-07-30 16:49:00,201] {dag.py:2379} INFO - Sync 1 DAGs
[2022-07-30 16:49:00,233] {logging_mixin.py:115} INFO - [2022-07-30 16:49:00,233] {dag.py:2931} INFO - Setting next_dagrun for final_dag to None, run_after=None
[2022-07-30 16:49:00,249] {processor.py:161} INFO - Processing /opt/airflow/dags/assignment_solution/dags_communication/final_dag.py took 0.106 seconds
[2022-07-30 16:49:33,177] {processor.py:153} INFO - Started process (PID=885) to work on /opt/airflow/dags/assignment_solution/dags_communication/final_dag.py
[2022-07-30 16:49:33,178] {processor.py:641} INFO - Processing file /opt/airflow/dags/assignment_solution/dags_communication/final_dag.py for tasks to queue
[2022-07-30 16:49:33,178] {logging_mixin.py:115} INFO - [2022-07-30 16:49:33,178] {dagbag.py:507} INFO - Filling up the DagBag from /opt/airflow/dags/assignment_solution/dags_communication/final_dag.py
[2022-07-30 16:49:33,198] {processor.py:651} INFO - DAG(s) dict_keys(['final_dag']) retrieved from /opt/airflow/dags/assignment_solution/dags_communication/final_dag.py
[2022-07-30 16:49:33,228] {logging_mixin.py:115} INFO - [2022-07-30 16:49:33,228] {dag.py:2379} INFO - Sync 1 DAGs
[2022-07-30 16:49:33,259] {logging_mixin.py:115} INFO - [2022-07-30 16:49:33,258] {dag.py:2931} INFO - Setting next_dagrun for final_dag to None, run_after=None
[2022-07-30 16:49:33,273] {processor.py:161} INFO - Processing /opt/airflow/dags/assignment_solution/dags_communication/final_dag.py took 0.100 seconds
[2022-07-30 16:50:03,529] {processor.py:153} INFO - Started process (PID=956) to work on /opt/airflow/dags/assignment_solution/dags_communication/final_dag.py
[2022-07-30 16:50:03,530] {processor.py:641} INFO - Processing file /opt/airflow/dags/assignment_solution/dags_communication/final_dag.py for tasks to queue
[2022-07-30 16:50:03,530] {logging_mixin.py:115} INFO - [2022-07-30 16:50:03,530] {dagbag.py:507} INFO - Filling up the DagBag from /opt/airflow/dags/assignment_solution/dags_communication/final_dag.py
[2022-07-30 16:50:03,551] {processor.py:651} INFO - DAG(s) dict_keys(['final_dag']) retrieved from /opt/airflow/dags/assignment_solution/dags_communication/final_dag.py
[2022-07-30 16:50:03,582] {logging_mixin.py:115} INFO - [2022-07-30 16:50:03,582] {dag.py:2379} INFO - Sync 1 DAGs
[2022-07-30 16:50:03,612] {logging_mixin.py:115} INFO - [2022-07-30 16:50:03,612] {dag.py:2931} INFO - Setting next_dagrun for final_dag to None, run_after=None
[2022-07-30 16:50:03,626] {processor.py:161} INFO - Processing /opt/airflow/dags/assignment_solution/dags_communication/final_dag.py took 0.100 seconds
[2022-07-30 16:50:33,839] {processor.py:153} INFO - Started process (PID=1027) to work on /opt/airflow/dags/assignment_solution/dags_communication/final_dag.py
[2022-07-30 16:50:33,840] {processor.py:641} INFO - Processing file /opt/airflow/dags/assignment_solution/dags_communication/final_dag.py for tasks to queue
[2022-07-30 16:50:33,841] {logging_mixin.py:115} INFO - [2022-07-30 16:50:33,840] {dagbag.py:507} INFO - Filling up the DagBag from /opt/airflow/dags/assignment_solution/dags_communication/final_dag.py
[2022-07-30 16:50:33,884] {processor.py:651} INFO - DAG(s) dict_keys(['final_dag']) retrieved from /opt/airflow/dags/assignment_solution/dags_communication/final_dag.py
[2022-07-30 16:50:33,914] {logging_mixin.py:115} INFO - [2022-07-30 16:50:33,914] {dag.py:2379} INFO - Sync 1 DAGs
[2022-07-30 16:50:33,945] {logging_mixin.py:115} INFO - [2022-07-30 16:50:33,945] {dag.py:2931} INFO - Setting next_dagrun for final_dag to None, run_after=None
[2022-07-30 16:50:33,959] {processor.py:161} INFO - Processing /opt/airflow/dags/assignment_solution/dags_communication/final_dag.py took 0.124 seconds
[2022-07-30 16:51:06,614] {processor.py:153} INFO - Started process (PID=1109) to work on /opt/airflow/dags/assignment_solution/dags_communication/final_dag.py
[2022-07-30 16:51:06,614] {processor.py:641} INFO - Processing file /opt/airflow/dags/assignment_solution/dags_communication/final_dag.py for tasks to queue
[2022-07-30 16:51:06,615] {logging_mixin.py:115} INFO - [2022-07-30 16:51:06,615] {dagbag.py:507} INFO - Filling up the DagBag from /opt/airflow/dags/assignment_solution/dags_communication/final_dag.py
[2022-07-30 16:51:06,683] {processor.py:651} INFO - DAG(s) dict_keys(['final_dag']) retrieved from /opt/airflow/dags/assignment_solution/dags_communication/final_dag.py
[2022-07-30 16:51:06,768] {logging_mixin.py:115} INFO - [2022-07-30 16:51:06,765] {dag.py:2379} INFO - Sync 1 DAGs
[2022-07-30 16:51:06,873] {logging_mixin.py:115} INFO - [2022-07-30 16:51:06,872] {dag.py:2931} INFO - Setting next_dagrun for final_dag to None, run_after=None
[2022-07-30 16:51:06,900] {processor.py:161} INFO - Processing /opt/airflow/dags/assignment_solution/dags_communication/final_dag.py took 0.296 seconds
[2022-07-30 16:51:37,245] {processor.py:153} INFO - Started process (PID=1182) to work on /opt/airflow/dags/assignment_solution/dags_communication/final_dag.py
[2022-07-30 16:51:37,246] {processor.py:641} INFO - Processing file /opt/airflow/dags/assignment_solution/dags_communication/final_dag.py for tasks to queue
[2022-07-30 16:51:37,247] {logging_mixin.py:115} INFO - [2022-07-30 16:51:37,247] {dagbag.py:507} INFO - Filling up the DagBag from /opt/airflow/dags/assignment_solution/dags_communication/final_dag.py
[2022-07-30 16:51:37,267] {processor.py:651} INFO - DAG(s) dict_keys(['final_dag']) retrieved from /opt/airflow/dags/assignment_solution/dags_communication/final_dag.py
[2022-07-30 16:51:37,299] {logging_mixin.py:115} INFO - [2022-07-30 16:51:37,299] {dag.py:2379} INFO - Sync 1 DAGs
[2022-07-30 16:51:37,331] {logging_mixin.py:115} INFO - [2022-07-30 16:51:37,331] {dag.py:2931} INFO - Setting next_dagrun for final_dag to None, run_after=None
[2022-07-30 16:51:37,345] {processor.py:161} INFO - Processing /opt/airflow/dags/assignment_solution/dags_communication/final_dag.py took 0.104 seconds
[2022-07-30 16:52:08,568] {processor.py:153} INFO - Started process (PID=1260) to work on /opt/airflow/dags/assignment_solution/dags_communication/final_dag.py
[2022-07-30 16:52:08,573] {processor.py:641} INFO - Processing file /opt/airflow/dags/assignment_solution/dags_communication/final_dag.py for tasks to queue
[2022-07-30 16:52:08,574] {logging_mixin.py:115} INFO - [2022-07-30 16:52:08,574] {dagbag.py:507} INFO - Filling up the DagBag from /opt/airflow/dags/assignment_solution/dags_communication/final_dag.py
[2022-07-30 16:52:08,611] {processor.py:651} INFO - DAG(s) dict_keys(['final_dag']) retrieved from /opt/airflow/dags/assignment_solution/dags_communication/final_dag.py
[2022-07-30 16:52:08,663] {logging_mixin.py:115} INFO - [2022-07-30 16:52:08,662] {dag.py:2379} INFO - Sync 1 DAGs
[2022-07-30 16:52:08,696] {logging_mixin.py:115} INFO - [2022-07-30 16:52:08,696] {dag.py:2931} INFO - Setting next_dagrun for final_dag to None, run_after=None
[2022-07-30 16:52:08,711] {processor.py:161} INFO - Processing /opt/airflow/dags/assignment_solution/dags_communication/final_dag.py took 0.155 seconds
[2022-07-30 16:52:38,822] {processor.py:153} INFO - Started process (PID=1341) to work on /opt/airflow/dags/assignment_solution/dags_communication/final_dag.py
[2022-07-30 16:52:38,823] {processor.py:641} INFO - Processing file /opt/airflow/dags/assignment_solution/dags_communication/final_dag.py for tasks to queue
[2022-07-30 16:52:38,829] {logging_mixin.py:115} INFO - [2022-07-30 16:52:38,823] {dagbag.py:507} INFO - Filling up the DagBag from /opt/airflow/dags/assignment_solution/dags_communication/final_dag.py
[2022-07-30 16:52:38,910] {processor.py:651} INFO - DAG(s) dict_keys(['final_dag']) retrieved from /opt/airflow/dags/assignment_solution/dags_communication/final_dag.py
[2022-07-30 16:52:39,057] {logging_mixin.py:115} INFO - [2022-07-30 16:52:39,057] {dag.py:2379} INFO - Sync 1 DAGs
[2022-07-30 16:52:39,140] {logging_mixin.py:115} INFO - [2022-07-30 16:52:39,140] {dag.py:2931} INFO - Setting next_dagrun for final_dag to None, run_after=None
[2022-07-30 16:52:39,181] {processor.py:161} INFO - Processing /opt/airflow/dags/assignment_solution/dags_communication/final_dag.py took 0.369 seconds
[2022-07-30 16:53:09,953] {processor.py:153} INFO - Started process (PID=1419) to work on /opt/airflow/dags/assignment_solution/dags_communication/final_dag.py
[2022-07-30 16:53:09,954] {processor.py:641} INFO - Processing file /opt/airflow/dags/assignment_solution/dags_communication/final_dag.py for tasks to queue
[2022-07-30 16:53:09,955] {logging_mixin.py:115} INFO - [2022-07-30 16:53:09,955] {dagbag.py:507} INFO - Filling up the DagBag from /opt/airflow/dags/assignment_solution/dags_communication/final_dag.py
[2022-07-30 16:53:09,976] {processor.py:651} INFO - DAG(s) dict_keys(['final_dag']) retrieved from /opt/airflow/dags/assignment_solution/dags_communication/final_dag.py
[2022-07-30 16:53:10,040] {logging_mixin.py:115} INFO - [2022-07-30 16:53:10,040] {dag.py:2379} INFO - Sync 1 DAGs
[2022-07-30 16:53:10,082] {logging_mixin.py:115} INFO - [2022-07-30 16:53:10,082] {dag.py:2931} INFO - Setting next_dagrun for final_dag to None, run_after=None
[2022-07-30 16:53:10,136] {processor.py:161} INFO - Processing /opt/airflow/dags/assignment_solution/dags_communication/final_dag.py took 0.188 seconds
[2022-07-30 16:53:41,070] {processor.py:153} INFO - Started process (PID=1498) to work on /opt/airflow/dags/assignment_solution/dags_communication/final_dag.py
[2022-07-30 16:53:41,076] {processor.py:641} INFO - Processing file /opt/airflow/dags/assignment_solution/dags_communication/final_dag.py for tasks to queue
[2022-07-30 16:53:41,077] {logging_mixin.py:115} INFO - [2022-07-30 16:53:41,076] {dagbag.py:507} INFO - Filling up the DagBag from /opt/airflow/dags/assignment_solution/dags_communication/final_dag.py
[2022-07-30 16:53:41,144] {processor.py:651} INFO - DAG(s) dict_keys(['final_dag']) retrieved from /opt/airflow/dags/assignment_solution/dags_communication/final_dag.py
[2022-07-30 16:53:41,256] {logging_mixin.py:115} INFO - [2022-07-30 16:53:41,256] {dag.py:2379} INFO - Sync 1 DAGs
[2022-07-30 16:53:41,344] {logging_mixin.py:115} INFO - [2022-07-30 16:53:41,344] {dag.py:2931} INFO - Setting next_dagrun for final_dag to None, run_after=None
[2022-07-30 16:53:41,384] {processor.py:161} INFO - Processing /opt/airflow/dags/assignment_solution/dags_communication/final_dag.py took 0.324 seconds
[2022-07-30 16:54:11,563] {processor.py:153} INFO - Started process (PID=1579) to work on /opt/airflow/dags/assignment_solution/dags_communication/final_dag.py
[2022-07-30 16:54:11,564] {processor.py:641} INFO - Processing file /opt/airflow/dags/assignment_solution/dags_communication/final_dag.py for tasks to queue
[2022-07-30 16:54:11,565] {logging_mixin.py:115} INFO - [2022-07-30 16:54:11,565] {dagbag.py:507} INFO - Filling up the DagBag from /opt/airflow/dags/assignment_solution/dags_communication/final_dag.py
[2022-07-30 16:54:11,584] {processor.py:651} INFO - DAG(s) dict_keys(['final_dag']) retrieved from /opt/airflow/dags/assignment_solution/dags_communication/final_dag.py
[2022-07-30 16:54:11,615] {logging_mixin.py:115} INFO - [2022-07-30 16:54:11,615] {dag.py:2379} INFO - Sync 1 DAGs
[2022-07-30 16:54:11,655] {logging_mixin.py:115} INFO - [2022-07-30 16:54:11,655] {dag.py:2931} INFO - Setting next_dagrun for final_dag to None, run_after=None
[2022-07-30 16:54:11,683] {processor.py:161} INFO - Processing /opt/airflow/dags/assignment_solution/dags_communication/final_dag.py took 0.123 seconds
[2022-07-30 16:54:42,244] {processor.py:153} INFO - Started process (PID=1654) to work on /opt/airflow/dags/assignment_solution/dags_communication/final_dag.py
[2022-07-30 16:54:42,245] {processor.py:641} INFO - Processing file /opt/airflow/dags/assignment_solution/dags_communication/final_dag.py for tasks to queue
[2022-07-30 16:54:42,246] {logging_mixin.py:115} INFO - [2022-07-30 16:54:42,246] {dagbag.py:507} INFO - Filling up the DagBag from /opt/airflow/dags/assignment_solution/dags_communication/final_dag.py
[2022-07-30 16:54:42,267] {processor.py:651} INFO - DAG(s) dict_keys(['final_dag']) retrieved from /opt/airflow/dags/assignment_solution/dags_communication/final_dag.py
[2022-07-30 16:54:42,308] {logging_mixin.py:115} INFO - [2022-07-30 16:54:42,307] {dag.py:2379} INFO - Sync 1 DAGs
[2022-07-30 16:54:42,342] {logging_mixin.py:115} INFO - [2022-07-30 16:54:42,342] {dag.py:2931} INFO - Setting next_dagrun for final_dag to None, run_after=None
[2022-07-30 16:54:42,358] {processor.py:161} INFO - Processing /opt/airflow/dags/assignment_solution/dags_communication/final_dag.py took 0.118 seconds
[2022-07-30 16:55:12,980] {processor.py:153} INFO - Started process (PID=1738) to work on /opt/airflow/dags/assignment_solution/dags_communication/final_dag.py
[2022-07-30 16:55:12,992] {processor.py:641} INFO - Processing file /opt/airflow/dags/assignment_solution/dags_communication/final_dag.py for tasks to queue
[2022-07-30 16:55:12,993] {logging_mixin.py:115} INFO - [2022-07-30 16:55:12,992] {dagbag.py:507} INFO - Filling up the DagBag from /opt/airflow/dags/assignment_solution/dags_communication/final_dag.py
[2022-07-30 16:55:13,033] {processor.py:651} INFO - DAG(s) dict_keys(['final_dag']) retrieved from /opt/airflow/dags/assignment_solution/dags_communication/final_dag.py
[2022-07-30 16:55:13,089] {logging_mixin.py:115} INFO - [2022-07-30 16:55:13,088] {dag.py:2379} INFO - Sync 1 DAGs
[2022-07-30 16:55:13,153] {logging_mixin.py:115} INFO - [2022-07-30 16:55:13,153] {dag.py:2931} INFO - Setting next_dagrun for final_dag to None, run_after=None
[2022-07-30 16:55:13,186] {processor.py:161} INFO - Processing /opt/airflow/dags/assignment_solution/dags_communication/final_dag.py took 0.210 seconds
[2022-07-30 16:55:44,222] {processor.py:153} INFO - Started process (PID=1814) to work on /opt/airflow/dags/assignment_solution/dags_communication/final_dag.py
[2022-07-30 16:55:44,223] {processor.py:641} INFO - Processing file /opt/airflow/dags/assignment_solution/dags_communication/final_dag.py for tasks to queue
[2022-07-30 16:55:44,223] {logging_mixin.py:115} INFO - [2022-07-30 16:55:44,223] {dagbag.py:507} INFO - Filling up the DagBag from /opt/airflow/dags/assignment_solution/dags_communication/final_dag.py
[2022-07-30 16:55:44,244] {processor.py:651} INFO - DAG(s) dict_keys(['final_dag']) retrieved from /opt/airflow/dags/assignment_solution/dags_communication/final_dag.py
[2022-07-30 16:55:44,276] {logging_mixin.py:115} INFO - [2022-07-30 16:55:44,276] {dag.py:2379} INFO - Sync 1 DAGs
[2022-07-30 16:55:44,307] {logging_mixin.py:115} INFO - [2022-07-30 16:55:44,307] {dag.py:2931} INFO - Setting next_dagrun for final_dag to None, run_after=None
[2022-07-30 16:55:44,325] {processor.py:161} INFO - Processing /opt/airflow/dags/assignment_solution/dags_communication/final_dag.py took 0.107 seconds
[2022-07-30 16:56:15,261] {processor.py:153} INFO - Started process (PID=1897) to work on /opt/airflow/dags/assignment_solution/dags_communication/final_dag.py
[2022-07-30 16:56:15,261] {processor.py:641} INFO - Processing file /opt/airflow/dags/assignment_solution/dags_communication/final_dag.py for tasks to queue
[2022-07-30 16:56:15,262] {logging_mixin.py:115} INFO - [2022-07-30 16:56:15,262] {dagbag.py:507} INFO - Filling up the DagBag from /opt/airflow/dags/assignment_solution/dags_communication/final_dag.py
[2022-07-30 16:56:15,281] {processor.py:651} INFO - DAG(s) dict_keys(['final_dag']) retrieved from /opt/airflow/dags/assignment_solution/dags_communication/final_dag.py
[2022-07-30 16:56:15,312] {logging_mixin.py:115} INFO - [2022-07-30 16:56:15,311] {dag.py:2379} INFO - Sync 1 DAGs
[2022-07-30 16:56:15,343] {logging_mixin.py:115} INFO - [2022-07-30 16:56:15,342] {dag.py:2931} INFO - Setting next_dagrun for final_dag to None, run_after=None
[2022-07-30 16:56:15,359] {processor.py:161} INFO - Processing /opt/airflow/dags/assignment_solution/dags_communication/final_dag.py took 0.102 seconds
[2022-07-30 16:56:46,699] {processor.py:153} INFO - Started process (PID=1971) to work on /opt/airflow/dags/assignment_solution/dags_communication/final_dag.py
[2022-07-30 16:56:46,699] {processor.py:641} INFO - Processing file /opt/airflow/dags/assignment_solution/dags_communication/final_dag.py for tasks to queue
[2022-07-30 16:56:46,700] {logging_mixin.py:115} INFO - [2022-07-30 16:56:46,700] {dagbag.py:507} INFO - Filling up the DagBag from /opt/airflow/dags/assignment_solution/dags_communication/final_dag.py
[2022-07-30 16:56:46,742] {processor.py:651} INFO - DAG(s) dict_keys(['final_dag']) retrieved from /opt/airflow/dags/assignment_solution/dags_communication/final_dag.py
[2022-07-30 16:56:46,804] {logging_mixin.py:115} INFO - [2022-07-30 16:56:46,804] {dag.py:2379} INFO - Sync 1 DAGs
[2022-07-30 16:56:46,860] {logging_mixin.py:115} INFO - [2022-07-30 16:56:46,860] {dag.py:2931} INFO - Setting next_dagrun for final_dag to None, run_after=None
[2022-07-30 16:56:46,896] {processor.py:161} INFO - Processing /opt/airflow/dags/assignment_solution/dags_communication/final_dag.py took 0.207 seconds
[2022-07-30 16:57:16,992] {processor.py:153} INFO - Started process (PID=2051) to work on /opt/airflow/dags/assignment_solution/dags_communication/final_dag.py
[2022-07-30 16:57:16,993] {processor.py:641} INFO - Processing file /opt/airflow/dags/assignment_solution/dags_communication/final_dag.py for tasks to queue
[2022-07-30 16:57:16,993] {logging_mixin.py:115} INFO - [2022-07-30 16:57:16,993] {dagbag.py:507} INFO - Filling up the DagBag from /opt/airflow/dags/assignment_solution/dags_communication/final_dag.py
[2022-07-30 16:57:17,007] {processor.py:651} INFO - DAG(s) dict_keys(['final_dag']) retrieved from /opt/airflow/dags/assignment_solution/dags_communication/final_dag.py
[2022-07-30 16:57:17,029] {logging_mixin.py:115} INFO - [2022-07-30 16:57:17,029] {dag.py:2379} INFO - Sync 1 DAGs
[2022-07-30 16:57:17,049] {logging_mixin.py:115} INFO - [2022-07-30 16:57:17,049] {dag.py:2931} INFO - Setting next_dagrun for final_dag to None, run_after=None
[2022-07-30 16:57:17,060] {processor.py:161} INFO - Processing /opt/airflow/dags/assignment_solution/dags_communication/final_dag.py took 0.071 seconds
[2022-07-30 16:57:47,507] {processor.py:153} INFO - Started process (PID=2124) to work on /opt/airflow/dags/assignment_solution/dags_communication/final_dag.py
[2022-07-30 16:57:47,508] {processor.py:641} INFO - Processing file /opt/airflow/dags/assignment_solution/dags_communication/final_dag.py for tasks to queue
[2022-07-30 16:57:47,508] {logging_mixin.py:115} INFO - [2022-07-30 16:57:47,508] {dagbag.py:507} INFO - Filling up the DagBag from /opt/airflow/dags/assignment_solution/dags_communication/final_dag.py
[2022-07-30 16:57:47,554] {processor.py:651} INFO - DAG(s) dict_keys(['final_dag']) retrieved from /opt/airflow/dags/assignment_solution/dags_communication/final_dag.py
[2022-07-30 16:57:47,616] {logging_mixin.py:115} INFO - [2022-07-30 16:57:47,616] {dag.py:2379} INFO - Sync 1 DAGs
[2022-07-30 16:57:47,671] {logging_mixin.py:115} INFO - [2022-07-30 16:57:47,671] {dag.py:2931} INFO - Setting next_dagrun for final_dag to None, run_after=None
[2022-07-30 16:57:47,704] {processor.py:161} INFO - Processing /opt/airflow/dags/assignment_solution/dags_communication/final_dag.py took 0.200 seconds
[2022-07-30 16:58:18,428] {processor.py:153} INFO - Started process (PID=2207) to work on /opt/airflow/dags/assignment_solution/dags_communication/final_dag.py
[2022-07-30 16:58:18,429] {processor.py:641} INFO - Processing file /opt/airflow/dags/assignment_solution/dags_communication/final_dag.py for tasks to queue
[2022-07-30 16:58:18,430] {logging_mixin.py:115} INFO - [2022-07-30 16:58:18,430] {dagbag.py:507} INFO - Filling up the DagBag from /opt/airflow/dags/assignment_solution/dags_communication/final_dag.py
[2022-07-30 16:58:18,459] {processor.py:651} INFO - DAG(s) dict_keys(['final_dag']) retrieved from /opt/airflow/dags/assignment_solution/dags_communication/final_dag.py
[2022-07-30 16:58:18,493] {logging_mixin.py:115} INFO - [2022-07-30 16:58:18,493] {dag.py:2379} INFO - Sync 1 DAGs
[2022-07-30 16:58:18,538] {logging_mixin.py:115} INFO - [2022-07-30 16:58:18,538] {dag.py:2931} INFO - Setting next_dagrun for final_dag to None, run_after=None
[2022-07-30 16:58:18,557] {processor.py:161} INFO - Processing /opt/airflow/dags/assignment_solution/dags_communication/final_dag.py took 0.133 seconds
[2022-07-30 16:58:49,021] {processor.py:153} INFO - Started process (PID=2279) to work on /opt/airflow/dags/assignment_solution/dags_communication/final_dag.py
[2022-07-30 16:58:49,021] {processor.py:641} INFO - Processing file /opt/airflow/dags/assignment_solution/dags_communication/final_dag.py for tasks to queue
[2022-07-30 16:58:49,022] {logging_mixin.py:115} INFO - [2022-07-30 16:58:49,022] {dagbag.py:507} INFO - Filling up the DagBag from /opt/airflow/dags/assignment_solution/dags_communication/final_dag.py
[2022-07-30 16:58:49,049] {processor.py:651} INFO - DAG(s) dict_keys(['final_dag']) retrieved from /opt/airflow/dags/assignment_solution/dags_communication/final_dag.py
[2022-07-30 16:58:49,079] {logging_mixin.py:115} INFO - [2022-07-30 16:58:49,079] {dag.py:2379} INFO - Sync 1 DAGs
[2022-07-30 16:58:49,113] {logging_mixin.py:115} INFO - [2022-07-30 16:58:49,112] {dag.py:2931} INFO - Setting next_dagrun for final_dag to None, run_after=None
[2022-07-30 16:58:49,132] {processor.py:161} INFO - Processing /opt/airflow/dags/assignment_solution/dags_communication/final_dag.py took 0.117 seconds
[2022-07-30 16:59:19,410] {processor.py:153} INFO - Started process (PID=2362) to work on /opt/airflow/dags/assignment_solution/dags_communication/final_dag.py
[2022-07-30 16:59:19,411] {processor.py:641} INFO - Processing file /opt/airflow/dags/assignment_solution/dags_communication/final_dag.py for tasks to queue
[2022-07-30 16:59:19,411] {logging_mixin.py:115} INFO - [2022-07-30 16:59:19,411] {dagbag.py:507} INFO - Filling up the DagBag from /opt/airflow/dags/assignment_solution/dags_communication/final_dag.py
[2022-07-30 16:59:19,429] {processor.py:651} INFO - DAG(s) dict_keys(['final_dag']) retrieved from /opt/airflow/dags/assignment_solution/dags_communication/final_dag.py
[2022-07-30 16:59:19,450] {logging_mixin.py:115} INFO - [2022-07-30 16:59:19,450] {dag.py:2379} INFO - Sync 1 DAGs
[2022-07-30 16:59:19,476] {logging_mixin.py:115} INFO - [2022-07-30 16:59:19,476] {dag.py:2931} INFO - Setting next_dagrun for final_dag to None, run_after=None
[2022-07-30 16:59:19,679] {processor.py:161} INFO - Processing /opt/airflow/dags/assignment_solution/dags_communication/final_dag.py took 0.273 seconds
[2022-07-30 16:59:50,360] {processor.py:153} INFO - Started process (PID=2443) to work on /opt/airflow/dags/assignment_solution/dags_communication/final_dag.py
[2022-07-30 16:59:50,360] {processor.py:641} INFO - Processing file /opt/airflow/dags/assignment_solution/dags_communication/final_dag.py for tasks to queue
[2022-07-30 16:59:50,361] {logging_mixin.py:115} INFO - [2022-07-30 16:59:50,361] {dagbag.py:507} INFO - Filling up the DagBag from /opt/airflow/dags/assignment_solution/dags_communication/final_dag.py
[2022-07-30 16:59:50,382] {processor.py:651} INFO - DAG(s) dict_keys(['final_dag']) retrieved from /opt/airflow/dags/assignment_solution/dags_communication/final_dag.py
[2022-07-30 16:59:50,414] {logging_mixin.py:115} INFO - [2022-07-30 16:59:50,414] {dag.py:2379} INFO - Sync 1 DAGs
[2022-07-30 16:59:50,451] {logging_mixin.py:115} INFO - [2022-07-30 16:59:50,451] {dag.py:2931} INFO - Setting next_dagrun for final_dag to None, run_after=None
[2022-07-30 16:59:50,682] {processor.py:161} INFO - Processing /opt/airflow/dags/assignment_solution/dags_communication/final_dag.py took 0.327 seconds
[2022-07-30 17:00:21,151] {processor.py:153} INFO - Started process (PID=2524) to work on /opt/airflow/dags/assignment_solution/dags_communication/final_dag.py
[2022-07-30 17:00:21,164] {processor.py:641} INFO - Processing file /opt/airflow/dags/assignment_solution/dags_communication/final_dag.py for tasks to queue
[2022-07-30 17:00:21,165] {logging_mixin.py:115} INFO - [2022-07-30 17:00:21,164] {dagbag.py:507} INFO - Filling up the DagBag from /opt/airflow/dags/assignment_solution/dags_communication/final_dag.py
[2022-07-30 17:00:21,225] {processor.py:651} INFO - DAG(s) dict_keys(['final_dag']) retrieved from /opt/airflow/dags/assignment_solution/dags_communication/final_dag.py
[2022-07-30 17:00:21,291] {logging_mixin.py:115} INFO - [2022-07-30 17:00:21,291] {dag.py:2379} INFO - Sync 1 DAGs
[2022-07-30 17:00:21,381] {logging_mixin.py:115} INFO - [2022-07-30 17:00:21,381] {dag.py:2931} INFO - Setting next_dagrun for final_dag to None, run_after=None
[2022-07-30 17:00:22,164] {processor.py:161} INFO - Processing /opt/airflow/dags/assignment_solution/dags_communication/final_dag.py took 1.020 seconds
[2022-07-30 17:00:52,871] {processor.py:153} INFO - Started process (PID=2602) to work on /opt/airflow/dags/assignment_solution/dags_communication/final_dag.py
[2022-07-30 17:00:52,877] {processor.py:641} INFO - Processing file /opt/airflow/dags/assignment_solution/dags_communication/final_dag.py for tasks to queue
[2022-07-30 17:00:52,878] {logging_mixin.py:115} INFO - [2022-07-30 17:00:52,878] {dagbag.py:507} INFO - Filling up the DagBag from /opt/airflow/dags/assignment_solution/dags_communication/final_dag.py
[2022-07-30 17:00:52,967] {processor.py:651} INFO - DAG(s) dict_keys(['final_dag']) retrieved from /opt/airflow/dags/assignment_solution/dags_communication/final_dag.py
[2022-07-30 17:00:53,134] {logging_mixin.py:115} INFO - [2022-07-30 17:00:53,134] {dag.py:2379} INFO - Sync 1 DAGs
[2022-07-30 17:00:53,223] {logging_mixin.py:115} INFO - [2022-07-30 17:00:53,221] {dag.py:2931} INFO - Setting next_dagrun for final_dag to None, run_after=None
[2022-07-30 17:00:53,669] {processor.py:161} INFO - Processing /opt/airflow/dags/assignment_solution/dags_communication/final_dag.py took 0.810 seconds
[2022-07-30 17:01:24,213] {processor.py:153} INFO - Started process (PID=2674) to work on /opt/airflow/dags/assignment_solution/dags_communication/final_dag.py
[2022-07-30 17:01:24,215] {processor.py:641} INFO - Processing file /opt/airflow/dags/assignment_solution/dags_communication/final_dag.py for tasks to queue
[2022-07-30 17:01:24,215] {logging_mixin.py:115} INFO - [2022-07-30 17:01:24,215] {dagbag.py:507} INFO - Filling up the DagBag from /opt/airflow/dags/assignment_solution/dags_communication/final_dag.py
[2022-07-30 17:01:24,241] {processor.py:651} INFO - DAG(s) dict_keys(['final_dag']) retrieved from /opt/airflow/dags/assignment_solution/dags_communication/final_dag.py
[2022-07-30 17:01:24,310] {logging_mixin.py:115} INFO - [2022-07-30 17:01:24,310] {dag.py:2379} INFO - Sync 1 DAGs
[2022-07-30 17:01:24,382] {logging_mixin.py:115} INFO - [2022-07-30 17:01:24,382] {dag.py:2931} INFO - Setting next_dagrun for final_dag to None, run_after=None
[2022-07-30 17:01:24,592] {processor.py:161} INFO - Processing /opt/airflow/dags/assignment_solution/dags_communication/final_dag.py took 0.402 seconds
[2022-07-30 17:01:55,388] {processor.py:153} INFO - Started process (PID=2759) to work on /opt/airflow/dags/assignment_solution/dags_communication/final_dag.py
[2022-07-30 17:01:55,388] {processor.py:641} INFO - Processing file /opt/airflow/dags/assignment_solution/dags_communication/final_dag.py for tasks to queue
[2022-07-30 17:01:55,389] {logging_mixin.py:115} INFO - [2022-07-30 17:01:55,389] {dagbag.py:507} INFO - Filling up the DagBag from /opt/airflow/dags/assignment_solution/dags_communication/final_dag.py
[2022-07-30 17:01:55,430] {processor.py:651} INFO - DAG(s) dict_keys(['final_dag']) retrieved from /opt/airflow/dags/assignment_solution/dags_communication/final_dag.py
[2022-07-30 17:01:55,475] {logging_mixin.py:115} INFO - [2022-07-30 17:01:55,474] {dag.py:2379} INFO - Sync 1 DAGs
[2022-07-30 17:01:55,544] {logging_mixin.py:115} INFO - [2022-07-30 17:01:55,544] {dag.py:2931} INFO - Setting next_dagrun for final_dag to None, run_after=None
[2022-07-30 17:01:55,904] {processor.py:161} INFO - Processing /opt/airflow/dags/assignment_solution/dags_communication/final_dag.py took 0.520 seconds
[2022-07-30 17:02:26,758] {processor.py:153} INFO - Started process (PID=2833) to work on /opt/airflow/dags/assignment_solution/dags_communication/final_dag.py
[2022-07-30 17:02:26,759] {processor.py:641} INFO - Processing file /opt/airflow/dags/assignment_solution/dags_communication/final_dag.py for tasks to queue
[2022-07-30 17:02:26,760] {logging_mixin.py:115} INFO - [2022-07-30 17:02:26,760] {dagbag.py:507} INFO - Filling up the DagBag from /opt/airflow/dags/assignment_solution/dags_communication/final_dag.py
[2022-07-30 17:02:26,784] {processor.py:651} INFO - DAG(s) dict_keys(['final_dag']) retrieved from /opt/airflow/dags/assignment_solution/dags_communication/final_dag.py
[2022-07-30 17:02:26,822] {logging_mixin.py:115} INFO - [2022-07-30 17:02:26,822] {dag.py:2379} INFO - Sync 1 DAGs
[2022-07-30 17:02:26,862] {logging_mixin.py:115} INFO - [2022-07-30 17:02:26,862] {dag.py:2931} INFO - Setting next_dagrun for final_dag to None, run_after=None
[2022-07-30 17:02:27,068] {processor.py:161} INFO - Processing /opt/airflow/dags/assignment_solution/dags_communication/final_dag.py took 0.314 seconds
[2022-07-30 17:02:57,797] {processor.py:153} INFO - Started process (PID=2921) to work on /opt/airflow/dags/assignment_solution/dags_communication/final_dag.py
[2022-07-30 17:02:57,798] {processor.py:641} INFO - Processing file /opt/airflow/dags/assignment_solution/dags_communication/final_dag.py for tasks to queue
[2022-07-30 17:02:57,798] {logging_mixin.py:115} INFO - [2022-07-30 17:02:57,798] {dagbag.py:507} INFO - Filling up the DagBag from /opt/airflow/dags/assignment_solution/dags_communication/final_dag.py
[2022-07-30 17:02:57,924] {processor.py:651} INFO - DAG(s) dict_keys(['final_dag']) retrieved from /opt/airflow/dags/assignment_solution/dags_communication/final_dag.py
[2022-07-30 17:02:58,038] {logging_mixin.py:115} INFO - [2022-07-30 17:02:58,036] {dag.py:2379} INFO - Sync 1 DAGs
[2022-07-30 17:02:58,176] {logging_mixin.py:115} INFO - [2022-07-30 17:02:58,176] {dag.py:2931} INFO - Setting next_dagrun for final_dag to None, run_after=None
[2022-07-30 17:02:58,470] {processor.py:161} INFO - Processing /opt/airflow/dags/assignment_solution/dags_communication/final_dag.py took 0.676 seconds
[2022-07-30 17:03:28,587] {processor.py:153} INFO - Started process (PID=2993) to work on /opt/airflow/dags/assignment_solution/dags_communication/final_dag.py
[2022-07-30 17:03:28,588] {processor.py:641} INFO - Processing file /opt/airflow/dags/assignment_solution/dags_communication/final_dag.py for tasks to queue
[2022-07-30 17:03:28,588] {logging_mixin.py:115} INFO - [2022-07-30 17:03:28,588] {dagbag.py:507} INFO - Filling up the DagBag from /opt/airflow/dags/assignment_solution/dags_communication/final_dag.py
[2022-07-30 17:03:28,606] {processor.py:651} INFO - DAG(s) dict_keys(['final_dag']) retrieved from /opt/airflow/dags/assignment_solution/dags_communication/final_dag.py
[2022-07-30 17:03:28,632] {logging_mixin.py:115} INFO - [2022-07-30 17:03:28,632] {dag.py:2379} INFO - Sync 1 DAGs
[2022-07-30 17:03:28,660] {logging_mixin.py:115} INFO - [2022-07-30 17:03:28,659] {dag.py:2931} INFO - Setting next_dagrun for final_dag to None, run_after=None
[2022-07-30 17:03:28,833] {processor.py:161} INFO - Processing /opt/airflow/dags/assignment_solution/dags_communication/final_dag.py took 0.249 seconds
[2022-07-30 17:03:59,931] {processor.py:153} INFO - Started process (PID=3077) to work on /opt/airflow/dags/assignment_solution/dags_communication/final_dag.py
[2022-07-30 17:03:59,931] {processor.py:641} INFO - Processing file /opt/airflow/dags/assignment_solution/dags_communication/final_dag.py for tasks to queue
[2022-07-30 17:03:59,932] {logging_mixin.py:115} INFO - [2022-07-30 17:03:59,932] {dagbag.py:507} INFO - Filling up the DagBag from /opt/airflow/dags/assignment_solution/dags_communication/final_dag.py
[2022-07-30 17:03:59,996] {processor.py:651} INFO - DAG(s) dict_keys(['final_dag']) retrieved from /opt/airflow/dags/assignment_solution/dags_communication/final_dag.py
[2022-07-30 17:04:00,076] {logging_mixin.py:115} INFO - [2022-07-30 17:04:00,076] {dag.py:2379} INFO - Sync 1 DAGs
[2022-07-30 17:04:00,114] {logging_mixin.py:115} INFO - [2022-07-30 17:04:00,114] {dag.py:2931} INFO - Setting next_dagrun for final_dag to None, run_after=None
[2022-07-30 17:04:00,369] {processor.py:161} INFO - Processing /opt/airflow/dags/assignment_solution/dags_communication/final_dag.py took 0.454 seconds
[2022-07-30 17:04:30,684] {processor.py:153} INFO - Started process (PID=3151) to work on /opt/airflow/dags/assignment_solution/dags_communication/final_dag.py
[2022-07-30 17:04:30,684] {processor.py:641} INFO - Processing file /opt/airflow/dags/assignment_solution/dags_communication/final_dag.py for tasks to queue
[2022-07-30 17:04:30,685] {logging_mixin.py:115} INFO - [2022-07-30 17:04:30,685] {dagbag.py:507} INFO - Filling up the DagBag from /opt/airflow/dags/assignment_solution/dags_communication/final_dag.py
[2022-07-30 17:04:30,706] {processor.py:651} INFO - DAG(s) dict_keys(['final_dag']) retrieved from /opt/airflow/dags/assignment_solution/dags_communication/final_dag.py
[2022-07-30 17:04:30,738] {logging_mixin.py:115} INFO - [2022-07-30 17:04:30,738] {dag.py:2379} INFO - Sync 1 DAGs
[2022-07-30 17:04:30,971] {logging_mixin.py:115} INFO - [2022-07-30 17:04:30,971] {dag.py:2931} INFO - Setting next_dagrun for final_dag to None, run_after=None
[2022-07-30 17:04:31,000] {processor.py:161} INFO - Processing /opt/airflow/dags/assignment_solution/dags_communication/final_dag.py took 0.321 seconds
[2022-07-30 17:05:01,348] {processor.py:153} INFO - Started process (PID=3228) to work on /opt/airflow/dags/assignment_solution/dags_communication/final_dag.py
[2022-07-30 17:05:01,348] {processor.py:641} INFO - Processing file /opt/airflow/dags/assignment_solution/dags_communication/final_dag.py for tasks to queue
[2022-07-30 17:05:01,349] {logging_mixin.py:115} INFO - [2022-07-30 17:05:01,349] {dagbag.py:507} INFO - Filling up the DagBag from /opt/airflow/dags/assignment_solution/dags_communication/final_dag.py
[2022-07-30 17:05:01,372] {processor.py:651} INFO - DAG(s) dict_keys(['final_dag']) retrieved from /opt/airflow/dags/assignment_solution/dags_communication/final_dag.py
[2022-07-30 17:05:01,409] {logging_mixin.py:115} INFO - [2022-07-30 17:05:01,409] {dag.py:2379} INFO - Sync 1 DAGs
[2022-07-30 17:05:01,637] {logging_mixin.py:115} INFO - [2022-07-30 17:05:01,637] {dag.py:2931} INFO - Setting next_dagrun for final_dag to None, run_after=None
[2022-07-30 17:05:01,657] {processor.py:161} INFO - Processing /opt/airflow/dags/assignment_solution/dags_communication/final_dag.py took 0.314 seconds
[2022-07-30 17:05:31,793] {processor.py:153} INFO - Started process (PID=3316) to work on /opt/airflow/dags/assignment_solution/dags_communication/final_dag.py
[2022-07-30 17:05:31,794] {processor.py:641} INFO - Processing file /opt/airflow/dags/assignment_solution/dags_communication/final_dag.py for tasks to queue
[2022-07-30 17:05:31,794] {logging_mixin.py:115} INFO - [2022-07-30 17:05:31,794] {dagbag.py:507} INFO - Filling up the DagBag from /opt/airflow/dags/assignment_solution/dags_communication/final_dag.py
[2022-07-30 17:05:31,817] {processor.py:651} INFO - DAG(s) dict_keys(['final_dag']) retrieved from /opt/airflow/dags/assignment_solution/dags_communication/final_dag.py
[2022-07-30 17:05:31,859] {logging_mixin.py:115} INFO - [2022-07-30 17:05:31,859] {dag.py:2379} INFO - Sync 1 DAGs
[2022-07-30 17:05:32,030] {logging_mixin.py:115} INFO - [2022-07-30 17:05:32,030] {dag.py:2931} INFO - Setting next_dagrun for final_dag to None, run_after=None
[2022-07-30 17:05:32,042] {processor.py:161} INFO - Processing /opt/airflow/dags/assignment_solution/dags_communication/final_dag.py took 0.253 seconds
[2022-07-30 17:06:02,927] {processor.py:153} INFO - Started process (PID=3402) to work on /opt/airflow/dags/assignment_solution/dags_communication/final_dag.py
[2022-07-30 17:06:02,928] {processor.py:641} INFO - Processing file /opt/airflow/dags/assignment_solution/dags_communication/final_dag.py for tasks to queue
[2022-07-30 17:06:02,929] {logging_mixin.py:115} INFO - [2022-07-30 17:06:02,929] {dagbag.py:507} INFO - Filling up the DagBag from /opt/airflow/dags/assignment_solution/dags_communication/final_dag.py
[2022-07-30 17:06:03,015] {processor.py:651} INFO - DAG(s) dict_keys(['final_dag']) retrieved from /opt/airflow/dags/assignment_solution/dags_communication/final_dag.py
[2022-07-30 17:06:03,070] {logging_mixin.py:115} INFO - [2022-07-30 17:06:03,070] {dag.py:2379} INFO - Sync 1 DAGs
[2022-07-30 17:06:03,578] {logging_mixin.py:115} INFO - [2022-07-30 17:06:03,578] {dag.py:2931} INFO - Setting next_dagrun for final_dag to None, run_after=None
[2022-07-30 17:06:03,604] {processor.py:161} INFO - Processing /opt/airflow/dags/assignment_solution/dags_communication/final_dag.py took 0.692 seconds
[2022-07-30 17:06:33,876] {processor.py:153} INFO - Started process (PID=3478) to work on /opt/airflow/dags/assignment_solution/dags_communication/final_dag.py
[2022-07-30 17:06:33,877] {processor.py:641} INFO - Processing file /opt/airflow/dags/assignment_solution/dags_communication/final_dag.py for tasks to queue
[2022-07-30 17:06:33,878] {logging_mixin.py:115} INFO - [2022-07-30 17:06:33,878] {dagbag.py:507} INFO - Filling up the DagBag from /opt/airflow/dags/assignment_solution/dags_communication/final_dag.py
[2022-07-30 17:06:33,922] {processor.py:651} INFO - DAG(s) dict_keys(['final_dag']) retrieved from /opt/airflow/dags/assignment_solution/dags_communication/final_dag.py
[2022-07-30 17:06:33,984] {logging_mixin.py:115} INFO - [2022-07-30 17:06:33,984] {dag.py:2379} INFO - Sync 1 DAGs
[2022-07-30 17:06:34,368] {logging_mixin.py:115} INFO - [2022-07-30 17:06:34,368] {dag.py:2931} INFO - Setting next_dagrun for final_dag to None, run_after=None
[2022-07-30 17:06:34,391] {processor.py:161} INFO - Processing /opt/airflow/dags/assignment_solution/dags_communication/final_dag.py took 0.523 seconds
[2022-07-30 17:07:04,784] {processor.py:153} INFO - Started process (PID=3559) to work on /opt/airflow/dags/assignment_solution/dags_communication/final_dag.py
[2022-07-30 17:07:04,788] {processor.py:641} INFO - Processing file /opt/airflow/dags/assignment_solution/dags_communication/final_dag.py for tasks to queue
[2022-07-30 17:07:04,789] {logging_mixin.py:115} INFO - [2022-07-30 17:07:04,788] {dagbag.py:507} INFO - Filling up the DagBag from /opt/airflow/dags/assignment_solution/dags_communication/final_dag.py
[2022-07-30 17:07:04,827] {processor.py:651} INFO - DAG(s) dict_keys(['final_dag']) retrieved from /opt/airflow/dags/assignment_solution/dags_communication/final_dag.py
[2022-07-30 17:07:04,948] {logging_mixin.py:115} INFO - [2022-07-30 17:07:04,948] {dag.py:2379} INFO - Sync 1 DAGs
[2022-07-30 17:07:05,373] {logging_mixin.py:115} INFO - [2022-07-30 17:07:05,373] {dag.py:2931} INFO - Setting next_dagrun for final_dag to None, run_after=None
[2022-07-30 17:07:05,396] {processor.py:161} INFO - Processing /opt/airflow/dags/assignment_solution/dags_communication/final_dag.py took 0.637 seconds
[2022-07-30 17:07:35,555] {processor.py:153} INFO - Started process (PID=3634) to work on /opt/airflow/dags/assignment_solution/dags_communication/final_dag.py
[2022-07-30 17:07:35,564] {processor.py:641} INFO - Processing file /opt/airflow/dags/assignment_solution/dags_communication/final_dag.py for tasks to queue
[2022-07-30 17:07:35,565] {logging_mixin.py:115} INFO - [2022-07-30 17:07:35,564] {dagbag.py:507} INFO - Filling up the DagBag from /opt/airflow/dags/assignment_solution/dags_communication/final_dag.py
[2022-07-30 17:07:35,598] {processor.py:651} INFO - DAG(s) dict_keys(['final_dag']) retrieved from /opt/airflow/dags/assignment_solution/dags_communication/final_dag.py
[2022-07-30 17:07:35,646] {logging_mixin.py:115} INFO - [2022-07-30 17:07:35,646] {dag.py:2379} INFO - Sync 1 DAGs
[2022-07-30 17:07:36,008] {logging_mixin.py:115} INFO - [2022-07-30 17:07:36,008] {dag.py:2931} INFO - Setting next_dagrun for final_dag to None, run_after=None
[2022-07-30 17:07:36,042] {processor.py:161} INFO - Processing /opt/airflow/dags/assignment_solution/dags_communication/final_dag.py took 0.490 seconds
[2022-07-30 17:08:06,599] {processor.py:153} INFO - Started process (PID=3718) to work on /opt/airflow/dags/assignment_solution/dags_communication/final_dag.py
[2022-07-30 17:08:06,608] {processor.py:641} INFO - Processing file /opt/airflow/dags/assignment_solution/dags_communication/final_dag.py for tasks to queue
[2022-07-30 17:08:06,609] {logging_mixin.py:115} INFO - [2022-07-30 17:08:06,608] {dagbag.py:507} INFO - Filling up the DagBag from /opt/airflow/dags/assignment_solution/dags_communication/final_dag.py
[2022-07-30 17:08:06,635] {processor.py:651} INFO - DAG(s) dict_keys(['final_dag']) retrieved from /opt/airflow/dags/assignment_solution/dags_communication/final_dag.py
[2022-07-30 17:08:06,692] {logging_mixin.py:115} INFO - [2022-07-30 17:08:06,692] {dag.py:2379} INFO - Sync 1 DAGs
[2022-07-30 17:08:07,073] {logging_mixin.py:115} INFO - [2022-07-30 17:08:07,073] {dag.py:2931} INFO - Setting next_dagrun for final_dag to None, run_after=None
[2022-07-30 17:08:07,102] {processor.py:161} INFO - Processing /opt/airflow/dags/assignment_solution/dags_communication/final_dag.py took 0.507 seconds
[2022-07-30 17:08:37,618] {processor.py:153} INFO - Started process (PID=3793) to work on /opt/airflow/dags/assignment_solution/dags_communication/final_dag.py
[2022-07-30 17:08:37,628] {processor.py:641} INFO - Processing file /opt/airflow/dags/assignment_solution/dags_communication/final_dag.py for tasks to queue
[2022-07-30 17:08:37,629] {logging_mixin.py:115} INFO - [2022-07-30 17:08:37,628] {dagbag.py:507} INFO - Filling up the DagBag from /opt/airflow/dags/assignment_solution/dags_communication/final_dag.py
[2022-07-30 17:08:37,678] {processor.py:651} INFO - DAG(s) dict_keys(['final_dag']) retrieved from /opt/airflow/dags/assignment_solution/dags_communication/final_dag.py
[2022-07-30 17:08:37,712] {logging_mixin.py:115} INFO - [2022-07-30 17:08:37,712] {dag.py:2379} INFO - Sync 1 DAGs
[2022-07-30 17:08:37,914] {logging_mixin.py:115} INFO - [2022-07-30 17:08:37,914] {dag.py:2931} INFO - Setting next_dagrun for final_dag to None, run_after=None
[2022-07-30 17:08:37,943] {processor.py:161} INFO - Processing /opt/airflow/dags/assignment_solution/dags_communication/final_dag.py took 0.328 seconds
[2022-07-30 17:09:07,995] {processor.py:153} INFO - Started process (PID=3874) to work on /opt/airflow/dags/assignment_solution/dags_communication/final_dag.py
[2022-07-30 17:09:08,004] {processor.py:641} INFO - Processing file /opt/airflow/dags/assignment_solution/dags_communication/final_dag.py for tasks to queue
[2022-07-30 17:09:08,004] {logging_mixin.py:115} INFO - [2022-07-30 17:09:08,004] {dagbag.py:507} INFO - Filling up the DagBag from /opt/airflow/dags/assignment_solution/dags_communication/final_dag.py
[2022-07-30 17:09:08,041] {processor.py:651} INFO - DAG(s) dict_keys(['final_dag']) retrieved from /opt/airflow/dags/assignment_solution/dags_communication/final_dag.py
[2022-07-30 17:09:08,100] {logging_mixin.py:115} INFO - [2022-07-30 17:09:08,100] {dag.py:2379} INFO - Sync 1 DAGs
[2022-07-30 17:09:08,319] {logging_mixin.py:115} INFO - [2022-07-30 17:09:08,319] {dag.py:2931} INFO - Setting next_dagrun for final_dag to None, run_after=None
[2022-07-30 17:09:08,340] {processor.py:161} INFO - Processing /opt/airflow/dags/assignment_solution/dags_communication/final_dag.py took 0.349 seconds
[2022-07-30 17:09:38,793] {processor.py:153} INFO - Started process (PID=3948) to work on /opt/airflow/dags/assignment_solution/dags_communication/final_dag.py
[2022-07-30 17:09:38,794] {processor.py:641} INFO - Processing file /opt/airflow/dags/assignment_solution/dags_communication/final_dag.py for tasks to queue
[2022-07-30 17:09:38,794] {logging_mixin.py:115} INFO - [2022-07-30 17:09:38,794] {dagbag.py:507} INFO - Filling up the DagBag from /opt/airflow/dags/assignment_solution/dags_communication/final_dag.py
[2022-07-30 17:09:38,815] {processor.py:651} INFO - DAG(s) dict_keys(['final_dag']) retrieved from /opt/airflow/dags/assignment_solution/dags_communication/final_dag.py
[2022-07-30 17:09:38,845] {logging_mixin.py:115} INFO - [2022-07-30 17:09:38,845] {dag.py:2379} INFO - Sync 1 DAGs
[2022-07-30 17:09:39,095] {logging_mixin.py:115} INFO - [2022-07-30 17:09:39,095] {dag.py:2931} INFO - Setting next_dagrun for final_dag to None, run_after=None
[2022-07-30 17:09:39,113] {processor.py:161} INFO - Processing /opt/airflow/dags/assignment_solution/dags_communication/final_dag.py took 0.324 seconds
[2022-07-30 17:10:09,251] {processor.py:153} INFO - Started process (PID=4023) to work on /opt/airflow/dags/assignment_solution/dags_communication/final_dag.py
[2022-07-30 17:10:09,252] {processor.py:641} INFO - Processing file /opt/airflow/dags/assignment_solution/dags_communication/final_dag.py for tasks to queue
[2022-07-30 17:10:09,253] {logging_mixin.py:115} INFO - [2022-07-30 17:10:09,253] {dagbag.py:507} INFO - Filling up the DagBag from /opt/airflow/dags/assignment_solution/dags_communication/final_dag.py
[2022-07-30 17:10:09,277] {processor.py:651} INFO - DAG(s) dict_keys(['final_dag']) retrieved from /opt/airflow/dags/assignment_solution/dags_communication/final_dag.py
[2022-07-30 17:10:09,315] {logging_mixin.py:115} INFO - [2022-07-30 17:10:09,314] {dag.py:2379} INFO - Sync 1 DAGs
[2022-07-30 17:10:09,545] {logging_mixin.py:115} INFO - [2022-07-30 17:10:09,544] {dag.py:2931} INFO - Setting next_dagrun for final_dag to None, run_after=None
[2022-07-30 17:10:09,561] {processor.py:161} INFO - Processing /opt/airflow/dags/assignment_solution/dags_communication/final_dag.py took 0.315 seconds
[2022-07-30 17:10:40,103] {processor.py:153} INFO - Started process (PID=4113) to work on /opt/airflow/dags/assignment_solution/dags_communication/final_dag.py
[2022-07-30 17:10:40,110] {processor.py:641} INFO - Processing file /opt/airflow/dags/assignment_solution/dags_communication/final_dag.py for tasks to queue
[2022-07-30 17:10:40,111] {logging_mixin.py:115} INFO - [2022-07-30 17:10:40,111] {dagbag.py:507} INFO - Filling up the DagBag from /opt/airflow/dags/assignment_solution/dags_communication/final_dag.py
[2022-07-30 17:10:40,158] {processor.py:651} INFO - DAG(s) dict_keys(['final_dag']) retrieved from /opt/airflow/dags/assignment_solution/dags_communication/final_dag.py
[2022-07-30 17:10:40,226] {logging_mixin.py:115} INFO - [2022-07-30 17:10:40,226] {dag.py:2379} INFO - Sync 1 DAGs
[2022-07-30 17:10:40,521] {logging_mixin.py:115} INFO - [2022-07-30 17:10:40,521] {dag.py:2931} INFO - Setting next_dagrun for final_dag to None, run_after=None
[2022-07-30 17:10:40,530] {processor.py:161} INFO - Processing /opt/airflow/dags/assignment_solution/dags_communication/final_dag.py took 0.432 seconds
[2022-07-30 17:11:10,744] {processor.py:153} INFO - Started process (PID=4188) to work on /opt/airflow/dags/assignment_solution/dags_communication/final_dag.py
[2022-07-30 17:11:10,746] {processor.py:641} INFO - Processing file /opt/airflow/dags/assignment_solution/dags_communication/final_dag.py for tasks to queue
[2022-07-30 17:11:10,747] {logging_mixin.py:115} INFO - [2022-07-30 17:11:10,747] {dagbag.py:507} INFO - Filling up the DagBag from /opt/airflow/dags/assignment_solution/dags_communication/final_dag.py
[2022-07-30 17:11:10,781] {processor.py:651} INFO - DAG(s) dict_keys(['final_dag']) retrieved from /opt/airflow/dags/assignment_solution/dags_communication/final_dag.py
[2022-07-30 17:11:10,812] {logging_mixin.py:115} INFO - [2022-07-30 17:11:10,812] {dag.py:2379} INFO - Sync 1 DAGs
[2022-07-30 17:11:11,005] {logging_mixin.py:115} INFO - [2022-07-30 17:11:11,005] {dag.py:2931} INFO - Setting next_dagrun for final_dag to None, run_after=None
[2022-07-30 17:11:11,020] {processor.py:161} INFO - Processing /opt/airflow/dags/assignment_solution/dags_communication/final_dag.py took 0.304 seconds
[2022-07-30 17:11:41,454] {processor.py:153} INFO - Started process (PID=4271) to work on /opt/airflow/dags/assignment_solution/dags_communication/final_dag.py
[2022-07-30 17:11:41,455] {processor.py:641} INFO - Processing file /opt/airflow/dags/assignment_solution/dags_communication/final_dag.py for tasks to queue
[2022-07-30 17:11:41,455] {logging_mixin.py:115} INFO - [2022-07-30 17:11:41,455] {dagbag.py:507} INFO - Filling up the DagBag from /opt/airflow/dags/assignment_solution/dags_communication/final_dag.py
[2022-07-30 17:11:41,476] {processor.py:651} INFO - DAG(s) dict_keys(['final_dag']) retrieved from /opt/airflow/dags/assignment_solution/dags_communication/final_dag.py
[2022-07-30 17:11:41,507] {logging_mixin.py:115} INFO - [2022-07-30 17:11:41,507] {dag.py:2379} INFO - Sync 1 DAGs
[2022-07-30 17:11:41,708] {logging_mixin.py:115} INFO - [2022-07-30 17:11:41,708] {dag.py:2931} INFO - Setting next_dagrun for final_dag to None, run_after=None
[2022-07-30 17:11:41,720] {processor.py:161} INFO - Processing /opt/airflow/dags/assignment_solution/dags_communication/final_dag.py took 0.270 seconds
[2022-07-30 17:12:11,820] {processor.py:153} INFO - Started process (PID=4343) to work on /opt/airflow/dags/assignment_solution/dags_communication/final_dag.py
[2022-07-30 17:12:11,821] {processor.py:641} INFO - Processing file /opt/airflow/dags/assignment_solution/dags_communication/final_dag.py for tasks to queue
[2022-07-30 17:12:11,821] {logging_mixin.py:115} INFO - [2022-07-30 17:12:11,821] {dagbag.py:507} INFO - Filling up the DagBag from /opt/airflow/dags/assignment_solution/dags_communication/final_dag.py
[2022-07-30 17:12:11,841] {processor.py:651} INFO - DAG(s) dict_keys(['final_dag']) retrieved from /opt/airflow/dags/assignment_solution/dags_communication/final_dag.py
[2022-07-30 17:12:11,873] {logging_mixin.py:115} INFO - [2022-07-30 17:12:11,873] {dag.py:2379} INFO - Sync 1 DAGs
[2022-07-30 17:12:12,077] {logging_mixin.py:115} INFO - [2022-07-30 17:12:12,077] {dag.py:2931} INFO - Setting next_dagrun for final_dag to None, run_after=None
[2022-07-30 17:12:12,089] {processor.py:161} INFO - Processing /opt/airflow/dags/assignment_solution/dags_communication/final_dag.py took 0.272 seconds
[2022-07-30 17:12:42,277] {processor.py:153} INFO - Started process (PID=4415) to work on /opt/airflow/dags/assignment_solution/dags_communication/final_dag.py
[2022-07-30 17:12:42,278] {processor.py:641} INFO - Processing file /opt/airflow/dags/assignment_solution/dags_communication/final_dag.py for tasks to queue
[2022-07-30 17:12:42,279] {logging_mixin.py:115} INFO - [2022-07-30 17:12:42,279] {dagbag.py:507} INFO - Filling up the DagBag from /opt/airflow/dags/assignment_solution/dags_communication/final_dag.py
[2022-07-30 17:12:42,304] {processor.py:651} INFO - DAG(s) dict_keys(['final_dag']) retrieved from /opt/airflow/dags/assignment_solution/dags_communication/final_dag.py
[2022-07-30 17:12:42,334] {logging_mixin.py:115} INFO - [2022-07-30 17:12:42,334] {dag.py:2379} INFO - Sync 1 DAGs
[2022-07-30 17:12:42,535] {logging_mixin.py:115} INFO - [2022-07-30 17:12:42,535] {dag.py:2931} INFO - Setting next_dagrun for final_dag to None, run_after=None
[2022-07-30 17:12:42,547] {processor.py:161} INFO - Processing /opt/airflow/dags/assignment_solution/dags_communication/final_dag.py took 0.273 seconds
[2022-07-30 17:13:15,223] {processor.py:153} INFO - Started process (PID=4498) to work on /opt/airflow/dags/assignment_solution/dags_communication/final_dag.py
[2022-07-30 17:13:15,227] {processor.py:641} INFO - Processing file /opt/airflow/dags/assignment_solution/dags_communication/final_dag.py for tasks to queue
[2022-07-30 17:13:15,228] {logging_mixin.py:115} INFO - [2022-07-30 17:13:15,228] {dagbag.py:507} INFO - Filling up the DagBag from /opt/airflow/dags/assignment_solution/dags_communication/final_dag.py
[2022-07-30 17:13:15,273] {processor.py:651} INFO - DAG(s) dict_keys(['final_dag']) retrieved from /opt/airflow/dags/assignment_solution/dags_communication/final_dag.py
[2022-07-30 17:13:15,339] {logging_mixin.py:115} INFO - [2022-07-30 17:13:15,339] {dag.py:2379} INFO - Sync 1 DAGs
[2022-07-30 17:13:15,684] {logging_mixin.py:115} INFO - [2022-07-30 17:13:15,684] {dag.py:2931} INFO - Setting next_dagrun for final_dag to None, run_after=None
[2022-07-30 17:13:15,706] {processor.py:161} INFO - Processing /opt/airflow/dags/assignment_solution/dags_communication/final_dag.py took 0.490 seconds
[2022-07-30 17:13:45,741] {processor.py:153} INFO - Started process (PID=4569) to work on /opt/airflow/dags/assignment_solution/dags_communication/final_dag.py
[2022-07-30 17:13:45,741] {processor.py:641} INFO - Processing file /opt/airflow/dags/assignment_solution/dags_communication/final_dag.py for tasks to queue
[2022-07-30 17:13:45,742] {logging_mixin.py:115} INFO - [2022-07-30 17:13:45,742] {dagbag.py:507} INFO - Filling up the DagBag from /opt/airflow/dags/assignment_solution/dags_communication/final_dag.py
[2022-07-30 17:13:45,762] {processor.py:651} INFO - DAG(s) dict_keys(['final_dag']) retrieved from /opt/airflow/dags/assignment_solution/dags_communication/final_dag.py
[2022-07-30 17:13:45,794] {logging_mixin.py:115} INFO - [2022-07-30 17:13:45,794] {dag.py:2379} INFO - Sync 1 DAGs
[2022-07-30 17:13:45,965] {logging_mixin.py:115} INFO - [2022-07-30 17:13:45,965] {dag.py:2931} INFO - Setting next_dagrun for final_dag to None, run_after=None
[2022-07-30 17:13:45,974] {processor.py:161} INFO - Processing /opt/airflow/dags/assignment_solution/dags_communication/final_dag.py took 0.238 seconds
[2022-07-30 17:14:16,035] {processor.py:153} INFO - Started process (PID=4642) to work on /opt/airflow/dags/assignment_solution/dags_communication/final_dag.py
[2022-07-30 17:14:16,036] {processor.py:641} INFO - Processing file /opt/airflow/dags/assignment_solution/dags_communication/final_dag.py for tasks to queue
[2022-07-30 17:14:16,037] {logging_mixin.py:115} INFO - [2022-07-30 17:14:16,037] {dagbag.py:507} INFO - Filling up the DagBag from /opt/airflow/dags/assignment_solution/dags_communication/final_dag.py
[2022-07-30 17:14:16,058] {processor.py:651} INFO - DAG(s) dict_keys(['final_dag']) retrieved from /opt/airflow/dags/assignment_solution/dags_communication/final_dag.py
[2022-07-30 17:14:16,087] {logging_mixin.py:115} INFO - [2022-07-30 17:14:16,087] {dag.py:2379} INFO - Sync 1 DAGs
[2022-07-30 17:14:16,111] {logging_mixin.py:115} INFO - [2022-07-30 17:14:16,111] {dag.py:2931} INFO - Setting next_dagrun for final_dag to None, run_after=None
[2022-07-30 17:14:16,122] {processor.py:161} INFO - Processing /opt/airflow/dags/assignment_solution/dags_communication/final_dag.py took 0.090 seconds
[2022-07-30 17:14:46,757] {processor.py:153} INFO - Started process (PID=4713) to work on /opt/airflow/dags/assignment_solution/dags_communication/final_dag.py
[2022-07-30 17:14:46,757] {processor.py:641} INFO - Processing file /opt/airflow/dags/assignment_solution/dags_communication/final_dag.py for tasks to queue
[2022-07-30 17:14:46,758] {logging_mixin.py:115} INFO - [2022-07-30 17:14:46,758] {dagbag.py:507} INFO - Filling up the DagBag from /opt/airflow/dags/assignment_solution/dags_communication/final_dag.py
[2022-07-30 17:14:46,808] {processor.py:651} INFO - DAG(s) dict_keys(['final_dag']) retrieved from /opt/airflow/dags/assignment_solution/dags_communication/final_dag.py
[2022-07-30 17:14:46,866] {logging_mixin.py:115} INFO - [2022-07-30 17:14:46,866] {dag.py:2379} INFO - Sync 1 DAGs
[2022-07-30 17:14:46,982] {logging_mixin.py:115} INFO - [2022-07-30 17:14:46,981] {dag.py:2931} INFO - Setting next_dagrun for final_dag to None, run_after=None
[2022-07-30 17:14:47,052] {processor.py:161} INFO - Processing /opt/airflow/dags/assignment_solution/dags_communication/final_dag.py took 0.307 seconds
[2022-07-30 17:15:18,162] {processor.py:153} INFO - Started process (PID=4793) to work on /opt/airflow/dags/assignment_solution/dags_communication/final_dag.py
[2022-07-30 17:15:18,166] {processor.py:641} INFO - Processing file /opt/airflow/dags/assignment_solution/dags_communication/final_dag.py for tasks to queue
[2022-07-30 17:15:18,167] {logging_mixin.py:115} INFO - [2022-07-30 17:15:18,167] {dagbag.py:507} INFO - Filling up the DagBag from /opt/airflow/dags/assignment_solution/dags_communication/final_dag.py
[2022-07-30 17:15:18,203] {processor.py:651} INFO - DAG(s) dict_keys(['final_dag']) retrieved from /opt/airflow/dags/assignment_solution/dags_communication/final_dag.py
[2022-07-30 17:15:18,256] {logging_mixin.py:115} INFO - [2022-07-30 17:15:18,256] {dag.py:2379} INFO - Sync 1 DAGs
[2022-07-30 17:15:18,340] {logging_mixin.py:115} INFO - [2022-07-30 17:15:18,340] {dag.py:2931} INFO - Setting next_dagrun for final_dag to None, run_after=None
[2022-07-30 17:15:18,366] {processor.py:161} INFO - Processing /opt/airflow/dags/assignment_solution/dags_communication/final_dag.py took 0.207 seconds
[2022-07-30 17:15:49,061] {processor.py:153} INFO - Started process (PID=4871) to work on /opt/airflow/dags/assignment_solution/dags_communication/final_dag.py
[2022-07-30 17:15:49,063] {processor.py:641} INFO - Processing file /opt/airflow/dags/assignment_solution/dags_communication/final_dag.py for tasks to queue
[2022-07-30 17:15:49,063] {logging_mixin.py:115} INFO - [2022-07-30 17:15:49,063] {dagbag.py:507} INFO - Filling up the DagBag from /opt/airflow/dags/assignment_solution/dags_communication/final_dag.py
[2022-07-30 17:15:49,333] {processor.py:651} INFO - DAG(s) dict_keys(['final_dag']) retrieved from /opt/airflow/dags/assignment_solution/dags_communication/final_dag.py
[2022-07-30 17:15:49,539] {logging_mixin.py:115} INFO - [2022-07-30 17:15:49,539] {dag.py:2379} INFO - Sync 1 DAGs
[2022-07-30 17:15:49,702] {logging_mixin.py:115} INFO - [2022-07-30 17:15:49,700] {dag.py:2931} INFO - Setting next_dagrun for final_dag to None, run_after=None
[2022-07-30 17:15:49,750] {processor.py:161} INFO - Processing /opt/airflow/dags/assignment_solution/dags_communication/final_dag.py took 0.701 seconds
[2022-07-30 17:16:20,042] {processor.py:153} INFO - Started process (PID=4944) to work on /opt/airflow/dags/assignment_solution/dags_communication/final_dag.py
[2022-07-30 17:16:20,044] {processor.py:641} INFO - Processing file /opt/airflow/dags/assignment_solution/dags_communication/final_dag.py for tasks to queue
[2022-07-30 17:16:20,044] {logging_mixin.py:115} INFO - [2022-07-30 17:16:20,044] {dagbag.py:507} INFO - Filling up the DagBag from /opt/airflow/dags/assignment_solution/dags_communication/final_dag.py
[2022-07-30 17:16:20,069] {processor.py:651} INFO - DAG(s) dict_keys(['final_dag']) retrieved from /opt/airflow/dags/assignment_solution/dags_communication/final_dag.py
[2022-07-30 17:16:20,110] {logging_mixin.py:115} INFO - [2022-07-30 17:16:20,110] {dag.py:2379} INFO - Sync 1 DAGs
[2022-07-30 17:16:20,149] {logging_mixin.py:115} INFO - [2022-07-30 17:16:20,149] {dag.py:2931} INFO - Setting next_dagrun for final_dag to None, run_after=None
[2022-07-30 17:16:20,166] {processor.py:161} INFO - Processing /opt/airflow/dags/assignment_solution/dags_communication/final_dag.py took 0.128 seconds
[2022-07-30 17:16:50,703] {processor.py:153} INFO - Started process (PID=5031) to work on /opt/airflow/dags/assignment_solution/dags_communication/final_dag.py
[2022-07-30 17:16:50,703] {processor.py:641} INFO - Processing file /opt/airflow/dags/assignment_solution/dags_communication/final_dag.py for tasks to queue
[2022-07-30 17:16:50,704] {logging_mixin.py:115} INFO - [2022-07-30 17:16:50,704] {dagbag.py:507} INFO - Filling up the DagBag from /opt/airflow/dags/assignment_solution/dags_communication/final_dag.py
[2022-07-30 17:16:50,725] {processor.py:651} INFO - DAG(s) dict_keys(['final_dag']) retrieved from /opt/airflow/dags/assignment_solution/dags_communication/final_dag.py
[2022-07-30 17:16:50,759] {logging_mixin.py:115} INFO - [2022-07-30 17:16:50,758] {dag.py:2379} INFO - Sync 1 DAGs
[2022-07-30 17:16:50,800] {logging_mixin.py:115} INFO - [2022-07-30 17:16:50,800] {dag.py:2931} INFO - Setting next_dagrun for final_dag to None, run_after=None
[2022-07-30 17:16:50,828] {processor.py:161} INFO - Processing /opt/airflow/dags/assignment_solution/dags_communication/final_dag.py took 0.129 seconds
[2022-07-30 17:17:20,985] {processor.py:153} INFO - Started process (PID=5102) to work on /opt/airflow/dags/assignment_solution/dags_communication/final_dag.py
[2022-07-30 17:17:20,986] {processor.py:641} INFO - Processing file /opt/airflow/dags/assignment_solution/dags_communication/final_dag.py for tasks to queue
[2022-07-30 17:17:20,986] {logging_mixin.py:115} INFO - [2022-07-30 17:17:20,986] {dagbag.py:507} INFO - Filling up the DagBag from /opt/airflow/dags/assignment_solution/dags_communication/final_dag.py
[2022-07-30 17:17:21,013] {processor.py:651} INFO - DAG(s) dict_keys(['final_dag']) retrieved from /opt/airflow/dags/assignment_solution/dags_communication/final_dag.py
[2022-07-30 17:17:21,050] {logging_mixin.py:115} INFO - [2022-07-30 17:17:21,050] {dag.py:2379} INFO - Sync 1 DAGs
[2022-07-30 17:17:21,120] {logging_mixin.py:115} INFO - [2022-07-30 17:17:21,120] {dag.py:2931} INFO - Setting next_dagrun for final_dag to None, run_after=None
[2022-07-30 17:17:21,151] {processor.py:161} INFO - Processing /opt/airflow/dags/assignment_solution/dags_communication/final_dag.py took 0.171 seconds
[2022-07-30 17:17:52,067] {processor.py:153} INFO - Started process (PID=5180) to work on /opt/airflow/dags/assignment_solution/dags_communication/final_dag.py
[2022-07-30 17:17:52,076] {processor.py:641} INFO - Processing file /opt/airflow/dags/assignment_solution/dags_communication/final_dag.py for tasks to queue
[2022-07-30 17:17:52,076] {logging_mixin.py:115} INFO - [2022-07-30 17:17:52,076] {dagbag.py:507} INFO - Filling up the DagBag from /opt/airflow/dags/assignment_solution/dags_communication/final_dag.py
[2022-07-30 17:17:52,117] {processor.py:651} INFO - DAG(s) dict_keys(['final_dag']) retrieved from /opt/airflow/dags/assignment_solution/dags_communication/final_dag.py
[2022-07-30 17:17:52,184] {logging_mixin.py:115} INFO - [2022-07-30 17:17:52,184] {dag.py:2379} INFO - Sync 1 DAGs
[2022-07-30 17:17:52,241] {logging_mixin.py:115} INFO - [2022-07-30 17:17:52,241] {dag.py:2931} INFO - Setting next_dagrun for final_dag to None, run_after=None
[2022-07-30 17:17:52,256] {processor.py:161} INFO - Processing /opt/airflow/dags/assignment_solution/dags_communication/final_dag.py took 0.193 seconds
[2022-07-30 17:18:22,516] {processor.py:153} INFO - Started process (PID=5267) to work on /opt/airflow/dags/assignment_solution/dags_communication/final_dag.py
[2022-07-30 17:18:22,516] {processor.py:641} INFO - Processing file /opt/airflow/dags/assignment_solution/dags_communication/final_dag.py for tasks to queue
[2022-07-30 17:18:22,517] {logging_mixin.py:115} INFO - [2022-07-30 17:18:22,517] {dagbag.py:507} INFO - Filling up the DagBag from /opt/airflow/dags/assignment_solution/dags_communication/final_dag.py
[2022-07-30 17:18:22,531] {processor.py:651} INFO - DAG(s) dict_keys(['final_dag']) retrieved from /opt/airflow/dags/assignment_solution/dags_communication/final_dag.py
[2022-07-30 17:18:22,554] {logging_mixin.py:115} INFO - [2022-07-30 17:18:22,554] {dag.py:2379} INFO - Sync 1 DAGs
[2022-07-30 17:18:22,575] {logging_mixin.py:115} INFO - [2022-07-30 17:18:22,575] {dag.py:2931} INFO - Setting next_dagrun for final_dag to None, run_after=None
[2022-07-30 17:18:22,585] {processor.py:161} INFO - Processing /opt/airflow/dags/assignment_solution/dags_communication/final_dag.py took 0.073 seconds
[2022-07-30 17:18:53,464] {processor.py:153} INFO - Started process (PID=5345) to work on /opt/airflow/dags/assignment_solution/dags_communication/final_dag.py
[2022-07-30 17:18:53,464] {processor.py:641} INFO - Processing file /opt/airflow/dags/assignment_solution/dags_communication/final_dag.py for tasks to queue
[2022-07-30 17:18:53,465] {logging_mixin.py:115} INFO - [2022-07-30 17:18:53,465] {dagbag.py:507} INFO - Filling up the DagBag from /opt/airflow/dags/assignment_solution/dags_communication/final_dag.py
[2022-07-30 17:18:53,547] {processor.py:651} INFO - DAG(s) dict_keys(['final_dag']) retrieved from /opt/airflow/dags/assignment_solution/dags_communication/final_dag.py
[2022-07-30 17:18:53,661] {logging_mixin.py:115} INFO - [2022-07-30 17:18:53,661] {dag.py:2379} INFO - Sync 1 DAGs
[2022-07-30 17:18:53,766] {logging_mixin.py:115} INFO - [2022-07-30 17:18:53,766] {dag.py:2931} INFO - Setting next_dagrun for final_dag to None, run_after=None
[2022-07-30 17:18:53,782] {processor.py:161} INFO - Processing /opt/airflow/dags/assignment_solution/dags_communication/final_dag.py took 0.338 seconds
[2022-07-30 17:19:24,008] {processor.py:153} INFO - Started process (PID=5427) to work on /opt/airflow/dags/assignment_solution/dags_communication/final_dag.py
[2022-07-30 17:19:24,011] {processor.py:641} INFO - Processing file /opt/airflow/dags/assignment_solution/dags_communication/final_dag.py for tasks to queue
[2022-07-30 17:19:24,011] {logging_mixin.py:115} INFO - [2022-07-30 17:19:24,011] {dagbag.py:507} INFO - Filling up the DagBag from /opt/airflow/dags/assignment_solution/dags_communication/final_dag.py
[2022-07-30 17:19:24,053] {processor.py:651} INFO - DAG(s) dict_keys(['final_dag']) retrieved from /opt/airflow/dags/assignment_solution/dags_communication/final_dag.py
[2022-07-30 17:19:24,110] {logging_mixin.py:115} INFO - [2022-07-30 17:19:24,110] {dag.py:2379} INFO - Sync 1 DAGs
[2022-07-30 17:19:24,144] {logging_mixin.py:115} INFO - [2022-07-30 17:19:24,144] {dag.py:2931} INFO - Setting next_dagrun for final_dag to None, run_after=None
[2022-07-30 17:19:24,166] {processor.py:161} INFO - Processing /opt/airflow/dags/assignment_solution/dags_communication/final_dag.py took 0.162 seconds
[2022-07-30 17:19:54,995] {processor.py:153} INFO - Started process (PID=5504) to work on /opt/airflow/dags/assignment_solution/dags_communication/final_dag.py
[2022-07-30 17:19:54,996] {processor.py:641} INFO - Processing file /opt/airflow/dags/assignment_solution/dags_communication/final_dag.py for tasks to queue
[2022-07-30 17:19:54,996] {logging_mixin.py:115} INFO - [2022-07-30 17:19:54,996] {dagbag.py:507} INFO - Filling up the DagBag from /opt/airflow/dags/assignment_solution/dags_communication/final_dag.py
[2022-07-30 17:19:55,020] {processor.py:651} INFO - DAG(s) dict_keys(['final_dag']) retrieved from /opt/airflow/dags/assignment_solution/dags_communication/final_dag.py
[2022-07-30 17:19:55,057] {logging_mixin.py:115} INFO - [2022-07-30 17:19:55,057] {dag.py:2379} INFO - Sync 1 DAGs
[2022-07-30 17:19:55,093] {logging_mixin.py:115} INFO - [2022-07-30 17:19:55,093] {dag.py:2931} INFO - Setting next_dagrun for final_dag to None, run_after=None
[2022-07-30 17:19:55,110] {processor.py:161} INFO - Processing /opt/airflow/dags/assignment_solution/dags_communication/final_dag.py took 0.119 seconds
