[2022-07-30 16:39:57,497] {processor.py:153} INFO - Started process (PID=122) to work on /opt/airflow/dags/assignment_solution/dags_communication/intermediate_dag.py
[2022-07-30 16:39:57,497] {processor.py:641} INFO - Processing file /opt/airflow/dags/assignment_solution/dags_communication/intermediate_dag.py for tasks to queue
[2022-07-30 16:39:57,498] {logging_mixin.py:115} INFO - [2022-07-30 16:39:57,498] {dagbag.py:507} INFO - Filling up the DagBag from /opt/airflow/dags/assignment_solution/dags_communication/intermediate_dag.py
[2022-07-30 16:39:57,522] {processor.py:651} INFO - DAG(s) dict_keys(['intermediate_dag']) retrieved from /opt/airflow/dags/assignment_solution/dags_communication/intermediate_dag.py
[2022-07-30 16:39:57,851] {logging_mixin.py:115} INFO - [2022-07-30 16:39:57,851] {manager.py:508} INFO - Created Permission View: can read on DAG:intermediate_dag
[2022-07-30 16:39:57,867] {logging_mixin.py:115} INFO - [2022-07-30 16:39:57,867] {manager.py:508} INFO - Created Permission View: can delete on DAG:intermediate_dag
[2022-07-30 16:39:57,878] {logging_mixin.py:115} INFO - [2022-07-30 16:39:57,878] {manager.py:508} INFO - Created Permission View: can edit on DAG:intermediate_dag
[2022-07-30 16:39:57,879] {logging_mixin.py:115} INFO - [2022-07-30 16:39:57,878] {dag.py:2379} INFO - Sync 1 DAGs
[2022-07-30 16:39:57,890] {logging_mixin.py:115} INFO - [2022-07-30 16:39:57,890] {dag.py:2398} INFO - Creating ORM DAG for intermediate_dag
[2022-07-30 16:39:57,907] {logging_mixin.py:115} INFO - [2022-07-30 16:39:57,907] {dag.py:2931} INFO - Setting next_dagrun for intermediate_dag to 2022-07-29T00:00:00+00:00, run_after=2022-07-30T00:00:00+00:00
[2022-07-30 16:39:57,938] {processor.py:161} INFO - Processing /opt/airflow/dags/assignment_solution/dags_communication/intermediate_dag.py took 0.445 seconds
[2022-07-30 16:40:29,189] {processor.py:153} INFO - Started process (PID=198) to work on /opt/airflow/dags/assignment_solution/dags_communication/intermediate_dag.py
[2022-07-30 16:40:29,195] {processor.py:641} INFO - Processing file /opt/airflow/dags/assignment_solution/dags_communication/intermediate_dag.py for tasks to queue
[2022-07-30 16:40:29,201] {logging_mixin.py:115} INFO - [2022-07-30 16:40:29,201] {dagbag.py:507} INFO - Filling up the DagBag from /opt/airflow/dags/assignment_solution/dags_communication/intermediate_dag.py
[2022-07-30 16:40:29,301] {processor.py:651} INFO - DAG(s) dict_keys(['intermediate_dag']) retrieved from /opt/airflow/dags/assignment_solution/dags_communication/intermediate_dag.py
[2022-07-30 16:40:29,357] {logging_mixin.py:115} INFO - [2022-07-30 16:40:29,357] {dag.py:2379} INFO - Sync 1 DAGs
[2022-07-30 16:40:29,632] {logging_mixin.py:115} INFO - [2022-07-30 16:40:29,632] {dag.py:2931} INFO - Setting next_dagrun for intermediate_dag to 2022-07-29T00:00:00+00:00, run_after=2022-07-30T00:00:00+00:00
[2022-07-30 16:40:29,661] {processor.py:161} INFO - Processing /opt/airflow/dags/assignment_solution/dags_communication/intermediate_dag.py took 0.492 seconds
[2022-07-30 16:41:00,502] {processor.py:153} INFO - Started process (PID=278) to work on /opt/airflow/dags/assignment_solution/dags_communication/intermediate_dag.py
[2022-07-30 16:41:00,510] {processor.py:641} INFO - Processing file /opt/airflow/dags/assignment_solution/dags_communication/intermediate_dag.py for tasks to queue
[2022-07-30 16:41:00,510] {logging_mixin.py:115} INFO - [2022-07-30 16:41:00,510] {dagbag.py:507} INFO - Filling up the DagBag from /opt/airflow/dags/assignment_solution/dags_communication/intermediate_dag.py
[2022-07-30 16:41:00,550] {processor.py:651} INFO - DAG(s) dict_keys(['intermediate_dag']) retrieved from /opt/airflow/dags/assignment_solution/dags_communication/intermediate_dag.py
[2022-07-30 16:41:00,606] {logging_mixin.py:115} INFO - [2022-07-30 16:41:00,606] {dag.py:2379} INFO - Sync 1 DAGs
[2022-07-30 16:41:00,939] {logging_mixin.py:115} INFO - [2022-07-30 16:41:00,939] {dag.py:2931} INFO - Setting next_dagrun for intermediate_dag to 2022-07-29T00:00:00+00:00, run_after=2022-07-30T00:00:00+00:00
[2022-07-30 16:41:00,965] {processor.py:161} INFO - Processing /opt/airflow/dags/assignment_solution/dags_communication/intermediate_dag.py took 0.475 seconds
[2022-07-30 16:41:31,737] {processor.py:153} INFO - Started process (PID=354) to work on /opt/airflow/dags/assignment_solution/dags_communication/intermediate_dag.py
[2022-07-30 16:41:31,738] {processor.py:641} INFO - Processing file /opt/airflow/dags/assignment_solution/dags_communication/intermediate_dag.py for tasks to queue
[2022-07-30 16:41:31,738] {logging_mixin.py:115} INFO - [2022-07-30 16:41:31,738] {dagbag.py:507} INFO - Filling up the DagBag from /opt/airflow/dags/assignment_solution/dags_communication/intermediate_dag.py
[2022-07-30 16:41:31,795] {processor.py:651} INFO - DAG(s) dict_keys(['intermediate_dag']) retrieved from /opt/airflow/dags/assignment_solution/dags_communication/intermediate_dag.py
[2022-07-30 16:41:31,848] {logging_mixin.py:115} INFO - [2022-07-30 16:41:31,848] {dag.py:2379} INFO - Sync 1 DAGs
[2022-07-30 16:41:32,272] {logging_mixin.py:115} INFO - [2022-07-30 16:41:32,271] {dag.py:2931} INFO - Setting next_dagrun for intermediate_dag to 2022-07-29T00:00:00+00:00, run_after=2022-07-30T00:00:00+00:00
[2022-07-30 16:41:32,313] {processor.py:161} INFO - Processing /opt/airflow/dags/assignment_solution/dags_communication/intermediate_dag.py took 0.580 seconds
[2022-07-30 16:42:02,821] {processor.py:153} INFO - Started process (PID=444) to work on /opt/airflow/dags/assignment_solution/dags_communication/intermediate_dag.py
[2022-07-30 16:42:02,824] {processor.py:641} INFO - Processing file /opt/airflow/dags/assignment_solution/dags_communication/intermediate_dag.py for tasks to queue
[2022-07-30 16:42:02,826] {logging_mixin.py:115} INFO - [2022-07-30 16:42:02,826] {dagbag.py:507} INFO - Filling up the DagBag from /opt/airflow/dags/assignment_solution/dags_communication/intermediate_dag.py
[2022-07-30 16:42:02,906] {processor.py:651} INFO - DAG(s) dict_keys(['intermediate_dag']) retrieved from /opt/airflow/dags/assignment_solution/dags_communication/intermediate_dag.py
[2022-07-30 16:42:03,032] {logging_mixin.py:115} INFO - [2022-07-30 16:42:03,032] {dag.py:2379} INFO - Sync 1 DAGs
[2022-07-30 16:42:03,314] {logging_mixin.py:115} INFO - [2022-07-30 16:42:03,314] {dag.py:2931} INFO - Setting next_dagrun for intermediate_dag to 2022-07-29T00:00:00+00:00, run_after=2022-07-30T00:00:00+00:00
[2022-07-30 16:42:03,358] {processor.py:161} INFO - Processing /opt/airflow/dags/assignment_solution/dags_communication/intermediate_dag.py took 0.544 seconds
[2022-07-30 16:42:34,261] {processor.py:153} INFO - Started process (PID=518) to work on /opt/airflow/dags/assignment_solution/dags_communication/intermediate_dag.py
[2022-07-30 16:42:34,262] {processor.py:641} INFO - Processing file /opt/airflow/dags/assignment_solution/dags_communication/intermediate_dag.py for tasks to queue
[2022-07-30 16:42:34,264] {logging_mixin.py:115} INFO - [2022-07-30 16:42:34,263] {dagbag.py:507} INFO - Filling up the DagBag from /opt/airflow/dags/assignment_solution/dags_communication/intermediate_dag.py
[2022-07-30 16:42:34,320] {processor.py:651} INFO - DAG(s) dict_keys(['intermediate_dag']) retrieved from /opt/airflow/dags/assignment_solution/dags_communication/intermediate_dag.py
[2022-07-30 16:42:34,418] {logging_mixin.py:115} INFO - [2022-07-30 16:42:34,418] {dag.py:2379} INFO - Sync 1 DAGs
[2022-07-30 16:42:34,836] {logging_mixin.py:115} INFO - [2022-07-30 16:42:34,836] {dag.py:2931} INFO - Setting next_dagrun for intermediate_dag to 2022-07-29T00:00:00+00:00, run_after=2022-07-30T00:00:00+00:00
[2022-07-30 16:42:34,867] {processor.py:161} INFO - Processing /opt/airflow/dags/assignment_solution/dags_communication/intermediate_dag.py took 0.608 seconds
[2022-07-30 16:44:23,904] {processor.py:153} INFO - Started process (PID=107) to work on /opt/airflow/dags/assignment_solution/dags_communication/intermediate_dag.py
[2022-07-30 16:44:23,912] {processor.py:641} INFO - Processing file /opt/airflow/dags/assignment_solution/dags_communication/intermediate_dag.py for tasks to queue
[2022-07-30 16:44:23,913] {logging_mixin.py:115} INFO - [2022-07-30 16:44:23,912] {dagbag.py:507} INFO - Filling up the DagBag from /opt/airflow/dags/assignment_solution/dags_communication/intermediate_dag.py
[2022-07-30 16:44:24,074] {processor.py:651} INFO - DAG(s) dict_keys(['intermediate_dag']) retrieved from /opt/airflow/dags/assignment_solution/dags_communication/intermediate_dag.py
[2022-07-30 16:44:24,468] {logging_mixin.py:115} INFO - [2022-07-30 16:44:24,468] {dag.py:2379} INFO - Sync 1 DAGs
[2022-07-30 16:44:24,718] {logging_mixin.py:115} INFO - [2022-07-30 16:44:24,718] {dag.py:2931} INFO - Setting next_dagrun for intermediate_dag to 2022-07-29T00:00:00+00:00, run_after=2022-07-30T00:00:00+00:00
[2022-07-30 16:44:24,808] {processor.py:161} INFO - Processing /opt/airflow/dags/assignment_solution/dags_communication/intermediate_dag.py took 0.936 seconds
[2022-07-30 16:44:55,243] {processor.py:153} INFO - Started process (PID=180) to work on /opt/airflow/dags/assignment_solution/dags_communication/intermediate_dag.py
[2022-07-30 16:44:55,244] {processor.py:641} INFO - Processing file /opt/airflow/dags/assignment_solution/dags_communication/intermediate_dag.py for tasks to queue
[2022-07-30 16:44:55,244] {logging_mixin.py:115} INFO - [2022-07-30 16:44:55,244] {dagbag.py:507} INFO - Filling up the DagBag from /opt/airflow/dags/assignment_solution/dags_communication/intermediate_dag.py
[2022-07-30 16:44:55,270] {processor.py:651} INFO - DAG(s) dict_keys(['intermediate_dag']) retrieved from /opt/airflow/dags/assignment_solution/dags_communication/intermediate_dag.py
[2022-07-30 16:44:55,319] {logging_mixin.py:115} INFO - [2022-07-30 16:44:55,319] {dag.py:2379} INFO - Sync 1 DAGs
[2022-07-30 16:44:55,351] {logging_mixin.py:115} INFO - [2022-07-30 16:44:55,351] {dag.py:2931} INFO - Setting next_dagrun for intermediate_dag to 2022-07-29T00:00:00+00:00, run_after=2022-07-30T00:00:00+00:00
[2022-07-30 16:44:55,362] {processor.py:161} INFO - Processing /opt/airflow/dags/assignment_solution/dags_communication/intermediate_dag.py took 0.123 seconds
[2022-07-30 16:45:25,898] {processor.py:153} INFO - Started process (PID=253) to work on /opt/airflow/dags/assignment_solution/dags_communication/intermediate_dag.py
[2022-07-30 16:45:25,899] {processor.py:641} INFO - Processing file /opt/airflow/dags/assignment_solution/dags_communication/intermediate_dag.py for tasks to queue
[2022-07-30 16:45:25,899] {logging_mixin.py:115} INFO - [2022-07-30 16:45:25,899] {dagbag.py:507} INFO - Filling up the DagBag from /opt/airflow/dags/assignment_solution/dags_communication/intermediate_dag.py
[2022-07-30 16:45:25,924] {processor.py:651} INFO - DAG(s) dict_keys(['intermediate_dag']) retrieved from /opt/airflow/dags/assignment_solution/dags_communication/intermediate_dag.py
[2022-07-30 16:45:25,982] {logging_mixin.py:115} INFO - [2022-07-30 16:45:25,982] {dag.py:2379} INFO - Sync 1 DAGs
[2022-07-30 16:45:26,016] {logging_mixin.py:115} INFO - [2022-07-30 16:45:26,016] {dag.py:2931} INFO - Setting next_dagrun for intermediate_dag to 2022-07-29T00:00:00+00:00, run_after=2022-07-30T00:00:00+00:00
[2022-07-30 16:45:26,033] {processor.py:161} INFO - Processing /opt/airflow/dags/assignment_solution/dags_communication/intermediate_dag.py took 0.139 seconds
[2022-07-30 16:45:56,408] {processor.py:153} INFO - Started process (PID=340) to work on /opt/airflow/dags/assignment_solution/dags_communication/intermediate_dag.py
[2022-07-30 16:45:56,424] {processor.py:641} INFO - Processing file /opt/airflow/dags/assignment_solution/dags_communication/intermediate_dag.py for tasks to queue
[2022-07-30 16:45:56,426] {logging_mixin.py:115} INFO - [2022-07-30 16:45:56,426] {dagbag.py:507} INFO - Filling up the DagBag from /opt/airflow/dags/assignment_solution/dags_communication/intermediate_dag.py
[2022-07-30 16:45:56,538] {processor.py:651} INFO - DAG(s) dict_keys(['intermediate_dag']) retrieved from /opt/airflow/dags/assignment_solution/dags_communication/intermediate_dag.py
[2022-07-30 16:45:56,776] {logging_mixin.py:115} INFO - [2022-07-30 16:45:56,776] {dag.py:2379} INFO - Sync 1 DAGs
[2022-07-30 16:45:56,923] {logging_mixin.py:115} INFO - [2022-07-30 16:45:56,923] {dag.py:2931} INFO - Setting next_dagrun for intermediate_dag to 2022-07-29T00:00:00+00:00, run_after=2022-07-30T00:00:00+00:00
[2022-07-30 16:45:57,044] {processor.py:161} INFO - Processing /opt/airflow/dags/assignment_solution/dags_communication/intermediate_dag.py took 0.643 seconds
[2022-07-30 16:46:27,955] {processor.py:153} INFO - Started process (PID=411) to work on /opt/airflow/dags/assignment_solution/dags_communication/intermediate_dag.py
[2022-07-30 16:46:27,956] {processor.py:641} INFO - Processing file /opt/airflow/dags/assignment_solution/dags_communication/intermediate_dag.py for tasks to queue
[2022-07-30 16:46:27,957] {logging_mixin.py:115} INFO - [2022-07-30 16:46:27,957] {dagbag.py:507} INFO - Filling up the DagBag from /opt/airflow/dags/assignment_solution/dags_communication/intermediate_dag.py
[2022-07-30 16:46:27,993] {processor.py:651} INFO - DAG(s) dict_keys(['intermediate_dag']) retrieved from /opt/airflow/dags/assignment_solution/dags_communication/intermediate_dag.py
[2022-07-30 16:46:28,059] {logging_mixin.py:115} INFO - [2022-07-30 16:46:28,059] {dag.py:2379} INFO - Sync 1 DAGs
[2022-07-30 16:46:28,101] {logging_mixin.py:115} INFO - [2022-07-30 16:46:28,101] {dag.py:2931} INFO - Setting next_dagrun for intermediate_dag to 2022-07-29T00:00:00+00:00, run_after=2022-07-30T00:00:00+00:00
[2022-07-30 16:46:28,114] {processor.py:161} INFO - Processing /opt/airflow/dags/assignment_solution/dags_communication/intermediate_dag.py took 0.164 seconds
[2022-07-30 16:46:58,184] {processor.py:153} INFO - Started process (PID=484) to work on /opt/airflow/dags/assignment_solution/dags_communication/intermediate_dag.py
[2022-07-30 16:46:58,184] {processor.py:641} INFO - Processing file /opt/airflow/dags/assignment_solution/dags_communication/intermediate_dag.py for tasks to queue
[2022-07-30 16:46:58,184] {logging_mixin.py:115} INFO - [2022-07-30 16:46:58,184] {dagbag.py:507} INFO - Filling up the DagBag from /opt/airflow/dags/assignment_solution/dags_communication/intermediate_dag.py
[2022-07-30 16:46:58,201] {processor.py:651} INFO - DAG(s) dict_keys(['intermediate_dag']) retrieved from /opt/airflow/dags/assignment_solution/dags_communication/intermediate_dag.py
[2022-07-30 16:46:58,234] {logging_mixin.py:115} INFO - [2022-07-30 16:46:58,234] {dag.py:2379} INFO - Sync 1 DAGs
[2022-07-30 16:46:58,256] {logging_mixin.py:115} INFO - [2022-07-30 16:46:58,256] {dag.py:2931} INFO - Setting next_dagrun for intermediate_dag to 2022-07-29T00:00:00+00:00, run_after=2022-07-30T00:00:00+00:00
[2022-07-30 16:46:58,267] {processor.py:161} INFO - Processing /opt/airflow/dags/assignment_solution/dags_communication/intermediate_dag.py took 0.086 seconds
[2022-07-30 16:47:28,859] {processor.py:153} INFO - Started process (PID=566) to work on /opt/airflow/dags/assignment_solution/dags_communication/intermediate_dag.py
[2022-07-30 16:47:28,860] {processor.py:641} INFO - Processing file /opt/airflow/dags/assignment_solution/dags_communication/intermediate_dag.py for tasks to queue
[2022-07-30 16:47:28,861] {logging_mixin.py:115} INFO - [2022-07-30 16:47:28,861] {dagbag.py:507} INFO - Filling up the DagBag from /opt/airflow/dags/assignment_solution/dags_communication/intermediate_dag.py
[2022-07-30 16:47:28,884] {processor.py:651} INFO - DAG(s) dict_keys(['intermediate_dag']) retrieved from /opt/airflow/dags/assignment_solution/dags_communication/intermediate_dag.py
[2022-07-30 16:47:28,934] {logging_mixin.py:115} INFO - [2022-07-30 16:47:28,933] {dag.py:2379} INFO - Sync 1 DAGs
[2022-07-30 16:47:28,964] {logging_mixin.py:115} INFO - [2022-07-30 16:47:28,964] {dag.py:2931} INFO - Setting next_dagrun for intermediate_dag to 2022-07-29T00:00:00+00:00, run_after=2022-07-30T00:00:00+00:00
[2022-07-30 16:47:28,974] {processor.py:161} INFO - Processing /opt/airflow/dags/assignment_solution/dags_communication/intermediate_dag.py took 0.119 seconds
[2022-07-30 16:47:59,324] {processor.py:153} INFO - Started process (PID=640) to work on /opt/airflow/dags/assignment_solution/dags_communication/intermediate_dag.py
[2022-07-30 16:47:59,324] {processor.py:641} INFO - Processing file /opt/airflow/dags/assignment_solution/dags_communication/intermediate_dag.py for tasks to queue
[2022-07-30 16:47:59,325] {logging_mixin.py:115} INFO - [2022-07-30 16:47:59,325] {dagbag.py:507} INFO - Filling up the DagBag from /opt/airflow/dags/assignment_solution/dags_communication/intermediate_dag.py
[2022-07-30 16:47:59,375] {processor.py:651} INFO - DAG(s) dict_keys(['intermediate_dag']) retrieved from /opt/airflow/dags/assignment_solution/dags_communication/intermediate_dag.py
[2022-07-30 16:47:59,487] {logging_mixin.py:115} INFO - [2022-07-30 16:47:59,483] {dag.py:2379} INFO - Sync 1 DAGs
[2022-07-30 16:47:59,531] {logging_mixin.py:115} INFO - [2022-07-30 16:47:59,531] {dag.py:2931} INFO - Setting next_dagrun for intermediate_dag to 2022-07-29T00:00:00+00:00, run_after=2022-07-30T00:00:00+00:00
[2022-07-30 16:47:59,545] {processor.py:161} INFO - Processing /opt/airflow/dags/assignment_solution/dags_communication/intermediate_dag.py took 0.225 seconds
[2022-07-30 16:48:29,912] {processor.py:153} INFO - Started process (PID=726) to work on /opt/airflow/dags/assignment_solution/dags_communication/intermediate_dag.py
[2022-07-30 16:48:29,913] {processor.py:641} INFO - Processing file /opt/airflow/dags/assignment_solution/dags_communication/intermediate_dag.py for tasks to queue
[2022-07-30 16:48:29,914] {logging_mixin.py:115} INFO - [2022-07-30 16:48:29,914] {dagbag.py:507} INFO - Filling up the DagBag from /opt/airflow/dags/assignment_solution/dags_communication/intermediate_dag.py
[2022-07-30 16:48:29,966] {processor.py:651} INFO - DAG(s) dict_keys(['intermediate_dag']) retrieved from /opt/airflow/dags/assignment_solution/dags_communication/intermediate_dag.py
[2022-07-30 16:48:30,047] {logging_mixin.py:115} INFO - [2022-07-30 16:48:30,047] {dag.py:2379} INFO - Sync 1 DAGs
[2022-07-30 16:48:30,080] {logging_mixin.py:115} INFO - [2022-07-30 16:48:30,080] {dag.py:2931} INFO - Setting next_dagrun for intermediate_dag to 2022-07-29T00:00:00+00:00, run_after=2022-07-30T00:00:00+00:00
[2022-07-30 16:48:30,112] {processor.py:161} INFO - Processing /opt/airflow/dags/assignment_solution/dags_communication/intermediate_dag.py took 0.213 seconds
[2022-07-30 16:49:00,213] {processor.py:153} INFO - Started process (PID=798) to work on /opt/airflow/dags/assignment_solution/dags_communication/intermediate_dag.py
[2022-07-30 16:49:00,213] {processor.py:641} INFO - Processing file /opt/airflow/dags/assignment_solution/dags_communication/intermediate_dag.py for tasks to queue
[2022-07-30 16:49:00,214] {logging_mixin.py:115} INFO - [2022-07-30 16:49:00,214] {dagbag.py:507} INFO - Filling up the DagBag from /opt/airflow/dags/assignment_solution/dags_communication/intermediate_dag.py
[2022-07-30 16:49:00,237] {processor.py:651} INFO - DAG(s) dict_keys(['intermediate_dag']) retrieved from /opt/airflow/dags/assignment_solution/dags_communication/intermediate_dag.py
[2022-07-30 16:49:00,285] {logging_mixin.py:115} INFO - [2022-07-30 16:49:00,285] {dag.py:2379} INFO - Sync 1 DAGs
[2022-07-30 16:49:00,319] {logging_mixin.py:115} INFO - [2022-07-30 16:49:00,318] {dag.py:2931} INFO - Setting next_dagrun for intermediate_dag to 2022-07-29T00:00:00+00:00, run_after=2022-07-30T00:00:00+00:00
[2022-07-30 16:49:00,332] {processor.py:161} INFO - Processing /opt/airflow/dags/assignment_solution/dags_communication/intermediate_dag.py took 0.123 seconds
[2022-07-30 16:49:33,304] {processor.py:153} INFO - Started process (PID=886) to work on /opt/airflow/dags/assignment_solution/dags_communication/intermediate_dag.py
[2022-07-30 16:49:33,312] {processor.py:641} INFO - Processing file /opt/airflow/dags/assignment_solution/dags_communication/intermediate_dag.py for tasks to queue
[2022-07-30 16:49:33,312] {logging_mixin.py:115} INFO - [2022-07-30 16:49:33,312] {dagbag.py:507} INFO - Filling up the DagBag from /opt/airflow/dags/assignment_solution/dags_communication/intermediate_dag.py
[2022-07-30 16:49:33,349] {processor.py:651} INFO - DAG(s) dict_keys(['intermediate_dag']) retrieved from /opt/airflow/dags/assignment_solution/dags_communication/intermediate_dag.py
[2022-07-30 16:49:33,447] {logging_mixin.py:115} INFO - [2022-07-30 16:49:33,447] {dag.py:2379} INFO - Sync 1 DAGs
[2022-07-30 16:49:33,507] {logging_mixin.py:115} INFO - [2022-07-30 16:49:33,507] {dag.py:2931} INFO - Setting next_dagrun for intermediate_dag to 2022-07-29T00:00:00+00:00, run_after=2022-07-30T00:00:00+00:00
[2022-07-30 16:49:33,546] {processor.py:161} INFO - Processing /opt/airflow/dags/assignment_solution/dags_communication/intermediate_dag.py took 0.253 seconds
[2022-07-30 16:50:03,645] {processor.py:153} INFO - Started process (PID=958) to work on /opt/airflow/dags/assignment_solution/dags_communication/intermediate_dag.py
[2022-07-30 16:50:03,645] {processor.py:641} INFO - Processing file /opt/airflow/dags/assignment_solution/dags_communication/intermediate_dag.py for tasks to queue
[2022-07-30 16:50:03,645] {logging_mixin.py:115} INFO - [2022-07-30 16:50:03,645] {dagbag.py:507} INFO - Filling up the DagBag from /opt/airflow/dags/assignment_solution/dags_communication/intermediate_dag.py
[2022-07-30 16:50:03,661] {processor.py:651} INFO - DAG(s) dict_keys(['intermediate_dag']) retrieved from /opt/airflow/dags/assignment_solution/dags_communication/intermediate_dag.py
[2022-07-30 16:50:03,702] {logging_mixin.py:115} INFO - [2022-07-30 16:50:03,702] {dag.py:2379} INFO - Sync 1 DAGs
[2022-07-30 16:50:03,732] {logging_mixin.py:115} INFO - [2022-07-30 16:50:03,732] {dag.py:2931} INFO - Setting next_dagrun for intermediate_dag to 2022-07-29T00:00:00+00:00, run_after=2022-07-30T00:00:00+00:00
[2022-07-30 16:50:03,742] {processor.py:161} INFO - Processing /opt/airflow/dags/assignment_solution/dags_communication/intermediate_dag.py took 0.101 seconds
[2022-07-30 16:50:33,979] {processor.py:153} INFO - Started process (PID=1029) to work on /opt/airflow/dags/assignment_solution/dags_communication/intermediate_dag.py
[2022-07-30 16:50:33,980] {processor.py:641} INFO - Processing file /opt/airflow/dags/assignment_solution/dags_communication/intermediate_dag.py for tasks to queue
[2022-07-30 16:50:33,980] {logging_mixin.py:115} INFO - [2022-07-30 16:50:33,980] {dagbag.py:507} INFO - Filling up the DagBag from /opt/airflow/dags/assignment_solution/dags_communication/intermediate_dag.py
[2022-07-30 16:50:34,001] {processor.py:651} INFO - DAG(s) dict_keys(['intermediate_dag']) retrieved from /opt/airflow/dags/assignment_solution/dags_communication/intermediate_dag.py
[2022-07-30 16:50:34,034] {logging_mixin.py:115} INFO - [2022-07-30 16:50:34,034] {dag.py:2379} INFO - Sync 1 DAGs
[2022-07-30 16:50:34,056] {logging_mixin.py:115} INFO - [2022-07-30 16:50:34,056] {dag.py:2931} INFO - Setting next_dagrun for intermediate_dag to 2022-07-29T00:00:00+00:00, run_after=2022-07-30T00:00:00+00:00
[2022-07-30 16:50:34,067] {processor.py:161} INFO - Processing /opt/airflow/dags/assignment_solution/dags_communication/intermediate_dag.py took 0.091 seconds
[2022-07-30 16:51:06,884] {processor.py:153} INFO - Started process (PID=1110) to work on /opt/airflow/dags/assignment_solution/dags_communication/intermediate_dag.py
[2022-07-30 16:51:06,884] {processor.py:641} INFO - Processing file /opt/airflow/dags/assignment_solution/dags_communication/intermediate_dag.py for tasks to queue
[2022-07-30 16:51:06,885] {logging_mixin.py:115} INFO - [2022-07-30 16:51:06,885] {dagbag.py:507} INFO - Filling up the DagBag from /opt/airflow/dags/assignment_solution/dags_communication/intermediate_dag.py
[2022-07-30 16:51:06,982] {processor.py:651} INFO - DAG(s) dict_keys(['intermediate_dag']) retrieved from /opt/airflow/dags/assignment_solution/dags_communication/intermediate_dag.py
[2022-07-30 16:51:07,092] {logging_mixin.py:115} INFO - [2022-07-30 16:51:07,092] {dag.py:2379} INFO - Sync 1 DAGs
[2022-07-30 16:51:07,239] {logging_mixin.py:115} INFO - [2022-07-30 16:51:07,239] {dag.py:2931} INFO - Setting next_dagrun for intermediate_dag to 2022-07-29T00:00:00+00:00, run_after=2022-07-30T00:00:00+00:00
[2022-07-30 16:51:07,362] {processor.py:161} INFO - Processing /opt/airflow/dags/assignment_solution/dags_communication/intermediate_dag.py took 0.494 seconds
[2022-07-30 16:51:38,377] {processor.py:153} INFO - Started process (PID=1185) to work on /opt/airflow/dags/assignment_solution/dags_communication/intermediate_dag.py
[2022-07-30 16:51:38,377] {processor.py:641} INFO - Processing file /opt/airflow/dags/assignment_solution/dags_communication/intermediate_dag.py for tasks to queue
[2022-07-30 16:51:38,378] {logging_mixin.py:115} INFO - [2022-07-30 16:51:38,378] {dagbag.py:507} INFO - Filling up the DagBag from /opt/airflow/dags/assignment_solution/dags_communication/intermediate_dag.py
[2022-07-30 16:51:38,406] {processor.py:651} INFO - DAG(s) dict_keys(['intermediate_dag']) retrieved from /opt/airflow/dags/assignment_solution/dags_communication/intermediate_dag.py
[2022-07-30 16:51:38,463] {logging_mixin.py:115} INFO - [2022-07-30 16:51:38,463] {dag.py:2379} INFO - Sync 1 DAGs
[2022-07-30 16:51:38,501] {logging_mixin.py:115} INFO - [2022-07-30 16:51:38,501] {dag.py:2931} INFO - Setting next_dagrun for intermediate_dag to 2022-07-29T00:00:00+00:00, run_after=2022-07-30T00:00:00+00:00
[2022-07-30 16:51:38,515] {processor.py:161} INFO - Processing /opt/airflow/dags/assignment_solution/dags_communication/intermediate_dag.py took 0.143 seconds
[2022-07-30 16:52:08,739] {processor.py:153} INFO - Started process (PID=1262) to work on /opt/airflow/dags/assignment_solution/dags_communication/intermediate_dag.py
[2022-07-30 16:52:08,741] {processor.py:641} INFO - Processing file /opt/airflow/dags/assignment_solution/dags_communication/intermediate_dag.py for tasks to queue
[2022-07-30 16:52:08,742] {logging_mixin.py:115} INFO - [2022-07-30 16:52:08,742] {dagbag.py:507} INFO - Filling up the DagBag from /opt/airflow/dags/assignment_solution/dags_communication/intermediate_dag.py
[2022-07-30 16:52:08,787] {processor.py:651} INFO - DAG(s) dict_keys(['intermediate_dag']) retrieved from /opt/airflow/dags/assignment_solution/dags_communication/intermediate_dag.py
[2022-07-30 16:52:08,888] {logging_mixin.py:115} INFO - [2022-07-30 16:52:08,888] {dag.py:2379} INFO - Sync 1 DAGs
[2022-07-30 16:52:08,921] {logging_mixin.py:115} INFO - [2022-07-30 16:52:08,921] {dag.py:2931} INFO - Setting next_dagrun for intermediate_dag to 2022-07-29T00:00:00+00:00, run_after=2022-07-30T00:00:00+00:00
[2022-07-30 16:52:08,935] {processor.py:161} INFO - Processing /opt/airflow/dags/assignment_solution/dags_communication/intermediate_dag.py took 0.199 seconds
[2022-07-30 16:52:39,021] {processor.py:153} INFO - Started process (PID=1342) to work on /opt/airflow/dags/assignment_solution/dags_communication/intermediate_dag.py
[2022-07-30 16:52:39,022] {processor.py:641} INFO - Processing file /opt/airflow/dags/assignment_solution/dags_communication/intermediate_dag.py for tasks to queue
[2022-07-30 16:52:39,022] {logging_mixin.py:115} INFO - [2022-07-30 16:52:39,022] {dagbag.py:507} INFO - Filling up the DagBag from /opt/airflow/dags/assignment_solution/dags_communication/intermediate_dag.py
[2022-07-30 16:52:39,091] {processor.py:651} INFO - DAG(s) dict_keys(['intermediate_dag']) retrieved from /opt/airflow/dags/assignment_solution/dags_communication/intermediate_dag.py
[2022-07-30 16:52:39,208] {logging_mixin.py:115} INFO - [2022-07-30 16:52:39,208] {dag.py:2379} INFO - Sync 1 DAGs
[2022-07-30 16:52:39,266] {logging_mixin.py:115} INFO - [2022-07-30 16:52:39,265] {dag.py:2931} INFO - Setting next_dagrun for intermediate_dag to 2022-07-29T00:00:00+00:00, run_after=2022-07-30T00:00:00+00:00
[2022-07-30 16:52:39,300] {processor.py:161} INFO - Processing /opt/airflow/dags/assignment_solution/dags_communication/intermediate_dag.py took 0.283 seconds
[2022-07-30 16:53:10,079] {processor.py:153} INFO - Started process (PID=1420) to work on /opt/airflow/dags/assignment_solution/dags_communication/intermediate_dag.py
[2022-07-30 16:53:10,083] {processor.py:641} INFO - Processing file /opt/airflow/dags/assignment_solution/dags_communication/intermediate_dag.py for tasks to queue
[2022-07-30 16:53:10,085] {logging_mixin.py:115} INFO - [2022-07-30 16:53:10,085] {dagbag.py:507} INFO - Filling up the DagBag from /opt/airflow/dags/assignment_solution/dags_communication/intermediate_dag.py
[2022-07-30 16:53:10,168] {processor.py:651} INFO - DAG(s) dict_keys(['intermediate_dag']) retrieved from /opt/airflow/dags/assignment_solution/dags_communication/intermediate_dag.py
[2022-07-30 16:53:10,241] {logging_mixin.py:115} INFO - [2022-07-30 16:53:10,241] {dag.py:2379} INFO - Sync 1 DAGs
[2022-07-30 16:53:10,324] {logging_mixin.py:115} INFO - [2022-07-30 16:53:10,323] {dag.py:2931} INFO - Setting next_dagrun for intermediate_dag to 2022-07-29T00:00:00+00:00, run_after=2022-07-30T00:00:00+00:00
[2022-07-30 16:53:10,396] {processor.py:161} INFO - Processing /opt/airflow/dags/assignment_solution/dags_communication/intermediate_dag.py took 0.328 seconds
[2022-07-30 16:53:41,223] {processor.py:153} INFO - Started process (PID=1499) to work on /opt/airflow/dags/assignment_solution/dags_communication/intermediate_dag.py
[2022-07-30 16:53:41,232] {processor.py:641} INFO - Processing file /opt/airflow/dags/assignment_solution/dags_communication/intermediate_dag.py for tasks to queue
[2022-07-30 16:53:41,233] {logging_mixin.py:115} INFO - [2022-07-30 16:53:41,232] {dagbag.py:507} INFO - Filling up the DagBag from /opt/airflow/dags/assignment_solution/dags_communication/intermediate_dag.py
[2022-07-30 16:53:41,282] {processor.py:651} INFO - DAG(s) dict_keys(['intermediate_dag']) retrieved from /opt/airflow/dags/assignment_solution/dags_communication/intermediate_dag.py
[2022-07-30 16:53:41,437] {logging_mixin.py:115} INFO - [2022-07-30 16:53:41,436] {dag.py:2379} INFO - Sync 1 DAGs
[2022-07-30 16:53:41,540] {logging_mixin.py:115} INFO - [2022-07-30 16:53:41,540] {dag.py:2931} INFO - Setting next_dagrun for intermediate_dag to 2022-07-29T00:00:00+00:00, run_after=2022-07-30T00:00:00+00:00
[2022-07-30 16:53:41,588] {processor.py:161} INFO - Processing /opt/airflow/dags/assignment_solution/dags_communication/intermediate_dag.py took 0.369 seconds
[2022-07-30 16:54:11,707] {processor.py:153} INFO - Started process (PID=1580) to work on /opt/airflow/dags/assignment_solution/dags_communication/intermediate_dag.py
[2022-07-30 16:54:11,713] {processor.py:641} INFO - Processing file /opt/airflow/dags/assignment_solution/dags_communication/intermediate_dag.py for tasks to queue
[2022-07-30 16:54:11,714] {logging_mixin.py:115} INFO - [2022-07-30 16:54:11,714] {dagbag.py:507} INFO - Filling up the DagBag from /opt/airflow/dags/assignment_solution/dags_communication/intermediate_dag.py
[2022-07-30 16:54:11,737] {processor.py:651} INFO - DAG(s) dict_keys(['intermediate_dag']) retrieved from /opt/airflow/dags/assignment_solution/dags_communication/intermediate_dag.py
[2022-07-30 16:54:11,826] {logging_mixin.py:115} INFO - [2022-07-30 16:54:11,826] {dag.py:2379} INFO - Sync 1 DAGs
[2022-07-30 16:54:11,861] {logging_mixin.py:115} INFO - [2022-07-30 16:54:11,861] {dag.py:2931} INFO - Setting next_dagrun for intermediate_dag to 2022-07-29T00:00:00+00:00, run_after=2022-07-30T00:00:00+00:00
[2022-07-30 16:54:11,891] {processor.py:161} INFO - Processing /opt/airflow/dags/assignment_solution/dags_communication/intermediate_dag.py took 0.188 seconds
[2022-07-30 16:54:42,379] {processor.py:153} INFO - Started process (PID=1655) to work on /opt/airflow/dags/assignment_solution/dags_communication/intermediate_dag.py
[2022-07-30 16:54:42,380] {processor.py:641} INFO - Processing file /opt/airflow/dags/assignment_solution/dags_communication/intermediate_dag.py for tasks to queue
[2022-07-30 16:54:42,381] {logging_mixin.py:115} INFO - [2022-07-30 16:54:42,381] {dagbag.py:507} INFO - Filling up the DagBag from /opt/airflow/dags/assignment_solution/dags_communication/intermediate_dag.py
[2022-07-30 16:54:42,402] {processor.py:651} INFO - DAG(s) dict_keys(['intermediate_dag']) retrieved from /opt/airflow/dags/assignment_solution/dags_communication/intermediate_dag.py
[2022-07-30 16:54:42,449] {logging_mixin.py:115} INFO - [2022-07-30 16:54:42,449] {dag.py:2379} INFO - Sync 1 DAGs
[2022-07-30 16:54:42,484] {logging_mixin.py:115} INFO - [2022-07-30 16:54:42,484] {dag.py:2931} INFO - Setting next_dagrun for intermediate_dag to 2022-07-29T00:00:00+00:00, run_after=2022-07-30T00:00:00+00:00
[2022-07-30 16:54:42,498] {processor.py:161} INFO - Processing /opt/airflow/dags/assignment_solution/dags_communication/intermediate_dag.py took 0.122 seconds
[2022-07-30 16:55:13,211] {processor.py:153} INFO - Started process (PID=1739) to work on /opt/airflow/dags/assignment_solution/dags_communication/intermediate_dag.py
[2022-07-30 16:55:13,224] {processor.py:641} INFO - Processing file /opt/airflow/dags/assignment_solution/dags_communication/intermediate_dag.py for tasks to queue
[2022-07-30 16:55:13,225] {logging_mixin.py:115} INFO - [2022-07-30 16:55:13,225] {dagbag.py:507} INFO - Filling up the DagBag from /opt/airflow/dags/assignment_solution/dags_communication/intermediate_dag.py
[2022-07-30 16:55:13,262] {processor.py:651} INFO - DAG(s) dict_keys(['intermediate_dag']) retrieved from /opt/airflow/dags/assignment_solution/dags_communication/intermediate_dag.py
[2022-07-30 16:55:13,396] {logging_mixin.py:115} INFO - [2022-07-30 16:55:13,396] {dag.py:2379} INFO - Sync 1 DAGs
[2022-07-30 16:55:13,452] {logging_mixin.py:115} INFO - [2022-07-30 16:55:13,452] {dag.py:2931} INFO - Setting next_dagrun for intermediate_dag to 2022-07-29T00:00:00+00:00, run_after=2022-07-30T00:00:00+00:00
[2022-07-30 16:55:13,468] {processor.py:161} INFO - Processing /opt/airflow/dags/assignment_solution/dags_communication/intermediate_dag.py took 0.260 seconds
[2022-07-30 16:55:44,352] {processor.py:153} INFO - Started process (PID=1815) to work on /opt/airflow/dags/assignment_solution/dags_communication/intermediate_dag.py
[2022-07-30 16:55:44,353] {processor.py:641} INFO - Processing file /opt/airflow/dags/assignment_solution/dags_communication/intermediate_dag.py for tasks to queue
[2022-07-30 16:55:44,353] {logging_mixin.py:115} INFO - [2022-07-30 16:55:44,353] {dagbag.py:507} INFO - Filling up the DagBag from /opt/airflow/dags/assignment_solution/dags_communication/intermediate_dag.py
[2022-07-30 16:55:44,378] {processor.py:651} INFO - DAG(s) dict_keys(['intermediate_dag']) retrieved from /opt/airflow/dags/assignment_solution/dags_communication/intermediate_dag.py
[2022-07-30 16:55:44,432] {logging_mixin.py:115} INFO - [2022-07-30 16:55:44,432] {dag.py:2379} INFO - Sync 1 DAGs
[2022-07-30 16:55:44,467] {logging_mixin.py:115} INFO - [2022-07-30 16:55:44,467] {dag.py:2931} INFO - Setting next_dagrun for intermediate_dag to 2022-07-29T00:00:00+00:00, run_after=2022-07-30T00:00:00+00:00
[2022-07-30 16:55:44,479] {processor.py:161} INFO - Processing /opt/airflow/dags/assignment_solution/dags_communication/intermediate_dag.py took 0.133 seconds
[2022-07-30 16:56:15,358] {processor.py:153} INFO - Started process (PID=1898) to work on /opt/airflow/dags/assignment_solution/dags_communication/intermediate_dag.py
[2022-07-30 16:56:15,358] {processor.py:641} INFO - Processing file /opt/airflow/dags/assignment_solution/dags_communication/intermediate_dag.py for tasks to queue
[2022-07-30 16:56:15,359] {logging_mixin.py:115} INFO - [2022-07-30 16:56:15,359] {dagbag.py:507} INFO - Filling up the DagBag from /opt/airflow/dags/assignment_solution/dags_communication/intermediate_dag.py
[2022-07-30 16:56:15,387] {processor.py:651} INFO - DAG(s) dict_keys(['intermediate_dag']) retrieved from /opt/airflow/dags/assignment_solution/dags_communication/intermediate_dag.py
[2022-07-30 16:56:15,438] {logging_mixin.py:115} INFO - [2022-07-30 16:56:15,438] {dag.py:2379} INFO - Sync 1 DAGs
[2022-07-30 16:56:15,471] {logging_mixin.py:115} INFO - [2022-07-30 16:56:15,471] {dag.py:2931} INFO - Setting next_dagrun for intermediate_dag to 2022-07-29T00:00:00+00:00, run_after=2022-07-30T00:00:00+00:00
[2022-07-30 16:56:15,488] {processor.py:161} INFO - Processing /opt/airflow/dags/assignment_solution/dags_communication/intermediate_dag.py took 0.134 seconds
[2022-07-30 16:56:46,937] {processor.py:153} INFO - Started process (PID=1972) to work on /opt/airflow/dags/assignment_solution/dags_communication/intermediate_dag.py
[2022-07-30 16:56:46,948] {processor.py:641} INFO - Processing file /opt/airflow/dags/assignment_solution/dags_communication/intermediate_dag.py for tasks to queue
[2022-07-30 16:56:46,949] {logging_mixin.py:115} INFO - [2022-07-30 16:56:46,948] {dagbag.py:507} INFO - Filling up the DagBag from /opt/airflow/dags/assignment_solution/dags_communication/intermediate_dag.py
[2022-07-30 16:56:47,021] {processor.py:651} INFO - DAG(s) dict_keys(['intermediate_dag']) retrieved from /opt/airflow/dags/assignment_solution/dags_communication/intermediate_dag.py
[2022-07-30 16:56:47,124] {logging_mixin.py:115} INFO - [2022-07-30 16:56:47,124] {dag.py:2379} INFO - Sync 1 DAGs
[2022-07-30 16:56:47,194] {logging_mixin.py:115} INFO - [2022-07-30 16:56:47,194] {dag.py:2931} INFO - Setting next_dagrun for intermediate_dag to 2022-07-29T00:00:00+00:00, run_after=2022-07-30T00:00:00+00:00
[2022-07-30 16:56:47,234] {processor.py:161} INFO - Processing /opt/airflow/dags/assignment_solution/dags_communication/intermediate_dag.py took 0.312 seconds
[2022-07-30 16:57:18,047] {processor.py:153} INFO - Started process (PID=2053) to work on /opt/airflow/dags/assignment_solution/dags_communication/intermediate_dag.py
[2022-07-30 16:57:18,061] {processor.py:641} INFO - Processing file /opt/airflow/dags/assignment_solution/dags_communication/intermediate_dag.py for tasks to queue
[2022-07-30 16:57:18,062] {logging_mixin.py:115} INFO - [2022-07-30 16:57:18,062] {dagbag.py:507} INFO - Filling up the DagBag from /opt/airflow/dags/assignment_solution/dags_communication/intermediate_dag.py
[2022-07-30 16:57:18,123] {processor.py:651} INFO - DAG(s) dict_keys(['intermediate_dag']) retrieved from /opt/airflow/dags/assignment_solution/dags_communication/intermediate_dag.py
[2022-07-30 16:57:18,223] {logging_mixin.py:115} INFO - [2022-07-30 16:57:18,223] {dag.py:2379} INFO - Sync 1 DAGs
[2022-07-30 16:57:18,283] {logging_mixin.py:115} INFO - [2022-07-30 16:57:18,283] {dag.py:2931} INFO - Setting next_dagrun for intermediate_dag to 2022-07-29T00:00:00+00:00, run_after=2022-07-30T00:00:00+00:00
[2022-07-30 16:57:18,316] {processor.py:161} INFO - Processing /opt/airflow/dags/assignment_solution/dags_communication/intermediate_dag.py took 0.273 seconds
[2022-07-30 16:57:48,733] {processor.py:153} INFO - Started process (PID=2125) to work on /opt/airflow/dags/assignment_solution/dags_communication/intermediate_dag.py
[2022-07-30 16:57:48,734] {processor.py:641} INFO - Processing file /opt/airflow/dags/assignment_solution/dags_communication/intermediate_dag.py for tasks to queue
[2022-07-30 16:57:48,735] {logging_mixin.py:115} INFO - [2022-07-30 16:57:48,735] {dagbag.py:507} INFO - Filling up the DagBag from /opt/airflow/dags/assignment_solution/dags_communication/intermediate_dag.py
[2022-07-30 16:57:48,758] {processor.py:651} INFO - DAG(s) dict_keys(['intermediate_dag']) retrieved from /opt/airflow/dags/assignment_solution/dags_communication/intermediate_dag.py
[2022-07-30 16:57:48,811] {logging_mixin.py:115} INFO - [2022-07-30 16:57:48,811] {dag.py:2379} INFO - Sync 1 DAGs
[2022-07-30 16:57:48,847] {logging_mixin.py:115} INFO - [2022-07-30 16:57:48,847] {dag.py:2931} INFO - Setting next_dagrun for intermediate_dag to 2022-07-29T00:00:00+00:00, run_after=2022-07-30T00:00:00+00:00
[2022-07-30 16:57:48,861] {processor.py:161} INFO - Processing /opt/airflow/dags/assignment_solution/dags_communication/intermediate_dag.py took 0.132 seconds
[2022-07-30 16:58:19,590] {processor.py:153} INFO - Started process (PID=2209) to work on /opt/airflow/dags/assignment_solution/dags_communication/intermediate_dag.py
[2022-07-30 16:58:19,591] {processor.py:641} INFO - Processing file /opt/airflow/dags/assignment_solution/dags_communication/intermediate_dag.py for tasks to queue
[2022-07-30 16:58:19,592] {logging_mixin.py:115} INFO - [2022-07-30 16:58:19,592] {dagbag.py:507} INFO - Filling up the DagBag from /opt/airflow/dags/assignment_solution/dags_communication/intermediate_dag.py
[2022-07-30 16:58:19,616] {processor.py:651} INFO - DAG(s) dict_keys(['intermediate_dag']) retrieved from /opt/airflow/dags/assignment_solution/dags_communication/intermediate_dag.py
[2022-07-30 16:58:19,716] {logging_mixin.py:115} INFO - [2022-07-30 16:58:19,716] {dag.py:2379} INFO - Sync 1 DAGs
[2022-07-30 16:58:19,755] {logging_mixin.py:115} INFO - [2022-07-30 16:58:19,755] {dag.py:2931} INFO - Setting next_dagrun for intermediate_dag to 2022-07-29T00:00:00+00:00, run_after=2022-07-30T00:00:00+00:00
[2022-07-30 16:58:19,773] {processor.py:161} INFO - Processing /opt/airflow/dags/assignment_solution/dags_communication/intermediate_dag.py took 0.187 seconds
[2022-07-30 16:58:50,155] {processor.py:153} INFO - Started process (PID=2280) to work on /opt/airflow/dags/assignment_solution/dags_communication/intermediate_dag.py
[2022-07-30 16:58:50,156] {processor.py:641} INFO - Processing file /opt/airflow/dags/assignment_solution/dags_communication/intermediate_dag.py for tasks to queue
[2022-07-30 16:58:50,157] {logging_mixin.py:115} INFO - [2022-07-30 16:58:50,157] {dagbag.py:507} INFO - Filling up the DagBag from /opt/airflow/dags/assignment_solution/dags_communication/intermediate_dag.py
[2022-07-30 16:58:50,180] {processor.py:651} INFO - DAG(s) dict_keys(['intermediate_dag']) retrieved from /opt/airflow/dags/assignment_solution/dags_communication/intermediate_dag.py
[2022-07-30 16:58:50,228] {logging_mixin.py:115} INFO - [2022-07-30 16:58:50,227] {dag.py:2379} INFO - Sync 1 DAGs
[2022-07-30 16:58:50,261] {logging_mixin.py:115} INFO - [2022-07-30 16:58:50,261] {dag.py:2931} INFO - Setting next_dagrun for intermediate_dag to 2022-07-29T00:00:00+00:00, run_after=2022-07-30T00:00:00+00:00
[2022-07-30 16:58:50,275] {processor.py:161} INFO - Processing /opt/airflow/dags/assignment_solution/dags_communication/intermediate_dag.py took 0.124 seconds
[2022-07-30 16:59:20,705] {processor.py:153} INFO - Started process (PID=2364) to work on /opt/airflow/dags/assignment_solution/dags_communication/intermediate_dag.py
[2022-07-30 16:59:20,706] {processor.py:641} INFO - Processing file /opt/airflow/dags/assignment_solution/dags_communication/intermediate_dag.py for tasks to queue
[2022-07-30 16:59:20,706] {logging_mixin.py:115} INFO - [2022-07-30 16:59:20,706] {dagbag.py:507} INFO - Filling up the DagBag from /opt/airflow/dags/assignment_solution/dags_communication/intermediate_dag.py
[2022-07-30 16:59:20,730] {processor.py:651} INFO - DAG(s) dict_keys(['intermediate_dag']) retrieved from /opt/airflow/dags/assignment_solution/dags_communication/intermediate_dag.py
[2022-07-30 16:59:20,779] {logging_mixin.py:115} INFO - [2022-07-30 16:59:20,779] {dag.py:2379} INFO - Sync 1 DAGs
[2022-07-30 16:59:20,982] {logging_mixin.py:115} INFO - [2022-07-30 16:59:20,982] {dag.py:2931} INFO - Setting next_dagrun for intermediate_dag to 2022-07-29T00:00:00+00:00, run_after=2022-07-30T00:00:00+00:00
[2022-07-30 16:59:20,996] {processor.py:161} INFO - Processing /opt/airflow/dags/assignment_solution/dags_communication/intermediate_dag.py took 0.295 seconds
[2022-07-30 16:59:51,722] {processor.py:153} INFO - Started process (PID=2445) to work on /opt/airflow/dags/assignment_solution/dags_communication/intermediate_dag.py
[2022-07-30 16:59:51,728] {processor.py:641} INFO - Processing file /opt/airflow/dags/assignment_solution/dags_communication/intermediate_dag.py for tasks to queue
[2022-07-30 16:59:51,728] {logging_mixin.py:115} INFO - [2022-07-30 16:59:51,728] {dagbag.py:507} INFO - Filling up the DagBag from /opt/airflow/dags/assignment_solution/dags_communication/intermediate_dag.py
[2022-07-30 16:59:51,776] {processor.py:651} INFO - DAG(s) dict_keys(['intermediate_dag']) retrieved from /opt/airflow/dags/assignment_solution/dags_communication/intermediate_dag.py
[2022-07-30 16:59:51,886] {logging_mixin.py:115} INFO - [2022-07-30 16:59:51,886] {dag.py:2379} INFO - Sync 1 DAGs
[2022-07-30 16:59:52,198] {logging_mixin.py:115} INFO - [2022-07-30 16:59:52,198] {dag.py:2931} INFO - Setting next_dagrun for intermediate_dag to 2022-07-29T00:00:00+00:00, run_after=2022-07-30T00:00:00+00:00
[2022-07-30 16:59:52,236] {processor.py:161} INFO - Processing /opt/airflow/dags/assignment_solution/dags_communication/intermediate_dag.py took 0.520 seconds
[2022-07-30 17:00:23,245] {processor.py:153} INFO - Started process (PID=2526) to work on /opt/airflow/dags/assignment_solution/dags_communication/intermediate_dag.py
[2022-07-30 17:00:23,246] {processor.py:641} INFO - Processing file /opt/airflow/dags/assignment_solution/dags_communication/intermediate_dag.py for tasks to queue
[2022-07-30 17:00:23,246] {logging_mixin.py:115} INFO - [2022-07-30 17:00:23,246] {dagbag.py:507} INFO - Filling up the DagBag from /opt/airflow/dags/assignment_solution/dags_communication/intermediate_dag.py
[2022-07-30 17:00:23,307] {processor.py:651} INFO - DAG(s) dict_keys(['intermediate_dag']) retrieved from /opt/airflow/dags/assignment_solution/dags_communication/intermediate_dag.py
[2022-07-30 17:00:23,390] {logging_mixin.py:115} INFO - [2022-07-30 17:00:23,390] {dag.py:2379} INFO - Sync 1 DAGs
[2022-07-30 17:00:23,682] {logging_mixin.py:115} INFO - [2022-07-30 17:00:23,682] {dag.py:2931} INFO - Setting next_dagrun for intermediate_dag to 2022-07-29T00:00:00+00:00, run_after=2022-07-30T00:00:00+00:00
[2022-07-30 17:00:23,708] {processor.py:161} INFO - Processing /opt/airflow/dags/assignment_solution/dags_communication/intermediate_dag.py took 0.467 seconds
[2022-07-30 17:00:54,569] {processor.py:153} INFO - Started process (PID=2604) to work on /opt/airflow/dags/assignment_solution/dags_communication/intermediate_dag.py
[2022-07-30 17:00:54,580] {processor.py:641} INFO - Processing file /opt/airflow/dags/assignment_solution/dags_communication/intermediate_dag.py for tasks to queue
[2022-07-30 17:00:54,581] {logging_mixin.py:115} INFO - [2022-07-30 17:00:54,581] {dagbag.py:507} INFO - Filling up the DagBag from /opt/airflow/dags/assignment_solution/dags_communication/intermediate_dag.py
[2022-07-30 17:00:54,638] {processor.py:651} INFO - DAG(s) dict_keys(['intermediate_dag']) retrieved from /opt/airflow/dags/assignment_solution/dags_communication/intermediate_dag.py
[2022-07-30 17:00:54,728] {logging_mixin.py:115} INFO - [2022-07-30 17:00:54,727] {dag.py:2379} INFO - Sync 1 DAGs
[2022-07-30 17:00:55,132] {logging_mixin.py:115} INFO - [2022-07-30 17:00:55,132] {dag.py:2931} INFO - Setting next_dagrun for intermediate_dag to 2022-07-29T00:00:00+00:00, run_after=2022-07-30T00:00:00+00:00
[2022-07-30 17:00:55,160] {processor.py:161} INFO - Processing /opt/airflow/dags/assignment_solution/dags_communication/intermediate_dag.py took 0.607 seconds
[2022-07-30 17:01:25,656] {processor.py:153} INFO - Started process (PID=2676) to work on /opt/airflow/dags/assignment_solution/dags_communication/intermediate_dag.py
[2022-07-30 17:01:25,656] {processor.py:641} INFO - Processing file /opt/airflow/dags/assignment_solution/dags_communication/intermediate_dag.py for tasks to queue
[2022-07-30 17:01:25,657] {logging_mixin.py:115} INFO - [2022-07-30 17:01:25,657] {dagbag.py:507} INFO - Filling up the DagBag from /opt/airflow/dags/assignment_solution/dags_communication/intermediate_dag.py
[2022-07-30 17:01:25,699] {processor.py:651} INFO - DAG(s) dict_keys(['intermediate_dag']) retrieved from /opt/airflow/dags/assignment_solution/dags_communication/intermediate_dag.py
[2022-07-30 17:01:25,808] {logging_mixin.py:115} INFO - [2022-07-30 17:01:25,808] {dag.py:2379} INFO - Sync 1 DAGs
[2022-07-30 17:01:26,542] {logging_mixin.py:115} INFO - [2022-07-30 17:01:26,542] {dag.py:2931} INFO - Setting next_dagrun for intermediate_dag to 2022-07-29T00:00:00+00:00, run_after=2022-07-30T00:00:00+00:00
[2022-07-30 17:01:26,613] {processor.py:161} INFO - Processing /opt/airflow/dags/assignment_solution/dags_communication/intermediate_dag.py took 0.973 seconds
[2022-07-30 17:01:56,930] {processor.py:153} INFO - Started process (PID=2760) to work on /opt/airflow/dags/assignment_solution/dags_communication/intermediate_dag.py
[2022-07-30 17:01:56,930] {processor.py:641} INFO - Processing file /opt/airflow/dags/assignment_solution/dags_communication/intermediate_dag.py for tasks to queue
[2022-07-30 17:01:56,930] {logging_mixin.py:115} INFO - [2022-07-30 17:01:56,930] {dagbag.py:507} INFO - Filling up the DagBag from /opt/airflow/dags/assignment_solution/dags_communication/intermediate_dag.py
[2022-07-30 17:01:56,947] {processor.py:651} INFO - DAG(s) dict_keys(['intermediate_dag']) retrieved from /opt/airflow/dags/assignment_solution/dags_communication/intermediate_dag.py
[2022-07-30 17:01:56,985] {logging_mixin.py:115} INFO - [2022-07-30 17:01:56,985] {dag.py:2379} INFO - Sync 1 DAGs
[2022-07-30 17:01:57,149] {logging_mixin.py:115} INFO - [2022-07-30 17:01:57,148] {dag.py:2931} INFO - Setting next_dagrun for intermediate_dag to 2022-07-29T00:00:00+00:00, run_after=2022-07-30T00:00:00+00:00
[2022-07-30 17:01:57,160] {processor.py:161} INFO - Processing /opt/airflow/dags/assignment_solution/dags_communication/intermediate_dag.py took 0.233 seconds
[2022-07-30 17:02:28,107] {processor.py:153} INFO - Started process (PID=2834) to work on /opt/airflow/dags/assignment_solution/dags_communication/intermediate_dag.py
[2022-07-30 17:02:28,115] {processor.py:641} INFO - Processing file /opt/airflow/dags/assignment_solution/dags_communication/intermediate_dag.py for tasks to queue
[2022-07-30 17:02:28,116] {logging_mixin.py:115} INFO - [2022-07-30 17:02:28,116] {dagbag.py:507} INFO - Filling up the DagBag from /opt/airflow/dags/assignment_solution/dags_communication/intermediate_dag.py
[2022-07-30 17:02:28,166] {processor.py:651} INFO - DAG(s) dict_keys(['intermediate_dag']) retrieved from /opt/airflow/dags/assignment_solution/dags_communication/intermediate_dag.py
[2022-07-30 17:02:28,272] {logging_mixin.py:115} INFO - [2022-07-30 17:02:28,272] {dag.py:2379} INFO - Sync 1 DAGs
[2022-07-30 17:02:28,479] {logging_mixin.py:115} INFO - [2022-07-30 17:02:28,479] {dag.py:2931} INFO - Setting next_dagrun for intermediate_dag to 2022-07-29T00:00:00+00:00, run_after=2022-07-30T00:00:00+00:00
[2022-07-30 17:02:28,493] {processor.py:161} INFO - Processing /opt/airflow/dags/assignment_solution/dags_communication/intermediate_dag.py took 0.390 seconds
[2022-07-30 17:02:58,689] {processor.py:153} INFO - Started process (PID=2923) to work on /opt/airflow/dags/assignment_solution/dags_communication/intermediate_dag.py
[2022-07-30 17:02:58,689] {processor.py:641} INFO - Processing file /opt/airflow/dags/assignment_solution/dags_communication/intermediate_dag.py for tasks to queue
[2022-07-30 17:02:58,690] {logging_mixin.py:115} INFO - [2022-07-30 17:02:58,690] {dagbag.py:507} INFO - Filling up the DagBag from /opt/airflow/dags/assignment_solution/dags_communication/intermediate_dag.py
[2022-07-30 17:02:58,712] {processor.py:651} INFO - DAG(s) dict_keys(['intermediate_dag']) retrieved from /opt/airflow/dags/assignment_solution/dags_communication/intermediate_dag.py
[2022-07-30 17:02:58,771] {logging_mixin.py:115} INFO - [2022-07-30 17:02:58,770] {dag.py:2379} INFO - Sync 1 DAGs
[2022-07-30 17:02:58,963] {logging_mixin.py:115} INFO - [2022-07-30 17:02:58,962] {dag.py:2931} INFO - Setting next_dagrun for intermediate_dag to 2022-07-29T00:00:00+00:00, run_after=2022-07-30T00:00:00+00:00
[2022-07-30 17:02:58,977] {processor.py:161} INFO - Processing /opt/airflow/dags/assignment_solution/dags_communication/intermediate_dag.py took 0.292 seconds
[2022-07-30 17:03:29,245] {processor.py:153} INFO - Started process (PID=2997) to work on /opt/airflow/dags/assignment_solution/dags_communication/intermediate_dag.py
[2022-07-30 17:03:29,245] {processor.py:641} INFO - Processing file /opt/airflow/dags/assignment_solution/dags_communication/intermediate_dag.py for tasks to queue
[2022-07-30 17:03:29,246] {logging_mixin.py:115} INFO - [2022-07-30 17:03:29,246] {dagbag.py:507} INFO - Filling up the DagBag from /opt/airflow/dags/assignment_solution/dags_communication/intermediate_dag.py
[2022-07-30 17:03:29,269] {processor.py:651} INFO - DAG(s) dict_keys(['intermediate_dag']) retrieved from /opt/airflow/dags/assignment_solution/dags_communication/intermediate_dag.py
[2022-07-30 17:03:29,318] {logging_mixin.py:115} INFO - [2022-07-30 17:03:29,318] {dag.py:2379} INFO - Sync 1 DAGs
[2022-07-30 17:03:29,551] {logging_mixin.py:115} INFO - [2022-07-30 17:03:29,551] {dag.py:2931} INFO - Setting next_dagrun for intermediate_dag to 2022-07-29T00:00:00+00:00, run_after=2022-07-30T00:00:00+00:00
[2022-07-30 17:03:29,566] {processor.py:161} INFO - Processing /opt/airflow/dags/assignment_solution/dags_communication/intermediate_dag.py took 0.325 seconds
[2022-07-30 17:04:00,588] {processor.py:153} INFO - Started process (PID=3081) to work on /opt/airflow/dags/assignment_solution/dags_communication/intermediate_dag.py
[2022-07-30 17:04:00,589] {processor.py:641} INFO - Processing file /opt/airflow/dags/assignment_solution/dags_communication/intermediate_dag.py for tasks to queue
[2022-07-30 17:04:00,589] {logging_mixin.py:115} INFO - [2022-07-30 17:04:00,589] {dagbag.py:507} INFO - Filling up the DagBag from /opt/airflow/dags/assignment_solution/dags_communication/intermediate_dag.py
[2022-07-30 17:04:00,612] {processor.py:651} INFO - DAG(s) dict_keys(['intermediate_dag']) retrieved from /opt/airflow/dags/assignment_solution/dags_communication/intermediate_dag.py
[2022-07-30 17:04:00,662] {logging_mixin.py:115} INFO - [2022-07-30 17:04:00,662] {dag.py:2379} INFO - Sync 1 DAGs
[2022-07-30 17:04:00,852] {logging_mixin.py:115} INFO - [2022-07-30 17:04:00,852] {dag.py:2931} INFO - Setting next_dagrun for intermediate_dag to 2022-07-29T00:00:00+00:00, run_after=2022-07-30T00:00:00+00:00
[2022-07-30 17:04:00,867] {processor.py:161} INFO - Processing /opt/airflow/dags/assignment_solution/dags_communication/intermediate_dag.py took 0.281 seconds
[2022-07-30 17:04:31,390] {processor.py:153} INFO - Started process (PID=3155) to work on /opt/airflow/dags/assignment_solution/dags_communication/intermediate_dag.py
[2022-07-30 17:04:31,393] {processor.py:641} INFO - Processing file /opt/airflow/dags/assignment_solution/dags_communication/intermediate_dag.py for tasks to queue
[2022-07-30 17:04:31,394] {logging_mixin.py:115} INFO - [2022-07-30 17:04:31,394] {dagbag.py:507} INFO - Filling up the DagBag from /opt/airflow/dags/assignment_solution/dags_communication/intermediate_dag.py
[2022-07-30 17:04:31,428] {processor.py:651} INFO - DAG(s) dict_keys(['intermediate_dag']) retrieved from /opt/airflow/dags/assignment_solution/dags_communication/intermediate_dag.py
[2022-07-30 17:04:31,478] {logging_mixin.py:115} INFO - [2022-07-30 17:04:31,478] {dag.py:2379} INFO - Sync 1 DAGs
[2022-07-30 17:04:31,670] {logging_mixin.py:115} INFO - [2022-07-30 17:04:31,670] {dag.py:2931} INFO - Setting next_dagrun for intermediate_dag to 2022-07-29T00:00:00+00:00, run_after=2022-07-30T00:00:00+00:00
[2022-07-30 17:04:31,683] {processor.py:161} INFO - Processing /opt/airflow/dags/assignment_solution/dags_communication/intermediate_dag.py took 0.297 seconds
[2022-07-30 17:05:01,920] {processor.py:153} INFO - Started process (PID=3238) to work on /opt/airflow/dags/assignment_solution/dags_communication/intermediate_dag.py
[2022-07-30 17:05:01,921] {processor.py:641} INFO - Processing file /opt/airflow/dags/assignment_solution/dags_communication/intermediate_dag.py for tasks to queue
[2022-07-30 17:05:01,921] {logging_mixin.py:115} INFO - [2022-07-30 17:05:01,921] {dagbag.py:507} INFO - Filling up the DagBag from /opt/airflow/dags/assignment_solution/dags_communication/intermediate_dag.py
[2022-07-30 17:05:01,949] {processor.py:651} INFO - DAG(s) dict_keys(['intermediate_dag']) retrieved from /opt/airflow/dags/assignment_solution/dags_communication/intermediate_dag.py
[2022-07-30 17:05:01,996] {logging_mixin.py:115} INFO - [2022-07-30 17:05:01,996] {dag.py:2379} INFO - Sync 1 DAGs
[2022-07-30 17:05:02,218] {logging_mixin.py:115} INFO - [2022-07-30 17:05:02,218] {dag.py:2931} INFO - Setting next_dagrun for intermediate_dag to 2022-07-29T00:00:00+00:00, run_after=2022-07-30T00:00:00+00:00
[2022-07-30 17:05:02,242] {processor.py:161} INFO - Processing /opt/airflow/dags/assignment_solution/dags_communication/intermediate_dag.py took 0.326 seconds
[2022-07-30 17:05:32,366] {processor.py:153} INFO - Started process (PID=3318) to work on /opt/airflow/dags/assignment_solution/dags_communication/intermediate_dag.py
[2022-07-30 17:05:32,367] {processor.py:641} INFO - Processing file /opt/airflow/dags/assignment_solution/dags_communication/intermediate_dag.py for tasks to queue
[2022-07-30 17:05:32,368] {logging_mixin.py:115} INFO - [2022-07-30 17:05:32,368] {dagbag.py:507} INFO - Filling up the DagBag from /opt/airflow/dags/assignment_solution/dags_communication/intermediate_dag.py
[2022-07-30 17:05:32,392] {processor.py:651} INFO - DAG(s) dict_keys(['intermediate_dag']) retrieved from /opt/airflow/dags/assignment_solution/dags_communication/intermediate_dag.py
[2022-07-30 17:05:32,440] {logging_mixin.py:115} INFO - [2022-07-30 17:05:32,440] {dag.py:2379} INFO - Sync 1 DAGs
[2022-07-30 17:05:32,635] {logging_mixin.py:115} INFO - [2022-07-30 17:05:32,635] {dag.py:2931} INFO - Setting next_dagrun for intermediate_dag to 2022-07-29T00:00:00+00:00, run_after=2022-07-30T00:00:00+00:00
[2022-07-30 17:05:32,649] {processor.py:161} INFO - Processing /opt/airflow/dags/assignment_solution/dags_communication/intermediate_dag.py took 0.287 seconds
[2022-07-30 17:06:03,321] {processor.py:153} INFO - Started process (PID=3403) to work on /opt/airflow/dags/assignment_solution/dags_communication/intermediate_dag.py
[2022-07-30 17:06:03,322] {processor.py:641} INFO - Processing file /opt/airflow/dags/assignment_solution/dags_communication/intermediate_dag.py for tasks to queue
[2022-07-30 17:06:03,323] {logging_mixin.py:115} INFO - [2022-07-30 17:06:03,323] {dagbag.py:507} INFO - Filling up the DagBag from /opt/airflow/dags/assignment_solution/dags_communication/intermediate_dag.py
[2022-07-30 17:06:03,357] {processor.py:651} INFO - DAG(s) dict_keys(['intermediate_dag']) retrieved from /opt/airflow/dags/assignment_solution/dags_communication/intermediate_dag.py
[2022-07-30 17:06:03,452] {logging_mixin.py:115} INFO - [2022-07-30 17:06:03,452] {dag.py:2379} INFO - Sync 1 DAGs
[2022-07-30 17:06:03,732] {logging_mixin.py:115} INFO - [2022-07-30 17:06:03,731] {dag.py:2931} INFO - Setting next_dagrun for intermediate_dag to 2022-07-29T00:00:00+00:00, run_after=2022-07-30T00:00:00+00:00
[2022-07-30 17:06:03,745] {processor.py:161} INFO - Processing /opt/airflow/dags/assignment_solution/dags_communication/intermediate_dag.py took 0.438 seconds
[2022-07-30 17:06:33,879] {processor.py:153} INFO - Started process (PID=3479) to work on /opt/airflow/dags/assignment_solution/dags_communication/intermediate_dag.py
[2022-07-30 17:06:33,882] {processor.py:641} INFO - Processing file /opt/airflow/dags/assignment_solution/dags_communication/intermediate_dag.py for tasks to queue
[2022-07-30 17:06:33,883] {logging_mixin.py:115} INFO - [2022-07-30 17:06:33,882] {dagbag.py:507} INFO - Filling up the DagBag from /opt/airflow/dags/assignment_solution/dags_communication/intermediate_dag.py
[2022-07-30 17:06:33,930] {processor.py:651} INFO - DAG(s) dict_keys(['intermediate_dag']) retrieved from /opt/airflow/dags/assignment_solution/dags_communication/intermediate_dag.py
[2022-07-30 17:06:34,029] {logging_mixin.py:115} INFO - [2022-07-30 17:06:34,029] {dag.py:2379} INFO - Sync 1 DAGs
[2022-07-30 17:06:34,414] {logging_mixin.py:115} INFO - [2022-07-30 17:06:34,414] {dag.py:2931} INFO - Setting next_dagrun for intermediate_dag to 2022-07-29T00:00:00+00:00, run_after=2022-07-30T00:00:00+00:00
[2022-07-30 17:06:34,430] {processor.py:161} INFO - Processing /opt/airflow/dags/assignment_solution/dags_communication/intermediate_dag.py took 0.560 seconds
[2022-07-30 17:07:04,768] {processor.py:153} INFO - Started process (PID=3560) to work on /opt/airflow/dags/assignment_solution/dags_communication/intermediate_dag.py
[2022-07-30 17:07:04,776] {processor.py:641} INFO - Processing file /opt/airflow/dags/assignment_solution/dags_communication/intermediate_dag.py for tasks to queue
[2022-07-30 17:07:04,777] {logging_mixin.py:115} INFO - [2022-07-30 17:07:04,776] {dagbag.py:507} INFO - Filling up the DagBag from /opt/airflow/dags/assignment_solution/dags_communication/intermediate_dag.py
[2022-07-30 17:07:04,830] {processor.py:651} INFO - DAG(s) dict_keys(['intermediate_dag']) retrieved from /opt/airflow/dags/assignment_solution/dags_communication/intermediate_dag.py
[2022-07-30 17:07:04,932] {logging_mixin.py:115} INFO - [2022-07-30 17:07:04,932] {dag.py:2379} INFO - Sync 1 DAGs
[2022-07-30 17:07:05,393] {logging_mixin.py:115} INFO - [2022-07-30 17:07:05,393] {dag.py:2931} INFO - Setting next_dagrun for intermediate_dag to 2022-07-29T00:00:00+00:00, run_after=2022-07-30T00:00:00+00:00
[2022-07-30 17:07:05,408] {processor.py:161} INFO - Processing /opt/airflow/dags/assignment_solution/dags_communication/intermediate_dag.py took 0.652 seconds
[2022-07-30 17:07:35,874] {processor.py:153} INFO - Started process (PID=3635) to work on /opt/airflow/dags/assignment_solution/dags_communication/intermediate_dag.py
[2022-07-30 17:07:35,874] {processor.py:641} INFO - Processing file /opt/airflow/dags/assignment_solution/dags_communication/intermediate_dag.py for tasks to queue
[2022-07-30 17:07:35,875] {logging_mixin.py:115} INFO - [2022-07-30 17:07:35,875] {dagbag.py:507} INFO - Filling up the DagBag from /opt/airflow/dags/assignment_solution/dags_communication/intermediate_dag.py
[2022-07-30 17:07:35,933] {processor.py:651} INFO - DAG(s) dict_keys(['intermediate_dag']) retrieved from /opt/airflow/dags/assignment_solution/dags_communication/intermediate_dag.py
[2022-07-30 17:07:36,057] {logging_mixin.py:115} INFO - [2022-07-30 17:07:36,056] {dag.py:2379} INFO - Sync 1 DAGs
[2022-07-30 17:07:36,260] {logging_mixin.py:115} INFO - [2022-07-30 17:07:36,260] {dag.py:2931} INFO - Setting next_dagrun for intermediate_dag to 2022-07-29T00:00:00+00:00, run_after=2022-07-30T00:00:00+00:00
[2022-07-30 17:07:36,283] {processor.py:161} INFO - Processing /opt/airflow/dags/assignment_solution/dags_communication/intermediate_dag.py took 0.422 seconds
[2022-07-30 17:08:06,953] {processor.py:153} INFO - Started process (PID=3719) to work on /opt/airflow/dags/assignment_solution/dags_communication/intermediate_dag.py
[2022-07-30 17:08:06,956] {processor.py:641} INFO - Processing file /opt/airflow/dags/assignment_solution/dags_communication/intermediate_dag.py for tasks to queue
[2022-07-30 17:08:06,956] {logging_mixin.py:115} INFO - [2022-07-30 17:08:06,956] {dagbag.py:507} INFO - Filling up the DagBag from /opt/airflow/dags/assignment_solution/dags_communication/intermediate_dag.py
[2022-07-30 17:08:06,986] {processor.py:651} INFO - DAG(s) dict_keys(['intermediate_dag']) retrieved from /opt/airflow/dags/assignment_solution/dags_communication/intermediate_dag.py
[2022-07-30 17:08:07,078] {logging_mixin.py:115} INFO - [2022-07-30 17:08:07,077] {dag.py:2379} INFO - Sync 1 DAGs
[2022-07-30 17:08:07,311] {logging_mixin.py:115} INFO - [2022-07-30 17:08:07,311] {dag.py:2931} INFO - Setting next_dagrun for intermediate_dag to 2022-07-29T00:00:00+00:00, run_after=2022-07-30T00:00:00+00:00
[2022-07-30 17:08:07,344] {processor.py:161} INFO - Processing /opt/airflow/dags/assignment_solution/dags_communication/intermediate_dag.py took 0.394 seconds
[2022-07-30 17:08:37,979] {processor.py:153} INFO - Started process (PID=3794) to work on /opt/airflow/dags/assignment_solution/dags_communication/intermediate_dag.py
[2022-07-30 17:08:37,988] {processor.py:641} INFO - Processing file /opt/airflow/dags/assignment_solution/dags_communication/intermediate_dag.py for tasks to queue
[2022-07-30 17:08:37,988] {logging_mixin.py:115} INFO - [2022-07-30 17:08:37,988] {dagbag.py:507} INFO - Filling up the DagBag from /opt/airflow/dags/assignment_solution/dags_communication/intermediate_dag.py
[2022-07-30 17:08:38,030] {processor.py:651} INFO - DAG(s) dict_keys(['intermediate_dag']) retrieved from /opt/airflow/dags/assignment_solution/dags_communication/intermediate_dag.py
[2022-07-30 17:08:38,100] {logging_mixin.py:115} INFO - [2022-07-30 17:08:38,100] {dag.py:2379} INFO - Sync 1 DAGs
[2022-07-30 17:08:38,304] {logging_mixin.py:115} INFO - [2022-07-30 17:08:38,304] {dag.py:2931} INFO - Setting next_dagrun for intermediate_dag to 2022-07-29T00:00:00+00:00, run_after=2022-07-30T00:00:00+00:00
[2022-07-30 17:08:38,318] {processor.py:161} INFO - Processing /opt/airflow/dags/assignment_solution/dags_communication/intermediate_dag.py took 0.346 seconds
[2022-07-30 17:09:08,603] {processor.py:153} INFO - Started process (PID=3878) to work on /opt/airflow/dags/assignment_solution/dags_communication/intermediate_dag.py
[2022-07-30 17:09:08,617] {processor.py:641} INFO - Processing file /opt/airflow/dags/assignment_solution/dags_communication/intermediate_dag.py for tasks to queue
[2022-07-30 17:09:08,617] {logging_mixin.py:115} INFO - [2022-07-30 17:09:08,617] {dagbag.py:507} INFO - Filling up the DagBag from /opt/airflow/dags/assignment_solution/dags_communication/intermediate_dag.py
[2022-07-30 17:09:08,665] {processor.py:651} INFO - DAG(s) dict_keys(['intermediate_dag']) retrieved from /opt/airflow/dags/assignment_solution/dags_communication/intermediate_dag.py
[2022-07-30 17:09:08,757] {logging_mixin.py:115} INFO - [2022-07-30 17:09:08,757] {dag.py:2379} INFO - Sync 1 DAGs
[2022-07-30 17:09:08,815] {logging_mixin.py:115} INFO - [2022-07-30 17:09:08,815] {dag.py:2931} INFO - Setting next_dagrun for intermediate_dag to 2022-07-29T00:00:00+00:00, run_after=2022-07-30T00:00:00+00:00
[2022-07-30 17:09:08,854] {processor.py:161} INFO - Processing /opt/airflow/dags/assignment_solution/dags_communication/intermediate_dag.py took 0.254 seconds
[2022-07-30 17:09:38,940] {processor.py:153} INFO - Started process (PID=3949) to work on /opt/airflow/dags/assignment_solution/dags_communication/intermediate_dag.py
[2022-07-30 17:09:38,940] {processor.py:641} INFO - Processing file /opt/airflow/dags/assignment_solution/dags_communication/intermediate_dag.py for tasks to queue
[2022-07-30 17:09:38,941] {logging_mixin.py:115} INFO - [2022-07-30 17:09:38,941] {dagbag.py:507} INFO - Filling up the DagBag from /opt/airflow/dags/assignment_solution/dags_communication/intermediate_dag.py
[2022-07-30 17:09:38,984] {processor.py:651} INFO - DAG(s) dict_keys(['intermediate_dag']) retrieved from /opt/airflow/dags/assignment_solution/dags_communication/intermediate_dag.py
[2022-07-30 17:09:39,048] {logging_mixin.py:115} INFO - [2022-07-30 17:09:39,048] {dag.py:2379} INFO - Sync 1 DAGs
[2022-07-30 17:09:39,088] {logging_mixin.py:115} INFO - [2022-07-30 17:09:39,088] {dag.py:2931} INFO - Setting next_dagrun for intermediate_dag to 2022-07-29T00:00:00+00:00, run_after=2022-07-30T00:00:00+00:00
[2022-07-30 17:09:39,106] {processor.py:161} INFO - Processing /opt/airflow/dags/assignment_solution/dags_communication/intermediate_dag.py took 0.170 seconds
[2022-07-30 17:10:09,411] {processor.py:153} INFO - Started process (PID=4024) to work on /opt/airflow/dags/assignment_solution/dags_communication/intermediate_dag.py
[2022-07-30 17:10:09,412] {processor.py:641} INFO - Processing file /opt/airflow/dags/assignment_solution/dags_communication/intermediate_dag.py for tasks to queue
[2022-07-30 17:10:09,413] {logging_mixin.py:115} INFO - [2022-07-30 17:10:09,413] {dagbag.py:507} INFO - Filling up the DagBag from /opt/airflow/dags/assignment_solution/dags_communication/intermediate_dag.py
[2022-07-30 17:10:09,437] {processor.py:651} INFO - DAG(s) dict_keys(['intermediate_dag']) retrieved from /opt/airflow/dags/assignment_solution/dags_communication/intermediate_dag.py
[2022-07-30 17:10:09,492] {logging_mixin.py:115} INFO - [2022-07-30 17:10:09,492] {dag.py:2379} INFO - Sync 1 DAGs
[2022-07-30 17:10:09,532] {logging_mixin.py:115} INFO - [2022-07-30 17:10:09,531] {dag.py:2931} INFO - Setting next_dagrun for intermediate_dag to 2022-07-29T00:00:00+00:00, run_after=2022-07-30T00:00:00+00:00
[2022-07-30 17:10:09,548] {processor.py:161} INFO - Processing /opt/airflow/dags/assignment_solution/dags_communication/intermediate_dag.py took 0.141 seconds
[2022-07-30 17:10:40,238] {processor.py:153} INFO - Started process (PID=4114) to work on /opt/airflow/dags/assignment_solution/dags_communication/intermediate_dag.py
[2022-07-30 17:10:40,239] {processor.py:641} INFO - Processing file /opt/airflow/dags/assignment_solution/dags_communication/intermediate_dag.py for tasks to queue
[2022-07-30 17:10:40,239] {logging_mixin.py:115} INFO - [2022-07-30 17:10:40,239] {dagbag.py:507} INFO - Filling up the DagBag from /opt/airflow/dags/assignment_solution/dags_communication/intermediate_dag.py
[2022-07-30 17:10:40,263] {processor.py:651} INFO - DAG(s) dict_keys(['intermediate_dag']) retrieved from /opt/airflow/dags/assignment_solution/dags_communication/intermediate_dag.py
[2022-07-30 17:10:40,324] {logging_mixin.py:115} INFO - [2022-07-30 17:10:40,324] {dag.py:2379} INFO - Sync 1 DAGs
[2022-07-30 17:10:40,359] {logging_mixin.py:115} INFO - [2022-07-30 17:10:40,359] {dag.py:2931} INFO - Setting next_dagrun for intermediate_dag to 2022-07-29T00:00:00+00:00, run_after=2022-07-30T00:00:00+00:00
[2022-07-30 17:10:40,374] {processor.py:161} INFO - Processing /opt/airflow/dags/assignment_solution/dags_communication/intermediate_dag.py took 0.139 seconds
[2022-07-30 17:11:10,464] {processor.py:153} INFO - Started process (PID=4187) to work on /opt/airflow/dags/assignment_solution/dags_communication/intermediate_dag.py
[2022-07-30 17:11:10,464] {processor.py:641} INFO - Processing file /opt/airflow/dags/assignment_solution/dags_communication/intermediate_dag.py for tasks to queue
[2022-07-30 17:11:10,471] {logging_mixin.py:115} INFO - [2022-07-30 17:11:10,471] {dagbag.py:507} INFO - Filling up the DagBag from /opt/airflow/dags/assignment_solution/dags_communication/intermediate_dag.py
[2022-07-30 17:11:10,494] {processor.py:651} INFO - DAG(s) dict_keys(['intermediate_dag']) retrieved from /opt/airflow/dags/assignment_solution/dags_communication/intermediate_dag.py
[2022-07-30 17:11:10,616] {logging_mixin.py:115} INFO - [2022-07-30 17:11:10,616] {dag.py:2379} INFO - Sync 1 DAGs
[2022-07-30 17:11:10,706] {logging_mixin.py:115} INFO - [2022-07-30 17:11:10,706] {dag.py:2931} INFO - Setting next_dagrun for intermediate_dag to 2022-07-29T00:00:00+00:00, run_after=2022-07-30T00:00:00+00:00
[2022-07-30 17:11:10,749] {processor.py:161} INFO - Processing /opt/airflow/dags/assignment_solution/dags_communication/intermediate_dag.py took 0.289 seconds
[2022-07-30 17:11:41,585] {processor.py:153} INFO - Started process (PID=4272) to work on /opt/airflow/dags/assignment_solution/dags_communication/intermediate_dag.py
[2022-07-30 17:11:41,586] {processor.py:641} INFO - Processing file /opt/airflow/dags/assignment_solution/dags_communication/intermediate_dag.py for tasks to queue
[2022-07-30 17:11:41,586] {logging_mixin.py:115} INFO - [2022-07-30 17:11:41,586] {dagbag.py:507} INFO - Filling up the DagBag from /opt/airflow/dags/assignment_solution/dags_communication/intermediate_dag.py
[2022-07-30 17:11:41,608] {processor.py:651} INFO - DAG(s) dict_keys(['intermediate_dag']) retrieved from /opt/airflow/dags/assignment_solution/dags_communication/intermediate_dag.py
[2022-07-30 17:11:41,653] {logging_mixin.py:115} INFO - [2022-07-30 17:11:41,653] {dag.py:2379} INFO - Sync 1 DAGs
[2022-07-30 17:11:41,686] {logging_mixin.py:115} INFO - [2022-07-30 17:11:41,686] {dag.py:2931} INFO - Setting next_dagrun for intermediate_dag to 2022-07-29T00:00:00+00:00, run_after=2022-07-30T00:00:00+00:00
[2022-07-30 17:11:41,701] {processor.py:161} INFO - Processing /opt/airflow/dags/assignment_solution/dags_communication/intermediate_dag.py took 0.120 seconds
[2022-07-30 17:12:11,952] {processor.py:153} INFO - Started process (PID=4344) to work on /opt/airflow/dags/assignment_solution/dags_communication/intermediate_dag.py
[2022-07-30 17:12:11,953] {processor.py:641} INFO - Processing file /opt/airflow/dags/assignment_solution/dags_communication/intermediate_dag.py for tasks to queue
[2022-07-30 17:12:11,954] {logging_mixin.py:115} INFO - [2022-07-30 17:12:11,953] {dagbag.py:507} INFO - Filling up the DagBag from /opt/airflow/dags/assignment_solution/dags_communication/intermediate_dag.py
[2022-07-30 17:12:11,974] {processor.py:651} INFO - DAG(s) dict_keys(['intermediate_dag']) retrieved from /opt/airflow/dags/assignment_solution/dags_communication/intermediate_dag.py
[2022-07-30 17:12:12,020] {logging_mixin.py:115} INFO - [2022-07-30 17:12:12,019] {dag.py:2379} INFO - Sync 1 DAGs
[2022-07-30 17:12:12,052] {logging_mixin.py:115} INFO - [2022-07-30 17:12:12,051] {dag.py:2931} INFO - Setting next_dagrun for intermediate_dag to 2022-07-29T00:00:00+00:00, run_after=2022-07-30T00:00:00+00:00
[2022-07-30 17:12:12,066] {processor.py:161} INFO - Processing /opt/airflow/dags/assignment_solution/dags_communication/intermediate_dag.py took 0.118 seconds
[2022-07-30 17:12:42,418] {processor.py:153} INFO - Started process (PID=4416) to work on /opt/airflow/dags/assignment_solution/dags_communication/intermediate_dag.py
[2022-07-30 17:12:42,419] {processor.py:641} INFO - Processing file /opt/airflow/dags/assignment_solution/dags_communication/intermediate_dag.py for tasks to queue
[2022-07-30 17:12:42,419] {logging_mixin.py:115} INFO - [2022-07-30 17:12:42,419] {dagbag.py:507} INFO - Filling up the DagBag from /opt/airflow/dags/assignment_solution/dags_communication/intermediate_dag.py
[2022-07-30 17:12:42,440] {processor.py:651} INFO - DAG(s) dict_keys(['intermediate_dag']) retrieved from /opt/airflow/dags/assignment_solution/dags_communication/intermediate_dag.py
[2022-07-30 17:12:42,486] {logging_mixin.py:115} INFO - [2022-07-30 17:12:42,486] {dag.py:2379} INFO - Sync 1 DAGs
[2022-07-30 17:12:42,520] {logging_mixin.py:115} INFO - [2022-07-30 17:12:42,520] {dag.py:2931} INFO - Setting next_dagrun for intermediate_dag to 2022-07-29T00:00:00+00:00, run_after=2022-07-30T00:00:00+00:00
[2022-07-30 17:12:42,534] {processor.py:161} INFO - Processing /opt/airflow/dags/assignment_solution/dags_communication/intermediate_dag.py took 0.119 seconds
[2022-07-30 17:13:15,319] {processor.py:153} INFO - Started process (PID=4499) to work on /opt/airflow/dags/assignment_solution/dags_communication/intermediate_dag.py
[2022-07-30 17:13:15,324] {processor.py:641} INFO - Processing file /opt/airflow/dags/assignment_solution/dags_communication/intermediate_dag.py for tasks to queue
[2022-07-30 17:13:15,325] {logging_mixin.py:115} INFO - [2022-07-30 17:13:15,324] {dagbag.py:507} INFO - Filling up the DagBag from /opt/airflow/dags/assignment_solution/dags_communication/intermediate_dag.py
[2022-07-30 17:13:15,367] {processor.py:651} INFO - DAG(s) dict_keys(['intermediate_dag']) retrieved from /opt/airflow/dags/assignment_solution/dags_communication/intermediate_dag.py
[2022-07-30 17:13:15,476] {logging_mixin.py:115} INFO - [2022-07-30 17:13:15,476] {dag.py:2379} INFO - Sync 1 DAGs
[2022-07-30 17:13:15,537] {logging_mixin.py:115} INFO - [2022-07-30 17:13:15,537] {dag.py:2931} INFO - Setting next_dagrun for intermediate_dag to 2022-07-29T00:00:00+00:00, run_after=2022-07-30T00:00:00+00:00
[2022-07-30 17:13:15,565] {processor.py:161} INFO - Processing /opt/airflow/dags/assignment_solution/dags_communication/intermediate_dag.py took 0.257 seconds
[2022-07-30 17:13:45,748] {processor.py:153} INFO - Started process (PID=4570) to work on /opt/airflow/dags/assignment_solution/dags_communication/intermediate_dag.py
[2022-07-30 17:13:45,748] {processor.py:641} INFO - Processing file /opt/airflow/dags/assignment_solution/dags_communication/intermediate_dag.py for tasks to queue
[2022-07-30 17:13:45,749] {logging_mixin.py:115} INFO - [2022-07-30 17:13:45,748] {dagbag.py:507} INFO - Filling up the DagBag from /opt/airflow/dags/assignment_solution/dags_communication/intermediate_dag.py
[2022-07-30 17:13:45,775] {processor.py:651} INFO - DAG(s) dict_keys(['intermediate_dag']) retrieved from /opt/airflow/dags/assignment_solution/dags_communication/intermediate_dag.py
[2022-07-30 17:13:45,826] {logging_mixin.py:115} INFO - [2022-07-30 17:13:45,826] {dag.py:2379} INFO - Sync 1 DAGs
[2022-07-30 17:13:45,870] {logging_mixin.py:115} INFO - [2022-07-30 17:13:45,870] {dag.py:2931} INFO - Setting next_dagrun for intermediate_dag to 2022-07-29T00:00:00+00:00, run_after=2022-07-30T00:00:00+00:00
[2022-07-30 17:13:45,889] {processor.py:161} INFO - Processing /opt/airflow/dags/assignment_solution/dags_communication/intermediate_dag.py took 0.146 seconds
[2022-07-30 17:14:15,968] {processor.py:153} INFO - Started process (PID=4641) to work on /opt/airflow/dags/assignment_solution/dags_communication/intermediate_dag.py
[2022-07-30 17:14:15,969] {processor.py:641} INFO - Processing file /opt/airflow/dags/assignment_solution/dags_communication/intermediate_dag.py for tasks to queue
[2022-07-30 17:14:15,969] {logging_mixin.py:115} INFO - [2022-07-30 17:14:15,969] {dagbag.py:507} INFO - Filling up the DagBag from /opt/airflow/dags/assignment_solution/dags_communication/intermediate_dag.py
[2022-07-30 17:14:15,992] {processor.py:651} INFO - DAG(s) dict_keys(['intermediate_dag']) retrieved from /opt/airflow/dags/assignment_solution/dags_communication/intermediate_dag.py
[2022-07-30 17:14:16,040] {logging_mixin.py:115} INFO - [2022-07-30 17:14:16,040] {dag.py:2379} INFO - Sync 1 DAGs
[2022-07-30 17:14:16,074] {logging_mixin.py:115} INFO - [2022-07-30 17:14:16,074] {dag.py:2931} INFO - Setting next_dagrun for intermediate_dag to 2022-07-29T00:00:00+00:00, run_after=2022-07-30T00:00:00+00:00
[2022-07-30 17:14:16,088] {processor.py:161} INFO - Processing /opt/airflow/dags/assignment_solution/dags_communication/intermediate_dag.py took 0.124 seconds
[2022-07-30 17:14:46,819] {processor.py:153} INFO - Started process (PID=4714) to work on /opt/airflow/dags/assignment_solution/dags_communication/intermediate_dag.py
[2022-07-30 17:14:46,819] {processor.py:641} INFO - Processing file /opt/airflow/dags/assignment_solution/dags_communication/intermediate_dag.py for tasks to queue
[2022-07-30 17:14:46,820] {logging_mixin.py:115} INFO - [2022-07-30 17:14:46,820] {dagbag.py:507} INFO - Filling up the DagBag from /opt/airflow/dags/assignment_solution/dags_communication/intermediate_dag.py
[2022-07-30 17:14:46,881] {processor.py:651} INFO - DAG(s) dict_keys(['intermediate_dag']) retrieved from /opt/airflow/dags/assignment_solution/dags_communication/intermediate_dag.py
[2022-07-30 17:14:47,090] {logging_mixin.py:115} INFO - [2022-07-30 17:14:47,090] {dag.py:2379} INFO - Sync 1 DAGs
[2022-07-30 17:14:47,138] {logging_mixin.py:115} INFO - [2022-07-30 17:14:47,138] {dag.py:2931} INFO - Setting next_dagrun for intermediate_dag to 2022-07-29T00:00:00+00:00, run_after=2022-07-30T00:00:00+00:00
[2022-07-30 17:14:47,178] {processor.py:161} INFO - Processing /opt/airflow/dags/assignment_solution/dags_communication/intermediate_dag.py took 0.362 seconds
[2022-07-30 17:15:18,183] {processor.py:153} INFO - Started process (PID=4794) to work on /opt/airflow/dags/assignment_solution/dags_communication/intermediate_dag.py
[2022-07-30 17:15:18,192] {processor.py:641} INFO - Processing file /opt/airflow/dags/assignment_solution/dags_communication/intermediate_dag.py for tasks to queue
[2022-07-30 17:15:18,193] {logging_mixin.py:115} INFO - [2022-07-30 17:15:18,192] {dagbag.py:507} INFO - Filling up the DagBag from /opt/airflow/dags/assignment_solution/dags_communication/intermediate_dag.py
[2022-07-30 17:15:18,238] {processor.py:651} INFO - DAG(s) dict_keys(['intermediate_dag']) retrieved from /opt/airflow/dags/assignment_solution/dags_communication/intermediate_dag.py
[2022-07-30 17:15:18,350] {logging_mixin.py:115} INFO - [2022-07-30 17:15:18,349] {dag.py:2379} INFO - Sync 1 DAGs
[2022-07-30 17:15:18,394] {logging_mixin.py:115} INFO - [2022-07-30 17:15:18,394] {dag.py:2931} INFO - Setting next_dagrun for intermediate_dag to 2022-07-29T00:00:00+00:00, run_after=2022-07-30T00:00:00+00:00
[2022-07-30 17:15:18,409] {processor.py:161} INFO - Processing /opt/airflow/dags/assignment_solution/dags_communication/intermediate_dag.py took 0.230 seconds
[2022-07-30 17:15:49,459] {processor.py:153} INFO - Started process (PID=4872) to work on /opt/airflow/dags/assignment_solution/dags_communication/intermediate_dag.py
[2022-07-30 17:15:49,460] {processor.py:641} INFO - Processing file /opt/airflow/dags/assignment_solution/dags_communication/intermediate_dag.py for tasks to queue
[2022-07-30 17:15:49,461] {logging_mixin.py:115} INFO - [2022-07-30 17:15:49,461] {dagbag.py:507} INFO - Filling up the DagBag from /opt/airflow/dags/assignment_solution/dags_communication/intermediate_dag.py
[2022-07-30 17:15:49,585] {processor.py:651} INFO - DAG(s) dict_keys(['intermediate_dag']) retrieved from /opt/airflow/dags/assignment_solution/dags_communication/intermediate_dag.py
[2022-07-30 17:15:49,800] {logging_mixin.py:115} INFO - [2022-07-30 17:15:49,799] {dag.py:2379} INFO - Sync 1 DAGs
[2022-07-30 17:15:49,841] {logging_mixin.py:115} INFO - [2022-07-30 17:15:49,841] {dag.py:2931} INFO - Setting next_dagrun for intermediate_dag to 2022-07-29T00:00:00+00:00, run_after=2022-07-30T00:00:00+00:00
[2022-07-30 17:15:49,872] {processor.py:161} INFO - Processing /opt/airflow/dags/assignment_solution/dags_communication/intermediate_dag.py took 0.421 seconds
[2022-07-30 17:16:20,189] {processor.py:153} INFO - Started process (PID=4945) to work on /opt/airflow/dags/assignment_solution/dags_communication/intermediate_dag.py
[2022-07-30 17:16:20,190] {processor.py:641} INFO - Processing file /opt/airflow/dags/assignment_solution/dags_communication/intermediate_dag.py for tasks to queue
[2022-07-30 17:16:20,191] {logging_mixin.py:115} INFO - [2022-07-30 17:16:20,190] {dagbag.py:507} INFO - Filling up the DagBag from /opt/airflow/dags/assignment_solution/dags_communication/intermediate_dag.py
[2022-07-30 17:16:20,209] {processor.py:651} INFO - DAG(s) dict_keys(['intermediate_dag']) retrieved from /opt/airflow/dags/assignment_solution/dags_communication/intermediate_dag.py
[2022-07-30 17:16:20,259] {logging_mixin.py:115} INFO - [2022-07-30 17:16:20,259] {dag.py:2379} INFO - Sync 1 DAGs
[2022-07-30 17:16:20,287] {logging_mixin.py:115} INFO - [2022-07-30 17:16:20,287] {dag.py:2931} INFO - Setting next_dagrun for intermediate_dag to 2022-07-29T00:00:00+00:00, run_after=2022-07-30T00:00:00+00:00
[2022-07-30 17:16:20,301] {processor.py:161} INFO - Processing /opt/airflow/dags/assignment_solution/dags_communication/intermediate_dag.py took 0.115 seconds
[2022-07-30 17:16:50,791] {processor.py:153} INFO - Started process (PID=5032) to work on /opt/airflow/dags/assignment_solution/dags_communication/intermediate_dag.py
[2022-07-30 17:16:50,796] {processor.py:641} INFO - Processing file /opt/airflow/dags/assignment_solution/dags_communication/intermediate_dag.py for tasks to queue
[2022-07-30 17:16:50,797] {logging_mixin.py:115} INFO - [2022-07-30 17:16:50,797] {dagbag.py:507} INFO - Filling up the DagBag from /opt/airflow/dags/assignment_solution/dags_communication/intermediate_dag.py
[2022-07-30 17:16:50,847] {processor.py:651} INFO - DAG(s) dict_keys(['intermediate_dag']) retrieved from /opt/airflow/dags/assignment_solution/dags_communication/intermediate_dag.py
[2022-07-30 17:16:50,897] {logging_mixin.py:115} INFO - [2022-07-30 17:16:50,897] {dag.py:2379} INFO - Sync 1 DAGs
[2022-07-30 17:16:50,946] {logging_mixin.py:115} INFO - [2022-07-30 17:16:50,946] {dag.py:2931} INFO - Setting next_dagrun for intermediate_dag to 2022-07-29T00:00:00+00:00, run_after=2022-07-30T00:00:00+00:00
[2022-07-30 17:16:50,969] {processor.py:161} INFO - Processing /opt/airflow/dags/assignment_solution/dags_communication/intermediate_dag.py took 0.182 seconds
[2022-07-30 17:17:21,055] {processor.py:153} INFO - Started process (PID=5103) to work on /opt/airflow/dags/assignment_solution/dags_communication/intermediate_dag.py
[2022-07-30 17:17:21,057] {processor.py:641} INFO - Processing file /opt/airflow/dags/assignment_solution/dags_communication/intermediate_dag.py for tasks to queue
[2022-07-30 17:17:21,057] {logging_mixin.py:115} INFO - [2022-07-30 17:17:21,057] {dagbag.py:507} INFO - Filling up the DagBag from /opt/airflow/dags/assignment_solution/dags_communication/intermediate_dag.py
[2022-07-30 17:17:21,082] {processor.py:651} INFO - DAG(s) dict_keys(['intermediate_dag']) retrieved from /opt/airflow/dags/assignment_solution/dags_communication/intermediate_dag.py
[2022-07-30 17:17:21,162] {logging_mixin.py:115} INFO - [2022-07-30 17:17:21,162] {dag.py:2379} INFO - Sync 1 DAGs
[2022-07-30 17:17:21,201] {logging_mixin.py:115} INFO - [2022-07-30 17:17:21,201] {dag.py:2931} INFO - Setting next_dagrun for intermediate_dag to 2022-07-29T00:00:00+00:00, run_after=2022-07-30T00:00:00+00:00
[2022-07-30 17:17:21,217] {processor.py:161} INFO - Processing /opt/airflow/dags/assignment_solution/dags_communication/intermediate_dag.py took 0.169 seconds
[2022-07-30 17:17:52,257] {processor.py:153} INFO - Started process (PID=5181) to work on /opt/airflow/dags/assignment_solution/dags_communication/intermediate_dag.py
[2022-07-30 17:17:52,258] {processor.py:641} INFO - Processing file /opt/airflow/dags/assignment_solution/dags_communication/intermediate_dag.py for tasks to queue
[2022-07-30 17:17:52,258] {logging_mixin.py:115} INFO - [2022-07-30 17:17:52,258] {dagbag.py:507} INFO - Filling up the DagBag from /opt/airflow/dags/assignment_solution/dags_communication/intermediate_dag.py
[2022-07-30 17:17:52,284] {processor.py:651} INFO - DAG(s) dict_keys(['intermediate_dag']) retrieved from /opt/airflow/dags/assignment_solution/dags_communication/intermediate_dag.py
[2022-07-30 17:17:52,337] {logging_mixin.py:115} INFO - [2022-07-30 17:17:52,336] {dag.py:2379} INFO - Sync 1 DAGs
[2022-07-30 17:17:52,369] {logging_mixin.py:115} INFO - [2022-07-30 17:17:52,369] {dag.py:2931} INFO - Setting next_dagrun for intermediate_dag to 2022-07-29T00:00:00+00:00, run_after=2022-07-30T00:00:00+00:00
[2022-07-30 17:17:52,382] {processor.py:161} INFO - Processing /opt/airflow/dags/assignment_solution/dags_communication/intermediate_dag.py took 0.129 seconds
[2022-07-30 17:18:22,607] {processor.py:153} INFO - Started process (PID=5269) to work on /opt/airflow/dags/assignment_solution/dags_communication/intermediate_dag.py
[2022-07-30 17:18:22,608] {processor.py:641} INFO - Processing file /opt/airflow/dags/assignment_solution/dags_communication/intermediate_dag.py for tasks to queue
[2022-07-30 17:18:22,609] {logging_mixin.py:115} INFO - [2022-07-30 17:18:22,609] {dagbag.py:507} INFO - Filling up the DagBag from /opt/airflow/dags/assignment_solution/dags_communication/intermediate_dag.py
[2022-07-30 17:18:22,633] {processor.py:651} INFO - DAG(s) dict_keys(['intermediate_dag']) retrieved from /opt/airflow/dags/assignment_solution/dags_communication/intermediate_dag.py
[2022-07-30 17:18:22,683] {logging_mixin.py:115} INFO - [2022-07-30 17:18:22,683] {dag.py:2379} INFO - Sync 1 DAGs
[2022-07-30 17:18:22,714] {logging_mixin.py:115} INFO - [2022-07-30 17:18:22,714] {dag.py:2931} INFO - Setting next_dagrun for intermediate_dag to 2022-07-29T00:00:00+00:00, run_after=2022-07-30T00:00:00+00:00
[2022-07-30 17:18:22,725] {processor.py:161} INFO - Processing /opt/airflow/dags/assignment_solution/dags_communication/intermediate_dag.py took 0.121 seconds
[2022-07-30 17:18:53,813] {processor.py:153} INFO - Started process (PID=5346) to work on /opt/airflow/dags/assignment_solution/dags_communication/intermediate_dag.py
[2022-07-30 17:18:53,815] {processor.py:641} INFO - Processing file /opt/airflow/dags/assignment_solution/dags_communication/intermediate_dag.py for tasks to queue
[2022-07-30 17:18:53,816] {logging_mixin.py:115} INFO - [2022-07-30 17:18:53,816] {dagbag.py:507} INFO - Filling up the DagBag from /opt/airflow/dags/assignment_solution/dags_communication/intermediate_dag.py
[2022-07-30 17:18:53,864] {processor.py:651} INFO - DAG(s) dict_keys(['intermediate_dag']) retrieved from /opt/airflow/dags/assignment_solution/dags_communication/intermediate_dag.py
[2022-07-30 17:18:53,923] {logging_mixin.py:115} INFO - [2022-07-30 17:18:53,923] {dag.py:2379} INFO - Sync 1 DAGs
[2022-07-30 17:18:53,956] {logging_mixin.py:115} INFO - [2022-07-30 17:18:53,956] {dag.py:2931} INFO - Setting next_dagrun for intermediate_dag to 2022-07-29T00:00:00+00:00, run_after=2022-07-30T00:00:00+00:00
[2022-07-30 17:18:53,983] {processor.py:161} INFO - Processing /opt/airflow/dags/assignment_solution/dags_communication/intermediate_dag.py took 0.177 seconds
[2022-07-30 17:19:24,107] {processor.py:153} INFO - Started process (PID=5428) to work on /opt/airflow/dags/assignment_solution/dags_communication/intermediate_dag.py
[2022-07-30 17:19:24,108] {processor.py:641} INFO - Processing file /opt/airflow/dags/assignment_solution/dags_communication/intermediate_dag.py for tasks to queue
[2022-07-30 17:19:24,109] {logging_mixin.py:115} INFO - [2022-07-30 17:19:24,109] {dagbag.py:507} INFO - Filling up the DagBag from /opt/airflow/dags/assignment_solution/dags_communication/intermediate_dag.py
[2022-07-30 17:19:24,156] {processor.py:651} INFO - DAG(s) dict_keys(['intermediate_dag']) retrieved from /opt/airflow/dags/assignment_solution/dags_communication/intermediate_dag.py
[2022-07-30 17:19:24,220] {logging_mixin.py:115} INFO - [2022-07-30 17:19:24,220] {dag.py:2379} INFO - Sync 1 DAGs
[2022-07-30 17:19:24,252] {logging_mixin.py:115} INFO - [2022-07-30 17:19:24,252] {dag.py:2931} INFO - Setting next_dagrun for intermediate_dag to 2022-07-29T00:00:00+00:00, run_after=2022-07-30T00:00:00+00:00
[2022-07-30 17:19:24,266] {processor.py:161} INFO - Processing /opt/airflow/dags/assignment_solution/dags_communication/intermediate_dag.py took 0.163 seconds
[2022-07-30 17:19:55,122] {processor.py:153} INFO - Started process (PID=5505) to work on /opt/airflow/dags/assignment_solution/dags_communication/intermediate_dag.py
[2022-07-30 17:19:55,123] {processor.py:641} INFO - Processing file /opt/airflow/dags/assignment_solution/dags_communication/intermediate_dag.py for tasks to queue
[2022-07-30 17:19:55,123] {logging_mixin.py:115} INFO - [2022-07-30 17:19:55,123] {dagbag.py:507} INFO - Filling up the DagBag from /opt/airflow/dags/assignment_solution/dags_communication/intermediate_dag.py
[2022-07-30 17:19:55,142] {processor.py:651} INFO - DAG(s) dict_keys(['intermediate_dag']) retrieved from /opt/airflow/dags/assignment_solution/dags_communication/intermediate_dag.py
[2022-07-30 17:19:55,181] {logging_mixin.py:115} INFO - [2022-07-30 17:19:55,180] {dag.py:2379} INFO - Sync 1 DAGs
[2022-07-30 17:19:55,214] {logging_mixin.py:115} INFO - [2022-07-30 17:19:55,214] {dag.py:2931} INFO - Setting next_dagrun for intermediate_dag to 2022-07-29T00:00:00+00:00, run_after=2022-07-30T00:00:00+00:00
[2022-07-30 17:19:55,235] {processor.py:161} INFO - Processing /opt/airflow/dags/assignment_solution/dags_communication/intermediate_dag.py took 0.117 seconds
