[2022-07-30 16:39:57,508] {processor.py:153} INFO - Started process (PID=123) to work on /opt/airflow/dags/assignment_solution/dags_communication/parent_dag1.py
[2022-07-30 16:39:57,510] {processor.py:641} INFO - Processing file /opt/airflow/dags/assignment_solution/dags_communication/parent_dag1.py for tasks to queue
[2022-07-30 16:39:57,512] {logging_mixin.py:115} INFO - [2022-07-30 16:39:57,512] {dagbag.py:507} INFO - Filling up the DagBag from /opt/airflow/dags/assignment_solution/dags_communication/parent_dag1.py
[2022-07-30 16:39:57,521] {processor.py:651} INFO - DAG(s) dict_keys(['parent_dag1']) retrieved from /opt/airflow/dags/assignment_solution/dags_communication/parent_dag1.py
[2022-07-30 16:39:57,820] {logging_mixin.py:115} INFO - [2022-07-30 16:39:57,820] {manager.py:508} INFO - Created Permission View: can read on DAG:parent_dag1
[2022-07-30 16:39:57,833] {logging_mixin.py:115} INFO - [2022-07-30 16:39:57,833] {manager.py:508} INFO - Created Permission View: can delete on DAG:parent_dag1
[2022-07-30 16:39:57,843] {logging_mixin.py:115} INFO - [2022-07-30 16:39:57,843] {manager.py:508} INFO - Created Permission View: can edit on DAG:parent_dag1
[2022-07-30 16:39:57,844] {logging_mixin.py:115} INFO - [2022-07-30 16:39:57,844] {dag.py:2379} INFO - Sync 1 DAGs
[2022-07-30 16:39:57,856] {logging_mixin.py:115} INFO - [2022-07-30 16:39:57,856] {dag.py:2398} INFO - Creating ORM DAG for parent_dag1
[2022-07-30 16:39:57,875] {logging_mixin.py:115} INFO - [2022-07-30 16:39:57,875] {dag.py:2931} INFO - Setting next_dagrun for parent_dag1 to 2022-07-29T00:00:00+00:00, run_after=2022-07-30T00:00:00+00:00
[2022-07-30 16:39:57,895] {processor.py:161} INFO - Processing /opt/airflow/dags/assignment_solution/dags_communication/parent_dag1.py took 0.391 seconds
[2022-07-30 16:40:29,602] {processor.py:153} INFO - Started process (PID=199) to work on /opt/airflow/dags/assignment_solution/dags_communication/parent_dag1.py
[2022-07-30 16:40:29,602] {processor.py:641} INFO - Processing file /opt/airflow/dags/assignment_solution/dags_communication/parent_dag1.py for tasks to queue
[2022-07-30 16:40:29,603] {logging_mixin.py:115} INFO - [2022-07-30 16:40:29,603] {dagbag.py:507} INFO - Filling up the DagBag from /opt/airflow/dags/assignment_solution/dags_communication/parent_dag1.py
[2022-07-30 16:40:29,629] {processor.py:651} INFO - DAG(s) dict_keys(['parent_dag1']) retrieved from /opt/airflow/dags/assignment_solution/dags_communication/parent_dag1.py
[2022-07-30 16:40:29,690] {logging_mixin.py:115} INFO - [2022-07-30 16:40:29,690] {dag.py:2379} INFO - Sync 1 DAGs
[2022-07-30 16:40:29,725] {logging_mixin.py:115} INFO - [2022-07-30 16:40:29,725] {dag.py:2931} INFO - Setting next_dagrun for parent_dag1 to 2022-07-29T00:00:00+00:00, run_after=2022-07-30T00:00:00+00:00
[2022-07-30 16:40:29,761] {processor.py:161} INFO - Processing /opt/airflow/dags/assignment_solution/dags_communication/parent_dag1.py took 0.171 seconds
[2022-07-30 16:41:00,921] {processor.py:153} INFO - Started process (PID=281) to work on /opt/airflow/dags/assignment_solution/dags_communication/parent_dag1.py
[2022-07-30 16:41:00,927] {processor.py:641} INFO - Processing file /opt/airflow/dags/assignment_solution/dags_communication/parent_dag1.py for tasks to queue
[2022-07-30 16:41:00,928] {logging_mixin.py:115} INFO - [2022-07-30 16:41:00,928] {dagbag.py:507} INFO - Filling up the DagBag from /opt/airflow/dags/assignment_solution/dags_communication/parent_dag1.py
[2022-07-30 16:41:00,954] {processor.py:651} INFO - DAG(s) dict_keys(['parent_dag1']) retrieved from /opt/airflow/dags/assignment_solution/dags_communication/parent_dag1.py
[2022-07-30 16:41:01,094] {logging_mixin.py:115} INFO - [2022-07-30 16:41:01,094] {dag.py:2379} INFO - Sync 1 DAGs
[2022-07-30 16:41:01,140] {logging_mixin.py:115} INFO - [2022-07-30 16:41:01,140] {dag.py:2931} INFO - Setting next_dagrun for parent_dag1 to 2022-07-29T00:00:00+00:00, run_after=2022-07-30T00:00:00+00:00
[2022-07-30 16:41:01,194] {processor.py:161} INFO - Processing /opt/airflow/dags/assignment_solution/dags_communication/parent_dag1.py took 0.300 seconds
[2022-07-30 16:41:32,193] {processor.py:153} INFO - Started process (PID=356) to work on /opt/airflow/dags/assignment_solution/dags_communication/parent_dag1.py
[2022-07-30 16:41:32,199] {processor.py:641} INFO - Processing file /opt/airflow/dags/assignment_solution/dags_communication/parent_dag1.py for tasks to queue
[2022-07-30 16:41:32,200] {logging_mixin.py:115} INFO - [2022-07-30 16:41:32,200] {dagbag.py:507} INFO - Filling up the DagBag from /opt/airflow/dags/assignment_solution/dags_communication/parent_dag1.py
[2022-07-30 16:41:32,215] {processor.py:651} INFO - DAG(s) dict_keys(['parent_dag1']) retrieved from /opt/airflow/dags/assignment_solution/dags_communication/parent_dag1.py
[2022-07-30 16:41:32,278] {logging_mixin.py:115} INFO - [2022-07-30 16:41:32,277] {dag.py:2379} INFO - Sync 1 DAGs
[2022-07-30 16:41:32,339] {logging_mixin.py:115} INFO - [2022-07-30 16:41:32,339] {dag.py:2931} INFO - Setting next_dagrun for parent_dag1 to 2022-07-29T00:00:00+00:00, run_after=2022-07-30T00:00:00+00:00
[2022-07-30 16:41:32,364] {processor.py:161} INFO - Processing /opt/airflow/dags/assignment_solution/dags_communication/parent_dag1.py took 0.179 seconds
[2022-07-30 16:42:02,957] {processor.py:153} INFO - Started process (PID=445) to work on /opt/airflow/dags/assignment_solution/dags_communication/parent_dag1.py
[2022-07-30 16:42:02,968] {processor.py:641} INFO - Processing file /opt/airflow/dags/assignment_solution/dags_communication/parent_dag1.py for tasks to queue
[2022-07-30 16:42:02,970] {logging_mixin.py:115} INFO - [2022-07-30 16:42:02,970] {dagbag.py:507} INFO - Filling up the DagBag from /opt/airflow/dags/assignment_solution/dags_communication/parent_dag1.py
[2022-07-30 16:42:02,987] {processor.py:651} INFO - DAG(s) dict_keys(['parent_dag1']) retrieved from /opt/airflow/dags/assignment_solution/dags_communication/parent_dag1.py
[2022-07-30 16:42:03,053] {logging_mixin.py:115} INFO - [2022-07-30 16:42:03,052] {dag.py:2379} INFO - Sync 1 DAGs
[2022-07-30 16:42:03,128] {logging_mixin.py:115} INFO - [2022-07-30 16:42:03,128] {dag.py:2931} INFO - Setting next_dagrun for parent_dag1 to 2022-07-29T00:00:00+00:00, run_after=2022-07-30T00:00:00+00:00
[2022-07-30 16:42:03,174] {processor.py:161} INFO - Processing /opt/airflow/dags/assignment_solution/dags_communication/parent_dag1.py took 0.224 seconds
[2022-07-30 16:42:34,777] {processor.py:153} INFO - Started process (PID=519) to work on /opt/airflow/dags/assignment_solution/dags_communication/parent_dag1.py
[2022-07-30 16:42:34,778] {processor.py:641} INFO - Processing file /opt/airflow/dags/assignment_solution/dags_communication/parent_dag1.py for tasks to queue
[2022-07-30 16:42:34,779] {logging_mixin.py:115} INFO - [2022-07-30 16:42:34,779] {dagbag.py:507} INFO - Filling up the DagBag from /opt/airflow/dags/assignment_solution/dags_communication/parent_dag1.py
[2022-07-30 16:42:34,789] {processor.py:651} INFO - DAG(s) dict_keys(['parent_dag1']) retrieved from /opt/airflow/dags/assignment_solution/dags_communication/parent_dag1.py
[2022-07-30 16:42:34,868] {logging_mixin.py:115} INFO - [2022-07-30 16:42:34,868] {dag.py:2379} INFO - Sync 1 DAGs
[2022-07-30 16:42:34,976] {logging_mixin.py:115} INFO - [2022-07-30 16:42:34,976] {dag.py:2931} INFO - Setting next_dagrun for parent_dag1 to 2022-07-29T00:00:00+00:00, run_after=2022-07-30T00:00:00+00:00
[2022-07-30 16:42:35,080] {processor.py:161} INFO - Processing /opt/airflow/dags/assignment_solution/dags_communication/parent_dag1.py took 0.306 seconds
[2022-07-30 16:44:23,968] {processor.py:153} INFO - Started process (PID=108) to work on /opt/airflow/dags/assignment_solution/dags_communication/parent_dag1.py
[2022-07-30 16:44:23,976] {processor.py:641} INFO - Processing file /opt/airflow/dags/assignment_solution/dags_communication/parent_dag1.py for tasks to queue
[2022-07-30 16:44:23,977] {logging_mixin.py:115} INFO - [2022-07-30 16:44:23,977] {dagbag.py:507} INFO - Filling up the DagBag from /opt/airflow/dags/assignment_solution/dags_communication/parent_dag1.py
[2022-07-30 16:44:24,037] {processor.py:651} INFO - DAG(s) dict_keys(['parent_dag1']) retrieved from /opt/airflow/dags/assignment_solution/dags_communication/parent_dag1.py
[2022-07-30 16:44:24,236] {logging_mixin.py:115} INFO - [2022-07-30 16:44:24,236] {dag.py:2379} INFO - Sync 1 DAGs
[2022-07-30 16:44:24,459] {logging_mixin.py:115} INFO - [2022-07-30 16:44:24,459] {dag.py:2931} INFO - Setting next_dagrun for parent_dag1 to 2022-07-29T00:00:00+00:00, run_after=2022-07-30T00:00:00+00:00
[2022-07-30 16:44:24,597] {processor.py:161} INFO - Processing /opt/airflow/dags/assignment_solution/dags_communication/parent_dag1.py took 0.661 seconds
[2022-07-30 16:44:55,250] {processor.py:153} INFO - Started process (PID=181) to work on /opt/airflow/dags/assignment_solution/dags_communication/parent_dag1.py
[2022-07-30 16:44:55,251] {processor.py:641} INFO - Processing file /opt/airflow/dags/assignment_solution/dags_communication/parent_dag1.py for tasks to queue
[2022-07-30 16:44:55,251] {logging_mixin.py:115} INFO - [2022-07-30 16:44:55,251] {dagbag.py:507} INFO - Filling up the DagBag from /opt/airflow/dags/assignment_solution/dags_communication/parent_dag1.py
[2022-07-30 16:44:55,260] {processor.py:651} INFO - DAG(s) dict_keys(['parent_dag1']) retrieved from /opt/airflow/dags/assignment_solution/dags_communication/parent_dag1.py
[2022-07-30 16:44:55,290] {logging_mixin.py:115} INFO - [2022-07-30 16:44:55,290] {dag.py:2379} INFO - Sync 1 DAGs
[2022-07-30 16:44:55,324] {logging_mixin.py:115} INFO - [2022-07-30 16:44:55,323] {dag.py:2931} INFO - Setting next_dagrun for parent_dag1 to 2022-07-29T00:00:00+00:00, run_after=2022-07-30T00:00:00+00:00
[2022-07-30 16:44:55,338] {processor.py:161} INFO - Processing /opt/airflow/dags/assignment_solution/dags_communication/parent_dag1.py took 0.091 seconds
[2022-07-30 16:45:25,904] {processor.py:153} INFO - Started process (PID=254) to work on /opt/airflow/dags/assignment_solution/dags_communication/parent_dag1.py
[2022-07-30 16:45:25,905] {processor.py:641} INFO - Processing file /opt/airflow/dags/assignment_solution/dags_communication/parent_dag1.py for tasks to queue
[2022-07-30 16:45:25,906] {logging_mixin.py:115} INFO - [2022-07-30 16:45:25,906] {dagbag.py:507} INFO - Filling up the DagBag from /opt/airflow/dags/assignment_solution/dags_communication/parent_dag1.py
[2022-07-30 16:45:25,915] {processor.py:651} INFO - DAG(s) dict_keys(['parent_dag1']) retrieved from /opt/airflow/dags/assignment_solution/dags_communication/parent_dag1.py
[2022-07-30 16:45:25,966] {logging_mixin.py:115} INFO - [2022-07-30 16:45:25,966] {dag.py:2379} INFO - Sync 1 DAGs
[2022-07-30 16:45:26,015] {logging_mixin.py:115} INFO - [2022-07-30 16:45:26,015] {dag.py:2931} INFO - Setting next_dagrun for parent_dag1 to 2022-07-29T00:00:00+00:00, run_after=2022-07-30T00:00:00+00:00
[2022-07-30 16:45:26,030] {processor.py:161} INFO - Processing /opt/airflow/dags/assignment_solution/dags_communication/parent_dag1.py took 0.129 seconds
[2022-07-30 16:45:57,118] {processor.py:153} INFO - Started process (PID=341) to work on /opt/airflow/dags/assignment_solution/dags_communication/parent_dag1.py
[2022-07-30 16:45:57,119] {processor.py:641} INFO - Processing file /opt/airflow/dags/assignment_solution/dags_communication/parent_dag1.py for tasks to queue
[2022-07-30 16:45:57,119] {logging_mixin.py:115} INFO - [2022-07-30 16:45:57,119] {dagbag.py:507} INFO - Filling up the DagBag from /opt/airflow/dags/assignment_solution/dags_communication/parent_dag1.py
[2022-07-30 16:45:57,173] {processor.py:651} INFO - DAG(s) dict_keys(['parent_dag1']) retrieved from /opt/airflow/dags/assignment_solution/dags_communication/parent_dag1.py
[2022-07-30 16:45:57,293] {logging_mixin.py:115} INFO - [2022-07-30 16:45:57,293] {dag.py:2379} INFO - Sync 1 DAGs
[2022-07-30 16:45:57,391] {logging_mixin.py:115} INFO - [2022-07-30 16:45:57,391] {dag.py:2931} INFO - Setting next_dagrun for parent_dag1 to 2022-07-29T00:00:00+00:00, run_after=2022-07-30T00:00:00+00:00
[2022-07-30 16:45:57,427] {processor.py:161} INFO - Processing /opt/airflow/dags/assignment_solution/dags_communication/parent_dag1.py took 0.331 seconds
[2022-07-30 16:46:28,135] {processor.py:153} INFO - Started process (PID=412) to work on /opt/airflow/dags/assignment_solution/dags_communication/parent_dag1.py
[2022-07-30 16:46:28,136] {processor.py:641} INFO - Processing file /opt/airflow/dags/assignment_solution/dags_communication/parent_dag1.py for tasks to queue
[2022-07-30 16:46:28,137] {logging_mixin.py:115} INFO - [2022-07-30 16:46:28,137] {dagbag.py:507} INFO - Filling up the DagBag from /opt/airflow/dags/assignment_solution/dags_communication/parent_dag1.py
[2022-07-30 16:46:28,146] {processor.py:651} INFO - DAG(s) dict_keys(['parent_dag1']) retrieved from /opt/airflow/dags/assignment_solution/dags_communication/parent_dag1.py
[2022-07-30 16:46:28,175] {logging_mixin.py:115} INFO - [2022-07-30 16:46:28,175] {dag.py:2379} INFO - Sync 1 DAGs
[2022-07-30 16:46:28,208] {logging_mixin.py:115} INFO - [2022-07-30 16:46:28,208] {dag.py:2931} INFO - Setting next_dagrun for parent_dag1 to 2022-07-29T00:00:00+00:00, run_after=2022-07-30T00:00:00+00:00
[2022-07-30 16:46:28,223] {processor.py:161} INFO - Processing /opt/airflow/dags/assignment_solution/dags_communication/parent_dag1.py took 0.091 seconds
[2022-07-30 16:46:58,282] {processor.py:153} INFO - Started process (PID=485) to work on /opt/airflow/dags/assignment_solution/dags_communication/parent_dag1.py
[2022-07-30 16:46:58,282] {processor.py:641} INFO - Processing file /opt/airflow/dags/assignment_solution/dags_communication/parent_dag1.py for tasks to queue
[2022-07-30 16:46:58,283] {logging_mixin.py:115} INFO - [2022-07-30 16:46:58,283] {dagbag.py:507} INFO - Filling up the DagBag from /opt/airflow/dags/assignment_solution/dags_communication/parent_dag1.py
[2022-07-30 16:46:58,289] {processor.py:651} INFO - DAG(s) dict_keys(['parent_dag1']) retrieved from /opt/airflow/dags/assignment_solution/dags_communication/parent_dag1.py
[2022-07-30 16:46:58,311] {logging_mixin.py:115} INFO - [2022-07-30 16:46:58,311] {dag.py:2379} INFO - Sync 1 DAGs
[2022-07-30 16:46:58,339] {logging_mixin.py:115} INFO - [2022-07-30 16:46:58,338] {dag.py:2931} INFO - Setting next_dagrun for parent_dag1 to 2022-07-29T00:00:00+00:00, run_after=2022-07-30T00:00:00+00:00
[2022-07-30 16:46:58,355] {processor.py:161} INFO - Processing /opt/airflow/dags/assignment_solution/dags_communication/parent_dag1.py took 0.076 seconds
[2022-07-30 16:47:28,863] {processor.py:153} INFO - Started process (PID=567) to work on /opt/airflow/dags/assignment_solution/dags_communication/parent_dag1.py
[2022-07-30 16:47:28,864] {processor.py:641} INFO - Processing file /opt/airflow/dags/assignment_solution/dags_communication/parent_dag1.py for tasks to queue
[2022-07-30 16:47:28,865] {logging_mixin.py:115} INFO - [2022-07-30 16:47:28,865] {dagbag.py:507} INFO - Filling up the DagBag from /opt/airflow/dags/assignment_solution/dags_communication/parent_dag1.py
[2022-07-30 16:47:28,874] {processor.py:651} INFO - DAG(s) dict_keys(['parent_dag1']) retrieved from /opt/airflow/dags/assignment_solution/dags_communication/parent_dag1.py
[2022-07-30 16:47:28,904] {logging_mixin.py:115} INFO - [2022-07-30 16:47:28,904] {dag.py:2379} INFO - Sync 1 DAGs
[2022-07-30 16:47:28,937] {logging_mixin.py:115} INFO - [2022-07-30 16:47:28,937] {dag.py:2931} INFO - Setting next_dagrun for parent_dag1 to 2022-07-29T00:00:00+00:00, run_after=2022-07-30T00:00:00+00:00
[2022-07-30 16:47:28,954] {processor.py:161} INFO - Processing /opt/airflow/dags/assignment_solution/dags_communication/parent_dag1.py took 0.094 seconds
[2022-07-30 16:47:59,332] {processor.py:153} INFO - Started process (PID=641) to work on /opt/airflow/dags/assignment_solution/dags_communication/parent_dag1.py
[2022-07-30 16:47:59,333] {processor.py:641} INFO - Processing file /opt/airflow/dags/assignment_solution/dags_communication/parent_dag1.py for tasks to queue
[2022-07-30 16:47:59,333] {logging_mixin.py:115} INFO - [2022-07-30 16:47:59,333] {dagbag.py:507} INFO - Filling up the DagBag from /opt/airflow/dags/assignment_solution/dags_communication/parent_dag1.py
[2022-07-30 16:47:59,350] {processor.py:651} INFO - DAG(s) dict_keys(['parent_dag1']) retrieved from /opt/airflow/dags/assignment_solution/dags_communication/parent_dag1.py
[2022-07-30 16:47:59,402] {logging_mixin.py:115} INFO - [2022-07-30 16:47:59,402] {dag.py:2379} INFO - Sync 1 DAGs
[2022-07-30 16:47:59,470] {logging_mixin.py:115} INFO - [2022-07-30 16:47:59,470] {dag.py:2931} INFO - Setting next_dagrun for parent_dag1 to 2022-07-29T00:00:00+00:00, run_after=2022-07-30T00:00:00+00:00
[2022-07-30 16:47:59,494] {processor.py:161} INFO - Processing /opt/airflow/dags/assignment_solution/dags_communication/parent_dag1.py took 0.165 seconds
[2022-07-30 16:48:30,091] {processor.py:153} INFO - Started process (PID=727) to work on /opt/airflow/dags/assignment_solution/dags_communication/parent_dag1.py
[2022-07-30 16:48:30,097] {processor.py:641} INFO - Processing file /opt/airflow/dags/assignment_solution/dags_communication/parent_dag1.py for tasks to queue
[2022-07-30 16:48:30,098] {logging_mixin.py:115} INFO - [2022-07-30 16:48:30,098] {dagbag.py:507} INFO - Filling up the DagBag from /opt/airflow/dags/assignment_solution/dags_communication/parent_dag1.py
[2022-07-30 16:48:30,123] {processor.py:651} INFO - DAG(s) dict_keys(['parent_dag1']) retrieved from /opt/airflow/dags/assignment_solution/dags_communication/parent_dag1.py
[2022-07-30 16:48:30,152] {logging_mixin.py:115} INFO - [2022-07-30 16:48:30,152] {dag.py:2379} INFO - Sync 1 DAGs
[2022-07-30 16:48:30,185] {logging_mixin.py:115} INFO - [2022-07-30 16:48:30,185] {dag.py:2931} INFO - Setting next_dagrun for parent_dag1 to 2022-07-29T00:00:00+00:00, run_after=2022-07-30T00:00:00+00:00
[2022-07-30 16:48:30,200] {processor.py:161} INFO - Processing /opt/airflow/dags/assignment_solution/dags_communication/parent_dag1.py took 0.113 seconds
[2022-07-30 16:49:00,273] {processor.py:153} INFO - Started process (PID=799) to work on /opt/airflow/dags/assignment_solution/dags_communication/parent_dag1.py
[2022-07-30 16:49:00,273] {processor.py:641} INFO - Processing file /opt/airflow/dags/assignment_solution/dags_communication/parent_dag1.py for tasks to queue
[2022-07-30 16:49:00,274] {logging_mixin.py:115} INFO - [2022-07-30 16:49:00,274] {dagbag.py:507} INFO - Filling up the DagBag from /opt/airflow/dags/assignment_solution/dags_communication/parent_dag1.py
[2022-07-30 16:49:00,283] {processor.py:651} INFO - DAG(s) dict_keys(['parent_dag1']) retrieved from /opt/airflow/dags/assignment_solution/dags_communication/parent_dag1.py
[2022-07-30 16:49:00,313] {logging_mixin.py:115} INFO - [2022-07-30 16:49:00,313] {dag.py:2379} INFO - Sync 1 DAGs
[2022-07-30 16:49:00,344] {logging_mixin.py:115} INFO - [2022-07-30 16:49:00,344] {dag.py:2931} INFO - Setting next_dagrun for parent_dag1 to 2022-07-29T00:00:00+00:00, run_after=2022-07-30T00:00:00+00:00
[2022-07-30 16:49:00,355] {processor.py:161} INFO - Processing /opt/airflow/dags/assignment_solution/dags_communication/parent_dag1.py took 0.086 seconds
[2022-07-30 16:49:33,301] {processor.py:153} INFO - Started process (PID=887) to work on /opt/airflow/dags/assignment_solution/dags_communication/parent_dag1.py
[2022-07-30 16:49:33,305] {processor.py:641} INFO - Processing file /opt/airflow/dags/assignment_solution/dags_communication/parent_dag1.py for tasks to queue
[2022-07-30 16:49:33,305] {logging_mixin.py:115} INFO - [2022-07-30 16:49:33,305] {dagbag.py:507} INFO - Filling up the DagBag from /opt/airflow/dags/assignment_solution/dags_communication/parent_dag1.py
[2022-07-30 16:49:33,326] {processor.py:651} INFO - DAG(s) dict_keys(['parent_dag1']) retrieved from /opt/airflow/dags/assignment_solution/dags_communication/parent_dag1.py
[2022-07-30 16:49:33,372] {logging_mixin.py:115} INFO - [2022-07-30 16:49:33,372] {dag.py:2379} INFO - Sync 1 DAGs
[2022-07-30 16:49:33,443] {logging_mixin.py:115} INFO - [2022-07-30 16:49:33,443] {dag.py:2931} INFO - Setting next_dagrun for parent_dag1 to 2022-07-29T00:00:00+00:00, run_after=2022-07-30T00:00:00+00:00
[2022-07-30 16:49:33,468] {processor.py:161} INFO - Processing /opt/airflow/dags/assignment_solution/dags_communication/parent_dag1.py took 0.171 seconds
[2022-07-30 16:50:03,543] {processor.py:153} INFO - Started process (PID=957) to work on /opt/airflow/dags/assignment_solution/dags_communication/parent_dag1.py
[2022-07-30 16:50:03,543] {processor.py:641} INFO - Processing file /opt/airflow/dags/assignment_solution/dags_communication/parent_dag1.py for tasks to queue
[2022-07-30 16:50:03,544] {logging_mixin.py:115} INFO - [2022-07-30 16:50:03,544] {dagbag.py:507} INFO - Filling up the DagBag from /opt/airflow/dags/assignment_solution/dags_communication/parent_dag1.py
[2022-07-30 16:50:03,553] {processor.py:651} INFO - DAG(s) dict_keys(['parent_dag1']) retrieved from /opt/airflow/dags/assignment_solution/dags_communication/parent_dag1.py
[2022-07-30 16:50:03,582] {logging_mixin.py:115} INFO - [2022-07-30 16:50:03,582] {dag.py:2379} INFO - Sync 1 DAGs
[2022-07-30 16:50:03,614] {logging_mixin.py:115} INFO - [2022-07-30 16:50:03,614] {dag.py:2931} INFO - Setting next_dagrun for parent_dag1 to 2022-07-29T00:00:00+00:00, run_after=2022-07-30T00:00:00+00:00
[2022-07-30 16:50:03,627] {processor.py:161} INFO - Processing /opt/airflow/dags/assignment_solution/dags_communication/parent_dag1.py took 0.088 seconds
[2022-07-30 16:50:33,896] {processor.py:153} INFO - Started process (PID=1028) to work on /opt/airflow/dags/assignment_solution/dags_communication/parent_dag1.py
[2022-07-30 16:50:33,897] {processor.py:641} INFO - Processing file /opt/airflow/dags/assignment_solution/dags_communication/parent_dag1.py for tasks to queue
[2022-07-30 16:50:33,897] {logging_mixin.py:115} INFO - [2022-07-30 16:50:33,897] {dagbag.py:507} INFO - Filling up the DagBag from /opt/airflow/dags/assignment_solution/dags_communication/parent_dag1.py
[2022-07-30 16:50:33,906] {processor.py:651} INFO - DAG(s) dict_keys(['parent_dag1']) retrieved from /opt/airflow/dags/assignment_solution/dags_communication/parent_dag1.py
[2022-07-30 16:50:33,937] {logging_mixin.py:115} INFO - [2022-07-30 16:50:33,936] {dag.py:2379} INFO - Sync 1 DAGs
[2022-07-30 16:50:33,967] {logging_mixin.py:115} INFO - [2022-07-30 16:50:33,967] {dag.py:2931} INFO - Setting next_dagrun for parent_dag1 to 2022-07-29T00:00:00+00:00, run_after=2022-07-30T00:00:00+00:00
[2022-07-30 16:50:33,988] {processor.py:161} INFO - Processing /opt/airflow/dags/assignment_solution/dags_communication/parent_dag1.py took 0.096 seconds
[2022-07-30 16:51:06,943] {processor.py:153} INFO - Started process (PID=1111) to work on /opt/airflow/dags/assignment_solution/dags_communication/parent_dag1.py
[2022-07-30 16:51:06,944] {processor.py:641} INFO - Processing file /opt/airflow/dags/assignment_solution/dags_communication/parent_dag1.py for tasks to queue
[2022-07-30 16:51:06,944] {logging_mixin.py:115} INFO - [2022-07-30 16:51:06,944] {dagbag.py:507} INFO - Filling up the DagBag from /opt/airflow/dags/assignment_solution/dags_communication/parent_dag1.py
[2022-07-30 16:51:06,961] {processor.py:651} INFO - DAG(s) dict_keys(['parent_dag1']) retrieved from /opt/airflow/dags/assignment_solution/dags_communication/parent_dag1.py
[2022-07-30 16:51:07,014] {logging_mixin.py:115} INFO - [2022-07-30 16:51:07,014] {dag.py:2379} INFO - Sync 1 DAGs
[2022-07-30 16:51:07,174] {logging_mixin.py:115} INFO - [2022-07-30 16:51:07,174] {dag.py:2931} INFO - Setting next_dagrun for parent_dag1 to 2022-07-29T00:00:00+00:00, run_after=2022-07-30T00:00:00+00:00
[2022-07-30 16:51:07,256] {processor.py:161} INFO - Processing /opt/airflow/dags/assignment_solution/dags_communication/parent_dag1.py took 0.317 seconds
[2022-07-30 16:51:37,295] {processor.py:153} INFO - Started process (PID=1183) to work on /opt/airflow/dags/assignment_solution/dags_communication/parent_dag1.py
[2022-07-30 16:51:37,295] {processor.py:641} INFO - Processing file /opt/airflow/dags/assignment_solution/dags_communication/parent_dag1.py for tasks to queue
[2022-07-30 16:51:37,296] {logging_mixin.py:115} INFO - [2022-07-30 16:51:37,296] {dagbag.py:507} INFO - Filling up the DagBag from /opt/airflow/dags/assignment_solution/dags_communication/parent_dag1.py
[2022-07-30 16:51:37,304] {processor.py:651} INFO - DAG(s) dict_keys(['parent_dag1']) retrieved from /opt/airflow/dags/assignment_solution/dags_communication/parent_dag1.py
[2022-07-30 16:51:37,334] {logging_mixin.py:115} INFO - [2022-07-30 16:51:37,334] {dag.py:2379} INFO - Sync 1 DAGs
[2022-07-30 16:51:37,363] {logging_mixin.py:115} INFO - [2022-07-30 16:51:37,363] {dag.py:2931} INFO - Setting next_dagrun for parent_dag1 to 2022-07-29T00:00:00+00:00, run_after=2022-07-30T00:00:00+00:00
[2022-07-30 16:51:37,374] {processor.py:161} INFO - Processing /opt/airflow/dags/assignment_solution/dags_communication/parent_dag1.py took 0.083 seconds
[2022-07-30 16:52:08,677] {processor.py:153} INFO - Started process (PID=1261) to work on /opt/airflow/dags/assignment_solution/dags_communication/parent_dag1.py
[2022-07-30 16:52:08,678] {processor.py:641} INFO - Processing file /opt/airflow/dags/assignment_solution/dags_communication/parent_dag1.py for tasks to queue
[2022-07-30 16:52:08,679] {logging_mixin.py:115} INFO - [2022-07-30 16:52:08,679] {dagbag.py:507} INFO - Filling up the DagBag from /opt/airflow/dags/assignment_solution/dags_communication/parent_dag1.py
[2022-07-30 16:52:08,708] {processor.py:651} INFO - DAG(s) dict_keys(['parent_dag1']) retrieved from /opt/airflow/dags/assignment_solution/dags_communication/parent_dag1.py
[2022-07-30 16:52:08,770] {logging_mixin.py:115} INFO - [2022-07-30 16:52:08,770] {dag.py:2379} INFO - Sync 1 DAGs
[2022-07-30 16:52:08,839] {logging_mixin.py:115} INFO - [2022-07-30 16:52:08,839] {dag.py:2931} INFO - Setting next_dagrun for parent_dag1 to 2022-07-29T00:00:00+00:00, run_after=2022-07-30T00:00:00+00:00
[2022-07-30 16:52:08,867] {processor.py:161} INFO - Processing /opt/airflow/dags/assignment_solution/dags_communication/parent_dag1.py took 0.219 seconds
[2022-07-30 16:52:39,238] {processor.py:153} INFO - Started process (PID=1343) to work on /opt/airflow/dags/assignment_solution/dags_communication/parent_dag1.py
[2022-07-30 16:52:39,238] {processor.py:641} INFO - Processing file /opt/airflow/dags/assignment_solution/dags_communication/parent_dag1.py for tasks to queue
[2022-07-30 16:52:39,239] {logging_mixin.py:115} INFO - [2022-07-30 16:52:39,239] {dagbag.py:507} INFO - Filling up the DagBag from /opt/airflow/dags/assignment_solution/dags_communication/parent_dag1.py
[2022-07-30 16:52:39,247] {processor.py:651} INFO - DAG(s) dict_keys(['parent_dag1']) retrieved from /opt/airflow/dags/assignment_solution/dags_communication/parent_dag1.py
[2022-07-30 16:52:39,316] {logging_mixin.py:115} INFO - [2022-07-30 16:52:39,315] {dag.py:2379} INFO - Sync 1 DAGs
[2022-07-30 16:52:39,348] {logging_mixin.py:115} INFO - [2022-07-30 16:52:39,348] {dag.py:2931} INFO - Setting next_dagrun for parent_dag1 to 2022-07-29T00:00:00+00:00, run_after=2022-07-30T00:00:00+00:00
[2022-07-30 16:52:39,362] {processor.py:161} INFO - Processing /opt/airflow/dags/assignment_solution/dags_communication/parent_dag1.py took 0.137 seconds
[2022-07-30 16:53:10,187] {processor.py:153} INFO - Started process (PID=1421) to work on /opt/airflow/dags/assignment_solution/dags_communication/parent_dag1.py
[2022-07-30 16:53:10,188] {processor.py:641} INFO - Processing file /opt/airflow/dags/assignment_solution/dags_communication/parent_dag1.py for tasks to queue
[2022-07-30 16:53:10,189] {logging_mixin.py:115} INFO - [2022-07-30 16:53:10,189] {dagbag.py:507} INFO - Filling up the DagBag from /opt/airflow/dags/assignment_solution/dags_communication/parent_dag1.py
[2022-07-30 16:53:10,202] {processor.py:651} INFO - DAG(s) dict_keys(['parent_dag1']) retrieved from /opt/airflow/dags/assignment_solution/dags_communication/parent_dag1.py
[2022-07-30 16:53:10,241] {logging_mixin.py:115} INFO - [2022-07-30 16:53:10,241] {dag.py:2379} INFO - Sync 1 DAGs
[2022-07-30 16:53:10,337] {logging_mixin.py:115} INFO - [2022-07-30 16:53:10,337] {dag.py:2931} INFO - Setting next_dagrun for parent_dag1 to 2022-07-29T00:00:00+00:00, run_after=2022-07-30T00:00:00+00:00
[2022-07-30 16:53:10,388] {processor.py:161} INFO - Processing /opt/airflow/dags/assignment_solution/dags_communication/parent_dag1.py took 0.208 seconds
[2022-07-30 16:53:41,439] {processor.py:153} INFO - Started process (PID=1502) to work on /opt/airflow/dags/assignment_solution/dags_communication/parent_dag1.py
[2022-07-30 16:53:41,450] {processor.py:641} INFO - Processing file /opt/airflow/dags/assignment_solution/dags_communication/parent_dag1.py for tasks to queue
[2022-07-30 16:53:41,451] {logging_mixin.py:115} INFO - [2022-07-30 16:53:41,451] {dagbag.py:507} INFO - Filling up the DagBag from /opt/airflow/dags/assignment_solution/dags_communication/parent_dag1.py
[2022-07-30 16:53:41,483] {processor.py:651} INFO - DAG(s) dict_keys(['parent_dag1']) retrieved from /opt/airflow/dags/assignment_solution/dags_communication/parent_dag1.py
[2022-07-30 16:53:41,576] {logging_mixin.py:115} INFO - [2022-07-30 16:53:41,576] {dag.py:2379} INFO - Sync 1 DAGs
[2022-07-30 16:53:41,690] {logging_mixin.py:115} INFO - [2022-07-30 16:53:41,690] {dag.py:2931} INFO - Setting next_dagrun for parent_dag1 to 2022-07-29T00:00:00+00:00, run_after=2022-07-30T00:00:00+00:00
[2022-07-30 16:53:41,712] {processor.py:161} INFO - Processing /opt/airflow/dags/assignment_solution/dags_communication/parent_dag1.py took 0.293 seconds
[2022-07-30 16:54:11,875] {processor.py:153} INFO - Started process (PID=1581) to work on /opt/airflow/dags/assignment_solution/dags_communication/parent_dag1.py
[2022-07-30 16:54:11,876] {processor.py:641} INFO - Processing file /opt/airflow/dags/assignment_solution/dags_communication/parent_dag1.py for tasks to queue
[2022-07-30 16:54:11,876] {logging_mixin.py:115} INFO - [2022-07-30 16:54:11,876] {dagbag.py:507} INFO - Filling up the DagBag from /opt/airflow/dags/assignment_solution/dags_communication/parent_dag1.py
[2022-07-30 16:54:11,885] {processor.py:651} INFO - DAG(s) dict_keys(['parent_dag1']) retrieved from /opt/airflow/dags/assignment_solution/dags_communication/parent_dag1.py
[2022-07-30 16:54:11,917] {logging_mixin.py:115} INFO - [2022-07-30 16:54:11,917] {dag.py:2379} INFO - Sync 1 DAGs
[2022-07-30 16:54:11,949] {logging_mixin.py:115} INFO - [2022-07-30 16:54:11,949] {dag.py:2931} INFO - Setting next_dagrun for parent_dag1 to 2022-07-29T00:00:00+00:00, run_after=2022-07-30T00:00:00+00:00
[2022-07-30 16:54:11,963] {processor.py:161} INFO - Processing /opt/airflow/dags/assignment_solution/dags_communication/parent_dag1.py took 0.092 seconds
[2022-07-30 16:54:42,503] {processor.py:153} INFO - Started process (PID=1656) to work on /opt/airflow/dags/assignment_solution/dags_communication/parent_dag1.py
[2022-07-30 16:54:42,504] {processor.py:641} INFO - Processing file /opt/airflow/dags/assignment_solution/dags_communication/parent_dag1.py for tasks to queue
[2022-07-30 16:54:42,505] {logging_mixin.py:115} INFO - [2022-07-30 16:54:42,505] {dagbag.py:507} INFO - Filling up the DagBag from /opt/airflow/dags/assignment_solution/dags_communication/parent_dag1.py
[2022-07-30 16:54:42,513] {processor.py:651} INFO - DAG(s) dict_keys(['parent_dag1']) retrieved from /opt/airflow/dags/assignment_solution/dags_communication/parent_dag1.py
[2022-07-30 16:54:42,536] {logging_mixin.py:115} INFO - [2022-07-30 16:54:42,535] {dag.py:2379} INFO - Sync 1 DAGs
[2022-07-30 16:54:42,557] {logging_mixin.py:115} INFO - [2022-07-30 16:54:42,557] {dag.py:2931} INFO - Setting next_dagrun for parent_dag1 to 2022-07-29T00:00:00+00:00, run_after=2022-07-30T00:00:00+00:00
[2022-07-30 16:54:42,567] {processor.py:161} INFO - Processing /opt/airflow/dags/assignment_solution/dags_communication/parent_dag1.py took 0.068 seconds
[2022-07-30 16:55:13,277] {processor.py:153} INFO - Started process (PID=1740) to work on /opt/airflow/dags/assignment_solution/dags_communication/parent_dag1.py
[2022-07-30 16:55:13,278] {processor.py:641} INFO - Processing file /opt/airflow/dags/assignment_solution/dags_communication/parent_dag1.py for tasks to queue
[2022-07-30 16:55:13,278] {logging_mixin.py:115} INFO - [2022-07-30 16:55:13,278] {dagbag.py:507} INFO - Filling up the DagBag from /opt/airflow/dags/assignment_solution/dags_communication/parent_dag1.py
[2022-07-30 16:55:13,288] {processor.py:651} INFO - DAG(s) dict_keys(['parent_dag1']) retrieved from /opt/airflow/dags/assignment_solution/dags_communication/parent_dag1.py
[2022-07-30 16:55:13,362] {logging_mixin.py:115} INFO - [2022-07-30 16:55:13,362] {dag.py:2379} INFO - Sync 1 DAGs
[2022-07-30 16:55:13,417] {logging_mixin.py:115} INFO - [2022-07-30 16:55:13,416] {dag.py:2931} INFO - Setting next_dagrun for parent_dag1 to 2022-07-29T00:00:00+00:00, run_after=2022-07-30T00:00:00+00:00
[2022-07-30 16:55:13,431] {processor.py:161} INFO - Processing /opt/airflow/dags/assignment_solution/dags_communication/parent_dag1.py took 0.158 seconds
[2022-07-30 16:55:44,364] {processor.py:153} INFO - Started process (PID=1816) to work on /opt/airflow/dags/assignment_solution/dags_communication/parent_dag1.py
[2022-07-30 16:55:44,364] {processor.py:641} INFO - Processing file /opt/airflow/dags/assignment_solution/dags_communication/parent_dag1.py for tasks to queue
[2022-07-30 16:55:44,365] {logging_mixin.py:115} INFO - [2022-07-30 16:55:44,365] {dagbag.py:507} INFO - Filling up the DagBag from /opt/airflow/dags/assignment_solution/dags_communication/parent_dag1.py
[2022-07-30 16:55:44,375] {processor.py:651} INFO - DAG(s) dict_keys(['parent_dag1']) retrieved from /opt/airflow/dags/assignment_solution/dags_communication/parent_dag1.py
[2022-07-30 16:55:44,411] {logging_mixin.py:115} INFO - [2022-07-30 16:55:44,411] {dag.py:2379} INFO - Sync 1 DAGs
[2022-07-30 16:55:44,447] {logging_mixin.py:115} INFO - [2022-07-30 16:55:44,447] {dag.py:2931} INFO - Setting next_dagrun for parent_dag1 to 2022-07-29T00:00:00+00:00, run_after=2022-07-30T00:00:00+00:00
[2022-07-30 16:55:44,462] {processor.py:161} INFO - Processing /opt/airflow/dags/assignment_solution/dags_communication/parent_dag1.py took 0.102 seconds
[2022-07-30 16:56:15,379] {processor.py:153} INFO - Started process (PID=1899) to work on /opt/airflow/dags/assignment_solution/dags_communication/parent_dag1.py
[2022-07-30 16:56:15,379] {processor.py:641} INFO - Processing file /opt/airflow/dags/assignment_solution/dags_communication/parent_dag1.py for tasks to queue
[2022-07-30 16:56:15,380] {logging_mixin.py:115} INFO - [2022-07-30 16:56:15,380] {dagbag.py:507} INFO - Filling up the DagBag from /opt/airflow/dags/assignment_solution/dags_communication/parent_dag1.py
[2022-07-30 16:56:15,388] {processor.py:651} INFO - DAG(s) dict_keys(['parent_dag1']) retrieved from /opt/airflow/dags/assignment_solution/dags_communication/parent_dag1.py
[2022-07-30 16:56:15,419] {logging_mixin.py:115} INFO - [2022-07-30 16:56:15,419] {dag.py:2379} INFO - Sync 1 DAGs
[2022-07-30 16:56:15,452] {logging_mixin.py:115} INFO - [2022-07-30 16:56:15,452] {dag.py:2931} INFO - Setting next_dagrun for parent_dag1 to 2022-07-29T00:00:00+00:00, run_after=2022-07-30T00:00:00+00:00
[2022-07-30 16:56:15,478] {processor.py:161} INFO - Processing /opt/airflow/dags/assignment_solution/dags_communication/parent_dag1.py took 0.103 seconds
[2022-07-30 16:56:47,231] {processor.py:153} INFO - Started process (PID=1973) to work on /opt/airflow/dags/assignment_solution/dags_communication/parent_dag1.py
[2022-07-30 16:56:47,240] {processor.py:641} INFO - Processing file /opt/airflow/dags/assignment_solution/dags_communication/parent_dag1.py for tasks to queue
[2022-07-30 16:56:47,241] {logging_mixin.py:115} INFO - [2022-07-30 16:56:47,241] {dagbag.py:507} INFO - Filling up the DagBag from /opt/airflow/dags/assignment_solution/dags_communication/parent_dag1.py
[2022-07-30 16:56:47,252] {processor.py:651} INFO - DAG(s) dict_keys(['parent_dag1']) retrieved from /opt/airflow/dags/assignment_solution/dags_communication/parent_dag1.py
[2022-07-30 16:56:47,281] {logging_mixin.py:115} INFO - [2022-07-30 16:56:47,281] {dag.py:2379} INFO - Sync 1 DAGs
[2022-07-30 16:56:47,314] {logging_mixin.py:115} INFO - [2022-07-30 16:56:47,314] {dag.py:2931} INFO - Setting next_dagrun for parent_dag1 to 2022-07-29T00:00:00+00:00, run_after=2022-07-30T00:00:00+00:00
[2022-07-30 16:56:47,329] {processor.py:161} INFO - Processing /opt/airflow/dags/assignment_solution/dags_communication/parent_dag1.py took 0.101 seconds
[2022-07-30 16:57:18,352] {processor.py:153} INFO - Started process (PID=2054) to work on /opt/airflow/dags/assignment_solution/dags_communication/parent_dag1.py
[2022-07-30 16:57:18,352] {processor.py:641} INFO - Processing file /opt/airflow/dags/assignment_solution/dags_communication/parent_dag1.py for tasks to queue
[2022-07-30 16:57:18,353] {logging_mixin.py:115} INFO - [2022-07-30 16:57:18,353] {dagbag.py:507} INFO - Filling up the DagBag from /opt/airflow/dags/assignment_solution/dags_communication/parent_dag1.py
[2022-07-30 16:57:18,377] {processor.py:651} INFO - DAG(s) dict_keys(['parent_dag1']) retrieved from /opt/airflow/dags/assignment_solution/dags_communication/parent_dag1.py
[2022-07-30 16:57:18,488] {logging_mixin.py:115} INFO - [2022-07-30 16:57:18,488] {dag.py:2379} INFO - Sync 1 DAGs
[2022-07-30 16:57:18,558] {logging_mixin.py:115} INFO - [2022-07-30 16:57:18,557] {dag.py:2931} INFO - Setting next_dagrun for parent_dag1 to 2022-07-29T00:00:00+00:00, run_after=2022-07-30T00:00:00+00:00
[2022-07-30 16:57:18,585] {processor.py:161} INFO - Processing /opt/airflow/dags/assignment_solution/dags_communication/parent_dag1.py took 0.237 seconds
[2022-07-30 16:57:48,736] {processor.py:153} INFO - Started process (PID=2126) to work on /opt/airflow/dags/assignment_solution/dags_communication/parent_dag1.py
[2022-07-30 16:57:48,739] {processor.py:641} INFO - Processing file /opt/airflow/dags/assignment_solution/dags_communication/parent_dag1.py for tasks to queue
[2022-07-30 16:57:48,740] {logging_mixin.py:115} INFO - [2022-07-30 16:57:48,739] {dagbag.py:507} INFO - Filling up the DagBag from /opt/airflow/dags/assignment_solution/dags_communication/parent_dag1.py
[2022-07-30 16:57:48,763] {processor.py:651} INFO - DAG(s) dict_keys(['parent_dag1']) retrieved from /opt/airflow/dags/assignment_solution/dags_communication/parent_dag1.py
[2022-07-30 16:57:48,820] {logging_mixin.py:115} INFO - [2022-07-30 16:57:48,820] {dag.py:2379} INFO - Sync 1 DAGs
[2022-07-30 16:57:48,890] {logging_mixin.py:115} INFO - [2022-07-30 16:57:48,890] {dag.py:2931} INFO - Setting next_dagrun for parent_dag1 to 2022-07-29T00:00:00+00:00, run_after=2022-07-30T00:00:00+00:00
[2022-07-30 16:57:48,929] {processor.py:161} INFO - Processing /opt/airflow/dags/assignment_solution/dags_communication/parent_dag1.py took 0.201 seconds
[2022-07-30 16:58:19,806] {processor.py:153} INFO - Started process (PID=2210) to work on /opt/airflow/dags/assignment_solution/dags_communication/parent_dag1.py
[2022-07-30 16:58:19,806] {processor.py:641} INFO - Processing file /opt/airflow/dags/assignment_solution/dags_communication/parent_dag1.py for tasks to queue
[2022-07-30 16:58:19,807] {logging_mixin.py:115} INFO - [2022-07-30 16:58:19,807] {dagbag.py:507} INFO - Filling up the DagBag from /opt/airflow/dags/assignment_solution/dags_communication/parent_dag1.py
[2022-07-30 16:58:19,821] {processor.py:651} INFO - DAG(s) dict_keys(['parent_dag1']) retrieved from /opt/airflow/dags/assignment_solution/dags_communication/parent_dag1.py
[2022-07-30 16:58:19,879] {logging_mixin.py:115} INFO - [2022-07-30 16:58:19,879] {dag.py:2379} INFO - Sync 1 DAGs
[2022-07-30 16:58:19,931] {logging_mixin.py:115} INFO - [2022-07-30 16:58:19,931] {dag.py:2931} INFO - Setting next_dagrun for parent_dag1 to 2022-07-29T00:00:00+00:00, run_after=2022-07-30T00:00:00+00:00
[2022-07-30 16:58:19,954] {processor.py:161} INFO - Processing /opt/airflow/dags/assignment_solution/dags_communication/parent_dag1.py took 0.159 seconds
[2022-07-30 16:58:50,161] {processor.py:153} INFO - Started process (PID=2281) to work on /opt/airflow/dags/assignment_solution/dags_communication/parent_dag1.py
[2022-07-30 16:58:50,162] {processor.py:641} INFO - Processing file /opt/airflow/dags/assignment_solution/dags_communication/parent_dag1.py for tasks to queue
[2022-07-30 16:58:50,162] {logging_mixin.py:115} INFO - [2022-07-30 16:58:50,162] {dagbag.py:507} INFO - Filling up the DagBag from /opt/airflow/dags/assignment_solution/dags_communication/parent_dag1.py
[2022-07-30 16:58:50,171] {processor.py:651} INFO - DAG(s) dict_keys(['parent_dag1']) retrieved from /opt/airflow/dags/assignment_solution/dags_communication/parent_dag1.py
[2022-07-30 16:58:50,238] {logging_mixin.py:115} INFO - [2022-07-30 16:58:50,238] {dag.py:2379} INFO - Sync 1 DAGs
[2022-07-30 16:58:50,271] {logging_mixin.py:115} INFO - [2022-07-30 16:58:50,271] {dag.py:2931} INFO - Setting next_dagrun for parent_dag1 to 2022-07-29T00:00:00+00:00, run_after=2022-07-30T00:00:00+00:00
[2022-07-30 16:58:50,284] {processor.py:161} INFO - Processing /opt/airflow/dags/assignment_solution/dags_communication/parent_dag1.py took 0.128 seconds
[2022-07-30 16:59:20,712] {processor.py:153} INFO - Started process (PID=2365) to work on /opt/airflow/dags/assignment_solution/dags_communication/parent_dag1.py
[2022-07-30 16:59:20,713] {processor.py:641} INFO - Processing file /opt/airflow/dags/assignment_solution/dags_communication/parent_dag1.py for tasks to queue
[2022-07-30 16:59:20,713] {logging_mixin.py:115} INFO - [2022-07-30 16:59:20,713] {dagbag.py:507} INFO - Filling up the DagBag from /opt/airflow/dags/assignment_solution/dags_communication/parent_dag1.py
[2022-07-30 16:59:20,722] {processor.py:651} INFO - DAG(s) dict_keys(['parent_dag1']) retrieved from /opt/airflow/dags/assignment_solution/dags_communication/parent_dag1.py
[2022-07-30 16:59:20,753] {logging_mixin.py:115} INFO - [2022-07-30 16:59:20,753] {dag.py:2379} INFO - Sync 1 DAGs
[2022-07-30 16:59:20,788] {logging_mixin.py:115} INFO - [2022-07-30 16:59:20,788] {dag.py:2931} INFO - Setting next_dagrun for parent_dag1 to 2022-07-29T00:00:00+00:00, run_after=2022-07-30T00:00:00+00:00
[2022-07-30 16:59:20,803] {processor.py:161} INFO - Processing /opt/airflow/dags/assignment_solution/dags_communication/parent_dag1.py took 0.094 seconds
[2022-07-30 16:59:52,273] {processor.py:153} INFO - Started process (PID=2446) to work on /opt/airflow/dags/assignment_solution/dags_communication/parent_dag1.py
[2022-07-30 16:59:52,280] {processor.py:641} INFO - Processing file /opt/airflow/dags/assignment_solution/dags_communication/parent_dag1.py for tasks to queue
[2022-07-30 16:59:52,281] {logging_mixin.py:115} INFO - [2022-07-30 16:59:52,281] {dagbag.py:507} INFO - Filling up the DagBag from /opt/airflow/dags/assignment_solution/dags_communication/parent_dag1.py
[2022-07-30 16:59:52,302] {processor.py:651} INFO - DAG(s) dict_keys(['parent_dag1']) retrieved from /opt/airflow/dags/assignment_solution/dags_communication/parent_dag1.py
[2022-07-30 16:59:52,398] {logging_mixin.py:115} INFO - [2022-07-30 16:59:52,398] {dag.py:2379} INFO - Sync 1 DAGs
[2022-07-30 16:59:52,484] {logging_mixin.py:115} INFO - [2022-07-30 16:59:52,484] {dag.py:2931} INFO - Setting next_dagrun for parent_dag1 to 2022-07-29T00:00:00+00:00, run_after=2022-07-30T00:00:00+00:00
[2022-07-30 16:59:52,513] {processor.py:161} INFO - Processing /opt/airflow/dags/assignment_solution/dags_communication/parent_dag1.py took 0.252 seconds
[2022-07-30 17:00:23,751] {processor.py:153} INFO - Started process (PID=2528) to work on /opt/airflow/dags/assignment_solution/dags_communication/parent_dag1.py
[2022-07-30 17:00:23,751] {processor.py:641} INFO - Processing file /opt/airflow/dags/assignment_solution/dags_communication/parent_dag1.py for tasks to queue
[2022-07-30 17:00:23,752] {logging_mixin.py:115} INFO - [2022-07-30 17:00:23,752] {dagbag.py:507} INFO - Filling up the DagBag from /opt/airflow/dags/assignment_solution/dags_communication/parent_dag1.py
[2022-07-30 17:00:23,761] {processor.py:651} INFO - DAG(s) dict_keys(['parent_dag1']) retrieved from /opt/airflow/dags/assignment_solution/dags_communication/parent_dag1.py
[2022-07-30 17:00:23,791] {logging_mixin.py:115} INFO - [2022-07-30 17:00:23,791] {dag.py:2379} INFO - Sync 1 DAGs
[2022-07-30 17:00:23,825] {logging_mixin.py:115} INFO - [2022-07-30 17:00:23,825] {dag.py:2931} INFO - Setting next_dagrun for parent_dag1 to 2022-07-29T00:00:00+00:00, run_after=2022-07-30T00:00:00+00:00
[2022-07-30 17:00:23,839] {processor.py:161} INFO - Processing /opt/airflow/dags/assignment_solution/dags_communication/parent_dag1.py took 0.092 seconds
[2022-07-30 17:00:55,211] {processor.py:153} INFO - Started process (PID=2606) to work on /opt/airflow/dags/assignment_solution/dags_communication/parent_dag1.py
[2022-07-30 17:00:55,220] {processor.py:641} INFO - Processing file /opt/airflow/dags/assignment_solution/dags_communication/parent_dag1.py for tasks to queue
[2022-07-30 17:00:55,221] {logging_mixin.py:115} INFO - [2022-07-30 17:00:55,221] {dagbag.py:507} INFO - Filling up the DagBag from /opt/airflow/dags/assignment_solution/dags_communication/parent_dag1.py
[2022-07-30 17:00:55,238] {processor.py:651} INFO - DAG(s) dict_keys(['parent_dag1']) retrieved from /opt/airflow/dags/assignment_solution/dags_communication/parent_dag1.py
[2022-07-30 17:00:55,278] {logging_mixin.py:115} INFO - [2022-07-30 17:00:55,278] {dag.py:2379} INFO - Sync 1 DAGs
[2022-07-30 17:00:55,314] {logging_mixin.py:115} INFO - [2022-07-30 17:00:55,314] {dag.py:2931} INFO - Setting next_dagrun for parent_dag1 to 2022-07-29T00:00:00+00:00, run_after=2022-07-30T00:00:00+00:00
[2022-07-30 17:00:55,338] {processor.py:161} INFO - Processing /opt/airflow/dags/assignment_solution/dags_communication/parent_dag1.py took 0.130 seconds
[2022-07-30 17:01:26,722] {processor.py:153} INFO - Started process (PID=2684) to work on /opt/airflow/dags/assignment_solution/dags_communication/parent_dag1.py
[2022-07-30 17:01:26,744] {processor.py:641} INFO - Processing file /opt/airflow/dags/assignment_solution/dags_communication/parent_dag1.py for tasks to queue
[2022-07-30 17:01:26,745] {logging_mixin.py:115} INFO - [2022-07-30 17:01:26,745] {dagbag.py:507} INFO - Filling up the DagBag from /opt/airflow/dags/assignment_solution/dags_communication/parent_dag1.py
[2022-07-30 17:01:26,786] {processor.py:651} INFO - DAG(s) dict_keys(['parent_dag1']) retrieved from /opt/airflow/dags/assignment_solution/dags_communication/parent_dag1.py
[2022-07-30 17:01:26,926] {logging_mixin.py:115} INFO - [2022-07-30 17:01:26,926] {dag.py:2379} INFO - Sync 1 DAGs
[2022-07-30 17:01:26,980] {logging_mixin.py:115} INFO - [2022-07-30 17:01:26,980] {dag.py:2931} INFO - Setting next_dagrun for parent_dag1 to 2022-07-29T00:00:00+00:00, run_after=2022-07-30T00:00:00+00:00
[2022-07-30 17:01:26,995] {processor.py:161} INFO - Processing /opt/airflow/dags/assignment_solution/dags_communication/parent_dag1.py took 0.312 seconds
[2022-07-30 17:01:57,178] {processor.py:153} INFO - Started process (PID=2761) to work on /opt/airflow/dags/assignment_solution/dags_communication/parent_dag1.py
[2022-07-30 17:01:57,178] {processor.py:641} INFO - Processing file /opt/airflow/dags/assignment_solution/dags_communication/parent_dag1.py for tasks to queue
[2022-07-30 17:01:57,179] {logging_mixin.py:115} INFO - [2022-07-30 17:01:57,179] {dagbag.py:507} INFO - Filling up the DagBag from /opt/airflow/dags/assignment_solution/dags_communication/parent_dag1.py
[2022-07-30 17:01:57,185] {processor.py:651} INFO - DAG(s) dict_keys(['parent_dag1']) retrieved from /opt/airflow/dags/assignment_solution/dags_communication/parent_dag1.py
[2022-07-30 17:01:57,209] {logging_mixin.py:115} INFO - [2022-07-30 17:01:57,208] {dag.py:2379} INFO - Sync 1 DAGs
[2022-07-30 17:01:57,232] {logging_mixin.py:115} INFO - [2022-07-30 17:01:57,232] {dag.py:2931} INFO - Setting next_dagrun for parent_dag1 to 2022-07-29T00:00:00+00:00, run_after=2022-07-30T00:00:00+00:00
[2022-07-30 17:01:57,243] {processor.py:161} INFO - Processing /opt/airflow/dags/assignment_solution/dags_communication/parent_dag1.py took 0.068 seconds
[2022-07-30 17:02:28,115] {processor.py:153} INFO - Started process (PID=2835) to work on /opt/airflow/dags/assignment_solution/dags_communication/parent_dag1.py
[2022-07-30 17:02:28,120] {processor.py:641} INFO - Processing file /opt/airflow/dags/assignment_solution/dags_communication/parent_dag1.py for tasks to queue
[2022-07-30 17:02:28,121] {logging_mixin.py:115} INFO - [2022-07-30 17:02:28,121] {dagbag.py:507} INFO - Filling up the DagBag from /opt/airflow/dags/assignment_solution/dags_communication/parent_dag1.py
[2022-07-30 17:02:28,136] {processor.py:651} INFO - DAG(s) dict_keys(['parent_dag1']) retrieved from /opt/airflow/dags/assignment_solution/dags_communication/parent_dag1.py
[2022-07-30 17:02:28,188] {logging_mixin.py:115} INFO - [2022-07-30 17:02:28,187] {dag.py:2379} INFO - Sync 1 DAGs
[2022-07-30 17:02:28,256] {logging_mixin.py:115} INFO - [2022-07-30 17:02:28,256] {dag.py:2931} INFO - Setting next_dagrun for parent_dag1 to 2022-07-29T00:00:00+00:00, run_after=2022-07-30T00:00:00+00:00
[2022-07-30 17:02:28,286] {processor.py:161} INFO - Processing /opt/airflow/dags/assignment_solution/dags_communication/parent_dag1.py took 0.175 seconds
[2022-07-30 17:02:58,493] {processor.py:153} INFO - Started process (PID=2922) to work on /opt/airflow/dags/assignment_solution/dags_communication/parent_dag1.py
[2022-07-30 17:02:58,493] {processor.py:641} INFO - Processing file /opt/airflow/dags/assignment_solution/dags_communication/parent_dag1.py for tasks to queue
[2022-07-30 17:02:58,494] {logging_mixin.py:115} INFO - [2022-07-30 17:02:58,494] {dagbag.py:507} INFO - Filling up the DagBag from /opt/airflow/dags/assignment_solution/dags_communication/parent_dag1.py
[2022-07-30 17:02:58,502] {processor.py:651} INFO - DAG(s) dict_keys(['parent_dag1']) retrieved from /opt/airflow/dags/assignment_solution/dags_communication/parent_dag1.py
[2022-07-30 17:02:58,564] {logging_mixin.py:115} INFO - [2022-07-30 17:02:58,564] {dag.py:2379} INFO - Sync 1 DAGs
[2022-07-30 17:02:58,652] {logging_mixin.py:115} INFO - [2022-07-30 17:02:58,651] {dag.py:2931} INFO - Setting next_dagrun for parent_dag1 to 2022-07-29T00:00:00+00:00, run_after=2022-07-30T00:00:00+00:00
[2022-07-30 17:02:58,666] {processor.py:161} INFO - Processing /opt/airflow/dags/assignment_solution/dags_communication/parent_dag1.py took 0.177 seconds
[2022-07-30 17:03:28,864] {processor.py:153} INFO - Started process (PID=2995) to work on /opt/airflow/dags/assignment_solution/dags_communication/parent_dag1.py
[2022-07-30 17:03:28,865] {processor.py:641} INFO - Processing file /opt/airflow/dags/assignment_solution/dags_communication/parent_dag1.py for tasks to queue
[2022-07-30 17:03:28,866] {logging_mixin.py:115} INFO - [2022-07-30 17:03:28,866] {dagbag.py:507} INFO - Filling up the DagBag from /opt/airflow/dags/assignment_solution/dags_communication/parent_dag1.py
[2022-07-30 17:03:28,876] {processor.py:651} INFO - DAG(s) dict_keys(['parent_dag1']) retrieved from /opt/airflow/dags/assignment_solution/dags_communication/parent_dag1.py
[2022-07-30 17:03:28,916] {logging_mixin.py:115} INFO - [2022-07-30 17:03:28,916] {dag.py:2379} INFO - Sync 1 DAGs
[2022-07-30 17:03:28,953] {logging_mixin.py:115} INFO - [2022-07-30 17:03:28,953] {dag.py:2931} INFO - Setting next_dagrun for parent_dag1 to 2022-07-29T00:00:00+00:00, run_after=2022-07-30T00:00:00+00:00
[2022-07-30 17:03:28,971] {processor.py:161} INFO - Processing /opt/airflow/dags/assignment_solution/dags_communication/parent_dag1.py took 0.112 seconds
[2022-07-30 17:04:00,394] {processor.py:153} INFO - Started process (PID=3078) to work on /opt/airflow/dags/assignment_solution/dags_communication/parent_dag1.py
[2022-07-30 17:04:00,394] {processor.py:641} INFO - Processing file /opt/airflow/dags/assignment_solution/dags_communication/parent_dag1.py for tasks to queue
[2022-07-30 17:04:00,395] {logging_mixin.py:115} INFO - [2022-07-30 17:04:00,395] {dagbag.py:507} INFO - Filling up the DagBag from /opt/airflow/dags/assignment_solution/dags_communication/parent_dag1.py
[2022-07-30 17:04:00,403] {processor.py:651} INFO - DAG(s) dict_keys(['parent_dag1']) retrieved from /opt/airflow/dags/assignment_solution/dags_communication/parent_dag1.py
[2022-07-30 17:04:00,456] {logging_mixin.py:115} INFO - [2022-07-30 17:04:00,456] {dag.py:2379} INFO - Sync 1 DAGs
[2022-07-30 17:04:00,538] {logging_mixin.py:115} INFO - [2022-07-30 17:04:00,537] {dag.py:2931} INFO - Setting next_dagrun for parent_dag1 to 2022-07-29T00:00:00+00:00, run_after=2022-07-30T00:00:00+00:00
[2022-07-30 17:04:00,573] {processor.py:161} INFO - Processing /opt/airflow/dags/assignment_solution/dags_communication/parent_dag1.py took 0.183 seconds
[2022-07-30 17:04:31,049] {processor.py:153} INFO - Started process (PID=3153) to work on /opt/airflow/dags/assignment_solution/dags_communication/parent_dag1.py
[2022-07-30 17:04:31,056] {processor.py:641} INFO - Processing file /opt/airflow/dags/assignment_solution/dags_communication/parent_dag1.py for tasks to queue
[2022-07-30 17:04:31,057] {logging_mixin.py:115} INFO - [2022-07-30 17:04:31,056] {dagbag.py:507} INFO - Filling up the DagBag from /opt/airflow/dags/assignment_solution/dags_communication/parent_dag1.py
[2022-07-30 17:04:31,073] {processor.py:651} INFO - DAG(s) dict_keys(['parent_dag1']) retrieved from /opt/airflow/dags/assignment_solution/dags_communication/parent_dag1.py
[2022-07-30 17:04:31,113] {logging_mixin.py:115} INFO - [2022-07-30 17:04:31,113] {dag.py:2379} INFO - Sync 1 DAGs
[2022-07-30 17:04:31,146] {logging_mixin.py:115} INFO - [2022-07-30 17:04:31,146] {dag.py:2931} INFO - Setting next_dagrun for parent_dag1 to 2022-07-29T00:00:00+00:00, run_after=2022-07-30T00:00:00+00:00
[2022-07-30 17:04:31,175] {processor.py:161} INFO - Processing /opt/airflow/dags/assignment_solution/dags_communication/parent_dag1.py took 0.136 seconds
[2022-07-30 17:05:01,349] {processor.py:153} INFO - Started process (PID=3229) to work on /opt/airflow/dags/assignment_solution/dags_communication/parent_dag1.py
[2022-07-30 17:05:01,350] {processor.py:641} INFO - Processing file /opt/airflow/dags/assignment_solution/dags_communication/parent_dag1.py for tasks to queue
[2022-07-30 17:05:01,350] {logging_mixin.py:115} INFO - [2022-07-30 17:05:01,350] {dagbag.py:507} INFO - Filling up the DagBag from /opt/airflow/dags/assignment_solution/dags_communication/parent_dag1.py
[2022-07-30 17:05:01,359] {processor.py:651} INFO - DAG(s) dict_keys(['parent_dag1']) retrieved from /opt/airflow/dags/assignment_solution/dags_communication/parent_dag1.py
[2022-07-30 17:05:01,389] {logging_mixin.py:115} INFO - [2022-07-30 17:05:01,389] {dag.py:2379} INFO - Sync 1 DAGs
[2022-07-30 17:05:01,427] {logging_mixin.py:115} INFO - [2022-07-30 17:05:01,427] {dag.py:2931} INFO - Setting next_dagrun for parent_dag1 to 2022-07-29T00:00:00+00:00, run_after=2022-07-30T00:00:00+00:00
[2022-07-30 17:05:01,444] {processor.py:161} INFO - Processing /opt/airflow/dags/assignment_solution/dags_communication/parent_dag1.py took 0.098 seconds
[2022-07-30 17:05:31,732] {processor.py:153} INFO - Started process (PID=3315) to work on /opt/airflow/dags/assignment_solution/dags_communication/parent_dag1.py
[2022-07-30 17:05:31,733] {processor.py:641} INFO - Processing file /opt/airflow/dags/assignment_solution/dags_communication/parent_dag1.py for tasks to queue
[2022-07-30 17:05:31,733] {logging_mixin.py:115} INFO - [2022-07-30 17:05:31,733] {dagbag.py:507} INFO - Filling up the DagBag from /opt/airflow/dags/assignment_solution/dags_communication/parent_dag1.py
[2022-07-30 17:05:31,744] {processor.py:651} INFO - DAG(s) dict_keys(['parent_dag1']) retrieved from /opt/airflow/dags/assignment_solution/dags_communication/parent_dag1.py
[2022-07-30 17:05:31,774] {logging_mixin.py:115} INFO - [2022-07-30 17:05:31,774] {dag.py:2379} INFO - Sync 1 DAGs
[2022-07-30 17:05:31,813] {logging_mixin.py:115} INFO - [2022-07-30 17:05:31,812] {dag.py:2931} INFO - Setting next_dagrun for parent_dag1 to 2022-07-29T00:00:00+00:00, run_after=2022-07-30T00:00:00+00:00
[2022-07-30 17:05:31,832] {processor.py:161} INFO - Processing /opt/airflow/dags/assignment_solution/dags_communication/parent_dag1.py took 0.105 seconds
[2022-07-30 17:06:02,063] {processor.py:153} INFO - Started process (PID=3394) to work on /opt/airflow/dags/assignment_solution/dags_communication/parent_dag1.py
[2022-07-30 17:06:02,072] {processor.py:641} INFO - Processing file /opt/airflow/dags/assignment_solution/dags_communication/parent_dag1.py for tasks to queue
[2022-07-30 17:06:02,072] {logging_mixin.py:115} INFO - [2022-07-30 17:06:02,072] {dagbag.py:507} INFO - Filling up the DagBag from /opt/airflow/dags/assignment_solution/dags_communication/parent_dag1.py
[2022-07-30 17:06:02,097] {processor.py:651} INFO - DAG(s) dict_keys(['parent_dag1']) retrieved from /opt/airflow/dags/assignment_solution/dags_communication/parent_dag1.py
[2022-07-30 17:06:02,200] {logging_mixin.py:115} INFO - [2022-07-30 17:06:02,200] {dag.py:2379} INFO - Sync 1 DAGs
[2022-07-30 17:06:02,309] {logging_mixin.py:115} INFO - [2022-07-30 17:06:02,309] {dag.py:2931} INFO - Setting next_dagrun for parent_dag1 to 2022-07-29T00:00:00+00:00, run_after=2022-07-30T00:00:00+00:00
[2022-07-30 17:06:02,343] {processor.py:161} INFO - Processing /opt/airflow/dags/assignment_solution/dags_communication/parent_dag1.py took 0.284 seconds
[2022-07-30 17:06:33,275] {processor.py:153} INFO - Started process (PID=3476) to work on /opt/airflow/dags/assignment_solution/dags_communication/parent_dag1.py
[2022-07-30 17:06:33,276] {processor.py:641} INFO - Processing file /opt/airflow/dags/assignment_solution/dags_communication/parent_dag1.py for tasks to queue
[2022-07-30 17:06:33,277] {logging_mixin.py:115} INFO - [2022-07-30 17:06:33,277] {dagbag.py:507} INFO - Filling up the DagBag from /opt/airflow/dags/assignment_solution/dags_communication/parent_dag1.py
[2022-07-30 17:06:33,285] {processor.py:651} INFO - DAG(s) dict_keys(['parent_dag1']) retrieved from /opt/airflow/dags/assignment_solution/dags_communication/parent_dag1.py
[2022-07-30 17:06:33,324] {logging_mixin.py:115} INFO - [2022-07-30 17:06:33,324] {dag.py:2379} INFO - Sync 1 DAGs
[2022-07-30 17:06:33,362] {logging_mixin.py:115} INFO - [2022-07-30 17:06:33,362] {dag.py:2931} INFO - Setting next_dagrun for parent_dag1 to 2022-07-29T00:00:00+00:00, run_after=2022-07-30T00:00:00+00:00
[2022-07-30 17:06:33,384] {processor.py:161} INFO - Processing /opt/airflow/dags/assignment_solution/dags_communication/parent_dag1.py took 0.113 seconds
[2022-07-30 17:07:03,640] {processor.py:153} INFO - Started process (PID=3551) to work on /opt/airflow/dags/assignment_solution/dags_communication/parent_dag1.py
[2022-07-30 17:07:03,640] {processor.py:641} INFO - Processing file /opt/airflow/dags/assignment_solution/dags_communication/parent_dag1.py for tasks to queue
[2022-07-30 17:07:03,641] {logging_mixin.py:115} INFO - [2022-07-30 17:07:03,641] {dagbag.py:507} INFO - Filling up the DagBag from /opt/airflow/dags/assignment_solution/dags_communication/parent_dag1.py
[2022-07-30 17:07:03,650] {processor.py:651} INFO - DAG(s) dict_keys(['parent_dag1']) retrieved from /opt/airflow/dags/assignment_solution/dags_communication/parent_dag1.py
[2022-07-30 17:07:03,680] {logging_mixin.py:115} INFO - [2022-07-30 17:07:03,680] {dag.py:2379} INFO - Sync 1 DAGs
[2022-07-30 17:07:03,713] {logging_mixin.py:115} INFO - [2022-07-30 17:07:03,713] {dag.py:2931} INFO - Setting next_dagrun for parent_dag1 to 2022-07-29T00:00:00+00:00, run_after=2022-07-30T00:00:00+00:00
[2022-07-30 17:07:03,740] {processor.py:161} INFO - Processing /opt/airflow/dags/assignment_solution/dags_communication/parent_dag1.py took 0.104 seconds
[2022-07-30 17:07:34,952] {processor.py:153} INFO - Started process (PID=3632) to work on /opt/airflow/dags/assignment_solution/dags_communication/parent_dag1.py
[2022-07-30 17:07:34,960] {processor.py:641} INFO - Processing file /opt/airflow/dags/assignment_solution/dags_communication/parent_dag1.py for tasks to queue
[2022-07-30 17:07:34,961] {logging_mixin.py:115} INFO - [2022-07-30 17:07:34,961] {dagbag.py:507} INFO - Filling up the DagBag from /opt/airflow/dags/assignment_solution/dags_communication/parent_dag1.py
[2022-07-30 17:07:34,976] {processor.py:651} INFO - DAG(s) dict_keys(['parent_dag1']) retrieved from /opt/airflow/dags/assignment_solution/dags_communication/parent_dag1.py
[2022-07-30 17:07:35,065] {logging_mixin.py:115} INFO - [2022-07-30 17:07:35,065] {dag.py:2379} INFO - Sync 1 DAGs
[2022-07-30 17:07:35,166] {logging_mixin.py:115} INFO - [2022-07-30 17:07:35,166] {dag.py:2931} INFO - Setting next_dagrun for parent_dag1 to 2022-07-29T00:00:00+00:00, run_after=2022-07-30T00:00:00+00:00
[2022-07-30 17:07:35,229] {processor.py:161} INFO - Processing /opt/airflow/dags/assignment_solution/dags_communication/parent_dag1.py took 0.290 seconds
[2022-07-30 17:08:05,533] {processor.py:153} INFO - Started process (PID=3704) to work on /opt/airflow/dags/assignment_solution/dags_communication/parent_dag1.py
[2022-07-30 17:08:05,534] {processor.py:641} INFO - Processing file /opt/airflow/dags/assignment_solution/dags_communication/parent_dag1.py for tasks to queue
[2022-07-30 17:08:05,534] {logging_mixin.py:115} INFO - [2022-07-30 17:08:05,534] {dagbag.py:507} INFO - Filling up the DagBag from /opt/airflow/dags/assignment_solution/dags_communication/parent_dag1.py
[2022-07-30 17:08:05,543] {processor.py:651} INFO - DAG(s) dict_keys(['parent_dag1']) retrieved from /opt/airflow/dags/assignment_solution/dags_communication/parent_dag1.py
[2022-07-30 17:08:05,574] {logging_mixin.py:115} INFO - [2022-07-30 17:08:05,573] {dag.py:2379} INFO - Sync 1 DAGs
[2022-07-30 17:08:05,607] {logging_mixin.py:115} INFO - [2022-07-30 17:08:05,607] {dag.py:2931} INFO - Setting next_dagrun for parent_dag1 to 2022-07-29T00:00:00+00:00, run_after=2022-07-30T00:00:00+00:00
[2022-07-30 17:08:05,623] {processor.py:161} INFO - Processing /opt/airflow/dags/assignment_solution/dags_communication/parent_dag1.py took 0.094 seconds
[2022-07-30 17:08:35,982] {processor.py:153} INFO - Started process (PID=3789) to work on /opt/airflow/dags/assignment_solution/dags_communication/parent_dag1.py
[2022-07-30 17:08:35,983] {processor.py:641} INFO - Processing file /opt/airflow/dags/assignment_solution/dags_communication/parent_dag1.py for tasks to queue
[2022-07-30 17:08:35,984] {logging_mixin.py:115} INFO - [2022-07-30 17:08:35,984] {dagbag.py:507} INFO - Filling up the DagBag from /opt/airflow/dags/assignment_solution/dags_communication/parent_dag1.py
[2022-07-30 17:08:35,995] {processor.py:651} INFO - DAG(s) dict_keys(['parent_dag1']) retrieved from /opt/airflow/dags/assignment_solution/dags_communication/parent_dag1.py
[2022-07-30 17:08:36,028] {logging_mixin.py:115} INFO - [2022-07-30 17:08:36,028] {dag.py:2379} INFO - Sync 1 DAGs
[2022-07-30 17:08:36,061] {logging_mixin.py:115} INFO - [2022-07-30 17:08:36,060] {dag.py:2931} INFO - Setting next_dagrun for parent_dag1 to 2022-07-29T00:00:00+00:00, run_after=2022-07-30T00:00:00+00:00
[2022-07-30 17:08:36,077] {processor.py:161} INFO - Processing /opt/airflow/dags/assignment_solution/dags_communication/parent_dag1.py took 0.098 seconds
[2022-07-30 17:09:06,759] {processor.py:153} INFO - Started process (PID=3866) to work on /opt/airflow/dags/assignment_solution/dags_communication/parent_dag1.py
[2022-07-30 17:09:06,762] {processor.py:641} INFO - Processing file /opt/airflow/dags/assignment_solution/dags_communication/parent_dag1.py for tasks to queue
[2022-07-30 17:09:06,763] {logging_mixin.py:115} INFO - [2022-07-30 17:09:06,763] {dagbag.py:507} INFO - Filling up the DagBag from /opt/airflow/dags/assignment_solution/dags_communication/parent_dag1.py
[2022-07-30 17:09:06,791] {processor.py:651} INFO - DAG(s) dict_keys(['parent_dag1']) retrieved from /opt/airflow/dags/assignment_solution/dags_communication/parent_dag1.py
[2022-07-30 17:09:06,853] {logging_mixin.py:115} INFO - [2022-07-30 17:09:06,853] {dag.py:2379} INFO - Sync 1 DAGs
[2022-07-30 17:09:06,922] {logging_mixin.py:115} INFO - [2022-07-30 17:09:06,922] {dag.py:2931} INFO - Setting next_dagrun for parent_dag1 to 2022-07-29T00:00:00+00:00, run_after=2022-07-30T00:00:00+00:00
[2022-07-30 17:09:06,956] {processor.py:161} INFO - Processing /opt/airflow/dags/assignment_solution/dags_communication/parent_dag1.py took 0.210 seconds
[2022-07-30 17:09:37,383] {processor.py:153} INFO - Started process (PID=3946) to work on /opt/airflow/dags/assignment_solution/dags_communication/parent_dag1.py
[2022-07-30 17:09:37,392] {processor.py:641} INFO - Processing file /opt/airflow/dags/assignment_solution/dags_communication/parent_dag1.py for tasks to queue
[2022-07-30 17:09:37,393] {logging_mixin.py:115} INFO - [2022-07-30 17:09:37,392] {dagbag.py:507} INFO - Filling up the DagBag from /opt/airflow/dags/assignment_solution/dags_communication/parent_dag1.py
[2022-07-30 17:09:37,409] {processor.py:651} INFO - DAG(s) dict_keys(['parent_dag1']) retrieved from /opt/airflow/dags/assignment_solution/dags_communication/parent_dag1.py
[2022-07-30 17:09:37,477] {logging_mixin.py:115} INFO - [2022-07-30 17:09:37,476] {dag.py:2379} INFO - Sync 1 DAGs
[2022-07-30 17:09:37,547] {logging_mixin.py:115} INFO - [2022-07-30 17:09:37,547] {dag.py:2931} INFO - Setting next_dagrun for parent_dag1 to 2022-07-29T00:00:00+00:00, run_after=2022-07-30T00:00:00+00:00
[2022-07-30 17:09:37,767] {processor.py:161} INFO - Processing /opt/airflow/dags/assignment_solution/dags_communication/parent_dag1.py took 0.388 seconds
[2022-07-30 17:10:07,920] {processor.py:153} INFO - Started process (PID=4021) to work on /opt/airflow/dags/assignment_solution/dags_communication/parent_dag1.py
[2022-07-30 17:10:07,921] {processor.py:641} INFO - Processing file /opt/airflow/dags/assignment_solution/dags_communication/parent_dag1.py for tasks to queue
[2022-07-30 17:10:07,922] {logging_mixin.py:115} INFO - [2022-07-30 17:10:07,922] {dagbag.py:507} INFO - Filling up the DagBag from /opt/airflow/dags/assignment_solution/dags_communication/parent_dag1.py
[2022-07-30 17:10:07,939] {processor.py:651} INFO - DAG(s) dict_keys(['parent_dag1']) retrieved from /opt/airflow/dags/assignment_solution/dags_communication/parent_dag1.py
[2022-07-30 17:10:08,005] {logging_mixin.py:115} INFO - [2022-07-30 17:10:08,005] {dag.py:2379} INFO - Sync 1 DAGs
[2022-07-30 17:10:08,042] {logging_mixin.py:115} INFO - [2022-07-30 17:10:08,042] {dag.py:2931} INFO - Setting next_dagrun for parent_dag1 to 2022-07-29T00:00:00+00:00, run_after=2022-07-30T00:00:00+00:00
[2022-07-30 17:10:08,270] {processor.py:161} INFO - Processing /opt/airflow/dags/assignment_solution/dags_communication/parent_dag1.py took 0.358 seconds
[2022-07-30 17:10:38,813] {processor.py:153} INFO - Started process (PID=4111) to work on /opt/airflow/dags/assignment_solution/dags_communication/parent_dag1.py
[2022-07-30 17:10:38,814] {processor.py:641} INFO - Processing file /opt/airflow/dags/assignment_solution/dags_communication/parent_dag1.py for tasks to queue
[2022-07-30 17:10:38,815] {logging_mixin.py:115} INFO - [2022-07-30 17:10:38,814] {dagbag.py:507} INFO - Filling up the DagBag from /opt/airflow/dags/assignment_solution/dags_communication/parent_dag1.py
[2022-07-30 17:10:38,823] {processor.py:651} INFO - DAG(s) dict_keys(['parent_dag1']) retrieved from /opt/airflow/dags/assignment_solution/dags_communication/parent_dag1.py
[2022-07-30 17:10:38,857] {logging_mixin.py:115} INFO - [2022-07-30 17:10:38,857] {dag.py:2379} INFO - Sync 1 DAGs
[2022-07-30 17:10:38,892] {logging_mixin.py:115} INFO - [2022-07-30 17:10:38,891] {dag.py:2931} INFO - Setting next_dagrun for parent_dag1 to 2022-07-29T00:00:00+00:00, run_after=2022-07-30T00:00:00+00:00
[2022-07-30 17:10:39,071] {processor.py:161} INFO - Processing /opt/airflow/dags/assignment_solution/dags_communication/parent_dag1.py took 0.262 seconds
[2022-07-30 17:11:09,166] {processor.py:153} INFO - Started process (PID=4185) to work on /opt/airflow/dags/assignment_solution/dags_communication/parent_dag1.py
[2022-07-30 17:11:09,166] {processor.py:641} INFO - Processing file /opt/airflow/dags/assignment_solution/dags_communication/parent_dag1.py for tasks to queue
[2022-07-30 17:11:09,167] {logging_mixin.py:115} INFO - [2022-07-30 17:11:09,167] {dagbag.py:507} INFO - Filling up the DagBag from /opt/airflow/dags/assignment_solution/dags_communication/parent_dag1.py
[2022-07-30 17:11:09,176] {processor.py:651} INFO - DAG(s) dict_keys(['parent_dag1']) retrieved from /opt/airflow/dags/assignment_solution/dags_communication/parent_dag1.py
[2022-07-30 17:11:09,209] {logging_mixin.py:115} INFO - [2022-07-30 17:11:09,209] {dag.py:2379} INFO - Sync 1 DAGs
[2022-07-30 17:11:09,242] {logging_mixin.py:115} INFO - [2022-07-30 17:11:09,242] {dag.py:2931} INFO - Setting next_dagrun for parent_dag1 to 2022-07-29T00:00:00+00:00, run_after=2022-07-30T00:00:00+00:00
[2022-07-30 17:11:09,421] {processor.py:161} INFO - Processing /opt/airflow/dags/assignment_solution/dags_communication/parent_dag1.py took 0.260 seconds
[2022-07-30 17:11:40,319] {processor.py:153} INFO - Started process (PID=4269) to work on /opt/airflow/dags/assignment_solution/dags_communication/parent_dag1.py
[2022-07-30 17:11:40,332] {processor.py:641} INFO - Processing file /opt/airflow/dags/assignment_solution/dags_communication/parent_dag1.py for tasks to queue
[2022-07-30 17:11:40,333] {logging_mixin.py:115} INFO - [2022-07-30 17:11:40,332] {dagbag.py:507} INFO - Filling up the DagBag from /opt/airflow/dags/assignment_solution/dags_communication/parent_dag1.py
[2022-07-30 17:11:40,349] {processor.py:651} INFO - DAG(s) dict_keys(['parent_dag1']) retrieved from /opt/airflow/dags/assignment_solution/dags_communication/parent_dag1.py
[2022-07-30 17:11:40,401] {logging_mixin.py:115} INFO - [2022-07-30 17:11:40,401] {dag.py:2379} INFO - Sync 1 DAGs
[2022-07-30 17:11:40,453] {logging_mixin.py:115} INFO - [2022-07-30 17:11:40,453] {dag.py:2931} INFO - Setting next_dagrun for parent_dag1 to 2022-07-29T00:00:00+00:00, run_after=2022-07-30T00:00:00+00:00
[2022-07-30 17:11:40,627] {processor.py:161} INFO - Processing /opt/airflow/dags/assignment_solution/dags_communication/parent_dag1.py took 0.312 seconds
[2022-07-30 17:12:10,792] {processor.py:153} INFO - Started process (PID=4341) to work on /opt/airflow/dags/assignment_solution/dags_communication/parent_dag1.py
[2022-07-30 17:12:10,793] {processor.py:641} INFO - Processing file /opt/airflow/dags/assignment_solution/dags_communication/parent_dag1.py for tasks to queue
[2022-07-30 17:12:10,793] {logging_mixin.py:115} INFO - [2022-07-30 17:12:10,793] {dagbag.py:507} INFO - Filling up the DagBag from /opt/airflow/dags/assignment_solution/dags_communication/parent_dag1.py
[2022-07-30 17:12:10,802] {processor.py:651} INFO - DAG(s) dict_keys(['parent_dag1']) retrieved from /opt/airflow/dags/assignment_solution/dags_communication/parent_dag1.py
[2022-07-30 17:12:10,824] {logging_mixin.py:115} INFO - [2022-07-30 17:12:10,824] {dag.py:2379} INFO - Sync 1 DAGs
[2022-07-30 17:12:10,846] {logging_mixin.py:115} INFO - [2022-07-30 17:12:10,846] {dag.py:2931} INFO - Setting next_dagrun for parent_dag1 to 2022-07-29T00:00:00+00:00, run_after=2022-07-30T00:00:00+00:00
[2022-07-30 17:12:10,983] {processor.py:161} INFO - Processing /opt/airflow/dags/assignment_solution/dags_communication/parent_dag1.py took 0.195 seconds
[2022-07-30 17:12:41,242] {processor.py:153} INFO - Started process (PID=4413) to work on /opt/airflow/dags/assignment_solution/dags_communication/parent_dag1.py
[2022-07-30 17:12:41,243] {processor.py:641} INFO - Processing file /opt/airflow/dags/assignment_solution/dags_communication/parent_dag1.py for tasks to queue
[2022-07-30 17:12:41,243] {logging_mixin.py:115} INFO - [2022-07-30 17:12:41,243] {dagbag.py:507} INFO - Filling up the DagBag from /opt/airflow/dags/assignment_solution/dags_communication/parent_dag1.py
[2022-07-30 17:12:41,250] {processor.py:651} INFO - DAG(s) dict_keys(['parent_dag1']) retrieved from /opt/airflow/dags/assignment_solution/dags_communication/parent_dag1.py
[2022-07-30 17:12:41,273] {logging_mixin.py:115} INFO - [2022-07-30 17:12:41,273] {dag.py:2379} INFO - Sync 1 DAGs
[2022-07-30 17:12:41,295] {logging_mixin.py:115} INFO - [2022-07-30 17:12:41,295] {dag.py:2931} INFO - Setting next_dagrun for parent_dag1 to 2022-07-29T00:00:00+00:00, run_after=2022-07-30T00:00:00+00:00
[2022-07-30 17:12:41,431] {processor.py:161} INFO - Processing /opt/airflow/dags/assignment_solution/dags_communication/parent_dag1.py took 0.199 seconds
[2022-07-30 17:13:15,600] {processor.py:153} INFO - Started process (PID=4500) to work on /opt/airflow/dags/assignment_solution/dags_communication/parent_dag1.py
[2022-07-30 17:13:15,600] {processor.py:641} INFO - Processing file /opt/airflow/dags/assignment_solution/dags_communication/parent_dag1.py for tasks to queue
[2022-07-30 17:13:15,601] {logging_mixin.py:115} INFO - [2022-07-30 17:13:15,601] {dagbag.py:507} INFO - Filling up the DagBag from /opt/airflow/dags/assignment_solution/dags_communication/parent_dag1.py
[2022-07-30 17:13:15,618] {processor.py:651} INFO - DAG(s) dict_keys(['parent_dag1']) retrieved from /opt/airflow/dags/assignment_solution/dags_communication/parent_dag1.py
[2022-07-30 17:13:15,677] {logging_mixin.py:115} INFO - [2022-07-30 17:13:15,677] {dag.py:2379} INFO - Sync 1 DAGs
[2022-07-30 17:13:15,746] {logging_mixin.py:115} INFO - [2022-07-30 17:13:15,746] {dag.py:2931} INFO - Setting next_dagrun for parent_dag1 to 2022-07-29T00:00:00+00:00, run_after=2022-07-30T00:00:00+00:00
[2022-07-30 17:13:16,098] {processor.py:161} INFO - Processing /opt/airflow/dags/assignment_solution/dags_communication/parent_dag1.py took 0.510 seconds
[2022-07-30 17:13:47,233] {processor.py:153} INFO - Started process (PID=4573) to work on /opt/airflow/dags/assignment_solution/dags_communication/parent_dag1.py
[2022-07-30 17:13:47,234] {processor.py:641} INFO - Processing file /opt/airflow/dags/assignment_solution/dags_communication/parent_dag1.py for tasks to queue
[2022-07-30 17:13:47,235] {logging_mixin.py:115} INFO - [2022-07-30 17:13:47,235] {dagbag.py:507} INFO - Filling up the DagBag from /opt/airflow/dags/assignment_solution/dags_communication/parent_dag1.py
[2022-07-30 17:13:47,245] {processor.py:651} INFO - DAG(s) dict_keys(['parent_dag1']) retrieved from /opt/airflow/dags/assignment_solution/dags_communication/parent_dag1.py
[2022-07-30 17:13:47,278] {logging_mixin.py:115} INFO - [2022-07-30 17:13:47,278] {dag.py:2379} INFO - Sync 1 DAGs
[2022-07-30 17:13:47,307] {logging_mixin.py:115} INFO - [2022-07-30 17:13:47,307] {dag.py:2931} INFO - Setting next_dagrun for parent_dag1 to 2022-07-29T00:00:00+00:00, run_after=2022-07-30T00:00:00+00:00
[2022-07-30 17:13:47,480] {processor.py:161} INFO - Processing /opt/airflow/dags/assignment_solution/dags_communication/parent_dag1.py took 0.251 seconds
[2022-07-30 17:14:18,288] {processor.py:153} INFO - Started process (PID=4645) to work on /opt/airflow/dags/assignment_solution/dags_communication/parent_dag1.py
[2022-07-30 17:14:18,290] {processor.py:641} INFO - Processing file /opt/airflow/dags/assignment_solution/dags_communication/parent_dag1.py for tasks to queue
[2022-07-30 17:14:18,290] {logging_mixin.py:115} INFO - [2022-07-30 17:14:18,290] {dagbag.py:507} INFO - Filling up the DagBag from /opt/airflow/dags/assignment_solution/dags_communication/parent_dag1.py
[2022-07-30 17:14:18,301] {processor.py:651} INFO - DAG(s) dict_keys(['parent_dag1']) retrieved from /opt/airflow/dags/assignment_solution/dags_communication/parent_dag1.py
[2022-07-30 17:14:18,329] {logging_mixin.py:115} INFO - [2022-07-30 17:14:18,329] {dag.py:2379} INFO - Sync 1 DAGs
[2022-07-30 17:14:18,357] {logging_mixin.py:115} INFO - [2022-07-30 17:14:18,357] {dag.py:2931} INFO - Setting next_dagrun for parent_dag1 to 2022-07-29T00:00:00+00:00, run_after=2022-07-30T00:00:00+00:00
[2022-07-30 17:14:18,371] {processor.py:161} INFO - Processing /opt/airflow/dags/assignment_solution/dags_communication/parent_dag1.py took 0.088 seconds
[2022-07-30 17:14:49,489] {processor.py:153} INFO - Started process (PID=4726) to work on /opt/airflow/dags/assignment_solution/dags_communication/parent_dag1.py
[2022-07-30 17:14:49,489] {processor.py:641} INFO - Processing file /opt/airflow/dags/assignment_solution/dags_communication/parent_dag1.py for tasks to queue
[2022-07-30 17:14:49,490] {logging_mixin.py:115} INFO - [2022-07-30 17:14:49,490] {dagbag.py:507} INFO - Filling up the DagBag from /opt/airflow/dags/assignment_solution/dags_communication/parent_dag1.py
[2022-07-30 17:14:49,517] {processor.py:651} INFO - DAG(s) dict_keys(['parent_dag1']) retrieved from /opt/airflow/dags/assignment_solution/dags_communication/parent_dag1.py
[2022-07-30 17:14:49,580] {logging_mixin.py:115} INFO - [2022-07-30 17:14:49,580] {dag.py:2379} INFO - Sync 1 DAGs
[2022-07-30 17:14:49,654] {logging_mixin.py:115} INFO - [2022-07-30 17:14:49,654] {dag.py:2931} INFO - Setting next_dagrun for parent_dag1 to 2022-07-29T00:00:00+00:00, run_after=2022-07-30T00:00:00+00:00
[2022-07-30 17:14:49,678] {processor.py:161} INFO - Processing /opt/airflow/dags/assignment_solution/dags_communication/parent_dag1.py took 0.200 seconds
[2022-07-30 17:15:20,537] {processor.py:153} INFO - Started process (PID=4797) to work on /opt/airflow/dags/assignment_solution/dags_communication/parent_dag1.py
[2022-07-30 17:15:20,539] {processor.py:641} INFO - Processing file /opt/airflow/dags/assignment_solution/dags_communication/parent_dag1.py for tasks to queue
[2022-07-30 17:15:20,539] {logging_mixin.py:115} INFO - [2022-07-30 17:15:20,539] {dagbag.py:507} INFO - Filling up the DagBag from /opt/airflow/dags/assignment_solution/dags_communication/parent_dag1.py
[2022-07-30 17:15:20,551] {processor.py:651} INFO - DAG(s) dict_keys(['parent_dag1']) retrieved from /opt/airflow/dags/assignment_solution/dags_communication/parent_dag1.py
[2022-07-30 17:15:20,582] {logging_mixin.py:115} INFO - [2022-07-30 17:15:20,582] {dag.py:2379} INFO - Sync 1 DAGs
[2022-07-30 17:15:20,617] {logging_mixin.py:115} INFO - [2022-07-30 17:15:20,617] {dag.py:2931} INFO - Setting next_dagrun for parent_dag1 to 2022-07-29T00:00:00+00:00, run_after=2022-07-30T00:00:00+00:00
[2022-07-30 17:15:20,631] {processor.py:161} INFO - Processing /opt/airflow/dags/assignment_solution/dags_communication/parent_dag1.py took 0.098 seconds
[2022-07-30 17:15:50,975] {processor.py:153} INFO - Started process (PID=4875) to work on /opt/airflow/dags/assignment_solution/dags_communication/parent_dag1.py
[2022-07-30 17:15:50,976] {processor.py:641} INFO - Processing file /opt/airflow/dags/assignment_solution/dags_communication/parent_dag1.py for tasks to queue
[2022-07-30 17:15:50,977] {logging_mixin.py:115} INFO - [2022-07-30 17:15:50,977] {dagbag.py:507} INFO - Filling up the DagBag from /opt/airflow/dags/assignment_solution/dags_communication/parent_dag1.py
[2022-07-30 17:15:50,992] {processor.py:651} INFO - DAG(s) dict_keys(['parent_dag1']) retrieved from /opt/airflow/dags/assignment_solution/dags_communication/parent_dag1.py
[2022-07-30 17:15:51,043] {logging_mixin.py:115} INFO - [2022-07-30 17:15:51,043] {dag.py:2379} INFO - Sync 1 DAGs
[2022-07-30 17:15:51,127] {logging_mixin.py:115} INFO - [2022-07-30 17:15:51,127] {dag.py:2931} INFO - Setting next_dagrun for parent_dag1 to 2022-07-29T00:00:00+00:00, run_after=2022-07-30T00:00:00+00:00
[2022-07-30 17:15:51,152] {processor.py:161} INFO - Processing /opt/airflow/dags/assignment_solution/dags_communication/parent_dag1.py took 0.191 seconds
[2022-07-30 17:16:21,880] {processor.py:153} INFO - Started process (PID=4955) to work on /opt/airflow/dags/assignment_solution/dags_communication/parent_dag1.py
[2022-07-30 17:16:21,881] {processor.py:641} INFO - Processing file /opt/airflow/dags/assignment_solution/dags_communication/parent_dag1.py for tasks to queue
[2022-07-30 17:16:21,882] {logging_mixin.py:115} INFO - [2022-07-30 17:16:21,882] {dagbag.py:507} INFO - Filling up the DagBag from /opt/airflow/dags/assignment_solution/dags_communication/parent_dag1.py
[2022-07-30 17:16:21,913] {processor.py:651} INFO - DAG(s) dict_keys(['parent_dag1']) retrieved from /opt/airflow/dags/assignment_solution/dags_communication/parent_dag1.py
[2022-07-30 17:16:22,033] {logging_mixin.py:115} INFO - [2022-07-30 17:16:22,033] {dag.py:2379} INFO - Sync 1 DAGs
[2022-07-30 17:16:22,184] {logging_mixin.py:115} INFO - [2022-07-30 17:16:22,184] {dag.py:2931} INFO - Setting next_dagrun for parent_dag1 to 2022-07-29T00:00:00+00:00, run_after=2022-07-30T00:00:00+00:00
[2022-07-30 17:16:22,216] {processor.py:161} INFO - Processing /opt/airflow/dags/assignment_solution/dags_communication/parent_dag1.py took 0.360 seconds
[2022-07-30 17:16:52,342] {processor.py:153} INFO - Started process (PID=5035) to work on /opt/airflow/dags/assignment_solution/dags_communication/parent_dag1.py
[2022-07-30 17:16:52,343] {processor.py:641} INFO - Processing file /opt/airflow/dags/assignment_solution/dags_communication/parent_dag1.py for tasks to queue
[2022-07-30 17:16:52,344] {logging_mixin.py:115} INFO - [2022-07-30 17:16:52,343] {dagbag.py:507} INFO - Filling up the DagBag from /opt/airflow/dags/assignment_solution/dags_communication/parent_dag1.py
[2022-07-30 17:16:52,356] {processor.py:651} INFO - DAG(s) dict_keys(['parent_dag1']) retrieved from /opt/airflow/dags/assignment_solution/dags_communication/parent_dag1.py
[2022-07-30 17:16:52,390] {logging_mixin.py:115} INFO - [2022-07-30 17:16:52,389] {dag.py:2379} INFO - Sync 1 DAGs
[2022-07-30 17:16:52,436] {logging_mixin.py:115} INFO - [2022-07-30 17:16:52,436] {dag.py:2931} INFO - Setting next_dagrun for parent_dag1 to 2022-07-29T00:00:00+00:00, run_after=2022-07-30T00:00:00+00:00
[2022-07-30 17:16:52,460] {processor.py:161} INFO - Processing /opt/airflow/dags/assignment_solution/dags_communication/parent_dag1.py took 0.121 seconds
[2022-07-30 17:17:23,250] {processor.py:153} INFO - Started process (PID=5106) to work on /opt/airflow/dags/assignment_solution/dags_communication/parent_dag1.py
[2022-07-30 17:17:23,251] {processor.py:641} INFO - Processing file /opt/airflow/dags/assignment_solution/dags_communication/parent_dag1.py for tasks to queue
[2022-07-30 17:17:23,252] {logging_mixin.py:115} INFO - [2022-07-30 17:17:23,251] {dagbag.py:507} INFO - Filling up the DagBag from /opt/airflow/dags/assignment_solution/dags_communication/parent_dag1.py
[2022-07-30 17:17:23,271] {processor.py:651} INFO - DAG(s) dict_keys(['parent_dag1']) retrieved from /opt/airflow/dags/assignment_solution/dags_communication/parent_dag1.py
[2022-07-30 17:17:23,307] {logging_mixin.py:115} INFO - [2022-07-30 17:17:23,307] {dag.py:2379} INFO - Sync 1 DAGs
[2022-07-30 17:17:23,341] {logging_mixin.py:115} INFO - [2022-07-30 17:17:23,341] {dag.py:2931} INFO - Setting next_dagrun for parent_dag1 to 2022-07-29T00:00:00+00:00, run_after=2022-07-30T00:00:00+00:00
[2022-07-30 17:17:23,357] {processor.py:161} INFO - Processing /opt/airflow/dags/assignment_solution/dags_communication/parent_dag1.py took 0.111 seconds
[2022-07-30 17:17:53,406] {processor.py:153} INFO - Started process (PID=5184) to work on /opt/airflow/dags/assignment_solution/dags_communication/parent_dag1.py
[2022-07-30 17:17:53,407] {processor.py:641} INFO - Processing file /opt/airflow/dags/assignment_solution/dags_communication/parent_dag1.py for tasks to queue
[2022-07-30 17:17:53,407] {logging_mixin.py:115} INFO - [2022-07-30 17:17:53,407] {dagbag.py:507} INFO - Filling up the DagBag from /opt/airflow/dags/assignment_solution/dags_communication/parent_dag1.py
[2022-07-30 17:17:53,421] {processor.py:651} INFO - DAG(s) dict_keys(['parent_dag1']) retrieved from /opt/airflow/dags/assignment_solution/dags_communication/parent_dag1.py
[2022-07-30 17:17:53,473] {logging_mixin.py:115} INFO - [2022-07-30 17:17:53,473] {dag.py:2379} INFO - Sync 1 DAGs
[2022-07-30 17:17:53,514] {logging_mixin.py:115} INFO - [2022-07-30 17:17:53,514] {dag.py:2931} INFO - Setting next_dagrun for parent_dag1 to 2022-07-29T00:00:00+00:00, run_after=2022-07-30T00:00:00+00:00
[2022-07-30 17:17:53,542] {processor.py:161} INFO - Processing /opt/airflow/dags/assignment_solution/dags_communication/parent_dag1.py took 0.139 seconds
[2022-07-30 17:18:23,735] {processor.py:153} INFO - Started process (PID=5271) to work on /opt/airflow/dags/assignment_solution/dags_communication/parent_dag1.py
[2022-07-30 17:18:23,735] {processor.py:641} INFO - Processing file /opt/airflow/dags/assignment_solution/dags_communication/parent_dag1.py for tasks to queue
[2022-07-30 17:18:23,736] {logging_mixin.py:115} INFO - [2022-07-30 17:18:23,736] {dagbag.py:507} INFO - Filling up the DagBag from /opt/airflow/dags/assignment_solution/dags_communication/parent_dag1.py
[2022-07-30 17:18:23,745] {processor.py:651} INFO - DAG(s) dict_keys(['parent_dag1']) retrieved from /opt/airflow/dags/assignment_solution/dags_communication/parent_dag1.py
[2022-07-30 17:18:23,776] {logging_mixin.py:115} INFO - [2022-07-30 17:18:23,776] {dag.py:2379} INFO - Sync 1 DAGs
[2022-07-30 17:18:23,809] {logging_mixin.py:115} INFO - [2022-07-30 17:18:23,809] {dag.py:2931} INFO - Setting next_dagrun for parent_dag1 to 2022-07-29T00:00:00+00:00, run_after=2022-07-30T00:00:00+00:00
[2022-07-30 17:18:23,824] {processor.py:161} INFO - Processing /opt/airflow/dags/assignment_solution/dags_communication/parent_dag1.py took 0.096 seconds
[2022-07-30 17:18:54,048] {processor.py:153} INFO - Started process (PID=5348) to work on /opt/airflow/dags/assignment_solution/dags_communication/parent_dag1.py
[2022-07-30 17:18:54,049] {processor.py:641} INFO - Processing file /opt/airflow/dags/assignment_solution/dags_communication/parent_dag1.py for tasks to queue
[2022-07-30 17:18:54,049] {logging_mixin.py:115} INFO - [2022-07-30 17:18:54,049] {dagbag.py:507} INFO - Filling up the DagBag from /opt/airflow/dags/assignment_solution/dags_communication/parent_dag1.py
[2022-07-30 17:18:54,079] {processor.py:651} INFO - DAG(s) dict_keys(['parent_dag1']) retrieved from /opt/airflow/dags/assignment_solution/dags_communication/parent_dag1.py
[2022-07-30 17:18:54,173] {logging_mixin.py:115} INFO - [2022-07-30 17:18:54,173] {dag.py:2379} INFO - Sync 1 DAGs
[2022-07-30 17:18:54,267] {logging_mixin.py:115} INFO - [2022-07-30 17:18:54,267] {dag.py:2931} INFO - Setting next_dagrun for parent_dag1 to 2022-07-29T00:00:00+00:00, run_after=2022-07-30T00:00:00+00:00
[2022-07-30 17:18:54,312] {processor.py:161} INFO - Processing /opt/airflow/dags/assignment_solution/dags_communication/parent_dag1.py took 0.280 seconds
[2022-07-30 17:19:25,214] {processor.py:153} INFO - Started process (PID=5430) to work on /opt/airflow/dags/assignment_solution/dags_communication/parent_dag1.py
[2022-07-30 17:19:25,215] {processor.py:641} INFO - Processing file /opt/airflow/dags/assignment_solution/dags_communication/parent_dag1.py for tasks to queue
[2022-07-30 17:19:25,215] {logging_mixin.py:115} INFO - [2022-07-30 17:19:25,215] {dagbag.py:507} INFO - Filling up the DagBag from /opt/airflow/dags/assignment_solution/dags_communication/parent_dag1.py
[2022-07-30 17:19:25,228] {processor.py:651} INFO - DAG(s) dict_keys(['parent_dag1']) retrieved from /opt/airflow/dags/assignment_solution/dags_communication/parent_dag1.py
[2022-07-30 17:19:25,292] {logging_mixin.py:115} INFO - [2022-07-30 17:19:25,292] {dag.py:2379} INFO - Sync 1 DAGs
[2022-07-30 17:19:25,354] {logging_mixin.py:115} INFO - [2022-07-30 17:19:25,353] {dag.py:2931} INFO - Setting next_dagrun for parent_dag1 to 2022-07-29T00:00:00+00:00, run_after=2022-07-30T00:00:00+00:00
[2022-07-30 17:19:25,365] {processor.py:161} INFO - Processing /opt/airflow/dags/assignment_solution/dags_communication/parent_dag1.py took 0.164 seconds
[2022-07-30 17:19:56,140] {processor.py:153} INFO - Started process (PID=5507) to work on /opt/airflow/dags/assignment_solution/dags_communication/parent_dag1.py
[2022-07-30 17:19:56,140] {processor.py:641} INFO - Processing file /opt/airflow/dags/assignment_solution/dags_communication/parent_dag1.py for tasks to queue
[2022-07-30 17:19:56,141] {logging_mixin.py:115} INFO - [2022-07-30 17:19:56,141] {dagbag.py:507} INFO - Filling up the DagBag from /opt/airflow/dags/assignment_solution/dags_communication/parent_dag1.py
[2022-07-30 17:19:56,149] {processor.py:651} INFO - DAG(s) dict_keys(['parent_dag1']) retrieved from /opt/airflow/dags/assignment_solution/dags_communication/parent_dag1.py
[2022-07-30 17:19:56,179] {logging_mixin.py:115} INFO - [2022-07-30 17:19:56,179] {dag.py:2379} INFO - Sync 1 DAGs
[2022-07-30 17:19:56,212] {logging_mixin.py:115} INFO - [2022-07-30 17:19:56,212] {dag.py:2931} INFO - Setting next_dagrun for parent_dag1 to 2022-07-29T00:00:00+00:00, run_after=2022-07-30T00:00:00+00:00
[2022-07-30 17:19:56,227] {processor.py:161} INFO - Processing /opt/airflow/dags/assignment_solution/dags_communication/parent_dag1.py took 0.091 seconds
