[2022-07-05 04:55:51,885] {taskinstance.py:1159} INFO - Dependencies all met for <TaskInstance: parallel_dag.extract_b scheduled__2022-01-06T00:00:00+00:00 [queued]>
[2022-07-05 04:55:52,047] {taskinstance.py:1159} INFO - Dependencies all met for <TaskInstance: parallel_dag.extract_b scheduled__2022-01-06T00:00:00+00:00 [queued]>
[2022-07-05 04:55:52,072] {taskinstance.py:1356} INFO - 
--------------------------------------------------------------------------------
[2022-07-05 04:55:52,073] {taskinstance.py:1357} INFO - Starting attempt 1 of 1
[2022-07-05 04:55:52,074] {taskinstance.py:1358} INFO - 
--------------------------------------------------------------------------------
[2022-07-05 04:55:52,321] {taskinstance.py:1377} INFO - Executing <Task(BashOperator): extract_b> on 2022-01-06 00:00:00+00:00
[2022-07-05 04:55:52,393] {standard_task_runner.py:52} INFO - Started process 449 to run task
[2022-07-05 04:55:52,428] {standard_task_runner.py:79} INFO - Running: ['***', 'tasks', 'run', 'parallel_dag', 'extract_b', 'scheduled__2022-01-06T00:00:00+00:00', '--job-id', '26', '--raw', '--subdir', 'DAGS_FOLDER/parallel_dag.py', '--cfg-path', '/tmp/tmp1ma96jxn', '--error-file', '/tmp/tmpmvaguw2j']
[2022-07-05 04:55:52,437] {standard_task_runner.py:80} INFO - Job 26: Subtask extract_b
[2022-07-05 04:55:53,328] {task_command.py:370} INFO - Running <TaskInstance: parallel_dag.extract_b scheduled__2022-01-06T00:00:00+00:00 [running]> on host dfb99dfc9d64
[2022-07-05 04:55:54,482] {taskinstance.py:1571} INFO - Exporting the following env vars:
AIRFLOW_CTX_DAG_OWNER=***
AIRFLOW_CTX_DAG_ID=parallel_dag
AIRFLOW_CTX_TASK_ID=extract_b
AIRFLOW_CTX_EXECUTION_DATE=2022-01-06T00:00:00+00:00
AIRFLOW_CTX_TRY_NUMBER=1
AIRFLOW_CTX_DAG_RUN_ID=scheduled__2022-01-06T00:00:00+00:00
[2022-07-05 04:55:54,497] {subprocess.py:62} INFO - Tmp dir root location: 
 /tmp
[2022-07-05 04:55:54,509] {subprocess.py:74} INFO - Running command: ['bash', '-c', 'sleep 1']
[2022-07-05 04:55:54,798] {subprocess.py:85} INFO - Output:
[2022-07-05 04:55:55,988] {subprocess.py:96} INFO - Command exited with return code 0
[2022-07-05 04:55:56,444] {taskinstance.py:1400} INFO - Marking task as SUCCESS. dag_id=parallel_dag, task_id=extract_b, execution_date=20220106T000000, start_date=20220705T045551, end_date=20220705T045556
[2022-07-05 04:55:56,925] {local_task_job.py:156} INFO - Task exited with return code 0
[2022-07-05 04:55:58,124] {local_task_job.py:273} INFO - 0 downstream tasks scheduled from follow-on schedule check
