[2022-07-05 04:57:58,449] {taskinstance.py:1159} INFO - Dependencies all met for <TaskInstance: parallel_dag.transform scheduled__2022-01-09T00:00:00+00:00 [queued]>
[2022-07-05 04:57:58,721] {taskinstance.py:1159} INFO - Dependencies all met for <TaskInstance: parallel_dag.transform scheduled__2022-01-09T00:00:00+00:00 [queued]>
[2022-07-05 04:57:58,725] {taskinstance.py:1356} INFO - 
--------------------------------------------------------------------------------
[2022-07-05 04:57:58,727] {taskinstance.py:1357} INFO - Starting attempt 1 of 1
[2022-07-05 04:57:58,732] {taskinstance.py:1358} INFO - 
--------------------------------------------------------------------------------
[2022-07-05 04:57:59,442] {taskinstance.py:1377} INFO - Executing <Task(BashOperator): transform> on 2022-01-09 00:00:00+00:00
[2022-07-05 04:57:59,696] {standard_task_runner.py:52} INFO - Started process 733 to run task
[2022-07-05 04:57:59,809] {standard_task_runner.py:79} INFO - Running: ['***', 'tasks', 'run', 'parallel_dag', 'transform', 'scheduled__2022-01-09T00:00:00+00:00', '--job-id', '98', '--raw', '--subdir', 'DAGS_FOLDER/parallel_dag.py', '--cfg-path', '/tmp/tmp3uh13bqd', '--error-file', '/tmp/tmpnm3useda']
[2022-07-05 04:57:59,851] {standard_task_runner.py:80} INFO - Job 98: Subtask transform
[2022-07-05 04:58:02,280] {task_command.py:370} INFO - Running <TaskInstance: parallel_dag.transform scheduled__2022-01-09T00:00:00+00:00 [running]> on host dfb99dfc9d64
[2022-07-05 04:58:04,767] {taskinstance.py:1571} INFO - Exporting the following env vars:
AIRFLOW_CTX_DAG_OWNER=***
AIRFLOW_CTX_DAG_ID=parallel_dag
AIRFLOW_CTX_TASK_ID=transform
AIRFLOW_CTX_EXECUTION_DATE=2022-01-09T00:00:00+00:00
AIRFLOW_CTX_TRY_NUMBER=1
AIRFLOW_CTX_DAG_RUN_ID=scheduled__2022-01-09T00:00:00+00:00
[2022-07-05 04:58:04,796] {subprocess.py:62} INFO - Tmp dir root location: 
 /tmp
[2022-07-05 04:58:04,805] {subprocess.py:74} INFO - Running command: ['bash', '-c', 'sleep 1']
[2022-07-05 04:58:04,984] {subprocess.py:85} INFO - Output:
[2022-07-05 04:58:06,047] {subprocess.py:96} INFO - Command exited with return code 0
[2022-07-05 04:58:06,434] {taskinstance.py:1400} INFO - Marking task as SUCCESS. dag_id=parallel_dag, task_id=transform, execution_date=20220109T000000, start_date=20220705T045758, end_date=20220705T045806
[2022-07-05 04:58:06,708] {local_task_job.py:156} INFO - Task exited with return code 0
[2022-07-05 04:58:07,119] {local_task_job.py:273} INFO - 0 downstream tasks scheduled from follow-on schedule check
