[2022-07-05 04:57:58,051] {taskinstance.py:1159} INFO - Dependencies all met for <TaskInstance: parallel_dag.transform scheduled__2022-01-12T00:00:00+00:00 [queued]>
[2022-07-05 04:57:58,308] {taskinstance.py:1159} INFO - Dependencies all met for <TaskInstance: parallel_dag.transform scheduled__2022-01-12T00:00:00+00:00 [queued]>
[2022-07-05 04:57:58,316] {taskinstance.py:1356} INFO - 
--------------------------------------------------------------------------------
[2022-07-05 04:57:58,324] {taskinstance.py:1357} INFO - Starting attempt 1 of 1
[2022-07-05 04:57:58,326] {taskinstance.py:1358} INFO - 
--------------------------------------------------------------------------------
[2022-07-05 04:57:58,892] {taskinstance.py:1377} INFO - Executing <Task(BashOperator): transform> on 2022-01-12 00:00:00+00:00
[2022-07-05 04:57:59,034] {standard_task_runner.py:52} INFO - Started process 727 to run task
[2022-07-05 04:57:59,079] {standard_task_runner.py:79} INFO - Running: ['***', 'tasks', 'run', 'parallel_dag', 'transform', 'scheduled__2022-01-12T00:00:00+00:00', '--job-id', '93', '--raw', '--subdir', 'DAGS_FOLDER/parallel_dag.py', '--cfg-path', '/tmp/tmpyojdc2kp', '--error-file', '/tmp/tmpiz5jl80n']
[2022-07-05 04:57:59,201] {standard_task_runner.py:80} INFO - Job 93: Subtask transform
[2022-07-05 04:58:01,312] {task_command.py:370} INFO - Running <TaskInstance: parallel_dag.transform scheduled__2022-01-12T00:00:00+00:00 [running]> on host dfb99dfc9d64
[2022-07-05 04:58:04,589] {taskinstance.py:1571} INFO - Exporting the following env vars:
AIRFLOW_CTX_DAG_OWNER=***
AIRFLOW_CTX_DAG_ID=parallel_dag
AIRFLOW_CTX_TASK_ID=transform
AIRFLOW_CTX_EXECUTION_DATE=2022-01-12T00:00:00+00:00
AIRFLOW_CTX_TRY_NUMBER=1
AIRFLOW_CTX_DAG_RUN_ID=scheduled__2022-01-12T00:00:00+00:00
[2022-07-05 04:58:04,602] {subprocess.py:62} INFO - Tmp dir root location: 
 /tmp
[2022-07-05 04:58:04,626] {subprocess.py:74} INFO - Running command: ['bash', '-c', 'sleep 1']
[2022-07-05 04:58:04,775] {subprocess.py:85} INFO - Output:
[2022-07-05 04:58:05,880] {subprocess.py:96} INFO - Command exited with return code 0
[2022-07-05 04:58:06,319] {taskinstance.py:1400} INFO - Marking task as SUCCESS. dag_id=parallel_dag, task_id=transform, execution_date=20220112T000000, start_date=20220705T045758, end_date=20220705T045806
[2022-07-05 04:58:06,675] {local_task_job.py:156} INFO - Task exited with return code 0
[2022-07-05 04:58:07,078] {local_task_job.py:273} INFO - 0 downstream tasks scheduled from follow-on schedule check
