[2022-07-31 04:35:34,146] {processor.py:153} INFO - Started process (PID=56) to work on /opt/airflow/dags/first_dag/first_dag_v3.py
[2022-07-31 04:35:34,151] {processor.py:641} INFO - Processing file /opt/airflow/dags/first_dag/first_dag_v3.py for tasks to queue
[2022-07-31 04:35:34,153] {logging_mixin.py:115} INFO - [2022-07-31 04:35:34,153] {dagbag.py:507} INFO - Filling up the DagBag from /opt/airflow/dags/first_dag/first_dag_v3.py
[2022-07-31 04:35:36,751] {processor.py:651} INFO - DAG(s) dict_keys(['first_dag_v3']) retrieved from /opt/airflow/dags/first_dag/first_dag_v3.py
[2022-07-31 04:35:36,976] {logging_mixin.py:115} INFO - [2022-07-31 04:35:36,976] {dag.py:2379} INFO - Sync 1 DAGs
[2022-07-31 04:35:37,261] {logging_mixin.py:115} INFO - [2022-07-31 04:35:37,261] {dag.py:2931} INFO - Setting next_dagrun for first_dag_v3 to 2022-07-30T00:00:00+00:00, run_after=2022-07-31T00:00:00+00:00
[2022-07-31 04:35:37,402] {processor.py:161} INFO - Processing /opt/airflow/dags/first_dag/first_dag_v3.py took 3.260 seconds
[2022-07-31 04:36:07,762] {processor.py:153} INFO - Started process (PID=131) to work on /opt/airflow/dags/first_dag/first_dag_v3.py
[2022-07-31 04:36:07,763] {processor.py:641} INFO - Processing file /opt/airflow/dags/first_dag/first_dag_v3.py for tasks to queue
[2022-07-31 04:36:07,763] {logging_mixin.py:115} INFO - [2022-07-31 04:36:07,763] {dagbag.py:507} INFO - Filling up the DagBag from /opt/airflow/dags/first_dag/first_dag_v3.py
[2022-07-31 04:36:08,151] {processor.py:651} INFO - DAG(s) dict_keys(['first_dag_v3']) retrieved from /opt/airflow/dags/first_dag/first_dag_v3.py
[2022-07-31 04:36:08,181] {logging_mixin.py:115} INFO - [2022-07-31 04:36:08,180] {dag.py:2379} INFO - Sync 1 DAGs
[2022-07-31 04:36:08,203] {logging_mixin.py:115} INFO - [2022-07-31 04:36:08,203] {dag.py:2931} INFO - Setting next_dagrun for first_dag_v3 to 2022-07-30T00:00:00+00:00, run_after=2022-07-31T00:00:00+00:00
[2022-07-31 04:36:08,215] {processor.py:161} INFO - Processing /opt/airflow/dags/first_dag/first_dag_v3.py took 0.456 seconds
[2022-07-31 04:36:38,621] {processor.py:153} INFO - Started process (PID=206) to work on /opt/airflow/dags/first_dag/first_dag_v3.py
[2022-07-31 04:36:38,622] {processor.py:641} INFO - Processing file /opt/airflow/dags/first_dag/first_dag_v3.py for tasks to queue
[2022-07-31 04:36:38,623] {logging_mixin.py:115} INFO - [2022-07-31 04:36:38,622] {dagbag.py:507} INFO - Filling up the DagBag from /opt/airflow/dags/first_dag/first_dag_v3.py
[2022-07-31 04:36:39,861] {processor.py:651} INFO - DAG(s) dict_keys(['first_dag_v3']) retrieved from /opt/airflow/dags/first_dag/first_dag_v3.py
[2022-07-31 04:36:39,932] {logging_mixin.py:115} INFO - [2022-07-31 04:36:39,930] {dag.py:2379} INFO - Sync 1 DAGs
[2022-07-31 04:36:39,970] {logging_mixin.py:115} INFO - [2022-07-31 04:36:39,969] {dag.py:2931} INFO - Setting next_dagrun for first_dag_v3 to 2022-07-30T00:00:00+00:00, run_after=2022-07-31T00:00:00+00:00
[2022-07-31 04:36:39,986] {processor.py:161} INFO - Processing /opt/airflow/dags/first_dag/first_dag_v3.py took 1.369 seconds
[2022-07-31 04:37:10,112] {processor.py:153} INFO - Started process (PID=290) to work on /opt/airflow/dags/first_dag/first_dag_v3.py
[2022-07-31 04:37:10,117] {processor.py:641} INFO - Processing file /opt/airflow/dags/first_dag/first_dag_v3.py for tasks to queue
[2022-07-31 04:37:10,118] {logging_mixin.py:115} INFO - [2022-07-31 04:37:10,118] {dagbag.py:507} INFO - Filling up the DagBag from /opt/airflow/dags/first_dag/first_dag_v3.py
[2022-07-31 04:37:10,710] {processor.py:651} INFO - DAG(s) dict_keys(['first_dag_v3']) retrieved from /opt/airflow/dags/first_dag/first_dag_v3.py
[2022-07-31 04:37:10,754] {logging_mixin.py:115} INFO - [2022-07-31 04:37:10,753] {dag.py:2379} INFO - Sync 1 DAGs
[2022-07-31 04:37:10,786] {logging_mixin.py:115} INFO - [2022-07-31 04:37:10,785] {dag.py:2931} INFO - Setting next_dagrun for first_dag_v3 to 2022-07-30T00:00:00+00:00, run_after=2022-07-31T00:00:00+00:00
[2022-07-31 04:37:10,803] {processor.py:161} INFO - Processing /opt/airflow/dags/first_dag/first_dag_v3.py took 0.695 seconds
[2022-07-31 04:37:41,242] {processor.py:153} INFO - Started process (PID=363) to work on /opt/airflow/dags/first_dag/first_dag_v3.py
[2022-07-31 04:37:41,243] {processor.py:641} INFO - Processing file /opt/airflow/dags/first_dag/first_dag_v3.py for tasks to queue
[2022-07-31 04:37:41,244] {logging_mixin.py:115} INFO - [2022-07-31 04:37:41,244] {dagbag.py:507} INFO - Filling up the DagBag from /opt/airflow/dags/first_dag/first_dag_v3.py
[2022-07-31 04:37:41,756] {processor.py:651} INFO - DAG(s) dict_keys(['first_dag_v3']) retrieved from /opt/airflow/dags/first_dag/first_dag_v3.py
[2022-07-31 04:37:41,842] {logging_mixin.py:115} INFO - [2022-07-31 04:37:41,842] {dag.py:2379} INFO - Sync 1 DAGs
[2022-07-31 04:37:41,888] {logging_mixin.py:115} INFO - [2022-07-31 04:37:41,888] {dag.py:2931} INFO - Setting next_dagrun for first_dag_v3 to 2022-07-30T00:00:00+00:00, run_after=2022-07-31T00:00:00+00:00
[2022-07-31 04:37:41,905] {processor.py:161} INFO - Processing /opt/airflow/dags/first_dag/first_dag_v3.py took 0.667 seconds
[2022-07-31 04:38:12,516] {processor.py:153} INFO - Started process (PID=442) to work on /opt/airflow/dags/first_dag/first_dag_v3.py
[2022-07-31 04:38:12,521] {processor.py:641} INFO - Processing file /opt/airflow/dags/first_dag/first_dag_v3.py for tasks to queue
[2022-07-31 04:38:12,522] {logging_mixin.py:115} INFO - [2022-07-31 04:38:12,522] {dagbag.py:507} INFO - Filling up the DagBag from /opt/airflow/dags/first_dag/first_dag_v3.py
[2022-07-31 04:38:13,409] {processor.py:651} INFO - DAG(s) dict_keys(['first_dag_v3']) retrieved from /opt/airflow/dags/first_dag/first_dag_v3.py
[2022-07-31 04:38:13,451] {logging_mixin.py:115} INFO - [2022-07-31 04:38:13,450] {dag.py:2379} INFO - Sync 1 DAGs
[2022-07-31 04:38:13,488] {logging_mixin.py:115} INFO - [2022-07-31 04:38:13,488] {dag.py:2931} INFO - Setting next_dagrun for first_dag_v3 to 2022-07-30T00:00:00+00:00, run_after=2022-07-31T00:00:00+00:00
[2022-07-31 04:38:13,503] {processor.py:161} INFO - Processing /opt/airflow/dags/first_dag/first_dag_v3.py took 0.995 seconds
[2022-07-31 04:38:44,030] {processor.py:153} INFO - Started process (PID=518) to work on /opt/airflow/dags/first_dag/first_dag_v3.py
[2022-07-31 04:38:44,033] {processor.py:641} INFO - Processing file /opt/airflow/dags/first_dag/first_dag_v3.py for tasks to queue
[2022-07-31 04:38:44,034] {logging_mixin.py:115} INFO - [2022-07-31 04:38:44,033] {dagbag.py:507} INFO - Filling up the DagBag from /opt/airflow/dags/first_dag/first_dag_v3.py
[2022-07-31 04:38:44,859] {processor.py:651} INFO - DAG(s) dict_keys(['first_dag_v3']) retrieved from /opt/airflow/dags/first_dag/first_dag_v3.py
[2022-07-31 04:38:44,927] {logging_mixin.py:115} INFO - [2022-07-31 04:38:44,927] {dag.py:2379} INFO - Sync 1 DAGs
[2022-07-31 04:38:44,962] {logging_mixin.py:115} INFO - [2022-07-31 04:38:44,962] {dag.py:2931} INFO - Setting next_dagrun for first_dag_v3 to 2022-07-30T00:00:00+00:00, run_after=2022-07-31T00:00:00+00:00
[2022-07-31 04:38:44,977] {processor.py:161} INFO - Processing /opt/airflow/dags/first_dag/first_dag_v3.py took 0.981 seconds
[2022-07-31 04:39:15,557] {processor.py:153} INFO - Started process (PID=600) to work on /opt/airflow/dags/first_dag/first_dag_v3.py
[2022-07-31 04:39:15,562] {processor.py:641} INFO - Processing file /opt/airflow/dags/first_dag/first_dag_v3.py for tasks to queue
[2022-07-31 04:39:15,567] {logging_mixin.py:115} INFO - [2022-07-31 04:39:15,567] {dagbag.py:507} INFO - Filling up the DagBag from /opt/airflow/dags/first_dag/first_dag_v3.py
[2022-07-31 04:39:16,379] {processor.py:651} INFO - DAG(s) dict_keys(['first_dag_v3']) retrieved from /opt/airflow/dags/first_dag/first_dag_v3.py
[2022-07-31 04:39:16,410] {logging_mixin.py:115} INFO - [2022-07-31 04:39:16,410] {dag.py:2379} INFO - Sync 1 DAGs
[2022-07-31 04:39:16,432] {logging_mixin.py:115} INFO - [2022-07-31 04:39:16,432] {dag.py:2931} INFO - Setting next_dagrun for first_dag_v3 to 2022-07-30T00:00:00+00:00, run_after=2022-07-31T00:00:00+00:00
[2022-07-31 04:39:16,444] {processor.py:161} INFO - Processing /opt/airflow/dags/first_dag/first_dag_v3.py took 0.891 seconds
[2022-07-31 04:39:47,021] {processor.py:153} INFO - Started process (PID=673) to work on /opt/airflow/dags/first_dag/first_dag_v3.py
[2022-07-31 04:39:47,023] {processor.py:641} INFO - Processing file /opt/airflow/dags/first_dag/first_dag_v3.py for tasks to queue
[2022-07-31 04:39:47,023] {logging_mixin.py:115} INFO - [2022-07-31 04:39:47,023] {dagbag.py:507} INFO - Filling up the DagBag from /opt/airflow/dags/first_dag/first_dag_v3.py
[2022-07-31 04:39:47,420] {processor.py:651} INFO - DAG(s) dict_keys(['first_dag_v3']) retrieved from /opt/airflow/dags/first_dag/first_dag_v3.py
[2022-07-31 04:39:47,454] {logging_mixin.py:115} INFO - [2022-07-31 04:39:47,453] {dag.py:2379} INFO - Sync 1 DAGs
[2022-07-31 04:39:47,476] {logging_mixin.py:115} INFO - [2022-07-31 04:39:47,476] {dag.py:2931} INFO - Setting next_dagrun for first_dag_v3 to 2022-07-30T00:00:00+00:00, run_after=2022-07-31T00:00:00+00:00
[2022-07-31 04:39:47,517] {processor.py:161} INFO - Processing /opt/airflow/dags/first_dag/first_dag_v3.py took 0.499 seconds
[2022-07-31 04:40:18,370] {processor.py:153} INFO - Started process (PID=745) to work on /opt/airflow/dags/first_dag/first_dag_v3.py
[2022-07-31 04:40:18,373] {processor.py:641} INFO - Processing file /opt/airflow/dags/first_dag/first_dag_v3.py for tasks to queue
[2022-07-31 04:40:18,375] {logging_mixin.py:115} INFO - [2022-07-31 04:40:18,375] {dagbag.py:507} INFO - Filling up the DagBag from /opt/airflow/dags/first_dag/first_dag_v3.py
[2022-07-31 04:40:18,974] {processor.py:651} INFO - DAG(s) dict_keys(['first_dag_v3']) retrieved from /opt/airflow/dags/first_dag/first_dag_v3.py
[2022-07-31 04:40:19,032] {logging_mixin.py:115} INFO - [2022-07-31 04:40:19,031] {dag.py:2379} INFO - Sync 1 DAGs
[2022-07-31 04:40:19,077] {logging_mixin.py:115} INFO - [2022-07-31 04:40:19,077] {dag.py:2931} INFO - Setting next_dagrun for first_dag_v3 to 2022-07-30T00:00:00+00:00, run_after=2022-07-31T00:00:00+00:00
[2022-07-31 04:40:19,106] {processor.py:161} INFO - Processing /opt/airflow/dags/first_dag/first_dag_v3.py took 0.740 seconds
[2022-07-31 04:40:49,929] {processor.py:153} INFO - Started process (PID=827) to work on /opt/airflow/dags/first_dag/first_dag_v3.py
[2022-07-31 04:40:49,930] {processor.py:641} INFO - Processing file /opt/airflow/dags/first_dag/first_dag_v3.py for tasks to queue
[2022-07-31 04:40:49,932] {logging_mixin.py:115} INFO - [2022-07-31 04:40:49,932] {dagbag.py:507} INFO - Filling up the DagBag from /opt/airflow/dags/first_dag/first_dag_v3.py
[2022-07-31 04:40:50,548] {processor.py:651} INFO - DAG(s) dict_keys(['first_dag_v3']) retrieved from /opt/airflow/dags/first_dag/first_dag_v3.py
[2022-07-31 04:40:50,579] {logging_mixin.py:115} INFO - [2022-07-31 04:40:50,578] {dag.py:2379} INFO - Sync 1 DAGs
[2022-07-31 04:40:50,600] {logging_mixin.py:115} INFO - [2022-07-31 04:40:50,600] {dag.py:2931} INFO - Setting next_dagrun for first_dag_v3 to 2022-07-30T00:00:00+00:00, run_after=2022-07-31T00:00:00+00:00
[2022-07-31 04:40:50,611] {processor.py:161} INFO - Processing /opt/airflow/dags/first_dag/first_dag_v3.py took 0.690 seconds
[2022-07-31 04:41:21,313] {processor.py:153} INFO - Started process (PID=902) to work on /opt/airflow/dags/first_dag/first_dag_v3.py
[2022-07-31 04:41:21,314] {processor.py:641} INFO - Processing file /opt/airflow/dags/first_dag/first_dag_v3.py for tasks to queue
[2022-07-31 04:41:21,315] {logging_mixin.py:115} INFO - [2022-07-31 04:41:21,315] {dagbag.py:507} INFO - Filling up the DagBag from /opt/airflow/dags/first_dag/first_dag_v3.py
[2022-07-31 04:41:21,760] {processor.py:651} INFO - DAG(s) dict_keys(['first_dag_v3']) retrieved from /opt/airflow/dags/first_dag/first_dag_v3.py
[2022-07-31 04:41:21,790] {logging_mixin.py:115} INFO - [2022-07-31 04:41:21,790] {dag.py:2379} INFO - Sync 1 DAGs
[2022-07-31 04:41:21,811] {logging_mixin.py:115} INFO - [2022-07-31 04:41:21,811] {dag.py:2931} INFO - Setting next_dagrun for first_dag_v3 to 2022-07-30T00:00:00+00:00, run_after=2022-07-31T00:00:00+00:00
[2022-07-31 04:41:21,823] {processor.py:161} INFO - Processing /opt/airflow/dags/first_dag/first_dag_v3.py took 0.514 seconds
[2022-07-31 04:41:52,661] {processor.py:153} INFO - Started process (PID=989) to work on /opt/airflow/dags/first_dag/first_dag_v3.py
[2022-07-31 04:41:52,663] {processor.py:641} INFO - Processing file /opt/airflow/dags/first_dag/first_dag_v3.py for tasks to queue
[2022-07-31 04:41:52,663] {logging_mixin.py:115} INFO - [2022-07-31 04:41:52,663] {dagbag.py:507} INFO - Filling up the DagBag from /opt/airflow/dags/first_dag/first_dag_v3.py
[2022-07-31 04:41:53,185] {processor.py:651} INFO - DAG(s) dict_keys(['first_dag_v3']) retrieved from /opt/airflow/dags/first_dag/first_dag_v3.py
[2022-07-31 04:41:53,233] {logging_mixin.py:115} INFO - [2022-07-31 04:41:53,233] {dag.py:2379} INFO - Sync 1 DAGs
[2022-07-31 04:41:53,267] {logging_mixin.py:115} INFO - [2022-07-31 04:41:53,267] {dag.py:2931} INFO - Setting next_dagrun for first_dag_v3 to 2022-07-30T00:00:00+00:00, run_after=2022-07-31T00:00:00+00:00
[2022-07-31 04:41:53,283] {processor.py:161} INFO - Processing /opt/airflow/dags/first_dag/first_dag_v3.py took 0.625 seconds
[2022-07-31 04:42:23,806] {processor.py:153} INFO - Started process (PID=1060) to work on /opt/airflow/dags/first_dag/first_dag_v3.py
[2022-07-31 04:42:23,809] {processor.py:641} INFO - Processing file /opt/airflow/dags/first_dag/first_dag_v3.py for tasks to queue
[2022-07-31 04:42:23,811] {logging_mixin.py:115} INFO - [2022-07-31 04:42:23,811] {dagbag.py:507} INFO - Filling up the DagBag from /opt/airflow/dags/first_dag/first_dag_v3.py
[2022-07-31 04:42:24,374] {processor.py:651} INFO - DAG(s) dict_keys(['first_dag_v3']) retrieved from /opt/airflow/dags/first_dag/first_dag_v3.py
[2022-07-31 04:42:24,421] {logging_mixin.py:115} INFO - [2022-07-31 04:42:24,420] {dag.py:2379} INFO - Sync 1 DAGs
[2022-07-31 04:42:24,454] {logging_mixin.py:115} INFO - [2022-07-31 04:42:24,453] {dag.py:2931} INFO - Setting next_dagrun for first_dag_v3 to 2022-07-30T00:00:00+00:00, run_after=2022-07-31T00:00:00+00:00
[2022-07-31 04:42:24,470] {processor.py:161} INFO - Processing /opt/airflow/dags/first_dag/first_dag_v3.py took 0.668 seconds
[2022-07-31 04:42:54,922] {processor.py:153} INFO - Started process (PID=1144) to work on /opt/airflow/dags/first_dag/first_dag_v3.py
[2022-07-31 04:42:54,923] {processor.py:641} INFO - Processing file /opt/airflow/dags/first_dag/first_dag_v3.py for tasks to queue
[2022-07-31 04:42:54,924] {logging_mixin.py:115} INFO - [2022-07-31 04:42:54,924] {dagbag.py:507} INFO - Filling up the DagBag from /opt/airflow/dags/first_dag/first_dag_v3.py
[2022-07-31 04:42:55,473] {processor.py:651} INFO - DAG(s) dict_keys(['first_dag_v3']) retrieved from /opt/airflow/dags/first_dag/first_dag_v3.py
[2022-07-31 04:42:55,504] {logging_mixin.py:115} INFO - [2022-07-31 04:42:55,503] {dag.py:2379} INFO - Sync 1 DAGs
[2022-07-31 04:42:55,525] {logging_mixin.py:115} INFO - [2022-07-31 04:42:55,525] {dag.py:2931} INFO - Setting next_dagrun for first_dag_v3 to 2022-07-30T00:00:00+00:00, run_after=2022-07-31T00:00:00+00:00
[2022-07-31 04:42:55,537] {processor.py:161} INFO - Processing /opt/airflow/dags/first_dag/first_dag_v3.py took 0.619 seconds
[2022-07-31 06:54:42,286] {processor.py:153} INFO - Started process (PID=57) to work on /opt/airflow/dags/first_dag/first_dag_v3.py
[2022-07-31 06:54:42,295] {processor.py:641} INFO - Processing file /opt/airflow/dags/first_dag/first_dag_v3.py for tasks to queue
[2022-07-31 06:54:42,296] {logging_mixin.py:115} INFO - [2022-07-31 06:54:42,296] {dagbag.py:507} INFO - Filling up the DagBag from /opt/airflow/dags/first_dag/first_dag_v3.py
[2022-07-31 06:54:49,557] {processor.py:651} INFO - DAG(s) dict_keys(['first_dag_v3']) retrieved from /opt/airflow/dags/first_dag/first_dag_v3.py
[2022-07-31 06:54:49,800] {logging_mixin.py:115} INFO - [2022-07-31 06:54:49,799] {dag.py:2379} INFO - Sync 1 DAGs
[2022-07-31 06:54:49,994] {logging_mixin.py:115} INFO - [2022-07-31 06:54:49,994] {dag.py:2931} INFO - Setting next_dagrun for first_dag_v3 to 2022-07-30T00:00:00+00:00, run_after=2022-07-31T00:00:00+00:00
[2022-07-31 06:54:50,135] {processor.py:161} INFO - Processing /opt/airflow/dags/first_dag/first_dag_v3.py took 7.865 seconds
[2022-07-31 06:55:20,942] {processor.py:153} INFO - Started process (PID=128) to work on /opt/airflow/dags/first_dag/first_dag_v3.py
[2022-07-31 06:55:20,957] {processor.py:641} INFO - Processing file /opt/airflow/dags/first_dag/first_dag_v3.py for tasks to queue
[2022-07-31 06:55:20,975] {logging_mixin.py:115} INFO - [2022-07-31 06:55:20,975] {dagbag.py:507} INFO - Filling up the DagBag from /opt/airflow/dags/first_dag/first_dag_v3.py
[2022-07-31 06:55:23,472] {processor.py:651} INFO - DAG(s) dict_keys(['first_dag_v3']) retrieved from /opt/airflow/dags/first_dag/first_dag_v3.py
[2022-07-31 06:55:23,724] {logging_mixin.py:115} INFO - [2022-07-31 06:55:23,724] {dag.py:2379} INFO - Sync 1 DAGs
[2022-07-31 06:55:23,774] {logging_mixin.py:115} INFO - [2022-07-31 06:55:23,774] {dag.py:2931} INFO - Setting next_dagrun for first_dag_v3 to 2022-07-30T00:00:00+00:00, run_after=2022-07-31T00:00:00+00:00
[2022-07-31 06:55:23,812] {processor.py:161} INFO - Processing /opt/airflow/dags/first_dag/first_dag_v3.py took 2.892 seconds
[2022-07-31 06:55:54,430] {processor.py:153} INFO - Started process (PID=205) to work on /opt/airflow/dags/first_dag/first_dag_v3.py
[2022-07-31 06:55:54,436] {processor.py:641} INFO - Processing file /opt/airflow/dags/first_dag/first_dag_v3.py for tasks to queue
[2022-07-31 06:55:54,436] {logging_mixin.py:115} INFO - [2022-07-31 06:55:54,436] {dagbag.py:507} INFO - Filling up the DagBag from /opt/airflow/dags/first_dag/first_dag_v3.py
[2022-07-31 06:55:55,653] {processor.py:651} INFO - DAG(s) dict_keys(['first_dag_v3']) retrieved from /opt/airflow/dags/first_dag/first_dag_v3.py
[2022-07-31 06:55:55,761] {logging_mixin.py:115} INFO - [2022-07-31 06:55:55,755] {dag.py:2379} INFO - Sync 1 DAGs
[2022-07-31 06:55:55,843] {logging_mixin.py:115} INFO - [2022-07-31 06:55:55,842] {dag.py:2931} INFO - Setting next_dagrun for first_dag_v3 to 2022-07-30T00:00:00+00:00, run_after=2022-07-31T00:00:00+00:00
[2022-07-31 06:55:55,890] {processor.py:161} INFO - Processing /opt/airflow/dags/first_dag/first_dag_v3.py took 1.480 seconds
[2022-07-31 06:56:25,958] {processor.py:153} INFO - Started process (PID=279) to work on /opt/airflow/dags/first_dag/first_dag_v3.py
[2022-07-31 06:56:25,959] {processor.py:641} INFO - Processing file /opt/airflow/dags/first_dag/first_dag_v3.py for tasks to queue
[2022-07-31 06:56:25,959] {logging_mixin.py:115} INFO - [2022-07-31 06:56:25,959] {dagbag.py:507} INFO - Filling up the DagBag from /opt/airflow/dags/first_dag/first_dag_v3.py
[2022-07-31 06:56:26,451] {processor.py:651} INFO - DAG(s) dict_keys(['first_dag_v3']) retrieved from /opt/airflow/dags/first_dag/first_dag_v3.py
[2022-07-31 06:56:26,481] {logging_mixin.py:115} INFO - [2022-07-31 06:56:26,480] {dag.py:2379} INFO - Sync 1 DAGs
[2022-07-31 06:56:26,502] {logging_mixin.py:115} INFO - [2022-07-31 06:56:26,502] {dag.py:2931} INFO - Setting next_dagrun for first_dag_v3 to 2022-07-30T00:00:00+00:00, run_after=2022-07-31T00:00:00+00:00
[2022-07-31 06:56:26,513] {processor.py:161} INFO - Processing /opt/airflow/dags/first_dag/first_dag_v3.py took 0.557 seconds
[2022-07-31 06:56:57,160] {processor.py:153} INFO - Started process (PID=361) to work on /opt/airflow/dags/first_dag/first_dag_v3.py
[2022-07-31 06:56:57,163] {processor.py:641} INFO - Processing file /opt/airflow/dags/first_dag/first_dag_v3.py for tasks to queue
[2022-07-31 06:56:57,168] {logging_mixin.py:115} INFO - [2022-07-31 06:56:57,167] {dagbag.py:507} INFO - Filling up the DagBag from /opt/airflow/dags/first_dag/first_dag_v3.py
[2022-07-31 06:56:58,468] {processor.py:651} INFO - DAG(s) dict_keys(['first_dag_v3']) retrieved from /opt/airflow/dags/first_dag/first_dag_v3.py
[2022-07-31 06:56:58,688] {logging_mixin.py:115} INFO - [2022-07-31 06:56:58,687] {dag.py:2379} INFO - Sync 1 DAGs
[2022-07-31 06:56:58,813] {logging_mixin.py:115} INFO - [2022-07-31 06:56:58,813] {dag.py:2931} INFO - Setting next_dagrun for first_dag_v3 to 2022-07-30T00:00:00+00:00, run_after=2022-07-31T00:00:00+00:00
[2022-07-31 06:56:58,858] {processor.py:161} INFO - Processing /opt/airflow/dags/first_dag/first_dag_v3.py took 1.706 seconds
[2022-07-31 06:57:29,286] {processor.py:153} INFO - Started process (PID=442) to work on /opt/airflow/dags/first_dag/first_dag_v3.py
[2022-07-31 06:57:29,286] {processor.py:641} INFO - Processing file /opt/airflow/dags/first_dag/first_dag_v3.py for tasks to queue
[2022-07-31 06:57:29,313] {logging_mixin.py:115} INFO - [2022-07-31 06:57:29,313] {dagbag.py:507} INFO - Filling up the DagBag from /opt/airflow/dags/first_dag/first_dag_v3.py
[2022-07-31 06:57:30,605] {processor.py:651} INFO - DAG(s) dict_keys(['first_dag_v3']) retrieved from /opt/airflow/dags/first_dag/first_dag_v3.py
[2022-07-31 06:57:30,697] {logging_mixin.py:115} INFO - [2022-07-31 06:57:30,696] {dag.py:2379} INFO - Sync 1 DAGs
[2022-07-31 06:57:30,756] {logging_mixin.py:115} INFO - [2022-07-31 06:57:30,756] {dag.py:2931} INFO - Setting next_dagrun for first_dag_v3 to 2022-07-30T00:00:00+00:00, run_after=2022-07-31T00:00:00+00:00
[2022-07-31 06:57:30,790] {processor.py:161} INFO - Processing /opt/airflow/dags/first_dag/first_dag_v3.py took 1.509 seconds
[2022-07-31 06:58:01,552] {processor.py:153} INFO - Started process (PID=517) to work on /opt/airflow/dags/first_dag/first_dag_v3.py
[2022-07-31 06:58:01,558] {processor.py:641} INFO - Processing file /opt/airflow/dags/first_dag/first_dag_v3.py for tasks to queue
[2022-07-31 06:58:01,560] {logging_mixin.py:115} INFO - [2022-07-31 06:58:01,560] {dagbag.py:507} INFO - Filling up the DagBag from /opt/airflow/dags/first_dag/first_dag_v3.py
[2022-07-31 06:58:02,163] {processor.py:651} INFO - DAG(s) dict_keys(['first_dag_v3']) retrieved from /opt/airflow/dags/first_dag/first_dag_v3.py
[2022-07-31 06:58:02,195] {logging_mixin.py:115} INFO - [2022-07-31 06:58:02,194] {dag.py:2379} INFO - Sync 1 DAGs
[2022-07-31 06:58:02,215] {logging_mixin.py:115} INFO - [2022-07-31 06:58:02,215] {dag.py:2931} INFO - Setting next_dagrun for first_dag_v3 to 2022-07-30T00:00:00+00:00, run_after=2022-07-31T00:00:00+00:00
[2022-07-31 06:58:02,229] {processor.py:161} INFO - Processing /opt/airflow/dags/first_dag/first_dag_v3.py took 0.685 seconds
[2022-07-31 06:58:32,494] {processor.py:153} INFO - Started process (PID=591) to work on /opt/airflow/dags/first_dag/first_dag_v3.py
[2022-07-31 06:58:32,501] {processor.py:641} INFO - Processing file /opt/airflow/dags/first_dag/first_dag_v3.py for tasks to queue
[2022-07-31 06:58:32,502] {logging_mixin.py:115} INFO - [2022-07-31 06:58:32,502] {dagbag.py:507} INFO - Filling up the DagBag from /opt/airflow/dags/first_dag/first_dag_v3.py
[2022-07-31 06:58:34,236] {processor.py:651} INFO - DAG(s) dict_keys(['first_dag_v3']) retrieved from /opt/airflow/dags/first_dag/first_dag_v3.py
[2022-07-31 06:58:34,326] {logging_mixin.py:115} INFO - [2022-07-31 06:58:34,325] {dag.py:2379} INFO - Sync 1 DAGs
[2022-07-31 06:58:34,357] {logging_mixin.py:115} INFO - [2022-07-31 06:58:34,357] {dag.py:2931} INFO - Setting next_dagrun for first_dag_v3 to 2022-07-30T00:00:00+00:00, run_after=2022-07-31T00:00:00+00:00
[2022-07-31 06:58:34,372] {processor.py:161} INFO - Processing /opt/airflow/dags/first_dag/first_dag_v3.py took 1.886 seconds
[2022-07-31 06:59:04,625] {processor.py:153} INFO - Started process (PID=677) to work on /opt/airflow/dags/first_dag/first_dag_v3.py
[2022-07-31 06:59:04,626] {processor.py:641} INFO - Processing file /opt/airflow/dags/first_dag/first_dag_v3.py for tasks to queue
[2022-07-31 06:59:04,626] {logging_mixin.py:115} INFO - [2022-07-31 06:59:04,626] {dagbag.py:507} INFO - Filling up the DagBag from /opt/airflow/dags/first_dag/first_dag_v3.py
[2022-07-31 06:59:05,235] {processor.py:651} INFO - DAG(s) dict_keys(['first_dag_v3']) retrieved from /opt/airflow/dags/first_dag/first_dag_v3.py
[2022-07-31 06:59:05,291] {logging_mixin.py:115} INFO - [2022-07-31 06:59:05,291] {dag.py:2379} INFO - Sync 1 DAGs
[2022-07-31 06:59:05,323] {logging_mixin.py:115} INFO - [2022-07-31 06:59:05,322] {dag.py:2931} INFO - Setting next_dagrun for first_dag_v3 to 2022-07-30T00:00:00+00:00, run_after=2022-07-31T00:00:00+00:00
[2022-07-31 06:59:05,345] {processor.py:161} INFO - Processing /opt/airflow/dags/first_dag/first_dag_v3.py took 0.733 seconds
[2022-07-31 06:59:35,747] {processor.py:153} INFO - Started process (PID=749) to work on /opt/airflow/dags/first_dag/first_dag_v3.py
[2022-07-31 06:59:35,748] {processor.py:641} INFO - Processing file /opt/airflow/dags/first_dag/first_dag_v3.py for tasks to queue
[2022-07-31 06:59:35,749] {logging_mixin.py:115} INFO - [2022-07-31 06:59:35,748] {dagbag.py:507} INFO - Filling up the DagBag from /opt/airflow/dags/first_dag/first_dag_v3.py
[2022-07-31 06:59:36,517] {processor.py:651} INFO - DAG(s) dict_keys(['first_dag_v3']) retrieved from /opt/airflow/dags/first_dag/first_dag_v3.py
[2022-07-31 06:59:36,577] {logging_mixin.py:115} INFO - [2022-07-31 06:59:36,577] {dag.py:2379} INFO - Sync 1 DAGs
[2022-07-31 06:59:36,629] {logging_mixin.py:115} INFO - [2022-07-31 06:59:36,629] {dag.py:2931} INFO - Setting next_dagrun for first_dag_v3 to 2022-07-30T00:00:00+00:00, run_after=2022-07-31T00:00:00+00:00
[2022-07-31 06:59:36,676] {processor.py:161} INFO - Processing /opt/airflow/dags/first_dag/first_dag_v3.py took 0.943 seconds
[2022-07-31 07:00:06,875] {processor.py:153} INFO - Started process (PID=836) to work on /opt/airflow/dags/first_dag/first_dag_v3.py
[2022-07-31 07:00:06,877] {processor.py:641} INFO - Processing file /opt/airflow/dags/first_dag/first_dag_v3.py for tasks to queue
[2022-07-31 07:00:06,878] {logging_mixin.py:115} INFO - [2022-07-31 07:00:06,878] {dagbag.py:507} INFO - Filling up the DagBag from /opt/airflow/dags/first_dag/first_dag_v3.py
[2022-07-31 07:00:07,412] {processor.py:651} INFO - DAG(s) dict_keys(['first_dag_v3']) retrieved from /opt/airflow/dags/first_dag/first_dag_v3.py
[2022-07-31 07:00:07,441] {logging_mixin.py:115} INFO - [2022-07-31 07:00:07,441] {dag.py:2379} INFO - Sync 1 DAGs
[2022-07-31 07:00:07,462] {logging_mixin.py:115} INFO - [2022-07-31 07:00:07,462] {dag.py:2931} INFO - Setting next_dagrun for first_dag_v3 to 2022-07-30T00:00:00+00:00, run_after=2022-07-31T00:00:00+00:00
[2022-07-31 07:00:07,472] {processor.py:161} INFO - Processing /opt/airflow/dags/first_dag/first_dag_v3.py took 0.602 seconds
[2022-07-31 07:00:37,794] {processor.py:153} INFO - Started process (PID=908) to work on /opt/airflow/dags/first_dag/first_dag_v3.py
[2022-07-31 07:00:37,796] {processor.py:641} INFO - Processing file /opt/airflow/dags/first_dag/first_dag_v3.py for tasks to queue
[2022-07-31 07:00:37,797] {logging_mixin.py:115} INFO - [2022-07-31 07:00:37,797] {dagbag.py:507} INFO - Filling up the DagBag from /opt/airflow/dags/first_dag/first_dag_v3.py
[2022-07-31 07:00:39,119] {processor.py:651} INFO - DAG(s) dict_keys(['first_dag_v3']) retrieved from /opt/airflow/dags/first_dag/first_dag_v3.py
[2022-07-31 07:00:39,228] {logging_mixin.py:115} INFO - [2022-07-31 07:00:39,227] {dag.py:2379} INFO - Sync 1 DAGs
[2022-07-31 07:00:39,286] {logging_mixin.py:115} INFO - [2022-07-31 07:00:39,286] {dag.py:2931} INFO - Setting next_dagrun for first_dag_v3 to 2022-07-30T00:00:00+00:00, run_after=2022-07-31T00:00:00+00:00
[2022-07-31 07:00:39,318] {processor.py:161} INFO - Processing /opt/airflow/dags/first_dag/first_dag_v3.py took 1.531 seconds
[2022-07-31 07:01:09,394] {processor.py:153} INFO - Started process (PID=987) to work on /opt/airflow/dags/first_dag/first_dag_v3.py
[2022-07-31 07:01:09,421] {processor.py:641} INFO - Processing file /opt/airflow/dags/first_dag/first_dag_v3.py for tasks to queue
[2022-07-31 07:01:09,427] {logging_mixin.py:115} INFO - [2022-07-31 07:01:09,426] {dagbag.py:507} INFO - Filling up the DagBag from /opt/airflow/dags/first_dag/first_dag_v3.py
[2022-07-31 07:01:10,523] {processor.py:651} INFO - DAG(s) dict_keys(['first_dag_v3']) retrieved from /opt/airflow/dags/first_dag/first_dag_v3.py
[2022-07-31 07:01:10,569] {logging_mixin.py:115} INFO - [2022-07-31 07:01:10,568] {dag.py:2379} INFO - Sync 1 DAGs
[2022-07-31 07:01:10,601] {logging_mixin.py:115} INFO - [2022-07-31 07:01:10,601] {dag.py:2931} INFO - Setting next_dagrun for first_dag_v3 to 2022-07-30T00:00:00+00:00, run_after=2022-07-31T00:00:00+00:00
[2022-07-31 07:01:10,615] {processor.py:161} INFO - Processing /opt/airflow/dags/first_dag/first_dag_v3.py took 1.225 seconds
[2022-07-31 07:01:40,683] {processor.py:153} INFO - Started process (PID=1063) to work on /opt/airflow/dags/first_dag/first_dag_v3.py
[2022-07-31 07:01:40,684] {processor.py:641} INFO - Processing file /opt/airflow/dags/first_dag/first_dag_v3.py for tasks to queue
[2022-07-31 07:01:40,684] {logging_mixin.py:115} INFO - [2022-07-31 07:01:40,684] {dagbag.py:507} INFO - Filling up the DagBag from /opt/airflow/dags/first_dag/first_dag_v3.py
[2022-07-31 07:01:41,219] {processor.py:651} INFO - DAG(s) dict_keys(['first_dag_v3']) retrieved from /opt/airflow/dags/first_dag/first_dag_v3.py
[2022-07-31 07:01:41,249] {logging_mixin.py:115} INFO - [2022-07-31 07:01:41,248] {dag.py:2379} INFO - Sync 1 DAGs
[2022-07-31 07:01:41,270] {logging_mixin.py:115} INFO - [2022-07-31 07:01:41,270] {dag.py:2931} INFO - Setting next_dagrun for first_dag_v3 to 2022-07-30T00:00:00+00:00, run_after=2022-07-31T00:00:00+00:00
[2022-07-31 07:01:41,283] {processor.py:161} INFO - Processing /opt/airflow/dags/first_dag/first_dag_v3.py took 0.603 seconds
[2022-07-31 07:02:11,357] {processor.py:153} INFO - Started process (PID=1137) to work on /opt/airflow/dags/first_dag/first_dag_v3.py
[2022-07-31 07:02:11,361] {processor.py:641} INFO - Processing file /opt/airflow/dags/first_dag/first_dag_v3.py for tasks to queue
[2022-07-31 07:02:11,362] {logging_mixin.py:115} INFO - [2022-07-31 07:02:11,362] {dagbag.py:507} INFO - Filling up the DagBag from /opt/airflow/dags/first_dag/first_dag_v3.py
[2022-07-31 07:02:11,892] {processor.py:651} INFO - DAG(s) dict_keys(['first_dag_v3']) retrieved from /opt/airflow/dags/first_dag/first_dag_v3.py
[2022-07-31 07:02:11,924] {logging_mixin.py:115} INFO - [2022-07-31 07:02:11,923] {dag.py:2379} INFO - Sync 1 DAGs
[2022-07-31 07:02:11,945] {logging_mixin.py:115} INFO - [2022-07-31 07:02:11,945] {dag.py:2931} INFO - Setting next_dagrun for first_dag_v3 to 2022-07-30T00:00:00+00:00, run_after=2022-07-31T00:00:00+00:00
[2022-07-31 07:02:11,956] {processor.py:161} INFO - Processing /opt/airflow/dags/first_dag/first_dag_v3.py took 0.622 seconds
[2022-07-31 07:02:42,093] {processor.py:153} INFO - Started process (PID=1207) to work on /opt/airflow/dags/first_dag/first_dag_v3.py
[2022-07-31 07:02:42,095] {processor.py:641} INFO - Processing file /opt/airflow/dags/first_dag/first_dag_v3.py for tasks to queue
[2022-07-31 07:02:42,096] {logging_mixin.py:115} INFO - [2022-07-31 07:02:42,095] {dagbag.py:507} INFO - Filling up the DagBag from /opt/airflow/dags/first_dag/first_dag_v3.py
[2022-07-31 07:02:43,204] {processor.py:651} INFO - DAG(s) dict_keys(['first_dag_v3']) retrieved from /opt/airflow/dags/first_dag/first_dag_v3.py
[2022-07-31 07:02:43,274] {logging_mixin.py:115} INFO - [2022-07-31 07:02:43,274] {dag.py:2379} INFO - Sync 1 DAGs
[2022-07-31 07:02:43,326] {logging_mixin.py:115} INFO - [2022-07-31 07:02:43,325] {dag.py:2931} INFO - Setting next_dagrun for first_dag_v3 to 2022-07-30T00:00:00+00:00, run_after=2022-07-31T00:00:00+00:00
[2022-07-31 07:02:43,350] {processor.py:161} INFO - Processing /opt/airflow/dags/first_dag/first_dag_v3.py took 1.265 seconds
