[2022-07-31 04:35:33,620] {processor.py:153} INFO - Started process (PID=55) to work on /opt/airflow/dags/first_dag/first_dag_v2.py
[2022-07-31 04:35:33,620] {processor.py:641} INFO - Processing file /opt/airflow/dags/first_dag/first_dag_v2.py for tasks to queue
[2022-07-31 04:35:33,631] {logging_mixin.py:115} INFO - [2022-07-31 04:35:33,630] {dagbag.py:507} INFO - Filling up the DagBag from /opt/airflow/dags/first_dag/first_dag_v2.py
[2022-07-31 04:35:33,719] {processor.py:651} INFO - DAG(s) dict_keys(['first_dag_v2']) retrieved from /opt/airflow/dags/first_dag/first_dag_v2.py
[2022-07-31 04:35:33,849] {logging_mixin.py:115} INFO - [2022-07-31 04:35:33,849] {dag.py:2379} INFO - Sync 1 DAGs
[2022-07-31 04:35:33,986] {logging_mixin.py:115} INFO - [2022-07-31 04:35:33,986] {dag.py:2931} INFO - Setting next_dagrun for first_dag_v2 to 2022-07-30T00:00:00+00:00, run_after=2022-07-31T00:00:00+00:00
[2022-07-31 04:35:34,063] {processor.py:161} INFO - Processing /opt/airflow/dags/first_dag/first_dag_v2.py took 0.452 seconds
[2022-07-31 04:36:04,867] {processor.py:153} INFO - Started process (PID=126) to work on /opt/airflow/dags/first_dag/first_dag_v2.py
[2022-07-31 04:36:04,868] {processor.py:641} INFO - Processing file /opt/airflow/dags/first_dag/first_dag_v2.py for tasks to queue
[2022-07-31 04:36:04,869] {logging_mixin.py:115} INFO - [2022-07-31 04:36:04,869] {dagbag.py:507} INFO - Filling up the DagBag from /opt/airflow/dags/first_dag/first_dag_v2.py
[2022-07-31 04:36:04,881] {processor.py:651} INFO - DAG(s) dict_keys(['first_dag_v2']) retrieved from /opt/airflow/dags/first_dag/first_dag_v2.py
[2022-07-31 04:36:04,917] {logging_mixin.py:115} INFO - [2022-07-31 04:36:04,917] {dag.py:2379} INFO - Sync 1 DAGs
[2022-07-31 04:36:04,942] {logging_mixin.py:115} INFO - [2022-07-31 04:36:04,942] {dag.py:2931} INFO - Setting next_dagrun for first_dag_v2 to 2022-07-30T00:00:00+00:00, run_after=2022-07-31T00:00:00+00:00
[2022-07-31 04:36:04,954] {processor.py:161} INFO - Processing /opt/airflow/dags/first_dag/first_dag_v2.py took 0.090 seconds
[2022-07-31 04:36:35,810] {processor.py:153} INFO - Started process (PID=201) to work on /opt/airflow/dags/first_dag/first_dag_v2.py
[2022-07-31 04:36:35,811] {processor.py:641} INFO - Processing file /opt/airflow/dags/first_dag/first_dag_v2.py for tasks to queue
[2022-07-31 04:36:35,812] {logging_mixin.py:115} INFO - [2022-07-31 04:36:35,812] {dagbag.py:507} INFO - Filling up the DagBag from /opt/airflow/dags/first_dag/first_dag_v2.py
[2022-07-31 04:36:35,826] {processor.py:651} INFO - DAG(s) dict_keys(['first_dag_v2']) retrieved from /opt/airflow/dags/first_dag/first_dag_v2.py
[2022-07-31 04:36:35,881] {logging_mixin.py:115} INFO - [2022-07-31 04:36:35,881] {dag.py:2379} INFO - Sync 1 DAGs
[2022-07-31 04:36:35,914] {logging_mixin.py:115} INFO - [2022-07-31 04:36:35,914] {dag.py:2931} INFO - Setting next_dagrun for first_dag_v2 to 2022-07-30T00:00:00+00:00, run_after=2022-07-31T00:00:00+00:00
[2022-07-31 04:36:35,928] {processor.py:161} INFO - Processing /opt/airflow/dags/first_dag/first_dag_v2.py took 0.122 seconds
[2022-07-31 04:37:06,524] {processor.py:153} INFO - Started process (PID=276) to work on /opt/airflow/dags/first_dag/first_dag_v2.py
[2022-07-31 04:37:06,527] {processor.py:641} INFO - Processing file /opt/airflow/dags/first_dag/first_dag_v2.py for tasks to queue
[2022-07-31 04:37:06,528] {logging_mixin.py:115} INFO - [2022-07-31 04:37:06,528] {dagbag.py:507} INFO - Filling up the DagBag from /opt/airflow/dags/first_dag/first_dag_v2.py
[2022-07-31 04:37:06,543] {processor.py:651} INFO - DAG(s) dict_keys(['first_dag_v2']) retrieved from /opt/airflow/dags/first_dag/first_dag_v2.py
[2022-07-31 04:37:06,593] {logging_mixin.py:115} INFO - [2022-07-31 04:37:06,592] {dag.py:2379} INFO - Sync 1 DAGs
[2022-07-31 04:37:06,627] {logging_mixin.py:115} INFO - [2022-07-31 04:37:06,627] {dag.py:2931} INFO - Setting next_dagrun for first_dag_v2 to 2022-07-30T00:00:00+00:00, run_after=2022-07-31T00:00:00+00:00
[2022-07-31 04:37:06,644] {processor.py:161} INFO - Processing /opt/airflow/dags/first_dag/first_dag_v2.py took 0.124 seconds
[2022-07-31 04:37:36,916] {processor.py:153} INFO - Started process (PID=356) to work on /opt/airflow/dags/first_dag/first_dag_v2.py
[2022-07-31 04:37:36,922] {processor.py:641} INFO - Processing file /opt/airflow/dags/first_dag/first_dag_v2.py for tasks to queue
[2022-07-31 04:37:36,928] {logging_mixin.py:115} INFO - [2022-07-31 04:37:36,928] {dagbag.py:507} INFO - Filling up the DagBag from /opt/airflow/dags/first_dag/first_dag_v2.py
[2022-07-31 04:37:36,983] {processor.py:651} INFO - DAG(s) dict_keys(['first_dag_v2']) retrieved from /opt/airflow/dags/first_dag/first_dag_v2.py
[2022-07-31 04:37:37,082] {logging_mixin.py:115} INFO - [2022-07-31 04:37:37,082] {dag.py:2379} INFO - Sync 1 DAGs
[2022-07-31 04:37:37,125] {logging_mixin.py:115} INFO - [2022-07-31 04:37:37,125] {dag.py:2931} INFO - Setting next_dagrun for first_dag_v2 to 2022-07-30T00:00:00+00:00, run_after=2022-07-31T00:00:00+00:00
[2022-07-31 04:37:37,141] {processor.py:161} INFO - Processing /opt/airflow/dags/first_dag/first_dag_v2.py took 0.231 seconds
[2022-07-31 04:38:08,170] {processor.py:153} INFO - Started process (PID=430) to work on /opt/airflow/dags/first_dag/first_dag_v2.py
[2022-07-31 04:38:08,171] {processor.py:641} INFO - Processing file /opt/airflow/dags/first_dag/first_dag_v2.py for tasks to queue
[2022-07-31 04:38:08,172] {logging_mixin.py:115} INFO - [2022-07-31 04:38:08,172] {dagbag.py:507} INFO - Filling up the DagBag from /opt/airflow/dags/first_dag/first_dag_v2.py
[2022-07-31 04:38:08,198] {processor.py:651} INFO - DAG(s) dict_keys(['first_dag_v2']) retrieved from /opt/airflow/dags/first_dag/first_dag_v2.py
[2022-07-31 04:38:08,334] {logging_mixin.py:115} INFO - [2022-07-31 04:38:08,334] {dag.py:2379} INFO - Sync 1 DAGs
[2022-07-31 04:38:08,401] {logging_mixin.py:115} INFO - [2022-07-31 04:38:08,400] {dag.py:2931} INFO - Setting next_dagrun for first_dag_v2 to 2022-07-30T00:00:00+00:00, run_after=2022-07-31T00:00:00+00:00
[2022-07-31 04:38:08,429] {processor.py:161} INFO - Processing /opt/airflow/dags/first_dag/first_dag_v2.py took 0.275 seconds
[2022-07-31 04:38:38,745] {processor.py:153} INFO - Started process (PID=508) to work on /opt/airflow/dags/first_dag/first_dag_v2.py
[2022-07-31 04:38:38,753] {processor.py:641} INFO - Processing file /opt/airflow/dags/first_dag/first_dag_v2.py for tasks to queue
[2022-07-31 04:38:38,754] {logging_mixin.py:115} INFO - [2022-07-31 04:38:38,754] {dagbag.py:507} INFO - Filling up the DagBag from /opt/airflow/dags/first_dag/first_dag_v2.py
[2022-07-31 04:38:38,775] {processor.py:651} INFO - DAG(s) dict_keys(['first_dag_v2']) retrieved from /opt/airflow/dags/first_dag/first_dag_v2.py
[2022-07-31 04:38:38,874] {logging_mixin.py:115} INFO - [2022-07-31 04:38:38,874] {dag.py:2379} INFO - Sync 1 DAGs
[2022-07-31 04:38:38,946] {logging_mixin.py:115} INFO - [2022-07-31 04:38:38,946] {dag.py:2931} INFO - Setting next_dagrun for first_dag_v2 to 2022-07-30T00:00:00+00:00, run_after=2022-07-31T00:00:00+00:00
[2022-07-31 04:38:38,978] {processor.py:161} INFO - Processing /opt/airflow/dags/first_dag/first_dag_v2.py took 0.239 seconds
[2022-07-31 04:39:09,280] {processor.py:153} INFO - Started process (PID=581) to work on /opt/airflow/dags/first_dag/first_dag_v2.py
[2022-07-31 04:39:09,286] {processor.py:641} INFO - Processing file /opt/airflow/dags/first_dag/first_dag_v2.py for tasks to queue
[2022-07-31 04:39:09,289] {logging_mixin.py:115} INFO - [2022-07-31 04:39:09,289] {dagbag.py:507} INFO - Filling up the DagBag from /opt/airflow/dags/first_dag/first_dag_v2.py
[2022-07-31 04:39:09,306] {processor.py:651} INFO - DAG(s) dict_keys(['first_dag_v2']) retrieved from /opt/airflow/dags/first_dag/first_dag_v2.py
[2022-07-31 04:39:09,390] {logging_mixin.py:115} INFO - [2022-07-31 04:39:09,390] {dag.py:2379} INFO - Sync 1 DAGs
[2022-07-31 04:39:09,429] {logging_mixin.py:115} INFO - [2022-07-31 04:39:09,429] {dag.py:2931} INFO - Setting next_dagrun for first_dag_v2 to 2022-07-30T00:00:00+00:00, run_after=2022-07-31T00:00:00+00:00
[2022-07-31 04:39:09,452] {processor.py:161} INFO - Processing /opt/airflow/dags/first_dag/first_dag_v2.py took 0.176 seconds
[2022-07-31 04:39:40,782] {processor.py:153} INFO - Started process (PID=658) to work on /opt/airflow/dags/first_dag/first_dag_v2.py
[2022-07-31 04:39:40,809] {processor.py:641} INFO - Processing file /opt/airflow/dags/first_dag/first_dag_v2.py for tasks to queue
[2022-07-31 04:39:40,811] {logging_mixin.py:115} INFO - [2022-07-31 04:39:40,811] {dagbag.py:507} INFO - Filling up the DagBag from /opt/airflow/dags/first_dag/first_dag_v2.py
[2022-07-31 04:39:40,948] {processor.py:651} INFO - DAG(s) dict_keys(['first_dag_v2']) retrieved from /opt/airflow/dags/first_dag/first_dag_v2.py
[2022-07-31 04:39:41,290] {logging_mixin.py:115} INFO - [2022-07-31 04:39:41,290] {dag.py:2379} INFO - Sync 1 DAGs
[2022-07-31 04:39:41,634] {logging_mixin.py:115} INFO - [2022-07-31 04:39:41,634] {dag.py:2931} INFO - Setting next_dagrun for first_dag_v2 to 2022-07-30T00:00:00+00:00, run_after=2022-07-31T00:00:00+00:00
[2022-07-31 04:39:41,692] {processor.py:161} INFO - Processing /opt/airflow/dags/first_dag/first_dag_v2.py took 0.938 seconds
[2022-07-31 04:40:12,482] {processor.py:153} INFO - Started process (PID=732) to work on /opt/airflow/dags/first_dag/first_dag_v2.py
[2022-07-31 04:40:12,490] {processor.py:641} INFO - Processing file /opt/airflow/dags/first_dag/first_dag_v2.py for tasks to queue
[2022-07-31 04:40:12,490] {logging_mixin.py:115} INFO - [2022-07-31 04:40:12,490] {dagbag.py:507} INFO - Filling up the DagBag from /opt/airflow/dags/first_dag/first_dag_v2.py
[2022-07-31 04:40:12,524] {processor.py:651} INFO - DAG(s) dict_keys(['first_dag_v2']) retrieved from /opt/airflow/dags/first_dag/first_dag_v2.py
[2022-07-31 04:40:12,613] {logging_mixin.py:115} INFO - [2022-07-31 04:40:12,612] {dag.py:2379} INFO - Sync 1 DAGs
[2022-07-31 04:40:12,650] {logging_mixin.py:115} INFO - [2022-07-31 04:40:12,650] {dag.py:2931} INFO - Setting next_dagrun for first_dag_v2 to 2022-07-30T00:00:00+00:00, run_after=2022-07-31T00:00:00+00:00
[2022-07-31 04:40:12,674] {processor.py:161} INFO - Processing /opt/airflow/dags/first_dag/first_dag_v2.py took 0.204 seconds
[2022-07-31 04:40:43,066] {processor.py:153} INFO - Started process (PID=804) to work on /opt/airflow/dags/first_dag/first_dag_v2.py
[2022-07-31 04:40:43,072] {processor.py:641} INFO - Processing file /opt/airflow/dags/first_dag/first_dag_v2.py for tasks to queue
[2022-07-31 04:40:43,076] {logging_mixin.py:115} INFO - [2022-07-31 04:40:43,076] {dagbag.py:507} INFO - Filling up the DagBag from /opt/airflow/dags/first_dag/first_dag_v2.py
[2022-07-31 04:40:43,108] {processor.py:651} INFO - DAG(s) dict_keys(['first_dag_v2']) retrieved from /opt/airflow/dags/first_dag/first_dag_v2.py
[2022-07-31 04:40:43,246] {logging_mixin.py:115} INFO - [2022-07-31 04:40:43,245] {dag.py:2379} INFO - Sync 1 DAGs
[2022-07-31 04:40:43,363] {logging_mixin.py:115} INFO - [2022-07-31 04:40:43,363] {dag.py:2931} INFO - Setting next_dagrun for first_dag_v2 to 2022-07-30T00:00:00+00:00, run_after=2022-07-31T00:00:00+00:00
[2022-07-31 04:40:43,410] {processor.py:161} INFO - Processing /opt/airflow/dags/first_dag/first_dag_v2.py took 0.348 seconds
[2022-07-31 04:41:13,555] {processor.py:153} INFO - Started process (PID=888) to work on /opt/airflow/dags/first_dag/first_dag_v2.py
[2022-07-31 04:41:13,558] {processor.py:641} INFO - Processing file /opt/airflow/dags/first_dag/first_dag_v2.py for tasks to queue
[2022-07-31 04:41:13,558] {logging_mixin.py:115} INFO - [2022-07-31 04:41:13,558] {dagbag.py:507} INFO - Filling up the DagBag from /opt/airflow/dags/first_dag/first_dag_v2.py
[2022-07-31 04:41:13,592] {processor.py:651} INFO - DAG(s) dict_keys(['first_dag_v2']) retrieved from /opt/airflow/dags/first_dag/first_dag_v2.py
[2022-07-31 04:41:13,693] {logging_mixin.py:115} INFO - [2022-07-31 04:41:13,693] {dag.py:2379} INFO - Sync 1 DAGs
[2022-07-31 04:41:13,728] {logging_mixin.py:115} INFO - [2022-07-31 04:41:13,728] {dag.py:2931} INFO - Setting next_dagrun for first_dag_v2 to 2022-07-30T00:00:00+00:00, run_after=2022-07-31T00:00:00+00:00
[2022-07-31 04:41:13,752] {processor.py:161} INFO - Processing /opt/airflow/dags/first_dag/first_dag_v2.py took 0.205 seconds
[2022-07-31 04:41:44,182] {processor.py:153} INFO - Started process (PID=963) to work on /opt/airflow/dags/first_dag/first_dag_v2.py
[2022-07-31 04:41:44,186] {processor.py:641} INFO - Processing file /opt/airflow/dags/first_dag/first_dag_v2.py for tasks to queue
[2022-07-31 04:41:44,187] {logging_mixin.py:115} INFO - [2022-07-31 04:41:44,187] {dagbag.py:507} INFO - Filling up the DagBag from /opt/airflow/dags/first_dag/first_dag_v2.py
[2022-07-31 04:41:44,221] {processor.py:651} INFO - DAG(s) dict_keys(['first_dag_v2']) retrieved from /opt/airflow/dags/first_dag/first_dag_v2.py
[2022-07-31 04:41:44,367] {logging_mixin.py:115} INFO - [2022-07-31 04:41:44,367] {dag.py:2379} INFO - Sync 1 DAGs
[2022-07-31 04:41:44,434] {logging_mixin.py:115} INFO - [2022-07-31 04:41:44,434] {dag.py:2931} INFO - Setting next_dagrun for first_dag_v2 to 2022-07-30T00:00:00+00:00, run_after=2022-07-31T00:00:00+00:00
[2022-07-31 04:41:44,475] {processor.py:161} INFO - Processing /opt/airflow/dags/first_dag/first_dag_v2.py took 0.298 seconds
[2022-07-31 04:42:14,688] {processor.py:153} INFO - Started process (PID=1044) to work on /opt/airflow/dags/first_dag/first_dag_v2.py
[2022-07-31 04:42:14,694] {processor.py:641} INFO - Processing file /opt/airflow/dags/first_dag/first_dag_v2.py for tasks to queue
[2022-07-31 04:42:14,694] {logging_mixin.py:115} INFO - [2022-07-31 04:42:14,694] {dagbag.py:507} INFO - Filling up the DagBag from /opt/airflow/dags/first_dag/first_dag_v2.py
[2022-07-31 04:42:14,721] {processor.py:651} INFO - DAG(s) dict_keys(['first_dag_v2']) retrieved from /opt/airflow/dags/first_dag/first_dag_v2.py
[2022-07-31 04:42:14,796] {logging_mixin.py:115} INFO - [2022-07-31 04:42:14,796] {dag.py:2379} INFO - Sync 1 DAGs
[2022-07-31 04:42:14,877] {logging_mixin.py:115} INFO - [2022-07-31 04:42:14,876] {dag.py:2931} INFO - Setting next_dagrun for first_dag_v2 to 2022-07-30T00:00:00+00:00, run_after=2022-07-31T00:00:00+00:00
[2022-07-31 04:42:14,909] {processor.py:161} INFO - Processing /opt/airflow/dags/first_dag/first_dag_v2.py took 0.228 seconds
[2022-07-31 04:42:45,481] {processor.py:153} INFO - Started process (PID=1117) to work on /opt/airflow/dags/first_dag/first_dag_v2.py
[2022-07-31 04:42:45,484] {processor.py:641} INFO - Processing file /opt/airflow/dags/first_dag/first_dag_v2.py for tasks to queue
[2022-07-31 04:42:45,486] {logging_mixin.py:115} INFO - [2022-07-31 04:42:45,485] {dagbag.py:507} INFO - Filling up the DagBag from /opt/airflow/dags/first_dag/first_dag_v2.py
[2022-07-31 04:42:45,513] {processor.py:651} INFO - DAG(s) dict_keys(['first_dag_v2']) retrieved from /opt/airflow/dags/first_dag/first_dag_v2.py
[2022-07-31 04:42:45,576] {logging_mixin.py:115} INFO - [2022-07-31 04:42:45,576] {dag.py:2379} INFO - Sync 1 DAGs
[2022-07-31 04:42:45,610] {logging_mixin.py:115} INFO - [2022-07-31 04:42:45,610] {dag.py:2931} INFO - Setting next_dagrun for first_dag_v2 to 2022-07-30T00:00:00+00:00, run_after=2022-07-31T00:00:00+00:00
[2022-07-31 04:42:45,629] {processor.py:161} INFO - Processing /opt/airflow/dags/first_dag/first_dag_v2.py took 0.152 seconds
