[2022-07-05 04:57:58,034] {taskinstance.py:1159} INFO - Dependencies all met for <TaskInstance: parallel_dag.transform scheduled__2022-01-05T00:00:00+00:00 [queued]>
[2022-07-05 04:57:58,333] {taskinstance.py:1159} INFO - Dependencies all met for <TaskInstance: parallel_dag.transform scheduled__2022-01-05T00:00:00+00:00 [queued]>
[2022-07-05 04:57:58,336] {taskinstance.py:1356} INFO - 
--------------------------------------------------------------------------------
[2022-07-05 04:57:58,338] {taskinstance.py:1357} INFO - Starting attempt 1 of 1
[2022-07-05 04:57:58,344] {taskinstance.py:1358} INFO - 
--------------------------------------------------------------------------------
[2022-07-05 04:57:58,969] {taskinstance.py:1377} INFO - Executing <Task(BashOperator): transform> on 2022-01-05 00:00:00+00:00
[2022-07-05 04:57:59,122] {standard_task_runner.py:52} INFO - Started process 728 to run task
[2022-07-05 04:57:59,249] {standard_task_runner.py:79} INFO - Running: ['***', 'tasks', 'run', 'parallel_dag', 'transform', 'scheduled__2022-01-05T00:00:00+00:00', '--job-id', '92', '--raw', '--subdir', 'DAGS_FOLDER/parallel_dag.py', '--cfg-path', '/tmp/tmp0kl5ih9i', '--error-file', '/tmp/tmp9uv2wwbw']
[2022-07-05 04:57:59,303] {standard_task_runner.py:80} INFO - Job 92: Subtask transform
[2022-07-05 04:58:01,280] {task_command.py:370} INFO - Running <TaskInstance: parallel_dag.transform scheduled__2022-01-05T00:00:00+00:00 [running]> on host dfb99dfc9d64
[2022-07-05 04:58:04,592] {taskinstance.py:1571} INFO - Exporting the following env vars:
AIRFLOW_CTX_DAG_OWNER=***
AIRFLOW_CTX_DAG_ID=parallel_dag
AIRFLOW_CTX_TASK_ID=transform
AIRFLOW_CTX_EXECUTION_DATE=2022-01-05T00:00:00+00:00
AIRFLOW_CTX_TRY_NUMBER=1
AIRFLOW_CTX_DAG_RUN_ID=scheduled__2022-01-05T00:00:00+00:00
[2022-07-05 04:58:04,600] {subprocess.py:62} INFO - Tmp dir root location: 
 /tmp
[2022-07-05 04:58:04,624] {subprocess.py:74} INFO - Running command: ['bash', '-c', 'sleep 1']
[2022-07-05 04:58:04,783] {subprocess.py:85} INFO - Output:
[2022-07-05 04:58:05,824] {subprocess.py:96} INFO - Command exited with return code 0
[2022-07-05 04:58:06,282] {taskinstance.py:1400} INFO - Marking task as SUCCESS. dag_id=parallel_dag, task_id=transform, execution_date=20220105T000000, start_date=20220705T045758, end_date=20220705T045806
[2022-07-05 04:58:06,561] {local_task_job.py:156} INFO - Task exited with return code 0
[2022-07-05 04:58:06,879] {local_task_job.py:273} INFO - 0 downstream tasks scheduled from follow-on schedule check
