[2022-07-05 04:56:36,471] {taskinstance.py:1159} INFO - Dependencies all met for <TaskInstance: parallel_dag.transform scheduled__2022-01-01T00:00:00+00:00 [queued]>
[2022-07-05 04:56:36,869] {taskinstance.py:1159} INFO - Dependencies all met for <TaskInstance: parallel_dag.transform scheduled__2022-01-01T00:00:00+00:00 [queued]>
[2022-07-05 04:56:36,883] {taskinstance.py:1356} INFO - 
--------------------------------------------------------------------------------
[2022-07-05 04:56:36,891] {taskinstance.py:1357} INFO - Starting attempt 1 of 1
[2022-07-05 04:56:36,896] {taskinstance.py:1358} INFO - 
--------------------------------------------------------------------------------
[2022-07-05 04:56:37,218] {taskinstance.py:1377} INFO - Executing <Task(BashOperator): transform> on 2022-01-01 00:00:00+00:00
[2022-07-05 04:56:37,268] {standard_task_runner.py:52} INFO - Started process 638 to run task
[2022-07-05 04:56:37,338] {standard_task_runner.py:79} INFO - Running: ['***', 'tasks', 'run', 'parallel_dag', 'transform', 'scheduled__2022-01-01T00:00:00+00:00', '--job-id', '82', '--raw', '--subdir', 'DAGS_FOLDER/parallel_dag.py', '--cfg-path', '/tmp/tmpfw62fpod', '--error-file', '/tmp/tmpv5u14h26']
[2022-07-05 04:56:37,339] {standard_task_runner.py:80} INFO - Job 82: Subtask transform
[2022-07-05 04:56:37,577] {task_command.py:370} INFO - Running <TaskInstance: parallel_dag.transform scheduled__2022-01-01T00:00:00+00:00 [running]> on host dfb99dfc9d64
[2022-07-05 04:56:37,965] {taskinstance.py:1571} INFO - Exporting the following env vars:
AIRFLOW_CTX_DAG_OWNER=***
AIRFLOW_CTX_DAG_ID=parallel_dag
AIRFLOW_CTX_TASK_ID=transform
AIRFLOW_CTX_EXECUTION_DATE=2022-01-01T00:00:00+00:00
AIRFLOW_CTX_TRY_NUMBER=1
AIRFLOW_CTX_DAG_RUN_ID=scheduled__2022-01-01T00:00:00+00:00
[2022-07-05 04:56:37,967] {subprocess.py:62} INFO - Tmp dir root location: 
 /tmp
[2022-07-05 04:56:37,970] {subprocess.py:74} INFO - Running command: ['bash', '-c', 'sleep 1']
[2022-07-05 04:56:38,069] {subprocess.py:85} INFO - Output:
[2022-07-05 04:56:39,107] {subprocess.py:96} INFO - Command exited with return code 0
[2022-07-05 04:56:39,317] {taskinstance.py:1400} INFO - Marking task as SUCCESS. dag_id=parallel_dag, task_id=transform, execution_date=20220101T000000, start_date=20220705T045636, end_date=20220705T045639
[2022-07-05 04:56:39,435] {local_task_job.py:156} INFO - Task exited with return code 0
[2022-07-05 04:56:39,561] {local_task_job.py:273} INFO - 0 downstream tasks scheduled from follow-on schedule check
[2022-07-05 04:56:39,618] {dagrun.py:562} INFO - Marking run <DagRun parallel_dag @ 2022-01-01 00:00:00+00:00: scheduled__2022-01-01T00:00:00+00:00, externally triggered: False> successful
[2022-07-05 04:56:39,620] {dagrun.py:622} INFO - DagRun Finished: dag_id=parallel_dag, execution_date=2022-01-01 00:00:00+00:00, run_id=scheduled__2022-01-01T00:00:00+00:00, run_start_date=2022-07-05 04:55:47.126412+00:00, run_end_date=2022-07-05 04:56:39.620880+00:00, run_duration=52.494468, state=success, external_trigger=False, run_type=scheduled, data_interval_start=2022-01-01 00:00:00+00:00, data_interval_end=2022-01-02 00:00:00+00:00, dag_hash=c9a9aa8a8211f3dd3f4a2885afbe3608
